[2025-05-20 17:54:35.629] [0;32mTMLUWB  :RX < :RECV                :62000048 C1B00100 01000000 00FA0000 00010000 05000001 00000000 01070900 006E0000 00640000 64000000 00000003 91000000 00000000 00000000 0E000000 00010300 01030000 00000000
[2025-05-20 17:54:35.629] [0m[0;34mAPP     :INFO :@@@ updateKeepAlive( ): User[1] 709 Keep alive = 79
[2025-05-20 17:54:35.629] [0m[0;34mAPP     :INFO :gCapSessionHandle!!!.
[2025-05-20 17:54:35.629] [0m[0;34mAPP     :INFO :@@@ gNumberOfUserinDTPCM = 2, pRangingData->no_of_measurements = 1,i=0
[2025-05-20 17:54:35.629] [0m[0;34mAPP     :INFO :Measure_NLOS = 0, Classification_NLOS =   0
[2025-05-20 17:54:35.629] [0m[0;34mAPP     :INFO :Conten_Distance_MasterAnchor_to_709=110
[2025-05-20 17:54:35.648] [0m[0;34mAPP     :INFO :Current User ( 709 ) status is : SystemStatus = 0 , DiscoverStatus = 4 , TransactionState = 4 , AuthenticationState = 9
[2025-05-20 17:54:35.649] [0mKF_predict(): Predicted value = 0, Measurement = 0
[2025-05-20 17:54:35.649] [0;34mAPP     :INFO :@@@ User Speed is :( 709 ) , 2 ,(cm/s)
[2025-05-20 17:54:35.649] [0m[0;34mAPP     :INFO :@ b = 110, c = 50, x = -48, y = 49
[2025-05-20 17:54:35.649] [0m[0;34mAPP     :INFO :@ a = 100, d = 100, m = 250, Gate = 100
[2025-05-20 17:54:35.649] [0m[0;34mAPP     :INFO :################################### into blue area...##################################################
[2025-05-20 17:54:35.649] [0m[0;34mAPP     :INFO :No User to r or w | SystemStatus = 0
[2025-05-20 17:54:35.650] [0m
[2025-05-20 17:54:35.878] [0;32mTMLUWB  :RX < :RECV                :62000048 C2B00100 01000000 00FA0000 00010000 05000001 00000000 01070900 006F0000 00640000 64000000 00000003 90000000 00000000 00000000 0E000000 00010300 01030000 00000000
[2025-05-20 17:54:35.878] [0m[0;34mAPP     :INFO :@@@ updateKeepAlive( ): User[1] 709 Keep alive = 79
[2025-05-20 17:54:35.879] [0m[0;34mAPP     :INFO :gCapSessionHandle!!!.
[2025-05-20 17:54:35.879] [0m[0;34mAPP     :INFO :@@@ gNumberOfUserinDTPCM = 2, pRangingData->no_of_measurements = 1,i=0
[2025-05-20 17:54:35.879] [0m[0;34mAPP     :INFO :Measure_NLOS = 0, Classification_NLOS =   0
[2025-05-20 17:54:35.879] [0m[0;34mAPP     :INFO :Conten_Distance_MasterAnchor_to_709=111
[2025-05-20 17:54:35.879] [0m[0;34mAPP     :INFO :Current User ( 709 ) status is : SystemStatus = 0 , DiscoverStatus = 4 , TransactionState = 4 , AuthenticationState = 9
[2025-05-20 17:54:35.879] [0mKF_predict(): Predicted value = 0, Measurement = 0
[2025-05-20 17:54:35.879] [0;34mAPP     :INFO :@@@ User Speed is :( 709 ) , 4 ,(cm/s)
[2025-05-20 17:54:35.879] [0m[0;34mAPP     :INFO :@ b = 111, c = 50, x = -49, y = 50
[2025-05-20 17:54:35.879] [0m[0;34mAPP     :INFO :@ a = 100, d = 100, m = 250, Gate = 100
[2025-05-20 17:54:35.879] [0m[0;34mAPP     :INFO :################################### into blue area...##################################################
[2025-05-20 17:54:35.879] [0m[0;34mAPP     :INFO :No User to r or w | SystemStatus = 0
[2025-05-20 17:54:35.879] [0m
[2025-05-20 17:54:36.132] [0;32mTMLUWB  :RX < :RECV                :62000048 C3B00100 01000000 00FA0000 00010000 05000001 00000000 01070900 006F0000 00640000 64000000 00000003 8F000000 00000000 00000000 0E000000 00010300 01030000 00000000
[2025-05-20 17:54:36.132] [0m[0;34mAPP     :INFO :@@@ updateKeepAlive( ): User[1] 709 Keep alive = 79
[2025-05-20 17:54:36.132] [0m[0;34mAPP     :INFO :gCapSessionHandle!!!.
[2025-05-20 17:54:36.132] [0m[0;34mAPP     :INFO :@@@ gNumberOfUserinDTPCM = 2, pRangingData->no_of_measurements = 1,i=0
[2025-05-20 17:54:36.133] [0m[0;34mAPP     :INFO :Measure_NLOS = 0, Classification_NLOS =   0
[2025-05-20 17:54:36.133] [0m[0;34mAPP     :INFO :Conten_Distance_MasterAnchor_to_709=111
[2025-05-20 17:54:36.133] [0m[0;34mAPP     :INFO :Current User ( 709 ) status is : SystemStatus = 0 , DiscoverStatus = 4 , TransactionState = 4 , AuthenticationState = 9
[2025-05-20 17:54:36.133] [0mKF_predict(): Predicted value = 0, Measurement = 0
[2025-05-20 17:54:36.133] [0;34mAPP     :INFO :@@@ User Speed is :( 709 ) , 3 ,(cm/s)
[2025-05-20 17:54:36.133] [0m[0;34mAPP     :INFO :@ b = 111, c = 50, x = -49, y = 50
[2025-05-20 17:54:36.133] [0m[0;34mAPP     :INFO :@ a = 100, d = 100, m = 250, Gate = 100
[2025-05-20 17:54:36.133] [0m[0;34mAPP     :INFO :################################### into blue area...##################################################
[2025-05-20 17:54:36.133] [0m[0;34mAPP     :INFO :No User to r or w | SystemStatus = 0
[2025-05-20 17:54:36.133] [0m
[2025-05-20 17:54:36.376] [0;32mTMLUWB  :RX < :RECV                :62000048 C4B00100 01000000 00FA0000 00010000 05000001 00000000 01070900 006E0000 00640000 64000000 00000003 92000000 00000000 00000000 0E000000 00010300 01030000 00000000
[2025-05-20 17:54:36.376] [0m[0;34mAPP     :INFO :@@@ updateKeepAlive( ): User[1] 709 Keep alive = 79
[2025-05-20 17:54:36.377] [0m[0;34mAPP     :INFO :gCapSessionHandle!!!.
[2025-05-20 17:54:36.377] [0m[0;34mAPP     :INFO :@@@ gNumberOfUserinDTPCM = 2, pRangingData->no_of_measurements = 1,i=0
[2025-05-20 17:54:36.377] [0m[0;34mAPP     :INFO :Measure_NLOS = 0, Classification_NLOS =   0
[2025-05-20 17:54:36.377] [0m[0;34mAPP     :INFO :Conten_Distance_MasterAnchor_to_709=110
[2025-05-20 17:54:36.377] [0m[0;34mAPP     :INFO :Current User ( 709 ) status is : SystemStatus = 0 , DiscoverStatus = 4 , TransactionState = 4 , AuthenticationState = 9
[2025-05-20 17:54:36.377] [0mKF_predict(): Predicted value = 0, Measurement = 0
[2025-05-20 17:54:36.377] [0;34mAPP     :INFO :@@@ User Speed is :( 709 ) , 0 ,(cm/s)
[2025-05-20 17:54:36.377] [0m[0;34mAPP     :INFO :@ b = 110, c = 50, x = -48, y = 49
[2025-05-20 17:54:36.377] [0m[0;34mAPP     :INFO :@ a = 100, d = 100, m = 250, Gate = 100
[2025-05-20 17:54:36.377] [0m[0;34mAPP     :INFO :################################### into blue area...##################################################
[2025-05-20 17:54:36.377] [0m[0;34mAPP     :INFO :No User to r or w | SystemStatus = 0
[2025-05-20 17:54:36.378] [0m
[2025-05-20 17:54:36.633] [0;32mTMLUWB  :RX < :RECV                :62000048 C5B00100 01000000 00FA0000 00010000 05000001 00000000 01070900 006D0000 00640000 64000000 00000003 91000000 00000000 00000000 0E000000 00010300 01030000 00000000
[2025-05-20 17:54:36.633] [0m[0;34mAPP     :INFO :@@@ updateKeepAlive( ): User[1] 709 Keep alive = 79
[2025-05-20 17:54:36.633] [0m[0;34mAPP     :INFO :gCapSessionHandle!!!.
[2025-05-20 17:54:36.633] [0m[0;34mAPP     :INFO :@@@ gNumberOfUserinDTPCM = 2, pRangingData->no_of_measurements = 1,i=0
[2025-05-20 17:54:36.634] [0m[0;34mAPP     :INFO :Measure_NLOS = 0, Classification_NLOS =   0
[2025-05-20 17:54:36.634] [0m[0;34mAPP     :INFO :Conten_Distance_MasterAnchor_to_709=109
[2025-05-20 17:54:36.634] [0m[0;34mAPP     :INFO :Current User ( 709 ) status is : SystemStatus = 0 , DiscoverStatus = 4 , TransactionState = 4 , AuthenticationState = 9
[2025-05-20 17:54:36.634] [0mKF_predict(): Predicted value = 0, Measurement = 0
[2025-05-20 17:54:36.634] [0;34mAPP     :INFO :@@@ User Speed is :( 709 ) , 3 ,(cm/s)
[2025-05-20 17:54:36.634] [0m[0;34mAPP     :INFO :@ b = 109, c = 50, x = -46, y = 51
[2025-05-20 17:54:36.634] [0m[0;34mAPP     :INFO :@ a = 100, d = 100, m = 250, Gate = 100
[2025-05-20 17:54:36.634] [0m[0;34mAPP     :INFO :################################### into blue area...##################################################
[2025-05-20 17:54:36.634] [0m[0;34mAPP     :INFO :No User to r or w | SystemStatus = 0
[2025-05-20 17:54:36.634] [0m
[2025-05-20 17:54:36.876] [0;32mTMLUWB  :RX < :RECV                :62000048 C6B00100 01000000 00FA0000 00010000 05000001 00000000 01070900 006E0000 00640000 64000000 00000003 90000000 00000000 00000000 0E000000 00010300 01030000 00000000
[2025-05-20 17:54:36.876] [0m[0;34mAPP     :INFO :@@@ updateKeepAlive( ): User[1] 709 Keep alive = 79
[2025-05-20 17:54:36.876] [0m[0;34mAPP     :INFO :gCapSessionHandle!!!.
[2025-05-20 17:54:36.876] [0m[0;34mAPP     :INFO :@@@ gNumberOfUserinDTPCM = 2, pRangingData->no_of_measurements = 1,i=0
[2025-05-20 17:54:36.876] [0m[0;34mAPP     :INFO :Measure_NLOS = 0, Classification_NLOS =   0
[2025-05-20 17:54:36.876] [0m[0;34mAPP     :INFO :Conten_Distance_MasterAnchor_to_709=110
[2025-05-20 17:54:36.876] [0m[0;34mAPP     :INFO :Current User ( 709 ) status is : SystemStatus = 0 , DiscoverStatus = 4 , TransactionState = 4 , AuthenticationState = 9
[2025-05-20 17:54:36.877] [0mKF_predict(): Predicted value = 0, Measurement = 0
[2025-05-20 17:54:36.877] [0;34mAPP     :INFO :@@@ User Speed is :( 709 ) , 1 ,(cm/s)
[2025-05-20 17:54:36.877] [0m[0;34mAPP     :INFO :@ b = 110, c = 50, x = -48, y = 49
[2025-05-20 17:54:36.877] [0m[0;34mAPP     :INFO :@ a = 100, d = 100, m = 250, Gate = 100
[2025-05-20 17:54:36.877] [0m[0;34mAPP     :INFO :################################### into blue area...##################################################
[2025-05-20 17:54:36.877] [0m[0;34mAPP     :INFO :No User to r or w | SystemStatus = 0
[2025-05-20 17:54:36.877] [0m
[2025-05-20 17:54:37.127] [0;32mTMLUWB  :RX < :RECV                :62000048 C7B00100 01000000 00FA0000 00010000 05000001 00000000 01070900 006F0000 00640000 64000000 00000003 8F000000 00000000 00000000 0E000000 00010300 01030000 00000000
[2025-05-20 17:54:37.127] [0m[0;34mAPP     :INFO :@@@ updateKeepAlive( ): User[1] 709 Keep alive = 79
[2025-05-20 17:54:37.128] [0m[0;34mAPP     :INFO :gCapSessionHandle!!!.
[2025-05-20 17:54:37.128] [0m[0;34mAPP     :INFO :@@@ gNumberOfUserinDTPCM = 2, pRangingData->no_of_measurements = 1,i=0
[2025-05-20 17:54:37.128] [0m[0;34mAPP     :INFO :Measure_NLOS = 0, Classification_NLOS =   0
[2025-05-20 17:54:37.128] [0m[0;34mAPP     :INFO :Conten_Distance_MasterAnchor_to_709=111
[2025-05-20 17:54:37.128] [0m[0;34mAPP     :INFO :Current User ( 709 ) status is : SystemStatus = 0 , DiscoverStatus = 4 , TransactionState = 4 , AuthenticationState = 9
[2025-05-20 17:54:37.128] [0mKF_predict(): Predicted value = 0, Measurement = 0
[2025-05-20 17:54:37.128] [0;34mAPP     :INFO :@@@ User Speed is :( 709 ) , 1 ,(cm/s)
[2025-05-20 17:54:37.128] [0m[0;34mAPP     :INFO :@ b = 111, c = 50, x = -49, y = 50
[2025-05-20 17:54:37.128] [0m[0;34mAPP     :INFO :@ a = 100, d = 100, m = 250, Gate = 100
[2025-05-20 17:54:37.128] [0m[0;34mAPP     :INFO :################################### into blue area...##################################################
[2025-05-20 17:54:37.128] [0m[0;34mAPP     :INFO :No User to r or w | SystemStatus = 0
[2025-05-20 17:54:37.128] [0m
[2025-05-20 17:54:37.377] [0;32mTMLUWB  :RX < :RECV                :62000048 C8B00100 01000000 00FA0000 00010000 05000001 00000000 01070900 006D0000 00640000 64000000 00000003 8F000000 00000000 00000000 0E000000 00010300 01030000 00000000
[2025-05-20 17:54:37.377] [0m[0;34mAPP     :INFO :@@@ updateKeepAlive( ): User[1] 709 Keep alive = 79
[2025-05-20 17:54:37.377] [0m[0;34mAPP     :INFO :gCapSessionHandle!!!.
[2025-05-20 17:54:37.377] [0m[0;34mAPP     :INFO :@@@ gNumberOfUserinDTPCM = 2, pRangingData->no_of_measurements = 1,i=0
[2025-05-20 17:54:37.377] [0m[0;34mAPP     :INFO :Measure_NLOS = 0, Classification_NLOS =   0
[2025-05-20 17:54:37.378] [0m[0;34mAPP     :INFO :Conten_Distance_MasterAnchor_to_709=109
[2025-05-20 17:54:37.378] [0m[0;34mAPP     :INFO :Current User ( 709 ) status is : SystemStatus = 0 , DiscoverStatus = 4 , TransactionState = 4 , AuthenticationState = 9
[2025-05-20 17:54:37.378] [0mKF_predict(): Predicted value = 0, Measurement = 0
[2025-05-20 17:54:37.378] [0;34mAPP     :INFO :@@@ User Speed is :( 709 ) , 0 ,(cm/s)
[2025-05-20 17:54:37.378] [0m[0;34mAPP     :INFO :@ b = 109, c = 50, x = -46, y = 51
[2025-05-20 17:54:37.378] [0m[0;34mAPP     :INFO :@ a = 100, d = 100, m = 250, Gate = 100
[2025-05-20 17:54:37.378] [0m[0;34mAPP     :INFO :################################### into blue area...##################################################
[2025-05-20 17:54:37.378] [0m[0;34mAPP     :INFO :No User to r or w | SystemStatus = 0
[2025-05-20 17:54:37.378] [0m
[2025-05-20 17:54:37.633] [0;32mTMLUWB  :RX < :RECV                :62000048 C9B00100 01000000 00FA0000 00010000 05000001 00000000 01070900 006F0000 00640000 64000000 00000003 8D000000 00000000 00000000 0E000000 00010300 01030000 00000000
[2025-05-20 17:54:37.634] [0m[0;34mAPP     :INFO :@@@ updateKeepAlive( ): User[1] 709 Keep alive = 79
[2025-05-20 17:54:37.634] [0m[0;34mAPP     :INFO :gCapSessionHandle!!!.
[2025-05-20 17:54:37.634] [0m[0;34mAPP     :INFO :@@@ gNumberOfUserinDTPCM = 2, pRangingData->no_of_measurements = 1,i=0
[2025-05-20 17:54:37.634] [0m[0;34mAPP     :INFO :Measure_NLOS = 0, Classification_NLOS =   0
[2025-05-20 17:54:37.634] [0m[0;34mAPP     :INFO :Conten_Distance_MasterAnchor_to_709=111
[2025-05-20 17:54:37.634] [0m[0;34mAPP     :INFO :Current User ( 709 ) status is : SystemStatus = 0 , DiscoverStatus = 4 , TransactionState = 4 , AuthenticationState = 9
[2025-05-20 17:54:37.634] [0mKF_predict(): Predicted value = 0, Measurement = 0
[2025-05-20 17:54:37.634] [0;34mAPP     :INFO :@@@ User Speed is :( 709 ) , 1 ,(cm/s)
[2025-05-20 17:54:37.634] [0m[0;34mAPP     :INFO :@ b = 111, c = 50, x = -49, y = 50
[2025-05-20 17:54:37.634] [0m[0;34mAPP     :INFO :@ a = 100, d = 100, m = 250, Gate = 100
[2025-05-20 17:54:37.634] [0m[0;34mAPP     :INFO :################################### into blue area...##################################################
[2025-05-20 17:54:37.634] [0m[0;34mAPP     :INFO :No User to r or w | SystemStatus = 0
[2025-05-20 17:54:37.634] [0m
[2025-05-20 17:54:37.875] [0;32mTMLUWB  :RX < :RECV                :62000048 CAB00100 01000000 00FA0000 00010000 05000001 00000000 01070900 006E0000 00640000 64000000 00000003 8F000000 00000000 00000000 0E000000 00010300 01030000 00000000
[2025-05-20 17:54:37.875] [0m[0;34mAPP     :INFO :@@@ updateKeepAlive( ): User[1] 709 Keep alive = 79
[2025-05-20 17:54:37.875] [0m[0;34mAPP     :INFO :gCapSessionHandle!!!.
[2025-05-20 17:54:37.875] [0m[0;34mAPP     :INFO :@@@ gNumberOfUserinDTPCM = 2, pRangingData->no_of_measurements = 1,i=0
[2025-05-20 17:54:37.875] [0m[0;34mAPP     :INFO :Measure_NLOS = 0, Classification_NLOS =   0
[2025-05-20 17:54:37.875] [0m[0;34mAPP     :INFO :Conten_Distance_MasterAnchor_to_709=110
[2025-05-20 17:54:37.875] [0m[0;34mAPP     :INFO :Current User ( 709 ) status is : SystemStatus = 0 , DiscoverStatus = 4 , TransactionState = 4 , AuthenticationState = 9
[2025-05-20 17:54:37.875] [0mKF_predict(): Predicted value = 0, Measurement = 0
[2025-05-20 17:54:37.875] [0;34mAPP     :INFO :@@@ User Speed is :( 709 ) , 1 ,(cm/s)
[2025-05-20 17:54:37.875] [0m[0;34mAPP     :INFO :@ b = 110, c = 50, x = -48, y = 49
[2025-05-20 17:54:37.875] [0m[0;34mAPP     :INFO :@ a = 100, d = 100, m = 250, Gate = 100
[2025-05-20 17:54:37.875] [0m[0;34mAPP     :INFO :################################### into blue area...##################################################
[2025-05-20 17:54:37.875] [0m[0;34mAPP     :INFO :No User to r or w | SystemStatus = 0
[2025-05-20 17:54:37.875] [0m
[2025-05-20 17:54:38.134] [0;32mTMLUWB  :RX < :RECV                :62000048 CBB00100 01000000 00FA0000 00010000 05000001 00000000 01070900 006D0000 00640000 64000000 00000003 8F000000 00000000 00000000 0E000000 00010300 01030000 00000000
[2025-05-20 17:54:38.135] [0m[0;34mAPP     :INFO :@@@ updateKeepAlive( ): User[1] 709 Keep alive = 79
[2025-05-20 17:54:38.135] [0m[0;34mAPP     :INFO :gCapSessionHandle!!!.
[2025-05-20 17:54:38.135] [0m[0;34mAPP     :INFO :@@@ gNumberOfUserinDTPCM = 2, pRangingData->no_of_measurements = 1,i=0
[2025-05-20 17:54:38.135] [0m[0;34mAPP     :INFO :Measure_NLOS = 0, Classification_NLOS =   0
[2025-05-20 17:54:38.135] [0m[0;34mAPP     :INFO :Conten_Distance_MasterAnchor_to_709=109
[2025-05-20 17:54:38.135] [0m[0;34mAPP     :INFO :Current User ( 709 ) status is : SystemStatus = 0 , DiscoverStatus = 4 , TransactionState = 4 , AuthenticationState = 9
[2025-05-20 17:54:38.135] [0mKF_predict(): Predicted value = 0, Measurement = 0
[2025-05-20 17:54:38.135] [0;34mAPP     :INFO :@@@ User Speed is :( 709 ) , 0 ,(cm/s)
[2025-05-20 17:54:38.136] [0m[0;34mAPP     :INFO :@ b = 109, c = 50, x = -46, y = 51
[2025-05-20 17:54:38.136] [0m[0;34mAPP     :INFO :@ a = 100, d = 100, m = 250, Gate = 100
[2025-05-20 17:54:38.136] [0m[0;34mAPP     :INFO :################################### into blue area...##################################################
[2025-05-20 17:54:38.136] [0m[0;34mAPP     :INFO :No User to r or w | SystemStatus = 0
[2025-05-20 17:54:38.136] [0m
[2025-05-20 17:54:38.384] [0;32mTMLUWB  :RX < :RECV                :62000048 CCB00100 01000000 00FA0000 00010000 05000001 00000000 01070900 006E0000 00640000 64000000 00000003 8F000000 00000000 00000000 0E000000 00010300 01030000 00000000
[2025-05-20 17:54:38.384] [0m[0;34mAPP     :INFO :@@@ updateKeepAlive( ): User[1] 709 Keep alive = 79
[2025-05-20 17:54:38.384] [0m[0;34mAPP     :INFO :gCapSessionHandle!!!.
[2025-05-20 17:54:38.384] [0m[0;34mAPP     :INFO :@@@ gNumberOfUserinDTPCM = 2, pRangingData->no_of_measurements = 1,i=0
[2025-05-20 17:54:38.384] [0m[0;34mAPP     :INFO :Measure_NLOS = 0, Classification_NLOS =   0
[2025-05-20 17:54:38.384] [0m[0;34mAPP     :INFO :Conten_Distance_MasterAnchor_to_709=110
[2025-05-20 17:54:38.384] [0m[0;34mAPP     :INFO :Current User ( 709 ) status is : SystemStatus = 0 , DiscoverStatus = 4 , TransactionState = 4 , AuthenticationState = 9
[2025-05-20 17:54:38.384] [0mKF_predict(): Predicted value = 0, Measurement = 0
[2025-05-20 17:54:38.384] [0;34mAPP     :INFO :@@@ User Speed is :( 709 ) , 1 ,(cm/s)
[2025-05-20 17:54:38.384] [0m[0;34mAPP     :INFO :@ b = 110, c = 50, x = -48, y = 49
[2025-05-20 17:54:38.384] [0m[0;34mAPP     :INFO :@ a = 100, d = 100, m = 250, Gate = 100
[2025-05-20 17:54:38.384] [0m[0;34mAPP     :INFO :################################### into blue area...##################################################
[2025-05-20 17:54:38.384] [0m[0;34mAPP     :INFO :No User to r or w | SystemStatus = 0
[2025-05-20 17:54:38.384] [0m
[2025-05-20 17:54:38.632] [0;32mTMLUWB  :RX < :RECV                :62000048 CDB00100 01000000 00FA0000 00010000 05000001 00000000 01070900 006D0000 00640000 64000000 00000003 92000000 00000000 00000000 0E000000 00010300 01030000 00000000
[2025-05-20 17:54:38.632] [0m[0;34mAPP     :INFO :@@@ updateKeepAlive( ): User[1] 709 Keep alive = 79
[2025-05-20 17:54:38.632] [0m[0;34mAPP     :INFO :gCapSessionHandle!!!.
[2025-05-20 17:54:38.632] [0m[0;34mAPP     :INFO :@@@ gNumberOfUserinDTPCM = 2, pRangingData->no_of_measurements = 1,i=0
[2025-05-20 17:54:38.632] [0m[0;34mAPP     :INFO :Measure_NLOS = 0, Classification_NLOS =   0
[2025-05-20 17:54:38.632] [0m[0;34mAPP     :INFO :Conten_Distance_MasterAnchor_to_709=109
[2025-05-20 17:54:38.632] [0m[0;34mAPP     :INFO :Current User ( 709 ) status is : SystemStatus = 0 , DiscoverStatus = 4 , TransactionState = 4 , AuthenticationState = 9
[2025-05-20 17:54:38.632] [0mKF_predict(): Predicted value = 0, Measurement = 0
[2025-05-20 17:54:38.632] [0;34mAPP     :INFO :@@@ User Speed is :( 709 ) , 2 ,(cm/s)
[2025-05-20 17:54:38.632] [0m[0;34mAPP     :INFO :@ b = 109, c = 50, x = -46, y = 51
[2025-05-20 17:54:38.632] [0m[0;34mAPP     :INFO :@ a = 100, d = 100, m = 250, Gate = 100
[2025-05-20 17:54:38.632] [0m[0;34mAPP     :INFO :################################### into blue area...##################################################
[2025-05-20 17:54:38.632] [0m[0;34mAPP     :INFO :No User to r or w | SystemStatus = 0
[2025-05-20 17:54:38.632] [0m
[2025-05-20 17:54:38.882] [0;32mTMLUWB  :RX < :RECV                :62000048 CEB00100 01000000 00FA0000 00010000 05000001 00000000 01070900 006B0000 00640000 64000000 00000003 94000000 00000000 00000000 0E000000 00010300 01030000 00000000
[2025-05-20 17:54:38.882] [0m[0;34mAPP     :INFO :@@@ updateKeepAlive( ): User[1] 709 Keep alive = 79
[2025-05-20 17:54:38.882] [0m[0;34mAPP     :INFO :gCapSessionHandle!!!.
[2025-05-20 17:54:38.882] [0m[0;34mAPP     :INFO :@@@ gNumberOfUserinDTPCM = 2, pRangingData->no_of_measurements = 1,i=0
[2025-05-20 17:54:38.882] [0m[0;34mAPP     :INFO :Measure_NLOS = 0, Classification_NLOS =   0
[2025-05-20 17:54:38.882] [0m[0;34mAPP     :INFO :Conten_Distance_MasterAnchor_to_709=107
[2025-05-20 17:54:38.882] [0m[0;34mAPP     :INFO :Current User ( 709 ) status is : SystemStatus = 0 , DiscoverStatus = 4 , TransactionState = 4 , AuthenticationState = 9
[2025-05-20 17:54:38.882] [0mKF_predict(): Predicted value = 0, Measurement = 0
[2025-05-20 17:54:38.882] [0;34mAPP     :INFO :@@@ User Speed is :( 709 ) , 2 ,(cm/s)
[2025-05-20 17:54:38.882] [0m[0;34mAPP     :INFO :@ b = 107, c = 50, x = -44, y = 51
[2025-05-20 17:54:38.882] [0m[0;34mAPP     :INFO :@ a = 100, d = 100, m = 250, Gate = 100
[2025-05-20 17:54:38.882] [0m[0;34mAPP     :INFO :################################### into blue area...##################################################
[2025-05-20 17:54:38.882] [0m[0;34mAPP     :INFO :No User to r or w | SystemStatus = 0
[2025-05-20 17:54:38.883] [0m
[2025-05-20 17:54:39.128] [0;32mTMLUWB  :RX < :RECV                :62000048 CFB00100 01000000 00FA0000 00010000 05000001 00000000 01070900 006E0000 00640000 64000000 00000003 90000000 00000000 00000000 0E000000 00010300 01030000 00000000
[2025-05-20 17:54:39.128] [0m[0;34mAPP     :INFO :@@@ updateKeepAlive( ): User[1] 709 Keep alive = 79
[2025-05-20 17:54:39.128] [0m[0;34mAPP     :INFO :gCapSessionHandle!!!.
[2025-05-20 17:54:39.128] [0m[0;34mAPP     :INFO :@@@ gNumberOfUserinDTPCM = 2, pRangingData->no_of_measurements = 1,i=0
[2025-05-20 17:54:39.128] [0m[0;34mAPP     :INFO :Measure_NLOS = 0, Classification_NLOS =   0
[2025-05-20 17:54:39.128] [0m[0;34mAPP     :INFO :Conten_Distance_MasterAnchor_to_709=110
[2025-05-20 17:54:39.128] [0m[0;34mAPP     :INFO :Current User ( 709 ) status is : SystemStatus = 0 , DiscoverStatus = 4 , TransactionState = 4 , AuthenticationState = 9
[2025-05-20 17:54:39.128] [0mKF_predict(): Predicted value = 0, Measurement = 0
[2025-05-20 17:54:39.129] [0;34mAPP     :INFO :@@@ User Speed is :( 709 ) , 0 ,(cm/s)
[2025-05-20 17:54:39.129] [0m[0;34mAPP     :INFO :@ b = 110, c = 50, x = -48, y = 49
[2025-05-20 17:54:39.129] [0m[0;34mAPP     :INFO :@ a = 100, d = 100, m = 250, Gate = 100
[2025-05-20 17:54:39.129] [0m[0;34mAPP     :INFO :################################### into blue area...##################################################
[2025-05-20 17:54:39.129] [0m[0;34mAPP     :INFO :No User to r or w | SystemStatus = 0
[2025-05-20 17:54:39.129] [0m
[2025-05-20 17:54:39.378] [0;32mTMLUWB  :RX < :RECV                :62000048 D0B00100 01000000 00FA0000 00010000 05000001 00000000 01070900 006D0000 00640000 64000000 00000003 90000000 00000000 00000000 0E000000 00010300 01030000 00000000
[2025-05-20 17:54:39.378] [0m[0;34mAPP     :INFO :@@@ updateKeepAlive( ): User[1] 709 Keep alive = 79
[2025-05-20 17:54:39.378] [0m[0;34mAPP     :INFO :gCapSessionHandle!!!.
[2025-05-20 17:54:39.378] [0m[0;34mAPP     :INFO :@@@ gNumberOfUserinDTPCM = 2, pRangingData->no_of_measurements = 1,i=0
[2025-05-20 17:54:39.378] [0m[0;34mAPP     :INFO :Measure_NLOS = 0, Classification_NLOS =   0
[2025-05-20 17:54:39.378] [0m[0;34mAPP     :INFO :Conten_Distance_MasterAnchor_to_709=109
[2025-05-20 17:54:39.378] [0m[0;34mAPP     :INFO :Current User ( 709 ) status is : SystemStatus = 0 , DiscoverStatus = 4 , TransactionState = 4 , AuthenticationState = 9
[2025-05-20 17:54:39.378] [0mKF_predict(): Predicted value = 0, Measurement = 0
[2025-05-20 17:54:39.378] [0;34mAPP     :INFO :@@@ User Speed is :( 709 ) , 0 ,(cm/s)
[2025-05-20 17:54:39.378] [0m[0;34mAPP     :INFO :@ b = 109, c = 50, x = -46, y = 51
[2025-05-20 17:54:39.378] [0m[0;34mAPP     :INFO :@ a = 100, d = 100, m = 250, Gate = 100
[2025-05-20 17:54:39.378] [0m[0;34mAPP     :INFO :################################### into blue area...##################################################
[2025-05-20 17:54:39.378] [0m[0;34mAPP     :INFO :No User to r or w | SystemStatus = 0
[2025-05-20 17:54:39.378] [0m
[2025-05-20 17:54:39.624] [0;32mTMLUWB  :RX < :RECV                :62000048 D1B00100 01000000 00FA0000 00010000 05000001 00000000 01070900 006F0000 00640000 64000000 00000003 90000000 00000000 00000000 0E000000 00010300 01030000 00000000
[2025-05-20 17:54:39.624] [0m[0;34mAPP     :INFO :@@@ updateKeepAlive( ): User[1] 709 Keep alive = 79
[2025-05-20 17:54:39.624] [0m[0;34mAPP     :INFO :gCapSessionHandle!!!.
[2025-05-20 17:54:39.624] [0m[0;34mAPP     :INFO :@@@ gNumberOfUserinDTPCM = 2, pRangingData->no_of_measurements = 1,i=0
[2025-05-20 17:54:39.624] [0m[0;34mAPP     :INFO :Measure_NLOS = 0, Classification_NLOS =   0
[2025-05-20 17:54:39.624] [0m[0;34mAPP     :INFO :Conten_Distance_MasterAnchor_to_709=111
[2025-05-20 17:54:39.624] [0m[0;34mAPP     :INFO :Current User ( 709 ) status is : SystemStatus = 0 , DiscoverStatus = 4 , TransactionState = 4 , AuthenticationState = 9
[2025-05-20 17:54:39.625] [0mKF_predict(): Predicted value = 0, Measurement = 0
[2025-05-20 17:54:39.625] [0;34mAPP     :INFO :@@@ User Speed is :( 709 ) , 5 ,(cm/s)
[2025-05-20 17:54:39.625] [0m[0;34mAPP     :INFO :@ b = 111, c = 50, x = -49, y = 50
[2025-05-20 17:54:39.625] [0m[0;34mAPP     :INFO :@ a = 100, d = 100, m = 250, Gate = 100
[2025-05-20 17:54:39.625] [0m[0;34mAPP     :INFO :################################### into blue area...##################################################
[2025-05-20 17:54:39.625] [0m[0;34mAPP     :INFO :No User to r or w | SystemStatus = 0
[2025-05-20 17:54:39.625] [0m
[2025-05-20 17:54:39.876] [0;32mTMLUWB  :RX < :RECV                :62000048 D2B00100 01000000 00FA0000 00010000 05000001 00000000 01070900 006E0000 00640000 64000000 00000003 90000000 00000000 00000000 0E000000 00010300 01030000 00000000
[2025-05-20 17:54:39.876] [0m[0;34mAPP     :INFO :@@@ updateKeepAlive( ): User[1] 709 Keep alive = 79
[2025-05-20 17:54:39.876] [0m[0;34mAPP     :INFO :gCapSessionHandle!!!.
[2025-05-20 17:54:39.876] [0m[0;34mAPP     :INFO :@@@ gNumberOfUserinDTPCM = 2, pRangingData->no_of_measurements = 1,i=0
[2025-05-20 17:54:39.877] [0m[0;34mAPP     :INFO :Measure_NLOS = 0, Classification_NLOS =   0
[2025-05-20 17:54:39.877] [0m[0;34mAPP     :INFO :Conten_Distance_MasterAnchor_to_709=110
[2025-05-20 17:54:39.877] [0m[0;34mAPP     :INFO :Current User ( 709 ) status is : SystemStatus = 0 , DiscoverStatus = 4 , TransactionState = 4 , AuthenticationState = 9
[2025-05-20 17:54:39.877] [0mKF_predict(): Predicted value = 0, Measurement = 0
[2025-05-20 17:54:39.877] [0;34mAPP     :INFO :@@@ User Speed is :( 709 ) , 0 ,(cm/s)
[2025-05-20 17:54:39.877] [0m[0;34mAPP     :INFO :@ b = 110, c = 50, x = -48, y = 49
[2025-05-20 17:54:39.877] [0m[0;34mAPP     :INFO :@ a = 100, d = 100, m = 250, Gate = 100
[2025-05-20 17:54:39.877] [0m[0;34mAPP     :INFO :################################### into blue area...##################################################
[2025-05-20 17:54:39.877] [0m[0;34mAPP     :INFO :No User to r or w | SystemStatus = 0
[2025-05-20 17:54:39.877] [0m
[2025-05-20 17:54:40.144] [0;32mTMLUWB  :RX < :RECV                :62000048 D3B00100 01000000 00FA0000 00010000 05000001 00000000 01070900 006E0000 00640000 64000000 00000003 92000000 00000000 00000000 0E000000 00010300 01030000 00000000
[2025-05-20 17:54:40.144] [0m[0;34mAPP     :INFO :@@@ updateKeepAlive( ): User[1] 709 Keep alive = 79
[2025-05-20 17:54:40.144] [0m[0;34mAPP     :INFO :gCapSessionHandle!!!.
[2025-05-20 17:54:40.145] [0m[0;34mAPP     :INFO :@@@ gNumberOfUserinDTPCM = 2, pRangingData->no_of_measurements = 1,i=0
[2025-05-20 17:54:40.145] [0m[0;34mAPP     :INFO :Measure_NLOS = 0, Classification_NLOS =   0
[2025-05-20 17:54:40.145] [0m[0;34mAPP     :INFO :Conten_Distance_MasterAnchor_to_709=110
[2025-05-20 17:54:40.145] [0m[0;34mAPP     :INFO :Current User ( 709 ) status is : SystemStatus = 0 , DiscoverStatus = 4 , TransactionState = 4 , AuthenticationState = 9
[2025-05-20 17:54:40.145] [0mKF_predict(): Predicted value = 0, Measurement = 0
[2025-05-20 17:54:40.145] [0;34mAPP     :INFO :@@@ User Speed is :( 709 ) , 2 ,(cm/s)
[2025-05-20 17:54:40.145] [0m[0;34mAPP     :INFO :@ b = 110, c = 50, x = -48, y = 49
[2025-05-20 17:54:40.145] [0m[0;34mAPP     :INFO :@ a = 100, d = 100, m = 250, Gate = 100
[2025-05-20 17:54:40.145] [0m[0;34mAPP     :INFO :################################### into blue area...##################################################
[2025-05-20 17:54:40.145] [0m[0;34mAPP     :INFO :No User to r or w | SystemStatus = 0
[2025-05-20 17:54:40.145] [0m
[2025-05-20 17:54:40.377] [0;32mTMLUWB  :RX < :RECV                :62000048 D4B00100 01000000 00FA0000 00010000 05000001 00000000 01070900 006C0000 00640000 64000000 00000003 92000000 00000000 00000000 0E000000 00010300 01030000 00000000
[2025-05-20 17:54:40.377] [0m[0;34mAPP     :INFO :@@@ updateKeepAlive( ): User[1] 709 Keep alive = 79
[2025-05-20 17:54:40.377] [0m[0;34mAPP     :INFO :gCapSessionHandle!!!.
[2025-05-20 17:54:40.377] [0m[0;34mAPP     :INFO :@@@ gNumberOfUserinDTPCM = 2, pRangingData->no_of_measurements = 1,i=0
[2025-05-20 17:54:40.377] [0m[0;34mAPP     :INFO :Measure_NLOS = 0, Classification_NLOS =   0
[2025-05-20 17:54:40.377] [0m[0;34mAPP     :INFO :Conten_Distance_MasterAnchor_to_709=108
[2025-05-20 17:54:40.377] [0m[0;34mAPP     :INFO :Current User ( 709 ) status is : SystemStatus = 0 , DiscoverStatus = 4 , TransactionState = 4 , AuthenticationState = 9
[2025-05-20 17:54:40.377] [0mKF_predict(): Predicted value = 0, Measurement = 0
[2025-05-20 17:54:40.377] [0;34mAPP     :INFO :@@@ User Speed is :( 709 ) , 4 ,(cm/s)
[2025-05-20 17:54:40.377] [0m[0;34mAPP     :INFO :@ b = 108, c = 50, x = -45, y = 51
[2025-05-20 17:54:40.377] [0m[0;34mAPP     :INFO :@ a = 100, d = 100, m = 250, Gate = 100
[2025-05-20 17:54:40.377] [0m[0;34mAPP     :INFO :################################### into blue area...##################################################
[2025-05-20 17:54:40.377] [0m[0;34mAPP     :INFO :No User to r or w | SystemStatus = 0
[2025-05-20 17:54:40.377] [0m
[2025-05-20 17:54:40.632] [0;32mTMLUWB  :RX < :RECV                :62000048 D5B00100 01000000 00FA0000 00010000 05000001 00000000 01070900 006C0000 00640000 64000000 00000003 90000000 00000000 00000000 0E000000 00010300 01030000 00000000
[2025-05-20 17:54:40.633] [0m[0;34mAPP     :INFO :@@@ updateKeepAlive( ): User[1] 709 Keep alive = 79
[2025-05-20 17:54:40.633] [0m[0;34mAPP     :INFO :gCapSessionHandle!!!.
[2025-05-20 17:54:40.633] [0m[0;34mAPP     :INFO :@@@ gNumberOfUserinDTPCM = 2, pRangingData->no_of_measurements = 1,i=0
[2025-05-20 17:54:40.633] [0m[0;34mAPP     :INFO :Measure_NLOS = 0, Classification_NLOS =   0
[2025-05-20 17:54:40.633] [0m[0;34mAPP     :INFO :Conten_Distance_MasterAnchor_to_709=108
[2025-05-20 17:54:40.633] [0m[0;34mAPP     :INFO :Current User ( 709 ) status is : SystemStatus = 0 , DiscoverStatus = 4 , TransactionState = 4 , AuthenticationState = 9
[2025-05-20 17:54:40.633] [0mKF_predict(): Predicted value = 0, Measurement = 0
[2025-05-20 17:54:40.633] [0;34mAPP     :INFO :@@@ User Speed is :( 709 ) , 3 ,(cm/s)
[2025-05-20 17:54:40.633] [0m[0;34mAPP     :INFO :@ b = 108, c = 50, x = -45, y = 51
[2025-05-20 17:54:40.633] [0m[0;34mAPP     :INFO :@ a = 100, d = 100, m = 250, Gate = 100
[2025-05-20 17:54:40.633] [0m[0;34mAPP     :INFO :################################### into blue area...##################################################
[2025-05-20 17:54:40.633] [0m[0;34mAPP     :INFO :No User to r or w | SystemStatus = 0
[2025-05-20 17:54:40.633] [0m
[2025-05-20 17:54:40.881] [0;32mTMLUWB  :RX < :RECV                :62000048 D6B00100 01000000 00FA0000 00010000 05000001 00000000 01070900 006B0000 00640000 64000000 00000003 8F000000 00000000 00000000 0E000000 00010300 01030000 00000000
[2025-05-20 17:54:40.881] [0m[0;34mAPP     :INFO :@@@ updateKeepAlive( ): User[1] 709 Keep alive = 79
[2025-05-20 17:54:40.881] [0m[0;34mAPP     :INFO :gCapSessionHandle!!!.
[2025-05-20 17:54:40.881] [0m[0;34mAPP     :INFO :@@@ gNumberOfUserinDTPCM = 2, pRangingData->no_of_measurements = 1,i=0
[2025-05-20 17:54:40.882] [0m[0;34mAPP     :INFO :Measure_NLOS = 0, Classification_NLOS =   0
[2025-05-20 17:54:40.882] [0m[0;34mAPP     :INFO :Conten_Distance_MasterAnchor_to_709=107
[2025-05-20 17:54:40.882] [0m[0;34mAPP     :INFO :Current User ( 709 ) status is : SystemStatus = 0 , DiscoverStatus = 4 , TransactionState = 4 , AuthenticationState = 9
[2025-05-20 17:54:40.882] [0mKF_predict(): Predicted value = 0, Measurement = 0
[2025-05-20 17:54:40.882] [0;34mAPP     :INFO :@@@ User Speed is :( 709 ) , 4 ,(cm/s)
[2025-05-20 17:54:40.882] [0m[0;34mAPP     :INFO :@ b = 107, c = 50, x = -44, y = 51
[2025-05-20 17:54:40.882] [0m[0;34mAPP     :INFO :@ a = 100, d = 100, m = 250, Gate = 100
[2025-05-20 17:54:40.882] [0m[0;34mAPP     :INFO :################################### into blue area...##################################################
[2025-05-20 17:54:40.882] [0m[0;34mAPP     :INFO :No User to r or w | SystemStatus = 0
[2025-05-20 17:54:40.882] [0m
[2025-05-20 17:54:41.126] [0;32mTMLUWB  :RX < :RECV                :62000048 D7B00100 01000000 00FA0000 00010000 05000001 00000000 01070900 006E0000 00640000 64000000 00000003 94000000 00000000 00000000 0E000000 00010300 01030000 00000000
[2025-05-20 17:54:41.127] [0m[0;34mAPP     :INFO :@@@ updateKeepAlive( ): User[1] 709 Keep alive = 79
[2025-05-20 17:54:41.127] [0m[0;34mAPP     :INFO :gCapSessionHandle!!!.
[2025-05-20 17:54:41.127] [0m[0;34mAPP     :INFO :@@@ gNumberOfUserinDTPCM = 2, pRangingData->no_of_measurements = 1,i=0
[2025-05-20 17:54:41.127] [0m[0;34mAPP     :INFO :Measure_NLOS = 0, Classification_NLOS =   0
[2025-05-20 17:54:41.127] [0m[0;34mAPP     :INFO :Conten_Distance_MasterAnchor_to_709=110
[2025-05-20 17:54:41.127] [0m[0;34mAPP     :INFO :Current User ( 709 ) status is : SystemStatus = 0 , DiscoverStatus = 4 , TransactionState = 4 , AuthenticationState = 9
[2025-05-20 17:54:41.127] [0mKF_predict(): Predicted value = 0, Measurement = 0
[2025-05-20 17:54:41.127] [0;34mAPP     :INFO :@@@ User Speed is :( 709 ) , 3 ,(cm/s)
[2025-05-20 17:54:41.127] [0m[0;34mAPP     :INFO :@ b = 110, c = 50, x = -48, y = 49
[2025-05-20 17:54:41.127] [0m[0;34mAPP     :INFO :@ a = 100, d = 100, m = 250, Gate = 100
[2025-05-20 17:54:41.127] [0m[0;34mAPP     :INFO :################################### into blue area...##################################################
[2025-05-20 17:54:41.127] [0m[0;34mAPP     :INFO :No User to r or w | SystemStatus = 0
[2025-05-20 17:54:41.127] [0m
[2025-05-20 17:54:41.381] [0;32mTMLUWB  :RX < :RECV                :62000048 D8B00100 01000000 00FA0000 00010000 05000001 00000000 01070900 006E0000 00640000 64000000 00000003 91000000 00000000 00000000 0E000000 00010300 01030000 00000000
[2025-05-20 17:54:41.381] [0m[0;34mAPP     :INFO :@@@ updateKeepAlive( ): User[1] 709 Keep alive = 79
[2025-05-20 17:54:41.381] [0m[0;34mAPP     :INFO :gCapSessionHandle!!!.
[2025-05-20 17:54:41.381] [0m[0;34mAPP     :INFO :@@@ gNumberOfUserinDTPCM = 2, pRangingData->no_of_measurements = 1,i=0
[2025-05-20 17:54:41.381] [0m[0;34mAPP     :INFO :Measure_NLOS = 0, Classification_NLOS =   0
[2025-05-20 17:54:41.381] [0m[0;34mAPP     :INFO :Conten_Distance_MasterAnchor_to_709=110
[2025-05-20 17:54:41.381] [0m[0;34mAPP     :INFO :Current User ( 709 ) status is : SystemStatus = 0 , DiscoverStatus = 4 , TransactionState = 4 , AuthenticationState = 9
[2025-05-20 17:54:41.381] [0mKF_predict(): Predicted value = 0, Measurement = 0
[2025-05-20 17:54:41.381] [0;34mAPP     :INFO :@@@ User Speed is :( 709 ) , 3 ,(cm/s)
[2025-05-20 17:54:41.381] [0m[0;34mAPP     :INFO :@ b = 110, c = 50, x = -48, y = 49
[2025-05-20 17:54:41.381] [0m[0;34mAPP     :INFO :@ a = 100, d = 100, m = 250, Gate = 100
[2025-05-20 17:54:41.381] [0m[0;34mAPP     :INFO :################################### into blue area...##################################################
[2025-05-20 17:54:41.381] [0m[0;34mAPP     :INFO :No User to r or w | SystemStatus = 0
[2025-05-20 17:54:41.381] [0m
[2025-05-20 17:54:41.630] [0;32mTMLUWB  :RX < :RECV                :62000048 D9B00100 01000000 00FA0000 00010000 05000001 00000000 01070900 006D0000 00640000 64000000 00000003 93000000 00000000 00000000 0E000000 00010300 01030000 00000000
[2025-05-20 17:54:41.630] [0m[0;34mAPP     :INFO :@@@ updateKeepAlive( ): User[1] 709 Keep alive = 79
[2025-05-20 17:54:41.631] [0m[0;34mAPP     :INFO :gCapSessionHandle!!!.
[2025-05-20 17:54:41.631] [0m[0;34mAPP     :INFO :@@@ gNumberOfUserinDTPCM = 2, pRangingData->no_of_measurements = 1,i=0
[2025-05-20 17:54:41.631] [0m[0;34mAPP     :INFO :Measure_NLOS = 0, Classification_NLOS =   0
[2025-05-20 17:54:41.631] [0m[0;34mAPP     :INFO :Conten_Distance_MasterAnchor_to_709=109
[2025-05-20 17:54:41.631] [0m[0;34mAPP     :INFO :Current User ( 709 ) status is : SystemStatus = 0 , DiscoverStatus = 4 , TransactionState = 4 , AuthenticationState = 9
[2025-05-20 17:54:41.631] [0mKF_predict(): Predicted value = 0, Measurement = 0
[2025-05-20 17:54:41.631] [0;34mAPP     :INFO :@@@ User Speed is :( 709 ) , 2 ,(cm/s)
[2025-05-20 17:54:41.632] [0m[0;34mAPP     :INFO :@ b = 109, c = 50, x = -46, y = 51
[2025-05-20 17:54:41.632] [0m[0;34mAPP     :INFO :@ a = 100, d = 100, m = 250, Gate = 100
[2025-05-20 17:54:41.632] [0m[0;34mAPP     :INFO :################################### into blue area...##################################################
[2025-05-20 17:54:41.632] [0m[0;34mAPP     :INFO :No User to r or w | SystemStatus = 0
[2025-05-20 17:54:41.632] [0m
[2025-05-20 17:54:41.873] [0;32mTMLUWB  :RX < :RECV                :62000048 DAB00100 01000000 00FA0000 00010000 05000001 00000000 01070900 006C0000 00640000 64000000 00000003 92000000 00000000 00000000 0E000000 00010300 01030000 00000000
[2025-05-20 17:54:41.873] [0m[0;34mAPP     :INFO :@@@ updateKeepAlive( ): User[1] 709 Keep alive = 79
[2025-05-20 17:54:41.873] [0m[0;34mAPP     :INFO :gCapSessionHandle!!!.
[2025-05-20 17:54:41.873] [0m[0;34mAPP     :INFO :@@@ gNumberOfUserinDTPCM = 2, pRangingData->no_of_measurements = 1,i=0
[2025-05-20 17:54:41.873] [0m[0;34mAPP     :INFO :Measure_NLOS = 0, Classification_NLOS =   0
[2025-05-20 17:54:41.873] [0m[0;34mAPP     :INFO :Conten_Distance_MasterAnchor_to_709=108
[2025-05-20 17:54:41.873] [0m[0;34mAPP     :INFO :Current User ( 709 ) status is : SystemStatus = 0 , DiscoverStatus = 4 , TransactionState = 4 , AuthenticationState = 9
[2025-05-20 17:54:41.873] [0mKF_predict(): Predicted value = 0, Measurement = 0
[2025-05-20 17:54:41.873] [0;34mAPP     :INFO :@@@ User Speed is :( 709 ) , 3 ,(cm/s)
[2025-05-20 17:54:41.874] [0m[0;34mAPP     :INFO :@ b = 108, c = 50, x = -45, y = 51
[2025-05-20 17:54:41.874] [0m[0;34mAPP     :INFO :@ a = 100, d = 100, m = 250, Gate = 100
[2025-05-20 17:54:41.874] [0m[0;34mAPP     :INFO :################################### into blue area...##################################################
[2025-05-20 17:54:41.874] [0m[0;34mAPP     :INFO :No User to r or w | SystemStatus = 0
[2025-05-20 17:54:41.874] [0m
[2025-05-20 17:54:42.138] [0;32mTMLUWB  :RX < :RECV                :62000048 DBB00100 01000000 00FA0000 00010000 05000001 00000000 01070900 006B0000 00640000 64000000 00000003 91000000 00000000 00000000 0E000000 00010300 01030000 00000000
[2025-05-20 17:54:42.139] [0m[0;34mAPP     :INFO :@@@ updateKeepAlive( ): User[1] 709 Keep alive = 79
[2025-05-20 17:54:42.139] [0m[0;34mAPP     :INFO :gCapSessionHandle!!!.
[2025-05-20 17:54:42.139] [0m[0;34mAPP     :INFO :@@@ gNumberOfUserinDTPCM = 2, pRangingData->no_of_measurements = 1,i=0
[2025-05-20 17:54:42.139] [0m[0;34mAPP     :INFO :Measure_NLOS = 0, Classification_NLOS =   0
[2025-05-20 17:54:42.139] [0m[0;34mAPP     :INFO :Conten_Distance_MasterAnchor_to_709=107
[2025-05-20 17:54:42.139] [0m[0;34mAPP     :INFO :Current User ( 709 ) status is : SystemStatus = 0 , DiscoverStatus = 4 , TransactionState = 4 , AuthenticationState = 9
[2025-05-20 17:54:42.139] [0mKF_predict(): Predicted value = 0, Measurement = 0
[2025-05-20 17:54:42.139] [0;34mAPP     :INFO :@@@ User Speed is :( 709 ) , 4 ,(cm/s)
[2025-05-20 17:54:42.139] [0m[0;34mAPP     :INFO :@ b = 107, c = 50, x = -44, y = 51
[2025-05-20 17:54:42.139] [0m[0;34mAPP     :INFO :@ a = 100, d = 100, m = 250, Gate = 100
[2025-05-20 17:54:42.139] [0m[0;34mAPP     :INFO :################################### into blue area...##################################################
[2025-05-20 17:54:42.140] [0m[0;34mAPP     :INFO :No User to r or w | SystemStatus = 0
[2025-05-20 17:54:42.140] [0m
[2025-05-20 17:54:42.375] [0;32mTMLUWB  :RX < :RECV                :62000048 DCB00100 01000000 00FA0000 00010000 05000001 00000000 01070900 006D0000 00640000 64000000 00000003 91000000 00000000 00000000 0E000000 00010300 01030000 00000000
[2025-05-20 17:54:42.375] [0m[0;34mAPP     :INFO :@@@ updateKeepAlive( ): User[1] 709 Keep alive = 79
[2025-05-20 17:54:42.375] [0m[0;34mAPP     :INFO :gCapSessionHandle!!!.
[2025-05-20 17:54:42.376] [0m[0;34mAPP     :INFO :@@@ gNumberOfUserinDTPCM = 2, pRangingData->no_of_measurements = 1,i=0
[2025-05-20 17:54:42.376] [0m[0;34mAPP     :INFO :Measure_NLOS = 0, Classification_NLOS =   0
[2025-05-20 17:54:42.376] [0m[0;34mAPP     :INFO :Conten_Distance_MasterAnchor_to_709=109
[2025-05-20 17:54:42.376] [0m[0;34mAPP     :INFO :Current User ( 709 ) status is : SystemStatus = 0 , DiscoverStatus = 4 , TransactionState = 4 , AuthenticationState = 9
[2025-05-20 17:54:42.376] [0mKF_predict(): Predicted value = 0, Measurement = 0
[2025-05-20 17:54:42.376] [0;34mAPP     :INFO :@@@ User Speed is :( 709 ) , 0 ,(cm/s)
[2025-05-20 17:54:42.376] [0m[0;34mAPP     :INFO :@ b = 109, c = 50, x = -46, y = 51
[2025-05-20 17:54:42.376] [0m[0;34mAPP     :INFO :@ a = 100, d = 100, m = 250, Gate = 100
[2025-05-20 17:54:42.376] [0m[0;34mAPP     :INFO :################################### into blue area...##################################################
[2025-05-20 17:54:42.376] [0m[0;34mAPP     :INFO :No User to r or w | SystemStatus = 0
[2025-05-20 17:54:42.376] [0m
[2025-05-20 17:54:42.630] [0;32mTMLUWB  :RX < :RECV                :62000048 DDB00100 01000000 00FA0000 00010000 05000001 00000000 01070900 006C0000 00640000 64000000 00000003 92000000 00000000 00000000 0E000000 00010300 01030000 00000000
[2025-05-20 17:54:42.630] [0m[0;34mAPP     :INFO :@@@ updateKeepAlive( ): User[1] 709 Keep alive = 79
[2025-05-20 17:54:42.630] [0m[0;34mAPP     :INFO :gCapSessionHandle!!!.
[2025-05-20 17:54:42.630] [0m[0;34mAPP     :INFO :@@@ gNumberOfUserinDTPCM = 2, pRangingData->no_of_measurements = 1,i=0
[2025-05-20 17:54:42.630] [0m[0;34mAPP     :INFO :Measure_NLOS = 0, Classification_NLOS =   0
[2025-05-20 17:54:42.630] [0m[0;34mAPP     :INFO :Conten_Distance_MasterAnchor_to_709=108
[2025-05-20 17:54:42.630] [0m[0;34mAPP     :INFO :Current User ( 709 ) status is : SystemStatus = 0 , DiscoverStatus = 4 , TransactionState = 4 , AuthenticationState = 9
[2025-05-20 17:54:42.630] [0mKF_predict(): Predicted value = 0, Measurement = 0
[2025-05-20 17:54:42.631] [0;34mAPP     :INFO :@@@ User Speed is :( 709 ) , 0 ,(cm/s)
[2025-05-20 17:54:42.631] [0m[0;34mAPP     :INFO :@ b = 108, c = 50, x = -45, y = 51
[2025-05-20 17:54:42.631] [0m[0;34mAPP     :INFO :@ a = 100, d = 100, m = 250, Gate = 100
[2025-05-20 17:54:42.631] [0m[0;34mAPP     :INFO :################################### into blue area...##################################################
[2025-05-20 17:54:42.631] [0m[0;34mAPP     :INFO :No User to r or w | SystemStatus = 0
[2025-05-20 17:54:42.631] [0m
[2025-05-20 17:54:42.875] [0;32mTMLUWB  :RX < :RECV                :62000048 DEB00100 01000000 00FA0000 00010000 05000001 00000000 01070900 006D0000 00640000 64000000 00000003 91000000 00000000 00000000 0E000000 00010300 01030000 00000000
[2025-05-20 17:54:42.875] [0m[0;34mAPP     :INFO :@@@ updateKeepAlive( ): User[1] 709 Keep alive = 79
[2025-05-20 17:54:42.875] [0m[0;34mAPP     :INFO :gCapSessionHandle!!!.
[2025-05-20 17:54:42.875] [0m[0;34mAPP     :INFO :@@@ gNumberOfUserinDTPCM = 2, pRangingData->no_of_measurements = 1,i=0
[2025-05-20 17:54:42.875] [0m[0;34mAPP     :INFO :Measure_NLOS = 0, Classification_NLOS =   0
[2025-05-20 17:54:42.875] [0m[0;34mAPP     :INFO :Conten_Distance_MasterAnchor_to_709=109
[2025-05-20 17:54:42.875] [0m[0;34mAPP     :INFO :Current User ( 709 ) status is : SystemStatus = 0 , DiscoverStatus = 4 , TransactionState = 4 , AuthenticationState = 9
[2025-05-20 17:54:42.875] [0mKF_predict(): Predicted value = 0, Measurement = 0
[2025-05-20 17:54:42.875] [0;34mAPP     :INFO :@@@ User Speed is :( 709 ) , 2 ,(cm/s)
[2025-05-20 17:54:42.875] [0m[0;34mAPP     :INFO :@ b = 109, c = 50, x = -46, y = 51
[2025-05-20 17:54:42.875] [0m[0;34mAPP     :INFO :@ a = 100, d = 100, m = 250, Gate = 100
[2025-05-20 17:54:42.877] [0m[0;34mAPP     :INFO :################################### into blue area...##################################################
[2025-05-20 17:54:42.877] [0m[0;34mAPP     :INFO :No User to r or w | SystemStatus = 0
[2025-05-20 17:54:42.877] [0m
[2025-05-20 17:54:43.151] [0;32mTMLUWB  :RX < :RECV                :62000048 DFB00100 01000000 00FA0000 00010000 05000001 00000000 01070900 006D0000 00640000 64000000 00000003 8F000000 00000000 00000000 0E000000 00010300 01030000 00000000
[2025-05-20 17:54:43.151] [0m[0;34mAPP     :INFO :@@@ updateKeepAlive( ): User[1] 709 Keep alive = 79
[2025-05-20 17:54:43.151] [0m[0;34mAPP     :INFO :gCapSessionHandle!!!.
[2025-05-20 17:54:43.151] [0m[0;34mAPP     :INFO :@@@ gNumberOfUserinDTPCM = 2, pRangingData->no_of_measurements = 1,i=0
[2025-05-20 17:54:43.151] [0m[0;34mAPP     :INFO :Measure_NLOS = 0, Classification_NLOS =   0
[2025-05-20 17:54:43.151] [0m[0;34mAPP     :INFO :Conten_Distance_MasterAnchor_to_709=109
[2025-05-20 17:54:43.151] [0m[0;34mAPP     :INFO :Current User ( 709 ) status is : SystemStatus = 0 , DiscoverStatus = 4 , TransactionState = 4 , AuthenticationState = 9
[2025-05-20 17:54:43.151] [0mKF_predict(): Predicted value = 0, Measurement = 0
[2025-05-20 17:54:43.151] [0;34mAPP     :INFO :@@@ User Speed is :( 709 ) , 0 ,(cm/s)
[2025-05-20 17:54:43.151] [0m[0;34mAPP     :INFO :@ b = 109, c = 50, x = -46, y = 51
[2025-05-20 17:54:43.151] [0m[0;34mAPP     :INFO :@ a = 100, d = 100, m = 250, Gate = 100
[2025-05-20 17:54:43.152] [0m[0;34mAPP     :INFO :################################### into blue area...##################################################
[2025-05-20 17:54:43.152] [0m[0;34mAPP     :INFO :No User to r or w | SystemStatus = 0
[2025-05-20 17:54:43.152] [0m
[2025-05-20 17:54:43.380] [0;32mTMLUWB  :RX < :RECV                :62000048 E0B00100 01000000 00FA0000 00010000 05000001 00000000 01070900 006E0000 00640000 64000000 00000003 91000000 00000000 00000000 0E000000 00010300 01030000 00000000
[2025-05-20 17:54:43.380] [0m[0;34mAPP     :INFO :@@@ updateKeepAlive( ): User[1] 709 Keep alive = 79
[2025-05-20 17:54:43.380] [0m[0;34mAPP     :INFO :gCapSessionHandle!!!.
[2025-05-20 17:54:43.380] [0m[0;34mAPP     :INFO :@@@ gNumberOfUserinDTPCM = 2, pRangingData->no_of_measurements = 1,i=0
[2025-05-20 17:54:43.380] [0m[0;34mAPP     :INFO :Measure_NLOS = 0, Classification_NLOS =   0
[2025-05-20 17:54:43.380] [0m[0;34mAPP     :INFO :Conten_Distance_MasterAnchor_to_709=110
[2025-05-20 17:54:43.380] [0m[0;34mAPP     :INFO :Current User ( 709 ) status is : SystemStatus = 0 , DiscoverStatus = 4 , TransactionState = 4 , AuthenticationState = 9
[2025-05-20 17:54:43.380] [0mKF_predict(): Predicted value = 0, Measurement = 0
[2025-05-20 17:54:43.382] [0;34mAPP     :INFO :@@@ User Speed is :( 709 ) , 3 ,(cm/s)
[2025-05-20 17:54:43.382] [0m[0;34mAPP     :INFO :@ b = 110, c = 50, x = -48, y = 49
[2025-05-20 17:54:43.382] [0m[0;34mAPP     :INFO :@ a = 100, d = 100, m = 250, Gate = 100
[2025-05-20 17:54:43.382] [0m[0;34mAPP     :INFO :################################### into blue area...##################################################
[2025-05-20 17:54:43.382] [0m[0;34mAPP     :INFO :No User to r or w | SystemStatus = 0
[2025-05-20 17:54:43.382] [0m
[2025-05-20 17:54:43.632] [0;32mTMLUWB  :RX < :RECV                :62000048 E1B00100 01000000 00FA0000 00010000 05000001 00000000 01070900 006D0000 00640000 64000000 00000003 91000000 00000000 00000000 0E000000 00010300 01030000 00000000
[2025-05-20 17:54:43.632] [0m[0;34mAPP     :INFO :@@@ updateKeepAlive( ): User[1] 709 Keep alive = 79
[2025-05-20 17:54:43.632] [0m[0;34mAPP     :INFO :gCapSessionHandle!!!.
[2025-05-20 17:54:43.632] [0m[0;34mAPP     :INFO :@@@ gNumberOfUserinDTPCM = 2, pRangingData->no_of_measurements = 1,i=0
[2025-05-20 17:54:43.633] [0m[0;34mAPP     :INFO :Measure_NLOS = 0, Classification_NLOS =   0
[2025-05-20 17:54:43.633] [0m[0;34mAPP     :INFO :Conten_Distance_MasterAnchor_to_709=109
[2025-05-20 17:54:43.633] [0m[0;34mAPP     :INFO :Current User ( 709 ) status is : SystemStatus = 0 , DiscoverStatus = 4 , TransactionState = 4 , AuthenticationState = 9
[2025-05-20 17:54:43.633] [0mKF_predict(): Predicted value = 0, Measurement = 0
[2025-05-20 17:54:43.633] [0;34mAPP     :INFO :@@@ User Speed is :( 709 ) , 0 ,(cm/s)
[2025-05-20 17:54:43.633] [0m[0;34mAPP     :INFO :@ b = 109, c = 50, x = -46, y = 51
[2025-05-20 17:54:43.633] [0m[0;34mAPP     :INFO :@ a = 100, d = 100, m = 250, Gate = 100
[2025-05-20 17:54:43.633] [0m[0;34mAPP     :INFO :################################### into blue area...##################################################
[2025-05-20 17:54:43.633] [0m[0;34mAPP     :INFO :No User to r or w | SystemStatus = 0
[2025-05-20 17:54:43.633] [0m
[2025-05-20 17:54:43.880] [0;32mTMLUWB  :RX < :RECV                :62000048 E2B00100 01000000 00FA0000 00010000 05000001 00000000 01070900 006E0000 00640000 64000000 00000003 91000000 00000000 00000000 0E000000 00010300 01030000 00000000
[2025-05-20 17:54:43.882] [0m[0;34mAPP     :INFO :@@@ updateKeepAlive( ): User[1] 709 Keep alive = 79
[2025-05-20 17:54:43.882] [0m[0;34mAPP     :INFO :gCapSessionHandle!!!.
[2025-05-20 17:54:43.882] [0m[0;34mAPP     :INFO :@@@ gNumberOfUserinDTPCM = 2, pRangingData->no_of_measurements = 1,i=0
[2025-05-20 17:54:43.882] [0m[0;34mAPP     :INFO :Measure_NLOS = 0, Classification_NLOS =   0
[2025-05-20 17:54:43.882] [0m[0;34mAPP     :INFO :Conten_Distance_MasterAnchor_to_709=110
[2025-05-20 17:54:43.882] [0m[0;34mAPP     :INFO :Current User ( 709 ) status is : SystemStatus = 0 , DiscoverStatus = 4 , TransactionState = 4 , AuthenticationState = 9
[2025-05-20 17:54:43.882] [0mKF_predict(): Predicted value = 0, Measurement = 0
[2025-05-20 17:54:43.882] [0;34mAPP     :INFO :@@@ User Speed is :( 709 ) , 2 ,(cm/s)
[2025-05-20 17:54:43.882] [0m[0;34mAPP     :INFO :@ b = 110, c = 50, x = -48, y = 49
[2025-05-20 17:54:43.882] [0m[0;34mAPP     :INFO :@ a = 100, d = 100, m = 250, Gate = 100
[2025-05-20 17:54:43.882] [0m[0;34mAPP     :INFO :################################### into blue area...##################################################
[2025-05-20 17:54:43.882] [0m[0;34mAPP     :INFO :No User to r or w | SystemStatus = 0
[2025-05-20 17:54:43.882] [0m
[2025-05-20 17:54:44.142] [0;32mTMLUWB  :RX < :RECV                :62000048 E3B00100 01000000 00FA0000 00010000 05000001 00000000 01070900 006D0000 00640000 64000000 00000003 91000000 00000000 00000000 0E000000 00010300 01030000 00000000
[2025-05-20 17:54:44.142] [0m[0;34mAPP     :INFO :@@@ updateKeepAlive( ): User[1] 709 Keep alive = 79
[2025-05-20 17:54:44.142] [0m[0;34mAPP     :INFO :gCapSessionHandle!!!.
[2025-05-20 17:54:44.142] [0m[0;34mAPP     :INFO :@@@ gNumberOfUserinDTPCM = 2, pRangingData->no_of_measurements = 1,i=0
[2025-05-20 17:54:44.142] [0m[0;34mAPP     :INFO :Measure_NLOS = 0, Classification_NLOS =   0
[2025-05-20 17:54:44.142] [0m[0;34mAPP     :INFO :Conten_Distance_MasterAnchor_to_709=109
[2025-05-20 17:54:44.142] [0m[0;34mAPP     :INFO :Current User ( 709 ) status is : SystemStatus = 0 , DiscoverStatus = 4 , TransactionState = 4 , AuthenticationState = 9
[2025-05-20 17:54:44.142] [0mKF_predict(): Predicted value = 0, Measurement = 0
[2025-05-20 17:54:44.142] [0;34mAPP     :INFO :@@@ User Speed is :( 709 ) , 2 ,(cm/s)
[2025-05-20 17:54:44.142] [0m[0;34mAPP     :INFO :@ b = 109, c = 50, x = -46, y = 51
[2025-05-20 17:54:44.142] [0m[0;34mAPP     :INFO :@ a = 100, d = 100, m = 250, Gate = 100
[2025-05-20 17:54:44.142] [0m[0;34mAPP     :INFO :################################### into blue area...##################################################
[2025-05-20 17:54:44.142] [0m[0;34mAPP     :INFO :No User to r or w | SystemStatus = 0
[2025-05-20 17:54:44.142] [0m
[2025-05-20 17:54:44.376] [0;32mTMLUWB  :RX < :RECV                :62000048 E4B00100 01000000 00FA0000 00010000 05000001 00000000 01070900 006C0000 00640000 64000000 00000003 90000000 00000000 00000000 0E000000 00010300 01030000 00000000
[2025-05-20 17:54:44.376] [0m[0;34mAPP     :INFO :@@@ updateKeepAlive( ): User[1] 709 Keep alive = 79
[2025-05-20 17:54:44.376] [0m[0;34mAPP     :INFO :gCapSessionHandle!!!.
[2025-05-20 17:54:44.376] [0m[0;34mAPP     :INFO :@@@ gNumberOfUserinDTPCM = 2, pRangingData->no_of_measurements = 1,i=0
[2025-05-20 17:54:44.376] [0m[0;34mAPP     :INFO :Measure_NLOS = 0, Classification_NLOS =   0
[2025-05-20 17:54:44.376] [0m[0;34mAPP     :INFO :Conten_Distance_MasterAnchor_to_709=108
[2025-05-20 17:54:44.376] [0m[0;34mAPP     :INFO :Current User ( 709 ) status is : SystemStatus = 0 , DiscoverStatus = 4 , TransactionState = 4 , AuthenticationState = 9
[2025-05-20 17:54:44.376] [0mKF_predict(): Predicted value = 0, Measurement = 0
[2025-05-20 17:54:44.376] [0;34mAPP     :INFO :@@@ User Speed is :( 709 ) , 1 ,(cm/s)
[2025-05-20 17:54:44.376] [0m[0;34mAPP     :INFO :@ b = 108, c = 50, x = -45, y = 51
[2025-05-20 17:54:44.376] [0m[0;34mAPP     :INFO :@ a = 100, d = 100, m = 250, Gate = 100
[2025-05-20 17:54:44.376] [0m[0;34mAPP     :INFO :################################### into blue area...##################################################
[2025-05-20 17:54:44.376] [0m[0;34mAPP     :INFO :No User to r or w | SystemStatus = 0
[2025-05-20 17:54:44.376] [0m
[2025-05-20 17:54:44.627] [0;32mTMLUWB  :RX < :RECV                :62000048 E5B00100 01000000 00FA0000 00010000 05000001 00000000 01070900 006D0000 00640000 64000000 00000003 93000000 00000000 00000000 0E000000 00010300 01030000 00000000
[2025-05-20 17:54:44.627] [0m[0;34mAPP     :INFO :@@@ updateKeepAlive( ): User[1] 709 Keep alive = 79
[2025-05-20 17:54:44.627] [0m[0;34mAPP     :INFO :gCapSessionHandle!!!.
[2025-05-20 17:54:44.627] [0m[0;34mAPP     :INFO :@@@ gNumberOfUserinDTPCM = 2, pRangingData->no_of_measurements = 1,i=0
[2025-05-20 17:54:44.627] [0m[0;34mAPP     :INFO :Measure_NLOS = 0, Classification_NLOS =   0
[2025-05-20 17:54:44.627] [0m[0;34mAPP     :INFO :Conten_Distance_MasterAnchor_to_709=109
[2025-05-20 17:54:44.627] [0m[0;34mAPP     :INFO :Current User ( 709 ) status is : SystemStatus = 0 , DiscoverStatus = 4 , TransactionState = 4 , AuthenticationState = 9
[2025-05-20 17:54:44.627] [0mKF_predict(): Predicted value = 0, Measurement = 0
[2025-05-20 17:54:44.627] [0;34mAPP     :INFO :@@@ User Speed is :( 709 ) , 2 ,(cm/s)
[2025-05-20 17:54:44.627] [0m[0;34mAPP     :INFO :@ b = 109, c = 50, x = -46, y = 51
[2025-05-20 17:54:44.627] [0m[0;34mAPP     :INFO :@ a = 100, d = 100, m = 250, Gate = 100
[2025-05-20 17:54:44.627] [0m[0;34mAPP     :INFO :################################### into blue area...##################################################
[2025-05-20 17:54:44.627] [0m[0;34mAPP     :INFO :No User to r or w | SystemStatus = 0
[2025-05-20 17:54:44.627] [0m
[2025-05-20 17:54:44.901] [0;32mTMLUWB  :RX < :RECV                :62000048 E6B00100 01000000 00FA0000 00010000 05000001 00000000 01070900 006D0000 00640000 64000000 00000003 91000000 00000000 00000000 0E000000 00010300 01030000 00000000
[2025-05-20 17:54:44.902] [0m[0;34mAPP     :INFO :@@@ updateKeepAlive( ): User[1] 709 Keep alive = 79
[2025-05-20 17:54:44.902] [0m[0;34mAPP     :INFO :gCapSessionHandle!!!.
[2025-05-20 17:54:44.902] [0m[0;34mAPP     :INFO :@@@ gNumberOfUserinDTPCM = 2, pRangingData->no_of_measurements = 1,i=0
[2025-05-20 17:54:44.902] [0m[0;34mAPP     :INFO :Measure_NLOS = 0, Classification_NLOS =   0
[2025-05-20 17:54:44.902] [0m[0;34mAPP     :INFO :Conten_Distance_MasterAnchor_to_709=109
[2025-05-20 17:54:44.902] [0m[0;34mAPP     :INFO :Current User ( 709 ) status is : SystemStatus = 0 , DiscoverStatus = 4 , TransactionState = 4 , AuthenticationState = 9
[2025-05-20 17:54:44.902] [0mKF_predict(): Predicted value = 0, Measurement = 0
[2025-05-20 17:54:44.902] [0;34mAPP     :INFO :@@@ User Speed is :( 709 ) , 0 ,(cm/s)
[2025-05-20 17:54:44.902] [0m[0;34mAPP     :INFO :@ b = 109, c = 50, x = -46, y = 51
[2025-05-20 17:54:44.903] [0m[0;34mAPP     :INFO :@ a = 100, d = 100, m = 250, Gate = 100
[2025-05-20 17:54:44.903] [0m[0;34mAPP     :INFO :################################### into blue area...##################################################
[2025-05-20 17:54:44.903] [0m[0;34mAPP     :INFO :No User to r or w | SystemStatus = 0
[2025-05-20 17:54:44.903] [0m
[2025-05-20 17:54:45.145] [0;32mTMLUWB  :RX < :RECV                :62000048 E7B00100 01000000 00FA0000 00010000 05000001 00000000 01070900 006D0000 00640000 64000000 00000003 91000000 00000000 00000000 0E000000 00010300 01030000 00000000
[2025-05-20 17:54:45.145] [0m[0;34mAPP     :INFO :@@@ updateKeepAlive( ): User[1] 709 Keep alive = 79
[2025-05-20 17:54:45.145] [0m[0;34mAPP     :INFO :gCapSessionHandle!!!.
[2025-05-20 17:54:45.145] [0m[0;34mAPP     :INFO :@@@ gNumberOfUserinDTPCM = 2, pRangingData->no_of_measurements = 1,i=0
[2025-05-20 17:54:45.145] [0m[0;34mAPP     :INFO :Measure_NLOS = 0, Classification_NLOS =   0
[2025-05-20 17:54:45.145] [0m[0;34mAPP     :INFO :Conten_Distance_MasterAnchor_to_709=109
[2025-05-20 17:54:45.145] [0m[0;34mAPP     :INFO :Current User ( 709 ) status is : SystemStatus = 0 , DiscoverStatus = 4 , TransactionState = 4 , AuthenticationState = 9
[2025-05-20 17:54:45.145] [0mKF_predict(): Predicted value = 0, Measurement = 0
[2025-05-20 17:54:45.145] [0;34mAPP     :INFO :@@@ User Speed is :( 709 ) , 1 ,(cm/s)
[2025-05-20 17:54:45.145] [0m[0;34mAPP     :INFO :@ b = 109, c = 50, x = -46, y = 51
[2025-05-20 17:54:45.146] [0m[0;34mAPP     :INFO :@ a = 100, d = 100, m = 250, Gate = 100
[2025-05-20 17:54:45.146] [0m[0;34mAPP     :INFO :################################### into blue area...##################################################
[2025-05-20 17:54:45.146] [0m[0;34mAPP     :INFO :No User to r or w | SystemStatus = 0
[2025-05-20 17:54:45.146] [0m
[2025-05-20 17:54:45.375] [0;32mTMLUWB  :RX < :RECV                :62000048 E8B00100 01000000 00FA0000 00010000 05000001 00000000 01070900 006E0000 00640000 64000000 00000003 90000000 00000000 00000000 0E000000 00010300 01030000 00000000
[2025-05-20 17:54:45.375] [0m[0;34mAPP     :INFO :@@@ updateKeepAlive( ): User[1] 709 Keep alive = 79
[2025-05-20 17:54:45.375] [0m[0;34mAPP     :INFO :gCapSessionHandle!!!.
[2025-05-20 17:54:45.375] [0m[0;34mAPP     :INFO :@@@ gNumberOfUserinDTPCM = 2, pRangingData->no_of_measurements = 1,i=0
[2025-05-20 17:54:45.375] [0m[0;34mAPP     :INFO :Measure_NLOS = 0, Classification_NLOS =   0
[2025-05-20 17:54:45.375] [0m[0;34mAPP     :INFO :Conten_Distance_MasterAnchor_to_709=110
[2025-05-20 17:54:45.375] [0m[0;34mAPP     :INFO :Current User ( 709 ) status is : SystemStatus = 0 , DiscoverStatus = 4 , TransactionState = 4 , AuthenticationState = 9
[2025-05-20 17:54:45.375] [0mKF_predict(): Predicted value = 0, Measurement = 0
[2025-05-20 17:54:45.375] [0;34mAPP     :INFO :@@@ User Speed is :( 709 ) , 2 ,(cm/s)
[2025-05-20 17:54:45.375] [0m[0;34mAPP     :INFO :@ b = 110, c = 50, x = -48, y = 49
[2025-05-20 17:54:45.375] [0m[0;34mAPP     :INFO :@ a = 100, d = 100, m = 250, Gate = 100
[2025-05-20 17:54:45.376] [0m[0;34mAPP     :INFO :################################### into blue area...##################################################
[2025-05-20 17:54:45.376] [0m[0;34mAPP     :INFO :No User to r or w | SystemStatus = 0
[2025-05-20 17:54:45.376] [0m
[2025-05-20 17:54:45.629] [0;32mTMLUWB  :RX < :RECV                :62000048 E9B00100 01000000 00FA0000 00010000 05000001 00000000 01070900 006D0000 00640000 64000000 00000003 8F000000 00000000 00000000 0E000000 00010300 01030000 00000000
[2025-05-20 17:54:45.629] [0m[0;34mAPP     :INFO :@@@ updateKeepAlive( ): User[1] 709 Keep alive = 79
[2025-05-20 17:54:45.629] [0m[0;34mAPP     :INFO :gCapSessionHandle!!!.
[2025-05-20 17:54:45.629] [0m[0;34mAPP     :INFO :@@@ gNumberOfUserinDTPCM = 2, pRangingData->no_of_measurements = 1,i=0
[2025-05-20 17:54:45.629] [0m[0;34mAPP     :INFO :Measure_NLOS = 0, Classification_NLOS =   0
[2025-05-20 17:54:45.630] [0m[0;34mAPP     :INFO :Conten_Distance_MasterAnchor_to_709=109
[2025-05-20 17:54:45.630] [0m[0;34mAPP     :INFO :Current User ( 709 ) status is : SystemStatus = 0 , DiscoverStatus = 4 , TransactionState = 4 , AuthenticationState = 9
[2025-05-20 17:54:45.630] [0mKF_predict(): Predicted value = 0, Measurement = 0
[2025-05-20 17:54:45.630] [0;34mAPP     :INFO :@@@ User Speed is :( 709 ) , 0 ,(cm/s)
[2025-05-20 17:54:45.630] [0m[0;34mAPP     :INFO :@ b = 109, c = 50, x = -46, y = 51
[2025-05-20 17:54:45.630] [0m[0;34mAPP     :INFO :@ a = 100, d = 100, m = 250, Gate = 100
[2025-05-20 17:54:45.630] [0m[0;34mAPP     :INFO :################################### into blue area...##################################################
[2025-05-20 17:54:45.630] [0m[0;34mAPP     :INFO :No User to r or w | SystemStatus = 0
[2025-05-20 17:54:45.630] [0m
[2025-05-20 17:54:45.874] [0;32mTMLUWB  :RX < :RECV                :62000048 EAB00100 01000000 00FA0000 00010000 05000001 00000000 01070900 006D0000 00640000 64000000 00000003 90000000 00000000 00000000 0E000000 00010300 01030000 00000000
[2025-05-20 17:54:45.874] [0m[0;34mAPP     :INFO :@@@ updateKeepAlive( ): User[1] 709 Keep alive = 79
[2025-05-20 17:54:45.874] [0m[0;34mAPP     :INFO :gCapSessionHandle!!!.
[2025-05-20 17:54:45.874] [0m[0;34mAPP     :INFO :@@@ gNumberOfUserinDTPCM = 2, pRangingData->no_of_measurements = 1,i=0
[2025-05-20 17:54:45.874] [0m[0;34mAPP     :INFO :Measure_NLOS = 0, Classification_NLOS =   0
[2025-05-20 17:54:45.874] [0m[0;34mAPP     :INFO :Conten_Distance_MasterAnchor_to_709=109
[2025-05-20 17:54:45.874] [0m[0;34mAPP     :INFO :Current User ( 709 ) status is : SystemStatus = 0 , DiscoverStatus = 4 , TransactionState = 4 , AuthenticationState = 9
[2025-05-20 17:54:45.874] [0mKF_predict(): Predicted value = 0, Measurement = 0
[2025-05-20 17:54:45.874] [0;34mAPP     :INFO :@@@ User Speed is :( 709 ) , 0 ,(cm/s)
[2025-05-20 17:54:45.874] [0m[0;34mAPP     :INFO :@ b = 109, c = 50, x = -46, y = 51
[2025-05-20 17:54:45.874] [0m[0;34mAPP     :INFO :@ a = 100, d = 100, m = 250, Gate = 100
[2025-05-20 17:54:45.875] [0m[0;34mAPP     :INFO :################################### into blue area...##################################################
[2025-05-20 17:54:45.875] [0m[0;34mAPP     :INFO :No User to r or w | SystemStatus = 0
[2025-05-20 17:54:45.875] [0m
[2025-05-20 17:54:46.161] [0;32mTMLUWB  :RX < :RECV                :62000048 EBB00100 01000000 00FA0000 00010000 05000001 00000000 01070900 006D0000 00640000 64000000 00000003 8F000000 00000000 00000000 0E000000 00010300 01030000 00000000
[2025-05-20 17:54:46.161] [0m[0;34mAPP     :INFO :@@@ updateKeepAlive( ): User[1] 709 Keep alive = 79
[2025-05-20 17:54:46.162] [0m[0;34mAPP     :INFO :gCapSessionHandle!!!.
[2025-05-20 17:54:46.162] [0m[0;34mAPP     :INFO :@@@ gNumberOfUserinDTPCM = 2, pRangingData->no_of_measurements = 1,i=0
[2025-05-20 17:54:46.162] [0m[0;34mAPP     :INFO :Measure_NLOS = 0, Classification_NLOS =   0
[2025-05-20 17:54:46.162] [0m[0;34mAPP     :INFO :Conten_Distance_MasterAnchor_to_709=109
[2025-05-20 17:54:46.162] [0m[0;34mAPP     :INFO :Current User ( 709 ) status is : SystemStatus = 0 , DiscoverStatus = 4 , TransactionState = 4 , AuthenticationState = 9
[2025-05-20 17:54:46.162] [0mKF_predict(): Predicted value = 0, Measurement = 0
[2025-05-20 17:54:46.162] [0;34mAPP     :INFO :@@@ User Speed is :( 709 ) , 2 ,(cm/s)
[2025-05-20 17:54:46.162] [0m[0;34mAPP     :INFO :@ b = 109, c = 50, x = -46, y = 51
[2025-05-20 17:54:46.162] [0m[0;34mAPP     :INFO :@ a = 100, d = 100, m = 250, Gate = 100
[2025-05-20 17:54:46.162] [0m[0;34mAPP     :INFO :################################### into blue area...##################################################
[2025-05-20 17:54:46.162] [0m[0;34mAPP     :INFO :No User to r or w | SystemStatus = 0
[2025-05-20 17:54:46.162] [0m
[2025-05-20 17:54:46.381] [0;32mTMLUWB  :RX < :RECV                :62000048 ECB00100 01000000 00FA0000 00010000 05000001 00000000 01070900 006D0000 00640000 64000000 00000003 93000000 00000000 00000000 0E000000 00010300 01030000 00000000
[2025-05-20 17:54:46.381] [0m[0;34mAPP     :INFO :@@@ updateKeepAlive( ): User[1] 709 Keep alive = 79
[2025-05-20 17:54:46.382] [0m[0;34mAPP     :INFO :gCapSessionHandle!!!.
[2025-05-20 17:54:46.382] [0m[0;34mAPP     :INFO :@@@ gNumberOfUserinDTPCM = 2, pRangingData->no_of_measurements = 1,i=0
[2025-05-20 17:54:46.382] [0m[0;34mAPP     :INFO :Measure_NLOS = 0, Classification_NLOS =   0
[2025-05-20 17:54:46.382] [0m[0;34mAPP     :INFO :Conten_Distance_MasterAnchor_to_709=109
[2025-05-20 17:54:46.382] [0m[0;34mAPP     :INFO :Current User ( 709 ) status is : SystemStatus = 0 , DiscoverStatus = 4 , TransactionState = 4 , AuthenticationState = 9
[2025-05-20 17:54:46.382] [0mKF_predict(): Predicted value = 0, Measurement = 0
[2025-05-20 17:54:46.382] [0;34mAPP     :INFO :@@@ User Speed is :( 709 ) , 0 ,(cm/s)
[2025-05-20 17:54:46.382] [0m[0;34mAPP     :INFO :@ b = 109, c = 50, x = -46, y = 51
[2025-05-20 17:54:46.382] [0m[0;34mAPP     :INFO :@ a = 100, d = 100, m = 250, Gate = 100
[2025-05-20 17:54:46.382] [0m[0;34mAPP     :INFO :################################### into blue area...##################################################
[2025-05-20 17:54:46.382] [0m[0;34mAPP     :INFO :No User to r or w | SystemStatus = 0
[2025-05-20 17:54:46.382] [0m
[2025-05-20 17:54:46.633] [0;32mTMLUWB  :RX < :RECV                :62000048 EDB00100 01000000 00FA0000 00010000 05000001 00000000 01070900 006D0000 00640000 64000000 00000003 91000000 00000000 00000000 0E000000 00010300 01030000 00000000
[2025-05-20 17:54:46.633] [0m[0;34mAPP     :INFO :@@@ updateKeepAlive( ): User[1] 709 Keep alive = 79
[2025-05-20 17:54:46.633] [0m[0;34mAPP     :INFO :gCapSessionHandle!!!.
[2025-05-20 17:54:46.633] [0m[0;34mAPP     :INFO :@@@ gNumberOfUserinDTPCM = 2, pRangingData->no_of_measurements = 1,i=0
[2025-05-20 17:54:46.633] [0m[0;34mAPP     :INFO :Measure_NLOS = 0, Classification_NLOS =   0
[2025-05-20 17:54:46.633] [0m[0;34mAPP     :INFO :Conten_Distance_MasterAnchor_to_709=109
[2025-05-20 17:54:46.633] [0m[0;34mAPP     :INFO :Current User ( 709 ) status is : SystemStatus = 0 , DiscoverStatus = 4 , TransactionState = 4 , AuthenticationState = 9
[2025-05-20 17:54:46.633] [0mKF_predict(): Predicted value = 0, Measurement = 0
[2025-05-20 17:54:46.633] [0;34mAPP     :INFO :@@@ User Speed is :( 709 ) , 0 ,(cm/s)
[2025-05-20 17:54:46.633] [0m[0;34mAPP     :INFO :@ b = 109, c = 50, x = -46, y = 51
[2025-05-20 17:54:46.633] [0m[0;34mAPP     :INFO :@ a = 100, d = 100, m = 250, Gate = 100
[2025-05-20 17:54:46.633] [0m[0;34mAPP     :INFO :################################### into blue area...##################################################
[2025-05-20 17:54:46.633] [0m[0;34mAPP     :INFO :No User to r or w | SystemStatus = 0
[2025-05-20 17:54:46.633] [0m
[2025-05-20 17:54:46.875] [0;32mTMLUWB  :RX < :RECV                :62000048 EEB00100 01000000 00FA0000 00010000 05000001 00000000 01070900 006E0000 00640000 64000000 00000003 92000000 00000000 00000000 0E000000 00010300 01030000 00000000
[2025-05-20 17:54:46.875] [0m[0;34mAPP     :INFO :@@@ updateKeepAlive( ): User[1] 709 Keep alive = 79
[2025-05-20 17:54:46.875] [0m[0;34mAPP     :INFO :gCapSessionHandle!!!.
[2025-05-20 17:54:46.875] [0m[0;34mAPP     :INFO :@@@ gNumberOfUserinDTPCM = 2, pRangingData->no_of_measurements = 1,i=0
[2025-05-20 17:54:46.875] [0m[0;34mAPP     :INFO :Measure_NLOS = 0, Classification_NLOS =   0
[2025-05-20 17:54:46.875] [0m[0;34mAPP     :INFO :Conten_Distance_MasterAnchor_to_709=110
[2025-05-20 17:54:46.875] [0m[0;34mAPP     :INFO :Current User ( 709 ) status is : SystemStatus = 0 , DiscoverStatus = 4 , TransactionState = 4 , AuthenticationState = 9
[2025-05-20 17:54:46.875] [0mKF_predict(): Predicted value = 0, Measurement = 0
[2025-05-20 17:54:46.875] [0;34mAPP     :INFO :@@@ User Speed is :( 709 ) , 2 ,(cm/s)
[2025-05-20 17:54:46.875] [0m[0;34mAPP     :INFO :@ b = 110, c = 50, x = -48, y = 49
[2025-05-20 17:54:46.875] [0m[0;34mAPP     :INFO :@ a = 100, d = 100, m = 250, Gate = 100
[2025-05-20 17:54:46.875] [0m[0;34mAPP     :INFO :################################### into blue area...##################################################
[2025-05-20 17:54:46.875] [0m[0;34mAPP     :INFO :No User to r or w | SystemStatus = 0
[2025-05-20 17:54:46.875] [0m
[2025-05-20 17:54:47.150] [0;32mTMLUWB  :RX < :RECV                :62000048 EFB00100 01000000 00FA0000 00010000 05000001 00000000 01070900 006E0000 00640000 64000000 00000003 92000000 00000000 00000000 0E000000 00010300 01030000 00000000
[2025-05-20 17:54:47.150] [0m[0;34mAPP     :INFO :@@@ updateKeepAlive( ): User[1] 709 Keep alive = 79
[2025-05-20 17:54:47.150] [0m[0;34mAPP     :INFO :gCapSessionHandle!!!.
[2025-05-20 17:54:47.150] [0m[0;34mAPP     :INFO :@@@ gNumberOfUserinDTPCM = 2, pRangingData->no_of_measurements = 1,i=0
[2025-05-20 17:54:47.150] [0m[0;34mAPP     :INFO :Measure_NLOS = 0, Classification_NLOS =   0
[2025-05-20 17:54:47.150] [0m[0;34mAPP     :INFO :Conten_Distance_MasterAnchor_to_709=110
[2025-05-20 17:54:47.150] [0m[0;34mAPP     :INFO :Current User ( 709 ) status is : SystemStatus = 0 , DiscoverStatus = 4 , TransactionState = 4 , AuthenticationState = 9
[2025-05-20 17:54:47.150] [0mKF_predict(): Predicted value = 0, Measurement = 0
[2025-05-20 17:54:47.150] [0;34mAPP     :INFO :@@@ User Speed is :( 709 ) , 2 ,(cm/s)
[2025-05-20 17:54:47.150] [0m[0;34mAPP     :INFO :@ b = 110, c = 50, x = -48, y = 49
[2025-05-20 17:54:47.150] [0m[0;34mAPP     :INFO :@ a = 100, d = 100, m = 250, Gate = 100
[2025-05-20 17:54:47.150] [0m[0;34mAPP     :INFO :################################### into blue area...##################################################
[2025-05-20 17:54:47.150] [0m[0;34mAPP     :INFO :No User to r or w | SystemStatus = 0
[2025-05-20 17:54:47.150] [0m
[2025-05-20 17:54:47.377] [0;32mTMLUWB  :RX < :RECV                :62000048 F0B00100 01000000 00FA0000 00010000 05000001 00000000 01070900 006E0000 00640000 64000000 00000003 90000000 00000000 00000000 0E000000 00010300 01030000 00000000
[2025-05-20 17:54:47.377] [0m[0;34mAPP     :INFO :@@@ updateKeepAlive( ): User[1] 709 Keep alive = 79
[2025-05-20 17:54:47.378] [0m[0;34mAPP     :INFO :gCapSessionHandle!!!.
[2025-05-20 17:54:47.378] [0m[0;34mAPP     :INFO :@@@ gNumberOfUserinDTPCM = 2, pRangingData->no_of_measurements = 1,i=0
[2025-05-20 17:54:47.378] [0m[0;34mAPP     :INFO :Measure_NLOS = 0, Classification_NLOS =   0
[2025-05-20 17:54:47.378] [0m[0;34mAPP     :INFO :Conten_Distance_MasterAnchor_to_709=110
[2025-05-20 17:54:47.378] [0m[0;34mAPP     :INFO :Current User ( 709 ) status is : SystemStatus = 0 , DiscoverStatus = 4 , TransactionState = 4 , AuthenticationState = 9
[2025-05-20 17:54:47.378] [0mKF_predict(): Predicted value = 0, Measurement = 0
[2025-05-20 17:54:47.378] [0;34mAPP     :INFO :@@@ User Speed is :( 709 ) , 2 ,(cm/s)
[2025-05-20 17:54:47.378] [0m[0;34mAPP     :INFO :@ b = 110, c = 50, x = -48, y = 49
[2025-05-20 17:54:47.378] [0m[0;34mAPP     :INFO :@ a = 100, d = 100, m = 250, Gate = 100
[2025-05-20 17:54:47.378] [0m[0;34mAPP     :INFO :################################### into blue area...##################################################
[2025-05-20 17:54:47.378] [0m[0;34mAPP     :INFO :No User to r or w | SystemStatus = 0
[2025-05-20 17:54:47.378] [0m
[2025-05-20 17:54:47.626] [0;32mTMLUWB  :RX < :RECV                :62000048 F1B00100 01000000 00FA0000 00010000 05000001 00000000 01070900 006E0000 00640000 64000000 00000003 90000000 00000000 00000000 0E000000 00010300 01030000 00000000
[2025-05-20 17:54:47.627] [0m[0;34mAPP     :INFO :@@@ updateKeepAlive( ): User[1] 709 Keep alive = 79
[2025-05-20 17:54:47.627] [0m[0;34mAPP     :INFO :gCapSessionHandle!!!.
[2025-05-20 17:54:47.627] [0m[0;34mAPP     :INFO :@@@ gNumberOfUserinDTPCM = 2, pRangingData->no_of_measurements = 1,i=0
[2025-05-20 17:54:47.627] [0m[0;34mAPP     :INFO :Measure_NLOS = 0, Classification_NLOS =   0
[2025-05-20 17:54:47.627] [0m[0;34mAPP     :INFO :Conten_Distance_MasterAnchor_to_709=110
[2025-05-20 17:54:47.627] [0m[0;34mAPP     :INFO :Current User ( 709 ) status is : SystemStatus = 0 , DiscoverStatus = 4 , TransactionState = 4 , AuthenticationState = 9
[2025-05-20 17:54:47.627] [0mKF_predict(): Predicted value = 0, Measurement = 0
[2025-05-20 17:54:47.627] [0;34mAPP     :INFO :@@@ User Speed is :( 709 ) , 0 ,(cm/s)
[2025-05-20 17:54:47.627] [0m[0;34mAPP     :INFO :@ b = 110, c = 50, x = -48, y = 49
[2025-05-20 17:54:47.627] [0m[0;34mAPP     :INFO :@ a = 100, d = 100, m = 250, Gate = 100
[2025-05-20 17:54:47.627] [0m[0;34mAPP     :INFO :################################### into blue area...##################################################
[2025-05-20 17:54:47.627] [0m[0;34mAPP     :INFO :No User to r or w | SystemStatus = 0
[2025-05-20 17:54:47.628] [0m
[2025-05-20 17:54:47.875] [0;32mTMLUWB  :RX < :RECV                :62000048 F2B00100 01000000 00FA0000 00010000 05000001 00000000 01070900 006E0000 00640000 64000000 00000003 91000000 00000000 00000000 0E000000 00010300 01030000 00000000
[2025-05-20 17:54:47.875] [0m[0;34mAPP     :INFO :@@@ updateKeepAlive( ): User[1] 709 Keep alive = 79
[2025-05-20 17:54:47.875] [0m[0;34mAPP     :INFO :gCapSessionHandle!!!.
[2025-05-20 17:54:47.875] [0m[0;34mAPP     :INFO :@@@ gNumberOfUserinDTPCM = 2, pRangingData->no_of_measurements = 1,i=0
[2025-05-20 17:54:47.875] [0m[0;34mAPP     :INFO :Measure_NLOS = 0, Classification_NLOS =   0
[2025-05-20 17:54:47.875] [0m[0;34mAPP     :INFO :Conten_Distance_MasterAnchor_to_709=110
[2025-05-20 17:54:47.875] [0m[0;34mAPP     :INFO :Current User ( 709 ) status is : SystemStatus = 0 , DiscoverStatus = 4 , TransactionState = 4 , AuthenticationState = 9
[2025-05-20 17:54:47.876] [0mKF_predict(): Predicted value = 0, Measurement = 0
[2025-05-20 17:54:47.876] [0;34mAPP     :INFO :@@@ User Speed is :( 709 ) , 0 ,(cm/s)
[2025-05-20 17:54:47.876] [0m[0;34mAPP     :INFO :@ b = 110, c = 50, x = -48, y = 49
[2025-05-20 17:54:47.876] [0m[0;34mAPP     :INFO :@ a = 100, d = 100, m = 250, Gate = 100
[2025-05-20 17:54:47.876] [0m[0;34mAPP     :INFO :################################### into blue area...##################################################
[2025-05-20 17:54:47.876] [0m[0;34mAPP     :INFO :No User to r or w | SystemStatus = 0
[2025-05-20 17:54:47.876] [0m
[2025-05-20 17:54:48.142] [0;32mTMLUWB  :RX < :RECV                :62000048 F3B00100 01000000 00FA0000 00010000 05000001 00000000 01070900 006D0000 00640000 64000000 00000003 91000000 00000000 00000000 0E000000 00010300 01030000 00000000
[2025-05-20 17:54:48.142] [0m[0;34mAPP     :INFO :@@@ updateKeepAlive( ): User[1] 709 Keep alive = 79
[2025-05-20 17:54:48.143] [0m[0;34mAPP     :INFO :gCapSessionHandle!!!.
[2025-05-20 17:54:48.143] [0m[0;34mAPP     :INFO :@@@ gNumberOfUserinDTPCM = 2, pRangingData->no_of_measurements = 1,i=0
[2025-05-20 17:54:48.143] [0m[0;34mAPP     :INFO :Measure_NLOS = 0, Classification_NLOS =   0
[2025-05-20 17:54:48.143] [0m[0;34mAPP     :INFO :Conten_Distance_MasterAnchor_to_709=109
[2025-05-20 17:54:48.143] [0m[0;34mAPP     :INFO :Current User ( 709 ) status is : SystemStatus = 0 , DiscoverStatus = 4 , TransactionState = 4 , AuthenticationState = 9
[2025-05-20 17:54:48.144] [0mKF_predict(): Predicted value = 0, Measurement = 0
[2025-05-20 17:54:48.144] [0;34mAPP     :INFO :@@@ User Speed is :( 709 ) , 2 ,(cm/s)
[2025-05-20 17:54:48.144] [0m[0;34mAPP     :INFO :@ b = 109, c = 50, x = -46, y = 51
[2025-05-20 17:54:48.144] [0m[0;34mAPP     :INFO :@ a = 100, d = 100, m = 250, Gate = 100
[2025-05-20 17:54:48.144] [0m[0;34mAPP     :INFO :################################### into blue area...##################################################
[2025-05-20 17:54:48.144] [0m[0;34mAPP     :INFO :No User to r or w | SystemStatus = 0
[2025-05-20 17:54:48.144] [0m
[2025-05-20 17:54:48.374] [0;32mTMLUWB  :RX < :RECV                :62000048 F4B00100 01000000 00FA0000 00010000 05000001 00000000 01070900 006D0000 00640000 64000000 00000003 90000000 00000000 00000000 0E000000 00010300 01030000 00000000
[2025-05-20 17:54:48.374] [0m[0;34mAPP     :INFO :@@@ updateKeepAlive( ): User[1] 709 Keep alive = 79
[2025-05-20 17:54:48.374] [0m[0;34mAPP     :INFO :gCapSessionHandle!!!.
[2025-05-20 17:54:48.374] [0m[0;34mAPP     :INFO :@@@ gNumberOfUserinDTPCM = 2, pRangingData->no_of_measurements = 1,i=0
[2025-05-20 17:54:48.374] [0m[0;34mAPP     :INFO :Measure_NLOS = 0, Classification_NLOS =   0
[2025-05-20 17:54:48.374] [0m[0;34mAPP     :INFO :Conten_Distance_MasterAnchor_to_709=109
[2025-05-20 17:54:48.374] [0m[0;34mAPP     :INFO :Current User ( 709 ) status is : SystemStatus = 0 , DiscoverStatus = 4 , TransactionState = 4 , AuthenticationState = 9
[2025-05-20 17:54:48.374] [0mKF_predict(): Predicted value = 0, Measurement = 0
[2025-05-20 17:54:48.375] [0;34mAPP     :INFO :@@@ User Speed is :( 709 ) , 2 ,(cm/s)
[2025-05-20 17:54:48.375] [0m[0;34mAPP     :INFO :@ b = 109, c = 50, x = -46, y = 51
[2025-05-20 17:54:48.375] [0m[0;34mAPP     :INFO :@ a = 100, d = 100, m = 250, Gate = 100
[2025-05-20 17:54:48.375] [0m[0;34mAPP     :INFO :################################### into blue area...##################################################
[2025-05-20 17:54:48.375] [0m[0;34mAPP     :INFO :No User to r or w | SystemStatus = 0
[2025-05-20 17:54:48.375] [0m
[2025-05-20 17:54:48.624] [0;32mTMLUWB  :RX < :RECV                :62000048 F5B00100 01000000 00FA0000 00010000 05000001 00000000 01070900 006E0000 00640000 64000000 00000003 91000000 00000000 00000000 0E000000 00010300 01030000 00000000
[2025-05-20 17:54:48.624] [0m[0;34mAPP     :INFO :@@@ updateKeepAlive( ): User[1] 709 Keep alive = 79
[2025-05-20 17:54:48.624] [0m[0;34mAPP     :INFO :gCapSessionHandle!!!.
[2025-05-20 17:54:48.624] [0m[0;34mAPP     :INFO :@@@ gNumberOfUserinDTPCM = 2, pRangingData->no_of_measurements = 1,i=0
[2025-05-20 17:54:48.624] [0m[0;34mAPP     :INFO :Measure_NLOS = 0, Classification_NLOS =   0
[2025-05-20 17:54:48.624] [0m[0;34mAPP     :INFO :Conten_Distance_MasterAnchor_to_709=110
[2025-05-20 17:54:48.624] [0m[0;34mAPP     :INFO :Current User ( 709 ) status is : SystemStatus = 0 , DiscoverStatus = 4 , TransactionState = 4 , AuthenticationState = 9
[2025-05-20 17:54:48.624] [0mKF_predict(): Predicted value = 0, Measurement = 0
[2025-05-20 17:54:48.624] [0;34mAPP     :INFO :@@@ User Speed is :( 709 ) , 0 ,(cm/s)
[2025-05-20 17:54:48.624] [0m[0;34mAPP     :INFO :@ b = 110, c = 50, x = -48, y = 49
[2025-05-20 17:54:48.625] [0m[0;34mAPP     :INFO :@ a = 100, d = 100, m = 250, Gate = 100
[2025-05-20 17:54:48.625] [0m[0;34mAPP     :INFO :################################### into blue area...##################################################
[2025-05-20 17:54:48.625] [0m[0;34mAPP     :INFO :No User to r or w | SystemStatus = 0
[2025-05-20 17:54:48.625] [0m
[2025-05-20 17:54:48.874] [0;32mTMLUWB  :RX < :RECV                :62000048 F6B00100 01000000 00FA0000 00010000 05000001 00000000 01070900 006E0000 00640000 64000000 00000003 92000000 00000000 00000000 0E000000 00010300 01030000 00000000
[2025-05-20 17:54:48.874] [0m[0;34mAPP     :INFO :@@@ updateKeepAlive( ): User[1] 709 Keep alive = 79
[2025-05-20 17:54:48.874] [0m[0;34mAPP     :INFO :gCapSessionHandle!!!.
[2025-05-20 17:54:48.874] [0m[0;34mAPP     :INFO :@@@ gNumberOfUserinDTPCM = 2, pRangingData->no_of_measurements = 1,i=0
[2025-05-20 17:54:48.874] [0m[0;34mAPP     :INFO :Measure_NLOS = 0, Classification_NLOS =   0
[2025-05-20 17:54:48.874] [0m[0;34mAPP     :INFO :Conten_Distance_MasterAnchor_to_709=110
[2025-05-20 17:54:48.874] [0m[0;34mAPP     :INFO :Current User ( 709 ) status is : SystemStatus = 0 , DiscoverStatus = 4 , TransactionState = 4 , AuthenticationState = 9
[2025-05-20 17:54:48.874] [0mKF_predict(): Predicted value = 0, Measurement = 0
[2025-05-20 17:54:48.874] [0;34mAPP     :INFO :@@@ User Speed is :( 709 ) , 2 ,(cm/s)
[2025-05-20 17:54:48.874] [0m[0;34mAPP     :INFO :@ b = 110, c = 50, x = -48, y = 49
[2025-05-20 17:54:48.874] [0m[0;34mAPP     :INFO :@ a = 100, d = 100, m = 250, Gate = 100
[2025-05-20 17:54:48.874] [0m[0;34mAPP     :INFO :################################### into blue area...##################################################
[2025-05-20 17:54:48.874] [0m[0;34mAPP     :INFO :No User to r or w | SystemStatus = 0
[2025-05-20 17:54:48.874] [0m
[2025-05-20 17:54:49.142] [0;32mTMLUWB  :RX < :RECV                :62000048 F7B00100 01000000 00FA0000 00010000 05000001 00000000 01070900 006C0000 00640000 64000000 00000003 92000000 00000000 00000000 0E000000 00010300 01030000 00000000
[2025-05-20 17:54:49.142] [0m[0;34mAPP     :INFO :@@@ updateKeepAlive( ): User[1] 709 Keep alive = 79
[2025-05-20 17:54:49.142] [0m[0;34mAPP     :INFO :gCapSessionHandle!!!.
[2025-05-20 17:54:49.142] [0m[0;34mAPP     :INFO :@@@ gNumberOfUserinDTPCM = 2, pRangingData->no_of_measurements = 1,i=0
[2025-05-20 17:54:49.142] [0m[0;34mAPP     :INFO :Measure_NLOS = 0, Classification_NLOS =   0
[2025-05-20 17:54:49.142] [0m[0;34mAPP     :INFO :Conten_Distance_MasterAnchor_to_709=108
[2025-05-20 17:54:49.142] [0m[0;34mAPP     :INFO :Current User ( 709 ) status is : SystemStatus = 0 , DiscoverStatus = 4 , TransactionState = 4 , AuthenticationState = 9
[2025-05-20 17:54:49.142] [0mKF_predict(): Predicted value = 0, Measurement = 0
[2025-05-20 17:54:49.142] [0;34mAPP     :INFO :@@@ User Speed is :( 709 ) , 1 ,(cm/s)
[2025-05-20 17:54:49.142] [0m[0;34mAPP     :INFO :@ b = 108, c = 50, x = -45, y = 51
[2025-05-20 17:54:49.142] [0m[0;34mAPP     :INFO :@ a = 100, d = 100, m = 250, Gate = 100
[2025-05-20 17:54:49.142] [0m[0;34mAPP     :INFO :################################### into blue area...##################################################
[2025-05-20 17:54:49.142] [0m[0;34mAPP     :INFO :No User to r or w | SystemStatus = 0
[2025-05-20 17:54:49.142] [0m
[2025-05-20 17:54:49.380] [0;32mTMLUWB  :RX < :RECV                :62000048 F8B00100 01000000 00FA0000 00010000 05000001 00000000 01070900 006D0000 00640000 64000000 00000003 93000000 00000000 00000000 0E000000 00010300 01030000 00000000
[2025-05-20 17:54:49.381] [0m[0;34mAPP     :INFO :@@@ updateKeepAlive( ): User[1] 709 Keep alive = 79
[2025-05-20 17:54:49.381] [0m[0;34mAPP     :INFO :gCapSessionHandle!!!.
[2025-05-20 17:54:49.381] [0m[0;34mAPP     :INFO :@@@ gNumberOfUserinDTPCM = 2, pRangingData->no_of_measurements = 1,i=0
[2025-05-20 17:54:49.381] [0m[0;34mAPP     :INFO :Measure_NLOS = 0, Classification_NLOS =   0
[2025-05-20 17:54:49.381] [0m[0;34mAPP     :INFO :Conten_Distance_MasterAnchor_to_709=109
[2025-05-20 17:54:49.381] [0m[0;34mAPP     :INFO :Current User ( 709 ) status is : SystemStatus = 0 , DiscoverStatus = 4 , TransactionState = 4 , AuthenticationState = 9
[2025-05-20 17:54:49.381] [0mKF_predict(): Predicted value = 0, Measurement = 0
[2025-05-20 17:54:49.381] [0;34mAPP     :INFO :@@@ User Speed is :( 709 ) , 2 ,(cm/s)
[2025-05-20 17:54:49.381] [0m[0;34mAPP     :INFO :@ b = 109, c = 50, x = -46, y = 51
[2025-05-20 17:54:49.381] [0m[0;34mAPP     :INFO :@ a = 100, d = 100, m = 250, Gate = 100
[2025-05-20 17:54:49.381] [0m[0;34mAPP     :INFO :################################### into blue area...##################################################
[2025-05-20 17:54:49.381] [0m[0;34mAPP     :INFO :No User to r or w | SystemStatus = 0
[2025-05-20 17:54:49.381] [0m
[2025-05-20 17:54:49.623] [0;32mTMLUWB  :RX < :RECV                :62000048 F9B00100 01000000 00FA0000 00010000 05000001 00000000 01070900 006E0000 00640000 64000000 00000003 91000000 00000000 00000000 0E000000 00010300 01030000 00000000
[2025-05-20 17:54:49.624] [0m[0;34mAPP     :INFO :@@@ updateKeepAlive( ): User[1] 709 Keep alive = 79
[2025-05-20 17:54:49.624] [0m[0;34mAPP     :INFO :gCapSessionHandle!!!.
[2025-05-20 17:54:49.624] [0m[0;34mAPP     :INFO :@@@ gNumberOfUserinDTPCM = 2, pRangingData->no_of_measurements = 1,i=0
[2025-05-20 17:54:49.624] [0m[0;34mAPP     :INFO :Measure_NLOS = 0, Classification_NLOS =   0
[2025-05-20 17:54:49.624] [0m[0;34mAPP     :INFO :Conten_Distance_MasterAnchor_to_709=110
[2025-05-20 17:54:49.624] [0m[0;34mAPP     :INFO :Current User ( 709 ) status is : SystemStatus = 0 , DiscoverStatus = 4 , TransactionState = 4 , AuthenticationState = 9
[2025-05-20 17:54:49.624] [0mKF_predict(): Predicted value = 0, Measurement = 0
[2025-05-20 17:54:49.624] [0;34mAPP     :INFO :@@@ User Speed is :( 709 ) , 0 ,(cm/s)
[2025-05-20 17:54:49.624] [0m[0;34mAPP     :INFO :@ b = 110, c = 50, x = -48, y = 49
[2025-05-20 17:54:49.624] [0m[0;34mAPP     :INFO :@ a = 100, d = 100, m = 250, Gate = 100
[2025-05-20 17:54:49.624] [0m[0;34mAPP     :INFO :################################### into blue area...##################################################
[2025-05-20 17:54:49.624] [0m[0;34mAPP     :INFO :No User to r or w | SystemStatus = 0
[2025-05-20 17:54:49.624] [0m
[2025-05-20 17:54:49.879] [0;32mTMLUWB  :RX < :RECV                :62000048 FAB00100 01000000 00FA0000 00010000 05000001 00000000 01070900 006E0000 00640000 64000000 00000003 91000000 00000000 00000000 0E000000 00010300 01030000 00000000
[2025-05-20 17:54:49.879] [0m[0;34mAPP     :INFO :@@@ updateKeepAlive( ): User[1] 709 Keep alive = 79
[2025-05-20 17:54:49.879] [0m[0;34mAPP     :INFO :gCapSessionHandle!!!.
[2025-05-20 17:54:49.879] [0m[0;34mAPP     :INFO :@@@ gNumberOfUserinDTPCM = 2, pRangingData->no_of_measurements = 1,i=0
[2025-05-20 17:54:49.879] [0m[0;34mAPP     :INFO :Measure_NLOS = 0, Classification_NLOS =   0
[2025-05-20 17:54:49.879] [0m[0;34mAPP     :INFO :Conten_Distance_MasterAnchor_to_709=110
[2025-05-20 17:54:49.879] [0m[0;34mAPP     :INFO :Current User ( 709 ) status is : SystemStatus = 0 , DiscoverStatus = 4 , TransactionState = 4 , AuthenticationState = 9
[2025-05-20 17:54:49.881] [0mKF_predict(): Predicted value = 0, Measurement = 0
[2025-05-20 17:54:49.881] [0;34mAPP     :INFO :@@@ User Speed is :( 709 ) , 3 ,(cm/s)
[2025-05-20 17:54:49.881] [0m[0;34mAPP     :INFO :@ b = 110, c = 50, x = -48, y = 49
[2025-05-20 17:54:49.881] [0m[0;34mAPP     :INFO :@ a = 100, d = 100, m = 250, Gate = 100
[2025-05-20 17:54:49.881] [0m[0;34mAPP     :INFO :################################### into blue area...##################################################
[2025-05-20 17:54:49.881] [0m[0;34mAPP     :INFO :No User to r or w | SystemStatus = 0
[2025-05-20 17:54:49.881] [0m
[2025-05-20 17:54:50.150] [0;32mTMLUWB  :RX < :RECV                :62000048 FBB00100 01000000 00FA0000 00010000 05000001 00000000 01070900 006E0000 00640000 64000000 00000003 90000000 00000000 00000000 0E000000 00010300 01030000 00000000
[2025-05-20 17:54:50.150] [0m[0;34mAPP     :INFO :@@@ updateKeepAlive( ): User[1] 709 Keep alive = 79
[2025-05-20 17:54:50.150] [0m[0;34mAPP     :INFO :gCapSessionHandle!!!.
[2025-05-20 17:54:50.150] [0m[0;34mAPP     :INFO :@@@ gNumberOfUserinDTPCM = 2, pRangingData->no_of_measurements = 1,i=0
[2025-05-20 17:54:50.150] [0m[0;34mAPP     :INFO :Measure_NLOS = 0, Classification_NLOS =   0
[2025-05-20 17:54:50.150] [0m[0;34mAPP     :INFO :Conten_Distance_MasterAnchor_to_709=110
[2025-05-20 17:54:50.150] [0m[0;34mAPP     :INFO :Current User ( 709 ) status is : SystemStatus = 0 , DiscoverStatus = 4 , TransactionState = 4 , AuthenticationState = 9
[2025-05-20 17:54:50.150] [0mKF_predict(): Predicted value = 0, Measurement = 0
[2025-05-20 17:54:50.150] [0;34mAPP     :INFO :@@@ User Speed is :( 709 ) , 2 ,(cm/s)
[2025-05-20 17:54:50.150] [0m[0;34mAPP     :INFO :@ b = 110, c = 50, x = -48, y = 49
[2025-05-20 17:54:50.151] [0m[0;34mAPP     :INFO :@ a = 100, d = 100, m = 250, Gate = 100
[2025-05-20 17:54:50.151] [0m[0;34mAPP     :INFO :################################### into blue area...##################################################
[2025-05-20 17:54:50.151] [0m[0;34mAPP     :INFO :No User to r or w | SystemStatus = 0
[2025-05-20 17:54:50.151] [0m
[2025-05-20 17:54:50.373] [0;32mTMLUWB  :RX < :RECV                :62000048 FCB00100 01000000 00FA0000 00010000 05000001 00000000 01070900 006D0000 00640000 64000000 00000003 92000000 00000000 00000000 0E000000 00010300 01030000 00000000
[2025-05-20 17:54:50.373] [0m[0;34mAPP     :INFO :@@@ updateKeepAlive( ): User[1] 709 Keep alive = 79
[2025-05-20 17:54:50.373] [0m[0;34mAPP     :INFO :gCapSessionHandle!!!.
[2025-05-20 17:54:50.373] [0m[0;34mAPP     :INFO :@@@ gNumberOfUserinDTPCM = 2, pRangingData->no_of_measurements = 1,i=0
[2025-05-20 17:54:50.373] [0m[0;34mAPP     :INFO :Measure_NLOS = 0, Classification_NLOS =   0
[2025-05-20 17:54:50.374] [0m[0;34mAPP     :INFO :Conten_Distance_MasterAnchor_to_709=109
[2025-05-20 17:54:50.374] [0m[0;34mAPP     :INFO :Current User ( 709 ) status is : SystemStatus = 0 , DiscoverStatus = 4 , TransactionState = 4 , AuthenticationState = 9
[2025-05-20 17:54:50.374] [0mKF_predict(): Predicted value = 0, Measurement = 0
[2025-05-20 17:54:50.374] [0;34mAPP     :INFO :@@@ User Speed is :( 709 ) , 2 ,(cm/s)
[2025-05-20 17:54:50.374] [0m[0;34mAPP     :INFO :@ b = 109, c = 50, x = -46, y = 51
[2025-05-20 17:54:50.374] [0m[0;34mAPP     :INFO :@ a = 100, d = 100, m = 250, Gate = 100
[2025-05-20 17:54:50.374] [0m[0;34mAPP     :INFO :################################### into blue area...##################################################
[2025-05-20 17:54:50.374] [0m[0;34mAPP     :INFO :No User to r or w | SystemStatus = 0
[2025-05-20 17:54:50.374] [0m
[2025-05-20 17:54:50.632] [0;32mTMLUWB  :RX < :RECV                :62000048 FDB00100 01000000 00FA0000 00010000 05000001 00000000 01070900 006D0000 00640000 64000000 00000003 91000000 00000000 00000000 0E000000 00010300 01030000 00000000
[2025-05-20 17:54:50.632] [0m[0;34mAPP     :INFO :@@@ updateKeepAlive( ): User[1] 709 Keep alive = 79
[2025-05-20 17:54:50.632] [0m[0;34mAPP     :INFO :gCapSessionHandle!!!.
[2025-05-20 17:54:50.633] [0m[0;34mAPP     :INFO :@@@ gNumberOfUserinDTPCM = 2, pRangingData->no_of_measurements = 1,i=0
[2025-05-20 17:54:50.633] [0m[0;34mAPP     :INFO :Measure_NLOS = 0, Classification_NLOS =   0
[2025-05-20 17:54:50.633] [0m[0;34mAPP     :INFO :Conten_Distance_MasterAnchor_to_709=109
[2025-05-20 17:54:50.633] [0m[0;34mAPP     :INFO :Current User ( 709 ) status is : SystemStatus = 0 , DiscoverStatus = 4 , TransactionState = 4 , AuthenticationState = 9
[2025-05-20 17:54:50.633] [0mKF_predict(): Predicted value = 0, Measurement = 0
[2025-05-20 17:54:50.633] [0;34mAPP     :INFO :@@@ User Speed is :( 709 ) , 2 ,(cm/s)
[2025-05-20 17:54:50.633] [0m[0;34mAPP     :INFO :@ b = 109, c = 50, x = -46, y = 51
[2025-05-20 17:54:50.633] [0m[0;34mAPP     :INFO :@ a = 100, d = 100, m = 250, Gate = 100
[2025-05-20 17:54:50.633] [0m[0;34mAPP     :INFO :################################### into blue area...##################################################
[2025-05-20 17:54:50.633] [0m[0;34mAPP     :INFO :No User to r or w | SystemStatus = 0
[2025-05-20 17:54:50.633] [0m
[2025-05-20 17:54:50.907] [0;32mTMLUWB  :RX < :RECV                :62000048 FEB00100 01000000 00FA0000 00010000 05000001 00000000 01070900 006D0000 00640000 64000000 00000003 91000000 00000000 00000000 0E000000 00010300 01030000 00000000
[2025-05-20 17:54:50.907] [0m[0;34mAPP     :INFO :@@@ updateKeepAlive( ): User[1] 709 Keep alive = 79
[2025-05-20 17:54:50.907] [0m[0;34mAPP     :INFO :gCapSessionHandle!!!.
[2025-05-20 17:54:50.907] [0m[0;34mAPP     :INFO :@@@ gNumberOfUserinDTPCM = 2, pRangingData->no_of_measurements = 1,i=0
[2025-05-20 17:54:50.907] [0m[0;34mAPP     :INFO :Measure_NLOS = 0, Classification_NLOS =   0
[2025-05-20 17:54:50.908] [0m[0;34mAPP     :INFO :Conten_Distance_MasterAnchor_to_709=109
[2025-05-20 17:54:50.908] [0m[0;34mAPP     :INFO :Current User ( 709 ) status is : SystemStatus = 0 , DiscoverStatus = 4 , TransactionState = 4 , AuthenticationState = 9
[2025-05-20 17:54:50.908] [0mKF_predict(): Predicted value = 0, Measurement = 0
[2025-05-20 17:54:50.908] [0;34mAPP     :INFO :@@@ User Speed is :( 709 ) , 2 ,(cm/s)
[2025-05-20 17:54:50.908] [0m[0;34mAPP     :INFO :@ b = 109, c = 50, x = -46, y = 51
[2025-05-20 17:54:50.908] [0m[0;34mAPP     :INFO :@ a = 100, d = 100, m = 250, Gate = 100
[2025-05-20 17:54:50.908] [0m[0;34mAPP     :INFO :################################### into blue area...##################################################
[2025-05-20 17:54:50.908] [0m[0;34mAPP     :INFO :No User to r or w | SystemStatus = 0
[2025-05-20 17:54:50.908] [0m
