[2025-05-24 15:06:40.913] [0;32mTMLUWB  :RX < :RECV                :62000023 4DD80000 01000000 00FA0000 00010000 05000001 00000000 00080000 00000103 000103
[2025-05-24 15:06:40.914] [0m[0;34mAPP     :INFO :No User to r or w | SystemStatus = 0
[2025-05-24 15:06:40.914] [0m
[2025-05-24 15:06:41.171] [0;32mTMLUWB  :RX < :RECV                :62000023 4ED80000 01000000 00FA0000 00010000 05000001 00000000 00080000 00000103 000103
[2025-05-24 15:06:41.172] [0m[0;34mAPP     :INFO :No User to r or w | SystemStatus = 0
[2025-05-24 15:06:41.172] [0m
[2025-05-24 15:06:41.420] [0;32mTMLUWB  :RX < :RECV                :62000023 4FD80000 01000000 00FA0000 00010000 05000001 00000000 00080000 00000103 000103
[2025-05-24 15:06:41.420] [0m[0;34mAPP     :INFO :No User to r or w | SystemStatus = 0
[2025-05-24 15:06:41.420] [0m
[2025-05-24 15:06:41.671] [0;32mTMLUWB  :RX < :RECV                :62000023 50D80000 01000000 00FA0000 00010000 05000001 00000000 00080000 00000103 000103
[2025-05-24 15:06:41.672] [0m[0;34mAPP     :INFO :No User to r or w | SystemStatus = 0
[2025-05-24 15:06:41.672] [0m
[2025-05-24 15:06:41.920] [0;32mTMLUWB  :RX < :RECV                :62000023 51D80000 01000000 00FA0000 00010000 05000001 00000000 00080000 00000103 000103
[2025-05-24 15:06:41.920] [0m[0;34mAPP     :INFO :No User to r or w | SystemStatus = 0
[2025-05-24 15:06:41.920] [0m
[2025-05-24 15:06:42.166] [0;32mTMLUWB  :RX < :RECV                :62000023 52D80000 01000000 00FA0000 00010000 05000001 00000000 00080000 00000103 000103
[2025-05-24 15:06:42.166] [0m[0;34mAPP     :INFO :No User to r or w | SystemStatus = 0
[2025-05-24 15:06:42.166] [0m
[2025-05-24 15:06:42.415] [0;32mTMLUWB  :RX < :RECV                :62000023 53D80000 01000000 00FA0000 00010000 05000001 00000000 00080000 00000103 000103
[2025-05-24 15:06:42.416] [0m[0;34mAPP     :INFO :No User to r or w | SystemStatus = 0
[2025-05-24 15:06:42.416] [0m
[2025-05-24 15:06:42.664] [0;32mTMLUWB  :RX < :RECV                :62000023 54D80000 01000000 00FA0000 00010000 05000001 00000000 00080000 00000103 000103
[2025-05-24 15:06:42.664] [0m[0;34mAPP     :INFO :No User to r or w | SystemStatus = 0
[2025-05-24 15:06:42.664] [0m
[2025-05-24 15:06:42.922] [0;32mTMLUWB  :RX < :RECV                :62000023 55D80000 01000000 00FA0000 00010000 05000001 00000000 00080000 00000103 000103
[2025-05-24 15:06:42.922] [0m[0;34mAPP     :INFO :No User to r or w | SystemStatus = 0
[2025-05-24 15:06:42.922] [0m
[2025-05-24 15:06:43.169] [0;32mTMLUWB  :RX < :RECV                :62000023 56D80000 01000000 00FA0000 00010000 05000001 00000000 00080000 00000103 000103
[2025-05-24 15:06:43.169] [0m[0;34mAPP     :INFO :No User to r or w | SystemStatus = 0
[2025-05-24 15:06:43.170] [0m
[2025-05-24 15:06:43.415] [0;32mTMLUWB  :RX < :RECV                :62000023 57D80000 01000000 00FA0000 00010000 05000001 00000000 00080000 00000103 000103
[2025-05-24 15:06:43.415] [0m[0;34mAPP     :INFO :No User to r or w | SystemStatus = 0
[2025-05-24 15:06:43.415] [0m
[2025-05-24 15:06:43.663] [0;32mTMLUWB  :RX < :RECV                :62000023 58D80000 01000000 00FA0000 00010000 05000001 00000000 00080000 00000103 000103
[2025-05-24 15:06:43.663] [0m[0;34mAPP     :INFO :No User to r or w | SystemStatus = 0
[2025-05-24 15:06:43.663] [0m
[2025-05-24 15:06:43.921] [0;32mTMLUWB  :RX < :RECV                :62000023 59D80000 01000000 00FA0000 00010000 05000001 00000000 00080000 00000103 000103
[2025-05-24 15:06:43.921] [0m[0;34mAPP     :INFO :No User to r or w | SystemStatus = 0
[2025-05-24 15:06:43.921] [0m
[2025-05-24 15:06:44.172] [0;32mTMLUWB  :RX < :RECV                :62000023 5AD80000 01000000 00FA0000 00010000 05000001 00000000 00080000 00000103 000103
[2025-05-24 15:06:44.172] [0m[0;34mAPP     :INFO :No User to r or w | SystemStatus = 0
[2025-05-24 15:06:44.172] [0m
[2025-05-24 15:06:44.419] [0;32mTMLUWB  :RX < :RECV                :62000023 5BD80000 01000000 00FA0000 00010000 05000001 00000000 00080000 00000103 000103
[2025-05-24 15:06:44.419] [0m[0;34mAPP     :INFO :No User to r or w | SystemStatus = 0
[2025-05-24 15:06:44.419] [0m
[2025-05-24 15:06:44.670] [0;32mTMLUWB  :RX < :RECV                :62000023 5CD80000 01000000 00FA0000 00010000 05000001 00000000 00080000 00000103 000103
[2025-05-24 15:06:44.670] [0m[0;34mAPP     :INFO :No User to r or w | SystemStatus = 0
[2025-05-24 15:06:44.670] [0m
[2025-05-24 15:06:44.921] [0;32mTMLUWB  :RX < :RECV                :62000023 5DD80000 01000000 00FA0000 00010000 05000001 00000000 00080000 00000103 000103
[2025-05-24 15:06:44.922] [0m[0;34mAPP     :INFO :No User to r or w | SystemStatus = 0
[2025-05-24 15:06:44.923] [0m
[2025-05-24 15:06:45.171] [0;32mTMLUWB  :RX < :RECV                :62000023 5ED80000 01000000 00FA0000 00010000 05000001 00000000 00080000 00000103 000103
[2025-05-24 15:06:45.171] [0m[0;34mAPP     :INFO :No User to r or w | SystemStatus = 0
[2025-05-24 15:06:45.171] [0m
[2025-05-24 15:06:45.418] [0;32mTMLUWB  :RX < :RECV                :62000023 5FD80000 01000000 00FA0000 00010000 05000001 00000000 00080000 00000103 000103
[2025-05-24 15:06:45.418] [0m[0;34mAPP     :INFO :No User to r or w | SystemStatus = 0
[2025-05-24 15:06:45.418] [0m
