[2025-05-20 17:44:04.646] [0;32mTMLUWB  :RX < :RECV                :62000048 E5A60100 01000000 00FA0000 00010000 05000001 00000000 01070900 006C0000 00640000 64000000 00000003 93000000 00000000 00000000 0E000000 00010300 01030000 00000000
[2025-05-20 17:44:04.646] [0m[0;34mAPP     :INFO :@@@ updateKeepAlive( ): User[1] 709 Keep alive = 79
[2025-05-20 17:44:04.646] [0m[0;34mAPP     :INFO :gCapSessionHandle!!!.
[2025-05-20 17:44:04.646] [0m[0;34mAPP     :INFO :@@@ gNumberOfUserinDTPCM = 2, pRangingData->no_of_measurements = 1,i=0
[2025-05-20 17:44:04.646] [0m[0;34mAPP     :INFO :Measure_NLOS = 0, Classification_NLOS =   0
[2025-05-20 17:44:04.646] [0m[0;34mAPP     :INFO :Conten_Distance_MasterAnchor_to_709=108
[2025-05-20 17:44:04.646] [0m[0;34mAPP     :INFO :Current User ( 709 ) status is : SystemStatus = 0 , DiscoverStatus = 4 , TransactionState = 4 , AuthenticationState = 9
[2025-05-20 17:44:04.647] [0mKF_predict(): Predicted value = 0, Measurement = 0
[2025-05-20 17:44:04.647] [0;34mAPP     :INFO :@@@ User Speed is :( 709 ) , 3 ,(cm/s)
[2025-05-20 17:44:04.647] [0m[0;34mAPP     :INFO :@ b = 108, c = 50, x = -45, y = 51
[2025-05-20 17:44:04.647] [0m[0;34mAPP     :INFO :@ a = 100, d = 100, m = 250, Gate = 100
[2025-05-20 17:44:04.647] [0m[0;34mAPP     :INFO :################################### into blue area...##################################################
[2025-05-20 17:44:04.647] [0m[0;34mAPP     :INFO :No User to r or w | SystemStatus = 0
[2025-05-20 17:44:04.647] [0m
[2025-05-20 17:44:04.892] [0;32mTMLUWB  :RX < :RECV                :62000048 E6A60100 01000000 00FA0000 00010000 05000001 00000000 01070900 006D0000 00640000 64000000 00000003 94000000 00000000 00000000 0E000000 00010300 01030000 00000000
[2025-05-20 17:44:04.892] [0m[0;34mAPP     :INFO :@@@ updateKeepAlive( ): User[1] 709 Keep alive = 79
[2025-05-20 17:44:04.892] [0m[0;34mAPP     :INFO :gCapSessionHandle!!!.
[2025-05-20 17:44:04.892] [0m[0;34mAPP     :INFO :@@@ gNumberOfUserinDTPCM = 2, pRangingData->no_of_measurements = 1,i=0
[2025-05-20 17:44:04.892] [0m[0;34mAPP     :INFO :Measure_NLOS = 0, Classification_NLOS =   0
[2025-05-20 17:44:04.892] [0m[0;34mAPP     :INFO :Conten_Distance_MasterAnchor_to_709=109
[2025-05-20 17:44:04.893] [0m[0;34mAPP     :INFO :Current User ( 709 ) status is : SystemStatus = 0 , DiscoverStatus = 4 , TransactionState = 4 , AuthenticationState = 9
[2025-05-20 17:44:04.893] [0mKF_predict(): Predicted value = 0, Measurement = 0
[2025-05-20 17:44:04.893] [0;34mAPP     :INFO :@@@ User Speed is :( 709 ) , 3 ,(cm/s)
[2025-05-20 17:44:04.893] [0m[0;34mAPP     :INFO :@ b = 109, c = 50, x = -46, y = 51
[2025-05-20 17:44:04.893] [0m[0;34mAPP     :INFO :@ a = 100, d = 100, m = 250, Gate = 100
[2025-05-20 17:44:04.893] [0m[0;34mAPP     :INFO :################################### into blue area...##################################################
[2025-05-20 17:44:04.893] [0m[0;34mAPP     :INFO :No User to r or w | SystemStatus = 0
[2025-05-20 17:44:04.893] [0m
[2025-05-20 17:44:05.138] [0;32mTMLUWB  :RX < :RECV                :62000048 E7A60100 01000000 00FA0000 00010000 05000001 00000000 01070900 006D0000 00640000 64000000 00000003 93000000 00000000 00000000 0E000000 00010300 01030000 00000000
[2025-05-20 17:44:05.139] [0m[0;34mAPP     :INFO :@@@ updateKeepAlive( ): User[1] 709 Keep alive = 79
[2025-05-20 17:44:05.139] [0m[0;34mAPP     :INFO :gCapSessionHandle!!!.
[2025-05-20 17:44:05.139] [0m[0;34mAPP     :INFO :@@@ gNumberOfUserinDTPCM = 2, pRangingData->no_of_measurements = 1,i=0
[2025-05-20 17:44:05.139] [0m[0;34mAPP     :INFO :Measure_NLOS = 0, Classification_NLOS =   0
[2025-05-20 17:44:05.139] [0m[0;34mAPP     :INFO :Conten_Distance_MasterAnchor_to_709=109
[2025-05-20 17:44:05.139] [0m[0;34mAPP     :INFO :Current User ( 709 ) status is : SystemStatus = 0 , DiscoverStatus = 4 , TransactionState = 4 , AuthenticationState = 9
[2025-05-20 17:44:05.139] [0mKF_predict(): Predicted value = 0, Measurement = 0
[2025-05-20 17:44:05.139] [0;34mAPP     :INFO :@@@ User Speed is :( 709 ) , 3 ,(cm/s)
[2025-05-20 17:44:05.139] [0m[0;34mAPP     :INFO :@ b = 109, c = 50, x = -46, y = 51
[2025-05-20 17:44:05.139] [0m[0;34mAPP     :INFO :@ a = 100, d = 100, m = 250, Gate = 100
[2025-05-20 17:44:05.139] [0m[0;34mAPP     :INFO :################################### into blue area...##################################################
[2025-05-20 17:44:05.139] [0m[0;34mAPP     :INFO :No User to r or w | SystemStatus = 0
[2025-05-20 17:44:05.139] [0m
[2025-05-20 17:44:05.396] [0;32mTMLUWB  :RX < :RECV                :62000048 E8A60100 01000000 00FA0000 00010000 05000001 00000000 01070900 006B0000 00640000 64000000 00000003 95000000 00000000 00000000 0E000000 00010300 01030000 00000000
[2025-05-20 17:44:05.396] [0m[0;34mAPP     :INFO :@@@ updateKeepAlive( ): User[1] 709 Keep alive = 79
[2025-05-20 17:44:05.396] [0m[0;34mAPP     :INFO :gCapSessionHandle!!!.
[2025-05-20 17:44:05.396] [0m[0;34mAPP     :INFO :@@@ gNumberOfUserinDTPCM = 2, pRangingData->no_of_measurements = 1,i=0
[2025-05-20 17:44:05.396] [0m[0;34mAPP     :INFO :Measure_NLOS = 0, Classification_NLOS =   0
[2025-05-20 17:44:05.396] [0m[0;34mAPP     :INFO :Conten_Distance_MasterAnchor_to_709=107
[2025-05-20 17:44:05.396] [0m[0;34mAPP     :INFO :Current User ( 709 ) status is : SystemStatus = 0 , DiscoverStatus = 4 , TransactionState = 4 , AuthenticationState = 9
[2025-05-20 17:44:05.396] [0mKF_predict(): Predicted value = 0, Measurement = 0
[2025-05-20 17:44:05.396] [0;34mAPP     :INFO :@@@ User Speed is :( 709 ) , 1 ,(cm/s)
[2025-05-20 17:44:05.397] [0m[0;34mAPP     :INFO :@ b = 107, c = 50, x = -44, y = 51
[2025-05-20 17:44:05.397] [0m[0;34mAPP     :INFO :@ a = 100, d = 100, m = 250, Gate = 100
[2025-05-20 17:44:05.397] [0m[0;34mAPP     :INFO :################################### into blue area...##################################################
[2025-05-20 17:44:05.397] [0m[0;34mAPP     :INFO :No User to r or w | SystemStatus = 0
[2025-05-20 17:44:05.397] [0m
[2025-05-20 17:44:05.640] [0;32mTMLUWB  :RX < :RECV                :62000048 E9A60100 01000000 00FA0000 00010000 05000001 00000000 01070900 006D0000 00640000 64000000 00000003 94000000 00000000 00000000 0E000000 00010300 01030000 00000000
[2025-05-20 17:44:05.640] [0m[0;34mAPP     :INFO :@@@ updateKeepAlive( ): User[1] 709 Keep alive = 79
[2025-05-20 17:44:05.640] [0m[0;34mAPP     :INFO :gCapSessionHandle!!!.
[2025-05-20 17:44:05.640] [0m[0;34mAPP     :INFO :@@@ gNumberOfUserinDTPCM = 2, pRangingData->no_of_measurements = 1,i=0
[2025-05-20 17:44:05.640] [0m[0;34mAPP     :INFO :Measure_NLOS = 0, Classification_NLOS =   0
[2025-05-20 17:44:05.640] [0m[0;34mAPP     :INFO :Conten_Distance_MasterAnchor_to_709=109
[2025-05-20 17:44:05.640] [0m[0;34mAPP     :INFO :Current User ( 709 ) status is : SystemStatus = 0 , DiscoverStatus = 4 , TransactionState = 4 , AuthenticationState = 9
[2025-05-20 17:44:05.640] [0mKF_predict(): Predicted value = 0, Measurement = 0
[2025-05-20 17:44:05.640] [0;34mAPP     :INFO :@@@ User Speed is :( 709 ) , 0 ,(cm/s)
[2025-05-20 17:44:05.640] [0m[0;34mAPP     :INFO :@ b = 109, c = 50, x = -46, y = 51
[2025-05-20 17:44:05.641] [0m[0;34mAPP     :INFO :@ a = 100, d = 100, m = 250, Gate = 100
[2025-05-20 17:44:05.641] [0m[0;34mAPP     :INFO :################################### into blue area...##################################################
[2025-05-20 17:44:05.641] [0m[0;34mAPP     :INFO :No User to r or w | SystemStatus = 0
[2025-05-20 17:44:05.641] [0m
[2025-05-20 17:44:05.897] [0;32mTMLUWB  :RX < :RECV                :62000048 EAA60100 01000000 00FA0000 00010000 05000001 00000000 01070900 006B0000 00640000 64000000 00000003 92000000 00000000 00000000 0E000000 00010300 01030000 00000000
[2025-05-20 17:44:05.897] [0m[0;34mAPP     :INFO :@@@ updateKeepAlive( ): User[1] 709 Keep alive = 79
[2025-05-20 17:44:05.897] [0m[0;34mAPP     :INFO :gCapSessionHandle!!!.
[2025-05-20 17:44:05.897] [0m[0;34mAPP     :INFO :@@@ gNumberOfUserinDTPCM = 2, pRangingData->no_of_measurements = 1,i=0
[2025-05-20 17:44:05.897] [0m[0;34mAPP     :INFO :Measure_NLOS = 0, Classification_NLOS =   0
[2025-05-20 17:44:05.899] [0m[0;34mAPP     :INFO :Conten_Distance_MasterAnchor_to_709=107
[2025-05-20 17:44:05.899] [0m[0;34mAPP     :INFO :Current User ( 709 ) status is : SystemStatus = 0 , DiscoverStatus = 4 , TransactionState = 4 , AuthenticationState = 9
[2025-05-20 17:44:05.899] [0mKF_predict(): Predicted value = 0, Measurement = 0
[2025-05-20 17:44:05.899] [0;34mAPP     :INFO :@@@ User Speed is :( 709 ) , 2 ,(cm/s)
[2025-05-20 17:44:05.899] [0m[0;34mAPP     :INFO :@ b = 107, c = 50, x = -44, y = 51
[2025-05-20 17:44:05.899] [0m[0;34mAPP     :INFO :@ a = 100, d = 100, m = 250, Gate = 100
[2025-05-20 17:44:05.899] [0m[0;34mAPP     :INFO :################################### into blue area...##################################################
[2025-05-20 17:44:05.899] [0m[0;34mAPP     :INFO :No User to r or w | SystemStatus = 0
[2025-05-20 17:44:05.899] [0m
[2025-05-20 17:44:06.138] [0;32mTMLUWB  :RX < :RECV                :62000048 EBA60100 01000000 00FA0000 00010000 05000001 00000000 01070900 006D0000 00640000 64000000 00000003 94000000 00000000 00000000 0E000000 00010300 01030000 00000000
[2025-05-20 17:44:06.139] [0m[0;34mAPP     :INFO :@@@ updateKeepAlive( ): User[1] 709 Keep alive = 79
[2025-05-20 17:44:06.139] [0m[0;34mAPP     :INFO :gCapSessionHandle!!!.
[2025-05-20 17:44:06.139] [0m[0;34mAPP     :INFO :@@@ gNumberOfUserinDTPCM = 2, pRangingData->no_of_measurements = 1,i=0
[2025-05-20 17:44:06.139] [0m[0;34mAPP     :INFO :Measure_NLOS = 0, Classification_NLOS =   0
[2025-05-20 17:44:06.139] [0m[0;34mAPP     :INFO :Conten_Distance_MasterAnchor_to_709=109
[2025-05-20 17:44:06.139] [0m[0;34mAPP     :INFO :Current User ( 709 ) status is : SystemStatus = 0 , DiscoverStatus = 4 , TransactionState = 4 , AuthenticationState = 9
[2025-05-20 17:44:06.139] [0mKF_predict(): Predicted value = 0, Measurement = 0
[2025-05-20 17:44:06.139] [0;34mAPP     :INFO :@@@ User Speed is :( 709 ) , 2 ,(cm/s)
[2025-05-20 17:44:06.140] [0m[0;34mAPP     :INFO :@ b = 109, c = 50, x = -46, y = 51
[2025-05-20 17:44:06.140] [0m[0;34mAPP     :INFO :@ a = 100, d = 100, m = 250, Gate = 100
[2025-05-20 17:44:06.140] [0m[0;34mAPP     :INFO :################################### into blue area...##################################################
[2025-05-20 17:44:06.140] [0m[0;34mAPP     :INFO :No User to r or w | SystemStatus = 0
[2025-05-20 17:44:06.140] [0m
[2025-05-20 17:44:06.389] [0;32mTMLUWB  :RX < :RECV                :62000048 ECA60100 01000000 00FA0000 00010000 05000001 00000000 01070900 006D0000 00640000 64000000 00000003 94000000 00000000 00000000 0E000000 00010300 01030000 00000000
[2025-05-20 17:44:06.389] [0m[0;34mAPP     :INFO :@@@ updateKeepAlive( ): User[1] 709 Keep alive = 79
[2025-05-20 17:44:06.389] [0m[0;34mAPP     :INFO :gCapSessionHandle!!!.
[2025-05-20 17:44:06.389] [0m[0;34mAPP     :INFO :@@@ gNumberOfUserinDTPCM = 2, pRangingData->no_of_measurements = 1,i=0
[2025-05-20 17:44:06.389] [0m[0;34mAPP     :INFO :Measure_NLOS = 0, Classification_NLOS =   0
[2025-05-20 17:44:06.389] [0m[0;34mAPP     :INFO :Conten_Distance_MasterAnchor_to_709=109
[2025-05-20 17:44:06.389] [0m[0;34mAPP     :INFO :Current User ( 709 ) status is : SystemStatus = 0 , DiscoverStatus = 4 , TransactionState = 4 , AuthenticationState = 9
[2025-05-20 17:44:06.390] [0mKF_predict(): Predicted value = 0, Measurement = 0
[2025-05-20 17:44:06.390] [0;34mAPP     :INFO :@@@ User Speed is :( 709 ) , 0 ,(cm/s)
[2025-05-20 17:44:06.390] [0m[0;34mAPP     :INFO :@ b = 109, c = 50, x = -46, y = 51
[2025-05-20 17:44:06.390] [0m[0;34mAPP     :INFO :@ a = 100, d = 100, m = 250, Gate = 100
[2025-05-20 17:44:06.390] [0m[0;34mAPP     :INFO :################################### into blue area...##################################################
[2025-05-20 17:44:06.390] [0m[0;34mAPP     :INFO :No User to r or w | SystemStatus = 0
[2025-05-20 17:44:06.390] [0m
[2025-05-20 17:44:06.641] [0;32mTMLUWB  :RX < :RECV                :62000048 EDA60100 01000000 00FA0000 00010000 05000001 00000000 01070900 006E0000 00640000 64000000 00000003 94000000 00000000 00000000 0E000000 00010300 01030000 00000000
[2025-05-20 17:44:06.641] [0m[0;34mAPP     :INFO :@@@ updateKeepAlive( ): User[1] 709 Keep alive = 79
[2025-05-20 17:44:06.641] [0m[0;34mAPP     :INFO :gCapSessionHandle!!!.
[2025-05-20 17:44:06.641] [0m[0;34mAPP     :INFO :@@@ gNumberOfUserinDTPCM = 2, pRangingData->no_of_measurements = 1,i=0
[2025-05-20 17:44:06.641] [0m[0;34mAPP     :INFO :Measure_NLOS = 0, Classification_NLOS =   0
[2025-05-20 17:44:06.642] [0m[0;34mAPP     :INFO :Conten_Distance_MasterAnchor_to_709=110
[2025-05-20 17:44:06.642] [0m[0;34mAPP     :INFO :Current User ( 709 ) status is : SystemStatus = 0 , DiscoverStatus = 4 , TransactionState = 4 , AuthenticationState = 9
[2025-05-20 17:44:06.642] [0mKF_predict(): Predicted value = 0, Measurement = 0
[2025-05-20 17:44:06.642] [0;34mAPP     :INFO :@@@ User Speed is :( 709 ) , 4 ,(cm/s)
[2025-05-20 17:44:06.642] [0m[0;34mAPP     :INFO :@ b = 110, c = 50, x = -48, y = 49
[2025-05-20 17:44:06.642] [0m[0;34mAPP     :INFO :@ a = 100, d = 100, m = 250, Gate = 100
[2025-05-20 17:44:06.642] [0m[0;34mAPP     :INFO :################################### into blue area...##################################################
[2025-05-20 17:44:06.642] [0m[0;34mAPP     :INFO :No User to r or w | SystemStatus = 0
[2025-05-20 17:44:06.642] [0m
[2025-05-20 17:44:06.896] [0;32mTMLUWB  :RX < :RECV                :62000048 EEA60100 01000000 00FA0000 00010000 05000001 00000000 01070900 006B0000 00640000 64000000 00000003 93000000 00000000 00000000 0E000000 00010300 01030000 00000000
[2025-05-20 17:44:06.896] [0m[0;34mAPP     :INFO :@@@ updateKeepAlive( ): User[1] 709 Keep alive = 79
[2025-05-20 17:44:06.896] [0m[0;34mAPP     :INFO :gCapSessionHandle!!!.
[2025-05-20 17:44:06.896] [0m[0;34mAPP     :INFO :@@@ gNumberOfUserinDTPCM = 2, pRangingData->no_of_measurements = 1,i=0
[2025-05-20 17:44:06.896] [0m[0;34mAPP     :INFO :Measure_NLOS = 0, Classification_NLOS =   0
[2025-05-20 17:44:06.896] [0m[0;34mAPP     :INFO :Conten_Distance_MasterAnchor_to_709=107
[2025-05-20 17:44:06.896] [0m[0;34mAPP     :INFO :Current User ( 709 ) status is : SystemStatus = 0 , DiscoverStatus = 4 , TransactionState = 4 , AuthenticationState = 9
[2025-05-20 17:44:06.896] [0mKF_predict(): Predicted value = 0, Measurement = 0
[2025-05-20 17:44:06.896] [0;34mAPP     :INFO :@@@ User Speed is :( 709 ) , 2 ,(cm/s)
[2025-05-20 17:44:06.896] [0m[0;34mAPP     :INFO :@ b = 107, c = 50, x = -44, y = 51
[2025-05-20 17:44:06.896] [0m[0;34mAPP     :INFO :@ a = 100, d = 100, m = 250, Gate = 100
[2025-05-20 17:44:06.896] [0m[0;34mAPP     :INFO :################################### into blue area...##################################################
[2025-05-20 17:44:06.897] [0m[0;34mAPP     :INFO :No User to r or w | SystemStatus = 0
[2025-05-20 17:44:06.897] [0m
[2025-05-20 17:44:07.140] [0;32mTMLUWB  :RX < :RECV                :62000048 EFA60100 01000000 00FA0000 00010000 05000001 00000000 01070900 006A0000 00640000 64000000 00000003 95000000 00000000 00000000 0E000000 00010300 01030000 00000000
[2025-05-20 17:44:07.140] [0m[0;34mAPP     :INFO :@@@ updateKeepAlive( ): User[1] 709 Keep alive = 79
[2025-05-20 17:44:07.140] [0m[0;34mAPP     :INFO :gCapSessionHandle!!!.
[2025-05-20 17:44:07.140] [0m[0;34mAPP     :INFO :@@@ gNumberOfUserinDTPCM = 2, pRangingData->no_of_measurements = 1,i=0
[2025-05-20 17:44:07.140] [0m[0;34mAPP     :INFO :Measure_NLOS = 0, Classification_NLOS =   0
[2025-05-20 17:44:07.140] [0m[0;34mAPP     :INFO :Conten_Distance_MasterAnchor_to_709=106
[2025-05-20 17:44:07.141] [0m[0;34mAPP     :INFO :Current User ( 709 ) status is : SystemStatus = 0 , DiscoverStatus = 4 , TransactionState = 4 , AuthenticationState = 9
[2025-05-20 17:44:07.141] [0mKF_predict(): Predicted value = 0, Measurement = 0
[2025-05-20 17:44:07.141] [0;34mAPP     :INFO :@@@ User Speed is :( 709 ) , 3 ,(cm/s)
[2025-05-20 17:44:07.141] [0m[0;34mAPP     :INFO :@ b = 106, c = 50, x = -43, y = 50
[2025-05-20 17:44:07.141] [0m[0;34mAPP     :INFO :@ a = 100, d = 100, m = 250, Gate = 100
[2025-05-20 17:44:07.141] [0m[0;34mAPP     :INFO :################################### into blue area...##################################################
[2025-05-20 17:44:07.141] [0m[0;34mAPP     :INFO :No User to r or w | SystemStatus = 0
[2025-05-20 17:44:07.141] [0m
[2025-05-20 17:44:07.397] [0;32mTMLUWB  :RX < :RECV                :62000048 F0A60100 01000000 00FA0000 00010000 05000001 00000000 01070900 006C0000 00640000 64000000 00000003 94000000 00000000 00000000 0E000000 00010300 01030000 00000000
[2025-05-20 17:44:07.397] [0m[0;34mAPP     :INFO :@@@ updateKeepAlive( ): User[1] 709 Keep alive = 79
[2025-05-20 17:44:07.397] [0m[0;34mAPP     :INFO :gCapSessionHandle!!!.
[2025-05-20 17:44:07.397] [0m[0;34mAPP     :INFO :@@@ gNumberOfUserinDTPCM = 2, pRangingData->no_of_measurements = 1,i=0
[2025-05-20 17:44:07.397] [0m[0;34mAPP     :INFO :Measure_NLOS = 0, Classification_NLOS =   0
[2025-05-20 17:44:07.397] [0m[0;34mAPP     :INFO :Conten_Distance_MasterAnchor_to_709=108
[2025-05-20 17:44:07.397] [0m[0;34mAPP     :INFO :Current User ( 709 ) status is : SystemStatus = 0 , DiscoverStatus = 4 , TransactionState = 4 , AuthenticationState = 9
[2025-05-20 17:44:07.397] [0mKF_predict(): Predicted value = 0, Measurement = 0
[2025-05-20 17:44:07.397] [0;34mAPP     :INFO :@@@ User Speed is :( 709 ) , 3 ,(cm/s)
[2025-05-20 17:44:07.398] [0m[0;34mAPP     :INFO :@ b = 108, c = 50, x = -45, y = 51
[2025-05-20 17:44:07.398] [0m[0;34mAPP     :INFO :@ a = 100, d = 100, m = 250, Gate = 100
[2025-05-20 17:44:07.398] [0m[0;34mAPP     :INFO :################################### into blue area...##################################################
[2025-05-20 17:44:07.398] [0m[0;34mAPP     :INFO :No User to r or w | SystemStatus = 0
[2025-05-20 17:44:07.398] [0m
[2025-05-20 17:44:07.643] [0;32mTMLUWB  :RX < :RECV                :62000048 F1A60100 01000000 00FA0000 00010000 05000001 00000000 01070900 006B0000 00640000 64000000 00000003 95000000 00000000 00000000 0E000000 00010300 01030000 00000000
[2025-05-20 17:44:07.643] [0m[0;34mAPP     :INFO :@@@ updateKeepAlive( ): User[1] 709 Keep alive = 79
[2025-05-20 17:44:07.643] [0m[0;34mAPP     :INFO :gCapSessionHandle!!!.
[2025-05-20 17:44:07.643] [0m[0;34mAPP     :INFO :@@@ gNumberOfUserinDTPCM = 2, pRangingData->no_of_measurements = 1,i=0
[2025-05-20 17:44:07.643] [0m[0;34mAPP     :INFO :Measure_NLOS = 0, Classification_NLOS =   0
[2025-05-20 17:44:07.643] [0m[0;34mAPP     :INFO :Conten_Distance_MasterAnchor_to_709=107
[2025-05-20 17:44:07.643] [0m[0;34mAPP     :INFO :Current User ( 709 ) status is : SystemStatus = 0 , DiscoverStatus = 4 , TransactionState = 4 , AuthenticationState = 9
[2025-05-20 17:44:07.643] [0mKF_predict(): Predicted value = 0, Measurement = 0
[2025-05-20 17:44:07.643] [0;34mAPP     :INFO :@@@ User Speed is :( 709 ) , 0 ,(cm/s)
[2025-05-20 17:44:07.643] [0m[0;34mAPP     :INFO :@ b = 107, c = 50, x = -44, y = 51
[2025-05-20 17:44:07.643] [0m[0;34mAPP     :INFO :@ a = 100, d = 100, m = 250, Gate = 100
[2025-05-20 17:44:07.643] [0m[0;34mAPP     :INFO :################################### into blue area...##################################################
[2025-05-20 17:44:07.643] [0m[0;34mAPP     :INFO :No User to r or w | SystemStatus = 0
[2025-05-20 17:44:07.643] [0m
[2025-05-20 17:44:07.893] [0;32mTMLUWB  :RX < :RECV                :62000048 F2A60100 01000000 00FA0000 00010000 05000001 00000000 01070900 006A0000 00640000 64000000 00000003 95000000 00000000 00000000 0E000000 00010300 01030000 00000000
[2025-05-20 17:44:07.893] [0m[0;34mAPP     :INFO :@@@ updateKeepAlive( ): User[1] 709 Keep alive = 79
[2025-05-20 17:44:07.893] [0m[0;34mAPP     :INFO :gCapSessionHandle!!!.
[2025-05-20 17:44:07.893] [0m[0;34mAPP     :INFO :@@@ gNumberOfUserinDTPCM = 2, pRangingData->no_of_measurements = 1,i=0
[2025-05-20 17:44:07.893] [0m[0;34mAPP     :INFO :Measure_NLOS = 0, Classification_NLOS =   0
[2025-05-20 17:44:07.893] [0m[0;34mAPP     :INFO :Conten_Distance_MasterAnchor_to_709=106
[2025-05-20 17:44:07.893] [0m[0;34mAPP     :INFO :Current User ( 709 ) status is : SystemStatus = 0 , DiscoverStatus = 4 , TransactionState = 4 , AuthenticationState = 9
[2025-05-20 17:44:07.893] [0mKF_predict(): Predicted value = 0, Measurement = 0
[2025-05-20 17:44:07.893] [0;34mAPP     :INFO :@@@ User Speed is :( 709 ) , 0 ,(cm/s)
[2025-05-20 17:44:07.893] [0m[0;34mAPP     :INFO :@ b = 106, c = 50, x = -43, y = 50
[2025-05-20 17:44:07.893] [0m[0;34mAPP     :INFO :@ a = 100, d = 100, m = 250, Gate = 100
[2025-05-20 17:44:07.893] [0m[0;34mAPP     :INFO :################################### into blue area...##################################################
[2025-05-20 17:44:07.893] [0m[0;34mAPP     :INFO :No User to r or w | SystemStatus = 0
[2025-05-20 17:44:07.894] [0m
[2025-05-20 17:44:08.147] [0;32mTMLUWB  :RX < :RECV                :62000048 F3A60100 01000000 00FA0000 00010000 05000001 00000000 01070900 006B0000 00640000 64000000 00000003 97000000 00000000 00000000 0E000000 00010300 01030000 00000000
[2025-05-20 17:44:08.147] [0m[0;34mAPP     :INFO :@@@ updateKeepAlive( ): User[1] 709 Keep alive = 79
[2025-05-20 17:44:08.147] [0m[0;34mAPP     :INFO :gCapSessionHandle!!!.
[2025-05-20 17:44:08.147] [0m[0;34mAPP     :INFO :@@@ gNumberOfUserinDTPCM = 2, pRangingData->no_of_measurements = 1,i=0
[2025-05-20 17:44:08.148] [0m[0;34mAPP     :INFO :Measure_NLOS = 0, Classification_NLOS =   0
[2025-05-20 17:44:08.148] [0m[0;34mAPP     :INFO :Conten_Distance_MasterAnchor_to_709=107
[2025-05-20 17:44:08.148] [0m[0;34mAPP     :INFO :Current User ( 709 ) status is : SystemStatus = 0 , DiscoverStatus = 4 , TransactionState = 4 , AuthenticationState = 9
[2025-05-20 17:44:08.148] [0mKF_predict(): Predicted value = 0, Measurement = 0
[2025-05-20 17:44:08.148] [0;34mAPP     :INFO :@@@ User Speed is :( 709 ) , 1 ,(cm/s)
[2025-05-20 17:44:08.148] [0m[0;34mAPP     :INFO :@ b = 107, c = 50, x = -44, y = 51
[2025-05-20 17:44:08.148] [0m[0;34mAPP     :INFO :@ a = 100, d = 100, m = 250, Gate = 100
[2025-05-20 17:44:08.148] [0m[0;34mAPP     :INFO :################################### into blue area...##################################################
[2025-05-20 17:44:08.148] [0m[0;34mAPP     :INFO :No User to r or w | SystemStatus = 0
[2025-05-20 17:44:08.148] [0m
[2025-05-20 17:44:08.398] [0;32mTMLUWB  :RX < :RECV                :62000048 F4A60100 01000000 00FA0000 00010000 05000001 00000000 01070900 006A0000 00640000 64000000 00000003 94000000 00000000 00000000 0E000000 00010300 01030000 00000000
[2025-05-20 17:44:08.398] [0m[0;34mAPP     :INFO :@@@ updateKeepAlive( ): User[1] 709 Keep alive = 79
[2025-05-20 17:44:08.398] [0m[0;34mAPP     :INFO :gCapSessionHandle!!!.
[2025-05-20 17:44:08.398] [0m[0;34mAPP     :INFO :@@@ gNumberOfUserinDTPCM = 2, pRangingData->no_of_measurements = 1,i=0
[2025-05-20 17:44:08.398] [0m[0;34mAPP     :INFO :Measure_NLOS = 0, Classification_NLOS =   0
[2025-05-20 17:44:08.398] [0m[0;34mAPP     :INFO :Conten_Distance_MasterAnchor_to_709=106
[2025-05-20 17:44:08.398] [0m[0;34mAPP     :INFO :Current User ( 709 ) status is : SystemStatus = 0 , DiscoverStatus = 4 , TransactionState = 4 , AuthenticationState = 9
[2025-05-20 17:44:08.398] [0mKF_predict(): Predicted value = 0, Measurement = 0
[2025-05-20 17:44:08.398] [0;34mAPP     :INFO :@@@ User Speed is :( 709 ) , 1 ,(cm/s)
[2025-05-20 17:44:08.398] [0m[0;34mAPP     :INFO :@ b = 106, c = 50, x = -43, y = 50
[2025-05-20 17:44:08.398] [0m[0;34mAPP     :INFO :@ a = 100, d = 100, m = 250, Gate = 100
[2025-05-20 17:44:08.398] [0m[0;34mAPP     :INFO :################################### into blue area...##################################################
[2025-05-20 17:44:08.398] [0m[0;34mAPP     :INFO :No User to r or w | SystemStatus = 0
[2025-05-20 17:44:08.399] [0m
[2025-05-20 17:44:08.641] [0;32mTMLUWB  :RX < :RECV                :62000048 F5A60100 01000000 00FA0000 00010000 05000001 00000000 01070900 006A0000 00640000 64000000 00000003 94000000 00000000 00000000 0E000000 00010300 01030000 00000000
[2025-05-20 17:44:08.641] [0m[0;34mAPP     :INFO :@@@ updateKeepAlive( ): User[1] 709 Keep alive = 79
[2025-05-20 17:44:08.641] [0m[0;34mAPP     :INFO :gCapSessionHandle!!!.
[2025-05-20 17:44:08.641] [0m[0;34mAPP     :INFO :@@@ gNumberOfUserinDTPCM = 2, pRangingData->no_of_measurements = 1,i=0
[2025-05-20 17:44:08.641] [0m[0;34mAPP     :INFO :Measure_NLOS = 0, Classification_NLOS =   0
[2025-05-20 17:44:08.641] [0m[0;34mAPP     :INFO :Conten_Distance_MasterAnchor_to_709=106
[2025-05-20 17:44:08.641] [0m[0;34mAPP     :INFO :Current User ( 709 ) status is : SystemStatus = 0 , DiscoverStatus = 4 , TransactionState = 4 , AuthenticationState = 9
[2025-05-20 17:44:08.641] [0mKF_predict(): Predicted value = 0, Measurement = 0
[2025-05-20 17:44:08.641] [0;34mAPP     :INFO :@@@ User Speed is :( 709 ) , 0 ,(cm/s)
[2025-05-20 17:44:08.641] [0m[0;34mAPP     :INFO :@ b = 106, c = 50, x = -43, y = 50
[2025-05-20 17:44:08.641] [0m[0;34mAPP     :INFO :@ a = 100, d = 100, m = 250, Gate = 100
[2025-05-20 17:44:08.641] [0m[0;34mAPP     :INFO :################################### into blue area...##################################################
[2025-05-20 17:44:08.641] [0m[0;34mAPP     :INFO :No User to r or w | SystemStatus = 0
[2025-05-20 17:44:08.641] [0m
[2025-05-20 17:44:08.890] [0;32mTMLUWB  :RX < :RECV                :62000048 F6A60100 01000000 00FA0000 00010000 05000001 00000000 01070900 006A0000 00640000 64000000 00000003 93000000 00000000 00000000 0E000000 00010300 01030000 00000000
[2025-05-20 17:44:08.890] [0m[0;34mAPP     :INFO :@@@ updateKeepAlive( ): User[1] 709 Keep alive = 79
[2025-05-20 17:44:08.890] [0m[0;34mAPP     :INFO :gCapSessionHandle!!!.
[2025-05-20 17:44:08.890] [0m[0;34mAPP     :INFO :@@@ gNumberOfUserinDTPCM = 2, pRangingData->no_of_measurements = 1,i=0
[2025-05-20 17:44:08.890] [0m[0;34mAPP     :INFO :Measure_NLOS = 0, Classification_NLOS =   0
[2025-05-20 17:44:08.890] [0m[0;34mAPP     :INFO :Conten_Distance_MasterAnchor_to_709=106
[2025-05-20 17:44:08.890] [0m[0;34mAPP     :INFO :Current User ( 709 ) status is : SystemStatus = 0 , DiscoverStatus = 4 , TransactionState = 4 , AuthenticationState = 9
[2025-05-20 17:44:08.890] [0mKF_predict(): Predicted value = 0, Measurement = 0
[2025-05-20 17:44:08.890] [0;34mAPP     :INFO :@@@ User Speed is :( 709 ) , 1 ,(cm/s)
[2025-05-20 17:44:08.890] [0m[0;34mAPP     :INFO :@ b = 106, c = 50, x = -43, y = 50
[2025-05-20 17:44:08.890] [0m[0;34mAPP     :INFO :@ a = 100, d = 100, m = 250, Gate = 100
[2025-05-20 17:44:08.890] [0m[0;34mAPP     :INFO :################################### into blue area...##################################################
[2025-05-20 17:44:08.891] [0m[0;34mAPP     :INFO :No User to r or w | SystemStatus = 0
[2025-05-20 17:44:08.891] [0m
[2025-05-20 17:44:09.139] [0;32mTMLUWB  :RX < :RECV                :62000048 F7A60100 01000000 00FA0000 00010000 05000001 00000000 01070900 006D0000 00640000 64000000 00000003 94000000 00000000 00000000 0E000000 00010300 01030000 00000000
[2025-05-20 17:44:09.139] [0m[0;34mAPP     :INFO :@@@ updateKeepAlive( ): User[1] 709 Keep alive = 79
[2025-05-20 17:44:09.140] [0m[0;34mAPP     :INFO :gCapSessionHandle!!!.
[2025-05-20 17:44:09.140] [0m[0;34mAPP     :INFO :@@@ gNumberOfUserinDTPCM = 2, pRangingData->no_of_measurements = 1,i=0
[2025-05-20 17:44:09.140] [0m[0;34mAPP     :INFO :Measure_NLOS = 0, Classification_NLOS =   0
[2025-05-20 17:44:09.140] [0m[0;34mAPP     :INFO :Conten_Distance_MasterAnchor_to_709=109
[2025-05-20 17:44:09.140] [0m[0;34mAPP     :INFO :Current User ( 709 ) status is : SystemStatus = 0 , DiscoverStatus = 4 , TransactionState = 4 , AuthenticationState = 9
[2025-05-20 17:44:09.141] [0mKF_predict(): Predicted value = 0, Measurement = 0
[2025-05-20 17:44:09.141] [0;34mAPP     :INFO :@@@ User Speed is :( 709 ) , 3 ,(cm/s)
[2025-05-20 17:44:09.141] [0m[0;34mAPP     :INFO :@ b = 109, c = 50, x = -46, y = 51
[2025-05-20 17:44:09.141] [0m[0;34mAPP     :INFO :@ a = 100, d = 100, m = 250, Gate = 100
[2025-05-20 17:44:09.141] [0m[0;34mAPP     :INFO :################################### into blue area...##################################################
[2025-05-20 17:44:09.141] [0m[0;34mAPP     :INFO :No User to r or w | SystemStatus = 0
[2025-05-20 17:44:09.142] [0m
[2025-05-20 17:44:09.396] [0;32mTMLUWB  :RX < :RECV                :62000048 F8A60100 01000000 00FA0000 00010000 05000001 00000000 01070900 006B0000 00640000 64000000 00000003 93000000 00000000 00000000 0E000000 00010300 01030000 00000000
[2025-05-20 17:44:09.397] [0m[0;34mAPP     :INFO :@@@ updateKeepAlive( ): User[1] 709 Keep alive = 79
[2025-05-20 17:44:09.397] [0m[0;34mAPP     :INFO :gCapSessionHandle!!!.
[2025-05-20 17:44:09.397] [0m[0;34mAPP     :INFO :@@@ gNumberOfUserinDTPCM = 2, pRangingData->no_of_measurements = 1,i=0
[2025-05-20 17:44:09.397] [0m[0;34mAPP     :INFO :Measure_NLOS = 0, Classification_NLOS =   0
[2025-05-20 17:44:09.397] [0m[0;34mAPP     :INFO :Conten_Distance_MasterAnchor_to_709=107
[2025-05-20 17:44:09.397] [0m[0;34mAPP     :INFO :Current User ( 709 ) status is : SystemStatus = 0 , DiscoverStatus = 4 , TransactionState = 4 , AuthenticationState = 9
[2025-05-20 17:44:09.397] [0mKF_predict(): Predicted value = 0, Measurement = 0
[2025-05-20 17:44:09.397] [0;34mAPP     :INFO :@@@ User Speed is :( 709 ) , 1 ,(cm/s)
[2025-05-20 17:44:09.397] [0m[0;34mAPP     :INFO :@ b = 107, c = 50, x = -44, y = 51
[2025-05-20 17:44:09.397] [0m[0;34mAPP     :INFO :@ a = 100, d = 100, m = 250, Gate = 100
[2025-05-20 17:44:09.397] [0m[0;34mAPP     :INFO :################################### into blue area...##################################################
[2025-05-20 17:44:09.397] [0m[0;34mAPP     :INFO :No User to r or w | SystemStatus = 0
[2025-05-20 17:44:09.397] [0m
[2025-05-20 17:44:09.640] [0;32mTMLUWB  :RX < :RECV                :62000048 F9A60100 01000000 00FA0000 00010000 05000001 00000000 01070900 006B0000 00640000 64000000 00000003 93000000 00000000 00000000 0E000000 00010300 01030000 00000000
[2025-05-20 17:44:09.640] [0m[0;34mAPP     :INFO :@@@ updateKeepAlive( ): User[1] 709 Keep alive = 79
[2025-05-20 17:44:09.640] [0m[0;34mAPP     :INFO :gCapSessionHandle!!!.
[2025-05-20 17:44:09.640] [0m[0;34mAPP     :INFO :@@@ gNumberOfUserinDTPCM = 2, pRangingData->no_of_measurements = 1,i=0
[2025-05-20 17:44:09.640] [0m[0;34mAPP     :INFO :Measure_NLOS = 0, Classification_NLOS =   0
[2025-05-20 17:44:09.640] [0m[0;34mAPP     :INFO :Conten_Distance_MasterAnchor_to_709=107
[2025-05-20 17:44:09.640] [0m[0;34mAPP     :INFO :Current User ( 709 ) status is : SystemStatus = 0 , DiscoverStatus = 4 , TransactionState = 4 , AuthenticationState = 9
[2025-05-20 17:44:09.640] [0mKF_predict(): Predicted value = 0, Measurement = 0
[2025-05-20 17:44:09.640] [0;34mAPP     :INFO :@@@ User Speed is :( 709 ) , 1 ,(cm/s)
[2025-05-20 17:44:09.640] [0m[0;34mAPP     :INFO :@ b = 107, c = 50, x = -44, y = 51
[2025-05-20 17:44:09.640] [0m[0;34mAPP     :INFO :@ a = 100, d = 100, m = 250, Gate = 100
[2025-05-20 17:44:09.640] [0m[0;34mAPP     :INFO :################################### into blue area...##################################################
[2025-05-20 17:44:09.640] [0m[0;34mAPP     :INFO :No User to r or w | SystemStatus = 0
[2025-05-20 17:44:09.640] [0m
[2025-05-20 17:44:09.896] [0;32mTMLUWB  :RX < :RECV                :62000048 FAA60100 01000000 00FA0000 00010000 05000001 00000000 01070900 006A0000 00640000 64000000 00000003 94000000 00000000 00000000 0E000000 00010300 01030000 00000000
[2025-05-20 17:44:09.897] [0m[0;34mAPP     :INFO :@@@ updateKeepAlive( ): User[1] 709 Keep alive = 79
[2025-05-20 17:44:09.897] [0m[0;34mAPP     :INFO :gCapSessionHandle!!!.
[2025-05-20 17:44:09.897] [0m[0;34mAPP     :INFO :@@@ gNumberOfUserinDTPCM = 2, pRangingData->no_of_measurements = 1,i=0
[2025-05-20 17:44:09.897] [0m[0;34mAPP     :INFO :Measure_NLOS = 0, Classification_NLOS =   0
[2025-05-20 17:44:09.897] [0m[0;34mAPP     :INFO :Conten_Distance_MasterAnchor_to_709=106
[2025-05-20 17:44:09.897] [0m[0;34mAPP     :INFO :Current User ( 709 ) status is : SystemStatus = 0 , DiscoverStatus = 4 , TransactionState = 4 , AuthenticationState = 9
[2025-05-20 17:44:09.897] [0mKF_predict(): Predicted value = 0, Measurement = 0
[2025-05-20 17:44:09.897] [0;34mAPP     :INFO :@@@ User Speed is :( 709 ) , 3 ,(cm/s)
[2025-05-20 17:44:09.898] [0m[0;34mAPP     :INFO :@ b = 106, c = 50, x = -43, y = 50
[2025-05-20 17:44:09.898] [0m[0;34mAPP     :INFO :@ a = 100, d = 100, m = 250, Gate = 100
[2025-05-20 17:44:09.898] [0m[0;34mAPP     :INFO :################################### into blue area...##################################################
[2025-05-20 17:44:09.898] [0m[0;34mAPP     :INFO :No User to r or w | SystemStatus = 0
[2025-05-20 17:44:09.898] [0m
[2025-05-20 17:44:10.144] [0;32mTMLUWB  :RX < :RECV                :62000048 FBA60100 01000000 00FA0000 00010000 05000001 00000000 01070900 006B0000 00640000 64000000 00000003 92000000 00000000 00000000 0E000000 00010300 01030000 00000000
[2025-05-20 17:44:10.144] [0m[0;34mAPP     :INFO :@@@ updateKeepAlive( ): User[1] 709 Keep alive = 79
[2025-05-20 17:44:10.144] [0m[0;34mAPP     :INFO :gCapSessionHandle!!!.
[2025-05-20 17:44:10.144] [0m[0;34mAPP     :INFO :@@@ gNumberOfUserinDTPCM = 2, pRangingData->no_of_measurements = 1,i=0
[2025-05-20 17:44:10.144] [0m[0;34mAPP     :INFO :Measure_NLOS = 0, Classification_NLOS =   0
[2025-05-20 17:44:10.144] [0m[0;34mAPP     :INFO :Conten_Distance_MasterAnchor_to_709=107
[2025-05-20 17:44:10.144] [0m[0;34mAPP     :INFO :Current User ( 709 ) status is : SystemStatus = 0 , DiscoverStatus = 4 , TransactionState = 4 , AuthenticationState = 9
[2025-05-20 17:44:10.144] [0mKF_predict(): Predicted value = 0, Measurement = 0
[2025-05-20 17:44:10.144] [0;34mAPP     :INFO :@@@ User Speed is :( 709 ) , 0 ,(cm/s)
[2025-05-20 17:44:10.144] [0m[0;34mAPP     :INFO :@ b = 107, c = 50, x = -44, y = 51
[2025-05-20 17:44:10.144] [0m[0;34mAPP     :INFO :@ a = 100, d = 100, m = 250, Gate = 100
[2025-05-20 17:44:10.145] [0m[0;34mAPP     :INFO :################################### into blue area...##################################################
[2025-05-20 17:44:10.145] [0m[0;34mAPP     :INFO :No User to r or w | SystemStatus = 0
[2025-05-20 17:44:10.145] [0m
[2025-05-20 17:44:10.395] [0;32mTMLUWB  :RX < :RECV                :62000048 FCA60100 01000000 00FA0000 00010000 05000001 00000000 01070900 006B0000 00640000 64000000 00000003 92000000 00000000 00000000 0E000000 00010300 01030000 00000000
[2025-05-20 17:44:10.396] [0m[0;34mAPP     :INFO :@@@ updateKeepAlive( ): User[1] 709 Keep alive = 79
[2025-05-20 17:44:10.396] [0m[0;34mAPP     :INFO :gCapSessionHandle!!!.
[2025-05-20 17:44:10.396] [0m[0;34mAPP     :INFO :@@@ gNumberOfUserinDTPCM = 2, pRangingData->no_of_measurements = 1,i=0
[2025-05-20 17:44:10.396] [0m[0;34mAPP     :INFO :Measure_NLOS = 0, Classification_NLOS =   0
[2025-05-20 17:44:10.396] [0m[0;34mAPP     :INFO :Conten_Distance_MasterAnchor_to_709=107
[2025-05-20 17:44:10.396] [0m[0;34mAPP     :INFO :Current User ( 709 ) status is : SystemStatus = 0 , DiscoverStatus = 4 , TransactionState = 4 , AuthenticationState = 9
[2025-05-20 17:44:10.396] [0mKF_predict(): Predicted value = 0, Measurement = 0
[2025-05-20 17:44:10.396] [0;34mAPP     :INFO :@@@ User Speed is :( 709 ) , 0 ,(cm/s)
[2025-05-20 17:44:10.396] [0m[0;34mAPP     :INFO :@ b = 107, c = 50, x = -44, y = 51
[2025-05-20 17:44:10.396] [0m[0;34mAPP     :INFO :@ a = 100, d = 100, m = 250, Gate = 100
[2025-05-20 17:44:10.396] [0m[0;34mAPP     :INFO :################################### into blue area...##################################################
[2025-05-20 17:44:10.396] [0m[0;34mAPP     :INFO :No User to r or w | SystemStatus = 0
[2025-05-20 17:44:10.396] [0m
[2025-05-20 17:44:10.644] [0;32mTMLUWB  :RX < :RECV                :62000048 FDA60100 01000000 00FA0000 00010000 05000001 00000000 01070900 006C0000 00640000 64000000 00000003 94000000 00000000 00000000 0E000000 00010300 01030000 00000000
[2025-05-20 17:44:10.645] [0m[0;34mAPP     :INFO :@@@ updateKeepAlive( ): User[1] 709 Keep alive = 79
[2025-05-20 17:44:10.645] [0m[0;34mAPP     :INFO :gCapSessionHandle!!!.
[2025-05-20 17:44:10.645] [0m[0;34mAPP     :INFO :@@@ gNumberOfUserinDTPCM = 2, pRangingData->no_of_measurements = 1,i=0
[2025-05-20 17:44:10.645] [0m[0;34mAPP     :INFO :Measure_NLOS = 0, Classification_NLOS =   0
[2025-05-20 17:44:10.645] [0m[0;34mAPP     :INFO :Conten_Distance_MasterAnchor_to_709=108
[2025-05-20 17:44:10.645] [0m[0;34mAPP     :INFO :Current User ( 709 ) status is : SystemStatus = 0 , DiscoverStatus = 4 , TransactionState = 4 , AuthenticationState = 9
[2025-05-20 17:44:10.645] [0mKF_predict(): Predicted value = 0, Measurement = 0
[2025-05-20 17:44:10.645] [0;34mAPP     :INFO :@@@ User Speed is :( 709 ) , 2 ,(cm/s)
[2025-05-20 17:44:10.646] [0m[0;34mAPP     :INFO :@ b = 108, c = 50, x = -45, y = 51
[2025-05-20 17:44:10.646] [0m[0;34mAPP     :INFO :@ a = 100, d = 100, m = 250, Gate = 100
[2025-05-20 17:44:10.646] [0m[0;34mAPP     :INFO :################################### into blue area...##################################################
[2025-05-20 17:44:10.646] [0m[0;34mAPP     :INFO :No User to r or w | SystemStatus = 0
[2025-05-20 17:44:10.646] [0m
[2025-05-20 17:44:10.895] [0;32mTMLUWB  :RX < :RECV                :62000048 FEA60100 01000000 00FA0000 00010000 05000001 00000000 01070900 006C0000 00640000 64000000 00000003 94000000 00000000 00000000 0E000000 00010300 01030000 00000000
[2025-05-20 17:44:10.895] [0m[0;34mAPP     :INFO :@@@ updateKeepAlive( ): User[1] 709 Keep alive = 79
[2025-05-20 17:44:10.896] [0m[0;34mAPP     :INFO :gCapSessionHandle!!!.
[2025-05-20 17:44:10.896] [0m[0;34mAPP     :INFO :@@@ gNumberOfUserinDTPCM = 2, pRangingData->no_of_measurements = 1,i=0
[2025-05-20 17:44:10.896] [0m[0;34mAPP     :INFO :Measure_NLOS = 0, Classification_NLOS =   0
[2025-05-20 17:44:10.896] [0m[0;34mAPP     :INFO :Conten_Distance_MasterAnchor_to_709=108
[2025-05-20 17:44:10.896] [0m[0;34mAPP     :INFO :Current User ( 709 ) status is : SystemStatus = 0 , DiscoverStatus = 4 , TransactionState = 4 , AuthenticationState = 9
[2025-05-20 17:44:10.896] [0mKF_predict(): Predicted value = 0, Measurement = 0
[2025-05-20 17:44:10.896] [0;34mAPP     :INFO :@@@ User Speed is :( 709 ) , 1 ,(cm/s)
[2025-05-20 17:44:10.896] [0m[0;34mAPP     :INFO :@ b = 108, c = 50, x = -45, y = 51
[2025-05-20 17:44:10.896] [0m[0;34mAPP     :INFO :@ a = 100, d = 100, m = 250, Gate = 100
[2025-05-20 17:44:10.896] [0m[0;34mAPP     :INFO :################################### into blue area...##################################################
[2025-05-20 17:44:10.896] [0m[0;34mAPP     :INFO :No User to r or w | SystemStatus = 0
[2025-05-20 17:44:10.896] [0m
[2025-05-20 17:44:11.140] [0;32mTMLUWB  :RX < :RECV                :62000048 FFA60100 01000000 00FA0000 00010000 05000001 00000000 01070900 006B0000 00640000 64000000 00000003 94000000 00000000 00000000 0E000000 00010300 01030000 00000000
[2025-05-20 17:44:11.140] [0m[0;34mAPP     :INFO :@@@ updateKeepAlive( ): User[1] 709 Keep alive = 79
[2025-05-20 17:44:11.140] [0m[0;34mAPP     :INFO :gCapSessionHandle!!!.
[2025-05-20 17:44:11.140] [0m[0;34mAPP     :INFO :@@@ gNumberOfUserinDTPCM = 2, pRangingData->no_of_measurements = 1,i=0
[2025-05-20 17:44:11.140] [0m[0;34mAPP     :INFO :Measure_NLOS = 0, Classification_NLOS =   0
[2025-05-20 17:44:11.140] [0m[0;34mAPP     :INFO :Conten_Distance_MasterAnchor_to_709=107
[2025-05-20 17:44:11.140] [0m[0;34mAPP     :INFO :Current User ( 709 ) status is : SystemStatus = 0 , DiscoverStatus = 4 , TransactionState = 4 , AuthenticationState = 9
[2025-05-20 17:44:11.140] [0mKF_predict(): Predicted value = 0, Measurement = 0
[2025-05-20 17:44:11.140] [0;34mAPP     :INFO :@@@ User Speed is :( 709 ) , 0 ,(cm/s)
[2025-05-20 17:44:11.140] [0m[0;34mAPP     :INFO :@ b = 107, c = 50, x = -44, y = 51
[2025-05-20 17:44:11.140] [0m[0;34mAPP     :INFO :@ a = 100, d = 100, m = 250, Gate = 100
[2025-05-20 17:44:11.141] [0m[0;34mAPP     :INFO :################################### into blue area...##################################################
[2025-05-20 17:44:11.141] [0m[0;34mAPP     :INFO :No User to r or w | SystemStatus = 0
[2025-05-20 17:44:11.141] [0m
[2025-05-20 17:44:11.390] [0;32mTMLUWB  :RX < :RECV                :62000048 00A70100 01000000 00FA0000 00010000 05000001 00000000 01070900 006D0000 00640000 64000000 00000003 92000000 00000000 00000000 0E000000 00010300 01030000 00000000
[2025-05-20 17:44:11.392] [0m[0;34mAPP     :INFO :@@@ updateKeepAlive( ): User[1] 709 Keep alive = 79
[2025-05-20 17:44:11.392] [0m[0;34mAPP     :INFO :gCapSessionHandle!!!.
[2025-05-20 17:44:11.392] [0m[0;34mAPP     :INFO :@@@ gNumberOfUserinDTPCM = 2, pRangingData->no_of_measurements = 1,i=0
[2025-05-20 17:44:11.392] [0m[0;34mAPP     :INFO :Measure_NLOS = 0, Classification_NLOS =   0
[2025-05-20 17:44:11.392] [0m[0;34mAPP     :INFO :Conten_Distance_MasterAnchor_to_709=109
[2025-05-20 17:44:11.392] [0m[0;34mAPP     :INFO :Current User ( 709 ) status is : SystemStatus = 0 , DiscoverStatus = 4 , TransactionState = 4 , AuthenticationState = 9
[2025-05-20 17:44:11.392] [0mKF_predict(): Predicted value = 0, Measurement = 0
[2025-05-20 17:44:11.392] [0;34mAPP     :INFO :@@@ User Speed is :( 709 ) , 1 ,(cm/s)
[2025-05-20 17:44:11.392] [0m[0;34mAPP     :INFO :@ b = 109, c = 50, x = -46, y = 51
[2025-05-20 17:44:11.392] [0m[0;34mAPP     :INFO :@ a = 100, d = 100, m = 250, Gate = 100
[2025-05-20 17:44:11.392] [0m[0;34mAPP     :INFO :################################### into blue area...##################################################
[2025-05-20 17:44:11.392] [0m[0;34mAPP     :INFO :No User to r or w | SystemStatus = 0
[2025-05-20 17:44:11.392] [0m
[2025-05-20 17:44:11.639] [0;32mTMLUWB  :RX < :RECV                :62000048 01A70100 01000000 00FA0000 00010000 05000001 00000000 01070900 006A0000 00640000 64000000 00000003 93000000 00000000 00000000 0E000000 00010300 01030000 00000000
[2025-05-20 17:44:11.639] [0m[0;34mAPP     :INFO :@@@ updateKeepAlive( ): User[1] 709 Keep alive = 79
[2025-05-20 17:44:11.639] [0m[0;34mAPP     :INFO :gCapSessionHandle!!!.
[2025-05-20 17:44:11.640] [0m[0;34mAPP     :INFO :@@@ gNumberOfUserinDTPCM = 2, pRangingData->no_of_measurements = 1,i=0
[2025-05-20 17:44:11.640] [0m[0;34mAPP     :INFO :Measure_NLOS = 0, Classification_NLOS =   0
[2025-05-20 17:44:11.640] [0m[0;34mAPP     :INFO :Conten_Distance_MasterAnchor_to_709=106
[2025-05-20 17:44:11.640] [0m[0;34mAPP     :INFO :Current User ( 709 ) status is : SystemStatus = 0 , DiscoverStatus = 4 , TransactionState = 4 , AuthenticationState = 9
[2025-05-20 17:44:11.640] [0mKF_predict(): Predicted value = 0, Measurement = 0
[2025-05-20 17:44:11.640] [0;34mAPP     :INFO :@@@ User Speed is :( 709 ) , 2 ,(cm/s)
[2025-05-20 17:44:11.640] [0m[0;34mAPP     :INFO :@ b = 106, c = 50, x = -43, y = 50
[2025-05-20 17:44:11.640] [0m[0;34mAPP     :INFO :@ a = 100, d = 100, m = 250, Gate = 100
[2025-05-20 17:44:11.640] [0m[0;34mAPP     :INFO :################################### into blue area...##################################################
[2025-05-20 17:44:11.640] [0m[0;34mAPP     :INFO :No User to r or w | SystemStatus = 0
[2025-05-20 17:44:11.640] [0m
[2025-05-20 17:44:11.889] [0;32mTMLUWB  :RX < :RECV                :62000048 02A70100 01000000 00FA0000 00010000 05000001 00000000 01070900 006D0000 00640000 64000000 00000003 92000000 00000000 00000000 0E000000 00010300 01030000 00000000
[2025-05-20 17:44:11.890] [0m[0;34mAPP     :INFO :@@@ updateKeepAlive( ): User[1] 709 Keep alive = 79
[2025-05-20 17:44:11.890] [0m[0;34mAPP     :INFO :gCapSessionHandle!!!.
[2025-05-20 17:44:11.890] [0m[0;34mAPP     :INFO :@@@ gNumberOfUserinDTPCM = 2, pRangingData->no_of_measurements = 1,i=0
[2025-05-20 17:44:11.890] [0m[0;34mAPP     :INFO :Measure_NLOS = 0, Classification_NLOS =   0
[2025-05-20 17:44:11.890] [0m[0;34mAPP     :INFO :Conten_Distance_MasterAnchor_to_709=109
[2025-05-20 17:44:11.890] [0m[0;34mAPP     :INFO :Current User ( 709 ) status is : SystemStatus = 0 , DiscoverStatus = 4 , TransactionState = 4 , AuthenticationState = 9
[2025-05-20 17:44:11.890] [0mKF_predict(): Predicted value = 0, Measurement = 0
[2025-05-20 17:44:11.890] [0;34mAPP     :INFO :@@@ User Speed is :( 709 ) , 2 ,(cm/s)
[2025-05-20 17:44:11.890] [0m[0;34mAPP     :INFO :@ b = 109, c = 50, x = -46, y = 51
[2025-05-20 17:44:11.890] [0m[0;34mAPP     :INFO :@ a = 100, d = 100, m = 250, Gate = 100
[2025-05-20 17:44:11.890] [0m[0;34mAPP     :INFO :################################### into blue area...##################################################
[2025-05-20 17:44:11.890] [0m[0;34mAPP     :INFO :No User to r or w | SystemStatus = 0
[2025-05-20 17:44:11.890] [0m
[2025-05-20 17:44:12.148] [0;32mTMLUWB  :RX < :RECV                :62000048 03A70100 01000000 00FA0000 00010000 05000001 00000000 01070900 006C0000 00640000 64000000 00000003 93000000 00000000 00000000 0E000000 00010300 01030000 00000000
[2025-05-20 17:44:12.148] [0m[0;34mAPP     :INFO :@@@ updateKeepAlive( ): User[1] 709 Keep alive = 79
[2025-05-20 17:44:12.148] [0m[0;34mAPP     :INFO :gCapSessionHandle!!!.
[2025-05-20 17:44:12.148] [0m[0;34mAPP     :INFO :@@@ gNumberOfUserinDTPCM = 2, pRangingData->no_of_measurements = 1,i=0
[2025-05-20 17:44:12.148] [0m[0;34mAPP     :INFO :Measure_NLOS = 0, Classification_NLOS =   0
[2025-05-20 17:44:12.148] [0m[0;34mAPP     :INFO :Conten_Distance_MasterAnchor_to_709=108
[2025-05-20 17:44:12.148] [0m[0;34mAPP     :INFO :Current User ( 709 ) status is : SystemStatus = 0 , DiscoverStatus = 4 , TransactionState = 4 , AuthenticationState = 9
[2025-05-20 17:44:12.148] [0mKF_predict(): Predicted value = 0, Measurement = 0
[2025-05-20 17:44:12.148] [0;34mAPP     :INFO :@@@ User Speed is :( 709 ) , 1 ,(cm/s)
[2025-05-20 17:44:12.148] [0m[0;34mAPP     :INFO :@ b = 108, c = 50, x = -45, y = 51
[2025-05-20 17:44:12.148] [0m[0;34mAPP     :INFO :@ a = 100, d = 100, m = 250, Gate = 100
[2025-05-20 17:44:12.148] [0m[0;34mAPP     :INFO :################################### into blue area...##################################################
[2025-05-20 17:44:12.148] [0m[0;34mAPP     :INFO :No User to r or w | SystemStatus = 0
[2025-05-20 17:44:12.148] [0m
[2025-05-20 17:44:12.406] [0;32mTMLUWB  :RX < :RECV                :62000048 04A70100 01000000 00FA0000 00010000 05000001 00000000 01070900 006E0000 00640000 64000000 00000003 94000000 00000000 00000000 0E000000 00010300 01030000 00000000
[2025-05-20 17:44:12.406] [0m[0;34mAPP     :INFO :@@@ updateKeepAlive( ): User[1] 709 Keep alive = 79
[2025-05-20 17:44:12.406] [0m[0;34mAPP     :INFO :gCapSessionHandle!!!.
[2025-05-20 17:44:12.406] [0m[0;34mAPP     :INFO :@@@ gNumberOfUserinDTPCM = 2, pRangingData->no_of_measurements = 1,i=0
[2025-05-20 17:44:12.406] [0m[0;34mAPP     :INFO :Measure_NLOS = 0, Classification_NLOS =   0
[2025-05-20 17:44:12.406] [0m[0;34mAPP     :INFO :Conten_Distance_MasterAnchor_to_709=110
[2025-05-20 17:44:12.406] [0m[0;34mAPP     :INFO :Current User ( 709 ) status is : SystemStatus = 0 , DiscoverStatus = 4 , TransactionState = 4 , AuthenticationState = 9
[2025-05-20 17:44:12.406] [0mKF_predict(): Predicted value = 0, Measurement = 0
[2025-05-20 17:44:12.406] [0;34mAPP     :INFO :@@@ User Speed is :( 709 ) , 5 ,(cm/s)
[2025-05-20 17:44:12.406] [0m[0;34mAPP     :INFO :@ b = 110, c = 50, x = -48, y = 49
[2025-05-20 17:44:12.406] [0m[0;34mAPP     :INFO :@ a = 100, d = 100, m = 250, Gate = 100
[2025-05-20 17:44:12.406] [0m[0;34mAPP     :INFO :################################### into blue area...##################################################
[2025-05-20 17:44:12.406] [0m[0;34mAPP     :INFO :No User to r or w | SystemStatus = 0
[2025-05-20 17:44:12.406] [0m
[2025-05-20 17:44:12.653] [0;32mTMLUWB  :RX < :RECV                :62000048 05A70100 01000000 00FA0000 00010000 05000001 00000000 01070900 006E0000 00640000 64000000 00000003 95000000 00000000 00000000 0E000000 00010300 01030000 00000000
[2025-05-20 17:44:12.653] [0m[0;34mAPP     :INFO :@@@ updateKeepAlive( ): User[1] 709 Keep alive = 79
[2025-05-20 17:44:12.653] [0m[0;34mAPP     :INFO :gCapSessionHandle!!!.
[2025-05-20 17:44:12.653] [0m[0;34mAPP     :INFO :@@@ gNumberOfUserinDTPCM = 2, pRangingData->no_of_measurements = 1,i=0
[2025-05-20 17:44:12.653] [0m[0;34mAPP     :INFO :Measure_NLOS = 0, Classification_NLOS =   0
[2025-05-20 17:44:12.653] [0m[0;34mAPP     :INFO :Conten_Distance_MasterAnchor_to_709=110
[2025-05-20 17:44:12.653] [0m[0;34mAPP     :INFO :Current User ( 709 ) status is : SystemStatus = 0 , DiscoverStatus = 4 , TransactionState = 4 , AuthenticationState = 9
[2025-05-20 17:44:12.653] [0mKF_predict(): Predicted value = 0, Measurement = 0
[2025-05-20 17:44:12.653] [0;34mAPP     :INFO :@@@ User Speed is :( 709 ) , 2 ,(cm/s)
[2025-05-20 17:44:12.653] [0m[0;34mAPP     :INFO :@ b = 110, c = 50, x = -48, y = 49
[2025-05-20 17:44:12.653] [0m[0;34mAPP     :INFO :@ a = 100, d = 100, m = 250, Gate = 100
[2025-05-20 17:44:12.653] [0m[0;34mAPP     :INFO :################################### into blue area...##################################################
[2025-05-20 17:44:12.654] [0m[0;34mAPP     :INFO :No User to r or w | SystemStatus = 0
[2025-05-20 17:44:12.654] [0m
[2025-05-20 17:44:12.899] [0;32mTMLUWB  :RX < :RECV                :62000048 06A70100 01000000 00FA0000 00010000 05000001 00000000 01070900 006C0000 00640000 64000000 00000003 94000000 00000000 00000000 0E000000 00010300 01030000 00000000
[2025-05-20 17:44:12.900] [0m[0;34mAPP     :INFO :@@@ updateKeepAlive( ): User[1] 709 Keep alive = 79
[2025-05-20 17:44:12.900] [0m[0;34mAPP     :INFO :gCapSessionHandle!!!.
[2025-05-20 17:44:12.900] [0m[0;34mAPP     :INFO :@@@ gNumberOfUserinDTPCM = 2, pRangingData->no_of_measurements = 1,i=0
[2025-05-20 17:44:12.900] [0m[0;34mAPP     :INFO :Measure_NLOS = 0, Classification_NLOS =   0
[2025-05-20 17:44:12.900] [0m[0;34mAPP     :INFO :Conten_Distance_MasterAnchor_to_709=108
[2025-05-20 17:44:12.901] [0m[0;34mAPP     :INFO :Current User ( 709 ) status is : SystemStatus = 0 , DiscoverStatus = 4 , TransactionState = 4 , AuthenticationState = 9
[2025-05-20 17:44:12.901] [0mKF_predict(): Predicted value = 0, Measurement = 0
[2025-05-20 17:44:12.901] [0;34mAPP     :INFO :@@@ User Speed is :( 709 ) , 0 ,(cm/s)
[2025-05-20 17:44:12.901] [0m[0;34mAPP     :INFO :@ b = 108, c = 50, x = -45, y = 51
[2025-05-20 17:44:12.901] [0m[0;34mAPP     :INFO :@ a = 100, d = 100, m = 250, Gate = 100
[2025-05-20 17:44:12.901] [0m[0;34mAPP     :INFO :################################### into blue area...##################################################
[2025-05-20 17:44:12.901] [0m[0;34mAPP     :INFO :No User to r or w | SystemStatus = 0
[2025-05-20 17:44:12.901] [0m
[2025-05-20 17:44:13.138] [0;32mTMLUWB  :RX < :RECV                :62000048 07A70100 01000000 00FA0000 00010000 05000001 00000000 01070900 006D0000 00640000 64000000 00000003 94000000 00000000 00000000 0E000000 00010300 01030000 00000000
[2025-05-20 17:44:13.138] [0m[0;34mAPP     :INFO :@@@ updateKeepAlive( ): User[1] 709 Keep alive = 79
[2025-05-20 17:44:13.138] [0m[0;34mAPP     :INFO :gCapSessionHandle!!!.
[2025-05-20 17:44:13.138] [0m[0;34mAPP     :INFO :@@@ gNumberOfUserinDTPCM = 2, pRangingData->no_of_measurements = 1,i=0
[2025-05-20 17:44:13.138] [0m[0;34mAPP     :INFO :Measure_NLOS = 0, Classification_NLOS =   0
[2025-05-20 17:44:13.138] [0m[0;34mAPP     :INFO :Conten_Distance_MasterAnchor_to_709=109
[2025-05-20 17:44:13.139] [0m[0;34mAPP     :INFO :Current User ( 709 ) status is : SystemStatus = 0 , DiscoverStatus = 4 , TransactionState = 4 , AuthenticationState = 9
[2025-05-20 17:44:13.139] [0mKF_predict(): Predicted value = 0, Measurement = 0
[2025-05-20 17:44:13.139] [0;34mAPP     :INFO :@@@ User Speed is :( 709 ) , 2 ,(cm/s)
[2025-05-20 17:44:13.139] [0m[0;34mAPP     :INFO :@ b = 109, c = 50, x = -46, y = 51
[2025-05-20 17:44:13.139] [0m[0;34mAPP     :INFO :@ a = 100, d = 100, m = 250, Gate = 100
[2025-05-20 17:44:13.139] [0m[0;34mAPP     :INFO :################################### into blue area...##################################################
[2025-05-20 17:44:13.139] [0m[0;34mAPP     :INFO :No User to r or w | SystemStatus = 0
[2025-05-20 17:44:13.139] [0m
[2025-05-20 17:44:13.393] [0;32mTMLUWB  :RX < :RECV                :62000048 08A70100 01000000 00FA0000 00010000 05000001 00000000 01070900 006A0000 00640000 64000000 00000003 95000000 00000000 00000000 0E000000 00010300 01030000 00000000
[2025-05-20 17:44:13.393] [0m[0;34mAPP     :INFO :@@@ updateKeepAlive( ): User[1] 709 Keep alive = 79
[2025-05-20 17:44:13.393] [0m[0;34mAPP     :INFO :gCapSessionHandle!!!.
[2025-05-20 17:44:13.393] [0m[0;34mAPP     :INFO :@@@ gNumberOfUserinDTPCM = 2, pRangingData->no_of_measurements = 1,i=0
[2025-05-20 17:44:13.393] [0m[0;34mAPP     :INFO :Measure_NLOS = 0, Classification_NLOS =   0
[2025-05-20 17:44:13.393] [0m[0;34mAPP     :INFO :Conten_Distance_MasterAnchor_to_709=106
[2025-05-20 17:44:13.393] [0m[0;34mAPP     :INFO :Current User ( 709 ) status is : SystemStatus = 0 , DiscoverStatus = 4 , TransactionState = 4 , AuthenticationState = 9
[2025-05-20 17:44:13.393] [0mKF_predict(): Predicted value = 0, Measurement = 0
[2025-05-20 17:44:13.393] [0;34mAPP     :INFO :@@@ User Speed is :( 709 ) , 5 ,(cm/s)
[2025-05-20 17:44:13.393] [0m[0;34mAPP     :INFO :@ b = 106, c = 50, x = -43, y = 50
[2025-05-20 17:44:13.394] [0m[0;34mAPP     :INFO :@ a = 100, d = 100, m = 250, Gate = 100
[2025-05-20 17:44:13.394] [0m[0;34mAPP     :INFO :################################### into blue area...##################################################
[2025-05-20 17:44:13.394] [0m[0;34mAPP     :INFO :No User to r or w | SystemStatus = 0
[2025-05-20 17:44:13.394] [0m
[2025-05-20 17:44:13.639] [0;32mTMLUWB  :RX < :RECV                :62000048 09A70100 01000000 00FA0000 00010000 05000001 00000000 01070900 006E0000 00640000 64000000 00000003 95000000 00000000 00000000 0E000000 00010300 01030000 00000000
[2025-05-20 17:44:13.639] [0m[0;34mAPP     :INFO :@@@ updateKeepAlive( ): User[1] 709 Keep alive = 79
[2025-05-20 17:44:13.639] [0m[0;34mAPP     :INFO :gCapSessionHandle!!!.
[2025-05-20 17:44:13.639] [0m[0;34mAPP     :INFO :@@@ gNumberOfUserinDTPCM = 2, pRangingData->no_of_measurements = 1,i=0
[2025-05-20 17:44:13.639] [0m[0;34mAPP     :INFO :Measure_NLOS = 0, Classification_NLOS =   0
[2025-05-20 17:44:13.639] [0m[0;34mAPP     :INFO :Conten_Distance_MasterAnchor_to_709=110
[2025-05-20 17:44:13.639] [0m[0;34mAPP     :INFO :Current User ( 709 ) status is : SystemStatus = 0 , DiscoverStatus = 4 , TransactionState = 4 , AuthenticationState = 9
[2025-05-20 17:44:13.639] [0mKF_predict(): Predicted value = 0, Measurement = 0
[2025-05-20 17:44:13.639] [0;34mAPP     :INFO :@@@ User Speed is :( 709 ) , 3 ,(cm/s)
[2025-05-20 17:44:13.639] [0m[0;34mAPP     :INFO :@ b = 110, c = 50, x = -48, y = 49
[2025-05-20 17:44:13.639] [0m[0;34mAPP     :INFO :@ a = 100, d = 100, m = 250, Gate = 100
[2025-05-20 17:44:13.639] [0m[0;34mAPP     :INFO :################################### into blue area...##################################################
[2025-05-20 17:44:13.639] [0m[0;34mAPP     :INFO :No User to r or w | SystemStatus = 0
[2025-05-20 17:44:13.639] [0m
[2025-05-20 17:44:13.895] [0;32mTMLUWB  :RX < :RECV                :62000048 0AA70100 01000000 00FA0000 00010000 05000001 00000000 01070900 006B0000 00640000 64000000 00000003 92000000 00000000 00000000 0E000000 00010300 01030000 00000000
[2025-05-20 17:44:13.896] [0m[0;34mAPP     :INFO :@@@ updateKeepAlive( ): User[1] 709 Keep alive = 79
[2025-05-20 17:44:13.896] [0m[0;34mAPP     :INFO :gCapSessionHandle!!!.
[2025-05-20 17:44:13.896] [0m[0;34mAPP     :INFO :@@@ gNumberOfUserinDTPCM = 2, pRangingData->no_of_measurements = 1,i=0
[2025-05-20 17:44:13.896] [0m[0;34mAPP     :INFO :Measure_NLOS = 0, Classification_NLOS =   0
[2025-05-20 17:44:13.897] [0m[0;34mAPP     :INFO :Conten_Distance_MasterAnchor_to_709=107
[2025-05-20 17:44:13.897] [0m[0;34mAPP     :INFO :Current User ( 709 ) status is : SystemStatus = 0 , DiscoverStatus = 4 , TransactionState = 4 , AuthenticationState = 9
[2025-05-20 17:44:13.897] [0mKF_predict(): Predicted value = 0, Measurement = 0
[2025-05-20 17:44:13.897] [0;34mAPP     :INFO :@@@ User Speed is :( 709 ) , 2 ,(cm/s)
[2025-05-20 17:44:13.897] [0m[0;34mAPP     :INFO :@ b = 107, c = 50, x = -44, y = 51
[2025-05-20 17:44:13.897] [0m[0;34mAPP     :INFO :@ a = 100, d = 100, m = 250, Gate = 100
[2025-05-20 17:44:13.897] [0m[0;34mAPP     :INFO :################################### into blue area...##################################################
[2025-05-20 17:44:13.897] [0m[0;34mAPP     :INFO :No User to r or w | SystemStatus = 0
[2025-05-20 17:44:13.897] [0m
[2025-05-20 17:44:14.142] [0;32mTMLUWB  :RX < :RECV                :62000048 0BA70100 01000000 00FA0000 00010000 05000001 00000000 01070900 006F0000 00640000 64000000 00000003 94000000 00000000 00000000 0E000000 00010300 01030000 00000000
[2025-05-20 17:44:14.142] [0m[0;34mAPP     :INFO :@@@ updateKeepAlive( ): User[1] 709 Keep alive = 79
[2025-05-20 17:44:14.143] [0m[0;34mAPP     :INFO :gCapSessionHandle!!!.
[2025-05-20 17:44:14.143] [0m[0;34mAPP     :INFO :@@@ gNumberOfUserinDTPCM = 2, pRangingData->no_of_measurements = 1,i=0
[2025-05-20 17:44:14.143] [0m[0;34mAPP     :INFO :Measure_NLOS = 0, Classification_NLOS =   0
[2025-05-20 17:44:14.143] [0m[0;34mAPP     :INFO :Conten_Distance_MasterAnchor_to_709=111
[2025-05-20 17:44:14.143] [0m[0;34mAPP     :INFO :Current User ( 709 ) status is : SystemStatus = 0 , DiscoverStatus = 4 , TransactionState = 4 , AuthenticationState = 9
[2025-05-20 17:44:14.143] [0mKF_predict(): Predicted value = 0, Measurement = 0
[2025-05-20 17:44:14.143] [0;34mAPP     :INFO :@@@ User Speed is :( 709 ) , 6 ,(cm/s)
[2025-05-20 17:44:14.143] [0m[0;34mAPP     :INFO :@ b = 111, c = 50, x = -49, y = 50
[2025-05-20 17:44:14.143] [0m[0;34mAPP     :INFO :@ a = 100, d = 100, m = 250, Gate = 100
[2025-05-20 17:44:14.143] [0m[0;34mAPP     :INFO :################################### into blue area...##################################################
[2025-05-20 17:44:14.143] [0m[0;34mAPP     :INFO :No User to r or w | SystemStatus = 0
[2025-05-20 17:44:14.143] [0m
[2025-05-20 17:44:14.398] [0;32mTMLUWB  :RX < :RECV                :62000048 0CA70100 01000000 00FA0000 00010000 05000001 00000000 01070900 006D0000 00640000 64000000 00000003 90000000 00000000 00000000 0E000000 00010300 01030000 00000000
[2025-05-20 17:44:14.399] [0m[0;34mAPP     :INFO :@@@ updateKeepAlive( ): User[1] 709 Keep alive = 79
[2025-05-20 17:44:14.399] [0m[0;34mAPP     :INFO :gCapSessionHandle!!!.
[2025-05-20 17:44:14.399] [0m[0;34mAPP     :INFO :@@@ gNumberOfUserinDTPCM = 2, pRangingData->no_of_measurements = 1,i=0
[2025-05-20 17:44:14.399] [0m[0;34mAPP     :INFO :Measure_NLOS = 0, Classification_NLOS =   0
[2025-05-20 17:44:14.399] [0m[0;34mAPP     :INFO :Conten_Distance_MasterAnchor_to_709=109
[2025-05-20 17:44:14.399] [0m[0;34mAPP     :INFO :Current User ( 709 ) status is : SystemStatus = 0 , DiscoverStatus = 4 , TransactionState = 4 , AuthenticationState = 9
[2025-05-20 17:44:14.399] [0mKF_predict(): Predicted value = 0, Measurement = 0
[2025-05-20 17:44:14.399] [0;34mAPP     :INFO :@@@ User Speed is :( 709 ) , 2 ,(cm/s)
[2025-05-20 17:44:14.399] [0m[0;34mAPP     :INFO :@ b = 109, c = 50, x = -46, y = 51
[2025-05-20 17:44:14.399] [0m[0;34mAPP     :INFO :@ a = 100, d = 100, m = 250, Gate = 100
[2025-05-20 17:44:14.399] [0m[0;34mAPP     :INFO :################################### into blue area...##################################################
[2025-05-20 17:44:14.400] [0m[0;34mAPP     :INFO :No User to r or w | SystemStatus = 0
[2025-05-20 17:44:14.400] [0m
[2025-05-20 17:44:14.646] [0;32mTMLUWB  :RX < :RECV                :62000048 0DA70100 01000000 00FA0000 00010000 05000001 00000000 01070900 006C0000 00640000 64000000 00000003 94000000 00000000 00000000 0E000000 00010300 01030000 00000000
[2025-05-20 17:44:14.646] [0m[0;34mAPP     :INFO :@@@ updateKeepAlive( ): User[1] 709 Keep alive = 79
[2025-05-20 17:44:14.646] [0m[0;34mAPP     :INFO :gCapSessionHandle!!!.
[2025-05-20 17:44:14.647] [0m[0;34mAPP     :INFO :@@@ gNumberOfUserinDTPCM = 2, pRangingData->no_of_measurements = 1,i=0
[2025-05-20 17:44:14.647] [0m[0;34mAPP     :INFO :Measure_NLOS = 0, Classification_NLOS =   0
[2025-05-20 17:44:14.647] [0m[0;34mAPP     :INFO :Conten_Distance_MasterAnchor_to_709=108
[2025-05-20 17:44:14.647] [0m[0;34mAPP     :INFO :Current User ( 709 ) status is : SystemStatus = 0 , DiscoverStatus = 4 , TransactionState = 4 , AuthenticationState = 9
[2025-05-20 17:44:14.647] [0mKF_predict(): Predicted value = 0, Measurement = 0
[2025-05-20 17:44:14.647] [0;34mAPP     :INFO :@@@ User Speed is :( 709 ) , 1 ,(cm/s)
[2025-05-20 17:44:14.647] [0m[0;34mAPP     :INFO :@ b = 108, c = 50, x = -45, y = 51
[2025-05-20 17:44:14.647] [0m[0;34mAPP     :INFO :@ a = 100, d = 100, m = 250, Gate = 100
[2025-05-20 17:44:14.647] [0m[0;34mAPP     :INFO :################################### into blue area...##################################################
[2025-05-20 17:44:14.647] [0m[0;34mAPP     :INFO :No User to r or w | SystemStatus = 0
[2025-05-20 17:44:14.647] [0m
[2025-05-20 17:44:14.893] [0;32mTMLUWB  :RX < :RECV                :62000048 0EA70100 01000000 00FA0000 00010000 05000001 00000000 01070900 006C0000 00640000 64000000 00000003 94000000 00000000 00000000 0E000000 00010300 01030000 00000000
[2025-05-20 17:44:14.893] [0m[0;34mAPP     :INFO :@@@ updateKeepAlive( ): User[1] 709 Keep alive = 79
[2025-05-20 17:44:14.893] [0m[0;34mAPP     :INFO :gCapSessionHandle!!!.
[2025-05-20 17:44:14.893] [0m[0;34mAPP     :INFO :@@@ gNumberOfUserinDTPCM = 2, pRangingData->no_of_measurements = 1,i=0
[2025-05-20 17:44:14.894] [0m[0;34mAPP     :INFO :Measure_NLOS = 0, Classification_NLOS =   0
[2025-05-20 17:44:14.894] [0m[0;34mAPP     :INFO :Conten_Distance_MasterAnchor_to_709=108
[2025-05-20 17:44:14.894] [0m[0;34mAPP     :INFO :Current User ( 709 ) status is : SystemStatus = 0 , DiscoverStatus = 4 , TransactionState = 4 , AuthenticationState = 9
[2025-05-20 17:44:14.894] [0mKF_predict(): Predicted value = 0, Measurement = 0
[2025-05-20 17:44:14.894] [0;34mAPP     :INFO :@@@ User Speed is :( 709 ) , 4 ,(cm/s)
[2025-05-20 17:44:14.894] [0m[0;34mAPP     :INFO :@ b = 108, c = 50, x = -45, y = 51
[2025-05-20 17:44:14.894] [0m[0;34mAPP     :INFO :@ a = 100, d = 100, m = 250, Gate = 100
[2025-05-20 17:44:14.894] [0m[0;34mAPP     :INFO :################################### into blue area...##################################################
[2025-05-20 17:44:14.894] [0m[0;34mAPP     :INFO :No User to r or w | SystemStatus = 0
[2025-05-20 17:44:14.894] [0m
[2025-05-20 17:44:15.147] [0;32mTMLUWB  :RX < :RECV                :62000048 0FA70100 01000000 00FA0000 00010000 05000001 00000000 01070900 006B0000 00640000 64000000 00000003 93000000 00000000 00000000 0E000000 00010300 01030000 00000000
[2025-05-20 17:44:15.149] [0m[0;34mAPP     :INFO :@@@ updateKeepAlive( ): User[1] 709 Keep alive = 79
[2025-05-20 17:44:15.149] [0m[0;34mAPP     :INFO :gCapSessionHandle!!!.
[2025-05-20 17:44:15.149] [0m[0;34mAPP     :INFO :@@@ gNumberOfUserinDTPCM = 2, pRangingData->no_of_measurements = 1,i=0
[2025-05-20 17:44:15.149] [0m[0;34mAPP     :INFO :Measure_NLOS = 0, Classification_NLOS =   0
[2025-05-20 17:44:15.149] [0m[0;34mAPP     :INFO :Conten_Distance_MasterAnchor_to_709=107
[2025-05-20 17:44:15.149] [0m[0;34mAPP     :INFO :Current User ( 709 ) status is : SystemStatus = 0 , DiscoverStatus = 4 , TransactionState = 4 , AuthenticationState = 9
[2025-05-20 17:44:15.149] [0mKF_predict(): Predicted value = 0, Measurement = 0
[2025-05-20 17:44:15.150] [0;34mAPP     :INFO :@@@ User Speed is :( 709 ) , 2 ,(cm/s)
[2025-05-20 17:44:15.150] [0m[0;34mAPP     :INFO :@ b = 107, c = 50, x = -44, y = 51
[2025-05-20 17:44:15.150] [0m[0;34mAPP     :INFO :@ a = 100, d = 100, m = 250, Gate = 100
[2025-05-20 17:44:15.150] [0m[0;34mAPP     :INFO :################################### into blue area...##################################################
[2025-05-20 17:44:15.150] [0m[0;34mAPP     :INFO :No User to r or w | SystemStatus = 0
[2025-05-20 17:44:15.150] [0m
[2025-05-20 17:44:15.389] [0;32mTMLUWB  :RX < :RECV                :62000048 10A70100 01000000 00FA0000 00010000 05000001 00000000 01070900 006D0000 00640000 64000000 00000003 8F000000 00000000 00000000 0E000000 00010300 01030000 00000000
[2025-05-20 17:44:15.389] [0m[0;34mAPP     :INFO :@@@ updateKeepAlive( ): User[1] 709 Keep alive = 79
[2025-05-20 17:44:15.389] [0m[0;34mAPP     :INFO :gCapSessionHandle!!!.
[2025-05-20 17:44:15.389] [0m[0;34mAPP     :INFO :@@@ gNumberOfUserinDTPCM = 2, pRangingData->no_of_measurements = 1,i=0
[2025-05-20 17:44:15.389] [0m[0;34mAPP     :INFO :Measure_NLOS = 0, Classification_NLOS =   0
[2025-05-20 17:44:15.389] [0m[0;34mAPP     :INFO :Conten_Distance_MasterAnchor_to_709=109
[2025-05-20 17:44:15.389] [0m[0;34mAPP     :INFO :Current User ( 709 ) status is : SystemStatus = 0 , DiscoverStatus = 4 , TransactionState = 4 , AuthenticationState = 9
[2025-05-20 17:44:15.389] [0mKF_predict(): Predicted value = 0, Measurement = 0
[2025-05-20 17:44:15.389] [0;34mAPP     :INFO :@@@ User Speed is :( 709 ) , 1 ,(cm/s)
[2025-05-20 17:44:15.389] [0m[0;34mAPP     :INFO :@ b = 109, c = 50, x = -46, y = 51
[2025-05-20 17:44:15.389] [0m[0;34mAPP     :INFO :@ a = 100, d = 100, m = 250, Gate = 100
[2025-05-20 17:44:15.389] [0m[0;34mAPP     :INFO :################################### into blue area...##################################################
[2025-05-20 17:44:15.391] [0m[0;34mAPP     :INFO :No User to r or w | SystemStatus = 0
[2025-05-20 17:44:15.391] [0m
[2025-05-20 17:44:15.640] [0;32mTMLUWB  :RX < :RECV                :62000048 11A70100 01000000 00FA0000 00010000 05000001 00000000 01070900 006F0000 00640000 64000000 00000003 90000000 00000000 00000000 0E000000 00010300 01030000 00000000
[2025-05-20 17:44:15.640] [0m[0;34mAPP     :INFO :@@@ updateKeepAlive( ): User[1] 709 Keep alive = 79
[2025-05-20 17:44:15.640] [0m[0;34mAPP     :INFO :gCapSessionHandle!!!.
[2025-05-20 17:44:15.640] [0m[0;34mAPP     :INFO :@@@ gNumberOfUserinDTPCM = 2, pRangingData->no_of_measurements = 1,i=0
[2025-05-20 17:44:15.640] [0m[0;34mAPP     :INFO :Measure_NLOS = 0, Classification_NLOS =   0
[2025-05-20 17:44:15.640] [0m[0;34mAPP     :INFO :Conten_Distance_MasterAnchor_to_709=111
[2025-05-20 17:44:15.640] [0m[0;34mAPP     :INFO :Current User ( 709 ) status is : SystemStatus = 0 , DiscoverStatus = 4 , TransactionState = 4 , AuthenticationState = 9
[2025-05-20 17:44:15.640] [0mKF_predict(): Predicted value = 0, Measurement = 0
[2025-05-20 17:44:15.640] [0;34mAPP     :INFO :@@@ User Speed is :( 709 ) , 4 ,(cm/s)
[2025-05-20 17:44:15.640] [0m[0;34mAPP     :INFO :@ b = 111, c = 50, x = -49, y = 50
[2025-05-20 17:44:15.640] [0m[0;34mAPP     :INFO :@ a = 100, d = 100, m = 250, Gate = 100
[2025-05-20 17:44:15.640] [0m[0;34mAPP     :INFO :################################### into blue area...##################################################
[2025-05-20 17:44:15.641] [0m[0;34mAPP     :INFO :No User to r or w | SystemStatus = 0
[2025-05-20 17:44:15.641] [0m
[2025-05-20 17:44:15.897] [0;32mTMLUWB  :RX < :RECV                :62000048 12A70100 01000000 00FA0000 00010000 05000001 00000000 01070900 00700000 00640000 64000000 00000003 8E000000 00000000 00000000 0E000000 00010300 01030000 00000000
[2025-05-20 17:44:15.897] [0m[0;34mAPP     :INFO :@@@ updateKeepAlive( ): User[1] 709 Keep alive = 79
[2025-05-20 17:44:15.897] [0m[0;34mAPP     :INFO :gCapSessionHandle!!!.
[2025-05-20 17:44:15.897] [0m[0;34mAPP     :INFO :@@@ gNumberOfUserinDTPCM = 2, pRangingData->no_of_measurements = 1,i=0
[2025-05-20 17:44:15.897] [0m[0;34mAPP     :INFO :Measure_NLOS = 0, Classification_NLOS =   0
[2025-05-20 17:44:15.897] [0m[0;34mAPP     :INFO :Conten_Distance_MasterAnchor_to_709=112
[2025-05-20 17:44:15.897] [0m[0;34mAPP     :INFO :Current User ( 709 ) status is : SystemStatus = 0 , DiscoverStatus = 4 , TransactionState = 4 , AuthenticationState = 9
[2025-05-20 17:44:15.897] [0mKF_predict(): Predicted value = 0, Measurement = 0
[2025-05-20 17:44:15.897] [0;34mAPP     :INFO :@@@ User Speed is :( 709 ) , 6 ,(cm/s)
[2025-05-20 17:44:15.897] [0m[0;34mAPP     :INFO :@ b = 112, c = 50, x = -50, y = 50
[2025-05-20 17:44:15.897] [0m[0;34mAPP     :INFO :@ a = 100, d = 100, m = 250, Gate = 100
[2025-05-20 17:44:15.897] [0m[0;34mAPP     :INFO :No User to r or w | SystemStatus = 0
[2025-05-20 17:44:15.897] [0m
[2025-05-20 17:44:16.120] [0;32mTMLUWB  :RX < :RECV                :62000048 13A70100 01000000 00FA0000 00010000 05000001 00000000 01070900 00700000 00640000 64000000 00000003 8D000000 00000000 00000000 0E000000 00010300 01030000 00000000
[2025-05-20 17:44:16.120] [0m[0;34mAPP     :INFO :@@@ updateKeepAlive( ): User[1] 709 Keep alive = 79
[2025-05-20 17:44:16.120] [0m[0;34mAPP     :INFO :gCapSessionHandle!!!.
[2025-05-20 17:44:16.120] [0m[0;34mAPP     :INFO :@@@ gNumberOfUserinDTPCM = 2, pRangingData->no_of_measurements = 1,i=0
[2025-05-20 17:44:16.120] [0m[0;34mAPP     :INFO :Measure_NLOS = 0, Classification_NLOS =   0
[2025-05-20 17:44:16.120] [0m[0;34mAPP     :INFO :Conten_Distance_MasterAnchor_to_709=112
[2025-05-20 17:44:16.120] [0m[0;34mAPP     :INFO :Current User ( 709 ) status is : SystemStatus = 0 , DiscoverStatus = 4 , TransactionState = 4 , AuthenticationState = 9
[2025-05-20 17:44:16.120] [0mKF_predict(): Predicted value = 0, Measurement = 0
[2025-05-20 17:44:16.120] [0;34mAPP     :INFO :@@@ User Speed is :( 709 ) , 4 ,(cm/s)
[2025-05-20 17:44:16.120] [0m[0;34mAPP     :INFO :@ b = 112, c = 50, x = -50, y = 50
[2025-05-20 17:44:16.120] [0m[0;34mAPP     :INFO :@ a = 100, d = 100, m = 250, Gate = 100
[2025-05-20 17:44:16.120] [0m[0;34mAPP     :INFO :No User to r or w | SystemStatus = 0
[2025-05-20 17:44:16.121] [0m
[2025-05-20 17:44:16.397] [0;32mTMLUWB  :RX < :RECV                :62000048 14A70100 01000000 00FA0000 00010000 05000001 00000000 01070900 00720000 00640000 64000000 00000003 8E000000 00000000 00000000 0E000000 00010300 01030000 00000000
[2025-05-20 17:44:16.397] [0m[0;34mAPP     :INFO :@@@ updateKeepAlive( ): User[1] 709 Keep alive = 79
[2025-05-20 17:44:16.397] [0m[0;34mAPP     :INFO :gCapSessionHandle!!!.
[2025-05-20 17:44:16.397] [0m[0;34mAPP     :INFO :@@@ gNumberOfUserinDTPCM = 2, pRangingData->no_of_measurements = 1,i=0
[2025-05-20 17:44:16.397] [0m[0;34mAPP     :INFO :Measure_NLOS = 0, Classification_NLOS =   0
[2025-05-20 17:44:16.397] [0m[0;34mAPP     :INFO :Conten_Distance_MasterAnchor_to_709=114
[2025-05-20 17:44:16.397] [0m[0;34mAPP     :INFO :Current User ( 709 ) status is : SystemStatus = 0 , DiscoverStatus = 4 , TransactionState = 4 , AuthenticationState = 9
[2025-05-20 17:44:16.398] [0mKF_predict(): Predicted value = 0, Measurement = 0
[2025-05-20 17:44:16.398] [0;34mAPP     :INFO :@@@ User Speed is :( 709 ) , 3 ,(cm/s)
[2025-05-20 17:44:16.398] [0m[0;34mAPP     :INFO :@ b = 114, c = 50, x = -52, y = 50
[2025-05-20 17:44:16.398] [0m[0;34mAPP     :INFO :@ a = 100, d = 100, m = 250, Gate = 100
[2025-05-20 17:44:16.398] [0m[0;34mAPP     :INFO :No User to r or w | SystemStatus = 0
[2025-05-20 17:44:16.398] [0m
[2025-05-20 17:44:16.637] [0;32mTMLUWB  :RX < :RECV                :62000048 15A70100 01000000 00FA0000 00010000 05000001 00000000 01070900 00700000 00640000 64000000 00000003 8C000000 00000000 00000000 0E000000 00010300 01030000 00000000
[2025-05-20 17:44:16.637] [0m[0;34mAPP     :INFO :@@@ updateKeepAlive( ): User[1] 709 Keep alive = 79
[2025-05-20 17:44:16.637] [0m[0;34mAPP     :INFO :gCapSessionHandle!!!.
[2025-05-20 17:44:16.638] [0m[0;34mAPP     :INFO :@@@ gNumberOfUserinDTPCM = 2, pRangingData->no_of_measurements = 1,i=0
[2025-05-20 17:44:16.638] [0m[0;34mAPP     :INFO :Measure_NLOS = 0, Classification_NLOS =   0
[2025-05-20 17:44:16.638] [0m[0;34mAPP     :INFO :Conten_Distance_MasterAnchor_to_709=112
[2025-05-20 17:44:16.638] [0m[0;34mAPP     :INFO :Current User ( 709 ) status is : SystemStatus = 0 , DiscoverStatus = 4 , TransactionState = 4 , AuthenticationState = 9
[2025-05-20 17:44:16.638] [0mKF_predict(): Predicted value = 0, Measurement = 0
[2025-05-20 17:44:16.638] [0;34mAPP     :INFO :@@@ User Speed is :( 709 ) , 0 ,(cm/s)
[2025-05-20 17:44:16.638] [0m[0;34mAPP     :INFO :@ b = 112, c = 50, x = -50, y = 50
[2025-05-20 17:44:16.638] [0m[0;34mAPP     :INFO :@ a = 100, d = 100, m = 250, Gate = 100
[2025-05-20 17:44:16.638] [0m[0;34mAPP     :INFO :No User to r or w | SystemStatus = 0
[2025-05-20 17:44:16.638] [0m
[2025-05-20 17:44:16.868] [0;32mTMLUWB  :RX < :RECV                :62000048 16A70100 01000000 00FA0000 00010000 05000001 00000000 01070900 006F0000 00640000 64000000 00000003 8F000000 00000000 00000000 0E000000 00010300 01030000 00000000
[2025-05-20 17:44:16.870] [0m[0;34mAPP     :INFO :@@@ updateKeepAlive( ): User[1] 709 Keep alive = 79
[2025-05-20 17:44:16.870] [0m[0;34mAPP     :INFO :gCapSessionHandle!!!.
[2025-05-20 17:44:16.870] [0m[0;34mAPP     :INFO :@@@ gNumberOfUserinDTPCM = 2, pRangingData->no_of_measurements = 1,i=0
[2025-05-20 17:44:16.870] [0m[0;34mAPP     :INFO :Measure_NLOS = 0, Classification_NLOS =   0
[2025-05-20 17:44:16.870] [0m[0;34mAPP     :INFO :Conten_Distance_MasterAnchor_to_709=111
[2025-05-20 17:44:16.870] [0m[0;34mAPP     :INFO :Current User ( 709 ) status is : SystemStatus = 0 , DiscoverStatus = 4 , TransactionState = 4 , AuthenticationState = 9
[2025-05-20 17:44:16.870] [0mKF_predict(): Predicted value = 0, Measurement = 0
[2025-05-20 17:44:16.870] [0;34mAPP     :INFO :@@@ User Speed is :( 709 ) , 1 ,(cm/s)
[2025-05-20 17:44:16.870] [0m[0;34mAPP     :INFO :@ b = 111, c = 50, x = -49, y = 50
[2025-05-20 17:44:16.870] [0m[0;34mAPP     :INFO :@ a = 100, d = 100, m = 250, Gate = 100
[2025-05-20 17:44:16.870] [0m[0;34mAPP     :INFO :################################### into blue area...##################################################
[2025-05-20 17:44:16.870] [0m[0;34mAPP     :INFO :No User to r or w | SystemStatus = 0
[2025-05-20 17:44:16.870] [0m
[2025-05-20 17:44:17.139] [0;32mTMLUWB  :RX < :RECV                :62000048 17A70100 01000000 00FA0000 00010000 05000001 00000000 01070900 006F0000 00640000 64000000 00000003 90000000 00000000 00000000 0E000000 00010300 01030000 00000000
[2025-05-20 17:44:17.139] [0m[0;34mAPP     :INFO :@@@ updateKeepAlive( ): User[1] 709 Keep alive = 79
[2025-05-20 17:44:17.139] [0m[0;34mAPP     :INFO :gCapSessionHandle!!!.
[2025-05-20 17:44:17.139] [0m[0;34mAPP     :INFO :@@@ gNumberOfUserinDTPCM = 2, pRangingData->no_of_measurements = 1,i=0
[2025-05-20 17:44:17.139] [0m[0;34mAPP     :INFO :Measure_NLOS = 0, Classification_NLOS =   0
[2025-05-20 17:44:17.140] [0m[0;34mAPP     :INFO :Conten_Distance_MasterAnchor_to_709=111
[2025-05-20 17:44:17.140] [0m[0;34mAPP     :INFO :Current User ( 709 ) status is : SystemStatus = 0 , DiscoverStatus = 4 , TransactionState = 4 , AuthenticationState = 9
[2025-05-20 17:44:17.140] [0mKF_predict(): Predicted value = 0, Measurement = 0
[2025-05-20 17:44:17.140] [0;34mAPP     :INFO :@@@ User Speed is :( 709 ) , 3 ,(cm/s)
[2025-05-20 17:44:17.140] [0m[0;34mAPP     :INFO :@ b = 111, c = 50, x = -49, y = 50
[2025-05-20 17:44:17.140] [0m[0;34mAPP     :INFO :@ a = 100, d = 100, m = 250, Gate = 100
[2025-05-20 17:44:17.140] [0m[0;34mAPP     :INFO :################################### into blue area...##################################################
[2025-05-20 17:44:17.140] [0m[0;34mAPP     :INFO :No User to r or w | SystemStatus = 0
[2025-05-20 17:44:17.140] [0m
[2025-05-20 17:44:17.390] [0;32mTMLUWB  :RX < :RECV                :62000048 18A70100 01000000 00FA0000 00010000 05000001 00000000 01070900 006F0000 00640000 64000000 00000003 8F000000 00000000 00000000 0E000000 00010300 01030000 00000000
[2025-05-20 17:44:17.390] [0m[0;34mAPP     :INFO :@@@ updateKeepAlive( ): User[1] 709 Keep alive = 79
[2025-05-20 17:44:17.390] [0m[0;34mAPP     :INFO :gCapSessionHandle!!!.
[2025-05-20 17:44:17.391] [0m[0;34mAPP     :INFO :@@@ gNumberOfUserinDTPCM = 2, pRangingData->no_of_measurements = 1,i=0
[2025-05-20 17:44:17.391] [0m[0;34mAPP     :INFO :Measure_NLOS = 0, Classification_NLOS =   0
[2025-05-20 17:44:17.391] [0m[0;34mAPP     :INFO :Conten_Distance_MasterAnchor_to_709=111
[2025-05-20 17:44:17.391] [0m[0;34mAPP     :INFO :Current User ( 709 ) status is : SystemStatus = 0 , DiscoverStatus = 4 , TransactionState = 4 , AuthenticationState = 9
[2025-05-20 17:44:17.391] [0mKF_predict(): Predicted value = 0, Measurement = 0
[2025-05-20 17:44:17.391] [0;34mAPP     :INFO :@@@ User Speed is :( 709 ) , 1 ,(cm/s)
[2025-05-20 17:44:17.391] [0m[0;34mAPP     :INFO :@ b = 111, c = 50, x = -49, y = 50
[2025-05-20 17:44:17.391] [0m[0;34mAPP     :INFO :@ a = 100, d = 100, m = 250, Gate = 100
[2025-05-20 17:44:17.391] [0m[0;34mAPP     :INFO :################################### into blue area...##################################################
[2025-05-20 17:44:17.391] [0m[0;34mAPP     :INFO :No User to r or w | SystemStatus = 0
[2025-05-20 17:44:17.391] [0m
[2025-05-20 17:44:17.641] [0;32mTMLUWB  :RX < :RECV                :62000048 19A70100 01000000 00FA0000 00010000 05000001 00000000 01070900 00700000 00640000 64000000 00000003 8E000000 00000000 00000000 0E000000 00010300 01030000 00000000
[2025-05-20 17:44:17.642] [0m[0;34mAPP     :INFO :@@@ updateKeepAlive( ): User[1] 709 Keep alive = 79
[2025-05-20 17:44:17.642] [0m[0;34mAPP     :INFO :gCapSessionHandle!!!.
[2025-05-20 17:44:17.642] [0m[0;34mAPP     :INFO :@@@ gNumberOfUserinDTPCM = 2, pRangingData->no_of_measurements = 1,i=0
[2025-05-20 17:44:17.642] [0m[0;34mAPP     :INFO :Measure_NLOS = 0, Classification_NLOS =   0
[2025-05-20 17:44:17.642] [0m[0;34mAPP     :INFO :Conten_Distance_MasterAnchor_to_709=112
[2025-05-20 17:44:17.642] [0m[0;34mAPP     :INFO :Current User ( 709 ) status is : SystemStatus = 0 , DiscoverStatus = 4 , TransactionState = 4 , AuthenticationState = 9
[2025-05-20 17:44:17.642] [0mKF_predict(): Predicted value = 0, Measurement = 0
[2025-05-20 17:44:17.642] [0;34mAPP     :INFO :@@@ User Speed is :( 709 ) , 1 ,(cm/s)
[2025-05-20 17:44:17.642] [0m[0;34mAPP     :INFO :@ b = 112, c = 50, x = -50, y = 50
[2025-05-20 17:44:17.642] [0m[0;34mAPP     :INFO :@ a = 100, d = 100, m = 250, Gate = 100
[2025-05-20 17:44:17.642] [0m[0;34mAPP     :INFO :No User to r or w | SystemStatus = 0
[2025-05-20 17:44:17.642] [0m
[2025-05-20 17:44:17.868] [0;32mTMLUWB  :RX < :RECV                :62000048 1AA70100 01000000 00FA0000 00010000 05000001 00000000 01070900 00700000 00640000 64000000 00000003 90000000 00000000 00000000 0E000000 00010300 01030000 00000000
[2025-05-20 17:44:17.869] [0m[0;34mAPP     :INFO :@@@ updateKeepAlive( ): User[1] 709 Keep alive = 79
[2025-05-20 17:44:17.869] [0m[0;34mAPP     :INFO :gCapSessionHandle!!!.
[2025-05-20 17:44:17.869] [0m[0;34mAPP     :INFO :@@@ gNumberOfUserinDTPCM = 2, pRangingData->no_of_measurements = 1,i=0
[2025-05-20 17:44:17.869] [0m[0;34mAPP     :INFO :Measure_NLOS = 0, Classification_NLOS =   0
[2025-05-20 17:44:17.869] [0m[0;34mAPP     :INFO :Conten_Distance_MasterAnchor_to_709=112
[2025-05-20 17:44:17.869] [0m[0;34mAPP     :INFO :Current User ( 709 ) status is : SystemStatus = 0 , DiscoverStatus = 4 , TransactionState = 4 , AuthenticationState = 9
[2025-05-20 17:44:17.869] [0mKF_predict(): Predicted value = 0, Measurement = 0
[2025-05-20 17:44:17.869] [0;34mAPP     :INFO :@@@ User Speed is :( 709 ) , 1 ,(cm/s)
[2025-05-20 17:44:17.869] [0m[0;34mAPP     :INFO :@ b = 112, c = 50, x = -50, y = 50
[2025-05-20 17:44:17.869] [0m[0;34mAPP     :INFO :@ a = 100, d = 100, m = 250, Gate = 100
[2025-05-20 17:44:17.869] [0m[0;34mAPP     :INFO :No User to r or w | SystemStatus = 0
[2025-05-20 17:44:17.869] [0m
