[2025-04-29 12:17:16.374] #################################################
[2025-04-29 12:17:16.378] ## Slave Anchor Transit Demo : SR150
[2025-04-29 12:17:16.381] ## UWBIOT_v04.05.13
[2025-04-29 12:17:16.382] #################################################
[2025-04-29 12:17:16.385] [0;34msss     :INFO :atr                 :01A00000 03960403 E800FE02 0B03E800 01000000 00641388 0C006750 37314436 30300000 00
[2025-04-29 12:17:16.388] [0m[0;34mFWDNLD  :INFO :FWDL Directly from host
[2025-04-29 12:17:16.391] [0m[0;32mTMLUWB  :DEBUG:Tml Reader Thread Started...
[2025-04-29 12:17:16.394] [0m[0;34mHALUCI  :INFO :Starting FW download
[2025-04-29 12:17:16.949] [0m[0;34mHALUCI  :INFO :FW Download done.
[2025-04-29 12:17:16.972] [0m[0;32mTMLUWB  :DEBUG:Read requested...
[2025-04-29 12:17:16.975] [0m[0;32mTMLUWB  :DEBUG:Invoking Read...
[2025-04-29 12:17:17.058] [0m[0;32mTMLUWB  :DEBUG:Read successful...
[2025-04-29 12:17:17.061] [0m[0;32mTMLUWB  :RX < :RECV                :60010001 00
[2025-04-29 12:17:17.064] [0m[0;32mTMLUWB  :DEBUG:Posting read message...
[2025-04-29 12:17:17.067] [0m[0;32mTMLUWB  :DEBUG:Invoking Write...
[2025-04-29 12:17:17.069] [0m[0;34mTMLUWB  :TX > :SEND                :2E000002 7304
[2025-04-29 12:17:17.071] [0m[0;32mTMLUWB  :DEBUG:Read requested...
[2025-04-29 12:17:17.074] [0m[0;32mTMLUWB  :DEBUG:Invoking Read...
[2025-04-29 12:17:17.087] [0m[0;32mTMLUWB  :DEBUG:Read successful...
[2025-04-29 12:17:17.093] [0m[0;32mTMLUWB  :RX < :RECV                :4E000001 00
[2025-04-29 12:17:17.099] [0m[0;32mTMLUWB  :DEBUG:Posting read message...
[2025-04-29 12:17:17.101] [0m[0;32mTMLUWB  :DEBUG:Read requested...
[2025-04-29 12:17:17.103] [0m[0;32mTMLUWB  :DEBUG:Invoking Read...
[2025-04-29 12:17:17.105] [0m[0;32mTMLUWB  :DEBUG:Read successful...
[2025-04-29 12:17:17.107] [0m[0;32mTMLUWB  :RX < :RECV                :60010001 01
[2025-04-29 12:17:17.111] [0m[0;32mTMLUWB  :DEBUG:Posting read message...
[2025-04-29 12:17:17.114] [0m[0;32mTMLUWB  :DEBUG:Invoking Write...
[2025-04-29 12:17:17.116] [0m[0;34mTMLUWB  :TX > :SEND                :20000001 00
[2025-04-29 12:17:17.118] [0m[0;32mTMLUWB  :DEBUG:Read requested...
[2025-04-29 12:17:17.121] [0m[0;32mTMLUWB  :DEBUG:Invoking Read...
[2025-04-29 12:17:17.123] [0m[0;32mTMLUWB  :DEBUG:Read successful...
[2025-04-29 12:17:17.126] [0m[0;32mTMLUWB  :RX < :RECV                :60070001 0A
[2025-04-29 12:17:17.129] [0m[0;32mTMLUWB  :DEBUG:Posting read message...
[2025-04-29 12:17:17.131] [0m[0;32mTMLUWB  :DEBUG:Invoking Write...
[2025-04-29 12:17:17.134] [0m[0;34mTMLUWB  :TX > :SEND                :20000001 00
[2025-04-29 12:17:17.137] [0m[0;32mTMLUWB  :DEBUG:Read requested...
[2025-04-29 12:17:17.140] [0m[0;32mTMLUWB  :DEBUG:Invoking Read...
[2025-04-29 12:17:17.142] [0m[0;32mTMLUWB  :DEBUG:Read successful...
[2025-04-29 12:17:17.145] [0m[0;32mTMLUWB  :RX < :RECV                :40000001 00
[2025-04-29 12:17:17.148] [0m[0;32mTMLUWB  :DEBUG:Posting read message...
[2025-04-29 12:17:17.149] [0m[0;32mTMLUWB  :DEBUG:Read requested...
[2025-04-29 12:17:17.150] [0m[0;32mTMLUWB  :DEBUG:Invoking Read...
[2025-04-29 12:17:17.153] [0m[0;32mTMLUWB  :DEBUG:Read successful...
[2025-04-29 12:17:17.155] [0m[0;32mTMLUWB  :RX < :RECV                :60010001 01
[2025-04-29 12:17:17.158] [0m[0;32mTMLUWB  :DEBUG:Posting read message...
[2025-04-29 12:17:17.160] [0m[0;32mTMLUWB  :DEBUG:Invoking Write...
[2025-04-29 12:17:17.162] [0m[0;34mTMLUWB  :TX > :SEND                :2004000E 03E40201 00E40301 14E43402 E803
[2025-04-29 12:17:17.165] [0m[0;32mTMLUWB  :DEBUG:Read requested...
[2025-04-29 12:17:17.167] [0m[0;32mTMLUWB  :DEBUG:Invoking Read...
[2025-04-29 12:17:17.170] [0m[0;32mTMLUWB  :DEBUG:Read successful...
[2025-04-29 12:17:17.173] [0m[0;32mTMLUWB  :RX < :RECV                :6E060001 02
[2025-04-29 12:17:17.178] [0m[0;32mTMLUWB  :DEBUG:Posting read message...
[2025-04-29 12:17:17.181] [0m[0;33mUWBAPI  :WARN :processProprietaryNtf: unhandled event 0x6
[2025-04-29 12:17:17.184] [0m[0;32mTMLUWB  :DEBUG:Read requested...
[2025-04-29 12:17:17.188] [0m[0;32mTMLUWB  :DEBUG:Invoking Read...
[2025-04-29 12:17:17.191] [0m[0;32mTMLUWB  :DEBUG:Read successful...
[2025-04-29 12:17:17.195] [0m[0;32mTMLUWB  :RX < :RECV                :40040002 0000
[2025-04-29 12:17:17.199] [0m[0;32mTMLUWB  :DEBUG:Posting read message...
[2025-04-29 12:17:17.202] [0m[0;32mTMLUWB  :DEBUG:Invoking Write...
[2025-04-29 12:17:17.205] [0m[0;34mTMLUWB  :TX > :SEND                :20040030 03E46013 03010102 00020002 01020000 00030201 000100E4 61060101 01000000 E4620D02 01020300 00000201 03000000
[2025-04-29 12:17:17.208] [0m[0;32mTMLUWB  :DEBUG:Read requested...
[2025-04-29 12:17:17.211] [0m[0;32mTMLUWB  :DEBUG:Invoking Read...
[2025-04-29 12:17:17.215] [0m[0;32mTMLUWB  :DEBUG:Read successful...
[2025-04-29 12:17:17.217] [0m[0;32mTMLUWB  :RX < :RECV                :60070001 0A
[2025-04-29 12:17:17.219] [0m[0;32mTMLUWB  :DEBUG:Posting read message...
[2025-04-29 12:17:17.221] [0m[0;32mTMLUWB  :DEBUG:Read requested...
[2025-04-29 12:17:17.224] [0m[0;32mTMLUWB  :DEBUG:Invoking Read...
[2025-04-29 12:17:17.353] [0m[0;33mUCICORE :WARN :Retrying last failed command
[2025-04-29 12:17:17.358] [0m[0;32mTMLUWB  :DEBUG:Invoking Write...
[2025-04-29 12:17:17.360] [0m[0;34mTMLUWB  :TX > :SEND                :20040030 03E46013 03010102 00020002 01020000 00030201 000100E4 61060101 01000000 E4620D02 01020300 00000201 03000000
[2025-04-29 12:17:17.365] [0m[0;32mTMLUWB  :DEBUG:Read successful...
[2025-04-29 12:17:17.367] [0m[0;32mTMLUWB  :RX < :RECV                :40040002 0000
[2025-04-29 12:17:17.370] [0m[0;32mTMLUWB  :DEBUG:Posting read message...
[2025-04-29 12:17:17.372] [0m[0;32mTMLUWB  :DEBUG:Invoking Write...
[2025-04-29 12:17:17.376] [0m[0;34mTMLUWB  :TX > :SEND                :2F21000D 05020A03 01103B02 103B0310 3B
[2025-04-29 12:17:17.379] [0m[0;32mTMLUWB  :DEBUG:Read requested...
[2025-04-29 12:17:17.382] [0m[0;32mTMLUWB  :DEBUG:Invoking Read...
[2025-04-29 12:17:17.384] [0m[0;32mTMLUWB  :DEBUG:Read successful...
[2025-04-29 12:17:17.398] [0m[0;32mTMLUWB  :RX < :RECV                :4F210001 00
[2025-04-29 12:17:17.403] [0m[0;32mTMLUWB  :DEBUG:Posting read message...
[2025-04-29 12:17:17.408] [0m[0;32mTMLUWB  :DEBUG:Invoking Write...
[2025-04-29 12:17:17.411] [0m[0;34mTMLUWB  :TX > :SEND                :2F21000D 09020A03 01103B02 103B0310 3B
[2025-04-29 12:17:17.414] [0m[0;32mTMLUWB  :DEBUG:Read requested...
[2025-04-29 12:17:17.417] [0m[0;32mTMLUWB  :DEBUG:Invoking Read...
[2025-04-29 12:17:17.420] [0m[0;32mTMLUWB  :DEBUG:Read successful...
[2025-04-29 12:17:17.423] [0m[0;32mTMLUWB  :RX < :RECV                :4F210001 00
[2025-04-29 12:17:17.426] [0m[0;32mTMLUWB  :DEBUG:Posting read message...
[2025-04-29 12:17:17.429] [0m[0;32mTMLUWB  :DEBUG:Invoking Write...
[2025-04-29 12:17:17.431] [0m[0;34mTMLUWB  :TX > :SEND                :2F21000D 06020A03 01103B02 103B0310 3B
[2025-04-29 12:17:17.435] [0m[0;32mTMLUWB  :DEBUG:Read requested...
[2025-04-29 12:17:17.437] [0m[0;32mTMLUWB  :DEBUG:Invoking Read...
[2025-04-29 12:17:17.440] [0m[0;32mTMLUWB  :DEBUG:Read successful...
[2025-04-29 12:17:17.443] [0m[0;32mTMLUWB  :RX < :RECV                :4F210001 00
[2025-04-29 12:17:17.446] [0m[0;32mTMLUWB  :DEBUG:Posting read message...
[2025-04-29 12:17:17.449] [0m[0;32mTMLUWB  :DEBUG:Invoking Write...
[2025-04-29 12:17:17.452] [0m[0;34mTMLUWB  :TX > :SEND                :2F21000D 08020A03 01103B02 103B0310 3B
[2025-04-29 12:17:17.454] [0m[0;32mTMLUWB  :DEBUG:Read requested...
[2025-04-29 12:17:17.456] [0m[0;32mTMLUWB  :DEBUG:Invoking Read...
[2025-04-29 12:17:17.459] [0m[0;32mTMLUWB  :DEBUG:Read successful...
[2025-04-29 12:17:17.462] [0m[0;32mTMLUWB  :RX < :RECV                :4F210001 00
[2025-04-29 12:17:17.465] [0m[0;32mTMLUWB  :DEBUG:Posting read message...
[2025-04-29 12:17:17.468] [0m[0;32mTMLUWB  :DEBUG:Invoking Write...
[2025-04-29 12:17:17.470] [0m[0;32mTMLUWB  :DEBUG:Read requested...
[2025-04-29 12:17:17.472] [0m[0;34mTMLUWB  :TX > :SEND                :2F2100F7 0562F401 016FCECD CE97D619 E1DDEFF9 00880F98 1AC4244C 308337AF D1E0CFC1 D47FDFB7 ED21FD8B 0BA618ED 242F2F61 357CD131 D28AD681 DFABEC4F FC750BC4 18912354 2C1E34AE CF6DD3DE D95FE29C EDB3FBDE 0963161E 21CD2B48 359ACDB0 D22CDA24 E3F4EDDD FACD086C 16E622A9 2E783797 CCA8D1B6 D829E2B3 EE89FEBE 0ECB1CAC 28713243 39BECBC0 CFB8D690 E113F1D4 02221248 1EE6281A 324139B5 CA3CCFF0 D639E4AC F4EE0374 0FE0184E 23B22F3A 38F0C711 D09DD987 E6B9F51D 03380CF2 12641C64 2C2D36BD C68CCF0A DA37E71D F53B0258 0B031030 19F2257C 2F3EC8BC CD5CD956 E70CF3E8 FF770AC5 10DB1789 1CE932
[2025-04-29 12:17:17.476] [0m[0;32mTMLUWB  :DEBUG:Invoking Read...
[2025-04-29 12:17:17.480] [0m[0;32mTMLUWB  :DEBUG:Read successful...
[2025-04-29 12:17:17.483] [0m[0;32mTMLUWB  :RX < :RECV                :4F210001 00
[2025-04-29 12:17:17.485] [0m[0;32mTMLUWB  :DEBUG:Posting read message...
[2025-04-29 12:17:17.487] [0m[0;32mTMLUWB  :DEBUG:Invoking Write...
[2025-04-29 12:17:17.490] [0m[0;32mTMLUWB  :DEBUG:Read requested...
[2025-04-29 12:17:17.493] [0m[0;34mTMLUWB  :TX > :SEND                :2F2100F7 0962F401 01EFB741 C067CDD3 DD50F05F 00000BBA 155F2780 379E4120 B8B6BEF7 CA13DD40 EF94FE22 0B8219DC 29703769 4074BA29 C19CCBBE DBACED23 FE990C96 1B062BE3 37CD3FF2 BB6EC246 CCFDDACB EC08FFA3 0F2D1F64 2D893867 3FC3BCA9 C2BBCC2A DC35EE18 019A1166 20A42D38 38633F91 BDBEC304 CE1CDE27 F04301F1 114D22F0 2F0F3A3B 41F9BD94 C4EBCD86 DC53EF30 01BB113E 23BB31AB 3C674477 BD23C4CB CB22D849 ECC402C0 131F2316 32733E9E 458FBB3D C29BC9AB D5B5EA98 038A14D3 21083012 3C4043D3 BB03BFE8 C65ED549 EB8702CC 13B11D89 29353811 4863BC54 BE98C381 D624ECA7 FDEB0F44 1C3D2897 396C47
[2025-04-29 12:17:17.498] [0m[0;32mTMLUWB  :DEBUG:Invoking Read...
[2025-04-29 12:17:17.501] [0m[0;32mTMLUWB  :DEBUG:Read successful...
[2025-04-29 12:17:17.503] [0m[0;32mTMLUWB  :RX < :RECV                :4F210001 00
[2025-04-29 12:17:17.506] [0m[0;32mTMLUWB  :DEBUG:Posting read message...
[2025-04-29 12:17:17.508] [0m[0;32mTMLUWB  :DEBUG:Invoking Write...
[2025-04-29 12:17:17.510] [0m[0;32mTMLUWB  :DEBUG:Read requested...
[2025-04-29 12:17:17.514] [0m[0;34mTMLUWB  :TX > :SEND                :2F2100F7 0562F401 0225E505 E89EEB0D F166F7D4 FDE103F8 07790AE6 0FFB0EC2 DC56DDE7 E058E847 F115FCD3 05080EB1 135618C5 1722D30F D6B3DA11 E26BEC7B FB820770 11931BC3 203E21B2 CBA8D088 D75DDE01 E9B2FBB6 089A1342 21BA2910 31D1C717 CD55D56C DCABE62D FC650A23 164925AF 2FAA383A C7F4CBBE D370DB90 E5EDFCA5 0C881798 26F131C6 388EC8D1 CCFAD35B DBF7E5D5 FD4F0EB1 1659246E 3298356B CB85CFC7 D564DCB6 E73AFE6C 0E3F1408 1D922BA8 33B5CF64 D36DD858 DEBAEAA7 FECD0DE4 12D814C7 1DF32EE3 D5F8D86B DCCCE2FA EE00FF6A 0CAD137D 1689180C 1C93DCB9 DE2CE20A E918F384 FE130951 11CF17DE 16C724
[2025-04-29 12:17:17.517] [0m[0;32mTMLUWB  :DEBUG:Invoking Read...
[2025-04-29 12:17:17.521] [0m[0;32mTMLUWB  :DEBUG:Read successful...
[2025-04-29 12:17:17.524] [0m[0;32mTMLUWB  :RX < :RECV                :4F210001 00
[2025-04-29 12:17:17.526] [0m[0;32mTMLUWB  :DEBUG:Posting read message...
[2025-04-29 12:17:17.531] [0m[0;32mTMLUWB  :DEBUG:Invoking Write...
[2025-04-29 12:17:17.534] [0m[0;32mTMLUWB  :DEBUG:Read requested...
[2025-04-29 12:17:17.536] [0m[0;34mTMLUWB  :TX > :SEND                :2F2100F7 0962F401 027AD38D D812E0D7 E96FF480 FE260810 107416C1 1DE020FC CC21D277 D91AE48B F0E2FD17 0CB917B5 1FE126BF 2D8AC597 CC15D5E0 DF53ED23 FDFD0E03 1D60278A 2D553386 BE82C6E4 D0FDDCA7 EBBEFCF0 0FA41F82 2B2B322C 3734BCFB C2A1CD9D DB2BEC2C FDC80FE8 215D2FC7 36663D03 BDB5C27E CC97DB04 EE43FFAC 0F75232F 339D3BBF 3F03BFF8 C447CE21 DDA5EF81 0148100C 238233F0 3FCC43CE C281C951 D2FDDF75 F06602ED 10A720D8 30903D2E 4163CAA3 D086D833 E4DDF14D 02C410D5 1D432B8C 32653DC8 D350D915 E023E97E F31C0100 10EB1BF8 23EA27C4 376DDD33 E106E6A2 EC9DF47B FF000D6D 172B1B56 26FB2A
[2025-04-29 12:17:17.541] [0m[0;32mTMLUWB  :DEBUG:Invoking Read...
[2025-04-29 12:17:17.544] [0m[0;32mTMLUWB  :DEBUG:Read successful...
[2025-04-29 12:17:17.547] [0m[0;32mTMLUWB  :RX < :RECV                :4F210001 00
[2025-04-29 12:17:17.550] [0m[0;32mTMLUWB  :DEBUG:Posting read message...
[2025-04-29 12:17:17.553] [0m[0;32mTMLUWB  :DEBUG:Invoking Write...
[2025-04-29 12:17:17.555] [0m[0;34mTMLUWB  :TX > :SEND                :2F21000A 05030702 01A3DD02 A541
[2025-04-29 12:17:17.557] [0m[0;32mTMLUWB  :DEBUG:Read requested...
[2025-04-29 12:17:17.558] [0m[0;32mTMLUWB  :DEBUG:Invoking Read...
[2025-04-29 12:17:17.561] [0m[0;32mTMLUWB  :DEBUG:Read successful...
[2025-04-29 12:17:17.564] [0m[0;32mTMLUWB  :RX < :RECV                :4F210001 00
[2025-04-29 12:17:17.566] [0m[0;32mTMLUWB  :DEBUG:Posting read message...
[2025-04-29 12:17:17.567] [0m[0;32mTMLUWB  :DEBUG:Invoking Write...
[2025-04-29 12:17:17.570] [0m[0;34mTMLUWB  :TX > :SEND                :2F21000A 09030702 01E7D802 4E48
[2025-04-29 12:17:17.573] [0m[0;32mTMLUWB  :DEBUG:Read requested...
[2025-04-29 12:17:17.575] [0m[0;32mTMLUWB  :DEBUG:Invoking Read...
[2025-04-29 12:17:17.577] [0m[0;32mTMLUWB  :DEBUG:Read successful...
[2025-04-29 12:17:17.580] [0m[0;32mTMLUWB  :RX < :RECV                :4F210001 00
[2025-04-29 12:17:17.582] [0m[0;32mTMLUWB  :DEBUG:Posting read message...
[2025-04-29 12:17:17.584] [0m[0;32mTMLUWB  :DEBUG:Invoking Write...
[2025-04-29 12:17:17.586] [0m[0;34mTMLUWB  :TX > :SEND                :2F21000A 05660702 01A23702 A6E7
[2025-04-29 12:17:17.589] [0m[0;32mTMLUWB  :DEBUG:Read requested...
[2025-04-29 12:17:17.591] [0m[0;32mTMLUWB  :DEBUG:Invoking Read...
[2025-04-29 12:17:17.593] [0m[0;32mTMLUWB  :DEBUG:Read successful...
[2025-04-29 12:17:17.597] [0m[0;32mTMLUWB  :RX < :RECV                :4F210001 00
[2025-04-29 12:17:17.599] [0m[0;32mTMLUWB  :DEBUG:Posting read message...
[2025-04-29 12:17:17.601] [0m[0;32mTMLUWB  :DEBUG:Invoking Write...
[2025-04-29 12:17:17.603] [0m[0;34mTMLUWB  :TX > :SEND                :2F21000A 09660702 01E63202 4FEE
[2025-04-29 12:17:17.605] [0m[0;32mTMLUWB  :DEBUG:Read requested...
[2025-04-29 12:17:17.607] [0m[0;32mTMLUWB  :DEBUG:Invoking Read...
[2025-04-29 12:17:17.611] [0m[0;32mTMLUWB  :DEBUG:Read successful...
[2025-04-29 12:17:17.613] [0m[0;32mTMLUWB  :RX < :RECV                :4F210001 00
[2025-04-29 12:17:17.615] [0m[0;32mTMLUWB  :DEBUG:Posting read message...
[2025-04-29 12:17:17.617] [0m[0;32mTMLUWB  :DEBUG:Invoking Write...
[2025-04-29 12:17:17.619] [0m[0;34mTMLUWB  :TX > :SEND                :20040004 01010101
[2025-04-29 12:17:17.622] [0m[0;32mTMLUWB  :DEBUG:Read requested...
[2025-04-29 12:17:17.625] [0m[0;32mTMLUWB  :DEBUG:Invoking Read...
[2025-04-29 12:17:17.626] [0m[0;32mTMLUWB  :DEBUG:Read successful...
[2025-04-29 12:17:17.629] [0m[0;32mTMLUWB  :RX < :RECV                :40040002 0000
[2025-04-29 12:17:17.632] [0m[0;32mTMLUWB  :DEBUG:Posting read message...
[2025-04-29 12:17:17.634] [0m[0;32mTMLUWB  :DEBUG:Invoking Write...
[2025-04-29 12:17:17.636] [0m[0;34mTMLUWB  :TX > :SEND                :20040006 01E40402 F401
[2025-04-29 12:17:17.639] [0m[0;32mTMLUWB  :DEBUG:Read requested...
[2025-04-29 12:17:17.640] [0m[0;32mTMLUWB  :DEBUG:Invoking Read...
[2025-04-29 12:17:17.642] [0m[0;32mTMLUWB  :DEBUG:Read successful...
[2025-04-29 12:17:17.644] [0m[0;32mTMLUWB  :RX < :RECV                :40040002 0000
[2025-04-29 12:17:17.648] [0m[0;32mTMLUWB  :DEBUG:Posting read message...
[2025-04-29 12:17:17.650] [0m[0;32mTMLUWB  :DEBUG:Invoking Write...
[2025-04-29 12:17:17.652] [0m[0;34mTMLUWB  :TX > :SEND                :20040005 01E43301 01
[2025-04-29 12:17:17.655] [0m[0;32mTMLUWB  :DEBUG:Read requested...
[2025-04-29 12:17:17.657] [0m[0;32mTMLUWB  :DEBUG:Invoking Read...
[2025-04-29 12:17:17.659] [0m[0;32mTMLUWB  :DEBUG:Read successful...
[2025-04-29 12:17:17.662] [0m[0;32mTMLUWB  :RX < :RECV                :40040002 0000
[2025-04-29 12:17:17.665] [0m[0;32mTMLUWB  :DEBUG:Posting read message...
[2025-04-29 12:17:17.667] [0m[0;32mTMLUWB  :DEBUG:Invoking Write...
[2025-04-29 12:17:17.669] [0m[0;34mTMLUWB  :TX > :SEND                :20030000
[2025-04-29 12:17:17.672] [0m[0;32mTMLUWB  :DEBUG:Read requested...
[2025-04-29 12:17:17.673] [0m[0;32mTMLUWB  :DEBUG:Invoking Read...
[2025-04-29 12:17:17.675] [0m[0;32mTMLUWB  :DEBUG:Read successful...
[2025-04-29 12:17:17.677] [0m[0;32mTMLUWB  :RX < :RECV                :40030084 00230002 F7070102 F7070204 01000200 03040100 02000401 030502BF 0106027F 0007011F 08010309 01020A01 070B0101 0C01010D 01010E01 0F0F010B 10010311 013F1205 FFFFFFFF 0713010F 14010115 01011601 0317010A 180114A0 017FA104 000F0000 A201F8A3 0103A402 0001A502 0100A603 001122E3 00020008 E30101AE E302010C
[2025-04-29 12:17:17.680] [0m[0;32mTMLUWB  :DEBUG:Posting read message...
[2025-04-29 12:17:17.683] [0m[0;32mTMLUWB  :DEBUG:Read requested...
[2025-04-29 12:17:17.684] [0m[0;32mTMLUWB  :DEBUG:Invoking Read...
[2025-04-29 12:17:17.687] [0m[0;32mTMLUWB  :DEBUG:Invoking Write...
[2025-04-29 12:17:17.690] [0m[0;34mTMLUWB  :TX > :SEND                :20020000
[2025-04-29 12:17:17.692] [0m[0;32mTMLUWB  :DEBUG:Read successful...
[2025-04-29 12:17:17.694] [0m[0;32mTMLUWB  :RX < :RECV                :4002004E 00020002 00020002 00440012 53523135 305F5052 4F445F49 4F545F52 4F570103 EE40A502 03020003 03103847 3450322D 3932B230 46353900 0C000401 64050200 00600302 00096103 02000963 0101
[2025-04-29 12:17:17.708] [0m[0;32mTMLUWB  :DEBUG:Posting read message...
[2025-04-29 12:17:17.737] [0m[0;34mAPP     :INFO :Device Name                        : SR150_PROD_IOT_ROW
[2025-04-29 12:17:17.741] [0m[0;34mAPP     :INFO :Firmware Version                   : EE.40.A5
[2025-04-29 12:17:17.747] [0m[0;32mTMLUWB  :DEBUG:Invoking Write...
[2025-04-29 12:17:17.751] [0m[0;34mTMLUWB  :TX > :SEND                :21000005 22222222 03
[2025-04-29 12:17:17.754] [0m[0;32mTMLUWB  :DEBUG:Read requested...
[2025-04-29 12:17:17.756] [0m[0;32mTMLUWB  :DEBUG:Invoking Read...
[2025-04-29 12:17:17.759] [0m[0;32mTMLUWB  :DEBUG:Read successful...
[2025-04-29 12:17:17.762] [0m[0;32mTMLUWB  :RX < :RECV                :41000005 00010000 00
[2025-04-29 12:17:17.765] [0m[0;32mTMLUWB  :DEBUG:Posting read message...
[2025-04-29 12:17:17.767] [0m[0;32mTMLUWB  :DEBUG:Read requested...
[2025-04-29 12:17:17.768] [0m[0;32mTMLUWB  :DEBUG:Invoking Read...
[2025-04-29 12:17:17.771] [0m[0;32mTMLUWB  :DEBUG:Read successful...
[2025-04-29 12:17:17.773] [0m[0;32mTMLUWB  :RX < :RECV                :61020006 01000000 0000
[2025-04-29 12:17:17.776] [0m[0;32mTMLUWB  :DEBUG:Posting read message...
[2025-04-29 12:17:17.780] [0m[0;32mTMLUWB  :DEBUG:Invoking Write...
[2025-04-29 12:17:17.782] [0m[0;34mTMLUWB  :TX > :SEND                :2103002F 01000000 0B0904FA 00000004 01091401 19170100 15010228 06DFCEAB 12345613 01012702 FEDC2F01 001F0102 160102
[2025-04-29 12:17:17.785] [0m[0;32mTMLUWB  :DEBUG:Read requested...
[2025-04-29 12:17:17.786] [0m[0;32mTMLUWB  :DEBUG:Invoking Read...
[2025-04-29 12:17:17.788] [0m[0;32mTMLUWB  :DEBUG:Read successful...
[2025-04-29 12:17:17.792] [0m[0;32mTMLUWB  :RX < :RECV                :41030002 0000
[2025-04-29 12:17:17.795] [0m[0;32mTMLUWB  :DEBUG:Posting read message...
[2025-04-29 12:17:17.799] [0m[0;32mTMLUWB  :DEBUG:Invoking Write...
[2025-04-29 12:17:17.801] [0m[0;34mTMLUWB  :TX > :SEND                :2103000F 01000000 03120101 0C010620 021805
[2025-04-29 12:17:17.804] [0m[0;32mTMLUWB  :DEBUG:Read requested...
[2025-04-29 12:17:17.807] [0m[0;32mTMLUWB  :DEBUG:Invoking Read...
[2025-04-29 12:17:17.809] [0m[0;32mTMLUWB  :DEBUG:Read successful...
[2025-04-29 12:17:17.811] [0m[0;32mTMLUWB  :RX < :RECV                :41030002 0000
[2025-04-29 12:17:17.815] [0m[0;32mTMLUWB  :DEBUG:Posting read message...
[2025-04-29 12:17:17.817] [0m[0;32mTMLUWB  :DEBUG:Invoking Write...
[2025-04-29 12:17:17.820] [0m[0;34mTMLUWB  :TX > :SEND                :2F00000B 01000000 01030401 020102
[2025-04-29 12:17:17.821] [0m[0;32mTMLUWB  :DEBUG:Read requested...
[2025-04-29 12:17:17.824] [0m[0;32mTMLUWB  :DEBUG:Invoking Read...
[2025-04-29 12:17:17.827] [0m[0;32mTMLUWB  :DEBUG:Read successful...
[2025-04-29 12:17:17.829] [0m[0;32mTMLUWB  :RX < :RECV                :4F000002 0000
[2025-04-29 12:17:17.832] [0m[0;32mTMLUWB  :DEBUG:Posting read message...
[2025-04-29 12:17:17.833] [0m[0;32mTMLUWB  :DEBUG:Invoking Write...
[2025-04-29 12:17:17.836] [0m[0;34mTMLUWB  :TX > :SEND                :2103001B 01000000 07110101 03010126 01002201 000602BB BB010103 000101
[2025-04-29 12:17:17.839] [0m[0;32mTMLUWB  :DEBUG:Read requested...
[2025-04-29 12:17:17.841] [0m[0;32mTMLUWB  :DEBUG:Invoking Read...
[2025-04-29 12:17:17.844] [0m[0;32mTMLUWB  :DEBUG:Read successful...
[2025-04-29 12:17:17.846] [0m[0;32mTMLUWB  :RX < :RECV                :41030002 0000
[2025-04-29 12:17:17.848] [0m[0;32mTMLUWB  :DEBUG:Posting read message...
[2025-04-29 12:17:17.851] [0m[0;32mTMLUWB  :DEBUG:Read requested...
[2025-04-29 12:17:17.852] [0m[0;32mTMLUWB  :DEBUG:Invoking Read...
[2025-04-29 12:17:17.854] [0m[0;32mTMLUWB  :DEBUG:Read successful...
[2025-04-29 12:17:17.857] [0m[0;32mTMLUWB  :RX < :RECV                :61020006 01000000 0300
[2025-04-29 12:17:17.858] [0m[0;32mTMLUWB  :DEBUG:Posting read message...
[2025-04-29 12:17:17.860] [0m[0;32mTMLUWB  :DEBUG:Invoking Write...
[2025-04-29 12:17:17.865] [0m[0;34mTMLUWB  :TX > :SEND                :21000005 33333333 04
[2025-04-29 12:17:17.868] [0m[0;32mTMLUWB  :DEBUG:Read requested...
[2025-04-29 12:17:17.870] [0m[0;32mTMLUWB  :DEBUG:Invoking Read...
[2025-04-29 12:17:17.872] [0m[0;32mTMLUWB  :DEBUG:Read successful...
[2025-04-29 12:17:17.874] [0m[0;32mTMLUWB  :RX < :RECV                :41000005 00020000 02
[2025-04-29 12:17:17.878] [0m[0;32mTMLUWB  :DEBUG:Posting read message...
[2025-04-29 12:17:17.881] [0m[0;32mTMLUWB  :DEBUG:Read requested...
[2025-04-29 12:17:17.883] [0m[0;32mTMLUWB  :DEBUG:Invoking Read...
[2025-04-29 12:17:17.885] [0m[0;32mTMLUWB  :DEBUG:Read successful...
[2025-04-29 12:17:17.887] [0m[0;32mTMLUWB  :RX < :RECV                :61020006 02000002 0000
[2025-04-29 12:17:17.890] [0m[0;32mTMLUWB  :DEBUG:Posting read message...
[2025-04-29 12:17:17.892] [0m[0;32mTMLUWB  :DEBUG:Invoking Write...
[2025-04-29 12:17:17.894] [0m[0;34mTMLUWB  :TX > :SEND                :21030015 02000002 05020100 18010112 01010702 AAAA0501 01
[2025-04-29 12:17:17.898] [0m[0;32mTMLUWB  :DEBUG:Read requested...
[2025-04-29 12:17:17.901] [0m[0;32mTMLUWB  :DEBUG:Invoking Read...
[2025-04-29 12:17:17.904] [0m[0;32mTMLUWB  :DEBUG:Read successful...
[2025-04-29 12:17:17.907] [0m[0;32mTMLUWB  :RX < :RECV                :41030002 0000
[2025-04-29 12:17:17.911] [0m[0;32mTMLUWB  :DEBUG:Posting read message...
[2025-04-29 12:17:17.914] [0m[0;32mTMLUWB  :DEBUG:Invoking Write...
[2025-04-29 12:17:17.917] [0m[0;34mTMLUWB  :TX > :SEND                :2103002F 02000002 0B0904FA 00000004 01091401 19170100 15010228 06DFCEAB 12345613 01012702 FEDC2F01 001F0102 160102
[2025-04-29 12:17:17.920] [0m[0;32mTMLUWB  :DEBUG:Read requested...
[2025-04-29 12:17:17.923] [0m[0;32mTMLUWB  :DEBUG:Invoking Read...
[2025-04-29 12:17:17.926] [0m[0;32mTMLUWB  :DEBUG:Read successful...
[2025-04-29 12:17:17.928] [0m[0;32mTMLUWB  :RX < :RECV                :41030002 0000
[2025-04-29 12:17:17.931] [0m[0;32mTMLUWB  :DEBUG:Posting read message...
[2025-04-29 12:17:17.935] [0m[0;32mTMLUWB  :DEBUG:Invoking Write...
[2025-04-29 12:17:17.936] [0m[0;34mTMLUWB  :TX > :SEND                :2F000011 02000002 03030401 02010271 01017201 01
[2025-04-29 12:17:17.939] [0m[0;32mTMLUWB  :DEBUG:Read requested...
[2025-04-29 12:17:17.941] [0m[0;32mTMLUWB  :DEBUG:Invoking Read...
[2025-04-29 12:17:17.943] [0m[0;32mTMLUWB  :DEBUG:Read successful...
[2025-04-29 12:17:17.946] [0m[0;32mTMLUWB  :RX < :RECV                :4F000002 0000
[2025-04-29 12:17:17.948] [0m[0;32mTMLUWB  :DEBUG:Posting read message...
[2025-04-29 12:17:17.950] [0m[0;32mTMLUWB  :DEBUG:Invoking Write...
[2025-04-29 12:17:17.952] [0m[0;34mTMLUWB  :TX > :SEND                :2103001B 02000002 07110100 03010126 01002201 010602BB BB010101 000100
[2025-04-29 12:17:17.955] [0m[0;32mTMLUWB  :DEBUG:Read requested...
[2025-04-29 12:17:17.958] [0m[0;32mTMLUWB  :DEBUG:Invoking Read...
[2025-04-29 12:17:17.959] [0m[0;32mTMLUWB  :DEBUG:Read successful...
[2025-04-29 12:17:17.961] [0m[0;32mTMLUWB  :RX < :RECV                :41030002 0000
[2025-04-29 12:17:17.965] [0m[0;32mTMLUWB  :DEBUG:Posting read message...
[2025-04-29 12:17:17.967] [0m[0;32mTMLUWB  :DEBUG:Read requested...
[2025-04-29 12:17:17.969] [0m[0;32mTMLUWB  :DEBUG:Invoking Read...
[2025-04-29 12:17:17.972] [0m[0;32mTMLUWB  :DEBUG:Read successful...
[2025-04-29 12:17:17.973] [0m[0;32mTMLUWB  :RX < :RECV                :61020006 02000002 0300
[2025-04-29 12:17:17.975] [0m[0;32mTMLUWB  :DEBUG:Posting read message...
[2025-04-29 12:17:17.978] [0m[0;32mTMLUWB  :DEBUG:Invoking Write...
[2025-04-29 12:17:17.981] [0m[0;34mTMLUWB  :TX > :SEND                :21000005 54545A53 04
[2025-04-29 12:17:17.984] [0m[0;32mTMLUWB  :DEBUG:Read requested...
[2025-04-29 12:17:17.986] [0m[0;32mTMLUWB  :DEBUG:Invoking Read...
[2025-04-29 12:17:17.988] [0m[0;32mTMLUWB  :DEBUG:Read successful...
[2025-04-29 12:17:17.990] [0m[0;32mTMLUWB  :RX < :RECV                :41000005 00030000 02
[2025-04-29 12:17:17.992] [0m[0;32mTMLUWB  :DEBUG:Posting read message...
[2025-04-29 12:17:17.995] [0m[0;32mTMLUWB  :DEBUG:Read requested...
[2025-04-29 12:17:17.998] [0m[0;32mTMLUWB  :DEBUG:Invoking Read...
[2025-04-29 12:17:18.000] [0m[0;32mTMLUWB  :DEBUG:Read successful...
[2025-04-29 12:17:18.002] [0m[0;32mTMLUWB  :RX < :RECV                :61020006 03000002 0000
[2025-04-29 12:17:18.004] [0m[0;32mTMLUWB  :DEBUG:Posting read message...
[2025-04-29 12:17:18.006] [0m[0;32mTMLUWB  :DEBUG:Invoking Write...
[2025-04-29 12:17:18.014] [0m[0;34mTMLUWB  :TX > :SEND                :2103002F 03000002 0B0904FA 00000004 01091401 19170100 15010228 06DFCEAB 12345613 01012702 FEDC2F01 001F0102 160102
[2025-04-29 12:17:18.021] [0m[0;32mTMLUWB  :DEBUG:Read requested...
[2025-04-29 12:17:18.025] [0m[0;32mTMLUWB  :DEBUG:Invoking Read...
[2025-04-29 12:17:18.027] [0m[0;32mTMLUWB  :DEBUG:Read successful...
[2025-04-29 12:17:18.030] [0m[0;32mTMLUWB  :RX < :RECV                :41030002 0000
[2025-04-29 12:17:18.032] [0m[0;32mTMLUWB  :DEBUG:Posting read message...
[2025-04-29 12:17:18.034] [0m[0;32mTMLUWB  :DEBUG:Invoking Write...
[2025-04-29 12:17:18.036] [0m[0;34mTMLUWB  :TX > :SEND                :2103000E 03000002 030201A0 18010112 0101
[2025-04-29 12:17:18.038] [0m[0;32mTMLUWB  :DEBUG:Read requested...
[2025-04-29 12:17:18.040] [0m[0;32mTMLUWB  :DEBUG:Invoking Read...
[2025-04-29 12:17:18.042] [0m[0;32mTMLUWB  :DEBUG:Read successful...
[2025-04-29 12:17:18.045] [0m[0;32mTMLUWB  :RX < :RECV                :41030002 0000
[2025-04-29 12:17:18.048] [0m[0;32mTMLUWB  :DEBUG:Posting read message...
[2025-04-29 12:17:18.050] [0m[0;32mTMLUWB  :DEBUG:Invoking Write...
[2025-04-29 12:17:18.052] [0m[0;34mTMLUWB  :TX > :SEND                :2F000011 03000002 03030401 02010272 01037101 03
[2025-04-29 12:17:18.054] [0m[0;32mTMLUWB  :DEBUG:Read requested...
[2025-04-29 12:17:18.057] [0m[0;32mTMLUWB  :DEBUG:Invoking Read...
[2025-04-29 12:17:18.059] [0m[0;32mTMLUWB  :DEBUG:Read successful...
[2025-04-29 12:17:18.061] [0m[0;32mTMLUWB  :RX < :RECV                :4F000002 0000
[2025-04-29 12:17:18.064] [0m[0;32mTMLUWB  :DEBUG:Posting read message...
[2025-04-29 12:17:18.067] [0m[0;32mTMLUWB  :DEBUG:Invoking Write...
[2025-04-29 12:17:18.069] [0m[0;34mTMLUWB  :TX > :SEND                :2103001B 03000002 07110101 03010026 01002201 010602BB BB010102 000101
[2025-04-29 12:17:18.072] [0m[0;32mTMLUWB  :DEBUG:Read requested...
[2025-04-29 12:17:18.074] [0m[0;32mTMLUWB  :DEBUG:Invoking Read...
[2025-04-29 12:17:18.075] [0m[0;32mTMLUWB  :DEBUG:Read successful...
[2025-04-29 12:17:18.079] [0m[0;32mTMLUWB  :RX < :RECV                :41030002 0000
[2025-04-29 12:17:18.081] [0m[0;32mTMLUWB  :DEBUG:Posting read message...
[2025-04-29 12:17:18.083] [0m[0;32mTMLUWB  :DEBUG:Read requested...
[2025-04-29 12:17:18.086] [0m[0;32mTMLUWB  :DEBUG:Invoking Read...
[2025-04-29 12:17:18.087] [0m[0;32mTMLUWB  :DEBUG:Read successful...
[2025-04-29 12:17:18.089] [0m[0;32mTMLUWB  :RX < :RECV                :61020006 03000002 0300
[2025-04-29 12:17:18.092] [0m[0;32mTMLUWB  :DEBUG:Posting read message...
[2025-04-29 12:17:18.094] [0m[0;32mTMLUWB  :DEBUG:Invoking Write...
[2025-04-29 12:17:18.096] [0m[0;34mTMLUWB  :TX > :SEND                :21000005 44444444 04
[2025-04-29 12:17:18.098] [0m[0;32mTMLUWB  :DEBUG:Read requested...
[2025-04-29 12:17:18.100] [0m[0;32mTMLUWB  :DEBUG:Invoking Read...
[2025-04-29 12:17:18.103] [0m[0;32mTMLUWB  :DEBUG:Read successful...
[2025-04-29 12:17:18.105] [0m[0;32mTMLUWB  :RX < :RECV                :41000005 00040000 02
[2025-04-29 12:17:18.108] [0m[0;32mTMLUWB  :DEBUG:Posting read message...
[2025-04-29 12:17:18.110] [0m[0;32mTMLUWB  :DEBUG:Read requested...
[2025-04-29 12:17:18.112] [0m[0;32mTMLUWB  :DEBUG:Invoking Read...
[2025-04-29 12:17:18.115] [0m[0;32mTMLUWB  :DEBUG:Read successful...
[2025-04-29 12:17:18.117] [0m[0;32mTMLUWB  :RX < :RECV                :61020006 04000002 0000
[2025-04-29 12:17:18.120] [0m[0;32mTMLUWB  :DEBUG:Posting read message...
[2025-04-29 12:17:18.123] [0m[0;32mTMLUWB  :DEBUG:Invoking Write...
[2025-04-29 12:17:18.125] [0m[0;34mTMLUWB  :TX > :SEND                :2103002F 04000002 0B0904FA 00000004 01091401 19170100 15010228 06DFCEAB 12345613 01012702 FEDC2F01 001F0102 160102
[2025-04-29 12:17:18.128] [0m[0;32mTMLUWB  :DEBUG:Read requested...
[2025-04-29 12:17:18.130] [0m[0;32mTMLUWB  :DEBUG:Invoking Read...
[2025-04-29 12:17:18.132] [0m[0;32mTMLUWB  :DEBUG:Read successful...
[2025-04-29 12:17:18.135] [0m[0;32mTMLUWB  :RX < :RECV                :41030002 0000
[2025-04-29 12:17:18.137] [0m[0;32mTMLUWB  :DEBUG:Posting read message...
[2025-04-29 12:17:18.139] [0m[0;32mTMLUWB  :DEBUG:Invoking Write...
[2025-04-29 12:17:18.143] [0m[0;34mTMLUWB  :TX > :SEND                :2103000E 04000002 03020100 18010112 0101
[2025-04-29 12:17:18.145] [0m[0;32mTMLUWB  :DEBUG:Read requested...
[2025-04-29 12:17:18.147] [0m[0;32mTMLUWB  :DEBUG:Invoking Read...
[2025-04-29 12:17:18.151] [0m[0;32mTMLUWB  :DEBUG:Read successful...
[2025-04-29 12:17:18.152] [0m[0;32mTMLUWB  :RX < :RECV                :41030002 0000
[2025-04-29 12:17:18.154] [0m[0;32mTMLUWB  :DEBUG:Posting read message...
[2025-04-29 12:17:18.157] [0m[0;32mTMLUWB  :DEBUG:Invoking Write...
[2025-04-29 12:17:18.159] [0m[0;34mTMLUWB  :TX > :SEND                :2F000011 04000002 03030401 02010272 01017101 01
[2025-04-29 12:17:18.161] [0m[0;32mTMLUWB  :DEBUG:Read requested...
[2025-04-29 12:17:18.165] [0m[0;32mTMLUWB  :DEBUG:Invoking Read...
[2025-04-29 12:17:18.168] [0m[0;32mTMLUWB  :DEBUG:Read successful...
[2025-04-29 12:17:18.169] [0m[0;32mTMLUWB  :RX < :RECV                :4F000002 0000
[2025-04-29 12:17:18.172] [0m[0;32mTMLUWB  :DEBUG:Posting read message...
[2025-04-29 12:17:18.174] [0m[0;32mTMLUWB  :DEBUG:Invoking Write...
[2025-04-29 12:17:18.177] [0m[0;34mTMLUWB  :TX > :SEND                :2103001B 04000002 07110101 03010026 01002201 010602BB BB010102 000101
[2025-04-29 12:17:18.181] [0m[0;32mTMLUWB  :DEBUG:Read requested...
[2025-04-29 12:17:18.184] [0m[0;32mTMLUWB  :DEBUG:Invoking Read...
[2025-04-29 12:17:18.186] [0m[0;32mTMLUWB  :DEBUG:Read successful...
[2025-04-29 12:17:18.188] [0m[0;32mTMLUWB  :RX < :RECV                :41030002 0000
[2025-04-29 12:17:18.190] [0m[0;32mTMLUWB  :DEBUG:Posting read message...
[2025-04-29 12:17:18.193] [0m[0;32mTMLUWB  :DEBUG:Read requested...
[2025-04-29 12:17:18.195] [0m[0;32mTMLUWB  :DEBUG:Invoking Read...
[2025-04-29 12:17:18.198] [0m[0;32mTMLUWB  :DEBUG:Read successful...
[2025-04-29 12:17:18.202] [0m[0;32mTMLUWB  :RX < :RECV                :61020006 04000002 0300
[2025-04-29 12:17:18.204] [0m[0;32mTMLUWB  :DEBUG:Posting read message...
[2025-04-29 12:17:18.206] [0m[0;32mTMLUWB  :DEBUG:Invoking Write...
[2025-04-29 12:17:18.208] [0m[0;34mTMLUWB  :TX > :SEND                :21000005 11111111 01
[2025-04-29 12:17:18.211] [0m[0;32mTMLUWB  :DEBUG:Read requested...
[2025-04-29 12:17:18.213] [0m[0;32mTMLUWB  :DEBUG:Invoking Read...
[2025-04-29 12:17:18.215] [0m[0;32mTMLUWB  :DEBUG:Read successful...
[2025-04-29 12:17:18.217] [0m[0;32mTMLUWB  :RX < :RECV                :41000005 00050000 01
[2025-04-29 12:17:18.221] [0m[0;32mTMLUWB  :DEBUG:Posting read message...
[2025-04-29 12:17:18.222] [0m[0;32mTMLUWB  :DEBUG:Read requested...
[2025-04-29 12:17:18.224] [0m[0;32mTMLUWB  :DEBUG:Invoking Read...
[2025-04-29 12:17:18.225] [0m[0;32mTMLUWB  :DEBUG:Read successful...
[2025-04-29 12:17:18.229] [0m[0;32mTMLUWB  :RX < :RECV                :61020006 05000001 0000
[2025-04-29 12:17:18.233] [0m[0;32mTMLUWB  :DEBUG:Posting read message...
[2025-04-29 12:17:18.235] [0m[0;32mTMLUWB  :DEBUG:Invoking Write...
[2025-04-29 12:17:18.237] [0m[0;34mTMLUWB  :TX > :SEND                :2103002F 05000001 0B0904FA 00000004 01091401 19170100 15010228 06DFCEAB 12345613 01012702 FEDC2F01 001F0102 160102
[2025-04-29 12:17:18.241] [0m[0;32mTMLUWB  :DEBUG:Read requested...
[2025-04-29 12:17:18.243] [0m[0;32mTMLUWB  :DEBUG:Invoking Read...
[2025-04-29 12:17:18.245] [0m[0;32mTMLUWB  :DEBUG:Read successful...
[2025-04-29 12:17:18.249] [0m[0;32mTMLUWB  :RX < :RECV                :41030002 0000
[2025-04-29 12:17:18.251] [0m[0;32mTMLUWB  :DEBUG:Posting read message...
[2025-04-29 12:17:18.253] [0m[0;32mTMLUWB  :DEBUG:Invoking Write...
[2025-04-29 12:17:18.255] [0m[0;34mTMLUWB  :TX > :SEND                :2103001C 05000001 07220102 0802B004 1B01FA05 01011201 012F0100 0702AAAA
[2025-04-29 12:17:18.258] [0m[0;32mTMLUWB  :DEBUG:Read requested...
[2025-04-29 12:17:18.261] [0m[0;32mTMLUWB  :DEBUG:Invoking Read...
[2025-04-29 12:17:18.264] [0m[0;32mTMLUWB  :DEBUG:Read successful...
[2025-04-29 12:17:18.267] [0m[0;32mTMLUWB  :RX < :RECV                :41030002 0000
[2025-04-29 12:17:18.269] [0m[0;32mTMLUWB  :DEBUG:Posting read message...
[2025-04-29 12:17:18.271] [0m[0;32mTMLUWB  :DEBUG:Invoking Write...
[2025-04-29 12:17:18.274] [0m[0;34mTMLUWB  :TX > :SEND                :2F00000B 05000001 01030401 020102
[2025-04-29 12:17:18.275] [0m[0;32mTMLUWB  :DEBUG:Read requested...
[2025-04-29 12:17:18.277] [0m[0;32mTMLUWB  :DEBUG:Invoking Read...
[2025-04-29 12:17:18.281] [0m[0;32mTMLUWB  :DEBUG:Read successful...
[2025-04-29 12:17:18.283] [0m[0;32mTMLUWB  :RX < :RECV                :4F000002 0000
[2025-04-29 12:17:18.285] [0m[0;32mTMLUWB  :DEBUG:Posting read message...
[2025-04-29 12:17:18.287] [0m[0;32mTMLUWB  :DEBUG:Invoking Write...
[2025-04-29 12:17:18.290] [0m[0;34mTMLUWB  :TX > :SEND                :2103001B 05000001 07110100 03010126 01002201 020602BB BB010102 000100
[2025-04-29 12:17:18.292] [0m[0;32mTMLUWB  :DEBUG:Read requested...
[2025-04-29 12:17:18.294] [0m[0;32mTMLUWB  :DEBUG:Invoking Read...
[2025-04-29 12:17:18.297] [0m[0;32mTMLUWB  :DEBUG:Read successful...
[2025-04-29 12:17:18.299] [0m[0;32mTMLUWB  :RX < :RECV                :41030002 0000
[2025-04-29 12:17:18.301] [0m[0;32mTMLUWB  :DEBUG:Posting read message...
[2025-04-29 12:17:18.304] [0m[0;32mTMLUWB  :DEBUG:Read requested...
[2025-04-29 12:17:18.306] [0m[0;32mTMLUWB  :DEBUG:Invoking Read...
[2025-04-29 12:17:18.308] [0m[0;32mTMLUWB  :DEBUG:Read successful...
[2025-04-29 12:17:18.309] [0m[0;32mTMLUWB  :RX < :RECV                :61020006 05000001 0300
[2025-04-29 12:17:18.313] [0m[0;32mTMLUWB  :DEBUG:Posting read message...
[2025-04-29 12:17:18.315] [0m[0;32mTMLUWB  :DEBUG:Invoking Write...
[2025-04-29 12:17:18.318] [0m[0;34mTMLUWB  :TX > :SEND                :210D0014 05000001 03010000 00000200 00020103 00000200
[2025-04-29 12:17:18.321] [0m[0;32mTMLUWB  :DEBUG:Read requested...
[2025-04-29 12:17:18.322] [0m[0;32mTMLUWB  :DEBUG:Invoking Read...
[2025-04-29 12:17:18.325] [0m[0;32mTMLUWB  :DEBUG:Read successful...
[2025-04-29 12:17:18.328] [0m[0;32mTMLUWB  :RX < :RECV                :410D0001 00
[2025-04-29 12:17:18.331] [0m[0;32mTMLUWB  :DEBUG:Posting read message...
[2025-04-29 12:17:18.334] [0m[0;34mAPP     :INFO :Data send from Anchor Address  AAAA
[2025-04-29 12:17:18.336] [0m[0;32mTMLUWB  :DEBUG:Invoking Write...
[2025-04-29 12:17:18.338] [0m[0;34mTMLUWB  :TX > :SEND                :22000004 01000000
[2025-04-29 12:17:18.340] [0m[0;32mTMLUWB  :DEBUG:Read requested...
[2025-04-29 12:17:18.342] [0m[0;32mTMLUWB  :DEBUG:Invoking Read...
[2025-04-29 12:17:18.345] [0m[0;32mTMLUWB  :DEBUG:Read successful...
[2025-04-29 12:17:18.347] [0m[0;32mTMLUWB  :RX < :RECV                :42000001 00
[2025-04-29 12:17:18.350] [0m[0;32mTMLUWB  :DEBUG:Posting read message...
[2025-04-29 12:17:18.353] [0m[0;32mTMLUWB  :DEBUG:Read requested...
[2025-04-29 12:17:18.355] [0m[0;32mTMLUWB  :DEBUG:Invoking Read...
[2025-04-29 12:17:18.357] [0m[0;32mTMLUWB  :DEBUG:Read successful...
[2025-04-29 12:17:18.359] [0m[0;32mTMLUWB  :RX < :RECV                :60010001 02
[2025-04-29 12:17:18.362] [0m[0;32mTMLUWB  :DEBUG:Posting read message...
[2025-04-29 12:17:18.364] [0m[0;32mTMLUWB  :DEBUG:Read requested...
[2025-04-29 12:17:18.368] [0m[0;32mTMLUWB  :DEBUG:Invoking Read...
[2025-04-29 12:17:18.370] [0m[0;32mTMLUWB  :DEBUG:Read successful...
[2025-04-29 12:17:18.373] [0m[0;32mTMLUWB  :RX < :RECV                :61020006 01000000 0200
[2025-04-29 12:17:18.375] [0m[0;32mTMLUWB  :DEBUG:Posting read message...
[2025-04-29 12:17:18.377] [0m[0;32mTMLUWB  :DEBUG:Invoking Write...
[2025-04-29 12:17:18.380] [0m[0;34mTMLUWB  :TX > :SEND                :22000004 02000002
[2025-04-29 12:17:18.383] [0m[0;32mTMLUWB  :DEBUG:Read requested...
[2025-04-29 12:17:18.385] [0m[0;32mTMLUWB  :DEBUG:Invoking Read...
[2025-04-29 12:17:18.387] [0m[0;32mTMLUWB  :DEBUG:Read successful...
[2025-04-29 12:17:18.389] [0m[0;32mTMLUWB  :RX < :RECV                :42000001 00
[2025-04-29 12:17:18.392] [0m[0;32mTMLUWB  :DEBUG:Posting read message...
[2025-04-29 12:17:18.394] [0m[0;32mTMLUWB  :DEBUG:Read requested...
[2025-04-29 12:17:18.397] [0m[0;32mTMLUWB  :DEBUG:Invoking Read...
[2025-04-29 12:17:18.400] [0m[0;32mTMLUWB  :DEBUG:Read successful...
[2025-04-29 12:17:18.401] [0m[0;32mTMLUWB  :RX < :RECV                :61020006 02000002 0200
[2025-04-29 12:17:18.403] [0m[0;32mTMLUWB  :DEBUG:Posting read message...
[2025-04-29 12:17:18.406] [0m[0;32mTMLUWB  :DEBUG:Invoking Write...
[2025-04-29 12:17:18.407] [0m[0;34mTMLUWB  :TX > :SEND                :22000004 04000002
[2025-04-29 12:17:18.409] [0m[0;32mTMLUWB  :DEBUG:Read requested...
[2025-04-29 12:17:18.413] [0m[0;32mTMLUWB  :DEBUG:Invoking Read...
[2025-04-29 12:17:18.416] [0m[0;32mTMLUWB  :DEBUG:Read successful...
[2025-04-29 12:17:18.418] [0m[0;32mTMLUWB  :RX < :RECV                :42000001 00
[2025-04-29 12:17:18.420] [0m[0;32mTMLUWB  :DEBUG:Posting read message...
[2025-04-29 12:17:18.422] [0m[0;32mTMLUWB  :DEBUG:Read requested...
[2025-04-29 12:17:18.424] [0m[0;32mTMLUWB  :DEBUG:Invoking Read...
[2025-04-29 12:17:18.426] [0m[0;32mTMLUWB  :DEBUG:Read successful...
[2025-04-29 12:17:18.428] [0m[0;32mTMLUWB  :RX < :RECV                :61020006 04000002 0200
[2025-04-29 12:17:18.432] [0m[0;32mTMLUWB  :DEBUG:Posting read message...
[2025-04-29 12:17:18.434] [0m[0;32mTMLUWB  :DEBUG:Invoking Write...
[2025-04-29 12:17:18.436] [0m[0;34mTMLUWB  :TX > :SEND                :22000004 03000002
[2025-04-29 12:17:18.439] [0m[0;32mTMLUWB  :DEBUG:Read requested...
[2025-04-29 12:17:18.441] [0m[0;32mTMLUWB  :DEBUG:Invoking Read...
[2025-04-29 12:17:18.443] [0m[0;32mTMLUWB  :DEBUG:Read successful...
[2025-04-29 12:17:18.447] [0m[0;32mTMLUWB  :RX < :RECV                :42000001 00
[2025-04-29 12:17:18.449] [0m[0;32mTMLUWB  :DEBUG:Posting read message...
[2025-04-29 12:17:18.451] [0m[0;32mTMLUWB  :DEBUG:Read requested...
[2025-04-29 12:17:18.453] [0m[0;32mTMLUWB  :DEBUG:Invoking Read...
[2025-04-29 12:17:18.455] [0m[0;32mTMLUWB  :DEBUG:Read successful...
[2025-04-29 12:17:18.456] [0m[0;32mTMLUWB  :RX < :RECV                :61020006 03000002 0200
[2025-04-29 12:17:18.459] [0m[0;32mTMLUWB  :DEBUG:Posting read message...
[2025-04-29 12:17:18.462] [0m[0;32mTMLUWB  :DEBUG:Invoking Write...
[2025-04-29 12:17:18.464] [0m[0;34mTMLUWB  :TX > :SEND                :22000004 05000001
[2025-04-29 12:17:18.467] [0m[0;32mTMLUWB  :DEBUG:Read requested...
[2025-04-29 12:17:18.469] [0m[0;32mTMLUWB  :DEBUG:Invoking Read...
[2025-04-29 12:17:18.471] [0m[0;32mTMLUWB  :DEBUG:Read successful...
[2025-04-29 12:17:18.473] [0m[0;32mTMLUWB  :RX < :RECV                :42000001 00
[2025-04-29 12:17:18.475] [0m[0;32mTMLUWB  :DEBUG:Posting read message...
[2025-04-29 12:17:18.477] [0m[0;32mTMLUWB  :DEBUG:Read requested...
[2025-04-29 12:17:18.479] [0m[0;32mTMLUWB  :DEBUG:Invoking Read...
[2025-04-29 12:17:18.482] [0m[0;32mTMLUWB  :DEBUG:Read successful...
[2025-04-29 12:17:18.483] [0m[0;32mTMLUWB  :RX < :RECV                :61020006 05000001 0200
[2025-04-29 12:17:18.485] [0m[0;32mTMLUWB  :DEBUG:Posting read message...
[2025-04-29 12:17:18.488] [0m[0;32mTMLUWB  :DEBUG:Read requested...
[2025-04-29 12:17:18.490] [0m[0;32mTMLUWB  :DEBUG:Invoking Read...
