[2025-06-05 15:28:53.984] [0;32mTMLUWB  :RX < :RECV                :62000048 C1020000 01000000 00FA0000 00010000 05000001 00000000 01FFF700 00200000 00640000 64000000 00000003 7A000000 00000000 00000000 0E000000 00010300 01030000 00000000
[2025-06-05 15:28:53.985] [0m[0;34mAPP     :INFO :@@@ updateKeepAlive( ): User[1] FFF7 Keep alive = 79
[2025-06-05 15:28:53.996] [0m[0;34mAPP     :INFO :gCapSessionHandle!!!.
[2025-06-05 15:28:53.996] [0m[0;34mAPP     :INFO :@@@ gNumberOfUserinDTPCM = 2, pRangingData->no_of_measurements = 1,i=0
[2025-06-05 15:28:53.997] [0m[0;34mAPP     :INFO :Measure_NLOS = 0, Classification_NLOS =   0
[2025-06-05 15:28:53.997] [0mMaster_Distance_to_FFF7=32
[2025-06-05 15:28:53.997] [0;34mAPP     :INFO :Conten_Distance_MasterAnchor_to_FFF7=32
[2025-06-05 15:28:53.998] [0m[0;34mAPP     :INFO :Current User ( fff7 ) status is : SystemStatus = 0 , DiscoverStatus = 5 , TransactionState = 4 , AuthenticationState = 9
[2025-06-05 15:28:53.998] [0m[0;34mAPP     :INFO :@@@ User Speed is :( fff7 ) , 4 ,(cm/s)
[2025-06-05 15:28:53.998] [0m[0;34mAPP     :INFO :@ b = 32, c = 61, x = 13, y = 18
[2025-06-05 15:28:53.998] [0m[0;34mAPP     :INFO :@ a = 100, d = 100, m = 250, Gate = 100
[2025-06-05 15:28:53.998] [0m[0;34mAPP     :INFO :################################### into red area...##################################################
[2025-06-05 15:28:53.998] [0m[0;34mAPP     :INFO :Only 1 valid card detected, started transaction
[2025-06-05 15:28:53.998] [0m[0;33mAPP     :WARN : Write Card Time < 10s. Return.
[2025-06-05 15:28:53.998] [0m
[2025-06-05 15:28:53.998] [0;32mTMLUWB  :RX < :RECV                :02001700 02000002 00BBBB00 00000000 00C10006 000505FF F73D00
[2025-06-05 15:28:53.998] [0m[0;34mAPP     :INFO :gMrmSessionHandle_Test!!!
[2025-06-05 15:28:53.998] [0mMaster_Distance_to_Slave=61
[2025-06-05 15:28:53.998] [0;34mAPP     :INFO :Conten_Distance_SlaveAnchor[BBBB]_to_FFF7=61
[2025-06-05 15:28:53.998] [0m{"@POSITION": 1, "Master": 32, "Slave": 61, "Gate": 100, "nLos": 0, "idx": 0, "LiftDeep": 61, "RedAreaH": 0, "BlueAreaH": 250, "Speed":4, "User-X":13, "User-Y":18, "User-Z":0,"Auth":9, "Trans":4}
[2025-06-05 15:28:54.233] [0;32mTMLUWB  :RX < :RECV                :62000048 C2020000 01000000 00FA0000 00010000 05000001 00000000 01FFF700 00200000 00640000 64000000 00000003 7C000000 00000000 00000000 0E000000 00010300 01030000 00000000
[2025-06-05 15:28:54.233] [0m[0;34mAPP     :INFO :@@@ updateKeepAlive( ): User[1] FFF7 Keep alive = 79
[2025-06-05 15:28:54.234] [0m[0;34mAPP     :INFO :gCapSessionHandle!!!.
[2025-06-05 15:28:54.234] [0m[0;34mAPP     :INFO :@@@ gNumberOfUserinDTPCM = 2, pRangingData->no_of_measurements = 1,i=0
[2025-06-05 15:28:54.234] [0m[0;34mAPP     :INFO :Measure_NLOS = 0, Classification_NLOS =   0
[2025-06-05 15:28:54.234] [0mMaster_Distance_to_FFF7=32
[2025-06-05 15:28:54.235] [0;34mAPP     :INFO :Conten_Distance_MasterAnchor_to_FFF7=32
[2025-06-05 15:28:54.235] [0m[0;34mAPP     :INFO :Current User ( fff7 ) status is : SystemStatus = 0 , DiscoverStatus = 5 , TransactionState = 4 , AuthenticationState = 9
[2025-06-05 15:28:54.235] [0m[0;34mAPP     :INFO :@@@ User Speed is :( fff7 ) , 3 ,(cm/s)
[2025-06-05 15:28:54.235] [0m[0;34mAPP     :INFO :@ b = 32, c = 61, x = 13, y = 18
[2025-06-05 15:28:54.235] [0m[0;34mAPP     :INFO :@ a = 100, d = 100, m = 250, Gate = 100
[2025-06-05 15:28:54.235] [0m[0;34mAPP     :INFO :################################### into red area...##################################################
[2025-06-05 15:28:54.235] [0m[0;34mAPP     :INFO :Only 1 valid card detected, started transaction
[2025-06-05 15:28:54.235] [0m[0;33mAPP     :WARN : Write Card Time < 10s. Return.
[2025-06-05 15:28:54.235] [0m
[2025-06-05 15:28:54.235] [0;32mTMLUWB  :RX < :RECV                :02001700 02000002 00BBBB00 00000000 00C20006 000505FF F73C00
[2025-06-05 15:28:54.235] [0m[0;34mAPP     :INFO :gMrmSessionHandle_Test!!!
[2025-06-05 15:28:54.235] [0mMaster_Distance_to_Slave=60
[2025-06-05 15:28:54.235] [0;34mAPP     :INFO :Conten_Distance_SlaveAnchor[BBBB]_to_FFF7=60
[2025-06-05 15:28:54.235] [0m{"@POSITION": 1, "Master": 32, "Slave": 60, "Gate": 100, "nLos": 0, "idx": 0, "LiftDeep": 62, "RedAreaH": 0, "BlueAreaH": 250, "Speed":3, "User-X":13, "User-Y":18, "User-Z":0,"Auth":9, "Trans":4}
[2025-06-05 15:28:54.478] [0;32mTMLUWB  :RX < :RECV                :62000048 C3020000 01000000 00FA0000 00010000 05000001 00000000 01FFF700 00210000 00640000 64000000 00000003 78000000 00000000 00000000 0E000000 00010300 01030000 00000000
[2025-06-05 15:28:54.479] [0m[0;34mAPP     :INFO :@@@ updateKeepAlive( ): User[1] FFF7 Keep alive = 79
[2025-06-05 15:28:54.481] [0m[0;34mAPP     :INFO :gCapSessionHandle!!!.
[2025-06-05 15:28:54.481] [0m[0;34mAPP     :INFO :@@@ gNumberOfUserinDTPCM = 2, pRangingData->no_of_measurements = 1,i=0
[2025-06-05 15:28:54.481] [0m[0;34mAPP     :INFO :Measure_NLOS = 0, Classification_NLOS =   0
[2025-06-05 15:28:54.481] [0mMaster_Distance_to_FFF7=33
[2025-06-05 15:28:54.481] [0;34mAPP     :INFO :Conten_Distance_MasterAnchor_to_FFF7=33
[2025-06-05 15:28:54.482] [0m[0;34mAPP     :INFO :Current User ( fff7 ) status is : SystemStatus = 0 , DiscoverStatus = 5 , TransactionState = 4 , AuthenticationState = 9
[2025-06-05 15:28:54.482] [0m[0;34mAPP     :INFO :@@@ User Speed is :( fff7 ) , 1 ,(cm/s)
[2025-06-05 15:28:54.482] [0m[0;34mAPP     :INFO :@ b = 33, c = 60, x = 12, y = 18
[2025-06-05 15:28:54.482] [0m[0;34mAPP     :INFO :@ a = 100, d = 100, m = 250, Gate = 100
[2025-06-05 15:28:54.482] [0m[0;34mAPP     :INFO :################################### into red area...##################################################
[2025-06-05 15:28:54.482] [0m[0;34mAPP     :INFO :Only 1 valid card detected, started transaction
[2025-06-05 15:28:54.482] [0m[0;33mAPP     :WARN : Write Card Time < 10s. Return.
[2025-06-05 15:28:54.482] [0m
[2025-06-05 15:28:54.482] [0;32mTMLUWB  :RX < :RECV                :02001700 02000002 00BBBB00 00000000 00C30006 000505FF F73C00
[2025-06-05 15:28:54.482] [0m[0;34mAPP     :INFO :gMrmSessionHandle_Test!!!
[2025-06-05 15:28:54.482] [0mMaster_Distance_to_Slave=60
[2025-06-05 15:28:54.482] [0;34mAPP     :INFO :Conten_Distance_SlaveAnchor[BBBB]_to_FFF7=60
[2025-06-05 15:28:54.482] [0m{"@POSITION": 1, "Master": 33, "Slave": 60, "Gate": 100, "nLos": 0, "idx": 0, "LiftDeep": 60, "RedAreaH": 0, "BlueAreaH": 250, "Speed":1, "User-X":12, "User-Y":18, "User-Z":0,"Auth":9, "Trans":4}
[2025-06-05 15:28:54.737] [0;32mTMLUWB  :RX < :RECV                :62000048 C4020000 01000000 00FA0000 00010000 05000001 00000000 01FFF700 001F0000 00640000 64000000 00000003 78000000 00000000 00000000 0E000000 00010300 01030000 00000000
[2025-06-05 15:28:54.738] [0m[0;34mAPP     :INFO :@@@ updateKeepAlive( ): User[1] FFF7 Keep alive = 79
[2025-06-05 15:28:54.739] [0m[0;34mAPP     :INFO :gCapSessionHandle!!!.
[2025-06-05 15:28:54.740] [0m[0;34mAPP     :INFO :@@@ gNumberOfUserinDTPCM = 2, pRangingData->no_of_measurements = 1,i=0
[2025-06-05 15:28:54.740] [0m[0;34mAPP     :INFO :Measure_NLOS = 0, Classification_NLOS =   0
[2025-06-05 15:28:54.740] [0mMaster_Distance_to_FFF7=31
[2025-06-05 15:28:54.740] [0;34mAPP     :INFO :Conten_Distance_MasterAnchor_to_FFF7=31
[2025-06-05 15:28:54.740] [0m[0;34mAPP     :INFO :Current User ( fff7 ) status is : SystemStatus = 0 , DiscoverStatus = 5 , TransactionState = 4 , AuthenticationState = 9
[2025-06-05 15:28:54.740] [0m[0;34mAPP     :INFO :@@@ User Speed is :( fff7 ) , 2 ,(cm/s)
[2025-06-05 15:28:54.740] [0m[0;34mAPP     :INFO :@ b = 31, c = 60, x = 13, y = 20
[2025-06-05 15:28:54.740] [0m[0;34mAPP     :INFO :@ a = 100, d = 100, m = 250, Gate = 100
[2025-06-05 15:28:54.740] [0m[0;34mAPP     :INFO :################################### into red area...##################################################
[2025-06-05 15:28:54.740] [0m[0;34mAPP     :INFO :Only 1 valid card detected, started transaction
[2025-06-05 15:28:54.740] [0m[0;33mAPP     :WARN : Write Card Time < 10s. Return.
[2025-06-05 15:28:54.741] [0m
[2025-06-05 15:28:54.741] [0;32mTMLUWB  :RX < :RECV                :02001700 02000002 00BBBB00 00000000 00C40006 000505FF F73F00
[2025-06-05 15:28:54.741] [0m[0;34mAPP     :INFO :gMrmSessionHandle_Test!!!
[2025-06-05 15:28:54.741] [0mMaster_Distance_to_Slave=63
[2025-06-05 15:28:54.741] [0;34mAPP     :INFO :Conten_Distance_SlaveAnchor[BBBB]_to_FFF7=63
[2025-06-05 15:28:54.741] [0m{"@POSITION": 1, "Master": 31, "Slave": 63, "Gate": 100, "nLos": 0, "idx": 0, "LiftDeep": 60, "RedAreaH": 0, "BlueAreaH": 250, "Speed":2, "User-X":13, "User-Y":20, "User-Z":0,"Auth":9, "Trans":4}
[2025-06-05 15:28:54.977] [0;32mTMLUWB  :RX < :RECV                :62000048 C5020000 01000000 00FA0000 00010000 05000001 00000000 01FFF700 001F0000 00640000 64000000 00000003 78000000 00000000 00000000 0E000000 00010300 01030000 00000000
[2025-06-05 15:28:54.979] [0m[0;34mAPP     :INFO :@@@ updateKeepAlive( ): User[1] FFF7 Keep alive = 79
[2025-06-05 15:28:54.979] [0m[0;34mAPP     :INFO :gCapSessionHandle!!!.
[2025-06-05 15:28:54.980] [0m[0;34mAPP     :INFO :@@@ gNumberOfUserinDTPCM = 2, pRangingData->no_of_measurements = 1,i=0
[2025-06-05 15:28:54.980] [0m[0;34mAPP     :INFO :Measure_NLOS = 0, Classification_NLOS =   0
[2025-06-05 15:28:54.980] [0mMaster_Distance_to_FFF7=31
[2025-06-05 15:28:54.980] [0;34mAPP     :INFO :Conten_Distance_MasterAnchor_to_FFF7=31
[2025-06-05 15:28:54.980] [0m[0;34mAPP     :INFO :Current User ( fff7 ) status is : SystemStatus = 0 , DiscoverStatus = 5 , TransactionState = 4 , AuthenticationState = 9
[2025-06-05 15:28:54.980] [0m[0;34mAPP     :INFO :@@@ User Speed is :( fff7 ) , 2 ,(cm/s)
[2025-06-05 15:28:54.980] [0m[0;34mAPP     :INFO :@ b = 31, c = 63, x = 15, y = 16
[2025-06-05 15:28:54.980] [0m[0;34mAPP     :INFO :@ a = 100, d = 100, m = 250, Gate = 100
[2025-06-05 15:28:54.980] [0m[0;34mAPP     :INFO :################################### into red area...##################################################
[2025-06-05 15:28:54.980] [0m[0;34mAPP     :INFO :Only 1 valid card detected, started transaction
[2025-06-05 15:28:54.980] [0m[0;33mAPP     :WARN : Write Card Time < 10s. Return.
[2025-06-05 15:28:54.980] [0m
[2025-06-05 15:28:54.981] [0;32mTMLUWB  :RX < :RECV                :02001700 02000002 00BBBB00 00000000 00C50006 000505FF F74000
[2025-06-05 15:28:54.981] [0m[0;34mAPP     :INFO :gMrmSessionHandle_Test!!!
[2025-06-05 15:28:54.981] [0mMaster_Distance_to_Slave=64
[2025-06-05 15:28:54.981] [0;34mAPP     :INFO :Conten_Distance_SlaveAnchor[BBBB]_to_FFF7=64
[2025-06-05 15:28:54.981] [0m{"@POSITION": 1, "Master": 31, "Slave": 64, "Gate": 100, "nLos": 0, "idx": 0, "LiftDeep": 60, "RedAreaH": 0, "BlueAreaH": 250, "Speed":2, "User-X":15, "User-Y":16, "User-Z":0,"Auth":9, "Trans":4}
[2025-06-05 15:28:55.230] [0;32mTMLUWB  :RX < :RECV                :62000048 C6020000 01000000 00FA0000 00010000 05000001 00000000 01FFF700 00200000 00640000 64000000 00000003 77000000 00000000 00000000 0E000000 00010300 01030000 00000000
[2025-06-05 15:28:55.230] [0m[0;34mAPP     :INFO :@@@ updateKeepAlive( ): User[1] FFF7 Keep alive = 79
[2025-06-05 15:28:55.231] [0m[0;34mAPP     :INFO :gCapSessionHandle!!!.
[2025-06-05 15:28:55.231] [0m[0;34mAPP     :INFO :@@@ gNumberOfUserinDTPCM = 2, pRangingData->no_of_measurements = 1,i=0
[2025-06-05 15:28:55.231] [0m[0;34mAPP     :INFO :Measure_NLOS = 0, Classification_NLOS =   0
[2025-06-05 15:28:55.231] [0mMaster_Distance_to_FFF7=32
[2025-06-05 15:28:55.231] [0;34mAPP     :INFO :Conten_Distance_MasterAnchor_to_FFF7=32
[2025-06-05 15:28:55.232] [0m[0;34mAPP     :INFO :Current User ( fff7 ) status is : SystemStatus = 0 , DiscoverStatus = 5 , TransactionState = 4 , AuthenticationState = 9
[2025-06-05 15:28:55.232] [0m[0;34mAPP     :INFO :@@@ User Speed is :( fff7 ) , 5 ,(cm/s)
[2025-06-05 15:28:55.232] [0m[0;34mAPP     :INFO :@ b = 32, c = 64, x = 15, y = 14
[2025-06-05 15:28:55.232] [0m[0;34mAPP     :INFO :@ a = 100, d = 100, m = 250, Gate = 100
[2025-06-05 15:28:55.232] [0m[0;34mAPP     :INFO :################################### into red area...##################################################
[2025-06-05 15:28:55.232] [0m[0;34mAPP     :INFO :Only 1 valid card detected, started transaction
[2025-06-05 15:28:55.232] [0m[0;33mAPP     :WARN : Write Card Time < 10s. Return.
[2025-06-05 15:28:55.232] [0m
[2025-06-05 15:28:55.232] [0;32mTMLUWB  :RX < :RECV                :02001700 02000002 00BBBB00 00000000 00C60006 000505FF F73D00
[2025-06-05 15:28:55.232] [0m[0;34mAPP     :INFO :gMrmSessionHandle_Test!!!
[2025-06-05 15:28:55.232] [0mMaster_Distance_to_Slave=61
[2025-06-05 15:28:55.232] [0;34mAPP     :INFO :Conten_Distance_SlaveAnchor[BBBB]_to_FFF7=61
[2025-06-05 15:28:55.234] [0m{"@POSITION": 1, "Master": 32, "Slave": 61, "Gate": 100, "nLos": 0, "idx": 0, "LiftDeep": 59, "RedAreaH": 0, "BlueAreaH": 250, "Speed":5, "User-X":15, "User-Y":14, "User-Z":0,"Auth":9, "Trans":4}
[2025-06-05 15:28:55.482] [0;32mTMLUWB  :RX < :RECV                :62000048 C7020000 01000000 00FA0000 00010000 05000001 00000000 01FFF700 00200000 00640000 64000000 00000003 78000000 00000000 00000000 0E000000 00010300 01030000 00000000
[2025-06-05 15:28:55.482] [0m[0;34mAPP     :INFO :@@@ updateKeepAlive( ): User[1] FFF7 Keep alive = 79
[2025-06-05 15:28:55.482] [0m[0;34mAPP     :INFO :gCapSessionHandle!!!.
[2025-06-05 15:28:55.484] [0m[0;34mAPP     :INFO :@@@ gNumberOfUserinDTPCM = 2, pRangingData->no_of_measurements = 1,i=0
[2025-06-05 15:28:55.484] [0m[0;34mAPP     :INFO :Measure_NLOS = 0, Classification_NLOS =   0
[2025-06-05 15:28:55.484] [0mMaster_Distance_to_FFF7=32
[2025-06-05 15:28:55.484] [0;34mAPP     :INFO :Conten_Distance_MasterAnchor_to_FFF7=32
[2025-06-05 15:28:55.484] [0m[0;34mAPP     :INFO :Current User ( fff7 ) status is : SystemStatus = 0 , DiscoverStatus = 5 , TransactionState = 4 , AuthenticationState = 9
[2025-06-05 15:28:55.485] [0m[0;34mAPP     :INFO :@@@ User Speed is :( fff7 ) , 2 ,(cm/s)
[2025-06-05 15:28:55.485] [0m[0;34mAPP     :INFO :@ b = 32, c = 61, x = 13, y = 18
[2025-06-05 15:28:55.485] [0m[0;34mAPP     :INFO :@ a = 100, d = 100, m = 250, Gate = 100
[2025-06-05 15:28:55.485] [0m[0;34mAPP     :INFO :################################### into red area...##################################################
[2025-06-05 15:28:55.485] [0m[0;34mAPP     :INFO :Only 1 valid card detected, started transaction
[2025-06-05 15:28:55.485] [0m[0;33mAPP     :WARN : Write Card Time < 10s. Return.
[2025-06-05 15:28:55.485] [0m
[2025-06-05 15:28:55.485] [0;32mTMLUWB  :RX < :RECV                :02001700 02000002 00BBBB00 00000000 00C70006 000505FF F74000
[2025-06-05 15:28:55.485] [0m[0;34mAPP     :INFO :gMrmSessionHandle_Test!!!
[2025-06-05 15:28:55.485] [0mMaster_Distance_to_Slave=64
[2025-06-05 15:28:55.485] [0;34mAPP     :INFO :Conten_Distance_SlaveAnchor[BBBB]_to_FFF7=64
[2025-06-05 15:28:55.485] [0m{"@POSITION": 1, "Master": 32, "Slave": 64, "Gate": 100, "nLos": 0, "idx": 0, "LiftDeep": 60, "RedAreaH": 0, "BlueAreaH": 250, "Speed":2, "User-X":13, "User-Y":18, "User-Z":0,"Auth":9, "Trans":4}
[2025-06-05 15:28:55.734] [0;32mTMLUWB  :RX < :RECV                :62000048 C8020000 01000000 00FA0000 00010000 05000001 00000000 01FFF700 00210000 00640000 64000000 00000003 79000000 00000000 00000000 0E000000 00010300 01030000 00000000
[2025-06-05 15:28:55.735] [0m[0;34mAPP     :INFO :@@@ updateKeepAlive( ): User[1] FFF7 Keep alive = 79
[2025-06-05 15:28:55.737] [0m[0;34mAPP     :INFO :gCapSessionHandle!!!.
[2025-06-05 15:28:55.737] [0m[0;34mAPP     :INFO :@@@ gNumberOfUserinDTPCM = 2, pRangingData->no_of_measurements = 1,i=0
[2025-06-05 15:28:55.737] [0m[0;34mAPP     :INFO :Measure_NLOS = 0, Classification_NLOS =   0
[2025-06-05 15:28:55.737] [0mMaster_Distance_to_FFF7=33
[2025-06-05 15:28:55.737] [0;34mAPP     :INFO :Conten_Distance_MasterAnchor_to_FFF7=33
[2025-06-05 15:28:55.738] [0m[0;34mAPP     :INFO :Current User ( fff7 ) status is : SystemStatus = 0 , DiscoverStatus = 5 , TransactionState = 4 , AuthenticationState = 9
[2025-06-05 15:28:55.738] [0m[0;34mAPP     :INFO :@@@ User Speed is :( fff7 ) , 5 ,(cm/s)
[2025-06-05 15:28:55.738] [0m[0;34mAPP     :INFO :@ b = 33, c = 64, x = 15, y = 11
[2025-06-05 15:28:55.738] [0m[0;34mAPP     :INFO :@ a = 100, d = 100, m = 250, Gate = 100
[2025-06-05 15:28:55.738] [0m[0;34mAPP     :INFO :################################### into red area...##################################################
[2025-06-05 15:28:55.738] [0m[0;34mAPP     :INFO :Only 1 valid card detected, started transaction
[2025-06-05 15:28:55.738] [0m[0;33mAPP     :WARN : Write Card Time < 10s. Return.
[2025-06-05 15:28:55.738] [0m
[2025-06-05 15:28:55.738] [0;32mTMLUWB  :RX < :RECV                :02001700 02000002 00BBBB00 00000000 00C80006 000505FF F74100
[2025-06-05 15:28:55.738] [0m[0;34mAPP     :INFO :gMrmSessionHandle_Test!!!
[2025-06-05 15:28:55.738] [0mMaster_Distance_to_Slave=65
[2025-06-05 15:28:55.738] [0;34mAPP     :INFO :Conten_Distance_SlaveAnchor[BBBB]_to_FFF7=65
[2025-06-05 15:28:55.738] [0m{"@POSITION": 1, "Master": 33, "Slave": 65, "Gate": 100, "nLos": 0, "idx": 0, "LiftDeep": 60, "RedAreaH": 0, "BlueAreaH": 250, "Speed":5, "User-X":15, "User-Y":11, "User-Z":0,"Auth":9, "Trans":4}
[2025-06-05 15:28:55.990] [0;32mTMLUWB  :RX < :RECV                :62000048 C9020000 01000000 00FA0000 00010000 05000001 00000000 01FFF700 00200000 00640000 64000000 00000003 78000000 00000000 00000000 0E000000 00010300 01030000 00000000
[2025-06-05 15:28:55.991] [0m[0;34mAPP     :INFO :@@@ updateKeepAlive( ): User[1] FFF7 Keep alive = 79
[2025-06-05 15:28:55.992] [0m[0;34mAPP     :INFO :gCapSessionHandle!!!.
[2025-06-05 15:28:55.992] [0m[0;34mAPP     :INFO :@@@ gNumberOfUserinDTPCM = 2, pRangingData->no_of_measurements = 1,i=0
[2025-06-05 15:28:55.992] [0m[0;34mAPP     :INFO :Measure_NLOS = 0, Classification_NLOS =   0
[2025-06-05 15:28:55.992] [0mMaster_Distance_to_FFF7=32
[2025-06-05 15:28:55.992] [0;34mAPP     :INFO :Conten_Distance_MasterAnchor_to_FFF7=32
[2025-06-05 15:28:55.992] [0m[0;34mAPP     :INFO :Current User ( fff7 ) status is : SystemStatus = 0 , DiscoverStatus = 5 , TransactionState = 4 , AuthenticationState = 9
[2025-06-05 15:28:55.992] [0m[0;34mAPP     :INFO :@@@ User Speed is :( fff7 ) , 3 ,(cm/s)
[2025-06-05 15:28:55.992] [0m[0;34mAPP     :INFO :@ b = 32, c = 65, x = 16, y = 11
[2025-06-05 15:28:55.992] [0m[0;34mAPP     :INFO :@ a = 100, d = 100, m = 250, Gate = 100
[2025-06-05 15:28:55.992] [0m[0;34mAPP     :INFO :################################### into red area...##################################################
[2025-06-05 15:28:55.993] [0m[0;34mAPP     :INFO :Only 1 valid card detected, started transaction
[2025-06-05 15:28:55.993] [0m[0;33mAPP     :WARN : Write Card Time < 10s. Return.
[2025-06-05 15:28:55.993] [0m
[2025-06-05 15:28:55.993] [0;32mTMLUWB  :RX < :RECV                :02001700 02000002 00BBBB00 00000000 00C90006 000505FF F73E00
[2025-06-05 15:28:55.993] [0m[0;34mAPP     :INFO :gMrmSessionHandle_Test!!!
[2025-06-05 15:28:55.993] [0mMaster_Distance_to_Slave=62
[2025-06-05 15:28:55.993] [0;34mAPP     :INFO :Conten_Distance_SlaveAnchor[BBBB]_to_FFF7=62
[2025-06-05 15:28:55.993] [0m{"@POSITION": 1, "Master": 32, "Slave": 62, "Gate": 100, "nLos": 0, "idx": 0, "LiftDeep": 60, "RedAreaH": 0, "BlueAreaH": 250, "Speed":3, "User-X":16, "User-Y":11, "User-Z":0,"Auth":9, "Trans":4}
[2025-06-05 15:28:56.233] [0;32mTMLUWB  :RX < :RECV                :62000048 CA020000 01000000 00FA0000 00010000 05000001 00000000 01FFF700 001F0000 00640000 64000000 00000003 79000000 00000000 00000000 0E000000 00010300 01030000 00000000
[2025-06-05 15:28:56.234] [0m[0;34mAPP     :INFO :@@@ updateKeepAlive( ): User[1] FFF7 Keep alive = 79
[2025-06-05 15:28:56.234] [0m[0;34mAPP     :INFO :gCapSessionHandle!!!.
[2025-06-05 15:28:56.234] [0m[0;34mAPP     :INFO :@@@ gNumberOfUserinDTPCM = 2, pRangingData->no_of_measurements = 1,i=0
[2025-06-05 15:28:56.235] [0m[0;34mAPP     :INFO :Measure_NLOS = 0, Classification_NLOS =   0
[2025-06-05 15:28:56.235] [0mMaster_Distance_to_FFF7=31
[2025-06-05 15:28:56.235] [0;34mAPP     :INFO :Conten_Distance_MasterAnchor_to_FFF7=31
[2025-06-05 15:28:56.235] [0m[0;34mAPP     :INFO :Current User ( fff7 ) status is : SystemStatus = 0 , DiscoverStatus = 5 , TransactionState = 4 , AuthenticationState = 9
[2025-06-05 15:28:56.235] [0m[0;34mAPP     :INFO :@@@ User Speed is :( fff7 ) , 1 ,(cm/s)
[2025-06-05 15:28:56.235] [0m[0;34mAPP     :INFO :@ b = 31, c = 62, x = 14, y = 18
[2025-06-05 15:28:56.235] [0m[0;34mAPP     :INFO :@ a = 100, d = 100, m = 250, Gate = 100
[2025-06-05 15:28:56.235] [0m[0;34mAPP     :INFO :################################### into red area...##################################################
[2025-06-05 15:28:56.235] [0m[0;34mAPP     :INFO :Only 1 valid card detected, started transaction
[2025-06-05 15:28:56.235] [0m[0;33mAPP     :WARN : Write Card Time < 10s. Return.
[2025-06-05 15:28:56.235] [0m
[2025-06-05 15:28:56.235] [0;32mTMLUWB  :RX < :RECV                :02001700 02000002 00BBBB00 00000000 00CA0006 000505FF F74200
[2025-06-05 15:28:56.235] [0m[0;34mAPP     :INFO :gMrmSessionHandle_Test!!!
[2025-06-05 15:28:56.235] [0mMaster_Distance_to_Slave=66
[2025-06-05 15:28:56.235] [0;34mAPP     :INFO :Conten_Distance_SlaveAnchor[BBBB]_to_FFF7=66
[2025-06-05 15:28:56.236] [0m{"@POSITION": 1, "Master": 31, "Slave": 66, "Gate": 100, "nLos": 0, "idx": 0, "LiftDeep": 60, "RedAreaH": 0, "BlueAreaH": 250, "Speed":1, "User-X":14, "User-Y":18, "User-Z":0,"Auth":9, "Trans":4}
[2025-06-05 15:28:56.489] [0;32mTMLUWB  :RX < :RECV                :62000048 CB020000 01000000 00FA0000 00010000 05000001 00000000 01FFF700 00210000 00640000 64000000 00000003 79000000 00000000 00000000 0E000000 00010300 01030000 00000000
[2025-06-05 15:28:56.490] [0m[0;34mAPP     :INFO :@@@ updateKeepAlive( ): User[1] FFF7 Keep alive = 79
[2025-06-05 15:28:56.491] [0m[0;34mAPP     :INFO :gCapSessionHandle!!!.
[2025-06-05 15:28:56.491] [0m[0;34mAPP     :INFO :@@@ gNumberOfUserinDTPCM = 2, pRangingData->no_of_measurements = 1,i=0
[2025-06-05 15:28:56.491] [0m[0;34mAPP     :INFO :Measure_NLOS = 0, Classification_NLOS =   0
[2025-06-05 15:28:56.491] [0mMaster_Distance_to_FFF7=33
[2025-06-05 15:28:56.491] [0;34mAPP     :INFO :Conten_Distance_MasterAnchor_to_FFF7=33
[2025-06-05 15:28:56.491] [0m[0;34mAPP     :INFO :Current User ( fff7 ) status is : SystemStatus = 0 , DiscoverStatus = 5 , TransactionState = 4 , AuthenticationState = 9
[2025-06-05 15:28:56.491] [0m[0;34mAPP     :INFO :@@@ User Speed is :( fff7 ) , 3 ,(cm/s)
[2025-06-05 15:28:56.491] [0m[0;34mAPP     :INFO :@ b = 33, c = 66, x = 16, y = 8
[2025-06-05 15:28:56.491] [0m[0;34mAPP     :INFO :@ a = 100, d = 100, m = 250, Gate = 100
[2025-06-05 15:28:56.491] [0m[0;34mAPP     :INFO :################################### into red area...##################################################
[2025-06-05 15:28:56.491] [0m[0;34mAPP     :INFO :Only 1 valid card detected, started transaction
[2025-06-05 15:28:56.491] [0m[0;33mAPP     :WARN : Write Card Time < 10s. Return.
[2025-06-05 15:28:56.491] [0m
[2025-06-05 15:28:56.491] [0;32mTMLUWB  :RX < :RECV                :02001700 02000002 00BBBB00 00000000 00CB0006 000505FF F74200
[2025-06-05 15:28:56.491] [0m[0;34mAPP     :INFO :gMrmSessionHandle_Test!!!
[2025-06-05 15:28:56.491] [0mMaster_Distance_to_Slave=66
[2025-06-05 15:28:56.491] [0;34mAPP     :INFO :Conten_Distance_SlaveAnchor[BBBB]_to_FFF7=66
[2025-06-05 15:28:56.492] [0m{"@POSITION": 1, "Master": 33, "Slave": 66, "Gate": 100, "nLos": 0, "idx": 0, "LiftDeep": 60, "RedAreaH": 0, "BlueAreaH": 250, "Speed":3, "User-X":16, "User-Y":8, "User-Z":0,"Auth":9, "Trans":4}
[2025-06-05 15:28:56.783] [0;32mTMLUWB  :RX < :RECV                :62000048 CC020000 01000000 00FA0000 00010000 05000001 00000000 01FFF700 001F0000 00640000 64000000 00000003 78000000 00000000 00000000 0E000000 00010300 01030000 00000000
[2025-06-05 15:28:56.783] [0m[0;34mAPP     :INFO :@@@ updateKeepAlive( ): User[1] FFF7 Keep alive = 79
[2025-06-05 15:28:56.783] [0m[0;34mAPP     :INFO :gCapSessionHandle!!!.
[2025-06-05 15:28:56.785] [0m[0;34mAPP     :INFO :@@@ gNumberOfUserinDTPCM = 2, pRangingData->no_of_measurements = 1,i=0
[2025-06-05 15:28:56.785] [0m[0;34mAPP     :INFO :Measure_NLOS = 0, Classification_NLOS =   0
[2025-06-05 15:28:56.785] [0mMaster_Distance_to_FFF7=31
[2025-06-05 15:28:56.785] [0;34mAPP     :INFO :Conten_Distance_MasterAnchor_to_FFF7=31
[2025-06-05 15:28:56.785] [0m[0;34mAPP     :INFO :Current User ( fff7 ) status is : SystemStatus = 0 , DiscoverStatus = 5 , TransactionState = 4 , AuthenticationState = 9
[2025-06-05 15:28:56.785] [0m[0;34mAPP     :INFO :@@@ User Speed is :( fff7 ) , 2 ,(cm/s)
[2025-06-05 15:28:56.785] [0m[0;34mAPP     :INFO :@ b = 31, c = 66, x = 16, y = 13
[2025-06-05 15:28:56.785] [0m[0;34mAPP     :INFO :@ a = 100, d = 100, m = 250, Gate = 100
[2025-06-05 15:28:56.785] [0m[0;34mAPP     :INFO :################################### into red area...##################################################
[2025-06-05 15:28:56.785] [0m[0;34mAPP     :INFO :Only 1 valid card detected, started transaction
[2025-06-05 15:28:56.785] [0m[0;34mAPP     :INFO :â”Œâ”€â”€â”€â”€â”€â”€â”€â”€â”€â”€â”€â”€â”€â”€â”€â”€â”€â”€â”€â”€â”€â”€â”€â”€â”€â”€â”€â”€â”€â”€â”€â”€â”€â”€â”€â”€â”€â”€â”€â”€â”€â”€â”€â”€â”€â”€â”€â”€â”€â”€â”€â”€â”€â”€â”€â”€â”€â”€â”€â”€â”€â”€â”
[2025-06-05 15:28:56.786] [0m[0;34mAPP     :INFO :â”‚ @@@ Time of Write Card Start:  = 03:11:340  â”‚ FFF7 â”‚
[2025-06-05 15:28:56.786] [0m[0;34mAPP     :INFO :â””â”€â”€â”€â”€â”€â”€â”€â”€â”€â”€â”€â”€â”€â”€â”€â”€â”€â”€â”€â”€â”€â”€â”€â”€â”€â”€â”€â”€â”€â”€â”€â”€â”€â”€â”€â”€â”€â”€â”€â”€â”€â”€â”€â”€â”€â”€â”€â”€â”€â”€â”€â”€â”€â”€â”€â”€â”€â”€â”€â”€â”€â”€â”˜
[2025-06-05 15:28:56.786] [0m[0;34mAPP     :INFO :System Is set to Busy by FFF7
[2025-06-05 15:28:56.786] [0m[0;34mAPP     :INFO :startTransaction( ): preMacAddress = FFF7 EndUserDetected Mac = FFF7, areaCheck = 0
[2025-06-05 15:28:56.786] [0m[0;34mAPP     :INFO :no user switching, no need to do AddUserInDTPML
[2025-06-05 15:28:56.786] [0m[0;34mAPP     :INFO :switchtoDynamicSTS uiDeviceIndex = FFF7
[2025-06-05 15:28:56.786] [0m[0;34mAPP     :INFO :Auth search begin index = 0, detected index = 0
[2025-06-05 15:28:56.786] [0m[0;34mAPP     :INFO :AuthDoneUsers[authIndex].DynamicSTSstarted = 1
[2025-06-05 15:28:56.786] [0m[0;33mAPP     :WARN :@@@ Same user, no need to apply RDS and return.
[2025-06-05 15:28:56.786] [0m[0;34mAPP     :INFO :@@@ Simple consumption to Write Card
[2025-06-05 15:28:56.786] [0m[0;34mAPP     :INFO :Previous Transaction State of FFF7 was: 4
[2025-06-05 15:28:56.786] [0m[0;34mAPP     :INFO :New Transaction State of FFF7 is: 5
[2025-06-05 15:28:56.786] [0m[0;34mAPP     :INFO :Send data to SE :   :02850080 DC12D080 27127D01 01000000 00000000 00000000 00000000 00000000 00000000 00000000 00000000 00000000 00000000 00000000 00000000 00000000 00000000 00000000 00000000 00000000 00000000 00000000 00000000 00000000 00000000 00000000 00000000 1901023B 72270000 00000000 00000000 00000000 00000000 00000000 15008054 01000F00 00000120 24082118 58444817 BE1C08
[2025-06-05 15:28:56.786] [0m[0;34mTMLUWB  :TX > :SEND                :0300AF00 03000002 FFF70000 00000000 02009F00 02850080 DC12D080 27127D01 01000000 00000000 00000000 00000000 00000000 00000000 00000000 00000000 00000000 00000000 00000000 00000000 00000000 00000000 00000000 00000000 00000000 00000000 00000000 00000000 00000000 00000000 00000000 00000000 1901023B 72270000 00000000 00000000 00000000 00000000 00000000 15008054 01000F00 00000120 24082118 58444817 BE1C08
[2025-06-05 15:28:56.786] [0m[0;32mTMLUWB  :RX < :RECV                :62040005 03000002 00
[2025-06-05 15:28:56.786] [0m[0;32mTMLUWB  :RX < :RECV                :02001700 02000002 00BBBB00 00000000 00CC0006 000505FF F74000
[2025-06-05 15:28:56.786] [0m[0;32mTMLUWB  :RX < :RECV                :62050008 03000002 00000101
[2025-06-05 15:28:56.789] [0m[0;32mTMLUWB  :RX < :RECV                :62040005 03000002 01
[2025-06-05 15:28:56.789] [0m[0;34mAPP     :INFO :common_start_quick_timer enter: timeout: 100 ms
[2025-06-05 15:28:56.789] [0m
[2025-06-05 15:28:56.789] [0;34mAPP     :INFO :gMrmSessionHandle_Test!!!
[2025-06-05 15:28:56.789] [0mMaster_Distance_to_Slave=64
[2025-06-05 15:28:56.789] [0;34mAPP     :INFO :Conten_Distance_SlaveAnchor[BBBB]_to_FFF7=64
[2025-06-05 15:28:56.789] [0m{"@POSITION": 1, "Master": 31, "Slave": 64, "Gate": 100, "nLos": 0, "idx": 0, "LiftDeep": 60, "RedAreaH": 0, "BlueAreaH": 250, "Speed":2, "User-X":16, "User-Y":13, "User-Z":0,"Auth":9, "Trans":5}
[2025-06-05 15:28:56.868] [0;32mTMLUWB  :RX < :RECV                :02002200 03000002 00FFF700 00000000 00260011 00020200 90000A00 296698E1 3C22FB26 9000
[2025-06-05 15:28:56.868] [0m[0;34mAPP     :INFO :gDtxSessionHandle!!!
[2025-06-05 15:28:56.868] [0m[0;34mAPP     :INFO :uiCheckValidateState enter,CurrentSystemStatus.SystemStatus=1,CurrentSystemStatus.uiMacddressProcess=FFF7
[2025-06-05 15:28:56.868] [0m[0;34mAPP     :INFO :uiAddressSource = fff7, uiUserIndex = 0
[2025-06-05 15:28:56.868] [0m[0;34mAPP     :INFO :TransactionState = 5, authentication state = 9
[2025-06-05 15:28:56.868] [0m[0;34mAPP     :INFO :Secure Data received from FFF7  = 9000
[2025-06-05 15:28:56.868] [0m[0;34mAPP     :INFO :common_stop_quick_timer=102: enter
[2025-06-05 15:28:56.868] [0m[0;34mAPP     :INFO :@@@ RECEIVE CARD INFO : :02020090 000A0029 6698E13C 22FB2690 00
[2025-06-05 15:28:56.868] [0m{"@CARDINFO": 1, "CardNumber": "3104870494120264165", "Balance": 11899}
[2025-06-05 15:28:56.869] [0;34mAPP     :INFO :Previous Transaction State of FFF7 was: 5
[2025-06-05 15:28:56.869] [0m[0;34mAPP     :INFO :New Transaction State of FFF7 is: 1
[2025-06-05 15:28:56.869] [0m[0;34mAPP     :INFO :System Is set to Free by FFF7
[2025-06-05 15:28:56.869] [0m
[2025-06-05 15:28:57.035] [0;32mTMLUWB  :RX < :RECV                :62000048 CD020000 01000000 00FA0000 00010000 05000001 00000000 01FFF700 00210000 00640000 64000000 00000003 7A000000 00000000 00000000 0E000000 00010300 01030000 00000000
[2025-06-05 15:28:57.035] [0m[0;34mAPP     :INFO :@@@ updateKeepAlive( ): User[1] FFF7 Keep alive = 79
[2025-06-05 15:28:57.035] [0m[0;34mAPP     :INFO :gCapSessionHandle!!!.
[2025-06-05 15:28:57.037] [0m[0;34mAPP     :INFO :@@@ gNumberOfUserinDTPCM = 2, pRangingData->no_of_measurements = 1,i=0
[2025-06-05 15:28:57.037] [0m[0;34mAPP     :INFO :â”Œâ”€â”€â”€â”€â”€â”€â”€â”€â”€â”€â”€â”€â”€â”€â”€â”€â”€â”€â”€â”€â”€â”€â”€â”€â”€â”€â”€â”€â”€â”€â”€â”€â”€â”€â”€â”€â”€â”€â”€â”€â”€â”€â”€â”€â”€â”€â”€â”€â”€â”€â”€â”€â”€â”€â”€â”€â”€â”€â”€â”€â”€â”€â”
[2025-06-05 15:28:57.037] [0m[0;34mAPP     :INFO :â”‚ @@@ Time of Write Card End:    = 03:11:580  â”‚ FFF7 â”‚  240 ms
[2025-06-05 15:28:57.037] [0m[0;34mAPP     :INFO :â””â”€â”€â”€â”€â”€â”€â”€â”€â”€â”€â”€â”€â”€â”€â”€â”€â”€â”€â”€â”€â”€â”€â”€â”€â”€â”€â”€â”€â”€â”€â”€â”€â”€â”€â”€â”€â”€â”€â”€â”€â”€â”€â”€â”€â”€â”€â”€â”€â”€â”€â”€â”€â”€â”€â”€â”€â”€â”€â”€â”€â”€â”€â”˜
[2025-06-05 15:28:57.037] [0m[0;34mAPP     :INFO :Measure_NLOS = 0, Classification_NLOS =   0
[2025-06-05 15:28:57.037] [0mMaster_Distance_to_FFF7=33
[2025-06-05 15:28:57.037] [0;34mAPP     :INFO :Conten_Distance_MasterAnchor_to_FFF7=33
[2025-06-05 15:28:57.037] [0m[0;34mAPP     :INFO :Current User ( fff7 ) status is : SystemStatus = 0 , DiscoverStatus = 5 , TransactionState = 1 , AuthenticationState = 9
[2025-06-05 15:28:57.037] [0m[0;34mAPP     :INFO :@@@ User Speed is :( fff7 ) , 7 ,(cm/s)
[2025-06-05 15:28:57.037] [0m[0;34mAPP     :INFO :@ b = 33, c = 64, x = 15, y = 11
[2025-06-05 15:28:57.037] [0m[0;34mAPP     :INFO :@ a = 100, d = 100, m = 250, Gate = 100
[2025-06-05 15:28:57.037] [0m[0;34mAPP     :INFO :################################### into red area...##################################################
[2025-06-05 15:28:57.037] [0m[0;34mAPP     :INFO :Only 1 valid card detected, started transaction
[2025-06-05 15:28:57.037] [0m[0;33mAPP     :WARN :Into Red Area, But TransactionState != ReadCard_compelete. Starting Read Card...
[2025-06-05 15:28:57.037] [0m[0;34mAPP     :INFO :â”Œâ”€â”€â”€â”€â”€â”€â”€â”€â”€â”€â”€â”€â”€â”€â”€â”€â”€â”€â”€â”€â”€â”€â”€â”€â”€â”€â”€â”€â”€â”€â”€â”€â”€â”€â”€â”€â”€â”€â”€â”€â”€â”€â”€â”€â”€â”€â”€â”€â”€â”€â”€â”€â”€â”€â”€â”€â”€â”€â”€â”€â”€â”€â”
[2025-06-05 15:28:57.038] [0m[0;34mAPP     :INFO :â”‚ @@@ Time of Read Card Start:   = 03:11:595  â”‚ FFF7 â”‚
[2025-06-05 15:28:57.038] [0m[0;34mAPP     :INFO :â””â”€â”€â”€â”€â”€â”€â”€â”€â”€â”€â”€â”€â”€â”€â”€â”€â”€â”€â”€â”€â”€â”€â”€â”€â”€â”€â”€â”€â”€â”€â”€â”€â”€â”€â”€â”€â”€â”€â”€â”€â”€â”€â”€â”€â”€â”€â”€â”€â”€â”€â”€â”€â”€â”€â”€â”€â”€â”€â”€â”€â”€â”€â”˜
[2025-06-05 15:28:57.038] [0m[0;34mAPP     :INFO :System Is set to Busy by FFF7
[2025-06-05 15:28:57.038] [0m[0;34mAPP     :INFO :startTransaction( ): preMacAddress = FFF7 EndUserDetected Mac = FFF7, areaCheck = 1
[2025-06-05 15:28:57.038] [0m[0;34mAPP     :INFO :no user switching, no need to do AddUserInDTPML
[2025-06-05 15:28:57.038] [0m[0;34mAPP     :INFO :switchtoDynamicSTS uiDeviceIndex = FFF7
[2025-06-05 15:28:57.038] [0m[0;34mAPP     :INFO :Auth search begin index = 0, detected index = 0
[2025-06-05 15:28:57.038] [0m[0;34mAPP     :INFO :AuthDoneUsers[authIndex].DynamicSTSstarted = 1
[2025-06-05 15:28:57.038] [0m[0;33mAPP     :WARN :@@@ Same user, no need to apply RDS and return.
[2025-06-05 15:28:57.038] [0m[0;34mAPP     :INFO :@@@ Simple consumption to Read Card
[2025-06-05 15:28:57.038] [0m[0;34mAPP     :INFO :Previous Transaction State of FFF7 was: 1
[2025-06-05 15:28:57.038] [0m[0;34mAPP     :INFO :New Transaction State of FFF7 is: 2
[2025-06-05 15:28:57.038] [0m[0;34mAPP     :INFO :Send data to SE :   :04130000 A404000E 32504159 2E535953 2E444446 30310D00 00A40400 08A00000 06320101 05050000 B095001C 11008050 03020B01 00000001 04090001 00010F
[2025-06-05 15:28:57.038] [0m[0;34mTMLUWB  :TX > :SEND                :03004F00 03000002 FFF70000 00000000 02003F00 04130000 A404000E 32504159 2E535953 2E444446 30310D00 00A40400 08A00000 06320101 05050000 B095001C 11008050 03020B01 00000001 04090001 00010F
[2025-06-05 15:28:57.038] [0m[0;32mTMLUWB  :RX < :RECV                :62040005 03000002 00
[2025-06-05 15:28:57.039] [0m[0;32mTMLUWB  :RX < :RECV                :02001700 02000002 00BBBB00 00000000 00CD0006 000505FF F74200
[2025-06-05 15:28:57.039] [0m[0;32mTMLUWB  :RX < :RECV                :62050008 03000002 00000101
[2025-06-05 15:28:57.039] [0m[0;32mTMLUWB  :RX < :RECV                :62040005 03000002 01
[2025-06-05 15:28:57.039] [0m[0;34mAPP     :INFO :common_start_quick_timer enter: timeout: 100 ms
[2025-06-05 15:28:57.039] [0m
[2025-06-05 15:28:57.039] [0;34mAPP     :INFO :gMrmSessionHandle_Test!!!
[2025-06-05 15:28:57.039] [0mMaster_Distance_to_Slave=66
[2025-06-05 15:28:57.039] [0;34mAPP     :INFO :Conten_Distance_SlaveAnchor[BBBB]_to_FFF7=66
[2025-06-05 15:28:57.115] [0m{"@POSITION": 1, "Master": 33, "Slave": 66, "Gate": 100, "nLos": 0, "idx": 0, "LiftDeep": 61, "RedAreaH": 0, "BlueAreaH": 250, "Speed":7, "User-X":15, "User-Y":11, "User-Z":0,"Auth":9, "Trans":2}
[2025-06-05 15:28:57.115] [0;32mTMLUWB  :RX < :RECV                :0200A100 03000002 00FFF700 00000000 00270090 00041E00 6F1A840E 32504159 2E535953 2E444446 3031A508 9F080231 30890102 90003A00 6F368408 A0000006 32010105 A5269F08 0200309F 0C1E0221 5840FFFF FFFF0201 03104870 49412026 41652023 10312053 10310000 00000000 90001E00 02215840 FFFFFFFF 02010310 48704941 20264165 20231031 20531031 90001100 00002E7A 1E5B0000 0001007A 53035F90 00
[2025-06-05 15:28:57.115] [0m[0;34mAPP     :INFO :gDtxSessionHandle!!!
[2025-06-05 15:28:57.115] [0m[0;34mAPP     :INFO :uiCheckValidateState enter,CurrentSystemm[0;34mAPP     :INFO :@@@ Load Key        :6E558300 5783A27C 913E6FB7 63B959BA
[2025-06-05 15:28:57.117] [0m[0;34mAPP     :INFO :@@@ Online Seq No   :1E5B
[2025-06-05 15:28:57.117] [0m[0;34mAPP     :INFO :@@@ Random No       :7A53035F
[2025-06-05 15:28:57.123] [0m[0;34mAPP     :INFO :@@@ Random No + Online Seq No + 0001:7A53035F 1E5B0001
[2025-06-05 15:28:57.124] [0m[0;34mAPP     :INFO :@@@ Session Key 3DES:C6D78321 1036BA87
[2025-06-05 15:28:57.124] [0m[0;34mAPP     :INFO :@@@ Session Key DES :C6D78321 1036BA87 C6D78321 1036BA87
[2025-06-05 15:28:57.129] [0m[0;34mAPP     :INFO :@@@ MAC             :83F762BD 2CAAC007
[2025-06-05 15:28:57.142] [0m[0;34mAPP     :INFO :Previous Transaction State of FFF7 was: 2
[2025-06-05 15:28:57.149] [0m[0;34mAPP     :INFO :New Transaction State of FFF7 is: 4
[2025-06-05 15:28:57.166] [0m[0;34mAPP     :INFO :System Is set to Free by FFF7
[2025-06-05 15:28:57.171] [0m
[2025-06-05 15:28:57.241] [0;32mTMLUWB  :RX < :RECV                :62000048 CE020000 01000000 00FA0000 00010000 05000001 00000000 01FFF700 00210000 00640000 64000000 00000003 77000000 00000000 00000000 0E000000 00010300 01030000 00000000
[2025-06-05 15:28:57.241] [0m[0;34mAPP     :INFO :@@@ updateKeepAlive( ): User[1] FFF7 Keep alive = 79
[2025-06-05 15:28:57.241] [0m[0;34mAPP     :INFO :gCapSessionHandle!!!.
[2025-06-05 15:28:57.241] [0m[0;34mAPP     :INFO :@@@ gNumberOfUserinDTPCM = 2, pRangingData->no_of_measurements = 1,i=0
[2025-06-05 15:28:57.241] [0m[0;34mAPP     :INFO :Measure_NLOS = 0, Classification_NLOS =   0
[2025-06-05 15:28:57.241] [0mMaster_Distance_to_FFF7=33
[2025-06-05 15:28:57.241] [0;34mAPP     :INFO :Conten_Distance_MasterAnchor_to_FFF7=33
[2025-06-05 15:28:57.241] [0m[0;34mAPP     :INFO :Current User ( fff7 ) status is : SystemStatus = 0 , DiscoverStatus = 5 , TransactionState = 4 , AuthenticationState = 9
[2025-06-05 15:28:57.241] [0m[0;34mAPP     :INFO :@@@ User Speed is :( fff7 ) , 0 ,(cm/s)
[2025-06-05 15:28:57.241] [0m[0;34mAPP     :INFO :@ b = 33, c = 66, x = 16, y = 8
[2025-06-05 15:28:57.242] [0m[0;34mAPP     :INFO :@ a = 100, d = 100, m = 250, Gate = 100
[2025-06-05 15:28:57.242] [0m[0;34mAPP     :INFO :################################### into red area...##################################################
[2025-06-05 15:28:57.242] [0m[0;34mAPP     :INFO :Only 1 valid card detected, started transaction
[2025-06-05 15:28:57.242] [0m[0;33mAPP     :WARN : Write Card Time < 10s. Return.
[2025-06-05 15:28:57.242] [0m
[2025-06-05 15:28:57.242] [0;32mTMLUWB  :RX < :RECV                :02001700 02000002 00BBBB00 00000000 00CE0006 000505FF F73E00
[2025-06-05 15:28:57.242] [0m[0;34mAPP     :INFO :gMrmSessionHandle_Test!!!
[2025-06-05 15:28:57.242] [0mMaster_Distance_to_Slave=62
[2025-06-05 15:28:57.242] [0;34mAPP     :INFO :Conten_Distance_SlaveAnchor[BBBB]_to_FFF7=62
[2025-06-05 15:28:57.242] [0m{"@POSITION": 1, "Master": 33, "Slave": 62, "Gate": 100, "nLos": 0, "idx": 0, "LiftDeep": 59, "RedAreaH": 0, "BlueAreaH": 250, "Speed":0, "User-X":16, "User-Y":8, "User-Z":0,"Auth":9, "Trans":4}
[2025-06-05 15:28:57.489] [0;32mTMLUWB  :RX < :RECV                :62000048 CF020000 01000000 00FA0000 00010000 05000001 00000000 01FFF700 001E0000 00640000 64000000 00000003 79000000 00000000 00000000 0E000000 00010300 01030000 00000000
[2025-06-05 15:28:57.490] [0m[0;34mAPP     :INFO :@@@ updateKeepAlive( ): User[1] FFF7 Keep alive = 79
[2025-06-05 15:28:57.490] [0m[0;34mAPP     :INFO :gCapSessionHandle!!!.
[2025-06-05 15:28:57.490] [0m[0;34mAPP     :INFO :@@@ gNumberOfUserinDTPCM = 2, pRangingData->no_of_measurements = 1,i=0
[2025-06-05 15:28:57.490] [0m[0;34mAPP     :INFO :Measure_NLOS = 0, Classification_NLOS =   0
[2025-06-05 15:28:57.490] [0mMaster_Distance_to_FFF7=30
[2025-06-05 15:28:57.490] [0;34mAPP     :INFO :Conten_Distance_MasterAnchor_to_FFF7=30
[2025-06-05 15:28:57.490] [0m[0;34mAPP     :INFO :Current User ( fff7 ) status is : SystemStatus = 0 , DiscoverStatus = 5 , TransactionState = 4 , AuthenticationState = 9
[2025-06-05 15:28:57.490] [0m[0;34mAPP     :INFO :@@@ User Speed is :( fff7 ) , 6 ,(cm/s)
[2025-06-05 15:28:57.490] [0m[0;34mAPP     :INFO :@ b = 30, c = 62, x = 14, y = 19
[2025-06-05 15:28:57.490] [0m[0;34mAPP     :INFO :@ a = 100, d = 100, m = 250, Gate = 100
[2025-06-05 15:28:57.490] [0m[0;34mAPP     :INFO :################################### into red area...##################################################
[2025-06-05 15:28:57.490] [0m[0;34mAPP     :INFO :Only 1 valid card detected, started transaction
[2025-06-05 15:28:57.490] [0m[0;33mAPP     :WARN : Write Card Time < 10s. Return.
[2025-06-05 15:28:57.491] [0m
[2025-06-05 15:28:57.491] [0;32mTMLUWB  :RX < :RECV                :02001700 02000002 00BBBB00 00000000 00CF0006 000505FF F74100
[2025-06-05 15:28:57.491] [0m[0;34mAPP     :INFO :gMrmSessionHandle_Test!!!
[2025-06-05 15:28:57.491] [0mMaster_Distance_to_Slave=65
[2025-06-05 15:28:57.491] [0;34mAPP     :INFO :Conten_Distance_SlaveAnchor[BBBB]_to_FFF7=65
[2025-06-05 15:28:57.491] [0m{"@POSITION": 1, "Master": 30, "Slave": 65, "Gate": 100, "nLos": 0, "idx": 0, "LiftDeep": 60, "RedAreaH": 0, "BlueAreaH": 250, "Speed":6, "User-X":14, "User-Y":19, "User-Z":0,"Auth":9, "Trans":4}
[2025-06-05 15:28:57.766] [0;32mTMLUWB  :RX < :RECV                :62000048 D0020000 01000000 00FA0000 00010000 05000001 00000000 01FFF700 001E0000 00640000 64000000 00000003 78000000 00000000 00000000 0E000000 00010300 01030000 00000000
[2025-06-05 15:28:57.767] [0m[0;34mAPP     :INFO :@@@ updateKeepAlive( ): User[1] FFF7 Keep alive = 79
[2025-06-05 15:28:57.767] [0m[0;34mAPP     :INFO :gCapSessionHandle!!!.
[2025-06-05 15:28:57.767] [0m[0;34mAPP     :INFO :@@@ gNumberOfUserinDTPCM = 2, pRangingData->no_of_measurements = 1,i=0
[2025-06-05 15:28:57.767] [0m[0;34mAPP     :INFO :Measure_NLOS = 0, Classification_NLOS =   0
[2025-06-05 15:28:57.767] [0mMaster_Distance_to_FFF7=30
[2025-06-05 15:28:57.767] [0;34mAPP     :INFO :Conten_Distance_MasterAnchor_to_FFF7=30
[2025-06-05 15:28:57.767] [0m[0;34mAPP     :INFO :Current User ( fff7 ) status is : SystemStatus = 0 , DiscoverStatus = 5 , TransactionState = 4 , AuthenticationState = 9
[2025-06-05 15:28:57.767] [0m[0;34mAPP     :INFO :@@@ User Speed is :( fff7 ) , 5 ,(cm/s)
[2025-06-05 15:28:57.767] [0m[0;34mAPP     :INFO :@ b = 30, c = 65, x = 16, y = 16
[2025-06-05 15:28:57.767] [0m[0;34mAPP     :INFO :@ a = 100, d = 100, m = 250, Gate = 100
[2025-06-05 15:28:57.767] [0m[0;34mAPP     :INFO :################################### into red area...##################################################
[2025-06-05 15:28:57.767] [0m[0;34mAPP     :INFO :Only 1 valid card detected, started transaction
[2025-06-05 15:28:57.767] [0m[0;33mAPP     :WARN : Write Card Time < 10s. Return.
[2025-06-05 15:28:57.767] [0m
[2025-06-05 15:28:57.768] [0;32mTMLUWB  :RX < :RECV                :02001700 02000002 00BBBB00 00000000 00D00006 000505FF F74000
[2025-06-05 15:28:57.768] [0m[0;34mAPP     :INFO :gMrmSessionHandle_Test!!!
[2025-06-05 15:28:57.768] [0mMaster_Distance_to_Slave=64
[2025-06-05 15:28:57.768] [0;34mAPP     :INFO :Conten_Distance_SlaveAnchor[BBBB]_to_FFF7=64
[2025-06-05 15:28:57.768] [0m{"@POSITION": 1, "Master": 30, "Slave": 64, "Gate": 100, "nLos": 0, "idx": 0, "LiftDeep": 60, "RedAreaH": 0, "BlueAreaH": 250, "Speed":5, "User-X":16, "User-Y":16, "User-Z":0,"Auth":9, "Trans":4}
[2025-06-05 15:28:58.028] [0;32mTMLUWB  :RX < :RECV                :62000048 D1020000 01000000 00FA0000 00010000 05000001 00000000 01FFF700 001F0000 00640000 64000000 00000003 79000000 00000000 00000000 0E000000 00010300 01030000 00000000
[2025-06-05 15:28:58.029] [0m[0;34mAPP     :INFO :@@@ updateKeepAlive( ): User[1] FFF7 Keep alive = 79
[2025-06-05 15:28:58.029] [0m[0;34mAPP     :INFO :gCapSessionHandle!!!.
[2025-06-05 15:28:58.029] [0m[0;34mAPP     :INFO :@@@ gNumberOfUserinDTPCM = 2, pRangingData->no_of_measurements = 1,i=0
[2025-06-05 15:28:58.029] [0m[0;34mAPP     :INFO :Measure_NLOS = 0, Classification_NLOS =   0
[2025-06-05 15:28:58.029] [0mMaster_Distance_to_FFF7=31
[2025-06-05 15:28:58.029] [0;34mAPP     :INFO :Conten_Distance_MasterAnchor_to_FFF7=31
[2025-06-05 15:28:58.029] [0m[0;34mAPP     :INFO :Current User ( fff7 ) status is : SystemStatus = 0 , DiscoverStatus = 5 , TransactionState = 4 , AuthenticationState = 9
[2025-06-05 15:28:58.029] [0m[0;34mAPP     :INFO :@@@ User Speed is :( fff7 ) , 8 ,(cm/s)
[2025-06-05 15:28:58.029] [0m[0;34mAPP     :INFO :@ b = 31, c = 64, x = 15, y = 16
[2025-06-05 15:28:58.029] [0m[0;34mAPP     :INFO :@ a = 100, d = 100, m = 250, Gate = 100
[2025-06-05 15:28:58.029] [0m[0;34mAPP     :INFO :################################### into red area...##################################################
[2025-06-05 15:28:58.029] [0m[0;34mAPP     :INFO :Only 1 valid card detected, started transaction
[2025-06-05 15:28:58.029] [0m[0;33mAPP     :WARN : Write Card Time < 10s. Return.
[2025-06-05 15:28:58.029] [0m
[2025-06-05 15:28:58.029] [0;32mTMLUWB  :RX < :RECV                :02001700 02000002 00BBBB00 00000000 00D10006 000505FF F73E00
[2025-06-05 15:28:58.029] [0m[0;34mAPP     :INFO :gMrmSessionHandle_Test!!!
[2025-06-05 15:28:58.029] [0mMaster_Distance_to_Slave=62
[2025-06-05 15:28:58.030] [0;34mAPP     :INFO :Conten_Distance_SlaveAnchor[BBBB]_to_FFF7=62
[2025-06-05 15:28:58.030] [0m{"@POSITION": 1, "Master": 31, "Slave": 62, "Gate": 100, "nLos": 0, "idx": 0, "LiftDeep": 60, "RedAreaH": 0, "BlueAreaH": 250, "Speed":8, "User-X":15, "User-Y":16, "User-Z":0,"Auth":9, "Trans":4}
[2025-06-05 15:28:58.280] [0;32mTMLUWB  :RX < :RECV                :62000048 D2020000 01000000 00FA0000 00010000 05000001 00000000 01FFF700 001E0000 00640000 64000000 00000003 7A000000 00000000 00000000 0E000000 00010300 01030000 00000000
[2025-06-05 15:28:58.281] [0m[0;34mAPP     :INFO :@@@ updateKeepAlive( ): User[1] FFF7 Keep alive = 79
[2025-06-05 15:28:58.282] [0m[0;34mAPP     :INFO :gCapSessionHandle!!!.
[2025-06-05 15:28:58.282] [0m[0;34mAPP     :INFO :@@@ gNumberOfUserinDTPCM = 2, pRangingData->no_of_measurements = 1,i=0
[2025-06-05 15:28:58.282] [0m[0;34mAPP     :INFO :Measure_NLOS = 0, Classification_NLOS =   0
[2025-06-05 15:28:58.282] [0mMaster_Distance_to_FFF7=30
[2025-06-05 15:28:58.282] [0;34mAPP     :INFO :Conten_Distance_MasterAnchor_to_FFF7=30
[2025-06-05 15:28:58.282] [0m[0;34mAPP     :INFO :Current User ( fff7 ) status is : SystemStatus = 0 , DiscoverStatus = 5 , TransactionState = 4 , AuthenticationState = 9
[2025-06-05 15:28:58.282] [0m[0;34mAPP     :INFO :@@@ User Speed is :( fff7 ) , 0 ,(cm/s)
[2025-06-05 15:28:58.282] [0m[0;34mAPP     :INFO :@ b = 30, c = 62, x = 14, y = 19
[2025-06-05 15:28:58.282] [0m[0;34mAPP     :INFO :@ a = 100, d = 100, m = 250, Gate = 100
[2025-06-05 15:28:58.283] [0m[0;34mAPP     :INFO :################################### into red area...##################################################
[2025-06-05 15:28:58.283] [0m[0;34mAPP     :INFO :Only 1 valid card detected, started transaction
[2025-06-05 15:28:58.283] [0m[0;33mAPP     :WARN : Write Card Time < 10s. Return.
[2025-06-05 15:28:58.283] [0m
[2025-06-05 15:28:58.283] [0;32mTMLUWB  :RX < :RECV                :02001700 02000002 00BBBB00 00000000 00D20006 000505FF F73F00
[2025-06-05 15:28:58.283] [0m[0;34mAPP     :INFO :gMrmSessionHandle_Test!!!
[2025-06-05 15:28:58.283] [0mMaster_Distance_to_Slave=63
[2025-06-05 15:28:58.283] [0;34mAPP     :INFO :Conten_Distance_SlaveAnchor[BBBB]_to_FFF7=63
[2025-06-05 15:28:58.283] [0m{"@POSITION": 1, "Master": 30, "Slave": 63, "Gate": 100, "nLos": 0, "idx": 0, "LiftDeep": 61, "RedAreaH": 0, "BlueAreaH": 250, "Speed":0, "User-X":14, "User-Y":19, "User-Z":0,"Auth":9, "Trans":4}
[2025-06-05 15:28:58.494] [0;32mTMLUWB  :RX < :RECV                :62000048 D3020000 01000000 00FA0000 00010000 05000001 00000000 01FFF700 00220000 00640000 64000000 00000003 78000000 00000000 00000000 0E000000 00010300 01030000 00000000
[2025-06-05 15:28:58.495] [0m[0;34mAPP     :INFO :@@@ updateKeepAlive( ): User[1] FFF7 Keep alive = 79
[2025-06-05 15:28:58.495] [0m[0;34mAPP     :INFO :gCapSessionHandle!!!.
[2025-06-05 15:28:58.495] [0m[0;34mAPP     :INFO :@@@ gNumberOfUserinDTPCM = 2, pRangingData->no_of_measurements = 1,i=0
[2025-06-05 15:28:58.495] [0m[0;34mAPP     :INFO :Measure_NLOS = 0, Classification_NLOS =   0
[2025-06-05 15:28:58.495] [0mMaster_Distance_to_FFF7=34
[2025-06-05 15:28:58.495] [0;34mAPP     :INFO :Conten_Distance_MasterAnchor_to_FFF7=34
[2025-06-05 15:28:58.496] [0m[0;34mAPP     :INFO :Current User ( fff7 ) status is : SystemStatus = 0 , DiscoverStatus = 5 , TransactionState = 4 , AuthenticationState = 9
[2025-06-05 15:28:58.496] [0m[0;34mAPP     :INFO :@@@ User Speed is :( fff7 ) , 5 ,(cm/s)
[2025-06-05 15:28:58.496] [0m[0;34mAPP     :INFO :@ b = 34, c = 63, x = 14, y = 11
[2025-06-05 15:28:58.496] [0m[0;34mAPP     :INFO :@ a = 100, d = 100, m = 250, Gate = 100
[2025-06-05 15:28:58.496] [0m[0;34mAPP     :INFO :################################### into red area...##################################################
[2025-06-05 15:28:58.496] [0m[0;34mAPP     :INFO :Only 1 valid card detected, started transaction
[2025-06-05 15:28:58.496] [0m[0;33mAPP     :WARN : Write Card Time < 10s. Return.
[2025-06-05 15:28:58.496] [0m
[2025-06-05 15:28:58.496] [0;32mTMLUWB  :RX < :RECV                :02001700 02000002 00BBBB00 00000000 00D30006 000505FF F74000
[2025-06-05 15:28:58.496] [0m[0;34mAPP     :INFO :gMrmSessionHandle_Test!!!
[2025-06-05 15:28:58.496] [0mMaster_Distance_to_Slave=64
[2025-06-05 15:28:58.496] [0;34mAPP     :INFO :Conten_Distance_SlaveAnchor[BBBB]_to_FFF7=64
[2025-06-05 15:28:58.496] [0m{"@POSITION": 1, "Master": 34, "Slave": 64, "Gate": 100, "nLos": 0, "idx": 0, "LiftDeep": 60, "RedAreaH": 0, "BlueAreaH": 250, "Speed":5, "User-X":14, "User-Y":11, "User-Z":0,"Auth":9, "Trans":4}
[2025-06-05 15:28:58.777] [0;32mTMLUWB  :RX < :RECV                :62000048 D4020000 01000000 00FA0000 00010000 05000001 00000000 01FFF700 00210000 00640000 64000000 00000003 7A000000 00000000 00000000 0E000000 00010300 01030000 00000000
[2025-06-05 15:28:58.778] [0m[0;34mAPP     :INFO :@@@ updateKeepAlive( ): User[1] FFF7 Keep alive = 79
[2025-06-05 15:28:58.778] [0m[0;34mAPP     :INFO :gCapSessionHandle!!!.
[2025-06-05 15:28:58.778] [0m[0;34mAPP     :INFO :@@@ gNumberOfUserinDTPCM = 2, pRangingData->no_of_measurements = 1,i=0
[2025-06-05 15:28:58.778] [0m[0;34mAPP     :INFO :Measure_NLOS = 0, Classification_NLOS =   0
[2025-06-05 15:28:58.778] [0mMaster_Distance_to_FFF7=33
[2025-06-05 15:28:58.778] [0;34mAPP     :INFO :Conten_Distance_MasterAnchor_to_FFF7=33
[2025-06-05 15:28:58.778] [0m[0;34mAPP     :INFO :Current User ( fff7 ) status is : SystemStatus = 0 , DiscoverStatus = 5 , TransactionState = 4 , AuthenticationState = 9
[2025-06-05 15:28:58.779] [0m[0;34mAPP     :INFO :@@@ User Speed is :( fff7 ) , 5 ,(cm/s)
[2025-06-05 15:28:58.779] [0m[0;34mAPP     :INFO :@ b = 33, c = 64, x = 15, y = 11
[2025-06-05 15:28:58.779] [0m[0;34mAPP     :INFO :@ a = 100, d = 100, m = 250, Gate = 100
[2025-06-05 15:28:58.779] [0m[0;34mAPP     :INFO :################################### into red area...##################################################
[2025-06-05 15:28:58.779] [0m[0;34mAPP     :INFO :Only 1 valid card detected, started transaction
[2025-06-05 15:28:58.779] [0m[0;33mAPP     :WARN : Write Card Time < 10s. Return.
[2025-06-05 15:28:58.779] [0m
[2025-06-05 15:28:58.780] [0;32mTMLUWB  :RX < :RECV                :02001700 02000002 00BBBB00 00000000 00D40006 000505FF F74100
[2025-06-05 15:28:58.780] [0m[0;34mAPP     :INFO :gMrmSessionHandle_Test!!!
[2025-06-05 15:28:58.780] [0mMaster_Distance_to_Slave=65
[2025-06-05 15:28:58.780] [0;34mAPP     :INFO :Conten_Distance_SlaveAnchor[BBBB]_to_FFF7=65
[2025-06-05 15:28:58.780] [0m{"@POSITION": 1, "Master": 33, "Slave": 65, "Gate": 100, "nLos": 0, "idx": 0, "LiftDeep": 61, "RedAreaH": 0, "BlueAreaH": 250, "Speed":5, "User-X":15, "User-Y":11, "User-Z":0,"Auth":9, "Trans":4}
[2025-06-05 15:28:59.008] [0;32mTMLUWB  :RX < :RECV                :62000048 D5020000 01000000 00FA0000 00010000 05000001 00000000 01FFF700 00210000 00640000 64000000 00000003 7B000000 00000000 00000000 0E000000 00010300 01030000 00000000
[2025-06-05 15:28:59.009] [0m[0;34mAPP     :INFO :@@@ updateKeepAlive( ): User[1] FFF7 Keep alive = 79
[2025-06-05 15:28:59.009] [0m[0;34mAPP     :INFO :gCapSessionHandle!!!.
[2025-06-05 15:28:59.009] [0m[0;34mAPP     :INFO :@@@ gNumberOfUserinDTPCM = 2, pRangingData->no_of_measurements = 1,i=0
[2025-06-05 15:28:59.009] [0m[0;34mAPP     :INFO :Measure_NLOS = 0, Classification_NLOS =   0
[2025-06-05 15:28:59.009] [0mMaster_Distance_to_FFF7=33
[2025-06-05 15:28:59.009] [0;34mAPP     :INFO :Conten_Distance_MasterAnchor_to_FFF7=33
[2025-06-05 15:28:59.009] [0m[0;34mAPP     :INFO :Current User ( fff7 ) status is : SystemStatus = 0 , DiscoverStatus = 5 , TransactionState = 4 , AuthenticationState = 9
[2025-06-05 15:28:59.009] [0m[0;34mAPP     :INFO :@@@ User Speed is :( fff7 ) , 8 ,(cm/s)
[2025-06-05 15:28:59.009] [0m[0;34mAPP     :INFO :@ b = 33, c = 65, x = 15, y = 11
[2025-06-05 15:28:59.009] [0m[0;34mAPP     :INFO :@ a = 100, d = 100, m = 250, Gate = 100
[2025-06-05 15:28:59.009] [0m[0;34mAPP     :INFO :################################### into red area...##################################################
[2025-06-05 15:28:59.009] [0m[0;34mAPP     :INFO :Only 1 valid card detected, started transaction
[2025-06-05 15:28:59.010] [0m[0;33mAPP     :WARN : Write Card Time < 10s. Return.
[2025-06-05 15:28:59.010] [0m
[2025-06-05 15:28:59.010] [0;32mTMLUWB  :RX < :RECV                :02001700 02000002 00BBBB00 00000000 00D50006 000505FF F74000
[2025-06-05 15:28:59.010] [0m[0;34mAPP     :INFO :gMrmSessionHandle_Test!!!
[2025-06-05 15:28:59.010] [0mMaster_Distance_to_Slave=64
[2025-06-05 15:28:59.010] [0;34mAPP     :INFO :Conten_Distance_SlaveAnchor[BBBB]_to_FFF7=64
[2025-06-05 15:28:59.010] [0m{"@POSITION": 1, "Master": 33, "Slave": 64, "Gate": 100, "nLos": 0, "idx": 0, "LiftDeep": 61, "RedAreaH": 0, "BlueAreaH": 250, "Speed":8, "User-X":15, "User-Y":11, "User-Z":0,"Auth":9, "Trans":4}
[2025-06-05 15:28:59.253] [0;32mTMLUWB  :RX < :RECV                :62000048 D6020000 01000000 00FA0000 00010000 05000001 00000000 01FFF700 001F0000 00640000 64000000 00000003 79000000 00000000 00000000 0E000000 00010300 01030000 00000000
[2025-06-05 15:28:59.254] [0m[0;34mAPP     :INFO :@@@ updateKeepAlive( ): User[1] FFF7 Keep alive = 79
[2025-06-05 15:28:59.254] [0m[0;34mAPP     :INFO :gCapSessionHandle!!!.
[2025-06-05 15:28:59.254] [0m[0;34mAPP     :INFO :@@@ gNumberOfUserinDTPCM = 2, pRangingData->no_of_measurements = 1,i=0
[2025-06-05 15:28:59.254] [0m[0;34mAPP     :INFO :Measure_NLOS = 0, Classification_NLOS =   0
[2025-06-05 15:28:59.254] [0mMaster_Distance_to_FFF7=31
[2025-06-05 15:28:59.254] [0;34mAPP     :INFO :Conten_Distance_MasterAnchor_to_FFF7=31
[2025-06-05 15:28:59.254] [0m[0;34mAPP     :INFO :Current User ( fff7 ) status is : SystemStatus = 0 , DiscoverStatus = 5 , TransactionState = 4 , AuthenticationState = 9
[2025-06-05 15:28:59.254] [0m[0;34mAPP     :INFO :@@@ User Speed is :( fff7 ) , 5 ,(cm/s)
[2025-06-05 15:28:59.254] [0m[0;34mAPP     :INFO :@ b = 31, c = 64, x = 15, y = 16
[2025-06-05 15:28:59.255] [0m[0;34mAPP     :INFO :@ a = 100, d = 100, m = 250, Gate = 100
[2025-06-05 15:28:59.255] [0m[0;34mAPP     :INFO :################################### into red area...##################################################
[2025-06-05 15:28:59.255] [0m[0;34mAPP     :INFO :Only 1 valid card detected, started transaction
[2025-06-05 15:28:59.255] [0m[0;33mAPP     :WARN : Write Card Time < 10s. Return.
[2025-06-05 15:28:59.255] [0m
[2025-06-05 15:28:59.255] [0;32mTMLUWB  :RX < :RECV                :02001700 02000002 00BBBB00 00000000 00D60006 000505FF F74100
[2025-06-05 15:28:59.255] [0m[0;34mAPP     :INFO :gMrmSessionHandle_Test!!!
[2025-06-05 15:28:59.255] [0mMaster_Distance_to_Slave=65
[2025-06-05 15:28:59.255] [0;34mAPP     :INFO :Conten_Distance_SlaveAnchor[BBBB]_to_FFF7=65
[2025-06-05 15:28:59.255] [0m{"@POSITION": 1, "Master": 31, "Slave": 65, "Gate": 100, "nLos": 0, "idx": 0, "LiftDeep": 60, "RedAreaH": 0, "BlueAreaH": 250, "Speed":5, "User-X":15, "User-Y":16, "User-Z":0,"Auth":9, "Trans":4}
[2025-06-05 15:28:59.479] [0;32mTMLUWB  :RX < :RECV                :62000048 D7020000 01000000 00FA0000 00010000 05000001 00000000 01FFF700 00210000 00640000 64000000 00000003 79000000 00000000 00000000 0E000000 00010300 01030000 00000000
[2025-06-05 15:28:59.480] [0m[0;34mAPP     :INFO :@@@ updateKeepAlive( ): User[1] FFF7 Keep alive = 79
[2025-06-05 15:28:59.480] [0m[0;34mAPP     :INFO :gCapSessionHandle!!!.
[2025-06-05 15:28:59.480] [0m[0;34mAPP     :INFO :@@@ gNumberOfUserinDTPCM = 2, pRangingData->no_of_measurements = 1,i=0
[2025-06-05 15:28:59.480] [0m[0;34mAPP     :INFO :Measure_NLOS = 0, Classification_NLOS =   0
[2025-06-05 15:28:59.481] [0mMaster_Distance_to_FFF7=33
[2025-06-05 15:28:59.481] [0;34mAPP     :INFO :Conten_Distance_MasterAnchor_to_FFF7=33
[2025-06-05 15:28:59.481] [0m[0;34mAPP     :INFO :Current User ( fff7 ) status is : SystemStatus = 0 , DiscoverStatus = 5 , TransactionState = 4 , AuthenticationState = 9
[2025-06-05 15:28:59.481] [0m[0;34mAPP     :INFO :@@@ User Speed is :( fff7 ) , 0 ,(cm/s)
[2025-06-05 15:28:59.482] [0m[0;34mAPP     :INFO :@ b = 33, c = 65, x = 15, y = 11
[2025-06-05 15:28:59.482] [0m[0;34mAPP     :INFO :@ a = 100, d = 100, m = 250, Gate = 100
[2025-06-05 15:28:59.482] [0m[0;34mAPP     :INFO :################################### into red area...##################################################
[2025-06-05 15:28:59.482] [0m[0;34mAPP     :INFO :Only 1 valid card detected, started transaction
[2025-06-05 15:28:59.482] [0m[0;33mAPP     :WARN : Write Card Time < 10s. Return.
[2025-06-05 15:28:59.482] [0m
[2025-06-05 15:28:59.482] [0;32mTMLUWB  :RX < :RECV                :02001700 02000002 00BBBB00 00000000 00D70006 000505FF F73E00
[2025-06-05 15:28:59.482] [0m[0;34mAPP     :INFO :gMrmSessionHandle_Test!!!
[2025-06-05 15:28:59.482] [0mMaster_Distance_to_Slave=62
[2025-06-05 15:28:59.482] [0;34mAPP     :INFO :Conten_Distance_SlaveAnchor[BBBB]_to_FFF7=62
[2025-06-05 15:28:59.482] [0m{"@POSITION": 1, "Master": 33, "Slave": 62, "Gate": 100, "nLos": 0, "idx": 0, "LiftDeep": 60, "RedAreaH": 0, "BlueAreaH": 250, "Speed":0, "User-X":15, "User-Y":11, "User-Z":0,"Auth":9, "Trans":4}
[2025-06-05 15:28:59.733] [0;32mTMLUWB  :RX < :RECV                :62000048 D8020000 01000000 00FA0000 00010000 05000001 00000000 01FFF700 001F0000 00640000 64000000 00000003 77000000 00000000 00000000 0E000000 00010300 01030000 00000000
[2025-06-05 15:28:59.733] [0m[0;34mAPP     :INFO :@@@ updateKeepAlive( ): User[1] FFF7 Keep alive = 79
[2025-06-05 15:28:59.733] [0m[0;34mAPP     :INFO :gCapSessionHandle!!!.
[2025-06-05 15:28:59.733] [0m[0;34mAPP     :INFO :@@@ gNumberOfUserinDTPCM = 2, pRangingData->no_of_measurements = 1,i=0
[2025-06-05 15:28:59.734] [0m[0;34mAPP     :INFO :Measure_NLOS = 0, Classification_NLOS =   0
[2025-06-05 15:28:59.735] [0mMaster_Distance_to_FFF7=31
[2025-06-05 15:28:59.735] [0;34mAPP     :INFO :Conten_Distance_MasterAnchor_to_FFF7=31
[2025-06-05 15:28:59.735] [0m[0;34mAPP     :INFO :Current User ( fff7 ) status is : SystemStatus = 0 , DiscoverStatus = 5 , TransactionState = 4 , AuthenticationState = 9
[2025-06-05 15:28:59.735] [0m[0;34mAPP     :INFO :@@@ User Speed is :( fff7 ) , 7 ,(cm/s)
[2025-06-05 15:28:59.735] [0m[0;34mAPP     :INFO :@ b = 31, c = 62, x = 14, y = 18
[2025-06-05 15:28:59.735] [0m[0;34mAPP     :INFO :@ a = 100, d = 100, m = 250, Gate = 100
[2025-06-05 15:28:59.736] [0m[0;34mAPP     :INFO :################################### into red area...##################################################
[2025-06-05 15:28:59.736] [0m[0;34mAPP     :INFO :Only 1 valid card detected, started transaction
[2025-06-05 15:28:59.736] [0m[0;33mAPP     :WARN : Write Card Time < 10s. Return.
[2025-06-05 15:28:59.736] [0m
[2025-06-05 15:28:59.736] [0;32mTMLUWB  :RX < :RECV                :02001700 02000002 00BBBB00 00000000 00D80006 000505FF F73F00
[2025-06-05 15:28:59.736] [0m[0;34mAPP     :INFO :gMrmSessionHandle_Test!!!
[2025-06-05 15:28:59.736] [0mMaster_Distance_to_Slave=63
[2025-06-05 15:28:59.736] [0;34mAPP     :INFO :Conten_Distance_SlaveAnchor[BBBB]_to_FFF7=63
[2025-06-05 15:28:59.736] [0m{"@POSITION": 1, "Master": 31, "Slave": 63, "Gate": 100, "nLos": 0, "idx": 0, "LiftDeep": 59, "RedAreaH": 0, "BlueAreaH": 250, "Speed":7, "User-X":14, "User-Y":18, "User-Z":0,"Auth":9, "Trans":4}
[2025-06-05 15:28:59.985] [0;32mTMLUWB  :RX < :RECV                :62000048 D9020000 01000000 00FA0000 00010000 05000001 00000000 01FFF700 00220000 00640000 64000000 00000003 7A000000 00000000 00000000 0E000000 00010300 01030000 00000000
[2025-06-05 15:28:59.986] [0m[0;34mAPP     :INFO :@@@ updateKeepAlive( ): User[1] FFF7 Keep alive = 79
[2025-06-05 15:28:59.986] [0m[0;34mAPP     :INFO :gCapSessionHandle!!!.
[2025-06-05 15:28:59.986] [0m[0;34mAPP     :INFO :@@@ gNumberOfUserinDTPCM = 2, pRangingData->no_of_measurements = 1,i=0
[2025-06-05 15:28:59.986] [0m[0;34mAPP     :INFO :Measure_NLOS = 0, Classification_NLOS =   0
[2025-06-05 15:28:59.986] [0mMaster_Distance_to_FFF7=34
[2025-06-05 15:28:59.987] [0;34mAPP     :INFO :Conten_Distance_MasterAnchor_to_FFF7=34
[2025-06-05 15:28:59.987] [0m[0;34mAPP     :INFO :Current User ( fff7 ) status is : SystemStatus = 0 , DiscoverStatus = 5 , TransactionState = 4 , AuthenticationState = 9
[2025-06-05 15:28:59.987] [0m[0;34mAPP     :INFO :@@@ User Speed is :( fff7 ) , 5 ,(cm/s)
[2025-06-05 15:28:59.987] [0m[0;34mAPP     :INFO :@ b = 34, c = 63, x = 14, y = 11
[2025-06-05 15:28:59.987] [0m[0;34mAPP     :INFO :@ a = 100, d = 100, m = 250, Gate = 100
[2025-06-05 15:28:59.988] [0m[0;34mAPP     :INFO :################################### into red area...##################################################
[2025-06-05 15:28:59.988] [0m[0;34mAPP     :INFO :Only 1 valid card detected, started transaction
[2025-06-05 15:28:59.988] [0m[0;33mAPP     :WARN : Write Card Time < 10s. Return.
[2025-06-05 15:28:59.988] [0m
[2025-06-05 15:28:59.988] [0;32mTMLUWB  :RX < :RECV                :02001700 02000002 00BBBB00 00000000 00D90006 000505FF F73E00
[2025-06-05 15:28:59.988] [0m[0;34mAPP     :INFO :gMrmSessionHandle_Test!!!
[2025-06-05 15:28:59.988] [0mMaster_Distance_to_Slave=62
[2025-06-05 15:28:59.988] [0;34mAPP     :INFO :Conten_Distance_SlaveAnchor[BBBB]_to_FFF7=62
[2025-06-05 15:28:59.988] [0m{"@POSITION": 1, "Master": 34, "Slave": 62, "Gate": 100, "nLos": 0, "idx": 0, "LiftDeep": 61, "RedAreaH": 0, "BlueAreaH": 250, "Speed":5, "User-X":14, "User-Y":11, "User-Z":0,"Auth":9, "Trans":4}
[2025-06-05 15:29:00.231] [0;32mTMLUWB  :RX < :RECV                :62000048 DA020000 01000000 00FA0000 00010000 05000001 00000000 01FFF700 00220000 00640000 64000000 00000003 79000000 00000000 00000000 0E000000 00010300 01030000 00000000
[2025-06-05 15:29:00.231] [0m[0;34mAPP     :INFO :@@@ updateKeepAlive( ): User[1] FFF7 Keep alive = 79
[2025-06-05 15:29:00.231] [0m[0;34mAPP     :INFO :gCapSessionHandle!!!.
[2025-06-05 15:29:00.231] [0m[0;34mAPP     :INFO :@@@ gNumberOfUserinDTPCM = 2, pRangingData->no_of_measurements = 1,i=0
[2025-06-05 15:29:00.231] [0m[0;34mAPP     :INFO :Measure_NLOS = 0, Classification_NLOS =   0
[2025-06-05 15:29:00.231] [0mMaster_Distance_to_FFF7=34
[2025-06-05 15:29:00.231] [0;34mAPP     :INFO :Conten_Distance_MasterAnchor_to_FFF7=34
[2025-06-05 15:29:00.233] [0m[0;34mAPP     :INFO :Current User ( fff7 ) status is : SystemStatus = 0 , DiscoverStatus = 5 , TransactionState = 4 , AuthenticationState = 9
[2025-06-05 15:29:00.234] [0m[0;34mAPP     :INFO :@@@ User Speed is :( fff7 ) , 3 ,(cm/s)
[2025-06-05 15:29:00.234] [0m[0;34mAPP     :INFO :@ b = 34, c = 62, x = 13, y = 14
[2025-06-05 15:29:00.234] [0m[0;34mAPP     :INFO :@ a = 100, d = 100, m = 250, Gate = 100
[2025-06-05 15:29:00.234] [0m[0;34mAPP     :INFO :################################### into red area...##################################################
[2025-06-05 15:29:00.234] [0m[0;34mAPP     :INFO :Only 1 valid card detected, started transaction
[2025-06-05 15:29:00.234] [0m[0;33mAPP     :WARN : Write Card Time < 10s. Return.
[2025-06-05 15:29:00.234] [0m
[2025-06-05 15:29:00.234] [0;32mTMLUWB  :RX < :RECV                :02001700 02000002 00BBBB00 00000000 00DA0006 000505FF F73D00
[2025-06-05 15:29:00.234] [0m[0;34mAPP     :INFO :gMrmSessionHandle_Test!!!
[2025-06-05 15:29:00.234] [0mMaster_Distance_to_Slave=61
[2025-06-05 15:29:00.234] [0;34mAPP     :INFO :Conten_Distance_SlaveAnchor[BBBB]_to_FFF7=61
[2025-06-05 15:29:00.234] [0m{"@POSITION": 1, "Master": 34, "Slave": 61, "Gate": 100, "nLos": 0, "idx": 0, "LiftDeep": 60, "RedAreaH": 0, "BlueAreaH": 250, "Speed":3, "User-X":13, "User-Y":14, "User-Z":0,"Auth":9, "Trans":4}
[2025-06-05 15:29:00.480] [0;32mTMLUWB  :RX < :RECV                :62000048 DB020000 01000000 00FA0000 00010000 05000001 00000000 01FFF700 00210000 00640000 64000000 00000003 78000000 00000000 00000000 0E000000 00010300 01030000 00000000
[2025-06-05 15:29:00.481] [0m[0;34mAPP     :INFO :@@@ updateKeepAlive( ): User[1] FFF7 Keep alive = 79
[2025-06-05 15:29:00.482] [0m[0;34mAPP     :INFO :gCapSessionHandle!!!.
[2025-06-05 15:29:00.483] [0m[0;34mAPP     :INFO :@@@ gNumberOfUserinDTPCM = 2, pRangingData->no_of_measurements = 1,i=0
[2025-06-05 15:29:00.483] [0m[0;34mAPP     :INFO :Measure_NLOS = 0, Classification_NLOS =   0
[2025-06-05 15:29:00.483] [0mMaster_Distance_to_FFF7=33
[2025-06-05 15:29:00.483] [0;34mAPP     :INFO :Conten_Distance_MasterAnchor_to_FFF7=33
[2025-06-05 15:29:00.483] [0m[0;34mAPP     :INFO :Current User ( fff7 ) status is : SystemStatus = 0 , DiscoverStatus = 5 , TransactionState = 4 , AuthenticationState = 9
[2025-06-05 15:29:00.483] [0m[0;34mAPP     :INFO :@@@ User Speed is :( fff7 ) , 2 ,(cm/s)
[2025-06-05 15:29:00.483] [0m[0;34mAPP     :INFO :@ b = 33, c = 61, x = 13, y = 16
[2025-06-05 15:29:00.483] [0m[0;34mAPP     :INFO :@ a = 100, d = 100, m = 250, Gate = 100
[2025-06-05 15:29:00.483] [0m[0;34mAPP     :INFO :################################### into red area...##################################################
[2025-06-05 15:29:00.483] [0m[0;34mAPP     :INFO :Only 1 valid card detected, started transaction
[2025-06-05 15:29:00.483] [0m[0;33mAPP     :WARN : Write Card Time < 10s. Return.
[2025-06-05 15:29:00.483] [0m
[2025-06-05 15:29:00.484] [0;32mTMLUWB  :RX < :RECV                :02001700 02000002 00BBBB00 00000000 00DB0006 000505FF F73D00
[2025-06-05 15:29:00.484] [0m[0;34mAPP     :INFO :gMrmSessionHandle_Test!!!
[2025-06-05 15:29:00.484] [0mMaster_Distance_to_Slave=61
[2025-06-05 15:29:00.484] [0;34mAPP     :INFO :Conten_Distance_SlaveAnchor[BBBB]_to_FFF7=61
[2025-06-05 15:29:00.484] [0m{"@POSITION": 1, "Master": 33, "Slave": 61, "Gate": 100, "nLos": 0, "idx": 0, "LiftDeep": 60, "RedAreaH": 0, "BlueAreaH": 250, "Speed":2, "User-X":13, "User-Y":16, "User-Z":0,"Auth":9, "Trans":4}
[2025-06-05 15:29:00.729] [0;32mTMLUWB  :RX < :RECV                :62000048 DC020000 01000000 00FA0000 00010000 05000001 00000000 01FFF700 00210000 00640000 64000000 00000003 78000000 00000000 00000000 0E000000 00010300 01030000 00000000
[2025-06-05 15:29:00.729] [0m[0;34mAPP     :INFO :@@@ updateKeepAlive( ): User[1] FFF7 Keep alive = 79
[2025-06-05 15:29:00.729] [0m[0;34mAPP     :INFO :gCapSessionHandle!!!.
[2025-06-05 15:29:00.730] [0m[0;34mAPP     :INFO :@@@ gNumberOfUserinDTPCM = 2, pRangingData->no_of_measurements = 1,i=0
[2025-06-05 15:29:00.731] [0m[0;34mAPP     :INFO :Measure_NLOS = 0, Classification_NLOS =   0
[2025-06-05 15:29:00.733] [0mMaster_Distance_to_FFF7=33
[2025-06-05 15:29:00.733] [0;34mAPP     :INFO :Conten_Distance_MasterAnchor_to_FFF7=33
[2025-06-05 15:29:00.733] [0m[0;34mAPP     :INFO :Current User ( fff7 ) status is : SystemStatus = 0 , DiscoverStatus = 5 , TransactionState = 4 , AuthenticationState = 9
[2025-06-05 15:29:00.733] [0m[0;34mAPP     :INFO :@@@ User Speed is :( fff7 ) , 5 ,(cm/s)
[2025-06-05 15:29:00.733] [0m[0;34mAPP     :INFO :@ b = 33, c = 61, x = 13, y = 16
[2025-06-05 15:29:00.733] [0m[0;34mAPP     :INFO :@ a = 100, d = 100, m = 250, Gate = 100
[2025-06-05 15:29:00.733] [0m[0;34mAPP     :INFO :################################### into red area...##################################################
[2025-06-05 15:29:00.733] [0m[0;34mAPP     :INFO :Only 1 valid card detected, started transaction
[2025-06-05 15:29:00.733] [0m[0;33mAPP     :WARN : Write Card Time < 10s. Return.
[2025-06-05 15:29:00.733] [0m
[2025-06-05 15:29:00.733] [0;32mTMLUWB  :RX < :RECV                :02001700 02000002 00BBBB00 00000000 00DC0006 000505FF F73D00
[2025-06-05 15:29:00.733] [0m[0;34mAPP     :INFO :gMrmSessionHandle_Test!!!
[2025-06-05 15:29:00.733] [0mMaster_Distance_to_Slave=61
[2025-06-05 15:29:00.735] [0;34mAPP     :INFO :Conten_Distance_SlaveAnchor[BBBB]_to_FFF7=61
[2025-06-05 15:29:00.735] [0m{"@POSITION": 1, "Master": 33, "Slave": 61, "Gate": 100, "nLos": 0, "idx": 0, "LiftDeep": 60, "RedAreaH": 0, "BlueAreaH": 250, "Speed":5, "User-X":13, "User-Y":16, "User-Z":0,"Auth":9, "Trans":4}
[2025-06-05 15:29:00.982] [0;32mTMLUWB  :RX < :RECV                :62000048 DD020000 01000000 00FA0000 00010000 05000001 00000000 01FFF700 00210000 00640000 64000000 00000003 78000000 00000000 00000000 0E000000 00010300 01030000 00000000
[2025-06-05 15:29:00.982] [0m[0;34mAPP     :INFO :@@@ updateKeepAlive( ): User[1] FFF7 Keep alive = 79
[2025-06-05 15:29:00.983] [0m[0;34mAPP     :INFO :gCapSessionHandle!!!.
[2025-06-05 15:29:00.983] [0m[0;34mAPP     :INFO :@@@ gNumberOfUserinDTPCM = 2, pRangingData->no_of_measurements = 1,i=0
[2025-06-05 15:29:00.983] [0m[0;34mAPP     :INFO :Measure_NLOS = 0, Classification_NLOS =   0
[2025-06-05 15:29:00.983] [0mMaster_Distance_to_FFF7=33
[2025-06-05 15:29:00.985] [0;34mAPP     :INFO :Conten_Distance_MasterAnchor_to_FFF7=33
[2025-06-05 15:29:00.985] [0m[0;34mAPP     :INFO :Current User ( fff7 ) status is : SystemStatus = 0 , DiscoverStatus = 5 , TransactionState = 4 , AuthenticationState = 9
[2025-06-05 15:29:00.985] [0m[0;34mAPP     :INFO :@@@ User Speed is :( fff7 ) , 2 ,(cm/s)
[2025-06-05 15:29:00.985] [0m[0;34mAPP     :INFO :@ b = 33, c = 61, x = 13, y = 16
[2025-06-05 15:29:00.985] [0m[0;34mAPP     :INFO :@ a = 100, d = 100, m = 250, Gate = 100
[2025-06-05 15:29:00.985] [0m[0;34mAPP     :INFO :################################### into red area...##################################################
[2025-06-05 15:29:00.985] [0m[0;34mAPP     :INFO :Only 1 valid card detected, started transaction
[2025-06-05 15:29:00.985] [0m[0;33mAPP     :WARN : Write Card Time < 10s. Return.
[2025-06-05 15:29:00.985] [0m
[2025-06-05 15:29:00.985] [0;32mTMLUWB  :RX < :RECV                :02001700 02000002 00BBBB00 00000000 00DD0006 000505FF F73E00
[2025-06-05 15:29:00.985] [0m[0;34mAPP     :INFO :gMrmSessionHandle_Test!!!
[2025-06-05 15:29:00.985] [0mMaster_Distance_to_Slave=62
[2025-06-05 15:29:00.985] [0;34mAPP     :INFO :Conten_Distance_SlaveAnchor[BBBB]_to_FFF7=62
[2025-06-05 15:29:00.985] [0m{"@POSITION": 1, "Master": 33, "Slave": 62, "Gate": 100, "nLos": 0, "idx": 0, "LiftDeep": 60, "RedAreaH": 0, "BlueAreaH": 250, "Speed":2, "User-X":13, "User-Y":16, "User-Z":0,"Auth":9, "Trans":4}
[2025-06-05 15:29:01.250] [0;32mTMLUWB  :RX < :RECV                :62000048 DE020000 01000000 00FA0000 00010000 05000001 00000000 01FFF700 001E0000 00640000 64000000 00000003 77000000 00000000 00000000 0E000000 00010300 01030000 00000000
[2025-06-05 15:29:01.253] [0m[0;34mAPP     :INFO :@@@ updateKeepAlive( ): User[1] FFF7 Keep alive = 79
[2025-06-05 15:29:01.255] [0m[0;34mAPP     :INFO :gCapSessionHandle!!!.
[2025-06-05 15:29:01.256] [0m[0;34mAPP     :INFO :@@@ gNumberOfUserinDTPCM = 2, pRangingData->no_of_measurements = 1,i=0
[2025-06-05 15:29:01.256] [0m[0;34mAPP     :INFO :Measure_NLOS = 0, Classification_NLOS =   0
[2025-06-05 15:29:01.256] [0mMaster_Distance_to_FFF7=30
[2025-06-05 15:29:01.256] [0;34mAPP     :INFO :Conten_Distance_MasterAnchor_to_FFF7=30
[2025-06-05 15:29:01.256] [0m[0;34mAPP     :INFO :Current User ( fff7 ) status is : SystemStatus = 0 , DiscoverStatus = 5 , TransactionState = 4 , AuthenticationState = 9
[2025-06-05 15:29:01.256] [0m[0;34mAPP     :INFO :@@@ User Speed is :( fff7 ) , 3 ,(cm/s)
[2025-06-05 15:29:01.256] [0m[0;34mAPP     :INFO :@ b = 30, c = 62, x = 14, y = 19
[2025-06-05 15:29:01.257] [0m[0;34mAPP     :INFO :@ a = 100, d = 100, m = 250, Gate = 100
[2025-06-05 15:29:01.257] [0m[0;34mAPP     :INFO :################################### into red area...##################################################
[2025-06-05 15:29:01.257] [0m[0;34mAPP     :INFO :Only 1 valid card detected, started transaction
[2025-06-05 15:29:01.257] [0m[0;33mAPP     :WARN : Write Card Time < 10s. Return.
[2025-06-05 15:29:01.258] [0m
[2025-06-05 15:29:01.258] [0;32mTMLUWB  :RX < :RECV                :02001700 02000002 00BBBB00 00000000 00DE0006 000505FF F73F00
[2025-06-05 15:29:01.258] [0m[0;34mAPP     :INFO :gMrmSessionHandle_Test!!!
[2025-06-05 15:29:01.258] [0mMaster_Distance_to_Slave=63
[2025-06-05 15:29:01.258] [0;34mAPP     :INFO :Conten_Distance_SlaveAnchor[BBBB]_to_FFF7=63
[2025-06-05 15:29:01.258] [0m{"@POSITION": 1, "Master": 30, "Slave": 63, "Gate": 100, "nLos": 0, "idx": 0, "LiftDeep": 59, "RedAreaH": 0, "BlueAreaH": 250, "Speed":3, "User-X":14, "User-Y":19, "User-Z":0,"Auth":9, "Trans":4}
