[2025-05-24 15:36:29.109] [0;32mTMLUWB  :RX < :RECV                :62000023 3EF40000 01000000 00FA0000 00010000 05000001 00000000 00080000 00000103 000103
[2025-05-24 15:36:29.109] [0m[0;34mAPP     :INFO :No User to r or w | SystemStatus = 0
[2025-05-24 15:36:29.109] [0m
[2025-05-24 15:36:29.357] [0;32mTMLUWB  :RX < :RECV                :62000023 3FF40000 01000000 00FA0000 00010000 05000001 00000000 00080000 00000103 000103
[2025-05-24 15:36:29.357] [0m[0;34mAPP     :INFO :No User to r or w | SystemStatus = 0
[2025-05-24 15:36:29.357] [0m
[2025-05-24 15:36:29.607] [0;32mTMLUWB  :RX < :RECV                :62000023 40F40000 01000000 00FA0000 00010000 05000001 00000000 00080000 00000103 000103
[2025-05-24 15:36:29.609] [0m[0;34mAPP     :INFO :No User to r or w | SystemStatus = 0
[2025-05-24 15:36:29.609] [0m
[2025-05-24 15:36:29.856] [0;32mTMLUWB  :RX < :RECV                :62000023 41F40000 01000000 00FA0000 00010000 05000001 00000000 00080000 00000103 000103
[2025-05-24 15:36:29.858] [0m[0;34mAPP     :INFO :No User to r or w | SystemStatus = 0
[2025-05-24 15:36:29.858] [0m
[2025-05-24 15:36:30.105] [0;32mTMLUWB  :RX < :RECV                :62000023 42F40000 01000000 00FA0000 00010000 05000001 00000000 00080000 00000103 000103
[2025-05-24 15:36:30.105] [0m[0;34mAPP     :INFO :No User to r or w | SystemStatus = 0
[2025-05-24 15:36:30.106] [0m
[2025-05-24 15:36:30.355] [0;32mTMLUWB  :RX < :RECV                :62000023 43F40000 01000000 00FA0000 00010000 05000001 00000000 00080000 00000103 000103
[2025-05-24 15:36:30.355] [0m[0;34mAPP     :INFO :No User to r or w | SystemStatus = 0
[2025-05-24 15:36:30.355] [0m
[2025-05-24 15:36:30.602] [0;32mTMLUWB  :RX < :RECV                :62000023 44F40000 01000000 00FA0000 00010000 05000001 00000000 00080000 00000103 000103
[2025-05-24 15:36:30.602] [0m[0;34mAPP     :INFO :No User to r or w | SystemStatus = 0
[2025-05-24 15:36:30.602] [0m
[2025-05-24 15:36:30.850] [0;32mTMLUWB  :RX < :RECV                :62000023 45F40000 01000000 00FA0000 00010000 05000001 00000000 00080000 00000103 000103
[2025-05-24 15:36:30.851] [0m[0;34mAPP     :INFO :No User to r or w | SystemStatus = 0
[2025-05-24 15:36:30.851] [0m
[2025-05-24 15:36:31.100] [0;32mTMLUWB  :RX < :RECV                :62000023 46F40000 01000000 00FA0000 00010000 05000001 00000000 00080000 00000103 000103
[2025-05-24 15:36:31.100] [0m[0;34mAPP     :INFO :No User to r or w | SystemStatus = 0
[2025-05-24 15:36:31.100] [0m
