[2025-05-20 17:35:56.331] [0;32mTMLUWB  :RX < :RECV                :62000023 0AA00100 01000000 00FA0000 00010000 05000001 00000000 00080000 00000103 000103
[2025-05-20 17:35:56.331] [0m[0;34mAPP     :INFO :No User to r or w | SystemStatus = 0
[2025-05-20 17:35:56.331] [0m
[2025-05-20 17:35:56.589] [0;32mTMLUWB  :RX < :RECV                :62000023 0BA00100 01000000 00FA0000 00010000 05000001 00000000 00080000 00000103 000103
[2025-05-20 17:35:56.590] [0m[0;34mAPP     :INFO :No User to r or w | SystemStatus = 0
[2025-05-20 17:35:56.590] [0m
[2025-05-20 17:35:56.832] [0;32mTMLUWB  :RX < :RECV                :62000023 0CA00100 01000000 00FA0000 00010000 05000001 00000000 00080000 00000103 000103
[2025-05-20 17:35:56.833] [0m[0;34mAPP     :INFO :No User to r or w | SystemStatus = 0
[2025-05-20 17:35:56.833] [0m
[2025-05-20 17:35:57.081] [0;32mTMLUWB  :RX < :RECV                :62000023 0DA00100 01000000 00FA0000 00010000 05000001 00000000 00080000 00000103 000103
[2025-05-20 17:35:57.081] [0m[0;34mAPP     :INFO :No User to r or w | SystemStatus = 0
[2025-05-20 17:35:57.081] [0m
[2025-05-20 17:35:57.332] [0;32mTMLUWB  :RX < :RECV                :62000023 0EA00100 01000000 00FA0000 00010000 05000001 00000000 00080000 00000103 000103
[2025-05-20 17:35:57.332] [0m[0;34mAPP     :INFO :No User to r or w | SystemStatus = 0
[2025-05-20 17:35:57.332] [0m
[2025-05-20 17:35:57.583] [0;32mTMLUWB  :RX < :RECV                :62000023 0FA00100 01000000 00FA0000 00010000 05000001 00000000 00080000 00000103 000103
[2025-05-20 17:35:57.584] [0m[0;34mAPP     :INFO :No User to r or w | SystemStatus = 0
[2025-05-20 17:35:57.584] [0m
[2025-05-20 17:35:57.832] [0;32mTMLUWB  :RX < :RECV                :62000023 10A00100 01000000 00FA0000 00010000 05000001 00000000 00080000 00000103 000103
[2025-05-20 17:35:57.832] [0m[0;34mAPP     :INFO :No User to r or w | SystemStatus = 0
[2025-05-20 17:35:57.832] [0m
[2025-05-20 17:35:58.090] [0;32mTMLUWB  :RX < :RECV                :62000023 11A00100 01000000 00FA0000 00010000 05000001 00000000 00080000 00000103 000103
[2025-05-20 17:35:58.090] [0m[0;34mAPP     :INFO :No User to r or w | SystemStatus = 0
[2025-05-20 17:35:58.090] [0m
[2025-05-20 17:35:58.340] [0;32mTMLUWB  :RX < :RECV                :62000023 12A00100 01000000 00FA0000 00010000 05000001 00000000 00080000 00000103 000103
[2025-05-20 17:35:58.340] [0m[0;34mAPP     :INFO :No User to r or w | SystemStatus = 0
[2025-05-20 17:35:58.340] [0m
[2025-05-20 17:35:58.589] [0;32mTMLUWB  :RX < :RECV                :62000023 13A00100 01000000 00FA0000 00010000 05000001 00000000 00080000 00000103 000103
[2025-05-20 17:35:58.589] [0m[0;34mAPP     :INFO :No User to r or w | SystemStatus = 0
[2025-05-20 17:35:58.589] [0m
[2025-05-20 17:35:58.830] [0;32mTMLUWB  :RX < :RECV                :62000023 14A00100 01000000 00FA0000 00010000 05000001 00000000 00080000 00000103 000103
[2025-05-20 17:35:58.830] [0m[0;34mAPP     :INFO :No User to r or w | SystemStatus = 0
[2025-05-20 17:35:58.830] [0m
[2025-05-20 17:35:59.086] [0;32mTMLUWB  :RX < :RECV                :62000023 15A00100 01000000 00FA0000 00010000 05000001 00000000 00080000 00000103 000103
[2025-05-20 17:35:59.086] [0m[0;34mAPP     :INFO :No User to r or w | SystemStatus = 0
[2025-05-20 17:35:59.086] [0m
[2025-05-20 17:35:59.340] [0;32mTMLUWB  :RX < :RECV                :62000023 16A00100 01000000 00FA0000 00010000 05000001 00000000 00080000 00000103 000103
[2025-05-20 17:35:59.340] [0m[0;34mAPP     :INFO :No User to r or w | SystemStatus = 0
[2025-05-20 17:35:59.340] [0m
[2025-05-20 17:35:59.587] [0;32mTMLUWB  :RX < :RECV                :62000023 17A00100 01000000 00FA0000 00010000 05000001 00000000 00080000 00000103 000103
[2025-05-20 17:35:59.587] [0m[0;34mAPP     :INFO :No User to r or w | SystemStatus = 0
[2025-05-20 17:35:59.587] [0m
[2025-05-20 17:35:59.831] [0;32mTMLUWB  :RX < :RECV                :62000023 18A00100 01000000 00FA0000 00010000 05000001 00000000 00080000 00000103 000103
[2025-05-20 17:35:59.832] [0m[0;34mAPP     :INFO :No User to r or w | SystemStatus = 0
[2025-05-20 17:35:59.832] [0m
[2025-05-20 17:36:00.081] [0;32mTMLUWB  :RX < :RECV                :62000023 19A00100 01000000 00FA0000 00010000 05000001 00000000 00080000 00000103 000103
[2025-05-20 17:36:00.081] [0m[0;34mAPP     :INFO :No User to r or w | SystemStatus = 0
[2025-05-20 17:36:00.081] [0m
[2025-05-20 17:36:00.340] [0;32mTMLUWB  :RX < :RECV                :62000023 1AA00100 01000000 00FA0000 00010000 05000001 00000000 00080000 00000103 000103
[2025-05-20 17:36:00.340] [0m[0;34mAPP     :INFO :No User to r or w | SystemStatus = 0
[2025-05-20 17:36:00.340] [0m
[2025-05-20 17:36:00.582] [0;32mTMLUWB  :RX < :RECV                :62000023 1BA00100 01000000 00FA0000 00010000 05000001 00000000 00080000 00000103 000103
[2025-05-20 17:36:00.582] [0m[0;34mAPP     :INFO :No User to r or w | SystemStatus = 0
[2025-05-20 17:36:00.582] [0m
[2025-05-20 17:36:00.833] [0;32mTMLUWB  :RX < :RECV                :62000023 1CA00100 01000000 00FA0000 00010000 05000001 00000000 00080000 00000103 000103
[2025-05-20 17:36:00.833] [0m[0;34mAPP     :INFO :No User to r or w | SystemStatus = 0
[2025-05-20 17:36:00.833] [0m
[2025-05-20 17:36:01.086] [0;32mTMLUWB  :RX < :RECV                :62000023 1DA00100 01000000 00FA0000 00010000 05000001 00000000 00080000 00000103 000103
[2025-05-20 17:36:01.086] [0m[0;34mAPP     :INFO :No User to r or w | SystemStatus = 0
[2025-05-20 17:36:01.087] [0m
[2025-05-20 17:36:01.335] [0;32mTMLUWB  :RX < :RECV                :62000023 1EA00100 01000000 00FA0000 00010000 05000001 00000000 00080000 00000103 000103
[2025-05-20 17:36:01.335] [0m[0;34mAPP     :INFO :No User to r or w | SystemStatus = 0
[2025-05-20 17:36:01.335] [0m
[2025-05-20 17:36:01.583] [0;32mTMLUWB  :RX < :RECV                :62000023 1FA00100 01000000 00FA0000 00010000 05000001 00000000 00080000 00000103 000103
[2025-05-20 17:36:01.583] [0m[0;34mAPP     :INFO :No User to r or w | SystemStatus = 0
[2025-05-20 17:36:01.585] [0m
[2025-05-20 17:36:01.837] [0;32mTMLUWB  :RX < :RECV                :62000023 20A00100 01000000 00FA0000 00010000 05000001 00000000 00080000 00000103 000103
[2025-05-20 17:36:01.837] [0m[0;34mAPP     :INFO :No User to r or w | SystemStatus = 0
[2025-05-20 17:36:01.837] [0m
[2025-05-20 17:36:02.085] [0;32mTMLUWB  :RX < :RECV                :62000023 21A00100 01000000 00FA0000 00010000 05000001 00000000 00080000 00000103 000103
[2025-05-20 17:36:02.085] [0m[0;34mAPP     :INFO :No User to r or w | SystemStatus = 0
[2025-05-20 17:36:02.085] [0m
[2025-05-20 17:36:02.332] [0;32mTMLUWB  :RX < :RECV                :62000023 22A00100 01000000 00FA0000 00010000 05000001 00000000 00080000 00000103 000103
[2025-05-20 17:36:02.332] [0m[0;34mAPP     :INFO :No User to r or w | SystemStatus = 0
[2025-05-20 17:36:02.332] [0m
[2025-05-20 17:36:02.585] [0;32mTMLUWB  :RX < :RECV                :62000023 23A00100 01000000 00FA0000 00010000 05000001 00000000 00080000 00000103 000103
[2025-05-20 17:36:02.586] [0m[0;34mAPP     :INFO :No User to r or w | SystemStatus = 0
[2025-05-20 17:36:02.586] [0m
[2025-05-20 17:36:02.840] [0;32mTMLUWB  :RX < :RECV                :62000023 24A00100 01000000 00FA0000 00010000 05000001 00000000 00080000 00000103 000103
[2025-05-20 17:36:02.840] [0m[0;34mAPP     :INFO :No User to r or w | SystemStatus = 0
[2025-05-20 17:36:02.840] [0m
[2025-05-20 17:36:03.089] [0;32mTMLUWB  :RX < :RECV                :62000023 25A00100 01000000 00FA0000 00010000 05000001 00000000 00080000 00000103 000103
[2025-05-20 17:36:03.090] [0m[0;34mAPP     :INFO :No User to r or w | SystemStatus = 0
[2025-05-20 17:36:03.090] [0m
[2025-05-20 17:36:03.332] [0;32mTMLUWB  :RX < :RECV                :62000023 26A00100 01000000 00FA0000 00010000 05000001 00000000 00080000 00000103 000103
[2025-05-20 17:36:03.332] [0m[0;34mAPP     :INFO :No User to r or w | SystemStatus = 0
[2025-05-20 17:36:03.332] [0m
[2025-05-20 17:36:03.590] [0;32mTMLUWB  :RX < :RECV                :62000023 27A00100 01000000 00FA0000 00010000 05000001 00000000 00080000 00000103 000103
[2025-05-20 17:36:03.590] [0m[0;34mAPP     :INFO :No User to r or w | SystemStatus = 0
[2025-05-20 17:36:03.590] [0m
[2025-05-20 17:36:03.835] [0;32mTMLUWB  :RX < :RECV                :62000023 28A00100 01000000 00FA0000 00010000 05000001 00000000 00080000 00000103 000103
[2025-05-20 17:36:03.835] [0m[0;34mAPP     :INFO :No User to r or w | SystemStatus = 0
[2025-05-20 17:36:03.835] [0m
[2025-05-20 17:36:04.085] [0;32mTMLUWB  :RX < :RECV                :62000023 29A00100 01000000 00FA0000 00010000 05000001 00000000 00080000 00000103 000103
[2025-05-20 17:36:04.085] [0m[0;34mAPP     :INFO :No User to r or w | SystemStatus = 0
[2025-05-20 17:36:04.085] [0m
[2025-05-20 17:36:04.336] [0;32mTMLUWB  :RX < :RECV                :62000023 2AA00100 01000000 00FA0000 00010000 05000001 00000000 00080000 00000103 000103
[2025-05-20 17:36:04.337] [0m[0;34mAPP     :INFO :No User to r or w | SystemStatus = 0
[2025-05-20 17:36:04.337] [0m
[2025-05-20 17:36:04.588] [0;32mTMLUWB  :RX < :RECV                :62000023 2BA00100 01000000 00FA0000 00010000 05000001 00000000 00080000 00000103 000103
[2025-05-20 17:36:04.588] [0m[0;34mAPP     :INFO :No User to r or w | SystemStatus = 0
[2025-05-20 17:36:04.588] [0m
[2025-05-20 17:36:04.833] [0;32mTMLUWB  :RX < :RECV                :62000023 2CA00100 01000000 00FA0000 00010000 05000001 00000000 00080000 00000103 000103
[2025-05-20 17:36:04.833] [0m[0;34mAPP     :INFO :No User to r or w | SystemStatus = 0
[2025-05-20 17:36:04.833] [0m
[2025-05-20 17:36:05.085] [0;32mTMLUWB  :RX < :RECV                :62000023 2DA00100 01000000 00FA0000 00010000 05000001 00000000 00080000 00000103 000103
[2025-05-20 17:36:05.085] [0m[0;34mAPP     :INFO :No User to r or w | SystemStatus = 0
[2025-05-20 17:36:05.085] [0m
[2025-05-20 17:36:05.341] [0;32mTMLUWB  :RX < :RECV                :62000023 2EA00100 01000000 00FA0000 00010000 05000001 00000000 00080000 00000103 000103
[2025-05-20 17:36:05.341] [0m[0;34mAPP     :INFO :No User to r or w | SystemStatus = 0
[2025-05-20 17:36:05.341] [0m
[2025-05-20 17:36:05.591] [0;32mTMLUWB  :RX < :RECV                :62000023 2FA00100 01000000 00FA0000 00010000 05000001 00000000 00080000 00000103 000103
[2025-05-20 17:36:05.591] [0m[0;34mAPP     :INFO :No User to r or w | SystemStatus = 0
[2025-05-20 17:36:05.591] [0m
[2025-05-20 17:36:05.831] [0;32mTMLUWB  :RX < :RECV                :62000023 30A00100 01000000 00FA0000 00010000 05000001 00000000 00080000 00000103 000103
[2025-05-20 17:36:05.831] [0m[0;34mAPP     :INFO :No User to r or w | SystemStatus = 0
[2025-05-20 17:36:05.831] [0m
[2025-05-20 17:36:06.090] [0;32mTMLUWB  :RX < :RECV                :62000023 31A00100 01000000 00FA0000 00010000 05000001 00000000 00080000 00000103 000103
[2025-05-20 17:36:06.091] [0m[0;34mAPP     :INFO :No User to r or w | SystemStatus = 0
[2025-05-20 17:36:06.091] [0m
[2025-05-20 17:36:06.337] [0;32mTMLUWB  :RX < :RECV                :62000023 32A00100 01000000 00FA0000 00010000 05000001 00000000 00080000 00000103 000103
[2025-05-20 17:36:06.337] [0m[0;34mAPP     :INFO :No User to r or w | SystemStatus = 0
[2025-05-20 17:36:06.337] [0m
[2025-05-20 17:36:06.588] [0;32mTMLUWB  :RX < :RECV                :62000023 33A00100 01000000 00FA0000 00010000 05000001 00000000 00080000 00000103 000103
[2025-05-20 17:36:06.589] [0m[0;34mAPP     :INFO :No User to r or w | SystemStatus = 0
[2025-05-20 17:36:06.589] [0m
[2025-05-20 17:36:06.837] [0;32mTMLUWB  :RX < :RECV                :62000023 34A00100 01000000 00FA0000 00010000 05000001 00000000 00080000 00000103 000103
[2025-05-20 17:36:06.838] [0m[0;34mAPP     :INFO :No User to r or w | SystemStatus = 0
[2025-05-20 17:36:06.838] [0m
[2025-05-20 17:36:07.085] [0;32mTMLUWB  :RX < :RECV                :62000023 35A00100 01000000 00FA0000 00010000 05000001 00000000 00080000 00000103 000103
[2025-05-20 17:36:07.085] [0m[0;34mAPP     :INFO :No User to r or w | SystemStatus = 0
[2025-05-20 17:36:07.085] [0m
[2025-05-20 17:36:07.335] [0;32mTMLUWB  :RX < :RECV                :62000023 36A00100 01000000 00FA0000 00010000 05000001 00000000 00080000 00000103 000103
[2025-05-20 17:36:07.336] [0m[0;34mAPP     :INFO :No User to r or w | SystemStatus = 0
[2025-05-20 17:36:07.336] [0m
[2025-05-20 17:36:07.580] [0;32mTMLUWB  :RX < :RECV                :62000023 37A00100 01000000 00FA0000 00010000 05000001 00000000 00080000 00000103 000103
[2025-05-20 17:36:07.580] [0m[0;34mAPP     :INFO :No User to r or w | SystemStatus = 0
[2025-05-20 17:36:07.580] [0m
[2025-05-20 17:36:07.841] [0;32mTMLUWB  :RX < :RECV                :62000023 38A00100 01000000 00FA0000 00010000 05000001 00000000 00080000 00000103 000103
[2025-05-20 17:36:07.841] [0m[0;34mAPP     :INFO :No User to r or w | SystemStatus = 0
[2025-05-20 17:36:07.841] [0m
[2025-05-20 17:36:08.090] [0;32mTMLUWB  :RX < :RECV                :62000023 39A00100 01000000 00FA0000 00010000 05000001 00000000 00080000 00000103 000103
[2025-05-20 17:36:08.090] [0m[0;34mAPP     :INFO :No User to r or w | SystemStatus = 0
[2025-05-20 17:36:08.090] [0m
[2025-05-20 17:36:08.336] [0;32mTMLUWB  :RX < :RECV                :62000023 3AA00100 01000000 00FA0000 00010000 05000001 00000000 00080000 00000103 000103
[2025-05-20 17:36:08.336] [0m[0;34mAPP     :INFO :No User to r or w | SystemStatus = 0
[2025-05-20 17:36:08.336] [0m
[2025-05-20 17:36:08.587] [0;32mTMLUWB  :RX < :RECV                :62000023 3BA00100 01000000 00FA0000 00010000 05000001 00000000 00080000 00000103 000103
[2025-05-20 17:36:08.587] [0m[0;34mAPP     :INFO :No User to r or w | SystemStatus = 0
[2025-05-20 17:36:08.587] [0m
[2025-05-20 17:36:08.834] [0;32mTMLUWB  :RX < :RECV                :62000023 3CA00100 01000000 00FA0000 00010000 05000001 00000000 00080000 00000103 000103
[2025-05-20 17:36:08.851] [0m[0;34mAPP     :INFO :No User to r or w | SystemStatus = 0
[2025-05-20 17:36:08.851] [0m
[2025-05-20 17:36:09.089] [0;32mTMLUWB  :RX < :RECV                :62000023 3DA00100 01000000 00FA0000 00010000 05000001 00000000 00080000 00000103 000103
[2025-05-20 17:36:09.089] [0m[0;34mAPP     :INFO :No User to r or w | SystemStatus = 0
[2025-05-20 17:36:09.089] [0m
[2025-05-20 17:36:09.331] [0;32mTMLUWB  :RX < :RECV                :62000023 3EA00100 01000000 00FA0000 00010000 05000001 00000000 00080000 00000103 000103
[2025-05-20 17:36:09.331] [0m[0;34mAPP     :INFO :No User to r or w | SystemStatus = 0
[2025-05-20 17:36:09.331] [0m
[2025-05-20 17:36:09.586] [0;32mTMLUWB  :RX < :RECV                :62000023 3FA00100 01000000 00FA0000 00010000 05000001 00000000 00080000 00000103 000103
[2025-05-20 17:36:09.586] [0m[0;34mAPP     :INFO :No User to r or w | SystemStatus = 0
[2025-05-20 17:36:09.586] [0m
[2025-05-20 17:36:09.832] [0;32mTMLUWB  :RX < :RECV                :62000023 40A00100 01000000 00FA0000 00010000 05000001 00000000 00080000 00000103 000103
[2025-05-20 17:36:09.832] [0m[0;34mAPP     :INFO :No User to r or w | SystemStatus = 0
[2025-05-20 17:36:09.833] [0m
[2025-05-20 17:36:10.087] [0;32mTMLUWB  :RX < :RECV                :62000023 41A00100 01000000 00FA0000 00010000 05000001 00000000 00080000 00000103 000103
[2025-05-20 17:36:10.087] [0m[0;34mAPP     :INFO :No User to r or w | SystemStatus = 0
[2025-05-20 17:36:10.087] [0m
[2025-05-20 17:36:10.335] [0;32mTMLUWB  :RX < :RECV                :62000023 42A00100 01000000 00FA0000 00010000 05000001 00000000 00080000 00000103 000103
[2025-05-20 17:36:10.335] [0m[0;34mAPP     :INFO :No User to r or w | SystemStatus = 0
[2025-05-20 17:36:10.335] [0m
[2025-05-20 17:36:10.588] [0;32mTMLUWB  :RX < :RECV                :62000023 43A00100 01000000 00FA0000 00010000 05000001 00000000 00080000 00000103 000103
[2025-05-20 17:36:10.588] [0m[0;34mAPP     :INFO :No User to r or w | SystemStatus = 0
[2025-05-20 17:36:10.588] [0m
[2025-05-20 17:36:10.839] [0;32mTMLUWB  :RX < :RECV                :62000023 44A00100 01000000 00FA0000 00010000 05000001 00000000 00080000 00000103 000103
[2025-05-20 17:36:10.841] [0m[0;34mAPP     :INFO :No User to r or w | SystemStatus = 0
[2025-05-20 17:36:10.841] [0m
[2025-05-20 17:36:11.084] [0;32mTMLUWB  :RX < :RECV                :62000023 45A00100 01000000 00FA0000 00010000 05000001 00000000 00080000 00000103 000103
[2025-05-20 17:36:11.085] [0m[0;34mAPP     :INFO :No User to r or w | SystemStatus = 0
[2025-05-20 17:36:11.085] [0m
[2025-05-20 17:36:11.335] [0;32mTMLUWB  :RX < :RECV                :62000023 46A00100 01000000 00FA0000 00010000 05000001 00000000 00080000 00000103 000103
[2025-05-20 17:36:11.335] [0m[0;34mAPP     :INFO :No User to r or w | SystemStatus = 0
[2025-05-20 17:36:11.335] [0m
[2025-05-20 17:36:11.583] [0;32mTMLUWB  :RX < :RECV                :62000023 47A00100 01000000 00FA0000 00010000 05000001 00000000 00080000 00000103 000103
[2025-05-20 17:36:11.583] [0m[0;34mAPP     :INFO :No User to r or w | SystemStatus = 0
[2025-05-20 17:36:11.585] [0m
[2025-05-20 17:36:11.836] [0;32mTMLUWB  :RX < :RECV                :62000023 48A00100 01000000 00FA0000 00010000 05000001 00000000 00080000 00000103 000103
[2025-05-20 17:36:11.836] [0m[0;34mAPP     :INFO :No User to r or w | SystemStatus = 0
[2025-05-20 17:36:11.836] [0m
[2025-05-20 17:36:12.085] [0;32mTMLUWB  :RX < :RECV                :62000023 49A00100 01000000 00FA0000 00010000 05000001 00000000 00080000 00000103 000103
[2025-05-20 17:36:12.085] [0m[0;34mAPP     :INFO :No User to r or w | SystemStatus = 0
[2025-05-20 17:36:12.085] [0m
[2025-05-20 17:36:12.337] [0;32mTMLUWB  :RX < :RECV                :62000023 4AA00100 01000000 00FA0000 00010000 05000001 00000000 00080000 00000103 000103
[2025-05-20 17:36:12.337] [0m[0;34mAPP     :INFO :No User to r or w | SystemStatus = 0
[2025-05-20 17:36:12.337] [0m
[2025-05-20 17:36:12.594] [0;32mTMLUWB  :RX < :RECV                :62000023 4BA00100 01000000 00FA0000 00010000 05000001 00000000 00080000 00000103 000103
[2025-05-20 17:36:12.594] [0m[0;34mAPP     :INFO :No User to r or w | SystemStatus = 0
[2025-05-20 17:36:12.595] [0m
[2025-05-20 17:36:12.841] [0;32mTMLUWB  :RX < :RECV                :62000023 4CA00100 01000000 00FA0000 00010000 05000001 00000000 00080000 00000103 000103
[2025-05-20 17:36:12.841] [0m[0;34mAPP     :INFO :No User to r or w | SystemStatus = 0
[2025-05-20 17:36:12.841] [0m
[2025-05-20 17:36:13.084] [0;32mTMLUWB  :RX < :RECV                :62000023 4DA00100 01000000 00FA0000 00010000 05000001 00000000 00080000 00000103 000103
[2025-05-20 17:36:13.086] [0m[0;34mAPP     :INFO :No User to r or w | SystemStatus = 0
[2025-05-20 17:36:13.086] [0m
[2025-05-20 17:36:13.334] [0;32mTMLUWB  :RX < :RECV                :62000023 4EA00100 01000000 00FA0000 00010000 05000001 00000000 00080000 00000103 000103
[2025-05-20 17:36:13.334] [0m[0;34mAPP     :INFO :No User to r or w | SystemStatus = 0
[2025-05-20 17:36:13.334] [0m
[2025-05-20 17:36:13.586] [0;32mTMLUWB  :RX < :RECV                :62000023 4FA00100 01000000 00FA0000 00010000 05000001 00000000 00080000 00000103 000103
[2025-05-20 17:36:13.586] [0m[0;34mAPP     :INFO :No User to r or w | SystemStatus = 0
[2025-05-20 17:36:13.586] [0m
[2025-05-20 17:36:13.833] [0;32mTMLUWB  :RX < :RECV                :62000023 50A00100 01000000 00FA0000 00010000 05000001 00000000 00080000 00000103 000103
[2025-05-20 17:36:13.833] [0m[0;34mAPP     :INFO :No User to r or w | SystemStatus = 0
[2025-05-20 17:36:13.833] [0m
[2025-05-20 17:36:14.081] [0;32mTMLUWB  :RX < :RECV                :62000023 51A00100 01000000 00FA0000 00010000 05000001 00000000 00080000 00000103 000103
[2025-05-20 17:36:14.081] [0m[0;34mAPP     :INFO :No User to r or w | SystemStatus = 0
[2025-05-20 17:36:14.081] [0m
[2025-05-20 17:36:14.334] [0;32mTMLUWB  :RX < :RECV                :62000023 52A00100 01000000 00FA0000 00010000 05000001 00000000 00080000 00000103 000103
[2025-05-20 17:36:14.334] [0m[0;34mAPP     :INFO :No User to r or w | SystemStatus = 0
[2025-05-20 17:36:14.335] [0m
[2025-05-20 17:36:14.583] [0;32mTMLUWB  :RX < :RECV                :62000023 53A00100 01000000 00FA0000 00010000 05000001 00000000 00080000 00000103 000103
[2025-05-20 17:36:14.583] [0m[0;34mAPP     :INFO :No User to r or w | SystemStatus = 0
[2025-05-20 17:36:14.583] [0m
[2025-05-20 17:36:14.838] [0;32mTMLUWB  :RX < :RECV                :62000023 54A00100 01000000 00FA0000 00010000 05000001 00000000 00080000 00000103 000103
[2025-05-20 17:36:14.838] [0m[0;34mAPP     :INFO :No User to r or w | SystemStatus = 0
[2025-05-20 17:36:14.838] [0m
[2025-05-20 17:36:15.087] [0;32mTMLUWB  :RX < :RECV                :62000023 55A00100 01000000 00FA0000 00010000 05000001 00000000 00080000 00000103 000103
[2025-05-20 17:36:15.088] [0m[0;34mAPP     :INFO :No User to r or w | SystemStatus = 0
[2025-05-20 17:36:15.088] [0m
[2025-05-20 17:36:15.337] [0;32mTMLUWB  :RX < :RECV                :62000023 56A00100 01000000 00FA0000 00010000 05000001 00000000 00080000 00000103 000103
[2025-05-20 17:36:15.337] [0m[0;34mAPP     :INFO :No User to r or w | SystemStatus = 0
[2025-05-20 17:36:15.337] [0m
[2025-05-20 17:36:15.589] [0;32mTMLUWB  :RX < :RECV                :62000023 57A00100 01000000 00FA0000 00010000 05000001 00000000 00080000 00000103 000103
[2025-05-20 17:36:15.589] [0m[0;34mAPP     :INFO :No User to r or w | SystemStatus = 0
[2025-05-20 17:36:15.589] [0m
[2025-05-20 17:36:15.836] [0;32mTMLUWB  :RX < :RECV                :62000023 58A00100 01000000 00FA0000 00010000 05000001 00000000 00080000 00000103 000103
[2025-05-20 17:36:15.836] [0m[0;34mAPP     :INFO :No User to r or w | SystemStatus = 0
[2025-05-20 17:36:15.836] [0m
[2025-05-20 17:36:16.087] [0;32mTMLUWB  :RX < :RECV                :62000023 59A00100 01000000 00FA0000 00010000 05000001 00000000 00080000 00000103 000103
[2025-05-20 17:36:16.088] [0m[0;34mAPP     :INFO :No User to r or w | SystemStatus = 0
[2025-05-20 17:36:16.088] [0m
[2025-05-20 17:36:16.337] [0;32mTMLUWB  :RX < :RECV                :62000023 5AA00100 01000000 00FA0000 00010000 05000001 00000000 00080000 00000103 000103
[2025-05-20 17:36:16.337] [0m[0;34mAPP     :INFO :No User to r or w | SystemStatus = 0
[2025-05-20 17:36:16.337] [0m
[2025-05-20 17:36:16.587] [0;32mTMLUWB  :RX < :RECV                :62000023 5BA00100 01000000 00FA0000 00010000 05000001 00000000 00080000 00000103 000103
[2025-05-20 17:36:16.587] [0m[0;34mAPP     :INFO :No User to r or w | SystemStatus = 0
[2025-05-20 17:36:16.587] [0m
[2025-05-20 17:36:16.840] [0;32mTMLUWB  :RX < :RECV                :62000023 5CA00100 01000000 00FA0000 00010000 05000001 00000000 00080000 00000103 000103
[2025-05-20 17:36:16.840] [0m[0;34mAPP     :INFO :No User to r or w | SystemStatus = 0
[2025-05-20 17:36:16.840] [0m
[2025-05-20 17:36:17.083] [0;32mTMLUWB  :RX < :RECV                :62000023 5DA00100 01000000 00FA0000 00010000 05000001 00000000 00080000 00000103 000103
[2025-05-20 17:36:17.083] [0m[0;34mAPP     :INFO :No User to r or w | SystemStatus = 0
[2025-05-20 17:36:17.085] [0m
[2025-05-20 17:36:17.334] [0;32mTMLUWB  :RX < :RECV                :62000023 5EA00100 01000000 00FA0000 00010000 05000001 00000000 00080000 00000103 000103
[2025-05-20 17:36:17.334] [0m[0;34mAPP     :INFO :No User to r or w | SystemStatus = 0
[2025-05-20 17:36:17.334] [0m
[2025-05-20 17:36:17.585] [0;32mTMLUWB  :RX < :RECV                :62000023 5FA00100 01000000 00FA0000 00010000 05000001 00000000 00080000 00000103 000103
[2025-05-20 17:36:17.585] [0m[0;34mAPP     :INFO :No User to r or w | SystemStatus = 0
[2025-05-20 17:36:17.585] [0m
[2025-05-20 17:36:17.831] [0;32mTMLUWB  :RX < :RECV                :62000023 60A00100 01000000 00FA0000 00010000 05000001 00000000 00080000 00000103 000103
[2025-05-20 17:36:17.831] [0m[0;34mAPP     :INFO :No User to r or w | SystemStatus = 0
[2025-05-20 17:36:17.831] [0m
[2025-05-20 17:36:18.081] [0;32mTMLUWB  :RX < :RECV                :62000023 61A00100 01000000 00FA0000 00010000 05000001 00000000 00080000 00000103 000103
[2025-05-20 17:36:18.081] [0m[0;34mAPP     :INFO :No User to r or w | SystemStatus = 0
[2025-05-20 17:36:18.081] [0m
[2025-05-20 17:36:18.337] [0;32mTMLUWB  :RX < :RECV                :62000023 62A00100 01000000 00FA0000 00010000 05000001 00000000 00080000 00000103 000103
[2025-05-20 17:36:18.338] [0m[0;34mAPP     :INFO :No User to r or w | SystemStatus = 0
[2025-05-20 17:36:18.338] [0m
[2025-05-20 17:36:18.584] [0;32mTMLUWB  :RX < :RECV                :62000023 63A00100 01000000 00FA0000 00010000 05000001 00000000 00080000 00000103 000103
[2025-05-20 17:36:18.586] [0m[0;34mAPP     :INFO :No User to r or w | SystemStatus = 0
[2025-05-20 17:36:18.586] [0m
[2025-05-20 17:36:18.830] [0;32mTMLUWB  :RX < :RECV                :62000023 64A00100 01000000 00FA0000 00010000 05000001 00000000 00080000 00000103 000103
[2025-05-20 17:36:18.831] [0m[0;34mAPP     :INFO :No User to r or w | SystemStatus = 0
[2025-05-20 17:36:18.831] [0m
[2025-05-20 17:36:19.089] [0;32mTMLUWB  :RX < :RECV                :62000023 65A00100 01000000 00FA0000 00010000 05000001 00000000 00080000 00000103 000103
[2025-05-20 17:36:19.089] [0m[0;34mAPP     :INFO :No User to r or w | SystemStatus = 0
[2025-05-20 17:36:19.089] [0m
[2025-05-20 17:36:19.340] [0;32mTMLUWB  :RX < :RECV                :62000023 66A00100 01000000 00FA0000 00010000 05000001 00000000 00080000 00000103 000103
[2025-05-20 17:36:19.340] [0m[0;34mAPP     :INFO :No User to r or w | SystemStatus = 0
[2025-05-20 17:36:19.340] [0m
[2025-05-20 17:36:19.581] [0;32mTMLUWB  :RX < :RECV                :62000023 67A00100 01000000 00FA0000 00010000 05000001 00000000 00080000 00000103 000103
[2025-05-20 17:36:19.582] [0m[0;34mAPP     :INFO :No User to r or w | SystemStatus = 0
[2025-05-20 17:36:19.582] [0m
[2025-05-20 17:36:19.833] [0;32mTMLUWB  :RX < :RECV                :62000023 68A00100 01000000 00FA0000 00010000 05000001 00000000 00080000 00000103 000103
[2025-05-20 17:36:19.833] [0m[0;34mAPP     :INFO :No User to r or w | SystemStatus = 0
[2025-05-20 17:36:19.833] [0m
[2025-05-20 17:36:20.081] [0;32mTMLUWB  :RX < :RECV                :62000023 69A00100 01000000 00FA0000 00010000 05000001 00000000 00080000 00000103 000103
[2025-05-20 17:36:20.081] [0m[0;34mAPP     :INFO :No User to r or w | SystemStatus = 0
[2025-05-20 17:36:20.081] [0m
[2025-05-20 17:36:20.330] [0;32mTMLUWB  :RX < :RECV                :62000023 6AA00100 01000000 00FA0000 00010000 05000001 00000000 00080000 00000103 000103
[2025-05-20 17:36:20.331] [0m[0;34mAPP     :INFO :No User to r or w | SystemStatus = 0
[2025-05-20 17:36:20.331] [0m
[2025-05-20 17:36:20.589] [0;32mTMLUWB  :RX < :RECV                :62000023 6BA00100 01000000 00FA0000 00010000 05000001 00000000 00080000 00000103 000103
[2025-05-20 17:36:20.589] [0m[0;34mAPP     :INFO :No User to r or w | SystemStatus = 0
[2025-05-20 17:36:20.589] [0m
[2025-05-20 17:36:20.830] [0;32mTMLUWB  :RX < :RECV                :62000023 6CA00100 01000000 00FA0000 00010000 05000001 00000000 00080000 00000103 000103
[2025-05-20 17:36:20.830] [0m[0;34mAPP     :INFO :No User to r or w | SystemStatus = 0
[2025-05-20 17:36:20.830] [0m
[2025-05-20 17:36:21.080] [0;32mTMLUWB  :RX < :RECV                :62000023 6DA00100 01000000 00FA0000 00010000 05000001 00000000 00080000 00000103 000103
[2025-05-20 17:36:21.081] [0m[0;34mAPP     :INFO :No User to r or w | SystemStatus = 0
[2025-05-20 17:36:21.081] [0m
[2025-05-20 17:36:21.339] [0;32mTMLUWB  :RX < :RECV                :62000023 6EA00100 01000000 00FA0000 00010000 05000001 00000000 00080000 00000103 000103
[2025-05-20 17:36:21.339] [0m[0;34mAPP     :INFO :No User to r or w | SystemStatus = 0
[2025-05-20 17:36:21.339] [0m
[2025-05-20 17:36:21.589] [0;32mTMLUWB  :RX < :RECV                :62000023 6FA00100 01000000 00FA0000 00010000 05000001 00000000 00080000 00000103 000103
[2025-05-20 17:36:21.589] [0m[0;34mAPP     :INFO :No User to r or w | SystemStatus = 0
[2025-05-20 17:36:21.589] [0m
[2025-05-20 17:36:21.840] [0;32mTMLUWB  :RX < :RECV                :62000023 70A00100 01000000 00FA0000 00010000 05000001 00000000 00080000 00000103 000103
[2025-05-20 17:36:21.840] [0m[0;34mAPP     :INFO :No User to r or w | SystemStatus = 0
[2025-05-20 17:36:21.840] [0m
[2025-05-20 17:36:22.085] [0;32mTMLUWB  :RX < :RECV                :62000023 71A00100 01000000 00FA0000 00010000 05000001 00000000 00080000 00000103 000103
[2025-05-20 17:36:22.085] [0m[0;34mAPP     :INFO :No User to r or w | SystemStatus = 0
[2025-05-20 17:36:22.085] [0m
[2025-05-20 17:36:22.333] [0;32mTMLUWB  :RX < :RECV                :62000023 72A00100 01000000 00FA0000 00010000 05000001 00000000 00080000 00000103 000103
[2025-05-20 17:36:22.334] [0m[0;34mAPP     :INFO :No User to r or w | SystemStatus = 0
[2025-05-20 17:36:22.334] [0m
[2025-05-20 17:36:22.590] [0;32mTMLUWB  :RX < :RECV                :62000023 73A00100 01000000 00FA0000 00010000 05000001 00000000 00080000 00000103 000103
[2025-05-20 17:36:22.590] [0m[0;34mAPP     :INFO :No User to r or w | SystemStatus = 0
[2025-05-20 17:36:22.590] [0m
[2025-05-20 17:36:22.836] [0;32mTMLUWB  :RX < :RECV                :62000023 74A00100 01000000 00FA0000 00010000 05000001 00000000 00080000 00000103 000103
[2025-05-20 17:36:22.836] [0m[0;34mAPP     :INFO :No User to r or w | SystemStatus = 0
[2025-05-20 17:36:22.836] [0m
[2025-05-20 17:36:23.087] [0;32mTMLUWB  :RX < :RECV                :62000023 75A00100 01000000 00FA0000 00010000 05000001 00000000 00080000 00000103 000103
[2025-05-20 17:36:23.087] [0m[0;34mAPP     :INFO :No User to r or w | SystemStatus = 0
[2025-05-20 17:36:23.087] [0m
[2025-05-20 17:36:23.334] [0;32mTMLUWB  :RX < :RECV                :62000023 76A00100 01000000 00FA0000 00010000 05000001 00000000 00080000 00000103 000103
[2025-05-20 17:36:23.334] [0m[0;34mAPP     :INFO :No User to r or w | SystemStatus = 0
[2025-05-20 17:36:23.334] [0m
[2025-05-20 17:36:23.586] [0;32mTMLUWB  :RX < :RECV                :62000023 77A00100 01000000 00FA0000 00010000 05000001 00000000 00080000 00000103 000103
[2025-05-20 17:36:23.586] [0m[0;34mAPP     :INFO :No User to r or w | SystemStatus = 0
[2025-05-20 17:36:23.586] [0m
[2025-05-20 17:36:23.836] [0;32mTMLUWB  :RX < :RECV                :62000023 78A00100 01000000 00FA0000 00010000 05000001 00000000 00080000 00000103 000103
[2025-05-20 17:36:23.836] [0m[0;34mAPP     :INFO :No User to r or w | SystemStatus = 0
[2025-05-20 17:36:23.837] [0m
[2025-05-20 17:36:24.080] [0;32mTMLUWB  :RX < :RECV                :62000023 79A00100 01000000 00FA0000 00010000 05000001 00000000 00080000 00000103 000103
[2025-05-20 17:36:24.080] [0m[0;34mAPP     :INFO :No User to r or w | SystemStatus = 0
[2025-05-20 17:36:24.080] [0m
[2025-05-20 17:36:24.338] [0;32mTMLUWB  :RX < :RECV                :62000023 7AA00100 01000000 00FA0000 00010000 05000001 00000000 00080000 00000103 000103
[2025-05-20 17:36:24.338] [0m[0;34mAPP     :INFO :No User to r or w | SystemStatus = 0
[2025-05-20 17:36:24.338] [0m
[2025-05-20 17:36:24.589] [0;32mTMLUWB  :RX < :RECV                :62000023 7BA00100 01000000 00FA0000 00010000 05000001 00000000 00080000 00000103 000103
[2025-05-20 17:36:24.589] [0m[0;34mAPP     :INFO :No User to r or w | SystemStatus = 0
[2025-05-20 17:36:24.589] [0m
[2025-05-20 17:36:24.831] [0;32mTMLUWB  :RX < :RECV                :62000023 7CA00100 01000000 00FA0000 00010000 05000001 00000000 00080000 00000103 000103
[2025-05-20 17:36:24.831] [0m[0;34mAPP     :INFO :No User to r or w | SystemStatus = 0
[2025-05-20 17:36:24.831] [0m
[2025-05-20 17:36:25.087] [0;32mTMLUWB  :RX < :RECV                :62000023 7DA00100 01000000 00FA0000 00010000 05000001 00000000 00080000 00000103 000103
[2025-05-20 17:36:25.087] [0m[0;34mAPP     :INFO :No User to r or w | SystemStatus = 0
[2025-05-20 17:36:25.087] [0m
[2025-05-20 17:36:25.335] [0;32mTMLUWB  :RX < :RECV                :62000023 7EA00100 01000000 00FA0000 00010000 05000001 00000000 00080000 00000103 000103
[2025-05-20 17:36:25.335] [0m[0;34mAPP     :INFO :No User to r or w | SystemStatus = 0
[2025-05-20 17:36:25.335] [0m
[2025-05-20 17:36:25.585] [0;32mTMLUWB  :RX < :RECV                :62000023 7FA00100 01000000 00FA0000 00010000 05000001 00000000 00080000 00000103 000103
[2025-05-20 17:36:25.586] [0m[0;34mAPP     :INFO :No User to r or w | SystemStatus = 0
[2025-05-20 17:36:25.586] [0m
[2025-05-20 17:36:25.837] [0;32mTMLUWB  :RX < :RECV                :62000023 80A00100 01000000 00FA0000 00010000 05000001 00000000 00080000 00000103 000103
[2025-05-20 17:36:25.837] [0m[0;34mAPP     :INFO :No User to r or w | SystemStatus = 0
[2025-05-20 17:36:25.837] [0m
[2025-05-20 17:36:26.084] [0;32mTMLUWB  :RX < :RECV                :62000023 81A00100 01000000 00FA0000 00010000 05000001 00000000 00080000 00000103 000103
[2025-05-20 17:36:26.084] [0m[0;34mAPP     :INFO :No User to r or w | SystemStatus = 0
[2025-05-20 17:36:26.084] [0m
[2025-05-20 17:36:26.333] [0;32mTMLUWB  :RX < :RECV                :62000023 82A00100 01000000 00FA0000 00010000 05000001 00000000 00080000 00000103 000103
[2025-05-20 17:36:26.333] [0m[0;34mAPP     :INFO :No User to r or w | SystemStatus = 0
[2025-05-20 17:36:26.334] [0m
[2025-05-20 17:36:26.581] [0;32mTMLUWB  :RX < :RECV                :62000023 83A00100 01000000 00FA0000 00010000 05000001 00000000 00080000 00000103 000103
[2025-05-20 17:36:26.581] [0m[0;34mAPP     :INFO :No User to r or w | SystemStatus = 0
[2025-05-20 17:36:26.581] [0m
[2025-05-20 17:36:26.839] [0;32mTMLUWB  :RX < :RECV                :62000023 84A00100 01000000 00FA0000 00010000 05000001 00000000 00080000 00000103 000103
[2025-05-20 17:36:26.839] [0m[0;34mAPP     :INFO :No User to r or w | SystemStatus = 0
[2025-05-20 17:36:26.839] [0m
[2025-05-20 17:36:27.082] [0;32mTMLUWB  :RX < :RECV                :62000023 85A00100 01000000 00FA0000 00010000 05000001 00000000 00080000 00000103 000103
[2025-05-20 17:36:27.083] [0m[0;34mAPP     :INFO :No User to r or w | SystemStatus = 0
[2025-05-20 17:36:27.083] [0m
[2025-05-20 17:36:27.339] [0;32mTMLUWB  :RX < :RECV                :62000023 86A00100 01000000 00FA0000 00010000 05000001 00000000 00080000 00000103 000103
[2025-05-20 17:36:27.339] [0m[0;34mAPP     :INFO :No User to r or w | SystemStatus = 0
[2025-05-20 17:36:27.339] [0m
[2025-05-20 17:36:27.585] [0;32mTMLUWB  :RX < :RECV                :62000023 87A00100 01000000 00FA0000 00010000 05000001 00000000 00080000 00000103 000103
[2025-05-20 17:36:27.585] [0m[0;34mAPP     :INFO :No User to r or w | SystemStatus = 0
[2025-05-20 17:36:27.585] [0m
[2025-05-20 17:36:27.840] [0;32mTMLUWB  :RX < :RECV                :62000023 88A00100 01000000 00FA0000 00010000 05000001 00000000 00080000 00000103 000103
[2025-05-20 17:36:27.840] [0m[0;34mAPP     :INFO :No User to r or w | SystemStatus = 0
[2025-05-20 17:36:27.840] [0m
[2025-05-20 17:36:28.089] [0;32mTMLUWB  :RX < :RECV                :62000023 89A00100 01000000 00FA0000 00010000 05000001 00000000 00080000 00000103 000103
[2025-05-20 17:36:28.089] [0m[0;34mAPP     :INFO :No User to r or w | SystemStatus = 0
[2025-05-20 17:36:28.089] [0m
[2025-05-20 17:36:28.336] [0;32mTMLUWB  :RX < :RECV                :62000023 8AA00100 01000000 00FA0000 00010000 05000001 00000000 00080000 00000103 000103
[2025-05-20 17:36:28.337] [0m[0;34mAPP     :INFO :No User to r or w | SystemStatus = 0
[2025-05-20 17:36:28.337] [0m
[2025-05-20 17:36:28.586] [0;32mTMLUWB  :RX < :RECV                :62000023 8BA00100 01000000 00FA0000 00010000 05000001 00000000 00080000 00000103 000103
[2025-05-20 17:36:28.586] [0m[0;34mAPP     :INFO :No User to r or w | SystemStatus = 0
[2025-05-20 17:36:28.586] [0m
[2025-05-20 17:36:28.835] [0;32mTMLUWB  :RX < :RECV                :62000023 8CA00100 01000000 00FA0000 00010000 05000001 00000000 00080000 00000103 000103
[2025-05-20 17:36:28.836] [0m[0;34mAPP     :INFO :No User to r or w | SystemStatus = 0
[2025-05-20 17:36:28.836] [0m
[2025-05-20 17:36:29.084] [0;32mTMLUWB  :RX < :RECV                :62000023 8DA00100 01000000 00FA0000 00010000 05000001 00000000 00080000 00000103 000103
[2025-05-20 17:36:29.084] [0m[0;34mAPP     :INFO :No User to r or w | SystemStatus = 0
[2025-05-20 17:36:29.084] [0m
[2025-05-20 17:36:29.334] [0;32mTMLUWB  :RX < :RECV                :62000023 8EA00100 01000000 00FA0000 00010000 05000001 00000000 00080000 00000103 000103
[2025-05-20 17:36:29.334] [0m[0;34mAPP     :INFO :No User to r or w | SystemStatus = 0
[2025-05-20 17:36:29.334] [0m
[2025-05-20 17:36:29.584] [0;32mTMLUWB  :RX < :RECV                :62000023 8FA00100 01000000 00FA0000 00010000 05000001 00000000 00080000 00000103 000103
[2025-05-20 17:36:29.584] [0m[0;34mAPP     :INFO :No User to r or w | SystemStatus = 0
[2025-05-20 17:36:29.584] [0m
[2025-05-20 17:36:29.832] [0;32mTMLUWB  :RX < :RECV                :62000023 90A00100 01000000 00FA0000 00010000 05000001 00000000 00080000 00000103 000103
[2025-05-20 17:36:29.832] [0m[0;34mAPP     :INFO :No User to r or w | SystemStatus = 0
[2025-05-20 17:36:29.832] [0m
[2025-05-20 17:36:30.081] [0;32mTMLUWB  :RX < :RECV                :62000023 91A00100 01000000 00FA0000 00010000 05000001 00000000 00080000 00000103 000103
[2025-05-20 17:36:30.081] [0m[0;34mAPP     :INFO :No User to r or w | SystemStatus = 0
[2025-05-20 17:36:30.081] [0m
[2025-05-20 17:36:30.335] [0;32mTMLUWB  :RX < :RECV                :62000023 92A00100 01000000 00FA0000 00010000 05000001 00000000 00080000 00000103 000103
[2025-05-20 17:36:30.335] [0m[0;34mAPP     :INFO :No User to r or w | SystemStatus = 0
[2025-05-20 17:36:30.335] [0m
[2025-05-20 17:36:30.585] [0;32mTMLUWB  :RX < :RECV                :62000023 93A00100 01000000 00FA0000 00010000 05000001 00000000 00080000 00000103 000103
[2025-05-20 17:36:30.585] [0m[0;34mAPP     :INFO :No User to r or w | SystemStatus = 0
[2025-05-20 17:36:30.585] [0m
[2025-05-20 17:36:30.837] [0;32mTMLUWB  :RX < :RECV                :62000023 94A00100 01000000 00FA0000 00010000 05000001 00000000 00080000 00000103 000103
[2025-05-20 17:36:30.837] [0m[0;34mAPP     :INFO :No User to r or w | SystemStatus = 0
[2025-05-20 17:36:30.837] [0m
[2025-05-20 17:36:31.087] [0;32mTMLUWB  :RX < :RECV                :62000023 95A00100 01000000 00FA0000 00010000 05000001 00000000 00080000 00000103 000103
[2025-05-20 17:36:31.087] [0m[0;34mAPP     :INFO :No User to r or w | SystemStatus = 0
[2025-05-20 17:36:31.087] [0m
[2025-05-20 17:36:31.331] [0;32mTMLUWB  :RX < :RECV                :62000023 96A00100 01000000 00FA0000 00010000 05000001 00000000 00080000 00000103 000103
[2025-05-20 17:36:31.331] [0m[0;34mAPP     :INFO :No User to r or w | SystemStatus = 0
[2025-05-20 17:36:31.332] [0m
[2025-05-20 17:36:31.584] [0;32mTMLUWB  :RX < :RECV                :62000023 97A00100 01000000 00FA0000 00010000 05000001 00000000 00080000 00000103 000103
[2025-05-20 17:36:31.584] [0m[0;34mAPP     :INFO :No User to r or w | SystemStatus = 0
[2025-05-20 17:36:31.584] [0m
[2025-05-20 17:36:31.833] [0;32mTMLUWB  :RX < :RECV                :62000023 98A00100 01000000 00FA0000 00010000 05000001 00000000 00080000 00000103 000103
[2025-05-20 17:36:31.833] [0m[0;34mAPP     :INFO :No User to r or w | SystemStatus = 0
[2025-05-20 17:36:31.833] [0m
[2025-05-20 17:36:32.087] [0;32mTMLUWB  :RX < :RECV                :62000023 99A00100 01000000 00FA0000 00010000 05000001 00000000 00080000 00000103 000103
[2025-05-20 17:36:32.087] [0m[0;34mAPP     :INFO :No User to r or w | SystemStatus = 0
[2025-05-20 17:36:32.087] [0m
[2025-05-20 17:36:32.331] [0;32mTMLUWB  :RX < :RECV                :62000023 9AA00100 01000000 00FA0000 00010000 05000001 00000000 00080000 00000103 000103
[2025-05-20 17:36:32.331] [0m[0;34mAPP     :INFO :No User to r or w | SystemStatus = 0
[2025-05-20 17:36:32.331] [0m
[2025-05-20 17:36:32.587] [0;32mTMLUWB  :RX < :RECV                :62000023 9BA00100 01000000 00FA0000 00010000 05000001 00000000 00080000 00000103 000103
[2025-05-20 17:36:32.587] [0m[0;34mAPP     :INFO :No User to r or w | SystemStatus = 0
[2025-05-20 17:36:32.587] [0m
[2025-05-20 17:36:32.830] [0;32mTMLUWB  :RX < :RECV                :62000023 9CA00100 01000000 00FA0000 00010000 05000001 00000000 00080000 00000103 000103
[2025-05-20 17:36:32.830] [0m[0;34mAPP     :INFO :No User to r or w | SystemStatus = 0
[2025-05-20 17:36:32.830] [0m
[2025-05-20 17:36:33.089] [0;32mTMLUWB  :RX < :RECV                :62000023 9DA00100 01000000 00FA0000 00010000 05000001 00000000 00080000 00000103 000103
[2025-05-20 17:36:33.089] [0m[0;34mAPP     :INFO :No User to r or w | SystemStatus = 0
[2025-05-20 17:36:33.090] [0m
[2025-05-20 17:36:33.337] [0;32mTMLUWB  :RX < :RECV                :62000023 9EA00100 01000000 00FA0000 00010000 05000001 00000000 00080000 00000103 000103
[2025-05-20 17:36:33.339] [0m[0;34mAPP     :INFO :No User to r or w | SystemStatus = 0
[2025-05-20 17:36:33.339] [0m
[2025-05-20 17:36:33.585] [0;32mTMLUWB  :RX < :RECV                :62000023 9FA00100 01000000 00FA0000 00010000 05000001 00000000 00080000 00000103 000103
[2025-05-20 17:36:33.585] [0m[0;34mAPP     :INFO :No User to r or w | SystemStatus = 0
[2025-05-20 17:36:33.585] [0m
[2025-05-20 17:36:33.836] [0;32mTMLUWB  :RX < :RECV                :62000023 A0A00100 01000000 00FA0000 00010000 05000001 00000000 00080000 00000103 000103
[2025-05-20 17:36:33.836] [0m[0;34mAPP     :INFO :No User to r or w | SystemStatus = 0
[2025-05-20 17:36:33.837] [0m
