[2025-06-05 15:30:10.980] [0;32mTMLUWB  :RX < :RECV                :62000048 F5030000 01000000 00FA0000 00010000 05000001 00000000 01FFF700 001E0000 00640000 64000000 00000003 79000000 00000000 00000000 0E000000 00010300 01030000 00000000
[2025-06-05 15:30:10.980] [0m[0;34mAPP     :INFO :@@@ updateKeepAlive( ): User[1] FFF7 Keep alive = 79
[2025-06-05 15:30:10.988] [0m[0;34mAPP     :INFO :gCapSessionHandle!!!.
[2025-06-05 15:30:10.988] [0m[0;34mAPP     :INFO :@@@ gNumberOfUserinDTPCM = 2, pRangingData->no_of_measurements = 1,i=0
[2025-06-05 15:30:10.988] [0m[0;34mAPP     :INFO :Measure_NLOS = 0, Classification_NLOS =   0
[2025-06-05 15:30:10.990] [0mMaster_Distance_to_FFF7=30
[2025-06-05 15:30:10.990] [0;34mAPP     :INFO :Conten_Distance_MasterAnchor_to_FFF7=30
[2025-06-05 15:30:10.990] [0m[0;34mAPP     :INFO :Current User ( fff7 ) status is : SystemStatus = 0 , DiscoverStatus = 5 , TransactionState = 4 , AuthenticationState = 9
[2025-06-05 15:30:10.990] [0m[0;34mAPP     :INFO :@@@ User Speed is :( fff7 ) , 0 ,(cm/s)
[2025-06-05 15:30:10.990] [0m[0;34mAPP     :INFO :@ b = 30, c = 57, x = 11, y = 24
[2025-06-05 15:30:10.990] [0m[0;34mAPP     :INFO :@ a = 100, d = 100, m = 250, Gate = 100
[2025-06-05 15:30:10.990] [0m[0;34mAPP     :INFO :################################### into red area...##################################################
[2025-06-05 15:30:10.990] [0m[0;34mAPP     :INFO :Only 1 valid card detected, started transaction
[2025-06-05 15:30:10.990] [0m[0;33mAPP     :WARN : Write Card Time < 10s. Return.
[2025-06-05 15:30:10.990] [0m
[2025-06-05 15:30:10.990] [0;32mTMLUWB  :RX < :RECV                :02001700 02000002 00BBBB00 00000000 00F50006 000505FF F73B00
[2025-06-05 15:30:10.991] [0m[0;34mAPP     :INFO :gMrmSessionHandle_Test!!!
[2025-06-05 15:30:10.991] [0mMaster_Distance_to_Slave=59
[2025-06-05 15:30:10.991] [0;34mAPP     :INFO :Conten_Distance_SlaveAnchor[BBBB]_to_FFF7=59
[2025-06-05 15:30:10.991] [0m{"@POSITION": 1, "Master": 30, "Slave": 59, "Gate": 100, "nLos": 0, "idx": 0, "LiftDeep": 60, "RedAreaH": 0, "BlueAreaH": 250, "Speed":0, "User-X":11, "User-Y":24, "User-Z":0,"Auth":9, "Trans":4}
[2025-06-05 15:30:11.265] [0;32mTMLUWB  :RX < :RECV                :62000048 F6030000 01000000 00FA0000 00010000 05000001 00000000 01FFF700 001E0000 00640000 64000000 00000003 78000000 00000000 00000000 0E000000 00010300 01030000 00000000
[2025-06-05 15:30:11.265] [0m[0;34mAPP     :INFO :@@@ updateKeepAlive( ): User[1] FFF7 Keep alive = 79
[2025-06-05 15:30:11.265] [0m[0;34mAPP     :INFO :gCapSessionHandle!!!.
[2025-06-05 15:30:11.265] [0m[0;34mAPP     :INFO :@@@ gNumberOfUserinDTPCM = 2, pRangingData->no_of_measurements = 1,i=0
[2025-06-05 15:30:11.265] [0m[0;34mAPP     :INFO :Measure_NLOS = 0, Classification_NLOS =   0
[2025-06-05 15:30:11.265] [0mMaster_Distance_to_FFF7=30
[2025-06-05 15:30:11.265] [0;34mAPP     :INFO :Conten_Distance_MasterAnchor_to_FFF7=30
[2025-06-05 15:30:11.265] [0m[0;34mAPP     :INFO :Current User ( fff7 ) status is : SystemStatus = 0 , DiscoverStatus = 5 , TransactionState = 4 , AuthenticationState = 9
[2025-06-05 15:30:11.265] [0m[0;34mAPP     :INFO :@@@ User Speed is :( fff7 ) , 4 ,(cm/s)
[2025-06-05 15:30:11.265] [0m[0;34mAPP     :INFO :@ b = 30, c = 59, x = 12, y = 23
[2025-06-05 15:30:11.265] [0m[0;34mAPP     :INFO :@ a = 100, d = 100, m = 250, Gate = 100
[2025-06-05 15:30:11.265] [0m[0;34mAPP     :INFO :################################### into red area...##################################################
[2025-06-05 15:30:11.265] [0m[0;34mAPP     :INFO :Only 1 valid card detected, started transaction
[2025-06-05 15:30:11.265] [0m[0;33mAPP     :WARN : Write Card Time < 10s. Return.
[2025-06-05 15:30:11.267] [0m
[2025-06-05 15:30:11.267] [0;32mTMLUWB  :RX < :RECV                :02001700 02000002 00BBBB00 00000000 00F60006 000505FF F73B00
[2025-06-05 15:30:11.267] [0m[0;34mAPP     :INFO :gMrmSessionHandle_Test!!!
[2025-06-05 15:30:11.267] [0mMaster_Distance_to_Slave=59
[2025-06-05 15:30:11.267] [0;34mAPP     :INFO :Conten_Distance_SlaveAnchor[BBBB]_to_FFF7=59
[2025-06-05 15:30:11.267] [0m{"@POSITION": 1, "Master": 30, "Slave": 59, "Gate": 100, "nLos": 0, "idx": 0, "LiftDeep": 60, "RedAreaH": 0, "BlueAreaH": 250, "Speed":4, "User-X":12, "User-Y":23, "User-Z":0,"Auth":9, "Trans":4}
[2025-06-05 15:30:11.644] [0;32mTMLUWB  :RX < :RECV                :62000048 F7030000 01000000 00FA0000 00010000 05000001 00000000 01FFF700 00210000 00640000 64000000 00000003 79000000 00000000 00000000 0E000000 00010300 01030000 00000000
[2025-06-05 15:30:11.646] [0m[0;34mAPP     :INFO :@@@ updateKeepAlive( ): User[1] FFF7 Keep alive = 79
[2025-06-05 15:30:11.646] [0m[0;34mAPP     :INFO :gCapSessionHandle!!!.
[2025-06-05 15:30:11.646] [0m[0;34mAPP     :INFO :@@@ gNumberOfUserinDTPCM = 2, pRangingData->no_of_measurements = 1,i=0
[2025-06-05 15:30:11.646] [0m[0;34mAPP     :INFO :Measure_NLOS = 0, Classification_NLOS =   0
[2025-06-05 15:30:11.646] [0mMaster_Distance_to_FFF7=33
[2025-06-05 15:30:11.647] [0;34mAPP     :INFO :Conten_Distance_MasterAnchor_to_FFF7=33
[2025-06-05 15:30:11.647] [0m[0;34mAPP     :INFO :Current User ( fff7 ) status is : SystemStatus = 0 , DiscoverStatus = 5 , TransactionState = 4 , AuthenticationState = 9
[2025-06-05 15:30:11.647] [0m[0;34mAPP     :INFO :@@@ User Speed is :( fff7 ) , 2 ,(cm/s)
[2025-06-05 15:30:11.647] [0m[0;34mAPP     :INFO :@ b = 33, c = 59, x = 11, y = 20
[2025-06-05 15:30:11.647] [0m[0;34mAPP     :INFO :@ a = 100, d = 100, m = 250, Gate = 100
[2025-06-05 15:30:11.647] [0m[0;34mAPP     :INFO :################################### into red area...##################################################
[2025-06-05 15:30:11.648] [0m[0;34mAPP     :INFO :Only 1 valid card detected, started transaction
[2025-06-05 15:30:11.648] [0m[0;33mAPP     :WARN : Write Card Time < 10s. Return.
[2025-06-05 15:30:11.648] [0m
[2025-06-05 15:30:11.648] [0;32mTMLUWB  :RX < :RECV                :02001700 02000002 00BBBB00 00000000 00F70006 000505FF F73B00
[2025-06-05 15:30:11.648] [0m[0;34mAPP     :INFO :gMrmSessionHandle_Test!!!
[2025-06-05 15:30:11.648] [0mMaster_Distance_to_Slave=59
[2025-06-05 15:30:11.648] [0;34mAPP     :INFO :Conten_Distance_SlaveAnchor[BBBB]_to_FFF7=59
[2025-06-05 15:30:11.648] [0m{"@POSITION": 1, "Master": 33, "Slave": 59, "Gate": 100, "nLos": 0, "idx": 0, "LiftDeep": 60, "RedAreaH": 0, "BlueAreaH": 250, "Speed":2, "User-X":11, "User-Y":20, "User-Z":0,"Auth":9, "Trans":4}
[2025-06-05 15:30:11.754] [0;32mTMLUWB  :RX < :RECV                :62000048 F8030000 01000000 00FA0000 00010000 05000001 00000000 01FFF700 00220000 00640000 64000000 00000003 7A000000 00000000 00000000 0E000000 00010300 01030000 00000000
[2025-06-05 15:30:11.755] [0m[0;34mAPP     :INFO :@@@ updateKeepAlive( ): User[1] FFF7 Keep alive = 79
[2025-06-05 15:30:11.755] [0m[0;34mAPP     :INFO :gCapSessionHandle!!!.
[2025-06-05 15:30:11.755] [0m[0;34mAPP     :INFO :@@@ gNumberOfUserinDTPCM = 2, pRangingData->no_of_measurements = 1,i=0
[2025-06-05 15:30:11.755] [0m[0;34mAPP     :INFO :Measure_NLOS = 0, Classification_NLOS =   0
[2025-06-05 15:30:11.755] [0mMaster_Distance_to_FFF7=34
[2025-06-05 15:30:11.755] [0;34mAPP     :INFO :Conten_Distance_MasterAnchor_to_FFF7=34
[2025-06-05 15:30:11.755] [0m[0;34mAPP     :INFO :Current User ( fff7 ) status is : SystemStatus = 0 , DiscoverStatus = 5 , TransactionState = 4 , AuthenticationState = 9
[2025-06-05 15:30:11.755] [0m[0;34mAPP     :INFO :@@@ User Speed is :( fff7 ) , 5 ,(cm/s)
[2025-06-05 15:30:11.755] [0m[0;34mAPP     :INFO :@ b = 34, c = 59, x = 11, y = 19
[2025-06-05 15:30:11.755] [0m[0;34mAPP     :INFO :@ a = 100, d = 100, m = 250, Gate = 100
[2025-06-05 15:30:11.755] [0m[0;34mAPP     :INFO :################################### into red area...##################################################
[2025-06-05 15:30:11.757] [0m[0;34mAPP     :INFO :Only 1 valid card detected, started transaction
[2025-06-05 15:30:11.760] [0m[0;33mAPP     :WARN : Write Card Time < 10s. Return.
[2025-06-05 15:30:11.760] [0m
[2025-06-05 15:30:11.767] [0;32mTMLUWB  :RX < :RECV                :02001700 02000002 00BBBB00 00000000 00F80006 000505FF F73C00
[2025-06-05 15:30:11.778] [0m[0;34mAPP     :INFO :gMrmSessionHandle_Test!!!
[2025-06-05 15:30:11.783] [0mMaster_Distance_to_Slave=60
[2025-06-05 15:30:11.791] [0;34mAPP     :INFO :Conten_Distance_SlaveAnchor[BBBB]_to_FFF7=60
[2025-06-05 15:30:11.793] [0m{"@POSITION": 1, "Master": 34, "Slave": 60, "Gate": 100, "nLos": 0, "idx": 0, "LiftDeep": 61, "RedAreaH": 0, "BlueAreaH": 250, "Speed":5, "User-X":11, "User-Y":19, "User-Z":0,"Auth":9, "Trans":4}
[2025-06-05 15:30:11.980] [0;32mTMLUWB  :RX < :RECV                :62000048 F9030000 01000000 00FA0000 00010000 05000001 00000000 01FFF700 00200000 00640000 64000000 00000003 79000000 00000000 00000000 0E000000 00010300 01030000 00000000
[2025-06-05 15:30:11.981] [0m[0;34mAPP     :INFO :@@@ updateKeepAlive( ): User[1] FFF7 Keep alive = 79
[2025-06-05 15:30:11.981] [0m[0;34mAPP     :INFO :gCapSessionHandle!!!.
[2025-06-05 15:30:11.981] [0m[0;34mAPP     :INFO :@@@ gNumberOfUserinDTPCM = 2, pRangingData->no_of_measurements = 1,i=0
[2025-06-05 15:30:11.981] [0m[0;34mAPP     :INFO :Measure_NLOS = 0, Classification_NLOS =   0
[2025-06-05 15:30:11.981] [0mMaster_Distance_to_FFF7=32
[2025-06-05 15:30:11.981] [0;34mAPP     :INFO :Conten_Distance_MasterAnchor_to_FFF7=32
[2025-06-05 15:30:11.981] [0m[0;34mAPP     :INFO :Current User ( fff7 ) status is : SystemStatus = 0 , DiscoverStatus = 5 , TransactionState = 4 , AuthenticationState = 9
[2025-06-05 15:30:11.981] [0m[0;34mAPP     :INFO :@@@ User Speed is :( fff7 ) , 3 ,(cm/s)
[2025-06-05 15:30:11.981] [0m[0;34mAPP     :INFO :@ b = 32, c = 60, x = 12, y = 20
[2025-06-05 15:30:11.987] [0m[0;34mAPP     :INFO :@ a = 100, d = 100, m = 250, Gate = 100
[2025-06-05 15:30:11.988] [0m[0;34mAPP     :INFO :################################### into red area...##################################################
[2025-06-05 15:30:11.988] [0m[0;34mAPP     :INFO :Only 1 valid card detected, started transaction
[2025-06-05 15:30:11.988] [0m[0;33mAPP     :WARN : Write Card Time < 10s. Return.
[2025-06-05 15:30:11.988] [0m
[2025-06-05 15:30:11.988] [0;32mTMLUWB  :RX < :RECV                :02001700 02000002 00BBBB00 00000000 00F90006 000505FF F73A00
[2025-06-05 15:30:11.988] [0m[0;34mAPP     :INFO :gMrmSessionHandle_Test!!!
[2025-06-05 15:30:11.988] [0mMaster_Distance_to_Slave=58
[2025-06-05 15:30:11.988] [0;34mAPP     :INFO :Conten_Distance_SlaveAnchor[BBBB]_to_FFF7=58
[2025-06-05 15:30:11.988] [0m{"@POSITION": 1, "Master": 32, "Slave": 58, "Gate": 100, "nLos": 0, "idx": 0, "LiftDeep": 60, "RedAreaH": 0, "BlueAreaH": 250, "Speed":3, "User-X":12, "User-Y":20, "User-Z":0,"Auth":9, "Trans":4}
[2025-06-05 15:30:12.252] [0;32mTMLUWB  :RX < :RECV                :62000048 FA030000 01000000 00FA0000 00010000 05000001 00000000 01FFF700 001F0000 00640000 64000000 00000003 79000000 00000000 00000000 0E000000 00010300 01030000 00000000
[2025-06-05 15:30:12.252] [0m[0;34mAPP     :INFO :@@@ updateKeepAlive( ): User[1] FFF7 Keep alive = 79
[2025-06-05 15:30:12.252] [0m[0;34mAPP     :INFO :gCapSessionHandle!!!.
[2025-06-05 15:30:12.252] [0m[0;34mAPP     :INFO :@@@ gNumberOfUserinDTPCM = 2, pRangingData->no_of_measurements = 1,i=0
[2025-06-05 15:30:12.252] [0m[0;34mAPP     :INFO :Measure_NLOS = 0, Classification_NLOS =   0
[2025-06-05 15:30:12.252] [0mMaster_Distance_to_FFF7=31
[2025-06-05 15:30:12.252] [0;34mAPP     :INFO :Conten_Distance_MasterAnchor_to_FFF7=31
[2025-06-05 15:30:12.252] [0m[0;34mAPP     :INFO :Current User ( fff7 ) status is : SystemStatus = 0 , DiscoverStatus = 5 , TransactionState = 4 , AuthenticationState = 9
[2025-06-05 15:30:12.252] [0m[0;34mAPP     :INFO :@@@ User Speed is :( fff7 ) , 1 ,(cm/s)
[2025-06-05 15:30:12.252] [0m[0;34mAPP     :INFO :@ b = 31, c = 58, x = 12, y = 21
[2025-06-05 15:30:12.252] [0m[0;34mAPP     :INFO :@ a = 100, d = 100, m = 250, Gate = 100
[2025-06-05 15:30:12.252] [0m[0;34mAPP     :INFO :################################### into red area...##################################################
[2025-06-05 15:30:12.252] [0m[0;34mAPP     :INFO :Only 1 valid card detected, started transaction
[2025-06-05 15:30:12.252] [0m[0;33mAPP     :WARN : Write Card Time < 10s. Return.
[2025-06-05 15:30:12.252] [0m
[2025-06-05 15:30:12.252] [0;32mTMLUWB  :RX < :RECV                :02001700 02000002 00BBBB00 00000000 00FA0006 000505FF F73C00
[2025-06-05 15:30:12.252] [0m[0;34mAPP     :INFO :gMrmSessionHandle_Test!!!
[2025-06-05 15:30:12.252] [0mMaster_Distance_to_Slave=60
[2025-06-05 15:30:12.252] [0;34mAPP     :INFO :Conten_Distance_SlaveAnchor[BBBB]_to_FFF7=60
[2025-06-05 15:30:12.252] [0m{"@POSITION": 1, "Master": 31, "Slave": 60, "Gate": 100, "nLos": 0, "idx": 0, "LiftDeep": 60, "RedAreaH": 0, "BlueAreaH": 250, "Speed":1, "User-X":12, "User-Y":21, "User-Z":0,"Auth":9, "Trans":4}
[2025-06-05 15:30:12.496] [0;32mTMLUWB  :RX < :RECV                :62000048 FB030000 01000000 00FA0000 00010000 05000001 00000000 01FFF700 00210000 00640000 64000000 00000003 7B000000 00000000 00000000 0E000000 00010300 01030000 00000000
[2025-06-05 15:30:12.496] [0m[0;34mAPP     :INFO :@@@ updateKeepAlive( ): User[1] FFF7 Keep alive = 79
[2025-06-05 15:30:12.498] [0m[0;34mAPP     :INFO :gCapSessionHandle!!!.
[2025-06-05 15:30:12.498] [0m[0;34mAPP     :INFO :@@@ gNumberOfUserinDTPCM = 2, pRangingData->no_of_measurements = 1,i=0
[2025-06-05 15:30:12.498] [0m[0;34mAPP     :INFO :Measure_NLOS = 0, Classification_NLOS =   0
[2025-06-05 15:30:12.498] [0mMaster_Distance_to_FFF7=33
[2025-06-05 15:30:12.498] [0;34mAPP     :INFO :Conten_Distance_MasterAnchor_to_FFF7=33
[2025-06-05 15:30:12.498] [0m[0;34mAPP     :INFO :Current User ( fff7 ) status is : SystemStatus = 0 , DiscoverStatus = 5 , TransactionState = 4 , AuthenticationState = 9
[2025-06-05 15:30:12.498] [0m[0;34mAPP     :INFO :@@@ User Speed is :( fff7 ) , 1 ,(cm/s)
[2025-06-05 15:30:12.498] [0m[0;34mAPP     :INFO :@ b = 33, c = 60, x = 12, y = 18
[2025-06-05 15:30:12.499] [0m[0;34mAPP     :INFO :@ a = 100, d = 100, m = 250, Gate = 100
[2025-06-05 15:30:12.499] [0m[0;34mAPP     :INFO :################################### into red area...##################################################
[2025-06-05 15:30:12.499] [0m[0;34mAPP     :INFO :Only 1 valid card detected, started transaction
[2025-06-05 15:30:12.499] [0m[0;33mAPP     :WARN : Write Card Time < 10s. Return.
[2025-06-05 15:30:12.499] [0m
[2025-06-05 15:30:12.499] [0;32mTMLUWB  :RX < :RECV                :02001700 02000002 00BBBB00 00000000 00FB0006 000505FF F73C00
[2025-06-05 15:30:12.499] [0m[0;34mAPP     :INFO :gMrmSessionHandle_Test!!!
[2025-06-05 15:30:12.499] [0mMaster_Distance_to_Slave=60
[2025-06-05 15:30:12.499] [0;34mAPP     :INFO :Conten_Distance_SlaveAnchor[BBBB]_to_FFF7=60
[2025-06-05 15:30:12.499] [0m{"@POSITION": 1, "Master": 33, "Slave": 60, "Gate": 100, "nLos": 0, "idx": 0, "LiftDeep": 61, "RedAreaH": 0, "BlueAreaH": 250, "Speed":1, "User-X":12, "User-Y":18, "User-Z":0,"Auth":9, "Trans":4}
[2025-06-05 15:30:12.753] [0;32mTMLUWB  :RX < :RECV                :62000048 FC030000 01000000 00FA0000 00010000 05000001 00000000 01FFF700 001F0000 00640000 64000000 00000003 7A000000 00000000 00000000 0E000000 00010300 01030000 00000000
[2025-06-05 15:30:12.754] [0m[0;34mAPP     :INFO :@@@ updateKeepAlive( ): User[1] FFF7 Keep alive = 79
[2025-06-05 15:30:12.754] [0m[0;34mAPP     :INFO :gCapSessionHandle!!!.
[2025-06-05 15:30:12.754] [0m[0;34mAPP     :INFO :@@@ gNumberOfUserinDTPCM = 2, pRangingData->no_of_measurements = 1,i=0
[2025-06-05 15:30:12.754] [0m[0;34mAPP     :INFO :Measure_NLOS = 0, Classification_NLOS =   0
[2025-06-05 15:30:12.754] [0mMaster_Distance_to_FFF7=31
[2025-06-05 15:30:12.754] [0;34mAPP     :INFO :Conten_Distance_MasterAnchor_to_FFF7=31
[2025-06-05 15:30:12.754] [0m[0;34mAPP     :INFO :Current User ( fff7 ) status is : SystemStatus = 0 , DiscoverStatus = 5 , TransactionState = 4 , AuthenticationState = 9
[2025-06-05 15:30:12.754] [0m[0;34mAPP     :INFO :@@@ User Speed is :( fff7 ) , 1 ,(cm/s)
[2025-06-05 15:30:12.754] [0m[0;34mAPP     :INFO :@ b = 31, c = 60, x = 13, y = 20
[2025-06-05 15:30:12.754] [0m[0;34mAPP     :INFO :@ a = 100, d = 100, m = 250, Gate = 100
[2025-06-05 15:30:12.754] [0m[0;34mAPP     :INFO :################################### into red area...##################################################
[2025-06-05 15:30:12.754] [0m[0;34mAPP     :INFO :Only 1 valid card detected, started transaction
[2025-06-05 15:30:12.755] [0m[0;33mAPP     :WARN : Write Card Time < 10s. Return.
[2025-06-05 15:30:12.755] [0m
[2025-06-05 15:30:12.755] [0;32mTMLUWB  :RX < :RECV                :02001700 02000002 00BBBB00 00000000 00FC0006 000505FF F73B00
[2025-06-05 15:30:12.755] [0m[0;34mAPP     :INFO :gMrmSessionHandle_Test!!!
[2025-06-05 15:30:12.755] [0mMaster_Distance_to_Slave=59
[2025-06-05 15:30:12.755] [0;34mAPP     :INFO :Conten_Distance_SlaveAnchor[BBBB]_to_FFF7=59
[2025-06-05 15:30:12.755] [0m{"@POSITION": 1, "Master": 31, "Slave": 59, "Gate": 100, "nLos": 0, "idx": 0, "LiftDeep": 61, "RedAreaH": 0, "BlueAreaH": 250, "Speed":1, "User-X":13, "User-Y":20, "User-Z":0,"Auth":9, "Trans":4}
[2025-06-05 15:30:12.986] [0;32mTMLUWB  :RX < :RECV                :62000048 FD030000 01000000 00FA0000 00010000 05000001 00000000 01FFF700 00200000 00640000 64000000 00000003 7B000000 00000000 00000000 0E000000 00010300 01030000 00000000
[2025-06-05 15:30:12.986] [0m[0;34mAPP     :INFO :@@@ updateKeepAlive( ): User[1] FFF7 Keep alive = 79
[2025-06-05 15:30:12.986] [0m[0;34mAPP     :INFO :gCapSessionHandle!!!.
[2025-06-05 15:30:12.987] [0m[0;34mAPP     :INFO :@@@ gNumberOfUserinDTPCM = 2, pRangingData->no_of_measurements = 1,i=0
[2025-06-05 15:30:12.987] [0m[0;34mAPP     :INFO :Measure_NLOS = 0, Classification_NLOS =   0
[2025-06-05 15:30:12.987] [0mMaster_Distance_to_FFF7=32
[2025-06-05 15:30:12.987] [0;34mAPP     :INFO :Conten_Distance_MasterAnchor_to_FFF7=32
[2025-06-05 15:30:12.987] [0m[0;34mAPP     :INFO :Current User ( fff7 ) status is : SystemStatus = 0 , DiscoverStatus = 5 , TransactionState = 4 , AuthenticationState = 9
[2025-06-05 15:30:12.987] [0m[0;34mAPP     :INFO :@@@ User Speed is :( fff7 ) , 1 ,(cm/s)
[2025-06-05 15:30:12.987] [0m[0;34mAPP     :INFO :@ b = 32, c = 59, x = 12, y = 20
[2025-06-05 15:30:12.987] [0m[0;34mAPP     :INFO :@ a = 100, d = 100, m = 250, Gate = 100
[2025-06-05 15:30:12.987] [0m[0;34mAPP     :INFO :################################### into red area...##################################################
[2025-06-05 15:30:12.987] [0m[0;34mAPP     :INFO :Only 1 valid card detected, started transaction
[2025-06-05 15:30:12.987] [0m[0;33mAPP     :WARN : Write Card Time < 10s. Return.
[2025-06-05 15:30:12.987] [0m
[2025-06-05 15:30:12.987] [0;32mTMLUWB  :RX < :RECV                :02001700 02000002 00BBBB00 00000000 00FD0006 000505FF F73700
[2025-06-05 15:30:12.987] [0m[0;34mAPP     :INFO :gMrmSessionHandle_Test!!!
[2025-06-05 15:30:12.987] [0mMaster_Distance_to_Slave=55
[2025-06-05 15:30:12.987] [0;34mAPP     :INFO :Conten_Distance_SlaveAnchor[BBBB]_to_FFF7=55
[2025-06-05 15:30:12.987] [0m{"@POSITION": 1, "Master": 32, "Slave": 55, "Gate": 100, "nLos": 0, "idx": 0, "LiftDeep": 61, "RedAreaH": 0, "BlueAreaH": 250, "Speed":1, "User-X":12, "User-Y":20, "User-Z":0,"Auth":9, "Trans":4}
[2025-06-05 15:30:13.230] [0;32mTMLUWB  :RX < :RECV                :62000048 FE030000 01000000 00FA0000 00010000 05000001 00000000 01FFF700 00220000 00640000 64000000 00000003 7B000000 00000000 00000000 0E000000 00010300 01030000 00000000
[2025-06-05 15:30:13.231] [0m[0;34mAPP     :INFO :@@@ updateKeepAlive( ): User[1] FFF7 Keep alive = 79
[2025-06-05 15:30:13.232] [0m[0;34mAPP     :INFO :gCapSessionHandle!!!.
[2025-06-05 15:30:13.232] [0m[0;34mAPP     :INFO :@@@ gNumberOfUserinDTPCM = 2, pRangingData->no_of_measurements = 1,i=0
[2025-06-05 15:30:13.232] [0m[0;34mAPP     :INFO :Measure_NLOS = 0, Classification_NLOS =   0
[2025-06-05 15:30:13.232] [0mMaster_Distance_to_FFF7=34
[2025-06-05 15:30:13.232] [0;34mAPP     :INFO :Conten_Distance_MasterAnchor_to_FFF7=34
[2025-06-05 15:30:13.233] [0m[0;34mAPP     :INFO :Current User ( fff7 ) status is : SystemStatus = 0 , DiscoverStatus = 5 , TransactionState = 4 , AuthenticationState = 9
[2025-06-05 15:30:13.233] [0m[0;34mAPP     :INFO :@@@ User Speed is :( fff7 ) , 5 ,(cm/s)
[2025-06-05 15:30:13.233] [0m[0;34mAPP     :INFO :@ b = 34, c = 55, x = 9, y = 22
[2025-06-05 15:30:13.233] [0m[0;34mAPP     :INFO :@ a = 100, d = 100, m = 250, Gate = 100
[2025-06-05 15:30:13.233] [0m[0;34mAPP     :INFO :################################### into red area...##################################################
[2025-06-05 15:30:13.233] [0m[0;34mAPP     :INFO :Only 1 valid card detected, started transaction
[2025-06-05 15:30:13.233] [0m[0;33mAPP     :WARN : Write Card Time < 10s. Return.
[2025-06-05 15:30:13.233] [0m
[2025-06-05 15:30:13.233] [0;32mTMLUWB  :RX < :RECV                :02001700 02000002 00BBBB00 00000000 00FE0006 000505FF F73800
[2025-06-05 15:30:13.233] [0m[0;34mAPP     :INFO :gMrmSessionHandle_Test!!!
[2025-06-05 15:30:13.233] [0mMaster_Distance_to_Slave=56
[2025-06-05 15:30:13.233] [0;34mAPP     :INFO :Conten_Distance_SlaveAnchor[BBBB]_to_FFF7=56
[2025-06-05 15:30:13.233] [0m{"@POSITION": 1, "Master": 34, "Slave": 56, "Gate": 100, "nLos": 0, "idx": 0, "LiftDeep": 61, "RedAreaH": 0, "BlueAreaH": 250, "Speed":5, "User-X":9, "User-Y":22, "User-Z":0,"Auth":9, "Trans":4}
[2025-06-05 15:30:13.510] [0;32mTMLUWB  :RX < :RECV                :62000048 FF030000 01000000 00FA0000 00010000 05000001 00000000 01FFF700 001E0000 00640000 64000000 00000003 7A000000 00000000 00000000 0E000000 00010300 01030000 00000000
[2025-06-05 15:30:13.510] [0m[0;34mAPP     :INFO :@@@ updateKeepAlive( ): User[1] FFF7 Keep alive = 79
[2025-06-05 15:30:13.510] [0m[0;34mAPP     :INFO :gCapSessionHandle!!!.
[2025-06-05 15:30:13.511] [0m[0;34mAPP     :INFO :@@@ gNumberOfUserinDTPCM = 2, pRangingData->no_of_measurements = 1,i=0
[2025-06-05 15:30:13.511] [0m[0;34mAPP     :INFO :Measure_NLOS = 0, Classification_NLOS =   0
[2025-06-05 15:30:13.511] [0mMaster_Distance_to_FFF7=30
[2025-06-05 15:30:13.511] [0;34mAPP     :INFO :Conten_Distance_MasterAnchor_to_FFF7=30
[2025-06-05 15:30:13.511] [0m[0;34mAPP     :INFO :Current User ( fff7 ) status is : SystemStatus = 0 , DiscoverStatus = 5 , TransactionState = 4 , AuthenticationState = 9
[2025-06-05 15:30:13.511] [0m[0;34mAPP     :INFO :@@@ User Speed is :( fff7 ) , 4 ,(cm/s)
[2025-06-05 15:30:13.511] [0m[0;34mAPP     :INFO :@ b = 30, c = 56, x = 11, y = 24
[2025-06-05 15:30:13.511] [0m[0;34mAPP     :INFO :@ a = 100, d = 100, m = 250, Gate = 100
[2025-06-05 15:30:13.511] [0m[0;34mAPP     :INFO :################################### into red area...##################################################
[2025-06-05 15:30:13.511] [0m[0;34mAPP     :INFO :Only 1 valid card detected, started transaction
[2025-06-05 15:30:13.511] [0m[0;33mAPP     :WARN : Write Card Time < 10s. Return.
[2025-06-05 15:30:13.511] [0m
[2025-06-05 15:30:13.511] [0;32mTMLUWB  :RX < :RECV                :02001700 02000002 00BBBB00 00000000 00FF0006 000505FF F73B00
[2025-06-05 15:30:13.511] [0m[0;34mAPP     :INFO :gMrmSessionHandle_Test!!!
[2025-06-05 15:30:13.512] [0mMaster_Distance_to_Slave=59
[2025-06-05 15:30:13.512] [0;34mAPP     :INFO :Conten_Distance_SlaveAnchor[BBBB]_to_FFF7=59
[2025-06-05 15:30:13.512] [0m{"@POSITION": 1, "Master": 30, "Slave": 59, "Gate": 100, "nLos": 0, "idx": 0, "LiftDeep": 61, "RedAreaH": 0, "BlueAreaH": 250, "Speed":4, "User-X":11, "User-Y":24, "User-Z":0,"Auth":9, "Trans":4}
[2025-06-05 15:30:13.752] [0;32mTMLUWB  :RX < :RECV                :62000048 00040000 01000000 00FA0000 00010000 05000001 00000000 01FFF700 00220000 00640000 64000000 00000003 7A000000 00000000 00000000 0E000000 00010300 01030000 00000000
[2025-06-05 15:30:13.752] [0m[0;34mAPP     :INFO :@@@ updateKeepAlive( ): User[1] FFF7 Keep alive = 79
[2025-06-05 15:30:13.752] [0m[0;34mAPP     :INFO :gCapSessionHandle!!!.
[2025-06-05 15:30:13.752] [0m[0;34mAPP     :INFO :@@@ gNumberOfUserinDTPCM = 2, pRangingData->no_of_measurements = 1,i=0
[2025-06-05 15:30:13.754] [0m[0;34mAPP     :INFO :Measure_NLOS = 0, Classification_NLOS =   0
[2025-06-05 15:30:13.754] [0mMaster_Distance_to_FFF7=34
[2025-06-05 15:30:13.754] [0;34mAPP     :INFO :Conten_Distance_MasterAnchor_to_FFF7=34
[2025-06-05 15:30:13.754] [0m[0;34mAPP     :INFO :Current User ( fff7 ) status is : SystemStatus = 0 , DiscoverStatus = 5 , TransactionState = 4 , AuthenticationState = 9
[2025-06-05 15:30:13.754] [0m[0;34mAPP     :INFO :@@@ User Speed is :( fff7 ) , 1 ,(cm/s)
[2025-06-05 15:30:13.754] [0m[0;34mAPP     :INFO :@ b = 34, c = 59, x = 11, y = 19
[2025-06-05 15:30:13.754] [0m[0;34mAPP     :INFO :@ a = 100, d = 100, m = 250, Gate = 100
[2025-06-05 15:30:13.754] [0m[0;34mAPP     :INFO :################################### into red area...##################################################
[2025-06-05 15:30:13.754] [0m[0;34mAPP     :INFO :Only 1 valid card detected, started transaction
[2025-06-05 15:30:13.754] [0m[0;33mAPP     :WARN : Write Card Time < 10s. Return.
[2025-06-05 15:30:13.754] [0m
[2025-06-05 15:30:13.754] [0;32mTMLUWB  :RX < :RECV                :02001700 02000002 00BBBB00 00000000 00000006 000505FF F73B00
[2025-06-05 15:30:13.754] [0m[0;34mAPP     :INFO :gMrmSessionHandle_Test!!!
[2025-06-05 15:30:13.754] [0mMaster_Distance_to_Slave=59
[2025-06-05 15:30:13.754] [0;34mAPP     :INFO :Conten_Distance_SlaveAnchor[BBBB]_to_FFF7=59
[2025-06-05 15:30:13.754] [0m{"@POSITION": 1, "Master": 34, "Slave": 59, "Gate": 100, "nLos": 0, "idx": 0, "LiftDeep": 61, "RedAreaH": 0, "BlueAreaH": 250, "Speed":1, "User-X":11, "User-Y":19, "User-Z":0,"Auth":9, "Trans":4}
[2025-06-05 15:30:13.989] [0;32mTMLUWB  :RX < :RECV                :62000048 01040000 01000000 00FA0000 00010000 05000001 00000000 01FFF700 00210000 00640000 64000000 00000003 7B000000 00000000 00000000 0E000000 00010300 01030000 00000000
[2025-06-05 15:30:13.990] [0m[0;34mAPP     :INFO :@@@ updateKeepAlive( ): User[1] FFF7 Keep alive = 79
[2025-06-05 15:30:13.990] [0m[0;34mAPP     :INFO :gCapSessionHandle!!!.
[2025-06-05 15:30:13.990] [0m[0;34mAPP     :INFO :@@@ gNumberOfUserinDTPCM = 2, pRangingData->no_of_measurements = 1,i=0
[2025-06-05 15:30:13.990] [0m[0;34mAPP     :INFO :Measure_NLOS = 0, Classification_NLOS =   0
[2025-06-05 15:30:13.990] [0mMaster_Distance_to_FFF7=33
[2025-06-05 15:30:13.990] [0;34mAPP     :INFO :Conten_Distance_MasterAnchor_to_FFF7=33
[2025-06-05 15:30:13.990] [0m[0;34mAPP     :INFO :Current User ( fff7 ) status is : SystemStatus = 0 , DiscoverStatus = 5 , TransactionState = 4 , AuthenticationState = 9
[2025-06-05 15:30:13.990] [0m[0;34mAPP     :INFO :@@@ User Speed is :( fff7 ) , 2 ,(cm/s)
[2025-06-05 15:30:13.990] [0m[0;34mAPP     :INFO :@ b = 33, c = 59, x = 11, y = 20
[2025-06-05 15:30:13.990] [0m[0;34mAPP     :INFO :@ a = 100, d = 100, m = 250, Gate = 100
[2025-06-05 15:30:13.990] [0m[0;34mAPP     :INFO :################################### into red area...##################################################
[2025-06-05 15:30:13.990] [0m[0;34mAPP     :INFO :Only 1 valid card detected, started transaction
[2025-06-05 15:30:13.990] [0m[0;33mAPP     :WARN : Write Card Time < 10s. Return.
[2025-06-05 15:30:13.991] [0m
[2025-06-05 15:30:13.991] [0;32mTMLUWB  :RX < :RECV                :02001700 02000002 00BBBB00 00000000 00010006 000505FF F73900
[2025-06-05 15:30:13.991] [0m[0;34mAPP     :INFO :gMrmSessionHandle_Test!!!
[2025-06-05 15:30:13.991] [0mMaster_Distance_to_Slave=57
[2025-06-05 15:30:13.991] [0;34mAPP     :INFO :Conten_Distance_SlaveAnchor[BBBB]_to_FFF7=57
[2025-06-05 15:30:13.991] [0m{"@POSITION": 1, "Master": 33, "Slave": 57, "Gate": 100, "nLos": 0, "idx": 0, "LiftDeep": 61, "RedAreaH": 0, "BlueAreaH": 250, "Speed":2, "User-X":11, "User-Y":20, "User-Z":0,"Auth":9, "Trans":4}
[2025-06-05 15:30:14.250] [0;32mTMLUWB  :RX < :RECV                :62000048 02040000 01000000 00FA0000 00010000 05000001 00000000 01FFF700 00210000 00640000 64000000 00000003 7A000000 00000000 00000000 0E000000 00010300 01030000 00000000
[2025-06-05 15:30:14.251] [0m[0;34mAPP     :INFO :@@@ updateKeepAlive( ): User[1] FFF7 Keep alive = 79
[2025-06-05 15:30:14.251] [0m[0;34mAPP     :INFO :gCapSessionHandle!!!.
[2025-06-05 15:30:14.251] [0m[0;34mAPP     :INFO :@@@ gNumberOfUserinDTPCM = 2, pRangingData->no_of_measurements = 1,i=0
[2025-06-05 15:30:14.251] [0m[0;34mAPP     :INFO :Measure_NLOS = 0, Classification_NLOS =   0
[2025-06-05 15:30:14.251] [0mMaster_Distance_to_FFF7=33
[2025-06-05 15:30:14.251] [0;34mAPP     :INFO :Conten_Distance_MasterAnchor_to_FFF7=33
[2025-06-05 15:30:14.251] [0m[0;34mAPP     :INFO :Current User ( fff7 ) status is : SystemStatus = 0 , DiscoverStatus = 5 , TransactionState = 4 , AuthenticationState = 9
[2025-06-05 15:30:14.251] [0m[0;34mAPP     :INFO :@@@ User Speed is :( fff7 ) , 2 ,(cm/s)
[2025-06-05 15:30:14.251] [0m[0;34mAPP     :INFO :@ b = 33, c = 57, x = 10, y = 22
[2025-06-05 15:30:14.251] [0m[0;34mAPP     :INFO :@ a = 100, d = 100, m = 250, Gate = 100
[2025-06-05 15:30:14.251] [0m[0;34mAPP     :INFO :################################### into red area...##################################################
[2025-06-05 15:30:14.251] [0m[0;34mAPP     :INFO :Only 1 valid card detected, started transaction
[2025-06-05 15:30:14.251] [0m[0;33mAPP     :WARN : Write Card Time < 10s. Return.
[2025-06-05 15:30:14.252] [0m
[2025-06-05 15:30:14.252] [0;32mTMLUWB  :RX < :RECV                :02001700 02000002 00BBBB00 00000000 00020006 000505FF F73A00
[2025-06-05 15:30:14.252] [0m[0;34mAPP     :INFO :gMrmSessionHandle_Test!!!
[2025-06-05 15:30:14.252] [0mMaster_Distance_to_Slave=58
[2025-06-05 15:30:14.252] [0;34mAPP     :INFO :Conten_Distance_SlaveAnchor[BBBB]_to_FFF7=58
[2025-06-05 15:30:14.252] [0m{"@POSITION": 1, "Master": 33, "Slave": 58, "Gate": 100, "nLos": 0, "idx": 0, "LiftDeep": 61, "RedAreaH": 0, "BlueAreaH": 250, "Speed":2, "User-X":10, "User-Y":22, "User-Z":0,"Auth":9, "Trans":4}
[2025-06-05 15:30:14.525] [0;32mTMLUWB  :RX < :RECV                :62000048 03040000 01000000 00FA0000 00010000 05000001 00000000 01FFF700 00200000 00640000 64000000 00000003 79000000 00000000 00000000 0E000000 00010300 01030000 00000000
[2025-06-05 15:30:14.525] [0m[0;34mAPP     :INFO :@@@ updateKeepAlive( ): User[1] FFF7 Keep alive = 79
[2025-06-05 15:30:14.525] [0m[0;34mAPP     :INFO :gCapSessionHandle!!!.
[2025-06-05 15:30:14.525] [0m[0;34mAPP     :INFO :@@@ gNumberOfUserinDTPCM = 2, pRangingData->no_of_measurements = 1,i=0
[2025-06-05 15:30:14.525] [0m[0;34mAPP     :INFO :Measure_NLOS = 0, Classification_NLOS =   0
[2025-06-05 15:30:14.525] [0mMaster_Distance_to_FFF7=32
[2025-06-05 15:30:14.525] [0;34mAPP     :INFO :Conten_Distance_MasterAnchor_to_FFF7=32
[2025-06-05 15:30:14.525] [0m[0;34mAPP     :INFO :Current User ( fff7 ) status is : SystemStatus = 0 , DiscoverStatus = 5 , TransactionState = 4 , AuthenticationState = 9
[2025-06-05 15:30:14.525] [0m[0;34mAPP     :INFO :@@@ User Speed is :( fff7 ) , 3 ,(cm/s)
[2025-06-05 15:30:14.525] [0m[0;34mAPP     :INFO :@ b = 32, c = 58, x = 11, y = 22
[2025-06-05 15:30:14.525] [0m[0;34mAPP     :INFO :@ a = 100, d = 100, m = 250, Gate = 100
[2025-06-05 15:30:14.525] [0m[0;34mAPP     :INFO :################################### into red area...##################################################
[2025-06-05 15:30:14.525] [0m[0;34mAPP     :INFO :Only 1 valid card detected, started transaction
[2025-06-05 15:30:14.526] [0m[0;33mAPP     :WARN : Write Card Time < 10s. Return.
[2025-06-05 15:30:14.526] [0m
[2025-06-05 15:30:14.526] [0;32mTMLUWB  :RX < :RECV                :02001700 02000002 00BBBB00 00000000 00030006 000505FF F73A00
[2025-06-05 15:30:14.526] [0m[0;34mAPP     :INFO :gMrmSessionHandle_Test!!!
[2025-06-05 15:30:14.526] [0mMaster_Distance_to_Slave=58
[2025-06-05 15:30:14.526] [0;34mAPP     :INFO :Conten_Distance_SlaveAnchor[BBBB]_to_FFF7=58
[2025-06-05 15:30:14.526] [0m{"@POSITION": 1, "Master": 32, "Slave": 58, "Gate": 100, "nLos": 0, "idx": 0, "LiftDeep": 60, "RedAreaH": 0, "BlueAreaH": 250, "Speed":3, "User-X":11, "User-Y":22, "User-Z":0,"Auth":9, "Trans":4}
[2025-06-05 15:30:14.740] [0;32mTMLUWB  :RX < :RECV                :62000048 04040000 01000000 00FA0000 00010000 05000001 00000000 01FFF700 00210000 00640000 64000000 00000003 7A000000 00000000 00000000 0E000000 00010300 01030000 00000000
[2025-06-05 15:30:14.740] [0m[0;34mAPP     :INFO :@@@ updateKeepAlive( ): User[1] FFF7 Keep alive = 79
[2025-06-05 15:30:14.740] [0m[0;34mAPP     :INFO :gCapSessionHandle!!!.
[2025-06-05 15:30:14.741] [0m[0;34mAPP     :INFO :@@@ gNumberOfUserinDTPCM = 2, pRangingData->no_of_measurements = 1,i=0
[2025-06-05 15:30:14.741] [0m[0;34mAPP     :INFO :Measure_NLOS = 0, Classification_NLOS =   0
[2025-06-05 15:30:14.741] [0mMaster_Distance_to_FFF7=33
[2025-06-05 15:30:14.741] [0;34mAPP     :INFO :Conten_Distance_MasterAnchor_to_FFF7=33
[2025-06-05 15:30:14.741] [0m[0;34mAPP     :INFO :Current User ( fff7 ) status is : SystemStatus = 0 , DiscoverStatus = 5 , TransactionState = 4 , AuthenticationState = 9
[2025-06-05 15:30:14.741] [0m[0;34mAPP     :INFO :@@@ User Speed is :( fff7 ) , 0 ,(cm/s)
[2025-06-05 15:30:14.741] [0m[0;34mAPP     :INFO :@ b = 33, c = 58, x = 11, y = 20
[2025-06-05 15:30:14.741] [0m[0;34mAPP     :INFO :@ a = 100, d = 100, m = 250, Gate = 100
[2025-06-05 15:30:14.741] [0m[0;34mAPP     :INFO :################################### into red area...##################################################
[2025-06-05 15:30:14.741] [0m[0;34mAPP     :INFO :Only 1 valid card detected, started transaction
[2025-06-05 15:30:14.741] [0m[0;33mAPP     :WARN : Write Card Time < 10s. Return.
[2025-06-05 15:30:14.743] [0m
[2025-06-05 15:30:14.743] [0;32mTMLUWB  :RX < :RECV                :02001700 02000002 00BBBB00 00000000 00040006 000505FF F73A00
[2025-06-05 15:30:14.743] [0m[0;34mAPP     :INFO :gMrmSessionHandle_Test!!!
[2025-06-05 15:30:14.743] [0mMaster_Distance_to_Slave=58
[2025-06-05 15:30:14.743] [0;34mAPP     :INFO :Conten_Distance_SlaveAnchor[BBBB]_to_FFF7=58
[2025-06-05 15:30:14.743] [0m{"@POSITION": 1, "Master": 33, "Slave": 58, "Gate": 100, "nLos": 0, "idx": 0, "LiftDeep": 61, "RedAreaH": 0, "BlueAreaH": 250, "Speed":0, "User-X":11, "User-Y":20, "User-Z":0,"Auth":9, "Trans":4}
[2025-06-05 15:30:14.979] [0;32mTMLUWB  :RX < :RECV                :62000048 05040000 01000000 00FA0000 00010000 05000001 00000000 01FFF700 001E0000 00640000 64000000 00000003 7A000000 00000000 00000000 0E000000 00010300 01030000 00000000
[2025-06-05 15:30:14.980] [0m[0;34mAPP     :INFO :@@@ updateKeepAlive( ): User[1] FFF7 Keep alive = 79
[2025-06-05 15:30:14.980] [0m[0;34mAPP     :INFO :gCapSessionHandle!!!.
[2025-06-05 15:30:14.980] [0m[0;34mAPP     :INFO :@@@ gNumberOfUserinDTPCM = 2, pRangingData->no_of_measurements = 1,i=0
[2025-06-05 15:30:14.981] [0m[0;34mAPP     :INFO :Measure_NLOS = 0, Classification_NLOS =   0
[2025-06-05 15:30:14.981] [0mMaster_Distance_to_FFF7=30
[2025-06-05 15:30:14.981] [0;34mAPP     :INFO :Conten_Distance_MasterAnchor_to_FFF7=30
[2025-06-05 15:30:14.981] [0m[0;34mAPP     :INFO :Current User ( fff7 ) status is : SystemStatus = 0 , DiscoverStatus = 5 , TransactionState = 4 , AuthenticationState = 9
[2025-06-05 15:30:14.982] [0m[0;34mAPP     :INFO :@@@ User Speed is :( fff7 ) , 2 ,(cm/s)
[2025-06-05 15:30:14.982] [0m[0;34mAPP     :INFO :@ b = 30, c = 58, x = 12, y = 23
[2025-06-05 15:30:14.983] [0m[0;34mAPP     :INFO :@ a = 100, d = 100, m = 250, Gate = 100
[2025-06-05 15:30:14.983] [0m[0;34mAPP     :INFO :################################### into red area...##################################################
[2025-06-05 15:30:14.983] [0m[0;34mAPP     :INFO :Only 1 valid card detected, started transaction
[2025-06-05 15:30:14.983] [0m[0;33mAPP     :WARN : Write Card Time < 10s. Return.
[2025-06-05 15:30:14.983] [0m
[2025-06-05 15:30:14.983] [0;32mTMLUWB  :RX < :RECV                :02001700 02000002 00BBBB00 00000000 00050006 000505FF F73900
[2025-06-05 15:30:14.983] [0m[0;34mAPP     :INFO :gMrmSessionHandle_Test!!!
[2025-06-05 15:30:14.983] [0mMaster_Distance_to_Slave=57
[2025-06-05 15:30:14.983] [0;34mAPP     :INFO :Conten_Distance_SlaveAnchor[BBBB]_to_FFF7=57
[2025-06-05 15:30:14.983] [0m{"@POSITION": 1, "Master": 30, "Slave": 57, "Gate": 100, "nLos": 0, "idx": 0, "LiftDeep": 61, "RedAreaH": 0, "BlueAreaH": 250, "Speed":2, "User-X":12, "User-Y":23, "User-Z":0,"Auth":9, "Trans":4}
[2025-06-05 15:30:15.231] [0;32mTMLUWB  :RX < :RECV                :62000048 06040000 01000000 00FA0000 00010000 05000001 00000000 01FFF700 00220000 00640000 64000000 00000003 7A000000 00000000 00000000 0E000000 00010300 01030000 00000000
[2025-06-05 15:30:15.231] [0m[0;34mAPP     :INFO :@@@ updateKeepAlive( ): User[1] FFF7 Keep alive = 79
[2025-06-05 15:30:15.231] [0m[0;34mAPP     :INFO :gCapSessionHandle!!!.
[2025-06-05 15:30:15.233] [0m[0;34mAPP     :INFO :@@@ gNumberOfUserinDTPCM = 2, pRangingData->no_of_measurements = 1,i=0
[2025-06-05 15:30:15.233] [0m[0;34mAPP     :INFO :Measure_NLOS = 0, Classification_NLOS =   0
[2025-06-05 15:30:15.233] [0mMaster_Distance_to_FFF7=34
[2025-06-05 15:30:15.233] [0;34mAPP     :INFO :Conten_Distance_MasterAnchor_to_FFF7=34
[2025-06-05 15:30:15.234] [0m[0;34mAPP     :INFO :Current User ( fff7 ) status is : SystemStatus = 0 , DiscoverStatus = 5 , TransactionState = 4 , AuthenticationState = 9
[2025-06-05 15:30:15.234] [0m[0;34mAPP     :INFO :@@@ User Speed is :( fff7 ) , 1 ,(cm/s)
[2025-06-05 15:30:15.234] [0m[0;34mAPP     :INFO :@ b = 34, c = 57, x = 10, y = 21
[2025-06-05 15:30:15.234] [0m[0;34mAPP     :INFO :@ a = 100, d = 100, m = 250, Gate = 100
[2025-06-05 15:30:15.234] [0m[0;34mAPP     :INFO :################################### into red area...##################################################
[2025-06-05 15:30:15.234] [0m[0;34mAPP     :INFO :Only 1 valid card detected, started transaction
[2025-06-05 15:30:15.234] [0m[0;33mAPP     :WARN : Write Card Time < 10s. Return.
[2025-06-05 15:30:15.234] [0m
[2025-06-05 15:30:15.234] [0;32mTMLUWB  :RX < :RECV                :02001700 02000002 00BBBB00 00000000 00060006 000505FF F73B00
[2025-06-05 15:30:15.234] [0m[0;34mAPP     :INFO :gMrmSessionHandle_Test!!!
[2025-06-05 15:30:15.234] [0mMaster_Distance_to_Slave=59
[2025-06-05 15:30:15.234] [0;34mAPP     :INFO :Conten_Distance_SlaveAnchor[BBBB]_to_FFF7=59
[2025-06-05 15:30:15.234] [0m{"@POSITION": 1, "Master": 34, "Slave": 59, "Gate": 100, "nLos": 0, "idx": 0, "LiftDeep": 61, "RedAreaH": 0, "BlueAreaH": 250, "Speed":1, "User-X":10, "User-Y":21, "User-Z":0,"Auth":9, "Trans":4}
[2025-06-05 15:30:15.486] [0;32mTMLUWB  :RX < :RECV                :62000048 07040000 01000000 00FA0000 00010000 05000001 00000000 01FFF700 00200000 00640000 64000000 00000003 7B000000 00000000 00000000 0E000000 00010300 01030000 00000000
[2025-06-05 15:30:15.488] [0m[0;34mAPP     :INFO :@@@ updateKeepAlive( ): User[1] FFF7 Keep alive = 79
[2025-06-05 15:30:15.488] [0m[0;34mAPP     :INFO :gCapSessionHandle!!!.
[2025-06-05 15:30:15.488] [0m[0;34mAPP     :INFO :@@@ gNumberOfUserinDTPCM = 2, pRangingData->no_of_measurements = 1,i=0
[2025-06-05 15:30:15.488] [0m[0;34mAPP     :INFO :Measure_NLOS = 0, Classification_NLOS =   0
[2025-06-05 15:30:15.488] [0mMaster_Distance_to_FFF7=32
[2025-06-05 15:30:15.488] [0;34mAPP     :INFO :Conten_Distance_MasterAnchor_to_FFF7=32
[2025-06-05 15:30:15.488] [0m[0;34mAPP     :INFO :Current User ( fff7 ) status is : SystemStatus = 0 , DiscoverStatus = 5 , TransactionState = 4 , AuthenticationState = 9
[2025-06-05 15:30:15.489] [0m[0;34mAPP     :INFO :@@@ User Speed is :( fff7 ) , 1 ,(cm/s)
[2025-06-05 15:30:15.489] [0m[0;34mAPP     :INFO :@ b = 32, c = 59, x = 12, y = 20
[2025-06-05 15:30:15.489] [0m[0;34mAPP     :INFO :@ a = 100, d = 100, m = 250, Gate = 100
[2025-06-05 15:30:15.490] [0m[0;34mAPP     :INFO :################################### into red area...##################################################
[2025-06-05 15:30:15.490] [0m[0;34mAPP     :INFO :Only 1 valid card detected, started transaction
[2025-06-05 15:30:15.490] [0m[0;33mAPP     :WARN : Write Card Time < 10s. Return.
[2025-06-05 15:30:15.490] [0m
[2025-06-05 15:30:15.490] [0;32mTMLUWB  :RX < :RECV                :02001700 02000002 00BBBB00 00000000 00070006 000505FF F73800
[2025-06-05 15:30:15.490] [0m[0;34mAPP     :INFO :gMrmSessionHandle_Test!!!
[2025-06-05 15:30:15.490] [0mMaster_Distance_to_Slave=56
[2025-06-05 15:30:15.492] [0;34mAPP     :INFO :Conten_Distance_SlaveAnchor[BBBB]_to_FFF7=56
[2025-06-05 15:30:15.492] [0m{"@POSITION": 1, "Master": 32, "Slave": 56, "Gate": 100, "nLos": 0, "idx": 0, "LiftDeep": 61, "RedAreaH": 0, "BlueAreaH": 250, "Speed":1, "User-X":12, "User-Y":20, "User-Z":0,"Auth":9, "Trans":4}
[2025-06-05 15:30:15.731] [0;32mTMLUWB  :RX < :RECV                :62000048 08040000 01000000 00FA0000 00010000 05000001 00000000 01FFF700 001E0000 00640000 64000000 00000003 7B000000 00000000 00000000 0E000000 00010300 01030000 00000000
[2025-06-05 15:30:15.731] [0m[0;34mAPP     :INFO :@@@ updateKeepAlive( ): User[1] FFF7 Keep alive = 79
[2025-06-05 15:30:15.731] [0m[0;34mAPP     :INFO :gCapSessionHandle!!!.
[2025-06-05 15:30:15.731] [0m[0;34mAPP     :INFO :@@@ gNumberOfUserinDTPCM = 2, pRangingData->no_of_measurements = 1,i=0
[2025-06-05 15:30:15.732] [0m[0;34mAPP     :INFO :Measure_NLOS = 0, Classification_NLOS =   0
[2025-06-05 15:30:15.732] [0mMaster_Distance_to_FFF7=30
[2025-06-05 15:30:15.732] [0;34mAPP     :INFO :Conten_Distance_MasterAnchor_to_FFF7=30
[2025-06-05 15:30:15.732] [0m[0;34mAPP     :INFO :Current User ( fff7 ) status is : SystemStatus = 0 , DiscoverStatus = 5 , TransactionState = 4 , AuthenticationState = 9
[2025-06-05 15:30:15.732] [0m[0;34mAPP     :INFO :@@@ User Speed is :( fff7 ) , 1 ,(cm/s)
[2025-06-05 15:30:15.734] [0m[0;34mAPP     :INFO :@ b = 30, c = 56, x = 11, y = 24
[2025-06-05 15:30:15.735] [0m[0;34mAPP     :INFO :@ a = 100, d = 100, m = 250, Gate = 100
[2025-06-05 15:30:15.735] [0m[0;34mAPP     :INFO :################################### into red area...##################################################
[2025-06-05 15:30:15.735] [0m[0;34mAPP     :INFO :Only 1 valid card detected, started transaction
[2025-06-05 15:30:15.735] [0m[0;33mAPP     :WARN : Write Card Time < 10s. Return.
[2025-06-05 15:30:15.735] [0m
[2025-06-05 15:30:15.735] [0;32mTMLUWB  :RX < :RECV                :02001700 02000002 00BBBB00 00000000 00080006 000505FF F73800
[2025-06-05 15:30:15.735] [0m[0;34mAPP     :INFO :gMrmSessionHandle_Test!!!
[2025-06-05 15:30:15.735] [0mMaster_Distance_to_Slave=56
[2025-06-05 15:30:15.735] [0;34mAPP     :INFO :Conten_Distance_SlaveAnchor[BBBB]_to_FFF7=56
[2025-06-05 15:30:15.735] [0m{"@POSITION": 1, "Master": 30, "Slave": 56, "Gate": 100, "nLos": 0, "idx": 0, "LiftDeep": 61, "RedAreaH": 0, "BlueAreaH": 250, "Speed":1, "User-X":11, "User-Y":24, "User-Z":0,"Auth":9, "Trans":4}
