[2025-05-24 15:08:19.158] [0;32mTMLUWB  :RX < :RECV                :62000023 D6D90000 01000000 00FA0000 00010000 05000001 00000000 00080000 00000103 000103
[2025-05-24 15:08:19.158] [0m[0;34mAPP     :INFO :No User to r or w | SystemStatus = 0
[2025-05-24 15:08:19.159] [0m
[2025-05-24 15:08:19.418] [0;32mTMLUWB  :RX < :RECV                :62000023 D7D90000 01000000 00FA0000 00010000 05000001 00000000 00080000 00000103 000103
[2025-05-24 15:08:19.418] [0m[0;34mAPP     :INFO :No User to r or w | SystemStatus = 0
[2025-05-24 15:08:19.418] [0m
[2025-05-24 15:08:19.666] [0;32mTMLUWB  :RX < :RECV                :62000023 D8D90000 01000000 00FA0000 00010000 05000001 00000000 00080000 00000103 000103
[2025-05-24 15:08:19.666] [0m[0;34mAPP     :INFO :No User to r or w | SystemStatus = 0
[2025-05-24 15:08:19.666] [0m
[2025-05-24 15:08:19.914] [0;32mTMLUWB  :RX < :RECV                :62000023 D9D90000 01000000 00FA0000 00010000 05000001 00000000 00080000 00000103 000103
[2025-05-24 15:08:19.915] [0m[0;34mAPP     :INFO :No User to r or w | SystemStatus = 0
[2025-05-24 15:08:19.915] [0m
[2025-05-24 15:08:20.162] [0;32mTMLUWB  :RX < :RECV                :62000023 DAD90000 01000000 00FA0000 00010000 05000001 00000000 00080000 00000103 000103
[2025-05-24 15:08:20.162] [0m[0;34mAPP     :INFO :No User to r or w | SystemStatus = 0
[2025-05-24 15:08:20.162] [0m
[2025-05-24 15:08:20.409] [0;32mTMLUWB  :RX < :RECV                :62000023 DBD90000 01000000 00FA0000 00010000 05000001 00000000 00080000 00000103 000103
[2025-05-24 15:08:20.411] [0m[0;34mAPP     :INFO :No User to r or w | SystemStatus = 0
[2025-05-24 15:08:20.411] [0m
[2025-05-24 15:08:20.671] [0;32mTMLUWB  :RX < :RECV                :62000023 DCD90000 01000000 00FA0000 00010000 05000001 00000000 00080000 00000103 000103
[2025-05-24 15:08:20.671] [0m[0;34mAPP     :INFO :No User to r or w | SystemStatus = 0
[2025-05-24 15:08:20.671] [0m
[2025-05-24 15:08:20.910] [0;32mTMLUWB  :RX < :RECV                :62000023 DDD90000 01000000 00FA0000 00010000 05000001 00000000 00080000 00000103 000103
[2025-05-24 15:08:20.911] [0m[0;34mAPP     :INFO :No User to r or w | SystemStatus = 0
[2025-05-24 15:08:20.911] [0m
[2025-05-24 15:08:21.167] [0;32mTMLUWB  :RX < :RECV                :62000023 DED90000 01000000 00FA0000 00010000 05000001 00000000 00080000 00000103 000103
[2025-05-24 15:08:21.167] [0m[0;34mAPP     :INFO :No User to r or w | SystemStatus = 0
[2025-05-24 15:08:21.167] [0m
[2025-05-24 15:08:21.417] [0;32mTMLUWB  :RX < :RECV                :62000023 DFD90000 01000000 00FA0000 00010000 05000001 00000000 00080000 00000103 000103
[2025-05-24 15:08:21.417] [0m[0;34mAPP     :INFO :No User to r or w | SystemStatus = 0
[2025-05-24 15:08:21.417] [0m
[2025-05-24 15:08:21.665] [0;32mTMLUWB  :RX < :RECV                :62000023 E0D90000 01000000 00FA0000 00010000 05000001 00000000 00080000 00000103 000103
[2025-05-24 15:08:21.665] [0m[0;34mAPP     :INFO :No User to r or w | SystemStatus = 0
[2025-05-24 15:08:21.665] [0m
[2025-05-24 15:08:21.914] [0;32mTMLUWB  :RX < :RECV                :62000023 E1D90000 01000000 00FA0000 00010000 05000001 00000000 00080000 00000103 000103
[2025-05-24 15:08:21.914] [0m[0;34mAPP     :INFO :No User to r or w | SystemStatus = 0
[2025-05-24 15:08:21.914] [0m
[2025-05-24 15:08:22.163] [0;32mTMLUWB  :RX < :RECV                :62000023 E2D90000 01000000 00FA0000 00010000 05000001 00000000 00080000 00000103 000103
[2025-05-24 15:08:22.163] [0m[0;34mAPP     :INFO :No User to r or w | SystemStatus = 0
[2025-05-24 15:08:22.163] [0m
[2025-05-24 15:08:22.422] [0;32mTMLUWB  :RX < :RECV                :62000023 E3D90000 01000000 00FA0000 00010000 05000001 00000000 00080000 00000103 000103
[2025-05-24 15:08:22.422] [0m[0;34mAPP     :INFO :No User to r or w | SystemStatus = 0
[2025-05-24 15:08:22.422] [0m
[2025-05-24 15:08:22.661] [0;32mTMLUWB  :RX < :RECV                :62000023 E4D90000 01000000 00FA0000 00010000 05000001 00000000 00080000 00000103 000103
[2025-05-24 15:08:22.662] [0m[0;34mAPP     :INFO :No User to r or w | SystemStatus = 0
[2025-05-24 15:08:22.662] [0m
[2025-05-24 15:08:22.909] [0;32mTMLUWB  :RX < :RECV                :62000023 E5D90000 01000000 00FA0000 00010000 05000001 00000000 00080000 00000103 000103
[2025-05-24 15:08:22.909] [0m[0;34mAPP     :INFO :No User to r or w | SystemStatus = 0
[2025-05-24 15:08:22.909] [0m
[2025-05-24 15:08:23.167] [0;32mTMLUWB  :RX < :RECV                :62000023 E6D90000 01000000 00FA0000 00010000 05000001 00000000 00080000 00000103 000103
[2025-05-24 15:08:23.167] [0m[0;34mAPP     :INFO :No User to r or w | SystemStatus = 0
[2025-05-24 15:08:23.167] [0m
[2025-05-24 15:08:23.414] [0;32mTMLUWB  :RX < :RECV                :62000023 E7D90000 01000000 00FA0000 00010000 05000001 00000000 00080000 00000103 000103
[2025-05-24 15:08:23.414] [0m[0;34mAPP     :INFO :No User to r or w | SystemStatus = 0
[2025-05-24 15:08:23.414] [0m
[2025-05-24 15:08:23.661] [0;32mTMLUWB  :RX < :RECV                :62000023 E8D90000 01000000 00FA0000 00010000 05000001 00000000 00080000 00000103 000103
[2025-05-24 15:08:23.661] [0m[0;34mAPP     :INFO :No User to r or w | SystemStatus = 0
[2025-05-24 15:08:23.661] [0m
[2025-05-24 15:08:23.910] [0;32mTMLUWB  :RX < :RECV                :62000023 E9D90000 01000000 00FA0000 00010000 05000001 00000000 00080000 00000103 000103
[2025-05-24 15:08:23.910] [0m[0;34mAPP     :INFO :No User to r or w | SystemStatus = 0
[2025-05-24 15:08:23.910] [0m
[2025-05-24 15:08:24.169] [0;32mTMLUWB  :RX < :RECV                :62000023 EAD90000 01000000 00FA0000 00010000 05000001 00000000 00080000 00000103 000103
[2025-05-24 15:08:24.169] [0m[0;34mAPP     :INFO :No User to r or w | SystemStatus = 0
[2025-05-24 15:08:24.169] [0m
[2025-05-24 15:08:24.422] [0;32mTMLUWB  :RX < :RECV                :62000023 EBD90000 01000000 00FA0000 00010000 05000001 00000000 00080000 00000103 000103
[2025-05-24 15:08:24.422] [0m[0;34mAPP     :INFO :No User to r or w | SystemStatus = 0
[2025-05-24 15:08:24.422] [0m
[2025-05-24 15:08:24.667] [0;32mTMLUWB  :RX < :RECV                :62000023 ECD90000 01000000 00FA0000 00010000 05000001 00000000 00080000 00000103 000103
[2025-05-24 15:08:24.667] [0m[0;34mAPP     :INFO :No User to r or w | SystemStatus = 0
[2025-05-24 15:08:24.667] [0m
[2025-05-24 15:08:24.914] [0;32mTMLUWB  :RX < :RECV                :62000023 EDD90000 01000000 00FA0000 00010000 05000001 00000000 00080000 00000103 000103
[2025-05-24 15:08:24.914] [0m[0;34mAPP     :INFO :No User to r or w | SystemStatus = 0
[2025-05-24 15:08:24.914] [0m
