[2025-05-21 17:00:48.469] [0;32mTMLUWB  :RX < :RECV                :62000023 C5820100 01000000 00FA0000 00010000 05000001 00000000 00080000 00000103 000103
[2025-05-21 17:00:48.472] [0m[0;34mAPP     :INFO :No User to r or w | SystemStatus = 0
[2025-05-21 17:00:48.474] [0m
[2025-05-21 17:00:48.710] [0;32mTMLUWB  :RX < :RECV                :62000023 C6820100 01000000 00FA0000 00010000 05000001 00000000 00080000 00000103 000103
[2025-05-21 17:00:48.712] [0m[0;34mAPP     :INFO :No User to r or w | SystemStatus = 0
[2025-05-21 17:00:48.712] [0m
[2025-05-21 17:00:48.960] [0;32mTMLUWB  :RX < :RECV                :62000023 C7820100 01000000 00FA0000 00010000 05000001 00000000 00080000 00000103 000103
[2025-05-21 17:00:48.962] [0m[0;34mAPP     :INFO :No User to r or w | SystemStatus = 0
[2025-05-21 17:00:48.962] [0m
[2025-05-21 17:00:49.219] [0;32mTMLUWB  :RX < :RECV                :62000023 C8820100 01000000 00FA0000 00010000 05000001 00000000 00080000 00000103 000103
[2025-05-21 17:00:49.219] [0m[0;34mAPP     :INFO :No User to r or w | SystemStatus = 0
[2025-05-21 17:00:49.219] [0m
[2025-05-21 17:00:49.486] [0;32mTMLUWB  :RX < :RECV                :62000023 C9820100 01000000 00FA0000 00010000 05000001 00000000 00080000 00000103 000103
[2025-05-21 17:00:49.486] [0m[0;34mAPP     :INFO :No User to r or w | SystemStatus = 0
[2025-05-21 17:00:49.486] [0m
[2025-05-21 17:00:49.720] [0;32mTMLUWB  :RX < :RECV                :62000023 CA820100 01000000 00FA0000 00010000 05000001 00000000 00080000 00000103 000103
[2025-05-21 17:00:49.720] [0m[0;34mAPP     :INFO :No User to r or w | SystemStatus = 0
[2025-05-21 17:00:49.720] [0m
[2025-05-21 17:00:49.966] [0;32mTMLUWB  :RX < :RECV                :62000023 CB820100 01000000 00FA0000 00010000 05000001 00000000 00080000 00000103 000103
[2025-05-21 17:00:49.967] [0m[0;34mAPP     :INFO :No User to r or w | SystemStatus = 0
[2025-05-21 17:00:49.967] [0m
[2025-05-21 17:00:50.213] [0;32mTMLUWB  :RX < :RECV                :62000023 CC820100 01000000 00FA0000 00010000 05000001 00000000 00080000 00000103 000103
[2025-05-21 17:00:50.214] [0m[0;34mAPP     :INFO :No User to r or w | SystemStatus = 0
[2025-05-21 17:00:50.214] [0m
[2025-05-21 17:00:50.462] [0;32mTMLUWB  :RX < :RECV                :62000023 CD820100 01000000 00FA0000 00010000 05000001 00000000 00080000 00000103 000103
[2025-05-21 17:00:50.463] [0m[0;34mAPP     :INFO :No User to r or w | SystemStatus = 0
[2025-05-21 17:00:50.463] [0m
[2025-05-21 17:00:50.710] [0;32mTMLUWB  :RX < :RECV                :62000023 CE820100 01000000 00FA0000 00010000 05000001 00000000 00080000 00000103 000103
[2025-05-21 17:00:50.711] [0m[0;34mAPP     :INFO :No User to r or w | SystemStatus = 0
[2025-05-21 17:00:50.711] [0m
