[2025-05-21 17:00:54.467] [0;32mTMLUWB  :RX < :RECV                :62000023 DD820100 01000000 00FA0000 00010000 05000001 00000000 00080000 00000103 000103
[2025-05-21 17:00:54.467] [0m[0;34mAPP     :INFO :No User to r or w | SystemStatus = 0
[2025-05-21 17:00:54.467] [0m
[2025-05-21 17:00:54.729] [0;32mTMLUWB  :RX < :RECV                :62000023 DE820100 01000000 00FA0000 00010000 05000001 00000000 00080000 00000103 000103
[2025-05-21 17:00:54.729] [0m[0;34mAPP     :INFO :No User to r or w | SystemStatus = 0
[2025-05-21 17:00:54.730] [0m
[2025-05-21 17:00:54.980] [0;32mTMLUWB  :RX < :RECV                :62000023 DF820100 01000000 00FA0000 00010000 05000001 00000000 00080000 00000103 000103
[2025-05-21 17:00:54.999] [0m[0;34mAPP     :INFO :No User to r or w | SystemStatus = 0
[2025-05-21 17:00:54.999] [0m
[2025-05-21 17:00:55.210] [0;32mTMLUWB  :RX < :RECV                :62000023 E0820100 01000000 00FA0000 00010000 05000001 00000000 00080000 00000103 000103
[2025-05-21 17:00:55.210] [0m[0;34mAPP     :INFO :No User to r or w | SystemStatus = 0
[2025-05-21 17:00:55.228] [0m
[2025-05-21 17:00:55.469] [0;32mTMLUWB  :RX < :RECV                :62000023 E1820100 01000000 00FA0000 00010000 05000001 00000000 00080000 00000103 000103
[2025-05-21 17:00:55.471] [0m[0;34mAPP     :INFO :No User to r or w | SystemStatus = 0
[2025-05-21 17:00:55.471] [0m
[2025-05-21 17:00:55.719] [0;32mTMLUWB  :RX < :RECV                :62000023 E2820100 01000000 00FA0000 00010000 05000001 00000000 00080000 00000103 000103
[2025-05-21 17:00:55.720] [0m[0;34mAPP     :INFO :No User to r or w | SystemStatus = 0
[2025-05-21 17:00:55.720] [0m
[2025-05-21 17:00:55.967] [0;32mTMLUWB  :RX < :RECV                :62000023 E3820100 01000000 00FA0000 00010000 05000001 00000000 00080000 00000103 000103
[2025-05-21 17:00:55.968] [0m[0;34mAPP     :INFO :No User to r or w | SystemStatus = 0
[2025-05-21 17:00:55.969] [0m
[2025-05-21 17:00:56.216] [0;32mTMLUWB  :RX < :RECV                :62000023 E4820100 01000000 00FA0000 00010000 05000001 00000000 00080000 00000103 000103
[2025-05-21 17:00:56.216] [0m[0;34mAPP     :INFO :No User to r or w | SystemStatus = 0
[2025-05-21 17:00:56.217] [0m
