[2025-08-15 10:33:16.942] [0;32mTMLUWB  :RX < :RECV                :02001300 02000002 00AAAA00 00000000 00F50002 000105
[2025-08-15 10:33:16.942] [0m[0;32mTMLUWB  :RX < :RECV                :62000023 FE000000 01000000 00FA0000 00010000 04000001 00000000 00080000 00000103 000103
[2025-08-15 10:33:16.942] [0m[0;34mAPP     :INFO :No User to r or w | SystemStatus = 0
[2025-08-15 10:33:16.943] [0m
[2025-08-15 10:33:17.196] [0;32mTMLUWB  :RX < :RECV                :02001300 02000002 00AAAA00 00000000 00F60002 000105
[2025-08-15 10:33:17.197] [0m[0;32mTMLUWB  :RX < :RECV                :62000023 FF000000 01000000 00FA0000 00010000 04000001 00000000 00080000 00000103 000103
[2025-08-15 10:33:17.197] [0m[0;34mAPP     :INFO :No User to r or w | SystemStatus = 0
[2025-08-15 10:33:17.214] [0m
[2025-08-15 10:33:17.446] [0;32mTMLUWB  :RX < :RECV                :02001300 02000002 00AAAA00 00000000 00F70002 000105
[2025-08-15 10:33:17.446] [0m[0;32mTMLUWB  :RX < :RECV                :62000023 00010000 01000000 00FA0000 00010000 04000001 00000000 00080000 00000103 000103
[2025-08-15 10:33:17.446] [0m[0;34mAPP     :INFO :No User to r or w | SystemStatus = 0
[2025-08-15 10:33:17.446] [0m
[2025-08-15 10:33:17.696] [0;32mTMLUWB  :RX < :RECV                :02001300 02000002 00AAAA00 00000000 00F80002 000105
[2025-08-15 10:33:17.697] [0m[0;32mTMLUWB  :RX < :RECV                :62000023 01010000 01000000 00FA0000 00010000 04000001 00000000 00080000 00000103 000103
[2025-08-15 10:33:17.697] [0m[0;34mAPP     :INFO :No User to r or w | SystemStatus = 0
[2025-08-15 10:33:17.697] [0m
[2025-08-15 10:33:17.949] [0;32mTMLUWB  :RX < :RECV                :02001300 02000002 00AAAA00 00000000 00F90002 000105
[2025-08-15 10:33:17.949] [0m[0;32mTMLUWB  :RX < :RECV                :62000023 02010000 01000000 00FA0000 00010000 04000001 00000000 00080000 00000103 000103
[2025-08-15 10:33:17.949] [0m[0;34mAPP     :INFO :No User to r or w | SystemStatus = 0
[2025-08-15 10:33:17.949] [0m
[2025-08-15 10:33:18.208] [0;32mTMLUWB  :RX < :RECV                :02001300 02000002 00AAAA00 00000000 00FA0002 000105
[2025-08-15 10:33:18.208] [0m[0;32mTMLUWB  :RX < :RECV                :62000023 03010000 01000000 00FA0000 00010000 04000001 00000000 00080000 00000103 000103
[2025-08-15 10:33:18.208] [0m[0;34mAPP     :INFO :No User to r or w | SystemStatus = 0
[2025-08-15 10:33:18.208] [0m
[2025-08-15 10:33:18.452] [0;32mTMLUWB  :RX < :RECV                :02001300 02000002 00AAAA00 00000000 00FB0002 000105
[2025-08-15 10:33:18.452] [0m[0;32mTMLUWB  :RX < :RECV                :62000023 04010000 01000000 00FA0000 00010000 04000001 00000000 00080000 00000103 000103
[2025-08-15 10:33:18.452] [0m[0;34mAPP     :INFO :No User to r or w | SystemStatus = 0
[2025-08-15 10:33:18.452] [0m
[2025-08-15 10:33:18.702] [0;32mTMLUWB  :RX < :RECV                :02001300 02000002 00AAAA00 00000000 00FC0002 000105
[2025-08-15 10:33:18.702] [0m[0;32mTMLUWB  :RX < :RECV                :62000023 05010000 01000000 00FA0000 00010000 04000001 00000000 00080000 00000103 000103
[2025-08-15 10:33:18.702] [0m[0;34mAPP     :INFO :No User to r or w | SystemStatus = 0
[2025-08-15 10:33:18.702] [0m
[2025-08-15 10:33:18.947] [0;32mTMLUWB  :RX < :RECV                :02001300 02000002 00AAAA00 00000000 00FD0002 000105
[2025-08-15 10:33:18.947] [0m[0;32mTMLUWB  :RX < :RECV                :62000023 06010000 01000000 00FA0000 00010000 04000001 00000000 00080000 00000103 000103
[2025-08-15 10:33:18.947] [0m[0;34mAPP     :INFO :No User to r or w | SystemStatus = 0
[2025-08-15 10:33:18.947] [0m
[2025-08-15 10:33:19.207] [0;32mTMLUWB  :RX < :RECV                :02001300 02000002 00AAAA00 00000000 00FE0002 000105
[2025-08-15 10:33:19.207] [0m[0;32mTMLUWB  :RX < :RECV                :62000023 07010000 01000000 00FA0000 00010000 04000001 00000000 00080000 00000103 000103
[2025-08-15 10:33:19.207] [0m[0;34mAPP     :INFO :No User to r or w | SystemStatus = 0
[2025-08-15 10:33:19.207] [0m
[2025-08-15 10:33:19.452] [0;32mTMLUWB  :RX < :RECV                :02001300 02000002 00AAAA00 00000000 00FF0002 000105
[2025-08-15 10:33:19.452] [0m[0;32mTMLUWB  :RX < :RECV                :62000023 08010000 01000000 00FA0000 00010000 04000001 00000000 00080000 00000103 000103
[2025-08-15 10:33:19.453] [0m[0;34mAPP     :INFO :No User to r or w | SystemStatus = 0
[2025-08-15 10:33:19.453] [0m
[2025-08-15 10:33:19.703] [0;32mTMLUWB  :RX < :RECV                :02001300 02000002 00AAAA00 00000000 00000002 000105
[2025-08-15 10:33:19.703] [0m[0;32mTMLUWB  :RX < :RECV                :62000023 09010000 01000000 00FA0000 00010000 04000001 00000000 00080000 00000103 000103
[2025-08-15 10:33:19.703] [0m[0;34mAPP     :INFO :No User to r or w | SystemStatus = 0
[2025-08-15 10:33:19.703] [0m
[2025-08-15 10:33:19.957] [0;32mTMLUWB  :RX < :RECV                :02001300 02000002 00AAAA00 00000000 00010002 000105
[2025-08-15 10:33:19.957] [0m[0;32mTMLUWB  :RX < :RECV                :62000023 0A010000 01000000 00FA0000 00010000 04000001 00000000 00080000 00000103 000103
[2025-08-15 10:33:19.957] [0m[0;34mAPP     :INFO :No User to r or w | SystemStatus = 0
[2025-08-15 10:33:19.957] [0m
[2025-08-15 10:33:20.204] [0;32mTMLUWB  :RX < :RECV                :02001300 02000002 00AAAA00 00000000 00020002 000105
[2025-08-15 10:33:20.204] [0m[0;32mTMLUWB  :RX < :RECV                :62000023 0B010000 01000000 00FA0000 00010000 04000001 00000000 00080000 00000103 000103
[2025-08-15 10:33:20.204] [0m[0;34mAPP     :INFO :No User to r or w | SystemStatus = 0
[2025-08-15 10:33:20.204] [0m
[2025-08-15 10:33:20.448] [0;32mTMLUWB  :RX < :RECV                :02001300 02000002 00AAAA00 00000000 00030002 000105
[2025-08-15 10:33:20.448] [0m[0;32mTMLUWB  :RX < :RECV                :62000023 0C010000 01000000 00FA0000 00010000 04000001 00000000 00080000 00000103 000103
[2025-08-15 10:33:20.448] [0m[0;34mAPP     :INFO :No User to r or w | SystemStatus = 0
[2025-08-15 10:33:20.448] [0m
[2025-08-15 10:33:20.700] [0;32mTMLUWB  :RX < :RECV                :02001300 02000002 00AAAA00 00000000 00040002 000105
[2025-08-15 10:33:20.700] [0m[0;32mTMLUWB  :RX < :RECV                :62000023 0D010000 01000000 00FA0000 00010000 04000001 00000000 00080000 00000103 000103
[2025-08-15 10:33:20.700] [0m[0;34mAPP     :INFO :No User to r or w | SystemStatus = 0
[2025-08-15 10:33:20.700] [0m
[2025-08-15 10:33:20.954] [0;32mTMLUWB  :RX < :RECV                :02001300 02000002 00AAAA00 00000000 00050002 000105
[2025-08-15 10:33:20.954] [0m[0;32mTMLUWB  :RX < :RECV                :62000023 0E010000 01000000 00FA0000 00010000 04000001 00000000 00080000 00000103 000103
[2025-08-15 10:33:20.954] [0m[0;34mAPP     :INFO :No User to r or w | SystemStatus = 0
[2025-08-15 10:33:20.954] [0m
[2025-08-15 10:33:21.197] [0;32mTMLUWB  :RX < :RECV                :02001300 02000002 00AAAA00 00000000 00060002 000105
[2025-08-15 10:33:21.197] [0m[0;32mTMLUWB  :RX < :RECV                :62000023 0F010000 01000000 00FA0000 00010000 04000001 00000000 00080000 00000103 000103
[2025-08-15 10:33:21.197] [0m[0;34mAPP     :INFO :No User to r or w | SystemStatus = 0
[2025-08-15 10:33:21.197] [0m
[2025-08-15 10:33:21.446] [0;32mTMLUWB  :RX < :RECV                :02001300 02000002 00AAAA00 00000000 00070002 000105
[2025-08-15 10:33:21.446] [0m[0;32mTMLUWB  :RX < :RECV                :62000023 10010000 01000000 00FA0000 00010000 04000001 00000000 00080000 00000103 000103
[2025-08-15 10:33:21.446] [0m[0;34mAPP     :INFO :No User to r or w | SystemStatus = 0
[2025-08-15 10:33:21.446] [0m
[2025-08-15 10:33:21.711] [0;32mTMLUWB  :RX < :RECV                :02001300 02000002 00AAAA00 00000000 00080002 000105
[2025-08-15 10:33:21.712] [0m[0;32mTMLUWB  :RX < :RECV                :62000023 11010000 01000000 00FA0000 00010000 04000001 00000000 00080000 00000103 000103
[2025-08-15 10:33:21.712] [0m[0;34mAPP     :INFO :No User to r or w | SystemStatus = 0
[2025-08-15 10:33:21.712] [0m
[2025-08-15 10:33:21.954] [0;32mTMLUWB  :RX < :RECV                :02001300 02000002 00AAAA00 00000000 00090002 000105
[2025-08-15 10:33:21.954] [0m[0;32mTMLUWB  :RX < :RECV                :62000023 12010000 01000000 00FA0000 00010000 04000001 00000000 00080000 00000103 000103
[2025-08-15 10:33:21.954] [0m[0;34mAPP     :INFO :No User to r or w | SystemStatus = 0
[2025-08-15 10:33:21.954] [0m
[2025-08-15 10:33:22.213] [0;32mTMLUWB  :RX < :RECV                :02001300 02000002 00AAAA00 00000000 000A0002 000105
[2025-08-15 10:33:22.213] [0m[0;32mTMLUWB  :RX < :RECV                :62000023 13010000 01000000 00FA0000 00010000 04000001 00000000 00080000 00000103 000103
[2025-08-15 10:33:22.213] [0m[0;34mAPP     :INFO :No User to r or w | SystemStatus = 0
[2025-08-15 10:33:22.213] [0m
[2025-08-15 10:33:22.454] [0;32mTMLUWB  :RX < :RECV                :02001300 02000002 00AAAA00 00000000 000B0002 000105
[2025-08-15 10:33:22.454] [0m[0;32mTMLUWB  :RX < :RECV                :62000023 14010000 01000000 00FA0000 00010000 04000001 00000000 00080000 00000103 000103
[2025-08-15 10:33:22.455] [0m[0;34mAPP     :INFO :No User to r or w | SystemStatus = 0
[2025-08-15 10:33:22.455] [0m
[2025-08-15 10:33:22.705] [0;32mTMLUWB  :RX < :RECV                :02001300 02000002 00AAAA00 00000000 000C0002 000105
[2025-08-15 10:33:22.705] [0m[0;32mTMLUWB  :RX < :RECV                :62000023 15010000 01000000 00FA0000 00010000 04000001 00000000 00080000 00000103 000103
[2025-08-15 10:33:22.705] [0m[0;34mAPP     :INFO :No User to r or w | SystemStatus = 0
[2025-08-15 10:33:22.705] [0m
[2025-08-15 10:33:22.952] [0;32mTMLUWB  :RX < :RECV                :02001300 02000002 00AAAA00 00000000 000D0002 000105
[2025-08-15 10:33:22.952] [0m[0;32mTMLUWB  :RX < :RECV                :62000023 16010000 01000000 00FA0000 00010000 04000001 00000000 00080000 00000103 000103
[2025-08-15 10:33:22.952] [0m[0;34mAPP     :INFO :No User to r or w | SystemStatus = 0
[2025-08-15 10:33:22.952] [0m
[2025-08-15 10:33:23.204] [0;32mTMLUWB  :RX < :RECV                :02001300 02000002 00AAAA00 00000000 000E0002 000105
[2025-08-15 10:33:23.204] [0m[0;32mTMLUWB  :RX < :RECV                :62000023 17010000 01000000 00FA0000 00010000 04000001 00000000 00080000 00000103 000103
[2025-08-15 10:33:23.204] [0m[0;34mAPP     :INFO :No User to r or w | SystemStatus = 0
[2025-08-15 10:33:23.204] [0m
[2025-08-15 10:33:23.451] [0;32mTMLUWB  :RX < :RECV                :02001300 02000002 00AAAA00 00000000 000F0002 000105
[2025-08-15 10:33:23.451] [0m[0;32mTMLUWB  :RX < :RECV                :62000023 18010000 01000000 00FA0000 00010000 04000001 00000000 00080000 00000103 000103
[2025-08-15 10:33:23.451] [0m[0;34mAPP     :INFO :No User to r or w | SystemStatus = 0
[2025-08-15 10:33:23.451] [0m
[2025-08-15 10:33:23.698] [0;32mTMLUWB  :RX < :RECV                :02001300 02000002 00AAAA00 00000000 00100002 000105
[2025-08-15 10:33:23.698] [0m[0;32mTMLUWB  :RX < :RECV                :62000023 19010000 01000000 00FA0000 00010000 04000001 00000000 00080000 00000103 000103
[2025-08-15 10:33:23.698] [0m[0;34mAPP     :INFO :No User to r or w | SystemStatus = 0
[2025-08-15 10:33:23.698] [0m
[2025-08-15 10:33:23.959] [0;32mTMLUWB  :RX < :RECV                :02001300 02000002 00AAAA00 00000000 00110002 000105
[2025-08-15 10:33:23.959] [0m[0;32mTMLUWB  :RX < :RECV                :62000023 1A010000 01000000 00FA0000 00010000 04000001 00000000 00080000 00000103 000103
[2025-08-15 10:33:23.960] [0m[0;34mAPP     :INFO :No User to r or w | SystemStatus = 0
[2025-08-15 10:33:23.960] [0m
[2025-08-15 10:33:24.203] [0;32mTMLUWB  :RX < :RECV                :02001300 02000002 00AAAA00 00000000 00120002 000105
[2025-08-15 10:33:24.203] [0m[0;32mTMLUWB  :RX < :RECV                :62000023 1B010000 01000000 00FA0000 00010000 04000001 00000000 00080000 00000103 000103
[2025-08-15 10:33:24.203] [0m[0;34mAPP     :INFO :No User to r or w | SystemStatus = 0
[2025-08-15 10:33:24.203] [0m
[2025-08-15 10:33:24.457] [0;32mTMLUWB  :RX < :RECV                :02001300 02000002 00AAAA00 00000000 00130002 000105
[2025-08-15 10:33:24.457] [0m[0;32mTMLUWB  :RX < :RECV                :62000023 1C010000 01000000 00FA0000 00010000 04000001 00000000 00080000 00000103 000103
[2025-08-15 10:33:24.457] [0m[0;34mAPP     :INFO :No User to r or w | SystemStatus = 0
[2025-08-15 10:33:24.457] [0m
[2025-08-15 10:33:24.707] [0;32mTMLUWB  :RX < :RECV                :02001300 02000002 00AAAA00 00000000 00140002 000105
[2025-08-15 10:33:24.707] [0m[0;32mTMLUWB  :RX < :RECV                :62000023 1D010000 01000000 00FA0000 00010000 04000001 00000000 00080000 00000103 000103
[2025-08-15 10:33:24.707] [0m[0;34mAPP     :INFO :No User to r or w | SystemStatus = 0
[2025-08-15 10:33:24.707] [0m
[2025-08-15 10:33:24.951] [0;32mTMLUWB  :RX < :RECV                :02001300 02000002 00AAAA00 00000000 00150002 000105
[2025-08-15 10:33:24.952] [0m[0;32mTMLUWB  :RX < :RECV                :62000023 1E010000 01000000 00FA0000 00010000 04000001 00000000 00080000 00000103 000103
[2025-08-15 10:33:24.952] [0m[0;34mAPP     :INFO :No User to r or w | SystemStatus = 0
[2025-08-15 10:33:24.952] [0m
[2025-08-15 10:33:25.206] [0;32mTMLUWB  :RX < :RECV                :02001300 02000002 00AAAA00 00000000 00160002 000105
[2025-08-15 10:33:25.206] [0m[0;32mTMLUWB  :RX < :RECV                :62000023 1F010000 01000000 00FA0000 00010000 04000001 00000000 00080000 00000103 000103
[2025-08-15 10:33:25.206] [0m[0;34mAPP     :INFO :No User to r or w | SystemStatus = 0
[2025-08-15 10:33:25.206] [0m
[2025-08-15 10:33:25.455] [0;32mTMLUWB  :RX < :RECV                :02001300 02000002 00AAAA00 00000000 00170002 000105
[2025-08-15 10:33:25.456] [0m[0;32mTMLUWB  :RX < :RECV                :62000023 20010000 01000000 00FA0000 00010000 04000001 00000000 00080000 00000103 000103
[2025-08-15 10:33:25.456] [0m[0;34mAPP     :INFO :No User to r or w | SystemStatus = 0
[2025-08-15 10:33:25.456] [0m
[2025-08-15 10:33:25.705] [0;32mTMLUWB  :RX < :RECV                :02001300 02000002 00AAAA00 00000000 00180002 000105
[2025-08-15 10:33:25.705] [0m[0;32mTMLUWB  :RX < :RECV                :62000023 21010000 01000000 00FA0000 00010000 04000001 00000000 00080000 00000103 000103
[2025-08-15 10:33:25.705] [0m[0;34mAPP     :INFO :No User to r or w | SystemStatus = 0
[2025-08-15 10:33:25.705] [0m
[2025-08-15 10:33:25.953] [0;32mTMLUWB  :RX < :RECV                :02001300 02000002 00AAAA00 00000000 00190002 000105
[2025-08-15 10:33:25.953] [0m[0;32mTMLUWB  :RX < :RECV                :62000023 22010000 01000000 00FA0000 00010000 04000001 00000000 00080000 00000103 000103
[2025-08-15 10:33:25.953] [0m[0;34mAPP     :INFO :No User to r or w | SystemStatus = 0
[2025-08-15 10:33:25.953] [0m
[2025-08-15 10:33:26.205] [0;32mTMLUWB  :RX < :RECV                :02001300 02000002 00AAAA00 00000000 001A0002 000105
[2025-08-15 10:33:26.205] [0m[0;32mTMLUWB  :RX < :RECV                :62000023 23010000 01000000 00FA0000 00010000 04000001 00000000 00080000 00000103 000103
[2025-08-15 10:33:26.205] [0m[0;34mAPP     :INFO :No User to r or w | SystemStatus = 0
[2025-08-15 10:33:26.205] [0m
[2025-08-15 10:33:26.456] [0;32mTMLUWB  :RX < :RECV                :02001300 02000002 00AAAA00 00000000 001B0002 000105
[2025-08-15 10:33:26.456] [0m[0;32mTMLUWB  :RX < :RECV                :62000023 24010000 01000000 00FA0000 00010000 04000001 00000000 00080000 00000103 000103
[2025-08-15 10:33:26.457] [0m[0;34mAPP     :INFO :No User to r or w | SystemStatus = 0
[2025-08-15 10:33:26.457] [0m
[2025-08-15 10:33:26.697] [0;32mTMLUWB  :RX < :RECV                :02001300 02000002 00AAAA00 00000000 001C0002 000105
[2025-08-15 10:33:26.697] [0m[0;32mTMLUWB  :RX < :RECV                :62000023 25010000 01000000 00FA0000 00010000 04000001 00000000 00080000 00000103 000103
[2025-08-15 10:33:26.697] [0m[0;34mAPP     :INFO :No User to r or w | SystemStatus = 0
[2025-08-15 10:33:26.697] [0m
[2025-08-15 10:33:26.947] [0;32mTMLUWB  :RX < :RECV                :02001300 02000002 00AAAA00 00000000 001D0002 000105
[2025-08-15 10:33:26.947] [0m[0;32mTMLUWB  :RX < :RECV                :62000023 26010000 01000000 00FA0000 00010000 04000001 00000000 00080000 00000103 000103
[2025-08-15 10:33:26.947] [0m[0;34mAPP     :INFO :No User to r or w | SystemStatus = 0
[2025-08-15 10:33:26.947] [0m
[2025-08-15 10:33:27.199] [0;32mTMLUWB  :RX < :RECV                :02001300 02000002 00AAAA00 00000000 001E0002 000105
[2025-08-15 10:33:27.200] [0m[0;32mTMLUWB  :RX < :RECV                :62000023 27010000 01000000 00FA0000 00010000 04000001 00000000 00080000 00000103 000103
[2025-08-15 10:33:27.200] [0m[0;34mAPP     :INFO :No User to r or w | SystemStatus = 0
[2025-08-15 10:33:27.200] [0m
[2025-08-15 10:33:27.449] [0;32mTMLUWB  :RX < :RECV                :02001300 02000002 00AAAA00 00000000 001F0002 000105
[2025-08-15 10:33:27.450] [0m[0;32mTMLUWB  :RX < :RECV                :62000023 28010000 01000000 00FA0000 00010000 04000001 00000000 00080000 00000103 000103
[2025-08-15 10:33:27.450] [0m[0;34mAPP     :INFO :No User to r or w | SystemStatus = 0
[2025-08-15 10:33:27.450] [0m
[2025-08-15 10:33:27.701] [0;32mTMLUWB  :RX < :RECV                :02001300 02000002 00AAAA00 00000000 00200002 000105
[2025-08-15 10:33:27.701] [0m[0;32mTMLUWB  :RX < :RECV                :62000023 29010000 01000000 00FA0000 00010000 04000001 00000000 00080000 00000103 000103
[2025-08-15 10:33:27.701] [0m[0;34mAPP     :INFO :No User to r or w | SystemStatus = 0
[2025-08-15 10:33:27.701] [0m
