[2025-05-24 15:08:01.664] [0;32mTMLUWB  :RX < :RECV                :62000023 90D90000 01000000 00FA0000 00010000 05000001 00000000 00080000 00000103 000103
[2025-05-24 15:08:01.665] [0m[0;34mAPP     :INFO :No User to r or w | SystemStatus = 0
[2025-05-24 15:08:01.665] [0m
[2025-05-24 15:08:01.912] [0;32mTMLUWB  :RX < :RECV                :62000023 91D90000 01000000 00FA0000 00010000 05000001 00000000 00080000 00000103 000103
[2025-05-24 15:08:01.913] [0m[0;34mAPP     :INFO :No User to r or w | SystemStatus = 0
[2025-05-24 15:08:01.913] [0m
[2025-05-24 15:08:02.161] [0;32mTMLUWB  :RX < :RECV                :62000023 92D90000 01000000 00FA0000 00010000 05000001 00000000 00080000 00000103 000103
[2025-05-24 15:08:02.162] [0m[0;34mAPP     :INFO :No User to r or w | SystemStatus = 0
[2025-05-24 15:08:02.162] [0m
[2025-05-24 15:08:02.415] [0;32mTMLUWB  :RX < :RECV                :62000023 93D90000 01000000 00FA0000 00010000 05000001 00000000 00080000 00000103 000103
[2025-05-24 15:08:02.416] [0m[0;34mAPP     :INFO :No User to r or w | SystemStatus = 0
[2025-05-24 15:08:02.416] [0m
[2025-05-24 15:08:02.667] [0;32mTMLUWB  :RX < :RECV                :62000023 94D90000 01000000 00FA0000 00010000 05000001 00000000 00080000 00000103 000103
[2025-05-24 15:08:02.668] [0m[0;34mAPP     :INFO :No User to r or w | SystemStatus = 0
[2025-05-24 15:08:02.668] [0m
[2025-05-24 15:08:02.914] [0;32mTMLUWB  :RX < :RECV                :62000023 95D90000 01000000 00FA0000 00010000 05000001 00000000 00080000 00000103 000103
[2025-05-24 15:08:02.914] [0m[0;34mAPP     :INFO :No User to r or w | SystemStatus = 0
[2025-05-24 15:08:02.914] [0m
[2025-05-24 15:08:03.162] [0;32mTMLUWB  :RX < :RECV                :62000023 96D90000 01000000 00FA0000 00010000 05000001 00000000 00080000 00000103 000103
[2025-05-24 15:08:03.163] [0m[0;34mAPP     :INFO :No User to r or w | SystemStatus = 0
[2025-05-24 15:08:03.163] [0m
[2025-05-24 15:08:03.411] [0;32mTMLUWB  :RX < :RECV                :62000023 97D90000 01000000 00FA0000 00010000 05000001 00000000 00080000 00000103 000103
[2025-05-24 15:08:03.411] [0m[0;34mAPP     :INFO :No User to r or w | SystemStatus = 0
[2025-05-24 15:08:03.411] [0m
[2025-05-24 15:08:03.669] [0;32mTMLUWB  :RX < :RECV                :62000023 98D90000 01000000 00FA0000 00010000 05000001 00000000 00080000 00000103 000103
[2025-05-24 15:08:03.669] [0m[0;34mAPP     :INFO :No User to r or w | SystemStatus = 0
[2025-05-24 15:08:03.669] [0m
[2025-05-24 15:08:03.918] [0;32mTMLUWB  :RX < :RECV                :62000023 99D90000 01000000 00FA0000 00010000 05000001 00000000 00080000 00000103 000103
[2025-05-24 15:08:03.918] [0m[0;34mAPP     :INFO :No User to r or w | SystemStatus = 0
[2025-05-24 15:08:03.918] [0m
[2025-05-24 15:08:04.165] [0;32mTMLUWB  :RX < :RECV                :62000023 9AD90000 01000000 00FA0000 00010000 05000001 00000000 00080000 00000103 000103
[2025-05-24 15:08:04.165] [0m[0;34mAPP     :INFO :No User to r or w | SystemStatus = 0
[2025-05-24 15:08:04.165] [0m
[2025-05-24 15:08:04.414] [0;32mTMLUWB  :RX < :RECV                :62000023 9BD90000 01000000 00FA0000 00010000 05000001 00000000 00080000 00000103 000103
[2025-05-24 15:08:04.414] [0m[0;34mAPP     :INFO :No User to r or w | SystemStatus = 0
[2025-05-24 15:08:04.414] [0m
[2025-05-24 15:08:04.663] [0;32mTMLUWB  :RX < :RECV                :62000023 9CD90000 01000000 00FA0000 00010000 05000001 00000000 00080000 00000103 000103
[2025-05-24 15:08:04.663] [0m[0;34mAPP     :INFO :No User to r or w | SystemStatus = 0
[2025-05-24 15:08:04.663] [0m
[2025-05-24 15:08:04.921] [0;32mTMLUWB  :RX < :RECV                :62000023 9DD90000 01000000 00FA0000 00010000 05000001 00000000 00080000 00000103 000103
[2025-05-24 15:08:04.921] [0m[0;34mAPP     :INFO :No User to r or w | SystemStatus = 0
[2025-05-24 15:08:04.921] [0m
[2025-05-24 15:08:05.169] [0;32mTMLUWB  :RX < :RECV                :62000023 9ED90000 01000000 00FA0000 00010000 05000001 00000000 00080000 00000103 000103
[2025-05-24 15:08:05.169] [0m[0;34mAPP     :INFO :No User to r or w | SystemStatus = 0
[2025-05-24 15:08:05.169] [0m
[2025-05-24 15:08:05.418] [0;32mTMLUWB  :RX < :RECV                :62000023 9FD90000 01000000 00FA0000 00010000 05000001 00000000 00080000 00000103 000103
[2025-05-24 15:08:05.419] [0m[0;34mAPP     :INFO :No User to r or w | SystemStatus = 0
[2025-05-24 15:08:05.419] [0m
[2025-05-24 15:08:05.672] [0;32mTMLUWB  :RX < :RECV                :62000023 A0D90000 01000000 00FA0000 00010000 05000001 00000000 00080000 00000103 000103
[2025-05-24 15:08:05.672] [0m[0;34mAPP     :INFO :No User to r or w | SystemStatus = 0
[2025-05-24 15:08:05.672] [0m
[2025-05-24 15:08:05.934] [0;32mTMLUWB  :RX < :RECV                :62000023 A1D90000 01000000 00FA0000 00010000 05000001 00000000 00080000 00000103 000103
[2025-05-24 15:08:05.934] [0m[0;34mAPP     :INFO :No User to r or w | SystemStatus = 0
[2025-05-24 15:08:05.935] [0m
[2025-05-24 15:08:06.189] [0;32mTMLUWB  :RX < :RECV                :62000023 A2D90000 01000000 00FA0000 00010000 05000001 00000000 00080000 00000103 000103
[2025-05-24 15:08:06.189] [0m[0;34mAPP     :INFO :No User to r or w | SystemStatus = 0
[2025-05-24 15:08:06.189] [0m
[2025-05-24 15:08:06.433] [0;32mTMLUWB  :RX < :RECV                :62000023 A3D90000 01000000 00FA0000 00010000 05000001 00000000 00080000 00000103 000103
[2025-05-24 15:08:06.434] [0m[0;34mAPP     :INFO :No User to r or w | SystemStatus = 0
[2025-05-24 15:08:06.434] [0m
[2025-05-24 15:08:06.664] [0;32mTMLUWB  :RX < :RECV                :62000023 A4D90000 01000000 00FA0000 00010000 05000001 00000000 00080000 00000103 000103
[2025-05-24 15:08:06.664] [0m[0;34mAPP     :INFO :No User to r or w | SystemStatus = 0
[2025-05-24 15:08:06.664] [0m
[2025-05-24 15:08:06.913] [0;32mTMLUWB  :RX < :RECV                :62000023 A5D90000 01000000 00FA0000 00010000 05000001 00000000 00080000 00000103 000103
[2025-05-24 15:08:06.913] [0m[0;34mAPP     :INFO :No User to r or w | SystemStatus = 0
[2025-05-24 15:08:06.913] [0m
[2025-05-24 15:08:07.162] [0;32mTMLUWB  :RX < :RECV                :62000023 A6D90000 01000000 00FA0000 00010000 05000001 00000000 00080000 00000103 000103
[2025-05-24 15:08:07.162] [0m[0;34mAPP     :INFO :No User to r or w | SystemStatus = 0
[2025-05-24 15:08:07.162] [0m
[2025-05-24 15:08:07.411] [0;32mTMLUWB  :RX < :RECV                :62000023 A7D90000 01000000 00FA0000 00010000 05000001 00000000 00080000 00000103 000103
[2025-05-24 15:08:07.411] [0m[0;34mAPP     :INFO :No User to r or w | SystemStatus = 0
[2025-05-24 15:08:07.412] [0m
[2025-05-24 15:08:07.668] [0;32mTMLUWB  :RX < :RECV                :62000023 A8D90000 01000000 00FA0000 00010000 05000001 00000000 00080000 00000103 000103
[2025-05-24 15:08:07.668] [0m[0;34mAPP     :INFO :No User to r or w | SystemStatus = 0
[2025-05-24 15:08:07.668] [0m
[2025-05-24 15:08:07.918] [0;32mTMLUWB  :RX < :RECV                :62000023 A9D90000 01000000 00FA0000 00010000 05000001 00000000 00080000 00000103 000103
[2025-05-24 15:08:07.918] [0m[0;34mAPP     :INFO :No User to r or w | SystemStatus = 0
[2025-05-24 15:08:07.918] [0m
[2025-05-24 15:08:08.181] [0;32mTMLUWB  :RX < :RECV                :62000023 AAD90000 01000000 00FA0000 00010000 05000001 00000000 00080000 00000103 000103
[2025-05-24 15:08:08.181] [0m[0;34mAPP     :INFO :No User to r or w | SystemStatus = 0
[2025-05-24 15:08:08.181] [0m
[2025-05-24 15:08:08.441] [0;32mTMLUWB  :RX < :RECV                :62000023 ABD90000 01000000 00FA0000 00010000 05000001 00000000 00080000 00000103 000103
[2025-05-24 15:08:08.442] [0m[0;34mAPP     :INFO :No User to r or w | SystemStatus = 0
[2025-05-24 15:08:08.442] [0m
[2025-05-24 15:08:08.662] [0;32mTMLUWB  :RX < :RECV                :62000023 ACD90000 01000000 00FA0000 00010000 05000001 00000000 00080000 00000103 000103
[2025-05-24 15:08:08.662] [0m[0;34mAPP     :INFO :No User to r or w | SystemStatus = 0
[2025-05-24 15:08:08.662] [0m
