[2025-04-29 15:20:26.850] [0;32mTMLUWB  :RX < :RECV                :62000048 76080000 01000000 00FA0000 00010000 05000001 00000000 01CA2F00 00260000 00640000 64000000 00000003 8C000000 00000000 00000000 0E000000 00010300 01030000 00000000
[2025-04-29 15:20:26.860] [0m[0;34mAPP     :INFO :@@@ updateKeepAlive( ): User[1] Keep alive for CA2F = 239
[2025-04-29 15:20:26.863] [0m[0;34mAPP     :INFO :gCapSessionHandle!!!.
[2025-04-29 15:20:26.865] [0m[0;34mAPP     :INFO :@@@ gNumberOfUserinDTPCM = 2, pRangingData->no_of_measurements = 1,i=0
[2025-04-29 15:20:26.868] [0m[0;34mAPP     :INFO :Measure_NLOS = 0, Classification_NLOS =   0
[2025-04-29 15:20:26.871] [0m[0;34mAPP     :INFO :Conten_Distance_MasterAnchor_to_CA2F=38
[2025-04-29 15:20:26.893] [0m[0;34mAPP     :INFO :Current User ( ca2f ) status is : SystemStatus = 1 , DiscoverStatus = 5 , TransactionState = 4 , AuthenticationState = 9
[2025-04-29 15:20:26.896] [0m[0;34mAPP     :INFO :@@@ User Speed is :( ca2f ) , 1 ,(cm/s)
[2025-04-29 15:20:26.900] [0m[0;34mAPP     :INFO :@ b = 38, c = 30, x = -2, y = 35
[2025-04-29 15:20:26.902] [0m[0;34mAPP     :INFO :@ a = 100, d = 100, m = 250, Gate = 100
[2025-04-29 15:20:26.906] [0m[0;34mAPP     :INFO :################################### into red area...##################################################
[2025-04-29 15:20:26.909] [0m[0;34mAPP     :INFO :System already busy (SystemStatus = 1) or not in triangle field , waiting transaction
[2025-04-29 15:20:26.914] [0m[0;34mAPP     :INFO :No User to r or w | SystemStatus = 1
[2025-04-29 15:20:26.917] [0m
[2025-04-29 15:20:26.921] [0;32mTMLUWB  :RX < :RECV                :02001700 02000002 00BBBB00 00000000 00690006 000505CA 2F2100
[2025-04-29 15:20:26.924] [0m[0;34mAPP     :INFO :gMrmSessionHandle!!!
[2025-04-29 15:20:26.927] [0m[0;34mAPP     :INFO :Conten_Distance_SlaveAnchor[BBBB]_to_CA2F=33
[2025-04-29 15:20:26.931] [0m{"@POSITION": 1, "Master": 38, "Slave": 33, "Gate": 100, "nLos": 0, "idx": 0, "LiftDeep": 70, "RedAreaH": 0, "BlueAreaH": 250, "Speed":1, "User-X":-2, "User-Y":35, "User-Z":0,"Auth":9, "Trans":4}
[2025-04-29 15:20:27.089] [0;32mTMLUWB  :RX < :RECV                :62000048 77080000 01000000 00FA0000 00010000 05000001 00000000 01CA2F00 002A0000 00640000 64000000 00000003 8C000000 00000000 00000000 0E000000 00010300 01030000 00000000
[2025-04-29 15:20:27.094] [0m[0;34mAPP     :INFO :@@@ updateKeepAlive( ): User[1] Keep alive for CA2F = 239
[2025-04-29 15:20:27.096] [0m[0;34mAPP     :INFO :gCapSessionHandle!!!.
[2025-04-29 15:20:27.098] [0m[0;34mAPP     :INFO :@@@ gNumberOfUserinDTPCM = 2, pRangingData->no_of_measurements = 1,i=0
[2025-04-29 15:20:27.100] [0m[0;34mAPP     :INFO :Measure_NLOS = 0, Classification_NLOS =   0
[2025-04-29 15:20:27.104] [0m[0;34mAPP     :INFO :Conten_Distance_MasterAnchor_to_CA2F=42
[2025-04-29 15:20:27.106] [0m[0;34mAPP     :INFO :Current User ( ca2f ) status is : SystemStatus = 1 , DiscoverStatus = 5 , TransactionState = 4 , AuthenticationState = 9
[2025-04-29 15:20:27.109] [0m[0;34mAPP     :INFO :@@@ User Speed is :( ca2f ) , 1 ,(cm/s)
[2025-04-29 15:20:27.113] [0m[0;34mAPP     :INFO :@ b = 42, c = 33, x = -3, y = 32
[2025-04-29 15:20:27.115] [0m[0;34mAPP     :INFO :@ a = 100, d = 100, m = 250, Gate = 100
[2025-04-29 15:20:27.117] [0m[0;34mAPP     :INFO :################################### into red area...##################################################
[2025-04-29 15:20:27.120] [0m[0;34mAPP     :INFO :System already busy (SystemStatus = 1) or not in triangle field , waiting transaction
[2025-04-29 15:20:27.123] [0m[0;34mAPP     :INFO :No User to r or w | SystemStatus = 1
[2025-04-29 15:20:27.126] [0m
[2025-04-29 15:20:27.129] [0;32mTMLUWB  :RX < :RECV                :02001700 02000002 00BBBB00 00000000 006A0006 000505CA 2F2000
[2025-04-29 15:20:27.132] [0m[0;34mAPP     :INFO :gMrmSessionHandle!!!
[2025-04-29 15:20:27.135] [0m[0;34mAPP     :INFO :Conten_Distance_SlaveAnchor[BBBB]_to_CA2F=32
[2025-04-29 15:20:27.137] [0m{"@POSITION": 1, "Master": 42, "Slave": 32, "Gate": 100, "nLos": 0, "idx": 0, "LiftDeep": 70, "RedAreaH": 0, "BlueAreaH": 250, "Speed":1, "User-X":-3, "User-Y":32, "User-Z":0,"Auth":9, "Trans":4}
[2025-04-29 15:20:27.323] [0;32mTMLUWB  :RX < :RECV                :62000048 78080000 01000000 00FA0000 00010000 05000001 00000000 01CA2F00 00270000 00640000 64000000 00000003 8E000000 00000000 00000000 0E000000 00010300 01030000 00000000
[2025-04-29 15:20:27.331] [0m[0;34mAPP     :INFO :@@@ updateKeepAlive( ): User[1] Keep alive for CA2F = 239
[2025-04-29 15:20:27.333] [0m[0;34mAPP     :INFO :gCapSessionHandle!!!.
[2025-04-29 15:20:27.349] [0m[0;34mAPP     :INFO :@@@ gNumberOfUserinDTPCM = 2, pRangingData->no_of_measurements = 1,i=0
[2025-04-29 15:20:27.391] [0m[0;34mAPP     :INFO :Measure_NLOS = 0, Classification_NLOS =   0
[2025-04-29 15:20:27.400] [0m[0;34mAPP     :INFO :Conten_Distance_MasterAnchor_to_CA2F=39
[2025-04-29 15:20:27.406] [0m[0;34mAPP     :INFO :Current User ( ca2f ) status is : SystemStatus = 1 , DiscoverStatus = 5 , TransactionState = 4 , AuthenticationState = 9
[2025-04-29 15:20:27.410] [0m[0;34mAPP     :INFO :@@@ User Speed is :( ca2f ) , 0 ,(cm/s)
[2025-04-29 15:20:27.415] [0m[0;34mAPP     :INFO :@ b = 39, c = 32, x = -2, y = 34
[2025-04-29 15:20:27.417] [0m[0;34mAPP     :INFO :@ a = 100, d = 100, m = 250, Gate = 100
[2025-04-29 15:20:27.421] [0m[0;34mAPP     :INFO :################################### into red area...##################################################
[2025-04-29 15:20:27.424] [0m[0;34mAPP     :INFO :System already busy (SystemStatus = 1) or not in triangle field , waiting transaction
[2025-04-29 15:20:27.428] [0m[0;34mAPP     :INFO :No User to r or w | SystemStatus = 1
[2025-04-29 15:20:27.431] [0m
[2025-04-29 15:20:27.434] [0;32mTMLUWB  :RX < :RECV                :02001700 02000002 00BBBB00 00000000 006B0006 000505CA 2F1E00
[2025-04-29 15:20:27.437] [0m[0;34mAPP     :INFO :gMrmSessionHandle!!!
[2025-04-29 15:20:27.440] [0m[0;34mAPP     :INFO :Conten_Distance_SlaveAnchor[BBBB]_to_CA2F=30
[2025-04-29 15:20:27.443] [0m{"@POSITION": 1, "Master": 39, "Slave": 30, "Gate": 100, "nLos": 0, "idx": 0, "LiftDeep": 71, "RedAreaH": 0, "BlueAreaH": 250, "Speed":0, "User-X":-2, "User-Y":34, "User-Z":0,"Auth":9, "Trans":4}
[2025-04-29 15:20:27.577] [0;32mTMLUWB  :RX < :RECV                :62000048 79080000 01000000 00FA0000 00010000 05000001 00000000 01CA2F00 00280000 00640000 64000000 00000003 8E000000 00000000 00000000 0E000000 00010300 01030000 00000000
[2025-04-29 15:20:27.580] [0m[0;34mAPP     :INFO :@@@ updateKeepAlive( ): User[1] Keep alive for CA2F = 239
[2025-04-29 15:20:27.583] [0m[0;34mAPP     :INFO :gCapSessionHandle!!!.
[2025-04-29 15:20:27.585] [0m[0;34mAPP     :INFO :@@@ gNumberOfUserinDTPCM = 2, pRangingData->no_of_measurements = 1,i=0
[2025-04-29 15:20:27.588] [0m[0;34mAPP     :INFO :Measure_NLOS = 0, Classification_NLOS =   0
[2025-04-29 15:20:27.590] [0m[0;34mAPP     :INFO :Conten_Distance_MasterAnchor_to_CA2F=40
[2025-04-29 15:20:27.593] [0m[0;34mAPP     :INFO :Current User ( ca2f ) status is : SystemStatus = 1 , DiscoverStatus = 5 , TransactionState = 4 , AuthenticationState = 9
[2025-04-29 15:20:27.596] [0m[0;34mAPP     :INFO :@@@ User Speed is :( ca2f ) , 1 ,(cm/s)
[2025-04-29 15:20:27.599] [0m[0;34mAPP     :INFO :@ b = 40, c = 30, x = -3, y = 34
[2025-04-29 15:20:27.601] [0m[0;34mAPP     :INFO :@ a = 100, d = 100, m = 250, Gate = 100
[2025-04-29 15:20:27.602] [0m[0;34mAPP     :INFO :################################### into red area...##################################################
[2025-04-29 15:20:27.605] [0m[0;34mAPP     :INFO :System already busy (SystemStatus = 1) or not in triangle field , waiting transaction
[2025-04-29 15:20:27.608] [0m[0;34mAPP     :INFO :No User to r or w | SystemStatus = 1
[2025-04-29 15:20:27.611] [0m
[2025-04-29 15:20:27.614] [0;32mTMLUWB  :RX < :RECV                :02001700 02000002 00BBBB00 00000000 006C0006 000505CA 2F1E00
[2025-04-29 15:20:27.616] [0m[0;31mAPP     :ERROR:@@@ reader_timer_callback( ): Don't Receive Reader data!!! Restart Reader process.
[2025-04-29 15:20:27.618] [0m[0;34mAPP     :INFO :┌──────────────────────────────────────────────────────────────┐
[2025-04-29 15:20:27.620] [0m[0;34mAPP     :INFO :│ @@@ Time of Reader CB          = 09:14:650  │ CA2F │
[2025-04-29 15:20:27.623] [0m[0;34mAPP     :INFO :└──────────────────────────────────────────────────────────────┘
[2025-04-29 15:20:27.627] [0m[0;34mAPP     :INFO :Previous Transaction State of CA2F was: 4
[2025-04-29 15:20:27.629] [0m[0;34mAPP     :INFO :New Transaction State of CA2F is: 4
[2025-04-29 15:20:27.632] [0m[0;34mAPP     :INFO :gMrmSessionHandle!!!
[2025-04-29 15:20:27.634] [0m[0;34mAPP     :INFO :Conten_Distance_SlaveAnchor[BBBB]_to_CA2F=30
[2025-04-29 15:20:27.637] [0m{"@POSITION": 1, "Master": 40, "Slave": 30, "Gate": 100, "nLos": 0, "idx": 0, "LiftDeep": 71, "RedAreaH": 0, "BlueAreaH": 250, "Speed":1, "User-X":-3, "User-Y":34, "User-Z":0,"Auth":9, "Trans":4}
[2025-04-29 15:20:27.827] [0;32mTMLUWB  :RX < :RECV                :62000048 7A080000 01000000 00FA0000 00010000 05000001 00000000 01CA2F00 00290000 00640000 64000000 00000003 8C000000 00000000 00000000 0E000000 00010300 01030000 00000000
[2025-04-29 15:20:27.832] [0m[0;34mAPP     :INFO :@@@ updateKeepAlive( ): User[1] Keep alive for CA2F = 239
[2025-04-29 15:20:27.834] [0m[0;34mAPP     :INFO :gCapSessionHandle!!!.
[2025-04-29 15:20:27.836] [0m[0;34mAPP     :INFO :@@@ gNumberOfUserinDTPCM = 2, pRangingData->no_of_measurements = 1,i=0
[2025-04-29 15:20:27.839] [0m[0;34mAPP     :INFO :Measure_NLOS = 0, Classification_NLOS =   0
[2025-04-29 15:20:27.842] [0m[0;34mAPP     :INFO :Conten_Distance_MasterAnchor_to_CA2F=41
[2025-04-29 15:20:27.847] [0m[0;34mAPP     :INFO :Current User ( ca2f ) status is : SystemStatus = 0 , DiscoverStatus = 5 , TransactionState = 4 , AuthenticationState = 9
[2025-04-29 15:20:27.852] [0m[0;34mAPP     :INFO :@@@ User Speed is :( ca2f ) , 1 ,(cm/s)
[2025-04-29 15:20:27.856] [0m[0;34mAPP     :INFO :@ b = 41, c = 30, x = -3, y = 33
[2025-04-29 15:20:27.859] [0m[0;34mAPP     :INFO :@ a = 100, d = 100, m = 250, Gate = 100
[2025-04-29 15:20:27.864] [0m[0;34mAPP     :INFO :################################### into red area...##################################################
[2025-04-29 15:20:27.867] [0m[0;34mAPP     :INFO :Only 1 valid card detected, started transaction
[2025-04-29 15:20:27.870] [0m[0;33mAPP     :WARN : Write Card Time < 2s. Return.
[2025-04-29 15:20:27.873] [0m
[2025-04-29 15:20:27.876] [0;32mTMLUWB  :RX < :RECV                :02001700 02000002 00BBBB00 00000000 006D0006 000505CA 2F1D00
[2025-04-29 15:20:27.880] [0m[0;34mAPP     :INFO :gMrmSessionHandle!!!
[2025-04-29 15:20:27.884] [0m[0;34mAPP     :INFO :Conten_Distance_SlaveAnchor[BBBB]_to_CA2F=29
[2025-04-29 15:20:27.886] [0m{"@POSITION": 1, "Master": 41, "Slave": 29, "Gate": 100, "nLos": 0, "idx": 0, "LiftDeep": 70, "RedAreaH": 0, "BlueAreaH": 250, "Speed":1, "User-X":-3, "User-Y":33, "User-Z":0,"Auth":9, "Trans":4}
[2025-04-29 15:20:28.081] [0;32mTMLUWB  :RX < :RECV                :62000048 7B080000 01000000 00FA0000 00010000 05000001 00000000 01CA2F00 00270000 00640000 64000000 00000003 8E000000 00000000 00000000 0E000000 00010300 01030000 00000000
[2025-04-29 15:20:28.086] [0m[0;34mAPP     :INFO :@@@ updateKeepAlive( ): User[1] Keep alive for CA2F = 239
[2025-04-29 15:20:28.089] [0m[0;34mAPP     :INFO :gCapSessionHandle!!!.
[2025-04-29 15:20:28.092] [0m[0;34mAPP     :INFO :@@@ gNumberOfUserinDTPCM = 2, pRangingData->no_of_measurements = 1,i=0
[2025-04-29 15:20:28.095] [0m[0;34mAPP     :INFO :Measure_NLOS = 0, Classification_NLOS =   0
[2025-04-29 15:20:28.097] [0m[0;34mAPP     :INFO :Conten_Distance_MasterAnchor_to_CA2F=39
[2025-04-29 15:20:28.102] [0m[0;34mAPP     :INFO :Current User ( ca2f ) status is : SystemStatus = 0 , DiscoverStatus = 5 , TransactionState = 4 , AuthenticationState = 9
[2025-04-29 15:20:28.104] [0m[0;34mAPP     :INFO :@@@ User Speed is :( ca2f ) , 1 ,(cm/s)
[2025-04-29 15:20:28.107] [0m[0;34mAPP     :INFO :@ b = 39, c = 29, x = -3, y = 35
[2025-04-29 15:20:28.111] [0m[0;34mAPP     :INFO :@ a = 100, d = 100, m = 250, Gate = 100
[2025-04-29 15:20:28.113] [0m[0;34mAPP     :INFO :################################### into red area...##################################################
[2025-04-29 15:20:28.115] [0m[0;34mAPP     :INFO :Only 1 valid card detected, started transaction
[2025-04-29 15:20:28.117] [0m[0;33mAPP     :WARN : Write Card Time < 2s. Return.
[2025-04-29 15:20:28.119] [0m
[2025-04-29 15:20:28.121] [0;32mTMLUWB  :RX < :RECV                :02001700 02000002 00BBBB00 00000000 006E0006 000505CA 2F0A00
[2025-04-29 15:20:28.123] [0m[0;34mAPP     :INFO :gMrmSessionHandle!!!
[2025-04-29 15:20:28.126] [0m[0;34mAPP     :INFO :Conten_Distance_SlaveAnchor[BBBB]_to_CA2F=10
[2025-04-29 15:20:28.128] [0m{"@POSITION": 1, "Master": 39, "Slave": 10, "Gate": 100, "nLos": 0, "idx": 0, "LiftDeep": 71, "RedAreaH": 0, "BlueAreaH": 250, "Speed":1, "User-X":-3, "User-Y":35, "User-Z":0,"Auth":9, "Trans":4}
[2025-04-29 15:20:28.343] [0;32mTMLUWB  :RX < :RECV                :62000048 7C080000 01000000 00FA0000 00010000 05000001 00000000 01CA2F00 00280000 00640000 64000000 00000003 8E000000 00000000 00000000 0E000000 00010300 01030000 00000000
[2025-04-29 15:20:28.350] [0m[0;34mAPP     :INFO :@@@ updateKeepAlive( ): User[1] Keep alive for CA2F = 239
[2025-04-29 15:20:28.352] [0m[0;34mAPP     :INFO :gCapSessionHandle!!!.
[2025-04-29 15:20:28.356] [0m[0;34mAPP     :INFO :@@@ gNumberOfUserinDTPCM = 2, pRangingData->no_of_measurements = 1,i=0
[2025-04-29 15:20:28.360] [0m[0;34mAPP     :INFO :Measure_NLOS = 0, Classification_NLOS =   0
[2025-04-29 15:20:28.364] [0m[0;34mAPP     :INFO :Conten_Distance_MasterAnchor_to_CA2F=40
[2025-04-29 15:20:28.369] [0m[0;34mAPP     :INFO :Current User ( ca2f ) status is : SystemStatus = 0 , DiscoverStatus = 5 , TransactionState = 4 , AuthenticationState = 9
[2025-04-29 15:20:28.373] [0m[0;34mAPP     :INFO :@@@ User Speed is :( ca2f ) , 7 ,(cm/s)
[2025-04-29 15:20:28.377] [0m[0;34mAPP     :INFO :@ b = 40, c = 10, x = -7, y = 40
[2025-04-29 15:20:28.381] [0m[0;34mAPP     :INFO :@ a = 100, d = 100, m = 250, Gate = 100
[2025-04-29 15:20:28.385] [0m[0;34mAPP     :INFO :################################### into red area...##################################################
[2025-04-29 15:20:28.389] [0m[0;34mAPP     :INFO :Only 1 valid card detected, started transaction
[2025-04-29 15:20:28.392] [0m[0;33mAPP     :WARN : Write Card Time < 2s. Return.
[2025-04-29 15:20:28.396] [0m
[2025-04-29 15:20:28.400] [0;32mTMLUWB  :RX < :RECV                :02001700 02000002 00BBBB00 00000000 006F0006 000505CA 2F1E00
[2025-04-29 15:20:28.403] [0m[0;34mAPP     :INFO :gMrmSessionHandle!!!
[2025-04-29 15:20:28.406] [0m[0;34mAPP     :INFO :Conten_Distance_SlaveAnchor[BBBB]_to_CA2F=30
[2025-04-29 15:20:28.409] [0m{"@POSITION": 1, "Master": 40, "Slave": 30, "Gate": 100, "nLos": 0, "idx": 0, "LiftDeep": 71, "RedAreaH": 0, "BlueAreaH": 250, "Speed":7, "User-X":-7, "User-Y":40, "User-Z":0,"Auth":9, "Trans":4}
[2025-04-29 15:20:28.573] [0;32mTMLUWB  :RX < :RECV                :62000048 7D080000 01000000 00FA0000 00010000 05000001 00000000 01CA2F00 00280000 00640000 64000000 00000003 8C000000 00000000 00000000 0E000000 00010300 01030000 00000000
[2025-04-29 15:20:28.577] [0m[0;34mAPP     :INFO :@@@ updateKeepAlive( ): User[1] Keep alive for CA2F = 239
[2025-04-29 15:20:28.581] [0m[0;34mAPP     :INFO :gCapSessionHandle!!!.
[2025-04-29 15:20:28.583] [0m[0;34mAPP     :INFO :@@@ gNumberOfUserinDTPCM = 2, pRangingData->no_of_measurements = 1,i=0
[2025-04-29 15:20:28.586] [0m[0;34mAPP     :INFO :Measure_NLOS = 0, Classification_NLOS =   0
[2025-04-29 15:20:28.597] [0m[0;34mAPP     :INFO :Conten_Distance_MasterAnchor_to_CA2F=40
[2025-04-29 15:20:28.635] [0m[0;34mAPP     :INFO :Current User ( ca2f ) status is : SystemStatus = 0 , DiscoverStatus = 5 , TransactionState = 4 , AuthenticationState = 9
[2025-04-29 15:20:28.642] [0m[0;34mAPP     :INFO :@@@ User Speed is :( ca2f ) , 1 ,(cm/s)
[2025-04-29 15:20:28.646] [0m[0;34mAPP     :INFO :@ b = 40, c = 30, x = -3, y = 34
[2025-04-29 15:20:28.650] [0m[0;34mAPP     :INFO :@ a = 100, d = 100, m = 250, Gate = 100
[2025-04-29 15:20:28.653] [0m[0;34mAPP     :INFO :################################### into red area...##################################################
[2025-04-29 15:20:28.655] [0m[0;34mAPP     :INFO :Only 1 valid card detected, started transaction
[2025-04-29 15:20:28.659] [0m[0;33mAPP     :WARN : Write Card Time < 2s. Return.
[2025-04-29 15:20:28.662] [0m
[2025-04-29 15:20:28.664] [0;32mTMLUWB  :RX < :RECV                :02001700 02000002 00BBBB00 00000000 00700006 000505CA 2F1D00
[2025-04-29 15:20:28.668] [0m[0;34mAPP     :INFO :gMrmSessionHandle!!!
[2025-04-29 15:20:28.670] [0m[0;34mAPP     :INFO :Conten_Distance_SlaveAnchor[BBBB]_to_CA2F=29
[2025-04-29 15:20:28.673] [0m{"@POSITION": 1, "Master": 40, "Slave": 29, "Gate": 100, "nLos": 0, "idx": 0, "LiftDeep": 70, "RedAreaH": 0, "BlueAreaH": 250, "Speed":1, "User-X":-3, "User-Y":34, "User-Z":0,"Auth":9, "Trans":4}
[2025-04-29 15:20:28.833] [0;32mTMLUWB  :RX < :RECV                :62000048 7E080000 01000000 00FA0000 00010000 05000001 00000000 01CA2F00 00280000 00640000 64000000 00000003 8C000000 00000000 00000000 0E000000 00010300 01030000 00000000
[2025-04-29 15:20:28.837] [0m[0;34mAPP     :INFO :@@@ updateKeepAlive( ): User[1] Keep alive for CA2F = 239
[2025-04-29 15:20:28.839] [0m[0;34mAPP     :INFO :gCapSessionHandle!!!.
[2025-04-29 15:20:28.842] [0m[0;34mAPP     :INFO :@@@ gNumberOfUserinDTPCM = 2, pRangingData->no_of_measurements = 1,i=0
[2025-04-29 15:20:28.845] [0m[0;34mAPP     :INFO :Measure_NLOS = 0, Classification_NLOS =   0
[2025-04-29 15:20:28.848] [0m[0;34mAPP     :INFO :Conten_Distance_MasterAnchor_to_CA2F=40
[2025-04-29 15:20:28.850] [0m[0;34mAPP     :INFO :Current User ( ca2f ) status is : SystemStatus = 0 , DiscoverStatus = 5 , TransactionState = 4 , AuthenticationState = 9
[2025-04-29 15:20:28.853] [0m[0;34mAPP     :INFO :@@@ User Speed is :( ca2f ) , 1 ,(cm/s)
[2025-04-29 15:20:28.856] [0m[0;34mAPP     :INFO :@ b = 40, c = 29, x = -3, y = 34
[2025-04-29 15:20:28.858] [0m[0;34mAPP     :INFO :@ a = 100, d = 100, m = 250, Gate = 100
[2025-04-29 15:20:28.862] [0m[0;34mAPP     :INFO :################################### into red area...##################################################
[2025-04-29 15:20:28.865] [0m[0;34mAPP     :INFO :Only 1 valid card detected, started transaction
[2025-04-29 15:20:28.867] [0m[0;34mAPP     :INFO :┌──────────────────────────────────────────────────────────────┐
[2025-04-29 15:20:28.869] [0m[0;34mAPP     :INFO :│ @@@ Time of Write Card Start   = 09:15:865  │ CA2F │
[2025-04-29 15:20:28.871] [0m[0;34mAPP     :INFO :└──────────────────────────────────────────────────────────────┘
[2025-04-29 15:20:28.874] [0m[0;34mAPP     :INFO :szt_setFlag( ) szt_setFlag 0
[2025-04-29 15:20:28.876] [0m[0;34mAPP     :INFO :DCS=26
[2025-04-29 15:20:28.879] [0m[0;34mAPP     :INFO :@@@ Sendbuf Data:   :0000FF31 0206FFFF FFFFFF05 FFFFFFFF FFF2C100 0A3A006F 368408A0 00000632 010105A5 269F0802 00309F0C 1E022158 40FFFFFF FF020103 10487049 41202641 65202310 31205310 31000000 00000090 00200002 215840FF FFFFFF02 01031048 70494120 26416520 23103120 53103100 0090003E 00000001 56580058 40000101 00000000 00000000 00000000 00000000 00000000 00000000 00000000 00000000 00000000 00000000 00000000 00000000 00900012 00000014 69000186 A0000000 00000000 00900082 0027017D 01010000 00000000 00000002 03440344 10019101 00000000 10019101 00000000 00000000 00000001 00000000 00000065 00004131 99000115 00004131 99000115 20250417 14343820 25041714 38190000 00000101 00000000 00001672 00000000 00000000 00000000 00000000 00000000 00000000 00000000 00000000 00900019 0018B400 0000
[2025-04-29 15:20:28.885] [0m[0;34mAPP     :INFO :common_start_quick_timer enter: timeout: 200 ms
[2025-04-29 15:20:28.887] [0m[0;32mTMLUWB  :RX < :RECV                :02001700 02000002 00BBBB00 00000000 00710006 000505CA 2F1F00
[2025-04-29 15:20:28.890] [0m
[2025-04-29 15:20:28.892] [0;34mAPP     :INFO :gMrmSessionHandle!!!
[2025-04-29 15:20:28.895] [0m[0;34mAPP     :INFO :Conten_Distance_SlaveAnchor[BBBB]_to_CA2F=31
[2025-04-29 15:20:28.897] [0m{"@POSITION": 1, "Master": 40, "Slave": 31, "Gate": 100, "nLos": 0, "idx": 0, "LiftDeep": 70, "RedAreaH": 0, "BlueAreaH": 250, "Speed":1, "User-X":-3, "User-Y":34, "User-Z":0,"Auth":9, "Trans":4}
[2025-04-29 15:20:29.082] [0;32mTMLUWB  :RX < :RECV                :62000048 7F080000 01000000 00FA0000 00010000 05000001 00000000 01CA2F00 00280000 00640000 64000000 00000003 8C000000 00000000 00000000 0E000000 00010300 01030000 00000000
[2025-04-29 15:20:29.087] [0m[0;34mAPP     :INFO :@@@ updateKeepAlive( ): User[1] Keep alive for CA2F = 239
[2025-04-29 15:20:29.089] [0m[0;34mAPP     :INFO :gCapSessionHandle!!!.
[2025-04-29 15:20:29.092] [0m[0;34mAPP     :INFO :@@@ gNumberOfUserinDTPCM = 2, pRangingData->no_of_measurements = 1,i=0
[2025-04-29 15:20:29.095] [0m[0;34mAPP     :INFO :Measure_NLOS = 0, Classification_NLOS =   0
[2025-04-29 15:20:29.097] [0m[0;34mAPP     :INFO :Conten_Distance_MasterAnchor_to_CA2F=40
[2025-04-29 15:20:29.100] [0m[0;34mAPP     :INFO :Current User ( ca2f ) status is : SystemStatus = 1 , DiscoverStatus = 5 , TransactionState = 4 , AuthenticationState = 9
[2025-04-29 15:20:29.103] [0m[0;34mAPP     :INFO :@@@ User Speed is :( ca2f ) , 7 ,(cm/s)
[2025-04-29 15:20:29.106] [0m[0;34mAPP     :INFO :@ b = 40, c = 31, x = -3, y = 34
[2025-04-29 15:20:29.109] [0m[0;34mAPP     :INFO :@ a = 100, d = 100, m = 250, Gate = 100
[2025-04-29 15:20:29.113] [0m[0;34mAPP     :INFO :################################### into red area...##################################################
[2025-04-29 15:20:29.117] [0m[0;34mAPP     :INFO :System already busy (SystemStatus = 1) or not in triangle field , waiting transaction
[2025-04-29 15:20:29.120] [0m[0;34mAPP     :INFO :No User to r or w | SystemStatus = 1
[2025-04-29 15:20:29.123] [0m
[2025-04-29 15:20:29.125] [0;32mTMLUWB  :RX < :RECV                :02001700 02000002 00BBBB00 00000000 00720006 000505CA 2F2000
[2025-04-29 15:20:29.128] [0m[0;34mAPP     :INFO :gMrmSessionHandle!!!
[2025-04-29 15:20:29.130] [0m[0;34mAPP     :INFO :Conten_Distance_SlaveAnchor[BBBB]_to_CA2F=32
[2025-04-29 15:20:29.133] [0m{"@POSITION": 1, "Master": 40, "Slave": 32, "Gate": 100, "nLos": 0, "idx": 0, "LiftDeep": 70, "RedAreaH": 0, "BlueAreaH": 250, "Speed":7, "User-X":-3, "User-Y":34, "User-Z":0,"Auth":9, "Trans":4}
[2025-04-29 15:20:29.327] [0;32mTMLUWB  :RX < :RECV                :62000048 80080000 01000000 00FA0000 00010000 05000001 00000000 01CA2F00 00290000 00640000 64000000 00000003 8D000000 00000000 00000000 0E000000 00010300 01030000 00000000
[2025-04-29 15:20:29.345] [0m[0;34mAPP     :INFO :@@@ updateKeepAlive( ): User[1] Keep alive for CA2F = 239
[2025-04-29 15:20:29.347] [0m[0;34mAPP     :INFO :gCapSessionHandle!!!.
[2025-04-29 15:20:29.349] [0m[0;34mAPP     :INFO :@@@ gNumberOfUserinDTPCM = 2, pRangingData->no_of_measurements = 1,i=0
[2025-04-29 15:20:29.351] [0m[0;34mAPP     :INFO :Measure_NLOS = 0, Classification_NLOS =   0
[2025-04-29 15:20:29.353] [0m[0;34mAPP     :INFO :Conten_Distance_MasterAnchor_to_CA2F=41
[2025-04-29 15:20:29.355] [0m[0;34mAPP     :INFO :Current User ( ca2f ) status is : SystemStatus = 1 , DiscoverStatus = 5 , TransactionState = 4 , AuthenticationState = 9
[2025-04-29 15:20:29.358] [0m[0;34mAPP     :INFO :@@@ User Speed is :( ca2f ) , 1 ,(cm/s)
[2025-04-29 15:20:29.361] [0m[0;34mAPP     :INFO :@ b = 41, c = 32, x = -3, y = 33
[2025-04-29 15:20:29.364] [0m[0;34mAPP     :INFO :@ a = 100, d = 100, m = 250, Gate = 100
[2025-04-29 15:20:29.366] [0m[0;34mAPP     :INFO :################################### into red area...##################################################
[2025-04-29 15:20:29.368] [0m[0;34mAPP     :INFO :System already busy (SystemStatus = 1) or not in triangle field , waiting transaction
[2025-04-29 15:20:29.370] [0m[0;34mAPP     :INFO :No User to r or w | SystemStatus = 1
[2025-04-29 15:20:29.373] [0m
[2025-04-29 15:20:29.375] [0;32mTMLUWB  :RX < :RECV                :02001700 02000002 00BBBB00 00000000 00730006 000505CA 2F1E00
[2025-04-29 15:20:29.378] [0m[0;34mAPP     :INFO :gMrmSessionHandle!!!
[2025-04-29 15:20:29.380] [0m[0;34mAPP     :INFO :Conten_Distance_SlaveAnchor[BBBB]_to_CA2F=30
[2025-04-29 15:20:29.383] [0m{"@POSITION": 1, "Master": 41, "Slave": 30, "Gate": 100, "nLos": 0, "idx": 0, "LiftDeep": 70, "RedAreaH": 0, "BlueAreaH": 250, "Speed":1, "User-X":-3, "User-Y":33, "User-Z":0,"Auth":9, "Trans":4}
[2025-04-29 15:20:29.597] [0;32mTMLUWB  :RX < :RECV                :62000048 81080000 01000000 00FA0000 00010000 05000001 00000000 01CA2F00 00260000 00640000 64000000 00000003 8D000000 00000000 00000000 0E000000 00010300 01030000 00000000
[2025-04-29 15:20:29.601] [0m[0;34mAPP     :INFO :@@@ updateKeepAlive( ): User[1] Keep alive for CA2F = 239
[2025-04-29 15:20:29.605] [0m[0;34mAPP     :INFO :gCapSessionHandle!!!.
[2025-04-29 15:20:29.609] [0m[0;34mAPP     :INFO :@@@ gNumberOfUserinDTPCM = 2, pRangingData->no_of_measurements = 1,i=0
[2025-04-29 15:20:29.612] [0m[0;34mAPP     :INFO :Measure_NLOS = 0, Classification_NLOS =   0
[2025-04-29 15:20:29.617] [0m[0;34mAPP     :INFO :Conten_Distance_MasterAnchor_to_CA2F=38
[2025-04-29 15:20:29.621] [0m[0;34mAPP     :INFO :Current User ( ca2f ) status is : SystemStatus = 1 , DiscoverStatus = 5 , TransactionState = 4 , AuthenticationState = 9
[2025-04-29 15:20:29.625] [0m[0;34mAPP     :INFO :@@@ User Speed is :( ca2f ) , 1 ,(cm/s)
[2025-04-29 15:20:29.630] [0m[0;34mAPP     :INFO :@ b = 38, c = 30, x = -2, y = 35
[2025-04-29 15:20:29.633] [0m[0;34mAPP     :INFO :@ a = 100, d = 100, m = 250, Gate = 100
[2025-04-29 15:20:29.637] [0m[0;34mAPP     :INFO :################################### into red area...##################################################
[2025-04-29 15:20:29.641] [0m[0;34mAPP     :INFO :System already busy (SystemStatus = 1) or not in triangle field , waiting transaction
[2025-04-29 15:20:29.645] [0m[0;34mAPP     :INFO :No User to r or w | SystemStatus = 1
[2025-04-29 15:20:29.648] [0m
[2025-04-29 15:20:29.650] [0;32mTMLUWB  :RX < :RECV                :02001700 02000002 00BBBB00 00000000 00740006 000505CA 2F1F00
[2025-04-29 15:20:29.654] [0m[0;34mAPP     :INFO :gMrmSessionHandle!!!
[2025-04-29 15:20:29.659] [0m[0;34mAPP     :INFO :Conten_Distance_SlaveAnchor[BBBB]_to_CA2F=31
[2025-04-29 15:20:29.662] [0m{"@POSITION": 1, "Master": 38, "Slave": 31, "Gate": 100, "nLos": 0, "idx": 0, "LiftDeep": 70, "RedAreaH": 0, "BlueAreaH": 250, "Speed":1, "User-X":-2, "User-Y":35, "User-Z":0,"Auth":9, "Trans":4}
[2025-04-29 15:20:29.823] [0;32mTMLUWB  :RX < :RECV                :62000048 82080000 01000000 00FA0000 00010000 05000001 00000000 01CA2F00 002A0000 00640000 64000000 00000003 8E000000 00000000 00000000 0E000000 00010300 01030000 00000000
[2025-04-29 15:20:29.828] [0m[0;34mAPP     :INFO :@@@ updateKeepAlive( ): User[1] Keep alive for CA2F = 239
[2025-04-29 15:20:29.831] [0m[0;34mAPP     :INFO :gCapSessionHandle!!!.
[2025-04-29 15:20:29.833] [0m[0;34mAPP     :INFO :@@@ gNumberOfUserinDTPCM = 2, pRangingData->no_of_measurements = 1,i=0
[2025-04-29 15:20:29.837] [0m[0;34mAPP     :INFO :Measure_NLOS = 0, Classification_NLOS =   0
[2025-04-29 15:20:29.850] [0m[0;34mAPP     :INFO :Conten_Distance_MasterAnchor_to_CA2F=42
[2025-04-29 15:20:29.881] [0m[0;34mAPP     :INFO :Current User ( ca2f ) status is : SystemStatus = 1 , DiscoverStatus = 5 , TransactionState = 4 , AuthenticationState = 9
[2025-04-29 15:20:29.902] [0m[0;34mAPP     :INFO :@@@ User Speed is :( ca2f ) , 1 ,(cm/s)
[2025-04-29 15:20:29.906] [0m[0;34mAPP     :INFO :@ b = 42, c = 31, x = -4, y = 33
[2025-04-29 15:20:29.909] [0m[0;34mAPP     :INFO :@ a = 100, d = 100, m = 250, Gate = 100
[2025-04-29 15:20:29.912] [0m[0;34mAPP     :INFO :################################### into red area...##################################################
[2025-04-29 15:20:29.915] [0m[0;34mAPP     :INFO :System already busy (SystemStatus = 1) or not in triangle field , waiting transaction
[2025-04-29 15:20:29.918] [0m[0;34mAPP     :INFO :No User to r or w | SystemStatus = 1
[2025-04-29 15:20:29.920] [0m
[2025-04-29 15:20:29.923] [0;32mTMLUWB  :RX < :RECV                :02001700 02000002 00BBBB00 00000000 00750006 000505CA 2F1C00
[2025-04-29 15:20:29.926] [0m[0;31mAPP     :ERROR:@@@ reader_timer_callback( ): Don't Receive Reader data!!! Restart Reader process.
[2025-04-29 15:20:29.929] [0m[0;34mAPP     :INFO :┌──────────────────────────────────────────────────────────────┐
[2025-04-29 15:20:29.932] [0m[0;34mAPP     :INFO :│ @@@ Time of Reader CB          = 09:16:900  │ CA2F │
[2025-04-29 15:20:29.934] [0m[0;34mAPP     :INFO :└──────────────────────────────────────────────────────────────┘
[2025-04-29 15:20:29.936] [0m[0;34mAPP     :INFO :Previous Transaction State of CA2F was: 4
[2025-04-29 15:20:29.938] [0m[0;34mAPP     :INFO :New Transaction State of CA2F is: 4
[2025-04-29 15:20:29.942] [0m[0;34mAPP     :INFO :gMrmSessionHandle!!!
[2025-04-29 15:20:29.945] [0m[0;34mAPP     :INFO :Conten_Distance_SlaveAnchor[BBBB]_to_CA2F=28
[2025-04-29 15:20:29.947] [0m{"@POSITION": 1, "Master": 42, "Slave": 28, "Gate": 100, "nLos": 0, "idx": 0, "LiftDeep": 71, "RedAreaH": 0, "BlueAreaH": 250, "Speed":1, "User-X":-4, "User-Y":33, "User-Z":0,"Auth":9, "Trans":4}
[2025-04-29 15:20:30.080] [0;32mTMLUWB  :RX < :RECV                :62000048 83080000 01000000 00FA0000 00010000 05000001 00000000 01CA2F00 00290000 00640000 64000000 00000003 8D000000 00000000 00000000 0E000000 00010300 01030000 00000000
[2025-04-29 15:20:30.084] [0m[0;34mAPP     :INFO :@@@ updateKeepAlive( ): User[1] Keep alive for CA2F = 239
[2025-04-29 15:20:30.086] [0m[0;34mAPP     :INFO :gCapSessionHandle!!!.
[2025-04-29 15:20:30.088] [0m[0;34mAPP     :INFO :@@@ gNumberOfUserinDTPCM = 2, pRangingData->no_of_measurements = 1,i=0
[2025-04-29 15:20:30.091] [0m[0;34mAPP     :INFO :Measure_NLOS = 0, Classification_NLOS =   0
[2025-04-29 15:20:30.094] [0m[0;34mAPP     :INFO :Conten_Distance_MasterAnchor_to_CA2F=41
[2025-04-29 15:20:30.096] [0m[0;34mAPP     :INFO :Current User ( ca2f ) status is : SystemStatus = 0 , DiscoverStatus = 5 , TransactionState = 4 , AuthenticationState = 9
[2025-04-29 15:20:30.099] [0m[0;34mAPP     :INFO :@@@ User Speed is :( ca2f ) , 2 ,(cm/s)
[2025-04-29 15:20:30.102] [0m[0;34mAPP     :INFO :@ b = 41, c = 28, x = -4, y = 35
[2025-04-29 15:20:30.104] [0m[0;34mAPP     :INFO :@ a = 100, d = 100, m = 250, Gate = 100
[2025-04-29 15:20:30.107] [0m[0;34mAPP     :INFO :################################### into red area...##################################################
[2025-04-29 15:20:30.110] [0m[0;34mAPP     :INFO :Only 1 valid card detected, started transaction
[2025-04-29 15:20:30.113] [0m[0;33mAPP     :WARN : Write Card Time < 2s. Return.
[2025-04-29 15:20:30.115] [0m
[2025-04-29 15:20:30.117] [0;32mTMLUWB  :RX < :RECV                :02001700 02000002 00BBBB00 00000000 00760006 000505CA 2F2000
[2025-04-29 15:20:30.120] [0m[0;34mAPP     :INFO :gMrmSessionHandle!!!
[2025-04-29 15:20:30.122] [0m[0;34mAPP     :INFO :Conten_Distance_SlaveAnchor[BBBB]_to_CA2F=32
[2025-04-29 15:20:30.124] [0m{"@POSITION": 1, "Master": 41, "Slave": 32, "Gate": 100, "nLos": 0, "idx": 0, "LiftDeep": 70, "RedAreaH": 0, "BlueAreaH": 250, "Speed":2, "User-X":-4, "User-Y":35, "User-Z":0,"Auth":9, "Trans":4}
[2025-04-29 15:20:30.326] [0;32mTMLUWB  :RX < :RECV                :62000048 84080000 01000000 00FA0000 00010000 05000001 00000000 01CA2F00 002A0000 00640000 64000000 00000003 8D000000 00000000 00000000 0E000000 00010300 01030000 00000000
[2025-04-29 15:20:30.330] [0m[0;34mAPP     :INFO :@@@ updateKeepAlive( ): User[1] Keep alive for CA2F = 239
[2025-04-29 15:20:30.332] [0m[0;34mAPP     :INFO :gCapSessionHandle!!!.
[2025-04-29 15:20:30.334] [0m[0;34mAPP     :INFO :@@@ gNumberOfUserinDTPCM = 2, pRangingData->no_of_measurements = 1,i=0
[2025-04-29 15:20:30.337] [0m[0;34mAPP     :INFO :Measure_NLOS = 0, Classification_NLOS =   0
[2025-04-29 15:20:30.340] [0m[0;34mAPP     :INFO :Conten_Distance_MasterAnchor_to_CA2F=42
[2025-04-29 15:20:30.342] [0m[0;34mAPP     :INFO :Current User ( ca2f ) status is : SystemStatus = 0 , DiscoverStatus = 5 , TransactionState = 4 , AuthenticationState = 9
[2025-04-29 15:20:30.345] [0m[0;34mAPP     :INFO :@@@ User Speed is :( ca2f ) , 3 ,(cm/s)
[2025-04-29 15:20:30.347] [0m[0;34mAPP     :INFO :@ b = 42, c = 32, x = -3, y = 32
[2025-04-29 15:20:30.350] [0m[0;34mAPP     :INFO :@ a = 100, d = 100, m = 250, Gate = 100
[2025-04-29 15:20:30.352] [0m[0;34mAPP     :INFO :################################### into red area...##################################################
[2025-04-29 15:20:30.354] [0m[0;34mAPP     :INFO :Only 1 valid card detected, started transaction
[2025-04-29 15:20:30.355] [0m[0;33mAPP     :WARN : Write Card Time < 2s. Return.
[2025-04-29 15:20:30.359] [0m
[2025-04-29 15:20:30.361] [0;32mTMLUWB  :RX < :RECV                :02001700 02000002 00BBBB00 00000000 00770006 000505CA 2F1E00
[2025-04-29 15:20:30.363] [0m[0;34mAPP     :INFO :gMrmSessionHandle!!!
[2025-04-29 15:20:30.365] [0m[0;34mAPP     :INFO :Conten_Distance_SlaveAnchor[BBBB]_to_CA2F=30
[2025-04-29 15:20:30.367] [0m{"@POSITION": 1, "Master": 42, "Slave": 30, "Gate": 100, "nLos": 0, "idx": 0, "LiftDeep": 70, "RedAreaH": 0, "BlueAreaH": 250, "Speed":3, "User-X":-3, "User-Y":32, "User-Z":0,"Auth":9, "Trans":4}
[2025-04-29 15:20:30.580] [0;32mTMLUWB  :RX < :RECV                :62000048 85080000 01000000 00FA0000 00010000 05000001 00000000 01CA2F00 00290000 00640000 64000000 00000003 8C000000 00000000 00000000 0E000000 00010300 01030000 00000000
[2025-04-29 15:20:30.585] [0m[0;34mAPP     :INFO :@@@ updateKeepAlive( ): User[1] Keep alive for CA2F = 239
[2025-04-29 15:20:30.588] [0m[0;34mAPP     :INFO :gCapSessionHandle!!!.
[2025-04-29 15:20:30.591] [0m[0;34mAPP     :INFO :@@@ gNumberOfUserinDTPCM = 2, pRangingData->no_of_measurements = 1,i=0
[2025-04-29 15:20:30.594] [0m[0;34mAPP     :INFO :Measure_NLOS = 0, Classification_NLOS =   0
[2025-04-29 15:20:30.597] [0m[0;34mAPP     :INFO :Conten_Distance_MasterAnchor_to_CA2F=41
[2025-04-29 15:20:30.600] [0m[0;34mAPP     :INFO :Current User ( ca2f ) status is : SystemStatus = 0 , DiscoverStatus = 5 , TransactionState = 4 , AuthenticationState = 9
[2025-04-29 15:20:30.603] [0m[0;34mAPP     :INFO :@@@ User Speed is :( ca2f ) , 1 ,(cm/s)
[2025-04-29 15:20:30.607] [0m[0;34mAPP     :INFO :@ b = 41, c = 30, x = -3, y = 33
[2025-04-29 15:20:30.611] [0m[0;34mAPP     :INFO :@ a = 100, d = 100, m = 250, Gate = 100
[2025-04-29 15:20:30.614] [0m[0;34mAPP     :INFO :################################### into red area...##################################################
[2025-04-29 15:20:30.616] [0m[0;34mAPP     :INFO :Only 1 valid card detected, started transaction
[2025-04-29 15:20:30.620] [0m[0;33mAPP     :WARN : Write Card Time < 2s. Return.
[2025-04-29 15:20:30.622] [0m
[2025-04-29 15:20:30.624] [0;32mTMLUWB  :RX < :RECV                :02001700 02000002 00BBBB00 00000000 00780006 000505CA 2F1F00
[2025-04-29 15:20:30.627] [0m[0;34mAPP     :INFO :gMrmSessionHandle!!!
[2025-04-29 15:20:30.630] [0m[0;34mAPP     :INFO :Conten_Distance_SlaveAnchor[BBBB]_to_CA2F=31
[2025-04-29 15:20:30.632] [0m{"@POSITION": 1, "Master": 41, "Slave": 31, "Gate": 100, "nLos": 0, "idx": 0, "LiftDeep": 70, "RedAreaH": 0, "BlueAreaH": 250, "Speed":1, "User-X":-3, "User-Y":33, "User-Z":0,"Auth":9, "Trans":4}
[2025-04-29 15:20:30.825] [0;32mTMLUWB  :RX < :RECV                :62000048 86080000 01000000 00FA0000 00010000 05000001 00000000 01CA2F00 00290000 00640000 64000000 00000003 8C000000 00000000 00000000 0E000000 00010300 01030000 00000000
[2025-04-29 15:20:30.829] [0m[0;34mAPP     :INFO :@@@ updateKeepAlive( ): User[1] Keep alive for CA2F = 239
[2025-04-29 15:20:30.831] [0m[0;34mAPP     :INFO :gCapSessionHandle!!!.
[2025-04-29 15:20:30.833] [0m[0;34mAPP     :INFO :@@@ gNumberOfUserinDTPCM = 2, pRangingData->no_of_measurements = 1,i=0
[2025-04-29 15:20:30.835] [0m[0;34mAPP     :INFO :Measure_NLOS = 0, Classification_NLOS =   0
[2025-04-29 15:20:30.839] [0m[0;34mAPP     :INFO :Conten_Distance_MasterAnchor_to_CA2F=41
[2025-04-29 15:20:30.841] [0m[0;34mAPP     :INFO :Current User ( ca2f ) status is : SystemStatus = 0 , DiscoverStatus = 5 , TransactionState = 4 , AuthenticationState = 9
[2025-04-29 15:20:30.843] [0m[0;34mAPP     :INFO :@@@ User Speed is :( ca2f ) , 2 ,(cm/s)
[2025-04-29 15:20:30.845] [0m[0;34mAPP     :INFO :@ b = 41, c = 31, x = -3, y = 33
[2025-04-29 15:20:30.847] [0m[0;34mAPP     :INFO :@ a = 100, d = 100, m = 250, Gate = 100
[2025-04-29 15:20:30.849] [0m[0;34mAPP     :INFO :################################### into red area...##################################################
[2025-04-29 15:20:30.852] [0m[0;34mAPP     :INFO :Only 1 valid card detected, started transaction
[2025-04-29 15:20:30.854] [0m[0;33mAPP     :WARN : Write Card Time < 2s. Return.
[2025-04-29 15:20:30.856] [0m
[2025-04-29 15:20:30.859] [0;32mTMLUWB  :RX < :RECV                :02001700 02000002 00BBBB00 00000000 00790006 000505CA 2F1F00
[2025-04-29 15:20:30.862] [0m[0;34mAPP     :INFO :gMrmSessionHandle!!!
[2025-04-29 15:20:30.864] [0m[0;34mAPP     :INFO :Conten_Distance_SlaveAnchor[BBBB]_to_CA2F=31
[2025-04-29 15:20:30.866] [0m{"@POSITION": 1, "Master": 41, "Slave": 31, "Gate": 100, "nLos": 0, "idx": 0, "LiftDeep": 70, "RedAreaH": 0, "BlueAreaH": 250, "Speed":2, "User-X":-3, "User-Y":33, "User-Z":0,"Auth":9, "Trans":4}
[2025-04-29 15:20:31.081] [0;32mTMLUWB  :RX < :RECV                :62000048 87080000 01000000 00FA0000 00010000 05000001 00000000 01CA2F00 002A0000 00640000 64000000 00000003 8C000000 00000000 00000000 0E000000 00010300 01030000 00000000
[2025-04-29 15:20:31.100] [0m[0;34mAPP     :INFO :@@@ updateKeepAlive( ): User[1] Keep alive for CA2F = 239
[2025-04-29 15:20:31.129] [0m[0;34mAPP     :INFO :gCapSessionHandle!!!.
[2025-04-29 15:20:31.133] [0m[0;34mAPP     :INFO :@@@ gNumberOfUserinDTPCM = 2, pRangingData->no_of_measurements = 1,i=0
[2025-04-29 15:20:31.138] [0m[0;34mAPP     :INFO :Measure_NLOS = 0, Classification_NLOS =   0
[2025-04-29 15:20:31.141] [0m[0;34mAPP     :INFO :Conten_Distance_MasterAnchor_to_CA2F=42
[2025-04-29 15:20:31.143] [0m[0;34mAPP     :INFO :Current User ( ca2f ) status is : SystemStatus = 0 , DiscoverStatus = 5 , TransactionState = 4 , AuthenticationState = 9
[2025-04-29 15:20:31.146] [0m[0;34mAPP     :INFO :@@@ User Speed is :( ca2f ) , 1 ,(cm/s)
[2025-04-29 15:20:31.148] [0m[0;34mAPP     :INFO :@ b = 42, c = 31, x = -4, y = 33
[2025-04-29 15:20:31.150] [0m[0;34mAPP     :INFO :@ a = 100, d = 100, m = 250, Gate = 100
[2025-04-29 15:20:31.152] [0m[0;34mAPP     :INFO :################################### into red area...##################################################
[2025-04-29 15:20:31.155] [0m[0;34mAPP     :INFO :Only 1 valid card detected, started transaction
[2025-04-29 15:20:31.157] [0m[0;34mAPP     :INFO :┌──────────────────────────────────────────────────────────────┐
[2025-04-29 15:20:31.161] [0m[0;34mAPP     :INFO :│ @@@ Time of Write Card Start   = 09:18:115  │ CA2F │
[2025-04-29 15:20:31.164] [0m[0;34mAPP     :INFO :└──────────────────────────────────────────────────────────────┘
[2025-04-29 15:20:31.166] [0m[0;34mAPP     :INFO :szt_setFlag( ) szt_setFlag 0
[2025-04-29 15:20:31.168] [0m[0;34mAPP     :INFO :DCS=27
[2025-04-29 15:20:31.169] [0m[0;34mAPP     :INFO :@@@ Sendbuf Data:   :0000FF31 0206FFFF FFFFFF05 FFFFFFFF FFF3C100 0A3A006F 368408A0 00000632 010105A5 269F0802 00309F0C 1E022158 40FFFFFF FF020103 10487049 41202641 65202310 31205310 31000000 00000090 00200002 215840FF FFFFFF02 01031048 70494120 26416520 23103120 53103100 0090003E 00000001 56580058 40000101 00000000 00000000 00000000 00000000 00000000 00000000 00000000 00000000 00000000 00000000 00000000 00000000 00900012 00000014 69000186 A0000000 00000000 00900082 0027017D 01010000 00000000 00000002 03440344 10019101 00000000 10019101 00000000 00000000 00000001 00000000 00000065 00004131 99000115 00004131 99000115 20250417 14343820 25041714 38190000 00000101 00000000 00001672 00000000 00000000 00000000 00000000 00000000 00000000 00000000 00000000 00900019 0018B400 0000
[2025-04-29 15:20:31.175] [0m[0;34mAPP     :INFO :common_start_quick_timer enter: timeout: 200 ms
[2025-04-29 15:20:31.178] [0m
[2025-04-29 15:20:31.180] [0;32mTMLUWB  :RX < :RECV                :02001700 02000002 00BBBB00 00000000 007A0006 000505CA 2F1C00
[2025-04-29 15:20:31.183] [0m[0;34mAPP     :INFO :gMrmSessionHandle!!!
[2025-04-29 15:20:31.185] [0m[0;34mAPP     :INFO :Conten_Distance_SlaveAnchor[BBBB]_to_CA2F=28
[2025-04-29 15:20:31.186] [0m{"@POSITION": 1, "Master": 42, "Slave": 28, "Gate": 100, "nLos": 0, "idx": 0, "LiftDeep": 70, "RedAreaH": 0, "BlueAreaH": 250, "Speed":1, "User-X":-4, "User-Y":33, "User-Z":0,"Auth":9, "Trans":4}
[2025-04-29 15:20:31.326] [0;32mTMLUWB  :RX < :RECV                :62000048 88080000 01000000 00FA0000 00010000 05000001 00000000 01CA2F00 00280000 00640000 64000000 00000003 8E000000 00000000 00000000 0E000000 00010300 01030000 00000000
[2025-04-29 15:20:31.330] [0m[0;34mAPP     :INFO :@@@ updateKeepAlive( ): User[1] Keep alive for CA2F = 239
[2025-04-29 15:20:31.332] [0m[0;34mAPP     :INFO :gCapSessionHandle!!!.
[2025-04-29 15:20:31.334] [0m[0;34mAPP     :INFO :@@@ gNumberOfUserinDTPCM = 2, pRangingData->no_of_measurements = 1,i=0
[2025-04-29 15:20:31.336] [0m[0;34mAPP     :INFO :Measure_NLOS = 0, Classification_NLOS =   0
[2025-04-29 15:20:31.338] [0m[0;34mAPP     :INFO :Conten_Distance_MasterAnchor_to_CA2F=40
[2025-04-29 15:20:31.340] [0m[0;34mAPP     :INFO :Current User ( ca2f ) status is : SystemStatus = 1 , DiscoverStatus = 5 , TransactionState = 4 , AuthenticationState = 9
[2025-04-29 15:20:31.343] [0m[0;34mAPP     :INFO :@@@ User Speed is :( ca2f ) , 3 ,(cm/s)
[2025-04-29 15:20:31.345] [0m[0;34mAPP     :INFO :@ b = 40, c = 28, x = -4, y = 36
[2025-04-29 15:20:31.348] [0m[0;34mAPP     :INFO :@ a = 100, d = 100, m = 250, Gate = 100
[2025-04-29 15:20:31.350] [0m[0;34mAPP     :INFO :################################### into red area...##################################################
[2025-04-29 15:20:31.352] [0m[0;34mAPP     :INFO :System already busy (SystemStatus = 1) or not in triangle field , waiting transaction
[2025-04-29 15:20:31.354] [0m[0;34mAPP     :INFO :No User to r or w | SystemStatus = 1
[2025-04-29 15:20:31.356] [0m
[2025-04-29 15:20:31.357] [0;32mTMLUWB  :RX < :RECV                :02001700 02000002 00BBBB00 00000000 007B0006 000505CA 2F1E00
[2025-04-29 15:20:31.360] [0m[0;34mAPP     :INFO :gMrmSessionHandle!!!
[2025-04-29 15:20:31.362] [0m[0;34mAPP     :INFO :Conten_Distance_SlaveAnchor[BBBB]_to_CA2F=30
[2025-04-29 15:20:31.364] [0m{"@POSITION": 1, "Master": 40, "Slave": 30, "Gate": 100, "nLos": 0, "idx": 0, "LiftDeep": 71, "RedAreaH": 0, "BlueAreaH": 250, "Speed":3, "User-X":-4, "User-Y":36, "User-Z":0,"Auth":9, "Trans":4}
[2025-04-29 15:20:31.578] [0;32mTMLUWB  :RX < :RECV                :62000048 89080000 01000000 00FA0000 00010000 05000001 00000000 01CA2F00 002A0000 00640000 64000000 00000003 8C000000 00000000 00000000 0E000000 00010300 01030000 00000000
[2025-04-29 15:20:31.584] [0m[0;34mAPP     :INFO :@@@ updateKeepAlive( ): User[1] Keep alive for CA2F = 239
[2025-04-29 15:20:31.586] [0m[0;34mAPP     :INFO :gCapSessionHandle!!!.
[2025-04-29 15:20:31.588] [0m[0;34mAPP     :INFO :@@@ gNumberOfUserinDTPCM = 2, pRangingData->no_of_measurements = 1,i=0
[2025-04-29 15:20:31.593] [0m[0;34mAPP     :INFO :Measure_NLOS = 0, Classification_NLOS =   0
[2025-04-29 15:20:31.595] [0m[0;34mAPP     :INFO :Conten_Distance_MasterAnchor_to_CA2F=42
[2025-04-29 15:20:31.598] [0m[0;34mAPP     :INFO :Current User ( ca2f ) status is : SystemStatus = 1 , DiscoverStatus = 5 , TransactionState = 4 , AuthenticationState = 9
[2025-04-29 15:20:31.601] [0m[0;34mAPP     :INFO :@@@ User Speed is :( ca2f ) , 1 ,(cm/s)
[2025-04-29 15:20:31.603] [0m[0;34mAPP     :INFO :@ b = 42, c = 30, x = -4, y = 33
[2025-04-29 15:20:31.606] [0m[0;34mAPP     :INFO :@ a = 100, d = 100, m = 250, Gate = 100
[2025-04-29 15:20:31.609] [0m[0;34mAPP     :INFO :################################### into red area...##################################################
[2025-04-29 15:20:31.611] [0m[0;34mAPP     :INFO :System already busy (SystemStatus = 1) or not in triangle field , waiting transaction
[2025-04-29 15:20:31.614] [0m[0;34mAPP     :INFO :No User to r or w | SystemStatus = 1
[2025-04-29 15:20:31.616] [0m
[2025-04-29 15:20:31.618] [0;32mTMLUWB  :RX < :RECV                :02001700 02000002 00BBBB00 00000000 007C0006 000505CA 2F1F00
[2025-04-29 15:20:31.619] [0m[0;34mAPP     :INFO :gMrmSessionHandle!!!
[2025-04-29 15:20:31.621] [0m[0;34mAPP     :INFO :Conten_Distance_SlaveAnchor[BBBB]_to_CA2F=31
[2025-04-29 15:20:31.623] [0m{"@POSITION": 1, "Master": 42, "Slave": 31, "Gate": 100, "nLos": 0, "idx": 0, "LiftDeep": 70, "RedAreaH": 0, "BlueAreaH": 250, "Speed":1, "User-X":-4, "User-Y":33, "User-Z":0,"Auth":9, "Trans":4}
[2025-04-29 15:20:31.827] [0;32mTMLUWB  :RX < :RECV                :62000048 8A080000 01000000 00FA0000 00010000 05000001 00000000 01CA2F00 00280000 00640000 64000000 00000003 8E000000 00000000 00000000 0E000000 00010300 01030000 00000000
[2025-04-29 15:20:31.832] [0m[0;34mAPP     :INFO :@@@ updateKeepAlive( ): User[1] Keep alive for CA2F = 239
[2025-04-29 15:20:31.834] [0m[0;34mAPP     :INFO :gCapSessionHandle!!!.
[2025-04-29 15:20:31.837] [0m[0;34mAPP     :INFO :@@@ gNumberOfUserinDTPCM = 2, pRangingData->no_of_measurements = 1,i=0
[2025-04-29 15:20:31.839] [0m[0;34mAPP     :INFO :Measure_NLOS = 0, Classification_NLOS =   0
[2025-04-29 15:20:31.842] [0m[0;34mAPP     :INFO :Conten_Distance_MasterAnchor_to_CA2F=40
[2025-04-29 15:20:31.844] [0m[0;34mAPP     :INFO :Current User ( ca2f ) status is : SystemStatus = 1 , DiscoverStatus = 5 , TransactionState = 4 , AuthenticationState = 9
[2025-04-29 15:20:31.848] [0m[0;34mAPP     :INFO :@@@ User Speed is :( ca2f ) , 1 ,(cm/s)
[2025-04-29 15:20:31.850] [0m[0;34mAPP     :INFO :@ b = 40, c = 31, x = -3, y = 34
[2025-04-29 15:20:31.853] [0m[0;34mAPP     :INFO :@ a = 100, d = 100, m = 250, Gate = 100
[2025-04-29 15:20:31.856] [0m[0;34mAPP     :INFO :################################### into red area...##################################################
[2025-04-29 15:20:31.859] [0m[0;34mAPP     :INFO :System already busy (SystemStatus = 1) or not in triangle field , waiting transaction
[2025-04-29 15:20:31.863] [0m[0;34mAPP     :INFO :No User to r or w | SystemStatus = 1
[2025-04-29 15:20:31.865] [0m
[2025-04-29 15:20:31.867] [0;32mTMLUWB  :RX < :RECV                :02001700 02000002 00BBBB00 00000000 007D0006 000505CA 2F1E00
[2025-04-29 15:20:31.869] [0m[0;34mAPP     :INFO :gMrmSessionHandle!!!
[2025-04-29 15:20:31.871] [0m[0;34mAPP     :INFO :Conten_Distance_SlaveAnchor[BBBB]_to_CA2F=30
[2025-04-29 15:20:31.873] [0m{"@POSITION": 1, "Master": 40, "Slave": 30, "Gate": 100, "nLos": 0, "idx": 0, "LiftDeep": 71, "RedAreaH": 0, "BlueAreaH": 250, "Speed":1, "User-X":-3, "User-Y":34, "User-Z":0,"Auth":9, "Trans":4}
[2025-04-29 15:20:32.083] [0;32mTMLUWB  :RX < :RECV                :62000048 8B080000 01000000 00FA0000 00010000 05000001 00000000 01CA2F00 00270000 00640000 64000000 00000003 8E000000 00000000 00000000 0E000000 00010300 01030000 00000000
[2025-04-29 15:20:32.087] [0m[0;34mAPP     :INFO :@@@ updateKeepAlive( ): User[1] Keep alive for CA2F = 239
[2025-04-29 15:20:32.090] [0m[0;34mAPP     :INFO :gCapSessionHandle!!!.
[2025-04-29 15:20:32.093] [0m[0;34mAPP     :INFO :@@@ gNumberOfUserinDTPCM = 2, pRangingData->no_of_measurements = 1,i=0
[2025-04-29 15:20:32.097] [0m[0;34mAPP     :INFO :Measure_NLOS = 0, Classification_NLOS =   0
[2025-04-29 15:20:32.100] [0m[0;34mAPP     :INFO :Conten_Distance_MasterAnchor_to_CA2F=39
[2025-04-29 15:20:32.103] [0m[0;34mAPP     :INFO :Current User ( ca2f ) status is : SystemStatus = 1 , DiscoverStatus = 5 , TransactionState = 4 , AuthenticationState = 9
[2025-04-29 15:20:32.107] [0m[0;34mAPP     :INFO :@@@ User Speed is :( ca2f ) , 1 ,(cm/s)
[2025-04-29 15:20:32.111] [0m[0;34mAPP     :INFO :@ b = 39, c = 30, x = -3, y = 35
[2025-04-29 15:20:32.114] [0m[0;34mAPP     :INFO :@ a = 100, d = 100, m = 250, Gate = 100
[2025-04-29 15:20:32.118] [0m[0;34mAPP     :INFO :################################### into red area...##################################################
[2025-04-29 15:20:32.120] [0m[0;34mAPP     :INFO :System already busy (SystemStatus = 1) or not in triangle field , waiting transaction
[2025-04-29 15:20:32.123] [0m[0;34mAPP     :INFO :No User to r or w | SystemStatus = 1
[2025-04-29 15:20:32.126] [0m
[2025-04-29 15:20:32.129] [0;32mTMLUWB  :RX < :RECV                :02001700 02000002 00BBBB00 00000000 007E0006 000505CA 2F2000
[2025-04-29 15:20:32.131] [0m[0;31mAPP     :ERROR:@@@ reader_timer_callback( ): Don't Receive Reader data!!! Restart Reader process.
[2025-04-29 15:20:32.134] [0m[0;34mAPP     :INFO :┌──────────────────────────────────────────────────────────────┐
[2025-04-29 15:20:32.137] [0m[0;34mAPP     :INFO :│ @@@ Time of Reader CB          = 09:19:150  │ CA2F │
[2025-04-29 15:20:32.140] [0m[0;34mAPP     :INFO :└──────────────────────────────────────────────────────────────┘
[2025-04-29 15:20:32.144] [0m[0;34mAPP     :INFO :Previous Transaction State of CA2F was: 4
[2025-04-29 15:20:32.147] [0m[0;34mAPP     :INFO :New Transaction State of CA2F is: 4
[2025-04-29 15:20:32.148] [0m[0;34mAPP     :INFO :gMrmSessionHandle!!!
[2025-04-29 15:20:32.151] [0m[0;34mAPP     :INFO :Conten_Distance_SlaveAnchor[BBBB]_to_CA2F=32
[2025-04-29 15:20:32.154] [0m{"@POSITION": 1, "Master": 39, "Slave": 32, "Gate": 100, "nLos": 0, "idx": 0, "LiftDeep": 71, "RedAreaH": 0, "BlueAreaH": 250, "Speed":1, "User-X":-3, "User-Y":35, "User-Z":0,"Auth":9, "Trans":4}
[2025-04-29 15:20:32.326] [0;32mTMLUWB  :RX < :RECV                :62000048 8C080000 01000000 00FA0000 00010000 05000001 00000000 01CA2F00 00270000 00640000 64000000 00000003 8D000000 00000000 00000000 0E000000 00010300 01030000 00000000
[2025-04-29 15:20:32.333] [0m[0;34mAPP     :INFO :@@@ updateKeepAlive( ): User[1] Keep alive for CA2F = 239
[2025-04-29 15:20:32.343] [0m[0;34mAPP     :INFO :gCapSessionHandle!!!.
[2025-04-29 15:20:32.382] [0m[0;34mAPP     :INFO :@@@ gNumberOfUserinDTPCM = 2, pRangingData->no_of_measurements = 1,i=0
[2025-04-29 15:20:32.387] [0m[0;34mAPP     :INFO :Measure_NLOS = 0, Classification_NLOS =   0
[2025-04-29 15:20:32.394] [0m[0;34mAPP     :INFO :Conten_Distance_MasterAnchor_to_CA2F=39
[2025-04-29 15:20:32.400] [0m[0;34mAPP     :INFO :Current User ( ca2f ) status is : SystemStatus = 0 , DiscoverStatus = 5 , TransactionState = 4 , AuthenticationState = 9
[2025-04-29 15:20:32.404] [0m[0;34mAPP     :INFO :@@@ User Speed is :( ca2f ) , 2 ,(cm/s)
[2025-04-29 15:20:32.409] [0m[0;34mAPP     :INFO :@ b = 39, c = 32, x = -2, y = 34
[2025-04-29 15:20:32.415] [0m[0;34mAPP     :INFO :@ a = 100, d = 100, m = 250, Gate = 100
[2025-04-29 15:20:32.419] [0m[0;34mAPP     :INFO :################################### into red area...##################################################
[2025-04-29 15:20:32.423] [0m[0;34mAPP     :INFO :Only 1 valid card detected, started transaction
[2025-04-29 15:20:32.428] [0m[0;33mAPP     :WARN : Write Card Time < 2s. Return.
[2025-04-29 15:20:32.431] [0m
[2025-04-29 15:20:32.435] [0;32mTMLUWB  :RX < :RECV                :02001700 02000002 00BBBB00 00000000 007F0006 000505CA 2F2000
[2025-04-29 15:20:32.439] [0m[0;34mAPP     :INFO :gMrmSessionHandle!!!
[2025-04-29 15:20:32.444] [0m[0;34mAPP     :INFO :Conten_Distance_SlaveAnchor[BBBB]_to_CA2F=32
[2025-04-29 15:20:32.449] [0m{"@POSITION": 1, "Master": 39, "Slave": 32, "Gate": 100, "nLos": 0, "idx": 0, "LiftDeep": 70, "RedAreaH": 0, "BlueAreaH": 250, "Speed":2, "User-X":-2, "User-Y":34, "User-Z":0,"Auth":9, "Trans":4}
[2025-04-29 15:20:32.574] [0;32mTMLUWB  :RX < :RECV                :62000048 8D080000 01000000 00FA0000 00010000 05000001 00000000 01CA2F00 00290000 00640000 64000000 00000003 8D000000 00000000 00000000 0E000000 00010300 01030000 00000000
[2025-04-29 15:20:32.578] [0m[0;34mAPP     :INFO :@@@ updateKeepAlive( ): User[1] Keep alive for CA2F = 239
[2025-04-29 15:20:32.580] [0m[0;34mAPP     :INFO :gCapSessionHandle!!!.
[2025-04-29 15:20:32.583] [0m[0;34mAPP     :INFO :@@@ gNumberOfUserinDTPCM = 2, pRangingData->no_of_measurements = 1,i=0
[2025-04-29 15:20:32.585] [0m[0;34mAPP     :INFO :Measure_NLOS = 0, Classification_NLOS =   0
[2025-04-29 15:20:32.587] [0m[0;34mAPP     :INFO :Conten_Distance_MasterAnchor_to_CA2F=41
[2025-04-29 15:20:32.589] [0m[0;34mAPP     :INFO :Current User ( ca2f ) status is : SystemStatus = 0 , DiscoverStatus = 5 , TransactionState = 4 , AuthenticationState = 9
[2025-04-29 15:20:32.593] [0m[0;34mAPP     :INFO :@@@ User Speed is :( ca2f ) , 1 ,(cm/s)
[2025-04-29 15:20:32.596] [0m[0;34mAPP     :INFO :@ b = 41, c = 32, x = -3, y = 33
[2025-04-29 15:20:32.598] [0m[0;34mAPP     :INFO :@ a = 100, d = 100, m = 250, Gate = 100
[2025-04-29 15:20:32.600] [0m[0;34mAPP     :INFO :################################### into red area...##################################################
[2025-04-29 15:20:32.602] [0m[0;34mAPP     :INFO :Only 1 valid card detected, started transaction
[2025-04-29 15:20:32.605] [0m[0;33mAPP     :WARN : Write Card Time < 2s. Return.
[2025-04-29 15:20:32.607] [0m
[2025-04-29 15:20:32.609] [0;32mTMLUWB  :RX < :RECV                :02001700 02000002 00BBBB00 00000000 00800006 000505CA 2F1C00
[2025-04-29 15:20:32.613] [0m[0;34mAPP     :INFO :gMrmSessionHandle!!!
[2025-04-29 15:20:32.615] [0m[0;34mAPP     :INFO :Conten_Distance_SlaveAnchor[BBBB]_to_CA2F=28
[2025-04-29 15:20:32.617] [0m{"@POSITION": 1, "Master": 41, "Slave": 28, "Gate": 100, "nLos": 0, "idx": 0, "LiftDeep": 70, "RedAreaH": 0, "BlueAreaH": 250, "Speed":1, "User-X":-3, "User-Y":33, "User-Z":0,"Auth":9, "Trans":4}
[2025-04-29 15:20:32.828] [0;32mTMLUWB  :RX < :RECV                :62000048 8E080000 01000000 00FA0000 00010000 05000001 00000000 01CA2F00 00280000 00640000 64000000 00000003 8E000000 00000000 00000000 0E000000 00010300 01030000 00000000
[2025-04-29 15:20:32.834] [0m[0;34mAPP     :INFO :@@@ updateKeepAlive( ): User[1] Keep alive for CA2F = 239
[2025-04-29 15:20:32.837] [0m[0;34mAPP     :INFO :gCapSessionHandle!!!.
[2025-04-29 15:20:32.840] [0m[0;34mAPP     :INFO :@@@ gNumberOfUserinDTPCM = 2, pRangingData->no_of_measurements = 1,i=0
[2025-04-29 15:20:32.843] [0m[0;34mAPP     :INFO :Measure_NLOS = 0, Classification_NLOS =   0
[2025-04-29 15:20:32.845] [0m[0;34mAPP     :INFO :Conten_Distance_MasterAnchor_to_CA2F=40
[2025-04-29 15:20:32.848] [0m[0;34mAPP     :INFO :Current User ( ca2f ) status is : SystemStatus = 0 , DiscoverStatus = 5 , TransactionState = 4 , AuthenticationState = 9
[2025-04-29 15:20:32.852] [0m[0;34mAPP     :INFO :@@@ User Speed is :( ca2f ) , 1 ,(cm/s)
[2025-04-29 15:20:32.854] [0m[0;34mAPP     :INFO :@ b = 40, c = 28, x = -4, y = 36
[2025-04-29 15:20:32.859] [0m[0;34mAPP     :INFO :@ a = 100, d = 100, m = 250, Gate = 100
[2025-04-29 15:20:32.862] [0m[0;34mAPP     :INFO :################################### into red area...##################################################
[2025-04-29 15:20:32.864] [0m[0;34mAPP     :INFO :Only 1 valid card detected, started transaction
[2025-04-29 15:20:32.868] [0m[0;33mAPP     :WARN : Write Card Time < 2s. Return.
[2025-04-29 15:20:32.870] [0m
[2025-04-29 15:20:32.873] [0;32mTMLUWB  :RX < :RECV                :02001700 02000002 00BBBB00 00000000 00810006 000505CA 2F1F00
[2025-04-29 15:20:32.876] [0m[0;34mAPP     :INFO :gMrmSessionHandle!!!
[2025-04-29 15:20:32.879] [0m[0;34mAPP     :INFO :Conten_Distance_SlaveAnchor[BBBB]_to_CA2F=31
[2025-04-29 15:20:32.881] [0m{"@POSITION": 1, "Master": 40, "Slave": 31, "Gate": 100, "nLos": 0, "idx": 0, "LiftDeep": 71, "RedAreaH": 0, "BlueAreaH": 250, "Speed":1, "User-X":-4, "User-Y":36, "User-Z":0,"Auth":9, "Trans":4}
[2025-04-29 15:20:33.074] [0;32mTMLUWB  :RX < :RECV                :62000048 8F080000 01000000 00FA0000 00010000 05000001 00000000 01CA2F00 00260000 00640000 64000000 00000003 8E000000 00000000 00000000 0E000000 00010300 01030000 00000000
[2025-04-29 15:20:33.078] [0m[0;34mAPP     :INFO :@@@ updateKeepAlive( ): User[1] Keep alive for CA2F = 239
[2025-04-29 15:20:33.081] [0m[0;34mAPP     :INFO :gCapSessionHandle!!!.
[2025-04-29 15:20:33.082] [0m[0;34mAPP     :INFO :@@@ gNumberOfUserinDTPCM = 2, pRangingData->no_of_measurements = 1,i=0
[2025-04-29 15:20:33.085] [0m[0;34mAPP     :INFO :Measure_NLOS = 0, Classification_NLOS =   0
[2025-04-29 15:20:33.086] [0m[0;34mAPP     :INFO :Conten_Distance_MasterAnchor_to_CA2F=38
[2025-04-29 15:20:33.089] [0m[0;34mAPP     :INFO :Current User ( ca2f ) status is : SystemStatus = 0 , DiscoverStatus = 5 , TransactionState = 4 , AuthenticationState = 9
[2025-04-29 15:20:33.093] [0m[0;34mAPP     :INFO :@@@ User Speed is :( ca2f ) , 1 ,(cm/s)
[2025-04-29 15:20:33.096] [0m[0;34mAPP     :INFO :@ b = 38, c = 31, x = -2, y = 35
[2025-04-29 15:20:33.098] [0m[0;34mAPP     :INFO :@ a = 100, d = 100, m = 250, Gate = 100
[2025-04-29 15:20:33.100] [0m[0;34mAPP     :INFO :################################### into red area...##################################################
[2025-04-29 15:20:33.103] [0m[0;34mAPP     :INFO :Only 1 valid card detected, started transaction
[2025-04-29 15:20:33.105] [0m[0;33mAPP     :WARN : Write Card Time < 2s. Return.
[2025-04-29 15:20:33.108] [0m
[2025-04-29 15:20:33.111] [0;32mTMLUWB  :RX < :RECV                :02001700 02000002 00BBBB00 00000000 00820006 000505CA 2F1F00
[2025-04-29 15:20:33.113] [0m[0;34mAPP     :INFO :gMrmSessionHandle!!!
[2025-04-29 15:20:33.114] [0m[0;34mAPP     :INFO :Conten_Distance_SlaveAnchor[BBBB]_to_CA2F=31
[2025-04-29 15:20:33.116] [0m{"@POSITION": 1, "Master": 38, "Slave": 31, "Gate": 100, "nLos": 0, "idx": 0, "LiftDeep": 71, "RedAreaH": 0, "BlueAreaH": 250, "Speed":1, "User-X":-2, "User-Y":35, "User-Z":0,"Auth":9, "Trans":4}
[2025-04-29 15:20:33.340] [0;32mTMLUWB  :RX < :RECV                :62000048 90080000 01000000 00FA0000 00010000 05000001 00000000 01CA2F00 00270000 00640000 64000000 00000003 8E000000 00000000 00000000 0E000000 00010300 01030000 00000000
[2025-04-29 15:20:33.345] [0m[0;34mAPP     :INFO :@@@ updateKeepAlive( ): User[1] Keep alive for CA2F = 239
[2025-04-29 15:20:33.348] [0m[0;34mAPP     :INFO :gCapSessionHandle!!!.
[2025-04-29 15:20:33.349] [0m[0;34mAPP     :INFO :@@@ gNumberOfUserinDTPCM = 2, pRangingData->no_of_measurements = 1,i=0
[2025-04-29 15:20:33.352] [0m[0;34mAPP     :INFO :Measure_NLOS = 0, Classification_NLOS =   0
[2025-04-29 15:20:33.354] [0m[0;34mAPP     :INFO :Conten_Distance_MasterAnchor_to_CA2F=39
[2025-04-29 15:20:33.356] [0m[0;34mAPP     :INFO :Current User ( ca2f ) status is : SystemStatus = 0 , DiscoverStatus = 5 , TransactionState = 4 , AuthenticationState = 9
[2025-04-29 15:20:33.359] [0m[0;34mAPP     :INFO :@@@ User Speed is :( ca2f ) , 1 ,(cm/s)
[2025-04-29 15:20:33.362] [0m[0;34mAPP     :INFO :@ b = 39, c = 31, x = -2, y = 34
[2025-04-29 15:20:33.364] [0m[0;34mAPP     :INFO :@ a = 100, d = 100, m = 250, Gate = 100
[2025-04-29 15:20:33.366] [0m[0;34mAPP     :INFO :################################### into red area...##################################################
[2025-04-29 15:20:33.368] [0m[0;34mAPP     :INFO :Only 1 valid card detected, started transaction
[2025-04-29 15:20:33.370] [0m[0;34mAPP     :INFO :┌──────────────────────────────────────────────────────────────┐
[2025-04-29 15:20:33.373] [0m[0;34mAPP     :INFO :│ @@@ Time of Write Card Start   = 09:20:365  │ CA2F │
[2025-04-29 15:20:33.375] [0m[0;34mAPP     :INFO :└──────────────────────────────────────────────────────────────┘
[2025-04-29 15:20:33.377] [0m[0;34mAPP     :INFO :szt_setFlag( ) szt_setFlag 0
[2025-04-29 15:20:33.378] [0m[0;34mAPP     :INFO :DCS=28
[2025-04-29 15:20:33.381] [0m[0;34mAPP     :INFO :@@@ Sendbuf Data:   :0000FF31 0206FFFF FFFFFF05 FFFFFFFF FFF4C100 0A3A006F 368408A0 00000632 010105A5 269F0802 00309F0C 1E022158 40FFFFFF FF020103 10487049 41202641 65202310 31205310 31000000 00000090 00200002 215840FF FFFFFF02 01031048 70494120 26416520 23103120 53103100 0090003E 00000001 56580058 40000101 00000000 00000000 00000000 00000000 00000000 00000000 00000000 00000000 00000000 00000000 00000000 00000000 00900012 00000014 69000186 A0000000 00000000 00900082 0027017D 01010000 00000000 00000002 03440344 10019101 00000000 10019101 00000000 00000000 00000001 00000000 00000065 00004131 99000115 00004131 99000115 20250417 14343820 25041714 38190000 00000101 00000000 00001672 00000000 00000000 00000000 00000000 00000000 00000000 00000000 00000000 00900019 0018B400 0000
[2025-04-29 15:20:33.386] [0m[0;34mAPP     :INFO :common_start_quick_timer enter: timeout: 200 ms
[2025-04-29 15:20:33.388] [0m[0;32mTMLUWB  :RX < :RECV                :02001700 02000002 00BBBB00 00000000 00830006 000505CA 2F2000
[2025-04-29 15:20:33.389] [0m
[2025-04-29 15:20:33.393] [0;34mAPP     :INFO :gMrmSessionHandle!!!
[2025-04-29 15:20:33.395] [0m[0;34mAPP     :INFO :Conten_Distance_SlaveAnchor[BBBB]_to_CA2F=32
[2025-04-29 15:20:33.397] [0m{"@POSITION": 1, "Master": 39, "Slave": 32, "Gate": 100, "nLos": 0, "idx": 0, "LiftDeep": 71, "RedAreaH": 0, "BlueAreaH": 250, "Speed":1, "User-X":-2, "User-Y":34, "User-Z":0,"Auth":9, "Trans":4}
