[2025-05-20 17:35:24.086] [0;32mTMLUWB  :RX < :RECV                :62000023 899F0100 01000000 00FA0000 00010000 05000001 00000000 00080000 00000103 000103
[2025-05-20 17:35:24.087] [0m[0;34mAPP     :INFO :No User to r or w | SystemStatus = 0
[2025-05-20 17:35:24.087] [0m
[2025-05-20 17:35:24.352] [0;32mTMLUWB  :RX < :RECV                :62000023 8A9F0100 01000000 00FA0000 00010000 05000001 00000000 00080000 00000103 000103
[2025-05-20 17:35:24.352] [0m[0;34mAPP     :INFO :No User to r or w | SystemStatus = 0
[2025-05-20 17:35:24.352] [0m
[2025-05-20 17:35:24.584] [0;32mTMLUWB  :RX < :RECV                :62000023 8B9F0100 01000000 00FA0000 00010000 05000001 00000000 00080000 00000103 000103
[2025-05-20 17:35:24.602] [0m[0;34mAPP     :INFO :No User to r or w | SystemStatus = 0
[2025-05-20 17:35:24.603] [0m
[2025-05-20 17:35:24.847] [0;32mTMLUWB  :RX < :RECV                :62000023 8C9F0100 01000000 00FA0000 00010000 05000001 00000000 00080000 00000103 000103
[2025-05-20 17:35:24.847] [0m[0;34mAPP     :INFO :No User to r or w | SystemStatus = 0
[2025-05-20 17:35:24.847] [0m
[2025-05-20 17:35:25.084] [0;32mTMLUWB  :RX < :RECV                :62000023 8D9F0100 01000000 00FA0000 00010000 05000001 00000000 00080000 00000103 000103
[2025-05-20 17:35:25.084] [0m[0;34mAPP     :INFO :No User to r or w | SystemStatus = 0
[2025-05-20 17:35:25.084] [0m
[2025-05-20 17:35:25.331] [0;32mTMLUWB  :RX < :RECV                :62000023 8E9F0100 01000000 00FA0000 00010000 05000001 00000000 00080000 00000103 000103
[2025-05-20 17:35:25.333] [0m[0;34mAPP     :INFO :No User to r or w | SystemStatus = 0
[2025-05-20 17:35:25.333] [0m
[2025-05-20 17:35:25.597] [0;32mTMLUWB  :RX < :RECV                :62000023 8F9F0100 01000000 00FA0000 00010000 05000001 00000000 00080000 00000103 000103
[2025-05-20 17:35:25.597] [0m[0;34mAPP     :INFO :No User to r or w | SystemStatus = 0
[2025-05-20 17:35:25.597] [0m
[2025-05-20 17:35:25.846] [0;32mTMLUWB  :RX < :RECV                :62000023 909F0100 01000000 00FA0000 00010000 05000001 00000000 00080000 00000103 000103
[2025-05-20 17:35:25.846] [0m[0;34mAPP     :INFO :No User to r or w | SystemStatus = 0
[2025-05-20 17:35:25.847] [0m
[2025-05-20 17:35:26.096] [0;32mTMLUWB  :RX < :RECV                :62000023 919F0100 01000000 00FA0000 00010000 05000001 00000000 00080000 00000103 000103
[2025-05-20 17:35:26.097] [0m[0;34mAPP     :INFO :No User to r or w | SystemStatus = 0
[2025-05-20 17:35:26.097] [0m
[2025-05-20 17:35:26.334] [0;32mTMLUWB  :RX < :RECV                :62000023 929F0100 01000000 00FA0000 00010000 05000001 00000000 00080000 00000103 000103
[2025-05-20 17:35:26.335] [0m[0;34mAPP     :INFO :No User to r or w | SystemStatus = 0
[2025-05-20 17:35:26.337] [0m
[2025-05-20 17:35:26.586] [0;32mTMLUWB  :RX < :RECV                :62000023 939F0100 01000000 00FA0000 00010000 05000001 00000000 00080000 00000103 000103
[2025-05-20 17:35:26.587] [0m[0;34mAPP     :INFO :No User to r or w | SystemStatus = 0
[2025-05-20 17:35:26.587] [0m
[2025-05-20 17:35:26.838] [0;32mTMLUWB  :RX < :RECV                :62000023 949F0100 01000000 00FA0000 00010000 05000001 00000000 00080000 00000103 000103
[2025-05-20 17:35:26.839] [0m[0;34mAPP     :INFO :No User to r or w | SystemStatus = 0
[2025-05-20 17:35:26.839] [0m
[2025-05-20 17:35:27.087] [0;32mTMLUWB  :RX < :RECV                :62000023 959F0100 01000000 00FA0000 00010000 05000001 00000000 00080000 00000103 000103
[2025-05-20 17:35:27.089] [0m[0;34mAPP     :INFO :No User to r or w | SystemStatus = 0
[2025-05-20 17:35:27.091] [0m
[2025-05-20 17:35:27.339] [0;32mTMLUWB  :RX < :RECV                :62000023 969F0100 01000000 00FA0000 00010000 05000001 00000000 00080000 00000103 000103
[2025-05-20 17:35:27.342] [0m[0;34mAPP     :INFO :No User to r or w | SystemStatus = 0
[2025-05-20 17:35:27.343] [0m
[2025-05-20 17:35:27.582] [0;32mTMLUWB  :RX < :RECV                :62000023 979F0100 01000000 00FA0000 00010000 05000001 00000000 00080000 00000103 000103
[2025-05-20 17:35:27.583] [0m[0;34mAPP     :INFO :No User to r or w | SystemStatus = 0
[2025-05-20 17:35:27.583] [0m
[2025-05-20 17:35:27.837] [0;32mTMLUWB  :RX < :RECV                :62000023 989F0100 01000000 00FA0000 00010000 05000001 00000000 00080000 00000103 000103
[2025-05-20 17:35:27.837] [0m[0;34mAPP     :INFO :No User to r or w | SystemStatus = 0
[2025-05-20 17:35:27.837] [0m
[2025-05-20 17:35:28.090] [0;32mTMLUWB  :RX < :RECV                :62000023 999F0100 01000000 00FA0000 00010000 05000001 00000000 00080000 00000103 000103
[2025-05-20 17:35:28.090] [0m[0;34mAPP     :INFO :No User to r or w | SystemStatus = 0
[2025-05-20 17:35:28.090] [0m
[2025-05-20 17:35:28.335] [0;32mTMLUWB  :RX < :RECV                :62000023 9A9F0100 01000000 00FA0000 00010000 05000001 00000000 00080000 00000103 000103
[2025-05-20 17:35:28.335] [0m[0;34mAPP     :INFO :No User to r or w | SystemStatus = 0
[2025-05-20 17:35:28.335] [0m
[2025-05-20 17:35:28.591] [0;32mTMLUWB  :RX < :RECV                :62000023 9B9F0100 01000000 00FA0000 00010000 05000001 00000000 00080000 00000103 000103
[2025-05-20 17:35:28.591] [0m[0;34mAPP     :INFO :No User to r or w | SystemStatus = 0
[2025-05-20 17:35:28.591] [0m
[2025-05-20 17:35:28.840] [0;32mTMLUWB  :RX < :RECV                :62000023 9C9F0100 01000000 00FA0000 00010000 05000001 00000000 00080000 00000103 000103
[2025-05-20 17:35:28.841] [0m[0;34mAPP     :INFO :No User to r or w | SystemStatus = 0
[2025-05-20 17:35:28.841] [0m
[2025-05-20 17:35:29.087] [0;32mTMLUWB  :RX < :RECV                :62000023 9D9F0100 01000000 00FA0000 00010000 05000001 00000000 00080000 00000103 000103
[2025-05-20 17:35:29.087] [0m[0;34mAPP     :INFO :No User to r or w | SystemStatus = 0
[2025-05-20 17:35:29.087] [0m
[2025-05-20 17:35:29.337] [0;32mTMLUWB  :RX < :RECV                :62000023 9E9F0100 01000000 00FA0000 00010000 05000001 00000000 00080000 00000103 000103
[2025-05-20 17:35:29.337] [0m[0;34mAPP     :INFO :No User to r or w | SystemStatus = 0
[2025-05-20 17:35:29.337] [0m
[2025-05-20 17:35:29.585] [0;32mTMLUWB  :RX < :RECV                :62000023 9F9F0100 01000000 00FA0000 00010000 05000001 00000000 00080000 00000103 000103
[2025-05-20 17:35:29.586] [0m[0;34mAPP     :INFO :No User to r or w | SystemStatus = 0
[2025-05-20 17:35:29.586] [0m
[2025-05-20 17:35:29.834] [0;32mTMLUWB  :RX < :RECV                :62000023 A09F0100 01000000 00FA0000 00010000 05000001 00000000 00080000 00000103 000103
[2025-05-20 17:35:29.835] [0m[0;34mAPP     :INFO :No User to r or w | SystemStatus = 0
[2025-05-20 17:35:29.835] [0m
[2025-05-20 17:35:30.084] [0;32mTMLUWB  :RX < :RECV                :62000023 A19F0100 01000000 00FA0000 00010000 05000001 00000000 00080000 00000103 000103
[2025-05-20 17:35:30.085] [0m[0;34mAPP     :INFO :No User to r or w | SystemStatus = 0
[2025-05-20 17:35:30.085] [0m
[2025-05-20 17:35:30.335] [0;32mTMLUWB  :RX < :RECV                :62000023 A29F0100 01000000 00FA0000 00010000 05000001 00000000 00080000 00000103 000103
[2025-05-20 17:35:30.335] [0m[0;34mAPP     :INFO :No User to r or w | SystemStatus = 0
[2025-05-20 17:35:30.335] [0m
[2025-05-20 17:35:30.587] [0;32mTMLUWB  :RX < :RECV                :62000023 A39F0100 01000000 00FA0000 00010000 05000001 00000000 00080000 00000103 000103
[2025-05-20 17:35:30.587] [0m[0;34mAPP     :INFO :No User to r or w | SystemStatus = 0
[2025-05-20 17:35:30.587] [0m
[2025-05-20 17:35:30.838] [0;32mTMLUWB  :RX < :RECV                :62000023 A49F0100 01000000 00FA0000 00010000 05000001 00000000 00080000 00000103 000103
[2025-05-20 17:35:30.838] [0m[0;34mAPP     :INFO :No User to r or w | SystemStatus = 0
[2025-05-20 17:35:30.838] [0m
[2025-05-20 17:35:31.104] [0;32mTMLUWB  :RX < :RECV                :62000023 A59F0100 01000000 00FA0000 00010000 05000001 00000000 00080000 00000103 000103
[2025-05-20 17:35:31.104] [0m[0;34mAPP     :INFO :No User to r or w | SystemStatus = 0
[2025-05-20 17:35:31.106] [0m
[2025-05-20 17:35:31.336] [0;32mTMLUWB  :RX < :RECV                :62000023 A69F0100 01000000 00FA0000 00010000 05000001 00000000 00080000 00000103 000103
[2025-05-20 17:35:31.336] [0m[0;34mAPP     :INFO :No User to r or w | SystemStatus = 0
[2025-05-20 17:35:31.336] [0m
[2025-05-20 17:35:31.585] [0;32mTMLUWB  :RX < :RECV                :62000023 A79F0100 01000000 00FA0000 00010000 05000001 00000000 00080000 00000103 000103
[2025-05-20 17:35:31.585] [0m[0;34mAPP     :INFO :No User to r or w | SystemStatus = 0
[2025-05-20 17:35:31.585] [0m
[2025-05-20 17:35:31.871] [0;32mTMLUWB  :RX < :RECV                :62000023 A89F0100 01000000 00FA0000 00010000 05000001 00000000 00080000 00000103 000103
[2025-05-20 17:35:31.871] [0m[0;34mAPP     :INFO :No User to r or w | SystemStatus = 0
[2025-05-20 17:35:31.871] [0m
[2025-05-20 17:35:32.087] [0;32mTMLUWB  :RX < :RECV                :62000023 A99F0100 01000000 00FA0000 00010000 05000001 00000000 00080000 00000103 000103
[2025-05-20 17:35:32.087] [0m[0;34mAPP     :INFO :No User to r or w | SystemStatus = 0
[2025-05-20 17:35:32.087] [0m
[2025-05-20 17:35:32.335] [0;32mTMLUWB  :RX < :RECV                :62000023 AA9F0100 01000000 00FA0000 00010000 05000001 00000000 00080000 00000103 000103
[2025-05-20 17:35:32.336] [0m[0;34mAPP     :INFO :No User to r or w | SystemStatus = 0
[2025-05-20 17:35:32.336] [0m
[2025-05-20 17:35:32.589] [0;32mTMLUWB  :RX < :RECV                :62000023 AB9F0100 01000000 00FA0000 00010000 05000001 00000000 00080000 00000103 000103
[2025-05-20 17:35:32.589] [0m[0;34mAPP     :INFO :No User to r or w | SystemStatus = 0
[2025-05-20 17:35:32.589] [0m
[2025-05-20 17:35:32.840] [0;32mTMLUWB  :RX < :RECV                :62000023 AC9F0100 01000000 00FA0000 00010000 05000001 00000000 00080000 00000103 000103
[2025-05-20 17:35:32.840] [0m[0;34mAPP     :INFO :No User to r or w | SystemStatus = 0
[2025-05-20 17:35:32.841] [0m
[2025-05-20 17:35:33.090] [0;32mTMLUWB  :RX < :RECV                :62000023 AD9F0100 01000000 00FA0000 00010000 05000001 00000000 00080000 00000103 000103
[2025-05-20 17:35:33.090] [0m[0;34mAPP     :INFO :No User to r or w | SystemStatus = 0
[2025-05-20 17:35:33.090] [0m
[2025-05-20 17:35:33.342] [0;32mTMLUWB  :RX < :RECV                :62000023 AE9F0100 01000000 00FA0000 00010000 05000001 00000000 00080000 00000103 000103
[2025-05-20 17:35:33.342] [0m[0;34mAPP     :INFO :No User to r or w | SystemStatus = 0
[2025-05-20 17:35:33.342] [0m
[2025-05-20 17:35:33.587] [0;32mTMLUWB  :RX < :RECV                :62000023 AF9F0100 01000000 00FA0000 00010000 05000001 00000000 00080000 00000103 000103
[2025-05-20 17:35:33.587] [0m[0;34mAPP     :INFO :No User to r or w | SystemStatus = 0
[2025-05-20 17:35:33.587] [0m
[2025-05-20 17:35:33.836] [0;32mTMLUWB  :RX < :RECV                :62000023 B09F0100 01000000 00FA0000 00010000 05000001 00000000 00080000 00000103 000103
[2025-05-20 17:35:33.837] [0m[0;34mAPP     :INFO :No User to r or w | SystemStatus = 0
[2025-05-20 17:35:33.837] [0m
[2025-05-20 17:35:34.086] [0;32mTMLUWB  :RX < :RECV                :62000023 B19F0100 01000000 00FA0000 00010000 05000001 00000000 00080000 00000103 000103
[2025-05-20 17:35:34.086] [0m[0;34mAPP     :INFO :No User to r or w | SystemStatus = 0
[2025-05-20 17:35:34.087] [0m
[2025-05-20 17:35:34.332] [0;32mTMLUWB  :RX < :RECV                :62000023 B29F0100 01000000 00FA0000 00010000 05000001 00000000 00080000 00000103 000103
[2025-05-20 17:35:34.332] [0m[0;34mAPP     :INFO :No User to r or w | SystemStatus = 0
[2025-05-20 17:35:34.332] [0m
[2025-05-20 17:35:34.592] [0;32mTMLUWB  :RX < :RECV                :62000023 B39F0100 01000000 00FA0000 00010000 05000001 00000000 00080000 00000103 000103
[2025-05-20 17:35:34.592] [0m[0;34mAPP     :INFO :No User to r or w | SystemStatus = 0
[2025-05-20 17:35:34.592] [0m
[2025-05-20 17:35:34.832] [0;32mTMLUWB  :RX < :RECV                :62000023 B49F0100 01000000 00FA0000 00010000 05000001 00000000 00080000 00000103 000103
[2025-05-20 17:35:34.832] [0m[0;34mAPP     :INFO :No User to r or w | SystemStatus = 0
[2025-05-20 17:35:34.832] [0m
[2025-05-20 17:35:35.092] [0;32mTMLUWB  :RX < :RECV                :62000023 B59F0100 01000000 00FA0000 00010000 05000001 00000000 00080000 00000103 000103
[2025-05-20 17:35:35.092] [0m[0;34mAPP     :INFO :No User to r or w | SystemStatus = 0
[2025-05-20 17:35:35.092] [0m
[2025-05-20 17:35:35.342] [0;32mTMLUWB  :RX < :RECV                :62000023 B69F0100 01000000 00FA0000 00010000 05000001 00000000 00080000 00000103 000103
[2025-05-20 17:35:35.342] [0m[0;34mAPP     :INFO :No User to r or w | SystemStatus = 0
[2025-05-20 17:35:35.342] [0m
[2025-05-20 17:35:35.584] [0;32mTMLUWB  :RX < :RECV                :62000023 B79F0100 01000000 00FA0000 00010000 05000001 00000000 00080000 00000103 000103
[2025-05-20 17:35:35.585] [0m[0;34mAPP     :INFO :No User to r or w | SystemStatus = 0
[2025-05-20 17:35:35.585] [0m
[2025-05-20 17:35:35.836] [0;32mTMLUWB  :RX < :RECV                :62000023 B89F0100 01000000 00FA0000 00010000 05000001 00000000 00080000 00000103 000103
[2025-05-20 17:35:35.837] [0m[0;34mAPP     :INFO :No User to r or w | SystemStatus = 0
[2025-05-20 17:35:35.837] [0m
[2025-05-20 17:35:36.090] [0;32mTMLUWB  :RX < :RECV                :62000023 B99F0100 01000000 00FA0000 00010000 05000001 00000000 00080000 00000103 000103
[2025-05-20 17:35:36.090] [0m[0;34mAPP     :INFO :No User to r or w | SystemStatus = 0
[2025-05-20 17:35:36.090] [0m
[2025-05-20 17:35:36.336] [0;32mTMLUWB  :RX < :RECV                :62000023 BA9F0100 01000000 00FA0000 00010000 05000001 00000000 00080000 00000103 000103
[2025-05-20 17:35:36.336] [0m[0;34mAPP     :INFO :No User to r or w | SystemStatus = 0
[2025-05-20 17:35:36.336] [0m
[2025-05-20 17:35:36.591] [0;32mTMLUWB  :RX < :RECV                :62000023 BB9F0100 01000000 00FA0000 00010000 05000001 00000000 00080000 00000103 000103
[2025-05-20 17:35:36.591] [0m[0;34mAPP     :INFO :No User to r or w | SystemStatus = 0
[2025-05-20 17:35:36.591] [0m
[2025-05-20 17:35:36.833] [0;32mTMLUWB  :RX < :RECV                :62000023 BC9F0100 01000000 00FA0000 00010000 05000001 00000000 00080000 00000103 000103
[2025-05-20 17:35:36.834] [0m[0;34mAPP     :INFO :No User to r or w | SystemStatus = 0
[2025-05-20 17:35:36.834] [0m
[2025-05-20 17:35:37.091] [0;32mTMLUWB  :RX < :RECV                :62000023 BD9F0100 01000000 00FA0000 00010000 05000001 00000000 00080000 00000103 000103
[2025-05-20 17:35:37.091] [0m[0;34mAPP     :INFO :No User to r or w | SystemStatus = 0
[2025-05-20 17:35:37.091] [0m
[2025-05-20 17:35:37.333] [0;32mTMLUWB  :RX < :RECV                :62000023 BE9F0100 01000000 00FA0000 00010000 05000001 00000000 00080000 00000103 000103
[2025-05-20 17:35:37.333] [0m[0;34mAPP     :INFO :No User to r or w | SystemStatus = 0
[2025-05-20 17:35:37.333] [0m
[2025-05-20 17:35:37.583] [0;32mTMLUWB  :RX < :RECV                :62000023 BF9F0100 01000000 00FA0000 00010000 05000001 00000000 00080000 00000103 000103
[2025-05-20 17:35:37.583] [0m[0;34mAPP     :INFO :No User to r or w | SystemStatus = 0
[2025-05-20 17:35:37.584] [0m
[2025-05-20 17:35:37.840] [0;32mTMLUWB  :RX < :RECV                :62000023 C09F0100 01000000 00FA0000 00010000 05000001 00000000 00080000 00000103 000103
[2025-05-20 17:35:37.840] [0m[0;34mAPP     :INFO :No User to r or w | SystemStatus = 0
[2025-05-20 17:35:37.840] [0m
[2025-05-20 17:35:38.093] [0;32mTMLUWB  :RX < :RECV                :62000023 C19F0100 01000000 00FA0000 00010000 05000001 00000000 00080000 00000103 000103
[2025-05-20 17:35:38.093] [0m[0;34mAPP     :INFO :No User to r or w | SystemStatus = 0
[2025-05-20 17:35:38.093] [0m
[2025-05-20 17:35:38.337] [0;32mTMLUWB  :RX < :RECV                :62000023 C29F0100 01000000 00FA0000 00010000 05000001 00000000 00080000 00000103 000103
[2025-05-20 17:35:38.337] [0m[0;34mAPP     :INFO :No User to r or w | SystemStatus = 0
[2025-05-20 17:35:38.337] [0m
[2025-05-20 17:35:38.588] [0;32mTMLUWB  :RX < :RECV                :62000023 C39F0100 01000000 00FA0000 00010000 05000001 00000000 00080000 00000103 000103
[2025-05-20 17:35:38.590] [0m[0;34mAPP     :INFO :No User to r or w | SystemStatus = 0
[2025-05-20 17:35:38.590] [0m
[2025-05-20 17:35:38.838] [0;32mTMLUWB  :RX < :RECV                :62000023 C49F0100 01000000 00FA0000 00010000 05000001 00000000 00080000 00000103 000103
[2025-05-20 17:35:38.838] [0m[0;34mAPP     :INFO :No User to r or w | SystemStatus = 0
[2025-05-20 17:35:38.838] [0m
[2025-05-20 17:35:39.089] [0;32mTMLUWB  :RX < :RECV                :62000023 C59F0100 01000000 00FA0000 00010000 05000001 00000000 00080000 00000103 000103
[2025-05-20 17:35:39.089] [0m[0;34mAPP     :INFO :No User to r or w | SystemStatus = 0
[2025-05-20 17:35:39.089] [0m
[2025-05-20 17:35:39.343] [0;32mTMLUWB  :RX < :RECV                :62000023 C69F0100 01000000 00FA0000 00010000 05000001 00000000 00080000 00000103 000103
[2025-05-20 17:35:39.343] [0m[0;34mAPP     :INFO :No User to r or w | SystemStatus = 0
[2025-05-20 17:35:39.343] [0m
[2025-05-20 17:35:39.586] [0;32mTMLUWB  :RX < :RECV                :62000023 C79F0100 01000000 00FA0000 00010000 05000001 00000000 00080000 00000103 000103
[2025-05-20 17:35:39.586] [0m[0;34mAPP     :INFO :No User to r or w | SystemStatus = 0
[2025-05-20 17:35:39.586] [0m
[2025-05-20 17:35:39.833] [0;32mTMLUWB  :RX < :RECV                :62000023 C89F0100 01000000 00FA0000 00010000 05000001 00000000 00080000 00000103 000103
[2025-05-20 17:35:39.833] [0m[0;34mAPP     :INFO :No User to r or w | SystemStatus = 0
[2025-05-20 17:35:39.834] [0m
[2025-05-20 17:35:40.104] [0;32mTMLUWB  :RX < :RECV                :62000023 C99F0100 01000000 00FA0000 00010000 05000001 00000000 00080000 00000103 000103
[2025-05-20 17:35:40.105] [0m[0;34mAPP     :INFO :No User to r or w | SystemStatus = 0
[2025-05-20 17:35:40.105] [0m
[2025-05-20 17:35:40.336] [0;32mTMLUWB  :RX < :RECV                :62000023 CA9F0100 01000000 00FA0000 00010000 05000001 00000000 00080000 00000103 000103
[2025-05-20 17:35:40.336] [0m[0;34mAPP     :INFO :No User to r or w | SystemStatus = 0
[2025-05-20 17:35:40.336] [0m
[2025-05-20 17:35:40.585] [0;32mTMLUWB  :RX < :RECV                :62000023 CB9F0100 01000000 00FA0000 00010000 05000001 00000000 00080000 00000103 000103
[2025-05-20 17:35:40.585] [0m[0;34mAPP     :INFO :No User to r or w | SystemStatus = 0
[2025-05-20 17:35:40.585] [0m
[2025-05-20 17:35:40.835] [0;32mTMLUWB  :RX < :RECV                :62000023 CC9F0100 01000000 00FA0000 00010000 05000001 00000000 00080000 00000103 000103
[2025-05-20 17:35:40.835] [0m[0;34mAPP     :INFO :No User to r or w | SystemStatus = 0
[2025-05-20 17:35:40.835] [0m
[2025-05-20 17:35:41.084] [0;32mTMLUWB  :RX < :RECV                :62000023 CD9F0100 01000000 00FA0000 00010000 05000001 00000000 00080000 00000103 000103
[2025-05-20 17:35:41.084] [0m[0;34mAPP     :INFO :No User to r or w | SystemStatus = 0
[2025-05-20 17:35:41.084] [0m
[2025-05-20 17:35:41.336] [0;32mTMLUWB  :RX < :RECV                :62000023 CE9F0100 01000000 00FA0000 00010000 05000001 00000000 00080000 00000103 000103
[2025-05-20 17:35:41.336] [0m[0;34mAPP     :INFO :No User to r or w | SystemStatus = 0
[2025-05-20 17:35:41.336] [0m
[2025-05-20 17:35:41.587] [0;32mTMLUWB  :RX < :RECV                :62000023 CF9F0100 01000000 00FA0000 00010000 05000001 00000000 00080000 00000103 000103
[2025-05-20 17:35:41.587] [0m[0;34mAPP     :INFO :No User to r or w | SystemStatus = 0
[2025-05-20 17:35:41.587] [0m
[2025-05-20 17:35:41.841] [0;32mTMLUWB  :RX < :RECV                :62000023 D09F0100 01000000 00FA0000 00010000 05000001 00000000 00080000 00000103 000103
[2025-05-20 17:35:41.841] [0m[0;34mAPP     :INFO :No User to r or w | SystemStatus = 0
[2025-05-20 17:35:41.841] [0m
[2025-05-20 17:35:42.105] [0;32mTMLUWB  :RX < :RECV                :62000023 D19F0100 01000000 00FA0000 00010000 05000001 00000000 00080000 00000103 000103
[2025-05-20 17:35:42.105] [0m[0;34mAPP     :INFO :No User to r or w | SystemStatus = 0
[2025-05-20 17:35:42.105] [0m
[2025-05-20 17:35:42.338] [0;32mTMLUWB  :RX < :RECV                :62000023 D29F0100 01000000 00FA0000 00010000 05000001 00000000 00080000 00000103 000103
[2025-05-20 17:35:42.338] [0m[0;34mAPP     :INFO :No User to r or w | SystemStatus = 0
[2025-05-20 17:35:42.338] [0m
[2025-05-20 17:35:42.586] [0;32mTMLUWB  :RX < :RECV                :62000023 D39F0100 01000000 00FA0000 00010000 05000001 00000000 00080000 00000103 000103
[2025-05-20 17:35:42.586] [0m[0;34mAPP     :INFO :No User to r or w | SystemStatus = 0
[2025-05-20 17:35:42.586] [0m
[2025-05-20 17:35:42.837] [0;32mTMLUWB  :RX < :RECV                :62000023 D49F0100 01000000 00FA0000 00010000 05000001 00000000 00080000 00000103 000103
[2025-05-20 17:35:42.837] [0m[0;34mAPP     :INFO :No User to r or w | SystemStatus = 0
[2025-05-20 17:35:42.837] [0m
[2025-05-20 17:35:43.086] [0;32mTMLUWB  :RX < :RECV                :62000023 D59F0100 01000000 00FA0000 00010000 05000001 00000000 00080000 00000103 000103
[2025-05-20 17:35:43.086] [0m[0;34mAPP     :INFO :No User to r or w | SystemStatus = 0
[2025-05-20 17:35:43.086] [0m
[2025-05-20 17:35:43.332] [0;32mTMLUWB  :RX < :RECV                :62000023 D69F0100 01000000 00FA0000 00010000 05000001 00000000 00080000 00000103 000103
[2025-05-20 17:35:43.332] [0m[0;34mAPP     :INFO :No User to r or w | SystemStatus = 0
[2025-05-20 17:35:43.332] [0m
[2025-05-20 17:35:43.587] [0;32mTMLUWB  :RX < :RECV                :62000023 D79F0100 01000000 00FA0000 00010000 05000001 00000000 00080000 00000103 000103
[2025-05-20 17:35:43.587] [0m[0;34mAPP     :INFO :No User to r or w | SystemStatus = 0
[2025-05-20 17:35:43.587] [0m
[2025-05-20 17:35:43.840] [0;32mTMLUWB  :RX < :RECV                :62000023 D89F0100 01000000 00FA0000 00010000 05000001 00000000 00080000 00000103 000103
[2025-05-20 17:35:43.841] [0m[0;34mAPP     :INFO :No User to r or w | SystemStatus = 0
[2025-05-20 17:35:43.841] [0m
[2025-05-20 17:35:44.087] [0;32mTMLUWB  :RX < :RECV                :62000023 D99F0100 01000000 00FA0000 00010000 05000001 00000000 00080000 00000103 000103
[2025-05-20 17:35:44.088] [0m[0;34mAPP     :INFO :No User to r or w | SystemStatus = 0
[2025-05-20 17:35:44.088] [0m
[2025-05-20 17:35:44.340] [0;32mTMLUWB  :RX < :RECV                :62000023 DA9F0100 01000000 00FA0000 00010000 05000001 00000000 00080000 00000103 000103
[2025-05-20 17:35:44.341] [0m[0;34mAPP     :INFO :No User to r or w | SystemStatus = 0
[2025-05-20 17:35:44.341] [0m
[2025-05-20 17:35:44.587] [0;32mTMLUWB  :RX < :RECV                :62000023 DB9F0100 01000000 00FA0000 00010000 05000001 00000000 00080000 00000103 000103
[2025-05-20 17:35:44.587] [0m[0;34mAPP     :INFO :No User to r or w | SystemStatus = 0
[2025-05-20 17:35:44.587] [0m
[2025-05-20 17:35:44.834] [0;32mTMLUWB  :RX < :RECV                :62000023 DC9F0100 01000000 00FA0000 00010000 05000001 00000000 00080000 00000103 000103
[2025-05-20 17:35:44.834] [0m[0;34mAPP     :INFO :No User to r or w | SystemStatus = 0
[2025-05-20 17:35:44.834] [0m
[2025-05-20 17:35:45.091] [0;32mTMLUWB  :RX < :RECV                :62000023 DD9F0100 01000000 00FA0000 00010000 05000001 00000000 00080000 00000103 000103
[2025-05-20 17:35:45.091] [0m[0;34mAPP     :INFO :No User to r or w | SystemStatus = 0
[2025-05-20 17:35:45.091] [0m
[2025-05-20 17:35:45.338] [0;32mTMLUWB  :RX < :RECV                :62000023 DE9F0100 01000000 00FA0000 00010000 05000001 00000000 00080000 00000103 000103
[2025-05-20 17:35:45.338] [0m[0;34mAPP     :INFO :No User to r or w | SystemStatus = 0
[2025-05-20 17:35:45.338] [0m
[2025-05-20 17:35:45.586] [0;32mTMLUWB  :RX < :RECV                :62000023 DF9F0100 01000000 00FA0000 00010000 05000001 00000000 00080000 00000103 000103
[2025-05-20 17:35:45.586] [0m[0;34mAPP     :INFO :No User to r or w | SystemStatus = 0
[2025-05-20 17:35:45.586] [0m
[2025-05-20 17:35:45.990] [0;32mTMLUWB  :RX < :RECV                :62000023 E09F0100 01000000 00FA0000 00010000 05000001 00000000 00080000 00000103 000103
[2025-05-20 17:35:45.990] [0m[0;34mAPP     :INFO :No User to r or w | SystemStatus = 0
[2025-05-20 17:35:45.990] [0m
