[2025-05-20 17:45:20.891] [0;32mTMLUWB  :RX < :RECV                :62000048 16A80100 01000000 00FA0000 00010000 05000001 00000000 01070900 006D0000 00640000 64000000 00000003 90000000 00000000 00000000 0E000000 00010300 01030000 00000000
[2025-05-20 17:45:20.891] [0m[0;34mAPP     :INFO :@@@ updateKeepAlive( ): User[1] 709 Keep alive = 79
[2025-05-20 17:45:20.891] [0m[0;34mAPP     :INFO :gCapSessionHandle!!!.
[2025-05-20 17:45:20.891] [0m[0;34mAPP     :INFO :@@@ gNumberOfUserinDTPCM = 2, pRangingData->no_of_measurements = 1,i=0
[2025-05-20 17:45:20.891] [0m[0;34mAPP     :INFO :Measure_NLOS = 0, Classification_NLOS =   0
[2025-05-20 17:45:20.891] [0m[0;34mAPP     :INFO :Conten_Distance_MasterAnchor_to_709=109
[2025-05-20 17:45:20.910] [0m[0;34mAPP     :INFO :Current User ( 709 ) status is : SystemStatus = 0 , DiscoverStatus = 4 , TransactionState = 4 , AuthenticationState = 9
[2025-05-20 17:45:20.910] [0mKF_predict(): Predicted value = 0, Measurement = 0
[2025-05-20 17:45:20.911] [0;34mAPP     :INFO :@@@ User Speed is :( 709 ) , 3 ,(cm/s)
[2025-05-20 17:45:20.911] [0m[0;34mAPP     :INFO :@ b = 109, c = 50, x = -46, y = 51
[2025-05-20 17:45:20.911] [0m[0;34mAPP     :INFO :@ a = 100, d = 100, m = 250, Gate = 100
[2025-05-20 17:45:20.911] [0m[0;34mAPP     :INFO :################################### into blue area...##################################################
[2025-05-20 17:45:20.911] [0m[0;34mAPP     :INFO :No User to r or w | SystemStatus = 0
[2025-05-20 17:45:20.911] [0m
[2025-05-20 17:45:21.145] [0;32mTMLUWB  :RX < :RECV                :62000048 17A80100 01000000 00FA0000 00010000 05000001 00000000 01070900 006D0000 00640000 64000000 00000003 91000000 00000000 00000000 0E000000 00010300 01030000 00000000
[2025-05-20 17:45:21.145] [0m[0;34mAPP     :INFO :@@@ updateKeepAlive( ): User[1] 709 Keep alive = 79
[2025-05-20 17:45:21.145] [0m[0;34mAPP     :INFO :gCapSessionHandle!!!.
[2025-05-20 17:45:21.145] [0m[0;34mAPP     :INFO :@@@ gNumberOfUserinDTPCM = 2, pRangingData->no_of_measurements = 1,i=0
[2025-05-20 17:45:21.145] [0m[0;34mAPP     :INFO :Measure_NLOS = 0, Classification_NLOS =   0
[2025-05-20 17:45:21.145] [0m[0;34mAPP     :INFO :Conten_Distance_MasterAnchor_to_709=109
[2025-05-20 17:45:21.145] [0m[0;34mAPP     :INFO :Current User ( 709 ) status is : SystemStatus = 0 , DiscoverStatus = 4 , TransactionState = 4 , AuthenticationState = 9
[2025-05-20 17:45:21.145] [0mKF_predict(): Predicted value = 0, Measurement = 0
[2025-05-20 17:45:21.145] [0;34mAPP     :INFO :@@@ User Speed is :( 709 ) , 2 ,(cm/s)
[2025-05-20 17:45:21.145] [0m[0;34mAPP     :INFO :@ b = 109, c = 50, x = -46, y = 51
[2025-05-20 17:45:21.145] [0m[0;34mAPP     :INFO :@ a = 100, d = 100, m = 250, Gate = 100
[2025-05-20 17:45:21.145] [0m[0;34mAPP     :INFO :################################### into blue area...##################################################
[2025-05-20 17:45:21.145] [0m[0;34mAPP     :INFO :No User to r or w | SystemStatus = 0
[2025-05-20 17:45:21.145] [0m
[2025-05-20 17:45:21.395] [0;32mTMLUWB  :RX < :RECV                :62000048 18A80100 01000000 00FA0000 00010000 05000001 00000000 01070900 006E0000 00640000 64000000 00000003 91000000 00000000 00000000 0E000000 00010300 01030000 00000000
[2025-05-20 17:45:21.395] [0m[0;34mAPP     :INFO :@@@ updateKeepAlive( ): User[1] 709 Keep alive = 79
[2025-05-20 17:45:21.395] [0m[0;34mAPP     :INFO :gCapSessionHandle!!!.
[2025-05-20 17:45:21.395] [0m[0;34mAPP     :INFO :@@@ gNumberOfUserinDTPCM = 2, pRangingData->no_of_measurements = 1,i=0
[2025-05-20 17:45:21.395] [0m[0;34mAPP     :INFO :Measure_NLOS = 0, Classification_NLOS =   0
[2025-05-20 17:45:21.395] [0m[0;34mAPP     :INFO :Conten_Distance_MasterAnchor_to_709=110
[2025-05-20 17:45:21.395] [0m[0;34mAPP     :INFO :Current User ( 709 ) status is : SystemStatus = 0 , DiscoverStatus = 4 , TransactionState = 4 , AuthenticationState = 9
[2025-05-20 17:45:21.395] [0mKF_predict(): Predicted value = 0, Measurement = 0
[2025-05-20 17:45:21.395] [0;34mAPP     :INFO :@@@ User Speed is :( 709 ) , 0 ,(cm/s)
[2025-05-20 17:45:21.395] [0m[0;34mAPP     :INFO :@ b = 110, c = 50, x = -48, y = 49
[2025-05-20 17:45:21.395] [0m[0;34mAPP     :INFO :@ a = 100, d = 100, m = 250, Gate = 100
[2025-05-20 17:45:21.395] [0m[0;34mAPP     :INFO :################################### into blue area...##################################################
[2025-05-20 17:45:21.395] [0m[0;34mAPP     :INFO :No User to r or w | SystemStatus = 0
[2025-05-20 17:45:21.395] [0m
[2025-05-20 17:45:21.645] [0;32mTMLUWB  :RX < :RECV                :62000048 19A80100 01000000 00FA0000 00010000 05000001 00000000 01070900 006D0000 00640000 64000000 00000003 93000000 00000000 00000000 0E000000 00010300 01030000 00000000
[2025-05-20 17:45:21.645] [0m[0;34mAPP     :INFO :@@@ updateKeepAlive( ): User[1] 709 Keep alive = 79
[2025-05-20 17:45:21.645] [0m[0;34mAPP     :INFO :gCapSessionHandle!!!.
[2025-05-20 17:45:21.645] [0m[0;34mAPP     :INFO :@@@ gNumberOfUserinDTPCM = 2, pRangingData->no_of_measurements = 1,i=0
[2025-05-20 17:45:21.646] [0m[0;34mAPP     :INFO :Measure_NLOS = 0, Classification_NLOS =   0
[2025-05-20 17:45:21.646] [0m[0;34mAPP     :INFO :Conten_Distance_MasterAnchor_to_709=109
[2025-05-20 17:45:21.646] [0m[0;34mAPP     :INFO :Current User ( 709 ) status is : SystemStatus = 0 , DiscoverStatus = 4 , TransactionState = 4 , AuthenticationState = 9
[2025-05-20 17:45:21.646] [0mKF_predict(): Predicted value = 0, Measurement = 0
[2025-05-20 17:45:21.646] [0;34mAPP     :INFO :@@@ User Speed is :( 709 ) , 0 ,(cm/s)
[2025-05-20 17:45:21.646] [0m[0;34mAPP     :INFO :@ b = 109, c = 50, x = -46, y = 51
[2025-05-20 17:45:21.646] [0m[0;34mAPP     :INFO :@ a = 100, d = 100, m = 250, Gate = 100
[2025-05-20 17:45:21.646] [0m[0;34mAPP     :INFO :################################### into blue area...##################################################
[2025-05-20 17:45:21.646] [0m[0;34mAPP     :INFO :No User to r or w | SystemStatus = 0
[2025-05-20 17:45:21.646] [0m
[2025-05-20 17:45:21.890] [0;32mTMLUWB  :RX < :RECV                :62000048 1AA80100 01000000 00FA0000 00010000 05000001 00000000 01070900 006C0000 00640000 64000000 00000003 91000000 00000000 00000000 0E000000 00010300 01030000 00000000
[2025-05-20 17:45:21.890] [0m[0;34mAPP     :INFO :@@@ updateKeepAlive( ): User[1] 709 Keep alive = 79
[2025-05-20 17:45:21.890] [0m[0;34mAPP     :INFO :gCapSessionHandle!!!.
[2025-05-20 17:45:21.890] [0m[0;34mAPP     :INFO :@@@ gNumberOfUserinDTPCM = 2, pRangingData->no_of_measurements = 1,i=0
[2025-05-20 17:45:21.890] [0m[0;34mAPP     :INFO :Measure_NLOS = 0, Classification_NLOS =   0
[2025-05-20 17:45:21.890] [0m[0;34mAPP     :INFO :Conten_Distance_MasterAnchor_to_709=108
[2025-05-20 17:45:21.890] [0m[0;34mAPP     :INFO :Current User ( 709 ) status is : SystemStatus = 0 , DiscoverStatus = 4 , TransactionState = 4 , AuthenticationState = 9
[2025-05-20 17:45:21.890] [0mKF_predict(): Predicted value = 0, Measurement = 0
[2025-05-20 17:45:21.890] [0;34mAPP     :INFO :@@@ User Speed is :( 709 ) , 1 ,(cm/s)
[2025-05-20 17:45:21.891] [0m[0;34mAPP     :INFO :@ b = 108, c = 50, x = -45, y = 51
[2025-05-20 17:45:21.891] [0m[0;34mAPP     :INFO :@ a = 100, d = 100, m = 250, Gate = 100
[2025-05-20 17:45:21.891] [0m[0;34mAPP     :INFO :################################### into blue area...##################################################
[2025-05-20 17:45:21.891] [0m[0;34mAPP     :INFO :No User to r or w | SystemStatus = 0
[2025-05-20 17:45:21.891] [0m
[2025-05-20 17:45:22.281] [0;32mTMLUWB  :RX < :RECV                :62000048 1BA80100 01000000 00FA0000 00010000 05000001 00000000 01070900 006C0000 00640000 64000000 00000003 91000000 00000000 00000000 0E000000 00010300 01030000 00000000
[2025-05-20 17:45:22.281] [0m[0;34mAPP     :INFO :@@@ updateKeepAlive( ): User[1] 709 Keep alive = 79
[2025-05-20 17:45:22.282] [0m[0;34mAPP     :INFO :gCapSessionHandle!!!.
[2025-05-20 17:45:22.282] [0m[0;34mAPP     :INFO :@@@ gNumberOfUserinDTPCM = 2, pRangingData->no_of_measurements = 1,i=0
[2025-05-20 17:45:22.282] [0m[0;34mAPP     :INFO :Measure_NLOS = 0, Classification_NLOS =   0
[2025-05-20 17:45:22.282] [0m[0;34mAPP     :INFO :Conten_Distance_MasterAnchor_to_709=108
[2025-05-20 17:45:22.282] [0m[0;34mAPP     :INFO :Current User ( 709 ) status is : SystemStatus = 0 , DiscoverStatus = 4 , TransactionState = 4 , AuthenticationState = 9
[2025-05-20 17:45:22.282] [0mKF_predict(): Predicted value = 0, Measurement = 0
[2025-05-20 17:45:22.282] [0;34mAPP     :INFO :@@@ User Speed is :( 709 ) , 3 ,(cm/s)
[2025-05-20 17:45:22.282] [0m[0;34mAPP     :INFO :@ b = 108, c = 50, x = -45, y = 51
[2025-05-20 17:45:22.282] [0m[0;34mAPP     :INFO :@ a = 100, d = 100, m = 250, Gate = 100
[2025-05-20 17:45:22.282] [0m[0;34mAPP     :INFO :################################### into blue area...##################################################
[2025-05-20 17:45:22.282] [0m[0;34mAPP     :INFO :No User to r or w | SystemStatus = 0
[2025-05-20 17:45:22.282] [0m
