[2025-06-05 15:56:00.981] [0;32mTMLUWB  :RX < :RECV                :02001700 02000002 00BBBB00 00000000 00290006 000505FF F74C00
[2025-06-05 15:56:00.981] [0m[0;34mAPP     :INFO :gMrmSessionHandle_Test!!!
[2025-06-05 15:56:00.985] [0mMaster_Distance_to_Slave=76
[2025-06-05 15:56:00.986] [0;34mAPP     :INFO :Conten_Distance_SlaveAnchor[BBBB]_to_FFF7=76
[2025-06-05 15:56:00.986] [0m{"@POSITION": 1, "Master": 31, "Slave": 76, "Gate": 100, "nLos": 0, "idx": 0, "LiftDeep": 64, "RedAreaH": 0, "BlueAreaH": 250, "Speed":3, "User-X":20, "User-Y":7, "User-Z":0,"Auth":9, "Trans":4}
[2025-06-05 15:56:01.188] [0;32mTMLUWB  :RX < :RECV                :62000048 2E1C0000 01000000 00FA0000 00010000 05000001 00000000 01FFF700 001C0000 00640000 64000000 00000003 81000000 00000000 00000000 0E000000 00010300 01030000 00000000
[2025-06-05 15:56:01.189] [0m[0;34mAPP     :INFO :@@@ updateKeepAlive( ): User[1] FFF7 Keep alive = 79
[2025-06-05 15:56:01.190] [0m[0;34mAPP     :INFO :gCapSessionHandle!!!.
[2025-06-05 15:56:01.194] [0m[0;34mAPP     :INFO :@@@ gNumberOfUserinDTPCM = 2, pRangingData->no_of_measurements = 1,i=0
[2025-06-05 15:56:01.194] [0m[0;34mAPP     :INFO :Measure_NLOS = 0, Classification_NLOS =   0
[2025-06-05 15:56:01.195] [0mMaster_Distance_to_FFF7=28
[2025-06-05 15:56:01.195] [0;34mAPP     :INFO :Conten_Distance_MasterAnchor_to_FFF7=28
[2025-06-05 15:56:01.195] [0m[0;34mAPP     :INFO :Current User ( fff7 ) status is : SystemStatus = 0 , DiscoverStatus = 5 , TransactionState = 4 , AuthenticationState = 9
[2025-06-05 15:56:01.196] [0m[0;34mAPP     :INFO :@@@ User Speed is :( fff7 ) , 10 ,(cm/s)
[2025-06-05 15:56:01.196] [0m[0;34mAPP     :INFO :@ b = 28, c = 76, x = 24, y = 10
[2025-06-05 15:56:01.196] [0m[0;34mAPP     :INFO :@ a = 100, d = 100, m = 250, Gate = 100
[2025-06-05 15:56:01.196] [0m[0;34mAPP     :INFO :################################### into red area...##################################################
[2025-06-05 15:56:01.196] [0m[0;34mAPP     :INFO :Only 1 valid card detected, started transaction
[2025-06-05 15:56:01.196] [0m[0;33mAPP     :WARN : Write Card Time < 10s. Return.
[2025-06-05 15:56:01.196] [0m
[2025-06-05 15:56:01.196] [0;32mTMLUWB  :RX < :RECV                :02001700 02000002 00BBBB00 00000000 002A0006 000505FF F74800
[2025-06-05 15:56:01.196] [0m[0;34mAPP     :INFO :gMrmSessionHandle_Test!!!
[2025-06-05 15:56:01.196] [0mMaster_Distance_to_Slave=72
[2025-06-05 15:56:01.196] [0;34mAPP     :INFO :Conten_Distance_SlaveAnchor[BBBB]_to_FFF7=72
[2025-06-05 15:56:01.196] [0m{"@POSITION": 1, "Master": 28, "Slave": 72, "Gate": 100, "nLos": 0, "idx": 0, "LiftDeep": 64, "RedAreaH": 0, "BlueAreaH": 250, "Speed":10, "User-X":24, "User-Y":10, "User-Z":0,"Auth":9, "Trans":4}
[2025-06-05 15:56:01.437] [0;32mTMLUWB  :RX < :RECV                :62000048 2F1C0000 01000000 00FA0000 00010000 05000001 00000000 01FFF700 001D0000 00640000 64000000 00000003 85000000 00000000 00000000 0E000000 00010300 01030000 00000000
[2025-06-05 15:56:01.438] [0m[0;34mAPP     :INFO :@@@ updateKeepAlive( ): User[1] FFF7 Keep alive = 79
[2025-06-05 15:56:01.438] [0m[0;34mAPP     :INFO :gCapSessionHandle!!!.
[2025-06-05 15:56:01.439] [0m[0;34mAPP     :INFO :@@@ gNumberOfUserinDTPCM = 2, pRangingData->no_of_measurements = 1,i=0
[2025-06-05 15:56:01.439] [0m[0;34mAPP     :INFO :Measure_NLOS = 0, Classification_NLOS =   0
[2025-06-05 15:56:01.439] [0mMaster_Distance_to_FFF7=29
[2025-06-05 15:56:01.439] [0;34mAPP     :INFO :Conten_Distance_MasterAnchor_to_FFF7=29
[2025-06-05 15:56:01.440] [0m[0;34mAPP     :INFO :Current User ( fff7 ) status is : SystemStatus = 0 , DiscoverStatus = 5 , TransactionState = 4 , AuthenticationState = 9
[2025-06-05 15:56:01.440] [0m[0;34mAPP     :INFO :@@@ User Speed is :( fff7 ) , 1 ,(cm/s)
[2025-06-05 15:56:01.440] [0m[0;34mAPP     :INFO :@ b = 29, c = 72, x = 21, y = 0
[2025-06-05 15:56:01.440] [0m[0;34mAPP     :INFO :@ a = 100, d = 100, m = 250, Gate = 100
[2025-06-05 15:56:01.440] [0m[0;34mAPP     :INFO :################################### into red area...##################################################
[2025-06-05 15:56:01.440] [0m[0;34mAPP     :INFO :Only 1 valid card detected, started transaction
[2025-06-05 15:56:01.441] [0m[0;33mAPP     :WARN : Write Card Time < 10s. Return.
[2025-06-05 15:56:01.441] [0m
[2025-06-05 15:56:01.441] [0;32mTMLUWB  :RX < :RECV                :02001700 02000002 00BBBB00 00000000 002B0006 000505FF F74900
[2025-06-05 15:56:01.441] [0m[0;34mAPP     :INFO :gMrmSessionHandle_Test!!!
[2025-06-05 15:56:01.441] [0mMaster_Distance_to_Slave=73
[2025-06-05 15:56:01.441] [0;34mAPP     :INFO :Conten_Distance_SlaveAnchor[BBBB]_to_FFF7=73
[2025-06-05 15:56:01.441] [0m{"@POSITION": 1, "Master": 29, "Slave": 73, "Gate": 100, "nLos": 0, "idx": 0, "LiftDeep": 66, "RedAreaH": 0, "BlueAreaH": 250, "Speed":1, "User-X":21, "User-Y":0, "User-Z":0,"Auth":9, "Trans":4}
[2025-06-05 15:56:01.689] [0;32mTMLUWB  :RX < :RECV                :62000048 301C0000 01000000 00FA0000 00010000 05000001 00000000 01FFF700 001C0000 00640000 64000000 00000003 82000000 00000000 00000000 0E000000 00010300 01030000 00000000
[2025-06-05 15:56:01.689] [0m[0;34mAPP     :INFO :@@@ updateKeepAlive( ): User[1] FFF7 Keep alive = 79
[2025-06-05 15:56:01.689] [0m[0;34mAPP     :INFO :gCapSessionHandle!!!.
[2025-06-05 15:56:01.691] [0m[0;34mAPP     :INFO :@@@ gNumberOfUserinDTPCM = 2, pRangingData->no_of_measurements = 1,i=0
[2025-06-05 15:56:01.691] [0m[0;34mAPP     :INFO :Measure_NLOS = 0, Classification_NLOS =   0
[2025-06-05 15:56:01.691] [0mMaster_Distance_to_FFF7=28
[2025-06-05 15:56:01.691] [0;34mAPP     :INFO :Conten_Distance_MasterAnchor_to_FFF7=28
[2025-06-05 15:56:01.691] [0m[0;34mAPP     :INFO :Current User ( fff7 ) status is : SystemStatus = 0 , DiscoverStatus = 5 , TransactionState = 4 , AuthenticationState = 9
[2025-06-05 15:56:01.691] [0m[0;34mAPP     :INFO :@@@ User Speed is :( fff7 ) , 7 ,(cm/s)
[2025-06-05 15:56:01.691] [0m[0;34mAPP     :INFO :@ b = 28, c = 73, x = 22, y = 0
[2025-06-05 15:56:01.692] [0m[0;34mAPP     :INFO :@ a = 100, d = 100, m = 250, Gate = 100
[2025-06-05 15:56:01.692] [0m[0;34mAPP     :INFO :################################### into red area...##################################################
[2025-06-05 15:56:01.692] [0m[0;34mAPP     :INFO :Only 1 valid card detected, started transaction
[2025-06-05 15:56:01.692] [0m[0;33mAPP     :WARN : Write Card Time < 10s. Return.
[2025-06-05 15:56:01.692] [0m
[2025-06-05 15:56:01.692] [0;32mTMLUWB  :RX < :RECV                :02001700 02000002 00BBBB00 00000000 002C0006 000505FF F74900
[2025-06-05 15:56:01.692] [0m[0;34mAPP     :INFO :gMrmSessionHandle_Test!!!
[2025-06-05 15:56:01.692] [0mMaster_Distance_to_Slave=73
[2025-06-05 15:56:01.692] [0;34mAPP     :INFO :Conten_Distance_SlaveAnchor[BBBB]_to_FFF7=73
[2025-06-05 15:56:01.692] [0m{"@POSITION": 1, "Master": 28, "Slave": 73, "Gate": 100, "nLos": 0, "idx": 0, "LiftDeep": 65, "RedAreaH": 0, "BlueAreaH": 250, "Speed":7, "User-X":22, "User-Y":0, "User-Z":0,"Auth":9, "Trans":4}
[2025-06-05 15:56:01.938] [0;32mTMLUWB  :RX < :RECV                :62000048 311C0000 01000000 00FA0000 00010000 05000001 00000000 01FFF700 001D0000 00640000 64000000 00000003 81000000 00000000 00000000 0E000000 00010300 01030000 00000000
[2025-06-05 15:56:01.938] [0m[0;34mAPP     :INFO :@@@ updateKeepAlive( ): User[1] FFF7 Keep alive = 79
[2025-06-05 15:56:01.938] [0m[0;34mAPP     :INFO :gCapSessionHandle!!!.
[2025-06-05 15:56:01.938] [0m[0;34mAPP     :INFO :@@@ gNumberOfUserinDTPCM = 2, pRangingData->no_of_measurements = 1,i=0
[2025-06-05 15:56:01.939] [0m[0;34mAPP     :INFO :Measure_NLOS = 0, Classification_NLOS =   0
[2025-06-05 15:56:01.939] [0mMaster_Distance_to_FFF7=29
[2025-06-05 15:56:01.939] [0;34mAPP     :INFO :Conten_Distance_MasterAnchor_to_FFF7=29
[2025-06-05 15:56:01.939] [0m[0;34mAPP     :INFO :Current User ( fff7 ) status is : SystemStatus = 0 , DiscoverStatus = 5 , TransactionState = 4 , AuthenticationState = 9
[2025-06-05 15:56:01.939] [0m[0;34mAPP     :INFO :@@@ User Speed is :( fff7 ) , 3 ,(cm/s)
[2025-06-05 15:56:01.939] [0m[0;34mAPP     :INFO :@ b = 29, c = 73, x = 22, y = 7
[2025-06-05 15:56:01.939] [0m[0;34mAPP     :INFO :@ a = 100, d = 100, m = 250, Gate = 100
[2025-06-05 15:56:01.939] [0m[0;34mAPP     :INFO :################################### into red area...##################################################
[2025-06-05 15:56:01.939] [0m[0;34mAPP     :INFO :Only 1 valid card detected, started transaction
[2025-06-05 15:56:01.939] [0m[0;33mAPP     :WARN : Write Card Time < 10s. Return.
[2025-06-05 15:56:01.941] [0m
[2025-06-05 15:56:01.941] [0;32mTMLUWB  :RX < :RECV                :02001700 02000002 00BBBB00 00000000 002D0006 000505FF F74B00
[2025-06-05 15:56:01.941] [0m[0;34mAPP     :INFO :gMrmSessionHandle_Test!!!
[2025-06-05 15:56:01.941] [0mMaster_Distance_to_Slave=75
[2025-06-05 15:56:01.941] [0;34mAPP     :INFO :Conten_Distance_SlaveAnchor[BBBB]_to_FFF7=75
[2025-06-05 15:56:01.941] [0m{"@POSITION": 1, "Master": 29, "Slave": 75, "Gate": 100, "nLos": 0, "idx": 0, "LiftDeep": 64, "RedAreaH": 0, "BlueAreaH": 250, "Speed":3, "User-X":22, "User-Y":7, "User-Z":0,"Auth":9, "Trans":4}
[2025-06-05 15:56:02.189] [0;32mTMLUWB  :RX < :RECV                :62000048 321C0000 01000000 00FA0000 00010000 05000001 00000000 01FFF700 001D0000 00640000 64000000 00000003 82000000 00000000 00000000 0E000000 00010300 01030000 00000000
[2025-06-05 15:56:02.189] [0m[0;34mAPP     :INFO :@@@ updateKeepAlive( ): User[1] FFF7 Keep alive = 79
[2025-06-05 15:56:02.189] [0m[0;34mAPP     :INFO :gCapSessionHandle!!!.
[2025-06-05 15:56:02.190] [0m[0;34mAPP     :INFO :@@@ gNumberOfUserinDTPCM = 2, pRangingData->no_of_measurements = 1,i=0
[2025-06-05 15:56:02.190] [0m[0;34mAPP     :INFO :Measure_NLOS = 0, Classification_NLOS =   0
[2025-06-05 15:56:02.190] [0mMaster_Distance_to_FFF7=29
[2025-06-05 15:56:02.190] [0;34mAPP     :INFO :Conten_Distance_MasterAnchor_to_FFF7=29
[2025-06-05 15:56:02.190] [0m[0;34mAPP     :INFO :Current User ( fff7 ) status is : SystemStatus = 0 , DiscoverStatus = 5 , TransactionState = 4 , AuthenticationState = 9
[2025-06-05 15:56:02.191] [0m[0;34mAPP     :INFO :@@@ User Speed is :( fff7 ) , 10 ,(cm/s)
[2025-06-05 15:56:02.191] [0m[0;34mAPP     :INFO :@ b = 29, c = 75, x = 23, y = 10
[2025-06-05 15:56:02.191] [0m[0;34mAPP     :INFO :@ a = 100, d = 100, m = 250, Gate = 100
[2025-06-05 15:56:02.191] [0m[0;34mAPP     :INFO :################################### into red area...##################################################
[2025-06-05 15:56:02.191] [0m[0;34mAPP     :INFO :Only 1 valid card detected, started transaction
[2025-06-05 15:56:02.191] [0m[0;33mAPP     :WARN : Write Card Time < 10s. Return.
[2025-06-05 15:56:02.191] [0m
[2025-06-05 15:56:02.191] [0;32mTMLUWB  :RX < :RECV                :02001700 02000002 00BBBB00 00000000 002E0006 000505FF F74800
[2025-06-05 15:56:02.191] [0m[0;34mAPP     :INFO :gMrmSessionHandle_Test!!!
[2025-06-05 15:56:02.191] [0mMaster_Distance_to_Slave=72
[2025-06-05 15:56:02.191] [0;34mAPP     :INFO :Conten_Distance_SlaveAnchor[BBBB]_to_FFF7=72
[2025-06-05 15:56:02.191] [0m{"@POSITION": 1, "Master": 29, "Slave": 72, "Gate": 100, "nLos": 0, "idx": 0, "LiftDeep": 65, "RedAreaH": 0, "BlueAreaH": 250, "Speed":10, "User-X":23, "User-Y":10, "User-Z":0,"Auth":9, "Trans":4}
[2025-06-05 15:56:02.446] [0;32mTMLUWB  :RX < :RECV                :62000048 331C0000 01000000 00FA0000 00010000 05000001 00000000 01FFF700 001B0000 00640000 64000000 00000003 81000000 00000000 00000000 0E000000 00010300 01030000 00000000
[2025-06-05 15:56:02.446] [0m[0;34mAPP     :INFO :@@@ updateKeepAlive( ): User[1] FFF7 Keep alive = 79
[2025-06-05 15:56:02.447] [0m[0;34mAPP     :INFO :gCapSessionHandle!!!.
[2025-06-05 15:56:02.449] [0m[0;34mAPP     :INFO :@@@ gNumberOfUserinDTPCM = 2, pRangingData->no_of_measurements = 1,i=0
[2025-06-05 15:56:02.449] [0m[0;34mAPP     :INFO :Measure_NLOS = 0, Classification_NLOS =   0
[2025-06-05 15:56:02.449] [0mMaster_Distance_to_FFF7=27
[2025-06-05 15:56:02.449] [0;34mAPP     :INFO :Conten_Distance_MasterAnchor_to_FFF7=27
[2025-06-05 15:56:02.450] [0m[0;34mAPP     :INFO :Current User ( fff7 ) status is : SystemStatus = 0 , DiscoverStatus = 5 , TransactionState = 4 , AuthenticationState = 9
[2025-06-05 15:56:02.450] [0m[0;34mAPP     :INFO :@@@ User Speed is :( fff7 ) , 7 ,(cm/s)
[2025-06-05 15:56:02.450] [0m[0;34mAPP     :INFO :@ b = 27, c = 72, x = 22, y = 7
[2025-06-05 15:56:02.450] [0m[0;34mAPP     :INFO :@ a = 100, d = 100, m = 250, Gate = 100
[2025-06-05 15:56:02.450] [0m[0;34mAPP     :INFO :################################### into red area...##################################################
[2025-06-05 15:56:02.450] [0m[0;34mAPP     :INFO :Only 1 valid card detected, started transaction
[2025-06-05 15:56:02.450] [0m[0;33mAPP     :WARN : Write Card Time < 10s. Return.
[2025-06-05 15:56:02.450] [0m
[2025-06-05 15:56:02.450] [0;32mTMLUWB  :RX < :RECV                :02001700 02000002 00BBBB00 00000000 002F0006 000505FF F74900
[2025-06-05 15:56:02.450] [0m[0;34mAPP     :INFO :gMrmSessionHandle_Test!!!
[2025-06-05 15:56:02.450] [0mMaster_Distance_to_Slave=73
[2025-06-05 15:56:02.450] [0;34mAPP     :INFO :Conten_Distance_SlaveAnchor[BBBB]_to_FFF7=73
[2025-06-05 15:56:02.450] [0m{"@POSITION": 1, "Master": 27, "Slave": 73, "Gate": 100, "nLos": 0, "idx": 0, "LiftDeep": 64, "RedAreaH": 0, "BlueAreaH": 250, "Speed":7, "User-X":22, "User-Y":7, "User-Z":0,"Auth":9, "Trans":4}
[2025-06-05 15:56:02.693] [0;32mTMLUWB  :RX < :RECV                :62000048 341C0000 01000000 00FA0000 00010000 05000001 00000000 01FFF700 001D0000 00640000 64000000 00000003 82000000 00000000 00000000 0E000000 00010300 01030000 00000000
[2025-06-05 15:56:02.693] [0m[0;34mAPP     :INFO :@@@ updateKeepAlive( ): User[1] FFF7 Keep alive = 79
[2025-06-05 15:56:02.693] [0m[0;34mAPP     :INFO :gCapSessionHandle!!!.
[2025-06-05 15:56:02.695] [0m[0;34mAPP     :INFO :@@@ gNumberOfUserinDTPCM = 2, pRangingData->no_of_measurements = 1,i=0
[2025-06-05 15:56:02.695] [0m[0;34mAPP     :INFO :Measure_NLOS = 0, Classification_NLOS =   0
[2025-06-05 15:56:02.695] [0mMaster_Distance_to_FFF7=29
[2025-06-05 15:56:02.695] [0;34mAPP     :INFO :Conten_Distance_MasterAnchor_to_FFF7=29
[2025-06-05 15:56:02.695] [0m[0;34mAPP     :INFO :Current User ( fff7 ) status is : SystemStatus = 0 , DiscoverStatus = 5 , TransactionState = 4 , AuthenticationState = 9
[2025-06-05 15:56:02.695] [0m[0;34mAPP     :INFO :@@@ User Speed is :( fff7 ) , 0 ,(cm/s)
[2025-06-05 15:56:02.695] [0m[0;34mAPP     :INFO :@ b = 29, c = 73, x = 22, y = 7
[2025-06-05 15:56:02.695] [0m[0;34mAPP     :INFO :@ a = 100, d = 100, m = 250, Gate = 100
[2025-06-05 15:56:02.696] [0m[0;34mAPP     :INFO :################################### into red area...##################################################
[2025-06-05 15:56:02.696] [0m[0;34mAPP     :INFO :Only 1 valid card detected, started transaction
[2025-06-05 15:56:02.696] [0m[0;33mAPP     :WARN : Write Card Time < 10s. Return.
[2025-06-05 15:56:02.696] [0m
[2025-06-05 15:56:02.696] [0;32mTMLUWB  :RX < :RECV                :02001700 02000002 00BBBB00 00000000 00300006 000505FF F74C00
[2025-06-05 15:56:02.696] [0m[0;34mAPP     :INFO :gMrmSessionHandle_Test!!!
[2025-06-05 15:56:02.696] [0mMaster_Distance_to_Slave=76
[2025-06-05 15:56:02.696] [0;34mAPP     :INFO :Conten_Distance_SlaveAnchor[BBBB]_to_FFF7=76
[2025-06-05 15:56:02.696] [0m{"@POSITION": 1, "Master": 29, "Slave": 76, "Gate": 100, "nLos": 0, "idx": 0, "LiftDeep": 65, "RedAreaH": 0, "BlueAreaH": 250, "Speed":0, "User-X":22, "User-Y":7, "User-Z":0,"Auth":9, "Trans":4}
[2025-06-05 15:56:02.957] [0;32mTMLUWB  :RX < :RECV                :62000048 351C0000 01000000 00FA0000 00010000 05000001 00000000 01FFF700 001C0000 00640000 64000000 00000003 80000000 00000000 00000000 0E000000 00010300 01030000 00000000
[2025-06-05 15:56:02.958] [0m[0;34mAPP     :INFO :@@@ updateKeepAlive( ): User[1] FFF7 Keep alive = 79
[2025-06-05 15:56:02.958] [0m[0;34mAPP     :INFO :gCapSessionHandle!!!.
[2025-06-05 15:56:02.958] [0m[0;34mAPP     :INFO :@@@ gNumberOfUserinDTPCM = 2, pRangingData->no_of_measurements = 1,i=0
[2025-06-05 15:56:02.958] [0m[0;34mAPP     :INFO :Measure_NLOS = 0, Classification_NLOS =   0
[2025-06-05 15:56:02.958] [0mMaster_Distance_to_FFF7=28
[2025-06-05 15:56:02.958] [0;34mAPP     :INFO :Conten_Distance_MasterAnchor_to_FFF7=28
[2025-06-05 15:56:02.958] [0m[0;34mAPP     :INFO :Current User ( fff7 ) status is : SystemStatus = 0 , DiscoverStatus = 5 , TransactionState = 4 , AuthenticationState = 9
[2025-06-05 15:56:02.958] [0m[0;34mAPP     :INFO :@@@ User Speed is :( fff7 ) , 1 ,(cm/s)
[2025-06-05 15:56:02.958] [0m[0;34mAPP     :INFO :@ b = 28, c = 76, x = 24, y = 10
[2025-06-05 15:56:02.958] [0m[0;34mAPP     :INFO :@ a = 100, d = 100, m = 250, Gate = 100
[2025-06-05 15:56:02.959] [0m[0;34mAPP     :INFO :################################### into red area...##################################################
[2025-06-05 15:56:02.959] [0m[0;34mAPP     :INFO :Only 1 valid card detected, started transaction
[2025-06-05 15:56:02.959] [0m[0;33mAPP     :WARN : Write Card Time < 10s. Return.
[2025-06-05 15:56:02.959] [0m
[2025-06-05 15:56:02.959] [0;32mTMLUWB  :RX < :RECV                :02001700 02000002 00BBBB00 00000000 00310006 000505FF F74700
[2025-06-05 15:56:02.959] [0m[0;34mAPP     :INFO :gMrmSessionHandle_Test!!!
[2025-06-05 15:56:02.959] [0mMaster_Distance_to_Slave=71
[2025-06-05 15:56:02.959] [0;34mAPP     :INFO :Conten_Distance_SlaveAnchor[BBBB]_to_FFF7=71
[2025-06-05 15:56:02.959] [0m{"@POSITION": 1, "Master": 28, "Slave": 71, "Gate": 100, "nLos": 0, "idx": 0, "LiftDeep": 64, "RedAreaH": 0, "BlueAreaH": 250, "Speed":1, "User-X":24, "User-Y":10, "User-Z":0,"Auth":9, "Trans":4}
[2025-06-05 15:56:03.202] [0;32mTMLUWB  :RX < :RECV                :62000048 361C0000 01000000 00FA0000 00010000 05000001 00000000 01FFF700 00200000 00640000 64000000 00000003 80000000 00000000 00000000 0E000000 00010300 01030000 00000000
[2025-06-05 15:56:03.202] [0m[0;34mAPP     :INFO :@@@ updateKeepAlive( ): User[1] FFF7 Keep alive = 79
[2025-06-05 15:56:03.202] [0m[0;34mAPP     :INFO :gCapSessionHandle!!!.
[2025-06-05 15:56:03.202] [0m[0;34mAPP     :INFO :@@@ gNumberOfUserinDTPCM = 2, pRangingData->no_of_measurements = 1,i=0
[2025-06-05 15:56:03.202] [0m[0;34mAPP     :INFO :Measure_NLOS = 0, Classification_NLOS =   0
[2025-06-05 15:56:03.202] [0mMaster_Distance_to_FFF7=32
[2025-06-05 15:56:03.202] [0;34mAPP     :INFO :Conten_Distance_MasterAnchor_to_FFF7=32
[2025-06-05 15:56:03.202] [0m[0;34mAPP     :INFO :Current User ( fff7 ) status is : SystemStatus = 0 , DiscoverStatus = 5 , TransactionState = 4 , AuthenticationState = 9
[2025-06-05 15:56:03.202] [0m[0;34mAPP     :INFO :@@@ User Speed is :( fff7 ) , 4 ,(cm/s)
[2025-06-05 15:56:03.202] [0m[0;34mAPP     :INFO :@ b = 32, c = 71, x = 20, y = 11
[2025-06-05 15:56:03.203] [0m[0;34mAPP     :INFO :@ a = 100, d = 100, m = 250, Gate = 100
[2025-06-05 15:56:03.204] [0m[0;34mAPP     :INFO :################################### into red area...##################################################
[2025-06-05 15:56:03.204] [0m[0;34mAPP     :INFO :Only 1 valid card detected, started transaction
[2025-06-05 15:56:03.204] [0m[0;33mAPP     :WARN : Write Card Time < 10s. Return.
[2025-06-05 15:56:03.204] [0m
[2025-06-05 15:56:03.204] [0;32mTMLUWB  :RX < :RECV                :02001700 02000002 00BBBB00 00000000 00320006 000505FF F74A00
[2025-06-05 15:56:03.204] [0m[0;34mAPP     :INFO :gMrmSessionHandle_Test!!!
[2025-06-05 15:56:03.204] [0mMaster_Distance_to_Slave=74
[2025-06-05 15:56:03.204] [0;34mAPP     :INFO :Conten_Distance_SlaveAnchor[BBBB]_to_FFF7=74
[2025-06-05 15:56:03.205] [0m{"@POSITION": 1, "Master": 32, "Slave": 74, "Gate": 100, "nLos": 0, "idx": 0, "LiftDeep": 64, "RedAreaH": 0, "BlueAreaH": 250, "Speed":4, "User-X":20, "User-Y":11, "User-Z":0,"Auth":9, "Trans":4}
[2025-06-05 15:56:03.463] [0;32mTMLUWB  :RX < :RECV                :62000048 371C0000 01000000 00FA0000 00010000 05000001 00000000 01FFF700 001E0000 00640000 64000000 00000003 7D000000 00000000 00000000 0E000000 00010300 01030000 00000000
[2025-06-05 15:56:03.463] [0m[0;34mAPP     :INFO :@@@ updateKeepAlive( ): User[1] FFF7 Keep alive = 79
[2025-06-05 15:56:03.463] [0m[0;34mAPP     :INFO :gCapSessionHandle!!!.
[2025-06-05 15:56:03.463] [0m[0;34mAPP     :INFO :@@@ gNumberOfUserinDTPCM = 2, pRangingData->no_of_measurements = 1,i=0
[2025-06-05 15:56:03.464] [0m[0;34mAPP     :INFO :Measure_NLOS = 0, Classification_NLOS =   0
[2025-06-05 15:56:03.464] [0mMaster_Distance_to_FFF7=30
[2025-06-05 15:56:03.464] [0;34mAPP     :INFO :Conten_Distance_MasterAnchor_to_FFF7=30
[2025-06-05 15:56:03.464] [0m[0;34mAPP     :INFO :Current User ( fff7 ) status is : SystemStatus = 0 , DiscoverStatus = 5 , TransactionState = 4 , AuthenticationState = 9
[2025-06-05 15:56:03.464] [0m[0;34mAPP     :INFO :@@@ User Speed is :( fff7 ) , 3 ,(cm/s)
[2025-06-05 15:56:03.464] [0m[0;34mAPP     :INFO :@ b = 30, c = 74, x = 22, y = 10
[2025-06-05 15:56:03.464] [0m[0;34mAPP     :INFO :@ a = 100, d = 100, m = 250, Gate = 100
[2025-06-05 15:56:03.464] [0m[0;34mAPP     :INFO :################################### into red area...##################################################
[2025-06-05 15:56:03.464] [0m[0;34mAPP     :INFO :Only 1 valid card detected, started transaction
[2025-06-05 15:56:03.464] [0m[0;33mAPP     :WARN : Write Card Time < 10s. Return.
[2025-06-05 15:56:03.464] [0m
[2025-06-05 15:56:03.464] [0;32mTMLUWB  :RX < :RECV                :02001700 02000002 00BBBB00 00000000 00330006 000505FF F74B00
[2025-06-05 15:56:03.464] [0m[0;34mAPP     :INFO :gMrmSessionHandle_Test!!!
[2025-06-05 15:56:03.464] [0mMaster_Distance_to_Slave=75
[2025-06-05 15:56:03.464] [0;34mAPP     :INFO :Conten_Distance_SlaveAnchor[BBBB]_to_FFF7=75
[2025-06-05 15:56:03.464] [0m{"@POSITION": 1, "Master": 30, "Slave": 75, "Gate": 100, "nLos": 0, "idx": 0, "LiftDeep": 62, "RedAreaH": 0, "BlueAreaH": 250, "Speed":3, "User-X":22, "User-Y":10, "User-Z":0,"Auth":9, "Trans":4}
[2025-06-05 15:56:03.718] [0;32mTMLUWB  :RX < :RECV                :62000048 381C0000 01000000 00FA0000 00010000 05000001 00000000 01FFF700 00210000 00640000 64000000 00000003 87000000 00000000 00000000 0E000000 00010300 01030000 00000000
[2025-06-05 15:56:03.720] [0m[0;34mAPP     :INFO :@@@ updateKeepAlive( ): User[1] FFF7 Keep alive = 79
[2025-06-05 15:56:03.720] [0m[0;34mAPP     :INFO :gCapSessionHandle!!!.
[2025-06-05 15:56:03.720] [0m[0;34mAPP     :INFO :@@@ gNumberOfUserinDTPCM = 2, pRangingData->no_of_measurements = 1,i=0
[2025-06-05 15:56:03.720] [0m[0;34mAPP     :INFO :Measure_NLOS = 0, Classification_NLOS =   0
[2025-06-05 15:56:03.720] [0mMaster_Distance_to_FFF7=33
[2025-06-05 15:56:03.720] [0;34mAPP     :INFO :Conten_Distance_MasterAnchor_to_FFF7=33
[2025-06-05 15:56:03.720] [0m[0;34mAPP     :INFO :Current User ( fff7 ) status is : SystemStatus = 0 , DiscoverStatus = 5 , TransactionState = 4 , AuthenticationState = 9
[2025-06-05 15:56:03.720] [0m[0;34mAPP     :INFO :@@@ User Speed is :( fff7 ) , 7 ,(cm/s)
[2025-06-05 15:56:03.720] [0m[0;34mAPP     :INFO :@ b = 33, c = 75, x = 22, y = 17
[2025-06-05 15:56:03.720] [0m[0;34mAPP     :INFO :@ a = 100, d = 100, m = 250, Gate = 100
[2025-06-05 15:56:03.720] [0m[0;34mAPP     :INFO :################################### into red area...##################################################
[2025-06-05 15:56:03.720] [0m[0;34mAPP     :INFO :Only 1 valid card detected, started transaction
[2025-06-05 15:56:03.720] [0m[0;33mAPP     :WARN : Write Card Time < 10s. Return.
[2025-06-05 15:56:03.720] [0m
[2025-06-05 15:56:03.720] [0;32mTMLUWB  :RX < :RECV                :02001700 02000002 00BBBB00 00000000 00340006 000505FF F74900
[2025-06-05 15:56:03.720] [0m[0;34mAPP     :INFO :gMrmSessionHandle_Test!!!
[2025-06-05 15:56:03.720] [0mMaster_Distance_to_Slave=73
[2025-06-05 15:56:03.721] [0;34mAPP     :INFO :Conten_Distance_SlaveAnchor[BBBB]_to_FFF7=73
[2025-06-05 15:56:03.721] [0m{"@POSITION": 1, "Master": 33, "Slave": 73, "Gate": 100, "nLos": 0, "idx": 0, "LiftDeep": 67, "RedAreaH": 0, "BlueAreaH": 250, "Speed":7, "User-X":22, "User-Y":17, "User-Z":0,"Auth":9, "Trans":4}
[2025-06-05 15:56:03.959] [0;32mTMLUWB  :RX < :RECV                :62000048 391C0000 01000000 00FA0000 00010000 05000001 00000000 01FFF700 00200000 00640000 64000000 00000003 81000000 00000000 00000000 0E000000 00010300 01030000 00000000
[2025-06-05 15:56:03.960] [0m[0;34mAPP     :INFO :@@@ updateKeepAlive( ): User[1] FFF7 Keep alive = 79
[2025-06-05 15:56:03.960] [0m[0;34mAPP     :INFO :gCapSessionHandle!!!.
[2025-06-05 15:56:03.960] [0m[0;34mAPP     :INFO :@@@ gNumberOfUserinDTPCM = 2, pRangingData->no_of_measurements = 1,i=0
[2025-06-05 15:56:03.960] [0m[0;34mAPP     :INFO :Measure_NLOS = 0, Classification_NLOS =   0
[2025-06-05 15:56:03.960] [0mMaster_Distance_to_FFF7=32
[2025-06-05 15:56:03.961] [0;34mAPP     :INFO :Conten_Distance_MasterAnchor_to_FFF7=32
[2025-06-05 15:56:03.961] [0m[0;34mAPP     :INFO :Current User ( fff7 ) status is : SystemStatus = 0 , DiscoverStatus = 5 , TransactionState = 4 , AuthenticationState = 9
[2025-06-05 15:56:03.961] [0m[0;34mAPP     :INFO :@@@ User Speed is :( fff7 ) , 2 ,(cm/s)
[2025-06-05 15:56:03.961] [0m[0;34mAPP     :INFO :@ b = 32, c = 73, x = 21, y = 13
[2025-06-05 15:56:03.961] [0m[0;34mAPP     :INFO :@ a = 100, d = 100, m = 250, Gate = 100
[2025-06-05 15:56:03.961] [0m[0;34mAPP     :INFO :################################### into red area...##################################################
[2025-06-05 15:56:03.961] [0m[0;34mAPP     :INFO :Only 1 valid card detected, started transaction
[2025-06-05 15:56:03.961] [0m[0;33mAPP     :WARN : Write Card Time < 10s. Return.
[2025-06-05 15:56:03.961] [0m
[2025-06-05 15:56:03.961] [0;32mTMLUWB  :RX < :RECV                :02001700 02000002 00BBBB00 00000000 00350006 000505FF F74B00
[2025-06-05 15:56:03.961] [0m[0;34mAPP     :INFO :gMrmSessionHandle_Test!!!
[2025-06-05 15:56:03.961] [0mMaster_Distance_to_Slave=75
[2025-06-05 15:56:03.961] [0;34mAPP     :INFO :Conten_Distance_SlaveAnchor[BBBB]_to_FFF7=75
[2025-06-05 15:56:03.961] [0m{"@POSITION": 1, "Master": 32, "Slave": 75, "Gate": 100, "nLos": 0, "idx": 0, "LiftDeep": 64, "RedAreaH": 0, "BlueAreaH": 250, "Speed":2, "User-X":21, "User-Y":13, "User-Z":0,"Auth":9, "Trans":4}
[2025-06-05 15:56:04.200] [0;32mTMLUWB  :RX < :RECV                :62000048 3A1C0000 01000000 00FA0000 00010000 05000001 00000000 01FFF700 001E0000 00640000 64000000 00000003 81000000 00000000 00000000 0E000000 00010300 01030000 00000000
[2025-06-05 15:56:04.200] [0m[0;34mAPP     :INFO :@@@ updateKeepAlive( ): User[1] FFF7 Keep alive = 79
[2025-06-05 15:56:04.201] [0m[0;34mAPP     :INFO :gCapSessionHandle!!!.
[2025-06-05 15:56:04.201] [0m[0;34mAPP     :INFO :@@@ gNumberOfUserinDTPCM = 2, pRangingData->no_of_measurements = 1,i=0
[2025-06-05 15:56:04.201] [0m[0;34mAPP     :INFO :Measure_NLOS = 0, Classification_NLOS =   0
[2025-06-05 15:56:04.201] [0mMaster_Distance_to_FFF7=30
[2025-06-05 15:56:04.201] [0;34mAPP     :INFO :Conten_Distance_MasterAnchor_to_FFF7=30
[2025-06-05 15:56:04.201] [0m[0;34mAPP     :INFO :Current User ( fff7 ) status is : SystemStatus = 0 , DiscoverStatus = 5 , TransactionState = 4 , AuthenticationState = 9
[2025-06-05 15:56:04.201] [0m[0;34mAPP     :INFO :@@@ User Speed is :( fff7 ) , 3 ,(cm/s)
[2025-06-05 15:56:04.201] [0m[0;34mAPP     :INFO :@ b = 30, c = 75, x = 23, y = 13
[2025-06-05 15:56:04.202] [0m[0;34mAPP     :INFO :@ a = 100, d = 100, m = 250, Gate = 100
[2025-06-05 15:56:04.202] [0m[0;34mAPP     :INFO :################################### into red area...##################################################
[2025-06-05 15:56:04.202] [0m[0;34mAPP     :INFO :Only 1 valid card detected, started transaction
[2025-06-05 15:56:04.202] [0m[0;33mAPP     :WARN : Write Card Time < 10s. Return.
[2025-06-05 15:56:04.202] [0m
[2025-06-05 15:56:04.202] [0;32mTMLUWB  :RX < :RECV                :02001700 02000002 00BBBB00 00000000 00360006 000505FF F74900
[2025-06-05 15:56:04.203] [0m[0;34mAPP     :INFO :gMrmSessionHandle_Test!!!
[2025-06-05 15:56:04.203] [0mMaster_Distance_to_Slave=73
[2025-06-05 15:56:04.203] [0;34mAPP     :INFO :Conten_Distance_SlaveAnchor[BBBB]_to_FFF7=73
[2025-06-05 15:56:04.203] [0m{"@POSITION": 1, "Master": 30, "Slave": 73, "Gate": 100, "nLos": 0, "idx": 0, "LiftDeep": 64, "RedAreaH": 0, "BlueAreaH": 250, "Speed":3, "User-X":23, "User-Y":13, "User-Z":0,"Auth":9, "Trans":4}
[2025-06-05 15:56:04.467] [0;32mTMLUWB  :RX < :RECV                :62000048 3B1C0000 01000000 00FA0000 00010000 05000001 00000000 01FFF700 001D0000 00640000 64000000 00000003 7F000000 00000000 00000000 0E000000 00010300 01030000 00000000
[2025-06-05 15:56:04.467] [0m[0;34mAPP     :INFO :@@@ updateKeepAlive( ): User[1] FFF7 Keep alive = 79
[2025-06-05 15:56:04.467] [0m[0;34mAPP     :INFO :gCapSessionHandle!!!.
[2025-06-05 15:56:04.467] [0m[0;34mAPP     :INFO :@@@ gNumberOfUserinDTPCM = 2, pRangingData->no_of_measurements = 1,i=0
[2025-06-05 15:56:04.467] [0m[0;34mAPP     :INFO :Measure_NLOS = 0, Classification_NLOS =   0
[2025-06-05 15:56:04.467] [0mMaster_Distance_to_FFF7=29
[2025-06-05 15:56:04.467] [0;34mAPP     :INFO :Conten_Distance_MasterAnchor_to_FFF7=29
[2025-06-05 15:56:04.467] [0m[0;34mAPP     :INFO :Current User ( fff7 ) status is : SystemStatus = 0 , DiscoverStatus = 5 , TransactionState = 4 , AuthenticationState = 9
[2025-06-05 15:56:04.469] [0m[0;34mAPP     :INFO :@@@ User Speed is :( fff7 ) , 10 ,(cm/s)
[2025-06-05 15:56:04.469] [0m[0;34mAPP     :INFO :@ b = 29, c = 73, x = 22, y = 7
[2025-06-05 15:56:04.469] [0m[0;34mAPP     :INFO :@ a = 100, d = 100, m = 250, Gate = 100
[2025-06-05 15:56:04.469] [0m[0;34mAPP     :INFO :################################### into red area...##################################################
[2025-06-05 15:56:04.469] [0m[0;34mAPP     :INFO :Only 1 valid card detected, started transaction
[2025-06-05 15:56:04.469] [0m[0;33mAPP     :WARN : Write Card Time < 10s. Return.
[2025-06-05 15:56:04.469] [0m
[2025-06-05 15:56:04.469] [0;32mTMLUWB  :RX < :RECV                :02001700 02000002 00BBBB00 00000000 00370006 000505FF F74A00
[2025-06-05 15:56:04.469] [0m[0;34mAPP     :INFO :gMrmSessionHandle_Test!!!
[2025-06-05 15:56:04.469] [0mMaster_Distance_to_Slave=74
[2025-06-05 15:56:04.469] [0;34mAPP     :INFO :Conten_Distance_SlaveAnchor[BBBB]_to_FFF7=74
[2025-06-05 15:56:04.469] [0m{"@POSITION": 1, "Master": 29, "Slave": 74, "Gate": 100, "nLos": 0, "idx": 0, "LiftDeep": 63, "RedAreaH": 0, "BlueAreaH": 250, "Speed":10, "User-X":22, "User-Y":7, "User-Z":0,"Auth":9, "Trans":4}
[2025-06-05 15:56:04.695] [0;32mTMLUWB  :RX < :RECV                :62000048 3C1C0000 01000000 00FA0000 00010000 05000001 00000000 01FFF700 001F0000 00640000 64000000 00000003 7F000000 00000000 00000000 0E000000 00010300 01030000 00000000
[2025-06-05 15:56:04.696] [0m[0;34mAPP     :INFO :@@@ updateKeepAlive( ): User[1] FFF7 Keep alive = 79
[2025-06-05 15:56:04.696] [0m[0;34mAPP     :INFO :gCapSessionHandle!!!.
[2025-06-05 15:56:04.696] [0m[0;34mAPP     :INFO :@@@ gNumberOfUserinDTPCM = 2, pRangingData->no_of_measurements = 1,i=0
[2025-06-05 15:56:04.696] [0m[0;34mAPP     :INFO :Measure_NLOS = 0, Classification_NLOS =   0
[2025-06-05 15:56:04.697] [0mMaster_Distance_to_FFF7=31
[2025-06-05 15:56:04.697] [0;34mAPP     :INFO :Conten_Distance_MasterAnchor_to_FFF7=31
[2025-06-05 15:56:04.697] [0m[0;34mAPP     :INFO :Current User ( fff7 ) status is : SystemStatus = 0 , DiscoverStatus = 5 , TransactionState = 4 , AuthenticationState = 9
[2025-06-05 15:56:04.697] [0m[0;34mAPP     :INFO :@@@ User Speed is :( fff7 ) , 1 ,(cm/s)
[2025-06-05 15:56:04.697] [0m[0;34mAPP     :INFO :@ b = 31, c = 74, x = 22, y = 13
[2025-06-05 15:56:04.697] [0m[0;34mAPP     :INFO :@ a = 100, d = 100, m = 250, Gate = 100
[2025-06-05 15:56:04.697] [0m[0;34mAPP     :INFO :################################### into red area...##################################################
[2025-06-05 15:56:04.697] [0m[0;34mAPP     :INFO :Only 1 valid card detected, started transaction
[2025-06-05 15:56:04.697] [0m[0;33mAPP     :WARN : Write Card Time < 10s. Return.
[2025-06-05 15:56:04.697] [0m
[2025-06-05 15:56:04.697] [0;32mTMLUWB  :RX < :RECV                :02001700 02000002 00BBBB00 00000000 00380006 000505FF F74700
[2025-06-05 15:56:04.697] [0m[0;34mAPP     :INFO :gMrmSessionHandle_Test!!!
[2025-06-05 15:56:04.697] [0mMaster_Distance_to_Slave=71
[2025-06-05 15:56:04.697] [0;34mAPP     :INFO :Conten_Distance_SlaveAnchor[BBBB]_to_FFF7=71
[2025-06-05 15:56:04.697] [0m{"@POSITION": 1, "Master": 31, "Slave": 71, "Gate": 100, "nLos": 0, "idx": 0, "LiftDeep": 63, "RedAreaH": 0, "BlueAreaH": 250, "Speed":1, "User-X":22, "User-Y":13, "User-Z":0,"Auth":9, "Trans":4}
[2025-06-05 15:56:04.949] [0;32mTMLUWB  :RX < :RECV                :62000048 3D1C0000 01000000 00FA0000 00010000 05000001 00000000 01FFF700 001D0000 00640000 64000000 00000003 81000000 00000000 00000000 0E000000 00010300 01030000 00000000
[2025-06-05 15:56:04.949] [0m[0;34mAPP     :INFO :@@@ updateKeepAlive( ): User[1] FFF7 Keep alive = 79
[2025-06-05 15:56:04.950] [0m[0;34mAPP     :INFO :gCapSessionHandle!!!.
[2025-06-05 15:56:04.950] [0m[0;34mAPP     :INFO :@@@ gNumberOfUserinDTPCM = 2, pRangingData->no_of_measurements = 1,i=0
[2025-06-05 15:56:04.950] [0m[0;34mAPP     :INFO :Measure_NLOS = 0, Classification_NLOS =   0
[2025-06-05 15:56:04.950] [0mMaster_Distance_to_FFF7=29
[2025-06-05 15:56:04.951] [0;34mAPP     :INFO :Conten_Distance_MasterAnchor_to_FFF7=29
[2025-06-05 15:56:04.951] [0m[0;34mAPP     :INFO :Current User ( fff7 ) status is : SystemStatus = 0 , DiscoverStatus = 5 , TransactionState = 4 , AuthenticationState = 9
[2025-06-05 15:56:04.951] [0m[0;34mAPP     :INFO :@@@ User Speed is :( fff7 ) , 13 ,(cm/s)
[2025-06-05 15:56:04.951] [0m[0;34mAPP     :INFO :@ b = 29, c = 71, x = 21, y = 0
[2025-06-05 15:56:04.951] [0m[0;34mAPP     :INFO :@ a = 100, d = 100, m = 250, Gate = 100
[2025-06-05 15:56:04.951] [0m[0;34mAPP     :INFO :################################### into red area...##################################################
[2025-06-05 15:56:04.952] [0m[0;34mAPP     :INFO :Only 1 valid card detected, started transaction
[2025-06-05 15:56:04.952] [0m[0;33mAPP     :WARN : Write Card Time < 10s. Return.
[2025-06-05 15:56:04.952] [0m
[2025-06-05 15:56:04.952] [0;32mTMLUWB  :RX < :RECV                :02001700 02000002 00BBBB00 00000000 00390006 000505FF F74600
[2025-06-05 15:56:04.952] [0m[0;34mAPP     :INFO :gMrmSessionHandle_Test!!!
[2025-06-05 15:56:04.952] [0mMaster_Distance_to_Slave=70
[2025-06-05 15:56:04.952] [0;34mAPP     :INFO :Conten_Distance_SlaveAnchor[BBBB]_to_FFF7=70
[2025-06-05 15:56:04.952] [0m{"@POSITION": 1, "Master": 29, "Slave": 70, "Gate": 100, "nLos": 0, "idx": 0, "LiftDeep": 64, "RedAreaH": 0, "BlueAreaH": 250, "Speed":13, "User-X":21, "User-Y":0, "User-Z":0,"Auth":9, "Trans":4}
[2025-06-05 15:56:05.212] [0;32mTMLUWB  :RX < :RECV                :62000048 3E1C0000 01000000 00FA0000 00010000 05000001 00000000 01FFF700 001F0000 00640000 64000000 00000003 80000000 00000000 00000000 0E000000 00010300 01030000 00000000
[2025-06-05 15:56:05.213] [0m[0;34mAPP     :INFO :@@@ updateKeepAlive( ): User[1] FFF7 Keep alive = 79
[2025-06-05 15:56:05.213] [0m[0;34mAPP     :INFO :gCapSessionHandle!!!.
[2025-06-05 15:56:05.214] [0m[0;34mAPP     :INFO :@@@ gNumberOfUserinDTPCM = 2, pRangingData->no_of_measurements = 1,i=0
[2025-06-05 15:56:05.214] [0m[0;34mAPP     :INFO :Measure_NLOS = 0, Classification_NLOS =   0
[2025-06-05 15:56:05.214] [0mMaster_Distance_to_FFF7=31
[2025-06-05 15:56:05.214] [0;34mAPP     :INFO :Conten_Distance_MasterAnchor_to_FFF7=31
[2025-06-05 15:56:05.214] [0m[0;34mAPP     :INFO :Current User ( fff7 ) status is : SystemStatus = 0 , DiscoverStatus = 5 , TransactionState = 4 , AuthenticationState = 9
[2025-06-05 15:56:05.215] [0m[0;34mAPP     :INFO :@@@ User Speed is :( fff7 ) , 7 ,(cm/s)
[2025-06-05 15:56:05.215] [0m[0;34mAPP     :INFO :@ b = 31, c = 70, x = 19, y = 0
[2025-06-05 15:56:05.215] [0m[0;34mAPP     :INFO :@ a = 100, d = 100, m = 250, Gate = 100
[2025-06-05 15:56:05.215] [0m[0;34mAPP     :INFO :################################### into red area...##################################################
[2025-06-05 15:56:05.215] [0m[0;34mAPP     :INFO :Only 1 valid card detected, started transaction
[2025-06-05 15:56:05.215] [0m[0;33mAPP     :WARN : Write Card Time < 10s. Return.
[2025-06-05 15:56:05.215] [0m
[2025-06-05 15:56:05.215] [0;32mTMLUWB  :RX < :RECV                :02001700 02000002 00BBBB00 00000000 003A0006 000505FF F74800
[2025-06-05 15:56:05.216] [0m[0;34mAPP     :INFO :gMrmSessionHandle_Test!!!
[2025-06-05 15:56:05.216] [0mMaster_Distance_to_Slave=72
[2025-06-05 15:56:05.216] [0;34mAPP     :INFO :Conten_Distance_SlaveAnchor[BBBB]_to_FFF7=72
[2025-06-05 15:56:05.216] [0m{"@POSITION": 1, "Master": 31, "Slave": 72, "Gate": 100, "nLos": 0, "idx": 0, "LiftDeep": 64, "RedAreaH": 0, "BlueAreaH": 250, "Speed":7, "User-X":19, "User-Y":0, "User-Z":0,"Auth":9, "Trans":4}
[2025-06-05 15:56:05.478] [0;32mTMLUWB  :RX < :RECV                :62000048 3F1C0000 01000000 00FA0000 00010000 05000001 00000000 01FFF700 001F0000 00640000 64000000 00000003 80000000 00000000 00000000 0E000000 00010300 01030000 00000000
[2025-06-05 15:56:05.478] [0m[0;34mAPP     :INFO :@@@ updateKeepAlive( ): User[1] FFF7 Keep alive = 79
[2025-06-05 15:56:05.480] [0m[0;34mAPP     :INFO :gCapSessionHandle!!!.
[2025-06-05 15:56:05.480] [0m[0;34mAPP     :INFO :@@@ gNumberOfUserinDTPCM = 2, pRangingData->no_of_measurements = 1,i=0
[2025-06-05 15:56:05.480] [0m[0;34mAPP     :INFO :Measure_NLOS = 0, Classification_NLOS =   0
[2025-06-05 15:56:05.480] [0mMaster_Distance_to_FFF7=31
[2025-06-05 15:56:05.480] [0;34mAPP     :INFO :Conten_Distance_MasterAnchor_to_FFF7=31
[2025-06-05 15:56:05.480] [0m[0;34mAPP     :INFO :Current User ( fff7 ) status is : SystemStatus = 0 , DiscoverStatus = 5 , TransactionState = 4 , AuthenticationState = 9
[2025-06-05 15:56:05.480] [0m[0;34mAPP     :INFO :@@@ User Speed is :( fff7 ) , 3 ,(cm/s)
[2025-06-05 15:56:05.480] [0m[0;34mAPP     :INFO :@ b = 31, c = 72, x = 21, y = 10
[2025-06-05 15:56:05.480] [0m[0;34mAPP     :INFO :@ a = 100, d = 100, m = 250, Gate = 100
[2025-06-05 15:56:05.480] [0m[0;34mAPP     :INFO :################################### into red area...##################################################
[2025-06-05 15:56:05.480] [0m[0;34mAPP     :INFO :Only 1 valid card detected, started transaction
[2025-06-05 15:56:05.480] [0m[0;33mAPP     :WARN : Write Card Time < 10s. Return.
[2025-06-05 15:56:05.480] [0m
[2025-06-05 15:56:05.480] [0;32mTMLUWB  :RX < :RECV                :02001700 02000002 00BBBB00 00000000 003B0006 000505FF F74A00
[2025-06-05 15:56:05.480] [0m[0;34mAPP     :INFO :gMrmSessionHandle_Test!!!
[2025-06-05 15:56:05.480] [0mMaster_Distance_to_Slave=74
[2025-06-05 15:56:05.480] [0;34mAPP     :INFO :Conten_Distance_SlaveAnchor[BBBB]_to_FFF7=74
[2025-06-05 15:56:05.481] [0m{"@POSITION": 1, "Master": 31, "Slave": 74, "Gate": 100, "nLos": 0, "idx": 0, "LiftDeep": 64, "RedAreaH": 0, "BlueAreaH": 250, "Speed":3, "User-X":21, "User-Y":10, "User-Z":0,"Auth":9, "Trans":4}
[2025-06-05 15:56:05.699] [0;32mTMLUWB  :RX < :RECV                :62000048 401C0000 01000000 00FA0000 00010000 05000001 00000000 01FFF700 001C0000 00640000 64000000 00000003 7F000000 00000000 00000000 0E000000 00010300 01030000 00000000
[2025-06-05 15:56:05.699] [0m[0;34mAPP     :INFO :@@@ updateKeepAlive( ): User[1] FFF7 Keep alive = 79
[2025-06-05 15:56:05.699] [0m[0;34mAPP     :INFO :gCapSessionHandle!!!.
[2025-06-05 15:56:05.700] [0m[0;34mAPP     :INFO :@@@ gNumberOfUserinDTPCM = 2, pRangingData->no_of_measurements = 1,i=0
[2025-06-05 15:56:05.700] [0m[0;34mAPP     :INFO :Measure_NLOS = 0, Classification_NLOS =   0
[2025-06-05 15:56:05.700] [0mMaster_Distance_to_FFF7=28
[2025-06-05 15:56:05.700] [0;34mAPP     :INFO :Conten_Distance_MasterAnchor_to_FFF7=28
[2025-06-05 15:56:05.700] [0m[0;34mAPP     :INFO :Current User ( fff7 ) status is : SystemStatus = 0 , DiscoverStatus = 5 , TransactionState = 4 , AuthenticationState = 9
[2025-06-05 15:56:05.700] [0m[0;34mAPP     :INFO :@@@ User Speed is :( fff7 ) , 7 ,(cm/s)
[2025-06-05 15:56:05.700] [0m[0;34mAPP     :INFO :@ b = 28, c = 74, x = 23, y = 7
[2025-06-05 15:56:05.700] [0m[0;34mAPP     :INFO :@ a = 100, d = 100, m = 250, Gate = 100
[2025-06-05 15:56:05.700] [0m[0;34mAPP     :INFO :################################### into red area...##################################################
[2025-06-05 15:56:05.700] [0m[0;34mAPP     :INFO :Only 1 valid card detected, started transaction
[2025-06-05 15:56:05.700] [0m[0;33mAPP     :WARN : Write Card Time < 10s. Return.
[2025-06-05 15:56:05.700] [0m
[2025-06-05 15:56:05.700] [0;32mTMLUWB  :RX < :RECV                :02001700 02000002 00BBBB00 00000000 003C0006 000505FF F74A00
[2025-06-05 15:56:05.700] [0m[0;34mAPP     :INFO :gMrmSessionHandle_Test!!!
[2025-06-05 15:56:05.701] [0mMaster_Distance_to_Slave=74
[2025-06-05 15:56:05.701] [0;34mAPP     :INFO :Conten_Distance_SlaveAnchor[BBBB]_to_FFF7=74
[2025-06-05 15:56:05.701] [0m{"@POSITION": 1, "Master": 28, "Slave": 74, "Gate": 100, "nLos": 0, "idx": 0, "LiftDeep": 63, "RedAreaH": 0, "BlueAreaH": 250, "Speed":7, "User-X":23, "User-Y":7, "User-Z":0,"Auth":9, "Trans":4}
[2025-06-05 15:56:05.949] [0;32mTMLUWB  :RX < :RECV                :62000048 411C0000 01000000 00FA0000 00010000 05000001 00000000 01FFF700 001B0000 00640000 64000000 00000003 80000000 00000000 00000000 0E000000 00010300 01030000 00000000
[2025-06-05 15:56:05.950] [0m[0;34mAPP     :INFO :@@@ updateKeepAlive( ): User[1] FFF7 Keep alive = 79
[2025-06-05 15:56:05.950] [0m[0;34mAPP     :INFO :gCapSessionHandle!!!.
[2025-06-05 15:56:05.950] [0m[0;34mAPP     :INFO :@@@ gNumberOfUserinDTPCM = 2, pRangingData->no_of_measurements = 1,i=0
[2025-06-05 15:56:05.950] [0m[0;34mAPP     :INFO :Measure_NLOS = 0, Classification_NLOS =   0
[2025-06-05 15:56:05.950] [0mMaster_Distance_to_FFF7=27
[2025-06-05 15:56:05.950] [0;34mAPP     :INFO :Conten_Distance_MasterAnchor_to_FFF7=27
[2025-06-05 15:56:05.950] [0m[0;34mAPP     :INFO :Current User ( fff7 ) status is : SystemStatus = 0 , DiscoverStatus = 5 , TransactionState = 4 , AuthenticationState = 9
[2025-06-05 15:56:05.950] [0m[0;34mAPP     :INFO :@@@ User Speed is :( fff7 ) , 4 ,(cm/s)
[2025-06-05 15:56:05.950] [0m[0;34mAPP     :INFO :@ b = 27, c = 74, x = 23, y = 0
[2025-06-05 15:56:05.950] [0m[0;34mAPP     :INFO :@ a = 100, d = 100, m = 250, Gate = 100
[2025-06-05 15:56:05.950] [0m[0;34mAPP     :INFO :################################### into red area...##################################################
[2025-06-05 15:56:05.950] [0m[0;34mAPP     :INFO :Only 1 valid card detected, started transaction
[2025-06-05 15:56:05.950] [0m[0;33mAPP     :WARN : Write Card Time < 10s. Return.
[2025-06-05 15:56:05.951] [0m
[2025-06-05 15:56:05.951] [0;32mTMLUWB  :RX < :RECV                :02001700 02000002 00BBBB00 00000000 003D0006 000505FF F74900
[2025-06-05 15:56:05.952] [0m[0;34mAPP     :INFO :gMrmSessionHandle_Test!!!
[2025-06-05 15:56:05.952] [0mMaster_Distance_to_Slave=73
[2025-06-05 15:56:05.952] [0;34mAPP     :INFO :Conten_Distance_SlaveAnchor[BBBB]_to_FFF7=73
[2025-06-05 15:56:05.952] [0m{"@POSITION": 1, "Master": 27, "Slave": 73, "Gate": 100, "nLos": 0, "idx": 0, "LiftDeep": 64, "RedAreaH": 0, "BlueAreaH": 250, "Speed":4, "User-X":23, "User-Y":0, "User-Z":0,"Auth":9, "Trans":4}
[2025-06-05 15:56:06.246] [0;32mTMLUWB  :RX < :RECV                :62000048 421C0000 01000000 00FA0000 00010000 05000001 00000000 01FFF700 001B0000 00640000 64000000 00000003 7F000000 00000000 00000000 0E000000 00010300 01030000 00000000
[2025-06-05 15:56:06.247] [0m[0;34mAPP     :INFO :@@@ updateKeepAlive( ): User[1] FFF7 Keep alive = 79
[2025-06-05 15:56:06.247] [0m[0;34mAPP     :INFO :gCapSessionHandle!!!.
[2025-06-05 15:56:06.247] [0m[0;34mAPP     :INFO :@@@ gNumberOfUserinDTPCM = 2, pRangingData->no_of_measurements = 1,i=0
[2025-06-05 15:56:06.247] [0m[0;34mAPP     :INFO :Measure_NLOS = 0, Classification_NLOS =   0
[2025-06-05 15:56:06.247] [0mMaster_Distance_to_FFF7=27
[2025-06-05 15:56:06.247] [0;34mAPP     :INFO :Conten_Distance_MasterAnchor_to_FFF7=27
[2025-06-05 15:56:06.248] [0m[0;34mAPP     :INFO :Current User ( fff7 ) status is : SystemStatus = 0 , DiscoverStatus = 5 , TransactionState = 4 , AuthenticationState = 9
[2025-06-05 15:56:06.248] [0m[0;34mAPP     :INFO :@@@ User Speed is :( fff7 ) , 10 ,(cm/s)
[2025-06-05 15:56:06.248] [0m[0;34mAPP     :INFO :@ b = 27, c = 73, x = 23, y = 0
[2025-06-05 15:56:06.248] [0m[0;34mAPP     :INFO :@ a = 100, d = 100, m = 250, Gate = 100
[2025-06-05 15:56:06.248] [0m[0;34mAPP     :INFO :################################### into red area...##################################################
[2025-06-05 15:56:06.248] [0m[0;34mAPP     :INFO :Only 1 valid card detected, started transaction
[2025-06-05 15:56:06.248] [0m[0;34mAPP     :INFO :â”Œâ”€â”€â”€â”€â”€â”€â”€â”€â”€â”€â”€â”€â”€â”€â”€â”€â”€â”€â”€â”€â”€â”€â”€â”€â”€â”€â”€â”€â”€â”€â”€â”€â”€â”€â”€â”€â”€â”€â”€â”€â”€â”€â”€â”€â”€â”€â”€â”€â”€â”€â”€â”€â”€â”€â”€â”€â”€â”€â”€â”€â”€â”€â”
[2025-06-05 15:56:06.248] [0m[0;34mAPP     :INFO :â”‚ @@@ Time of Write Card Start:  = 30:20:775  â”‚ FFF7 â”‚
[2025-06-05 15:56:06.248] [0m[0;34mAPP     :INFO :â””â”€â”€â”€â”€â”€â”€â”€â”€â”€â”€â”€â”€â”€â”€â”€â”€â”€â”€â”€â”€â”€â”€â”€â”€â”€â”€â”€â”€â”€â”€â”€â”€â”€â”€â”€â”€â”€â”€â”€â”€â”€â”€â”€â”€â”€â”€â”€â”€â”€â”€â”€â”€â”€â”€â”€â”€â”€â”€â”€â”€â”€â”€â”˜
[2025-06-05 15:56:06.248] [0m[0;34mAPP     :INFO :System Is set to Busy by FFF7
[2025-06-05 15:56:06.248] [0m[0;34mAPP     :INFO :startTransaction( ): preMacAddress = FFF7 EndUserDetected Mac = FFF7, areaCheck = 0
[2025-06-05 15:56:06.248] [0m[0;34mAPP     :INFO :no user switching, no need to do AddUserInDTPML
[2025-06-05 15:56:06.248] [0m[0;34mAPP     :INFO :switchtoDynamicSTS uiDeviceIndex = FFF7
[2025-06-05 15:56:06.248] [0m[0;34mAPP     :INFO :Auth search begin index = 0, detected index = 0
[2025-06-05 15:56:06.249] [0m[0;34mAPP     :INFO :AuthDoneUsers[authIndex].DynamicSTSstarted = 1
[2025-06-05 15:56:06.249] [0m[0;33mAPP     :WARN :@@@ Same user, no need to apply RDS and return.
[2025-06-05 15:56:06.249] [0m[0;34mAPP     :INFO :@@@ Simple consumption to Write Card
[2025-06-05 15:56:06.249] [0m[0;34mAPP     :INFO :Previous Transaction State of FFF7 was: 4
[2025-06-05 15:56:06.249] [0m[0;34mAPP     :INFO :New Transaction State of FFF7 is: 5
[2025-06-05 15:56:06.249] [0m[0;34mAPP     :INFO :Send data to SE :   :02850080 DC12D080 27127D01 01000000 00000000 00000000 00000000 00000000 00000000 00000000 00000000 00000000 00000000 00000000 00000000 00000000 00000000 00000000 00000000 00000000 00000000 00000000 00000000 00000000 00000000 00000000 00000000 1901023B 72270000 00000000 00000000 00000000 00000000 00000000 15008054 01000F00 00000120 24082118 5844478E 9C0A08
[2025-06-05 15:56:06.249] [0m[0;34mTMLUWB  :TX > :SEND                :0300AF00 03000002 FFF70000 00000000 02009F00 02850080 DC12D080 27127D01 01000000 00000000 00000000 00000000 00000000 00000000 00000000 00000000 00000000 00000000 00000000 00000000 00000000 00000000 00000000 00000000 00000000 00000000 00000000 00000000 00000000 00000000 00000000 00000000 1901023B 72270000 00000000 00000000 00000000 00000000 00000000 15008054 01000F00 00000120 24082118 5844478E 9C0A08
[2025-06-05 15:56:06.249] [0m[0;32mTMLUWB  :RX < :RECV                :62040005 03000002 00
[2025-06-05 15:56:06.249] [0m[0;32mTMLUWB  :RX < :RECV                :02001700 02000002 00BBBB00 00000000 003E0006 000505FF F74300
[2025-06-05 15:56:06.249] [0m[0;32mTMLUWB  :RX < :RECV                :62050008 03000002 00000101
[2025-06-05 15:56:06.249] [0m[0;32mTMLUWB  :RX < :RECV                :62040005 03000002 01
[2025-06-05 15:56:06.249] [0m[0;34mAPP     :INFO :common_start_quick_timer enter: timeout: 100 ms
[2025-06-05 15:56:06.249] [0m
[2025-06-05 15:56:06.249] [0;34mAPP     :INFO :gMrmSessionHandle_Test!!!
[2025-06-05 15:56:06.249] [0mMaster_Distance_to_Slave=67
[2025-06-05 15:56:06.249] [0;34mAPP     :INFO :Conten_Distance_SlaveAnchor[BBBB]_to_FFF7=67
[2025-06-05 15:56:06.249] [0m{"@POSITION": 1, "Master": 27, "Slave": 67, "Gate": 100, "nLos": 0, "idx": 0, "LiftDeep": 63, "RedAreaH": 0, "BlueAreaH": 250, "Speed":10, "User-X":23, "User-Y":0, "User-Z":0,"Auth":9, "Trans":5}
[2025-06-05 15:56:06.334] [0;32mTMLUWB  :RX < :RECV                :02002200 03000002 00FFF700 00000000 00690011 00020200 90000A00 296698E1 E5F47202 9000
[2025-06-05 15:56:06.335] [0m[0;34mAPP     :INFO :gDtxSessionHandle!!!
[2025-06-05 15:56:06.344] [0m[0;34mAPP     :INFO :uiCheckValidateState enter,CurrentSystemStatus.SystemStatus=1,CurrentSystemStatus.uiMacddressProcess=FFF7
[2025-06-05 15:56:06.344] [0m[0;34mAPP     :INFO :uiAddressSource = fff7, uiUserIndex = 0
[2025-06-05 15:56:06.344] [0m[0;34mAPP     :INFO :TransactionState = 5, authentication state = 9
[2025-06-05 15:56:06.344] [0m[0;34mAPP     :INFO :Secure Data received from FFF7  = 9000
[2025-06-05 15:56:06.344] [0m[0;34mAPP     :INFO :common_stop_quick_timer=102: enter
[2025-06-05 15:56:06.344] [0m[0;34mAPP     :INFO :@@@ RECEIVE CARD INFO : :02020090 000A0029 6698E1E5 F4720290 00
[2025-06-05 15:56:06.345] [0m{"@CARDINFO": 1, "CardNumber": "3104870494120264165", "Balance": 11741}
[2025-06-05 15:56:06.345] [0;34mAPP     :INFO :Previous Transaction State of FFF7 was: 5
[2025-06-05 15:56:06.345] [0m[0;34mAPP     :INFO :New Transaction State of FFF7 is: 1
[2025-06-05 15:56:06.345] [0m[0;34mAPP     :INFO :System Is set to Free by FFF7
[2025-06-05 15:56:06.345] [0m
[2025-06-05 15:56:06.533] [0;32mTMLUWB  :RX < :RECV                :62000048 431C0000 01000000 00FA0000 00010000 05000001 00000000 01FFF700 001E0000 00640000 64000000 00000003 80000000 00000000 00000000 0E000000 00010300 01030000 00000000
[2025-06-05 15:56:06.533] [0m[0;34mAPP     :INFO :@@@ updateKeepAlive( ): User[1] FFF7 Keep alive = 79
[2025-06-05 15:56:06.533] [0m[0;34mAPP     :INFO :gCapSessionHandle!!!.
[2025-06-05 15:56:06.534] [0m[0;34mAPP     :INFO :@@@ gNumberOfUserinDTPCM = 2, pRangingData->no_of_measurements = 1,i=0
[2025-06-05 15:56:06.534] [0m[0;34mAPP     :INFO :â”Œâ”€â”€â”€â”€â”€â”€â”€â”€â”€â”€â”€â”€â”€â”€â”€â”€â”€â”€â”€â”€â”€â”€â”€â”€â”€â”€â”€â”€â”€â”€â”€â”€â”€â”€â”€â”€â”€â”€â”€â”€â”€â”€â”€â”€â”€â”€â”€â”€â”€â”€â”€â”€â”€â”€â”€â”€â”€â”€â”€â”€â”€â”€â”
[2025-06-05 15:56:06.537] [0m[0;34mAPP     :INFO :â”‚ @@@ Time of Write Card End:    = 30:21:015  â”‚ FFF7 â”‚  245 ms
[2025-06-05 15:56:06.538] [0m[0;34mAPP     :INFO :â””â”€â”€â”€â”€â”€â”€â”€â”€â”€â”€â”€â”€â”€â”€â”€â”€â”€â”€â”€â”€â”€â”€â”€â”€â”€â”€â”€â”€â”€â”€â”€â”€â”€â”€â”€â”€â”€â”€â”€â”€â”€â”€â”€â”€â”€â”€â”€â”€â”€â”€â”€â”€â”€â”€â”€â”€â”€â”€â”€â”€â”€â”€â”˜
[2025-06-05 15:56:06.539] [0m[0;34mAPP     :INFO :Measure_NLOS = 0, Classification_NLOS =   0
[2025-06-05 15:56:06.539] [0mMaster_Distance_to_FFF7=30
[2025-06-05 15:56:06.539] [0;34mAPP     :INFO :Conten_Distance_MasterAnchor_to_FFF7=30
[2025-06-05 15:56:06.539] [0m[0;34mAPP     :INFO :Current User ( fff7 ) status is : SystemStatus = 0 , DiscoverStatus = 5 , TransactionState = 1 , AuthenticationState = 9
[2025-06-05 15:56:06.539] [0m[0;34mAPP     :INFO :@@@ User Speed is :( fff7 ) , 8 ,(cm/s)
[2025-06-05 15:56:06.539] [0m[0;34mAPP     :INFO :@ b = 30, c = 67, x = 17, y = 13
[2025-06-05 15:56:06.539] [0m[0;34mAPP     :INFO :@ a = 100, d = 100, m = 250, Gate = 100
[2025-06-05 15:56:06.539] [0m[0;34mAPP     :INFO :################################### into red area...##################################################
[2025-06-05 15:56:06.539] [0m[0;34mAPP     :INFO :Only 1 valid card detected, started transaction
[2025-06-05 15:56:06.539] [0m[0;33mAPP     :WARN :Into Red Area, But TransactionState != ReadCard_compelete. Starting Read Card...
[2025-06-05 15:56:06.539] [0m[0;34mAPP     :INFO :â”Œâ”€â”€â”€â”€â”€â”€â”€â”€â”€â”€â”€â”€â”€â”€â”€â”€â”€â”€â”€â”€â”€â”€â”€â”€â”€â”€â”€â”€â”€â”€â”€â”€â”€â”€â”€â”€â”€â”€â”€â”€â”€â”€â”€â”€â”€â”€â”€â”€â”€â”€â”€â”€â”€â”€â”€â”€â”€â”€â”€â”€â”€â”€â”
[2025-06-05 15:56:06.539] [0m[0;34mAPP     :INFO :â”‚ @@@ Time of Read Card Start:   = 30:21:030  â”‚ FFF7 â”‚
[2025-06-05 15:56:06.539] [0m[0;34mAPP     :INFO :â””â”€â”€â”€â”€â”€â”€â”€â”€â”€â”€â”€â”€â”€â”€â”€â”€â”€â”€â”€â”€â”€â”€â”€â”€â”€â”€â”€â”€â”€â”€â”€â”€â”€â”€â”€â”€â”€â”€â”€â”€â”€â”€â”€â”€â”€â”€â”€â”€â”€â”€â”€â”€â”€â”€â”€â”€â”€â”€â”€â”€â”€â”€â”˜
[2025-06-05 15:56:06.539] [0m[0;34mAPP     :INFO :System Is set to Busy by FFF7
[2025-06-05 15:56:06.539] [0m[0;34mAPP     :INFO :startTransaction( ): preMacAddress = FFF7 EndUserDetected Mac = FFF7, areaCheck = 1
[2025-06-05 15:56:06.539] [0m[0;34mAPP     :INFO :no user switching, no need to do AddUserInDTPML
[2025-06-05 15:56:06.540] [0m[0;34mAPP     :INFO :switchtoDynamicSTS uiDeviceIndex = FFF7
[2025-06-05 15:56:06.540] [0m[0;34mAPP     :INFO :Auth search begin index = 0, detected index = 0
[2025-06-05 15:56:06.540] [0m[0;34mAPP     :INFO :AuthDoneUsers[authIndex].DynamicSTSstarted = 1
[2025-06-05 15:56:06.540] [0m[0;33mAPP     :WARN :@@@ Same user, no need to apply RDS and return.
[2025-06-05 15:56:06.540] [0m[0;34mAPP     :INFO :@@@ Simple consumption to Read Card
[2025-06-05 15:56:06.541] [0m[0;34mAPP     :INFO :Previous Transaction State of FFF7 was: 1
[2025-06-05 15:56:06.541] [0m[0;34mAPP     :INFO :New Transaction State of FFF7 is: 2
[2025-06-05 15:56:06.541] [0m[0;34mAPP     :INFO :Send data to SE :   :04130000 A404000E 32504159 2E535953 2E444446 30310D00 00A40400 08A00000 06320101 05050000 B095001C 11008050 03020B01 00000001 04090001 00010F
[2025-06-05 15:56:06.541] [0m[0;34mTMLUWB  :TX > :SEND                :03004F00 03000002 FFF70000 00000000 02003F00 04130000 A404000E 32504159 2E535953 2E444446 30310D00 00A40400 08A00000 06320101 05050000 B095001C 11008050 03020B01 00000001 04090001 00010F
[2025-06-05 15:56:06.541] [0m[0;32mTMLUWB  :RX < :RECV                :62040005 03000002 00
[2025-06-05 15:56:06.541] [0m[0;32mTMLUWB  :RX < :RECV                :02001700 02000002 00BBBB00 00000000 003F0006 000505FF F74700
[2025-06-05 15:56:06.542] [0m[0;32mTMLUWB  :RX < :RECV                :62050008 03000002 00000101
[2025-06-05 15:56:06.543] [0m[0;32mTMLUWB  :RX < :RECV                :62040005 03000002 01
[2025-06-05 15:56:06.543] [0m[0;34mAPP     :INFO :common_start_quick_timer enter: timeout: 100 ms
[2025-06-05 15:56:06.543] [0m
[2025-06-05 15:56:06.543] [0;34mAPP     :INFO :gMrmSessionHandle_Test!!!
[2025-06-05 15:56:06.544] [0mMaster_Distance_to_Slave=71
[2025-06-05 15:56:06.544] [0;34mAPP     :INFO :Conten_Distance_SlaveAnchor[BBBB]_to_FFF7=71
