[2025-05-21 17:05:34.441] [0;32mTMLUWB  :RX < :RECV                :62000023 3C870100 01000000 00FA0000 00010000 05000001 00000000 00080000 00000103 000103
[2025-05-21 17:05:34.442] [0m[0;34mAPP     :INFO :No User to r or w | SystemStatus = 0
[2025-05-21 17:05:34.442] [0m
[2025-05-21 17:05:34.690] [0;32mTMLUWB  :RX < :RECV                :62000023 3D870100 01000000 00FA0000 00010000 05000001 00000000 00080000 00000103 000103
[2025-05-21 17:05:34.690] [0m[0;34mAPP     :INFO :No User to r or w | SystemStatus = 0
[2025-05-21 17:05:34.690] [0m
[2025-05-21 17:05:34.940] [0;32mTMLUWB  :RX < :RECV                :62000023 3E870100 01000000 00FA0000 00010000 05000001 00000000 00080000 00000103 000103
[2025-05-21 17:05:34.958] [0m[0;34mAPP     :INFO :No User to r or w | SystemStatus = 0
[2025-05-21 17:05:34.958] [0m
[2025-05-21 17:05:35.188] [0;32mTMLUWB  :RX < :RECV                :62000023 3F870100 01000000 00FA0000 00010000 05000001 00000000 00080000 00000103 000103
[2025-05-21 17:05:35.188] [0m[0;34mAPP     :INFO :No User to r or w | SystemStatus = 0
[2025-05-21 17:05:35.188] [0m
[2025-05-21 17:05:35.439] [0;32mTMLUWB  :RX < :RECV                :62000023 40870100 01000000 00FA0000 00010000 05000001 00000000 00080000 00000103 000103
[2025-05-21 17:05:35.439] [0m[0;34mAPP     :INFO :No User to r or w | SystemStatus = 0
[2025-05-21 17:05:35.439] [0m
[2025-05-21 17:05:35.683] [0;32mTMLUWB  :RX < :RECV                :62000023 41870100 01000000 00FA0000 00010000 05000001 00000000 00080000 00000103 000103
[2025-05-21 17:05:35.683] [0m[0;34mAPP     :INFO :No User to r or w | SystemStatus = 0
[2025-05-21 17:05:35.683] [0m
[2025-05-21 17:05:35.942] [0;32mTMLUWB  :RX < :RECV                :62000023 42870100 01000000 00FA0000 00010000 05000001 00000000 00080000 00000103 000103
[2025-05-21 17:05:35.942] [0m[0;34mAPP     :INFO :No User to r or w | SystemStatus = 0
[2025-05-21 17:05:35.942] [0m
[2025-05-21 17:05:36.191] [0;32mTMLUWB  :RX < :RECV                :62000023 43870100 01000000 00FA0000 00010000 05000001 00000000 00080000 00000103 000103
[2025-05-21 17:05:36.191] [0m[0;34mAPP     :INFO :No User to r or w | SystemStatus = 0
[2025-05-21 17:05:36.192] [0m
[2025-05-21 17:05:36.451] [0;32mTMLUWB  :RX < :RECV                :62000023 44870100 01000000 00FA0000 00010000 05000001 00000000 00080000 00000103 000103
[2025-05-21 17:05:36.451] [0m[0;34mAPP     :INFO :No User to r or w | SystemStatus = 0
[2025-05-21 17:05:36.452] [0m
[2025-05-21 17:05:36.687] [0;32mTMLUWB  :RX < :RECV                :62000023 45870100 01000000 00FA0000 00010000 05000001 00000000 00080000 00000103 000103
[2025-05-21 17:05:36.687] [0m[0;34mAPP     :INFO :No User to r or w | SystemStatus = 0
[2025-05-21 17:05:36.687] [0m
[2025-05-21 17:05:36.934] [0;32mTMLUWB  :RX < :RECV                :62000023 46870100 01000000 00FA0000 00010000 05000001 00000000 00080000 00000103 000103
[2025-05-21 17:05:36.936] [0m[0;34mAPP     :INFO :No User to r or w | SystemStatus = 0
[2025-05-21 17:05:36.936] [0m
[2025-05-21 17:05:37.183] [0;32mTMLUWB  :RX < :RECV                :62000023 47870100 01000000 00FA0000 00010000 05000001 00000000 00080000 00000103 000103
[2025-05-21 17:05:37.184] [0m[0;34mAPP     :INFO :No User to r or w | SystemStatus = 0
[2025-05-21 17:05:37.184] [0m
[2025-05-21 17:05:37.441] [0;32mTMLUWB  :RX < :RECV                :62000023 48870100 01000000 00FA0000 00010000 05000001 00000000 00080000 00000103 000103
[2025-05-21 17:05:37.441] [0m[0;34mAPP     :INFO :No User to r or w | SystemStatus = 0
[2025-05-21 17:05:37.441] [0m
[2025-05-21 17:05:37.689] [0;32mTMLUWB  :RX < :RECV                :62000023 49870100 01000000 00FA0000 00010000 05000001 00000000 00080000 00000103 000103
[2025-05-21 17:05:37.690] [0m[0;34mAPP     :INFO :No User to r or w | SystemStatus = 0
[2025-05-21 17:05:37.690] [0m
[2025-05-21 17:05:37.934] [0;32mTMLUWB  :RX < :RECV                :62000023 4A870100 01000000 00FA0000 00010000 05000001 00000000 00080000 00000103 000103
[2025-05-21 17:05:37.934] [0m[0;34mAPP     :INFO :No User to r or w | SystemStatus = 0
[2025-05-21 17:05:37.934] [0m
[2025-05-21 17:05:38.182] [0;32mTMLUWB  :RX < :RECV                :62000023 4B870100 01000000 00FA0000 00010000 05000001 00000000 00080000 00000103 000103
[2025-05-21 17:05:38.183] [0m[0;34mAPP     :INFO :No User to r or w | SystemStatus = 0
[2025-05-21 17:05:38.183] [0m
[2025-05-21 17:05:38.441] [0;32mTMLUWB  :RX < :RECV                :62000023 4C870100 01000000 00FA0000 00010000 05000001 00000000 00080000 00000103 000103
[2025-05-21 17:05:38.441] [0m[0;34mAPP     :INFO :No User to r or w | SystemStatus = 0
[2025-05-21 17:05:38.442] [0m
[2025-05-21 17:05:38.689] [0;32mTMLUWB  :RX < :RECV                :62000023 4D870100 01000000 00FA0000 00010000 05000001 00000000 00080000 00000103 000103
[2025-05-21 17:05:38.689] [0m[0;34mAPP     :INFO :No User to r or w | SystemStatus = 0
[2025-05-21 17:05:38.689] [0m
[2025-05-21 17:05:38.937] [0;32mTMLUWB  :RX < :RECV                :62000023 4E870100 01000000 00FA0000 00010000 05000001 00000000 00080000 00000103 000103
[2025-05-21 17:05:38.937] [0m[0;34mAPP     :INFO :No User to r or w | SystemStatus = 0
[2025-05-21 17:05:38.937] [0m
[2025-05-21 17:05:39.185] [0;32mTMLUWB  :RX < :RECV                :62000023 4F870100 01000000 00FA0000 00010000 05000001 00000000 00080000 00000103 000103
[2025-05-21 17:05:39.185] [0m[0;34mAPP     :INFO :No User to r or w | SystemStatus = 0
[2025-05-21 17:05:39.185] [0m
[2025-05-21 17:05:39.433] [0;32mTMLUWB  :RX < :RECV                :62000023 50870100 01000000 00FA0000 00010000 05000001 00000000 00080000 00000103 000103
[2025-05-21 17:05:39.433] [0m[0;34mAPP     :INFO :No User to r or w | SystemStatus = 0
[2025-05-21 17:05:39.433] [0m
[2025-05-21 17:05:39.694] [0;32mTMLUWB  :RX < :RECV                :62000023 51870100 01000000 00FA0000 00010000 05000001 00000000 00080000 00000103 000103
[2025-05-21 17:05:39.694] [0m[0;34mAPP     :INFO :No User to r or w | SystemStatus = 0
[2025-05-21 17:05:39.694] [0m
[2025-05-21 17:05:39.942] [0;32mTMLUWB  :RX < :RECV                :62000023 52870100 01000000 00FA0000 00010000 05000001 00000000 00080000 00000103 000103
[2025-05-21 17:05:39.942] [0m[0;34mAPP     :INFO :No User to r or w | SystemStatus = 0
[2025-05-21 17:05:39.942] [0m
[2025-05-21 17:05:40.189] [0;32mTMLUWB  :RX < :RECV                :62000023 53870100 01000000 00FA0000 00010000 05000001 00000000 00080000 00000103 000103
[2025-05-21 17:05:40.189] [0m[0;34mAPP     :INFO :No User to r or w | SystemStatus = 0
[2025-05-21 17:05:40.189] [0m
[2025-05-21 17:05:40.443] [0;32mTMLUWB  :RX < :RECV                :62000023 54870100 01000000 00FA0000 00010000 05000001 00000000 00080000 00000103 000103
[2025-05-21 17:05:40.443] [0m[0;34mAPP     :INFO :No User to r or w | SystemStatus = 0
[2025-05-21 17:05:40.443] [0m
[2025-05-21 17:05:40.683] [0;32mTMLUWB  :RX < :RECV                :62000023 55870100 01000000 00FA0000 00010000 05000001 00000000 00080000 00000103 000103
[2025-05-21 17:05:40.683] [0m[0;34mAPP     :INFO :No User to r or w | SystemStatus = 0
[2025-05-21 17:05:40.683] [0m
[2025-05-21 17:05:40.943] [0;32mTMLUWB  :RX < :RECV                :62000023 56870100 01000000 00FA0000 00010000 05000001 00000000 00080000 00000103 000103
[2025-05-21 17:05:40.944] [0m[0;34mAPP     :INFO :No User to r or w | SystemStatus = 0
[2025-05-21 17:05:40.944] [0m
