[2025-06-05 15:45:00.957] [0;32mTMLUWB  :RX < :RECV                :62000048 DD110000 01000000 00FA0000 00010000 05000001 00000000 01FFF700 001E0000 00640000 64000000 00000003 7C000000 00000000 00000000 0E000000 00010300 01030000 00000000
[2025-06-05 15:45:00.959] [0m[0;34mAPP     :INFO :@@@ updateKeepAlive( ): User[1] FFF7 Keep alive = 79
[2025-06-05 15:45:00.959] [0m[0;34mAPP     :INFO :gCapSessionHandle!!!.
[2025-06-05 15:45:00.959] [0m[0;34mAPP     :INFO :@@@ gNumberOfUserinDTPCM = 2, pRangingData->no_of_measurements = 1,i=0
[2025-06-05 15:45:00.959] [0m[0;34mAPP     :INFO :Measure_NLOS = 0, Classification_NLOS =   0
[2025-06-05 15:45:00.959] [0mMaster_Distance_to_FFF7=30
[2025-06-05 15:45:00.960] [0;34mAPP     :INFO :Conten_Distance_MasterAnchor_to_FFF7=30
[2025-06-05 15:45:00.963] [0m[0;34mAPP     :INFO :Current User ( fff7 ) status is : SystemStatus = 0 , DiscoverStatus = 5 , TransactionState = 4 , AuthenticationState = 9
[2025-06-05 15:45:00.965] [0m[0;34mAPP     :INFO :@@@ User Speed is :( fff7 ) , 3 ,(cm/s)
[2025-06-05 15:45:00.965] [0m[0;34mAPP     :INFO :@ b = 30, c = 65, x = 16, y = 16
[2025-06-05 15:45:00.965] [0m[0;34mAPP     :INFO :@ a = 100, d = 100, m = 250, Gate = 100
[2025-06-05 15:45:00.965] [0m[0;34mAPP     :INFO :################################### into red area...##################################################
[2025-06-05 15:45:00.965] [0m[0;34mAPP     :INFO :Only 1 valid card detected, started transaction
[2025-06-05 15:45:00.965] [0m[0;33mAPP     :WARN : Write Card Time < 10s. Return.
[2025-06-05 15:45:00.965] [0m
[2025-06-05 15:45:00.965] [0;32mTMLUWB  :RX < :RECV                :02001700 02000002 00BBBB00 00000000 00DB0006 000505FF F73C00
[2025-06-05 15:45:00.965] [0m[0;34mAPP     :INFO :gMrmSessionHandle_Test!!!
[2025-06-05 15:45:00.965] [0mMaster_Distance_to_Slave=60
[2025-06-05 15:45:00.966] [0;34mAPP     :INFO :Conten_Distance_SlaveAnchor[BBBB]_to_FFF7=60
[2025-06-05 15:45:00.966] [0m{"@POSITION": 1, "Master": 30, "Slave": 60, "Gate": 100, "nLos": 0, "idx": 0, "LiftDeep": 62, "RedAreaH": 0, "BlueAreaH": 250, "Speed":3, "User-X":16, "User-Y":16, "User-Z":0,"Auth":9, "Trans":4}
[2025-06-05 15:45:01.208] [0;32mTMLUWB  :RX < :RECV                :62000048 DE110000 01000000 00FA0000 00010000 05000001 00000000 01FFF700 001F0000 00640000 64000000 00000003 7B000000 00000000 00000000 0E000000 00010300 01030000 00000000
[2025-06-05 15:45:01.209] [0m[0;34mAPP     :INFO :@@@ updateKeepAlive( ): User[1] FFF7 Keep alive = 79
[2025-06-05 15:45:01.209] [0m[0;34mAPP     :INFO :gCapSessionHandle!!!.
[2025-06-05 15:45:01.209] [0m[0;34mAPP     :INFO :@@@ gNumberOfUserinDTPCM = 2, pRangingData->no_of_measurements = 1,i=0
[2025-06-05 15:45:01.210] [0m[0;34mAPP     :INFO :Measure_NLOS = 0, Classification_NLOS =   0
[2025-06-05 15:45:01.210] [0mMaster_Distance_to_FFF7=31
[2025-06-05 15:45:01.210] [0;34mAPP     :INFO :Conten_Distance_MasterAnchor_to_FFF7=31
[2025-06-05 15:45:01.210] [0m[0;34mAPP     :INFO :Current User ( fff7 ) status is : SystemStatus = 0 , DiscoverStatus = 5 , TransactionState = 4 , AuthenticationState = 9
[2025-06-05 15:45:01.210] [0m[0;34mAPP     :INFO :@@@ User Speed is :( fff7 ) , 4 ,(cm/s)
[2025-06-05 15:45:01.210] [0m[0;34mAPP     :INFO :@ b = 31, c = 60, x = 13, y = 20
[2025-06-05 15:45:01.210] [0m[0;34mAPP     :INFO :@ a = 100, d = 100, m = 250, Gate = 100
[2025-06-05 15:45:01.211] [0m[0;34mAPP     :INFO :################################### into red area...##################################################
[2025-06-05 15:45:01.211] [0m[0;34mAPP     :INFO :Only 1 valid card detected, started transaction
[2025-06-05 15:45:01.211] [0m[0;33mAPP     :WARN : Write Card Time < 10s. Return.
[2025-06-05 15:45:01.211] [0m
[2025-06-05 15:45:01.211] [0;32mTMLUWB  :RX < :RECV                :02001700 02000002 00BBBB00 00000000 00DC0006 000505FF F74200
[2025-06-05 15:45:01.211] [0m[0;34mAPP     :INFO :gMrmSessionHandle_Test!!!
[2025-06-05 15:45:01.211] [0mMaster_Distance_to_Slave=66
[2025-06-05 15:45:01.216] [0;34mAPP     :INFO :Conten_Distance_SlaveAnchor[BBBB]_to_FFF7=66
[2025-06-05 15:45:01.217] [0m{"@POSITION": 1, "Master": 31, "Slave": 66, "Gate": 100, "nLos": 0, "idx": 0, "LiftDeep": 61, "RedAreaH": 0, "BlueAreaH": 250, "Speed":4, "User-X":13, "User-Y":20, "User-Z":0,"Auth":9, "Trans":4}
[2025-06-05 15:45:01.464] [0;32mTMLUWB  :RX < :RECV                :62000048 DF110000 01000000 00FA0000 00010000 05000001 00000000 01FFF700 001E0000 00640000 64000000 00000003 7D000000 00000000 00000000 0E000000 00010300 01030000 00000000
[2025-06-05 15:45:01.464] [0m[0;34mAPP     :INFO :@@@ updateKeepAlive( ): User[1] FFF7 Keep alive = 79
[2025-06-05 15:45:01.464] [0m[0;34mAPP     :INFO :gCapSessionHandle!!!.
[2025-06-05 15:45:01.464] [0m[0;34mAPP     :INFO :@@@ gNumberOfUserinDTPCM = 2, pRangingData->no_of_measurements = 1,i=0
[2025-06-05 15:45:01.465] [0m[0;34mAPP     :INFO :Measure_NLOS = 0, Classification_NLOS =   0
[2025-06-05 15:45:01.465] [0mMaster_Distance_to_FFF7=30
[2025-06-05 15:45:01.465] [0;34mAPP     :INFO :Conten_Distance_MasterAnchor_to_FFF7=30
[2025-06-05 15:45:01.465] [0m[0;34mAPP     :INFO :Current User ( fff7 ) status is : SystemStatus = 0 , DiscoverStatus = 5 , TransactionState = 4 , AuthenticationState = 9
[2025-06-05 15:45:01.465] [0m[0;34mAPP     :INFO :@@@ User Speed is :( fff7 ) , 5 ,(cm/s)
[2025-06-05 15:45:01.465] [0m[0;34mAPP     :INFO :@ b = 30, c = 66, x = 17, y = 13
[2025-06-05 15:45:01.465] [0m[0;34mAPP     :INFO :@ a = 100, d = 100, m = 250, Gate = 100
[2025-06-05 15:45:01.465] [0m[0;34mAPP     :INFO :################################### into red area...##################################################
[2025-06-05 15:45:01.466] [0m[0;34mAPP     :INFO :Only 1 valid card detected, started transaction
[2025-06-05 15:45:01.466] [0m[0;33mAPP     :WARN : Write Card Time < 10s. Return.
[2025-06-05 15:45:01.466] [0m
[2025-06-05 15:45:01.466] [0;32mTMLUWB  :RX < :RECV                :02001700 02000002 00BBBB00 00000000 00DD0006 000505FF F73C00
[2025-06-05 15:45:01.466] [0m[0;34mAPP     :INFO :gMrmSessionHandle_Test!!!
[2025-06-05 15:45:01.466] [0mMaster_Distance_to_Slave=60
[2025-06-05 15:45:01.466] [0;34mAPP     :INFO :Conten_Distance_SlaveAnchor[BBBB]_to_FFF7=60
[2025-06-05 15:45:01.466] [0m{"@POSITION": 1, "Master": 30, "Slave": 60, "Gate": 100, "nLos": 0, "idx": 0, "LiftDeep": 62, "RedAreaH": 0, "BlueAreaH": 250, "Speed":5, "User-X":17, "User-Y":13, "User-Z":0,"Auth":9, "Trans":4}
[2025-06-05 15:45:01.701] [0;32mTMLUWB  :RX < :RECV                :62000048 E0110000 01000000 00FA0000 00010000 05000001 00000000 01FFF700 001E0000 00640000 64000000 00000003 7D000000 00000000 00000000 0E000000 00010300 01030000 00000000
[2025-06-05 15:45:01.701] [0m[0;34mAPP     :INFO :@@@ updateKeepAlive( ): User[1] FFF7 Keep alive = 79
[2025-06-05 15:45:01.701] [0m[0;34mAPP     :INFO :gCapSessionHandle!!!.
[2025-06-05 15:45:01.701] [0m[0;34mAPP     :INFO :@@@ gNumberOfUserinDTPCM = 2, pRangingData->no_of_measurements = 1,i=0
[2025-06-05 15:45:01.701] [0m[0;34mAPP     :INFO :Measure_NLOS = 0, Classification_NLOS =   0
[2025-06-05 15:45:01.701] [0mMaster_Distance_to_FFF7=30
[2025-06-05 15:45:01.701] [0;34mAPP     :INFO :Conten_Distance_MasterAnchor_to_FFF7=30
[2025-06-05 15:45:01.701] [0m[0;34mAPP     :INFO :Current User ( fff7 ) status is : SystemStatus = 0 , DiscoverStatus = 5 , TransactionState = 4 , AuthenticationState = 9
[2025-06-05 15:45:01.703] [0m[0;34mAPP     :INFO :@@@ User Speed is :( fff7 ) , 5 ,(cm/s)
[2025-06-05 15:45:01.703] [0m[0;34mAPP     :INFO :@ b = 30, c = 60, x = 13, y = 21
[2025-06-05 15:45:01.703] [0m[0;34mAPP     :INFO :@ a = 100, d = 100, m = 250, Gate = 100
[2025-06-05 15:45:01.703] [0m[0;34mAPP     :INFO :################################### into red area...##################################################
[2025-06-05 15:45:01.703] [0m[0;34mAPP     :INFO :Only 1 valid card detected, started transaction
[2025-06-05 15:45:01.703] [0m[0;33mAPP     :WARN : Write Card Time < 10s. Return.
[2025-06-05 15:45:01.703] [0m
[2025-06-05 15:45:01.703] [0;32mTMLUWB  :RX < :RECV                :02001700 02000002 00BBBB00 00000000 00DE0006 000505FF F73D00
[2025-06-05 15:45:01.703] [0m[0;34mAPP     :INFO :gMrmSessionHandle_Test!!!
[2025-06-05 15:45:01.703] [0mMaster_Distance_to_Slave=61
[2025-06-05 15:45:01.703] [0;34mAPP     :INFO :Conten_Distance_SlaveAnchor[BBBB]_to_FFF7=61
[2025-06-05 15:45:01.703] [0m{"@POSITION": 1, "Master": 30, "Slave": 61, "Gate": 100, "nLos": 0, "idx": 0, "LiftDeep": 62, "RedAreaH": 0, "BlueAreaH": 250, "Speed":5, "User-X":13, "User-Y":21, "User-Z":0,"Auth":9, "Trans":4}
[2025-06-05 15:45:01.969] [0;32mTMLUWB  :RX < :RECV                :62000048 E1110000 01000000 00FA0000 00010000 05000001 00000000 01FFF700 00200000 00640000 64000000 00000003 7D000000 00000000 00000000 0E000000 00010300 01030000 00000000
[2025-06-05 15:45:01.969] [0m[0;34mAPP     :INFO :@@@ updateKeepAlive( ): User[1] FFF7 Keep alive = 79
[2025-06-05 15:45:01.971] [0m[0;34mAPP     :INFO :gCapSessionHandle!!!.
[2025-06-05 15:45:01.971] [0m[0;34mAPP     :INFO :@@@ gNumberOfUserinDTPCM = 2, pRangingData->no_of_measurements = 1,i=0
[2025-06-05 15:45:01.971] [0m[0;34mAPP     :INFO :Measure_NLOS = 0, Classification_NLOS =   0
[2025-06-05 15:45:01.971] [0mMaster_Distance_to_FFF7=32
[2025-06-05 15:45:01.971] [0;34mAPP     :INFO :Conten_Distance_MasterAnchor_to_FFF7=32
[2025-06-05 15:45:01.971] [0m[0;34mAPP     :INFO :Current User ( fff7 ) status is : SystemStatus = 0 , DiscoverStatus = 5 , TransactionState = 4 , AuthenticationState = 9
[2025-06-05 15:45:01.971] [0m[0;34mAPP     :INFO :@@@ User Speed is :( fff7 ) , 2 ,(cm/s)
[2025-06-05 15:45:01.971] [0m[0;34mAPP     :INFO :@ b = 32, c = 61, x = 13, y = 18
[2025-06-05 15:45:01.971] [0m[0;34mAPP     :INFO :@ a = 100, d = 100, m = 250, Gate = 100
[2025-06-05 15:45:01.971] [0m[0;34mAPP     :INFO :################################### into red area...##################################################
[2025-06-05 15:45:01.971] [0m[0;34mAPP     :INFO :Only 1 valid card detected, started transaction
[2025-06-05 15:45:01.971] [0m[0;33mAPP     :WARN : Write Card Time < 10s. Return.
[2025-06-05 15:45:01.971] [0m
[2025-06-05 15:45:01.971] [0;32mTMLUWB  :RX < :RECV                :02001700 02000002 00BBBB00 00000000 00DF0006 000505FF F73E00
[2025-06-05 15:45:01.971] [0m[0;34mAPP     :INFO :gMrmSessionHandle_Test!!!
[2025-06-05 15:45:01.972] [0mMaster_Distance_to_Slave=62
[2025-06-05 15:45:01.972] [0;34mAPP     :INFO :Conten_Distance_SlaveAnchor[BBBB]_to_FFF7=62
[2025-06-05 15:45:01.972] [0m{"@POSITION": 1, "Master": 32, "Slave": 62, "Gate": 100, "nLos": 0, "idx": 0, "LiftDeep": 62, "RedAreaH": 0, "BlueAreaH": 250, "Speed":2, "User-X":13, "User-Y":18, "User-Z":0,"Auth":9, "Trans":4}
[2025-06-05 15:45:02.221] [0;32mTMLUWB  :RX < :RECV                :62000048 E2110000 01000000 00FA0000 00010000 05000001 00000000 01FFF700 001F0000 00640000 64000000 00000003 7D000000 00000000 00000000 0E000000 00010300 01030000 00000000
[2025-06-05 15:45:02.221] [0m[0;34mAPP     :INFO :@@@ updateKeepAlive( ): User[1] FFF7 Keep alive = 79
[2025-06-05 15:45:02.221] [0m[0;34mAPP     :INFO :gCapSessionHandle!!!.
[2025-06-05 15:45:02.221] [0m[0;34mAPP     :INFO :@@@ gNumberOfUserinDTPCM = 2, pRangingData->no_of_measurements = 1,i=0
[2025-06-05 15:45:02.221] [0m[0;34mAPP     :INFO :Measure_NLOS = 0, Classification_NLOS =   0
[2025-06-05 15:45:02.221] [0mMaster_Distance_to_FFF7=31
[2025-06-05 15:45:02.221] [0;34mAPP     :INFO :Conten_Distance_MasterAnchor_to_FFF7=31
[2025-06-05 15:45:02.221] [0m[0;34mAPP     :INFO :Current User ( fff7 ) status is : SystemStatus = 0 , DiscoverStatus = 5 , TransactionState = 4 , AuthenticationState = 9
[2025-06-05 15:45:02.221] [0m[0;34mAPP     :INFO :@@@ User Speed is :( fff7 ) , 5 ,(cm/s)
[2025-06-05 15:45:02.221] [0m[0;34mAPP     :INFO :@ b = 31, c = 62, x = 14, y = 18
[2025-06-05 15:45:02.221] [0m[0;34mAPP     :INFO :@ a = 100, d = 100, m = 250, Gate = 100
[2025-06-05 15:45:02.222] [0m[0;34mAPP     :INFO :################################### into red area...##################################################
[2025-06-05 15:45:02.222] [0m[0;34mAPP     :INFO :Only 1 valid card detected, started transaction
[2025-06-05 15:45:02.222] [0m[0;33mAPP     :WARN : Write Card Time < 10s. Return.
[2025-06-05 15:45:02.222] [0m
[2025-06-05 15:45:02.222] [0;32mTMLUWB  :RX < :RECV                :02001700 02000002 00BBBB00 00000000 00E00006 000505FF F74200
[2025-06-05 15:45:02.222] [0m[0;34mAPP     :INFO :gMrmSessionHandle_Test!!!
[2025-06-05 15:45:02.222] [0mMaster_Distance_to_Slave=66
[2025-06-05 15:45:02.222] [0;34mAPP     :INFO :Conten_Distance_SlaveAnchor[BBBB]_to_FFF7=66
[2025-06-05 15:45:02.222] [0m{"@POSITION": 1, "Master": 31, "Slave": 66, "Gate": 100, "nLos": 0, "idx": 0, "LiftDeep": 62, "RedAreaH": 0, "BlueAreaH": 250, "Speed":5, "User-X":14, "User-Y":18, "User-Z":0,"Auth":9, "Trans":4}
[2025-06-05 15:45:02.483] [0;32mTMLUWB  :RX < :RECV                :62000048 E3110000 01000000 00FA0000 00010000 05000001 00000000 01FFF700 001E0000 00640000 64000000 00000003 78000000 00000000 00000000 0E000000 00010300 01030000 00000000
[2025-06-05 15:45:02.484] [0m[0;34mAPP     :INFO :@@@ updateKeepAlive( ): User[1] FFF7 Keep alive = 79
[2025-06-05 15:45:02.484] [0m[0;34mAPP     :INFO :gCapSessionHandle!!!.
[2025-06-05 15:45:02.484] [0m[0;34mAPP     :INFO :@@@ gNumberOfUserinDTPCM = 2, pRangingData->no_of_measurements = 1,i=0
[2025-06-05 15:45:02.484] [0m[0;34mAPP     :INFO :Measure_NLOS = 0, Classification_NLOS =   0
[2025-06-05 15:45:02.484] [0mMaster_Distance_to_FFF7=30
[2025-06-05 15:45:02.484] [0;34mAPP     :INFO :Conten_Distance_MasterAnchor_to_FFF7=30
[2025-06-05 15:45:02.484] [0m[0;34mAPP     :INFO :Current User ( fff7 ) status is : SystemStatus = 0 , DiscoverStatus = 5 , TransactionState = 4 , AuthenticationState = 9
[2025-06-05 15:45:02.484] [0m[0;34mAPP     :INFO :@@@ User Speed is :( fff7 ) , 8 ,(cm/s)
[2025-06-05 15:45:02.484] [0m[0;34mAPP     :INFO :@ b = 30, c = 66, x = 17, y = 13
[2025-06-05 15:45:02.484] [0m[0;34mAPP     :INFO :@ a = 100, d = 100, m = 250, Gate = 100
[2025-06-05 15:45:02.484] [0m[0;34mAPP     :INFO :################################### into red area...##################################################
[2025-06-05 15:45:02.484] [0m[0;34mAPP     :INFO :Only 1 valid card detected, started transaction
[2025-06-05 15:45:02.484] [0m[0;33mAPP     :WARN : Write Card Time < 10s. Return.
[2025-06-05 15:45:02.485] [0m
[2025-06-05 15:45:02.485] [0;32mTMLUWB  :RX < :RECV                :02001700 02000002 00BBBB00 00000000 00E10006 000505FF F73D00
[2025-06-05 15:45:02.485] [0m[0;34mAPP     :INFO :gMrmSessionHandle_Test!!!
[2025-06-05 15:45:02.485] [0mMaster_Distance_to_Slave=61
[2025-06-05 15:45:02.485] [0;34mAPP     :INFO :Conten_Distance_SlaveAnchor[BBBB]_to_FFF7=61
[2025-06-05 15:45:02.485] [0m{"@POSITION": 1, "Master": 30, "Slave": 61, "Gate": 100, "nLos": 0, "idx": 0, "LiftDeep": 60, "RedAreaH": 0, "BlueAreaH": 250, "Speed":8, "User-X":17, "User-Y":13, "User-Z":0,"Auth":9, "Trans":4}
[2025-06-05 15:45:02.713] [0;32mTMLUWB  :RX < :RECV                :62000048 E4110000 01000000 00FA0000 00010000 05000001 00000000 01FFF700 001E0000 00640000 64000000 00000003 7E000000 00000000 00000000 0E000000 00010300 01030000 00000000
[2025-06-05 15:45:02.713] [0m[0;34mAPP     :INFO :@@@ updateKeepAlive( ): User[1] FFF7 Keep alive = 79
[2025-06-05 15:45:02.713] [0m[0;34mAPP     :INFO :gCapSessionHandle!!!.
[2025-06-05 15:45:02.713] [0m[0;34mAPP     :INFO :@@@ gNumberOfUserinDTPCM = 2, pRangingData->no_of_measurements = 1,i=0
[2025-06-05 15:45:02.713] [0m[0;34mAPP     :INFO :Measure_NLOS = 0, Classification_NLOS =   0
[2025-06-05 15:45:02.713] [0mMaster_Distance_to_FFF7=30
[2025-06-05 15:45:02.713] [0;34mAPP     :INFO :Conten_Distance_MasterAnchor_to_FFF7=30
[2025-06-05 15:45:02.713] [0m[0;34mAPP     :INFO :Current User ( fff7 ) status is : SystemStatus = 0 , DiscoverStatus = 5 , TransactionState = 4 , AuthenticationState = 9
[2025-06-05 15:45:02.713] [0m[0;34mAPP     :INFO :@@@ User Speed is :( fff7 ) , 1 ,(cm/s)
[2025-06-05 15:45:02.714] [0m[0;34mAPP     :INFO :@ b = 30, c = 61, x = 14, y = 19
[2025-06-05 15:45:02.714] [0m[0;34mAPP     :INFO :@ a = 100, d = 100, m = 250, Gate = 100
[2025-06-05 15:45:02.714] [0m[0;34mAPP     :INFO :################################### into red area...##################################################
[2025-06-05 15:45:02.714] [0m[0;34mAPP     :INFO :Only 1 valid card detected, started transaction
[2025-06-05 15:45:02.714] [0m[0;33mAPP     :WARN : Write Card Time < 10s. Return.
[2025-06-05 15:45:02.714] [0m
[2025-06-05 15:45:02.714] [0;32mTMLUWB  :RX < :RECV                :02001700 02000002 00BBBB00 00000000 00E20006 000505FF F73D00
[2025-06-05 15:45:02.714] [0m[0;34mAPP     :INFO :gMrmSessionHandle_Test!!!
[2025-06-05 15:45:02.714] [0mMaster_Distance_to_Slave=61
[2025-06-05 15:45:02.714] [0;34mAPP     :INFO :Conten_Distance_SlaveAnchor[BBBB]_to_FFF7=61
[2025-06-05 15:45:02.714] [0m{"@POSITION": 1, "Master": 30, "Slave": 61, "Gate": 100, "nLos": 0, "idx": 0, "LiftDeep": 63, "RedAreaH": 0, "BlueAreaH": 250, "Speed":1, "User-X":14, "User-Y":19, "User-Z":0,"Auth":9, "Trans":4}
[2025-06-05 15:45:02.959] [0;32mTMLUWB  :RX < :RECV                :62000048 E5110000 01000000 00FA0000 00010000 05000001 00000000 01FFF700 001E0000 00640000 64000000 00000003 7D000000 00000000 00000000 0E000000 00010300 01030000 00000000
[2025-06-05 15:45:02.960] [0m[0;34mAPP     :INFO :@@@ updateKeepAlive( ): User[1] FFF7 Keep alive = 79
[2025-06-05 15:45:02.960] [0m[0;34mAPP     :INFO :gCapSessionHandle!!!.
[2025-06-05 15:45:02.960] [0m[0;34mAPP     :INFO :@@@ gNumberOfUserinDTPCM = 2, pRangingData->no_of_measurements = 1,i=0
[2025-06-05 15:45:02.960] [0m[0;34mAPP     :INFO :Measure_NLOS = 0, Classification_NLOS =   0
[2025-06-05 15:45:02.960] [0mMaster_Distance_to_FFF7=30
[2025-06-05 15:45:02.960] [0;34mAPP     :INFO :Conten_Distance_MasterAnchor_to_FFF7=30
[2025-06-05 15:45:02.960] [0m[0;34mAPP     :INFO :Current User ( fff7 ) status is : SystemStatus = 0 , DiscoverStatus = 5 , TransactionState = 4 , AuthenticationState = 9
[2025-06-05 15:45:02.960] [0m[0;34mAPP     :INFO :@@@ User Speed is :( fff7 ) , 1 ,(cm/s)
[2025-06-05 15:45:02.960] [0m[0;34mAPP     :INFO :@ b = 30, c = 61, x = 14, y = 19
[2025-06-05 15:45:02.960] [0m[0;34mAPP     :INFO :@ a = 100, d = 100, m = 250, Gate = 100
[2025-06-05 15:45:02.960] [0m[0;34mAPP     :INFO :################################### into red area...##################################################
[2025-06-05 15:45:02.960] [0m[0;34mAPP     :INFO :Only 1 valid card detected, started transaction
[2025-06-05 15:45:02.960] [0m[0;33mAPP     :WARN : Write Card Time < 10s. Return.
[2025-06-05 15:45:02.960] [0m
[2025-06-05 15:45:02.962] [0;32mTMLUWB  :RX < :RECV                :02001700 02000002 00BBBB00 00000000 00E30006 000505FF F73F00
[2025-06-05 15:45:02.962] [0m[0;34mAPP     :INFO :gMrmSessionHandle_Test!!!
[2025-06-05 15:45:02.962] [0mMaster_Distance_to_Slave=63
[2025-06-05 15:45:02.962] [0;34mAPP     :INFO :Conten_Distance_SlaveAnchor[BBBB]_to_FFF7=63
[2025-06-05 15:45:02.962] [0m{"@POSITION": 1, "Master": 30, "Slave": 63, "Gate": 100, "nLos": 0, "idx": 0, "LiftDeep": 62, "RedAreaH": 0, "BlueAreaH": 250, "Speed":1, "User-X":14, "User-Y":19, "User-Z":0,"Auth":9, "Trans":4}
[2025-06-05 15:45:03.223] [0;32mTMLUWB  :RX < :RECV                :62000048 E6110000 01000000 00FA0000 00010000 05000001 00000000 01FFF700 001E0000 00640000 64000000 00000003 7C000000 00000000 00000000 0E000000 00010300 01030000 00000000
[2025-06-05 15:45:03.223] [0m[0;34mAPP     :INFO :@@@ updateKeepAlive( ): User[1] FFF7 Keep alive = 79
[2025-06-05 15:45:03.223] [0m[0;34mAPP     :INFO :gCapSessionHandle!!!.
[2025-06-05 15:45:03.224] [0m[0;34mAPP     :INFO :@@@ gNumberOfUserinDTPCM = 2, pRangingData->no_of_measurements = 1,i=0
[2025-06-05 15:45:03.224] [0m[0;34mAPP     :INFO :Measure_NLOS = 0, Classification_NLOS =   0
[2025-06-05 15:45:03.224] [0mMaster_Distance_to_FFF7=30
[2025-06-05 15:45:03.224] [0;34mAPP     :INFO :Conten_Distance_MasterAnchor_to_FFF7=30
[2025-06-05 15:45:03.224] [0m[0;34mAPP     :INFO :Current User ( fff7 ) status is : SystemStatus = 0 , DiscoverStatus = 5 , TransactionState = 4 , AuthenticationState = 9
[2025-06-05 15:45:03.224] [0m[0;34mAPP     :INFO :@@@ User Speed is :( fff7 ) , 5 ,(cm/s)
[2025-06-05 15:45:03.224] [0m[0;34mAPP     :INFO :@ b = 30, c = 63, x = 15, y = 18
[2025-06-05 15:45:03.224] [0m[0;34mAPP     :INFO :@ a = 100, d = 100, m = 250, Gate = 100
[2025-06-05 15:45:03.224] [0m[0;34mAPP     :INFO :################################### into red area...##################################################
[2025-06-05 15:45:03.224] [0m[0;34mAPP     :INFO :Only 1 valid card detected, started transaction
[2025-06-05 15:45:03.224] [0m[0;33mAPP     :WARN : Write Card Time < 10s. Return.
[2025-06-05 15:45:03.224] [0m
[2025-06-05 15:45:03.224] [0;32mTMLUWB  :RX < :RECV                :02001700 02000002 00BBBB00 00000000 00E40006 000505FF F73E00
[2025-06-05 15:45:03.224] [0m[0;34mAPP     :INFO :gMrmSessionHandle_Test!!!
[2025-06-05 15:45:03.225] [0mMaster_Distance_to_Slave=62
[2025-06-05 15:45:03.225] [0;34mAPP     :INFO :Conten_Distance_SlaveAnchor[BBBB]_to_FFF7=62
[2025-06-05 15:45:03.225] [0m{"@POSITION": 1, "Master": 30, "Slave": 62, "Gate": 100, "nLos": 0, "idx": 0, "LiftDeep": 62, "RedAreaH": 0, "BlueAreaH": 250, "Speed":5, "User-X":15, "User-Y":18, "User-Z":0,"Auth":9, "Trans":4}
[2025-06-05 15:45:03.478] [0;32mTMLUWB  :RX < :RECV                :62000048 E7110000 01000000 00FA0000 00010000 05000001 00000000 01FFF700 00220000 00640000 64000000 00000003 7E000000 00000000 00000000 0E000000 00010300 01030000 00000000
[2025-06-05 15:45:03.478] [0m[0;34mAPP     :INFO :@@@ updateKeepAlive( ): User[1] FFF7 Keep alive = 79
[2025-06-05 15:45:03.479] [0m[0;34mAPP     :INFO :gCapSessionHandle!!!.
[2025-06-05 15:45:03.479] [0m[0;34mAPP     :INFO :@@@ gNumberOfUserinDTPCM = 2, pRangingData->no_of_measurements = 1,i=0
[2025-06-05 15:45:03.479] [0m[0;34mAPP     :INFO :Measure_NLOS = 0, Classification_NLOS =   0
[2025-06-05 15:45:03.479] [0mMaster_Distance_to_FFF7=34
[2025-06-05 15:45:03.479] [0;34mAPP     :INFO :Conten_Distance_MasterAnchor_to_FFF7=34
[2025-06-05 15:45:03.479] [0m[0;34mAPP     :INFO :Current User ( fff7 ) status is : SystemStatus = 0 , DiscoverStatus = 5 , TransactionState = 4 , AuthenticationState = 9
[2025-06-05 15:45:03.479] [0m[0;34mAPP     :INFO :@@@ User Speed is :( fff7 ) , 5 ,(cm/s)
[2025-06-05 15:45:03.479] [0m[0;34mAPP     :INFO :@ b = 34, c = 62, x = 13, y = 14
[2025-06-05 15:45:03.479] [0m[0;34mAPP     :INFO :@ a = 100, d = 100, m = 250, Gate = 100
[2025-06-05 15:45:03.479] [0m[0;34mAPP     :INFO :################################### into red area...##################################################
[2025-06-05 15:45:03.479] [0m[0;34mAPP     :INFO :Only 1 valid card detected, started transaction
[2025-06-05 15:45:03.479] [0m[0;33mAPP     :WARN : Write Card Time < 10s. Return.
[2025-06-05 15:45:03.479] [0m
[2025-06-05 15:45:03.479] [0;32mTMLUWB  :RX < :RECV                :02001700 02000002 00BBBB00 00000000 00E50006 000505FF F73F00
[2025-06-05 15:45:03.479] [0m[0;34mAPP     :INFO :gMrmSessionHandle_Test!!!
[2025-06-05 15:45:03.479] [0mMaster_Distance_to_Slave=63
[2025-06-05 15:45:03.479] [0;34mAPP     :INFO :Conten_Distance_SlaveAnchor[BBBB]_to_FFF7=63
[2025-06-05 15:45:03.479] [0m{"@POSITION": 1, "Master": 34, "Slave": 63, "Gate": 100, "nLos": 0, "idx": 0, "LiftDeep": 63, "RedAreaH": 0, "BlueAreaH": 250, "Speed":5, "User-X":13, "User-Y":14, "User-Z":0,"Auth":9, "Trans":4}
[2025-06-05 15:45:03.722] [0;32mTMLUWB  :RX < :RECV                :62000048 E8110000 01000000 00FA0000 00010000 05000001 00000000 01FFF700 00200000 00640000 64000000 00000003 7C000000 00000000 00000000 0E000000 00010300 01030000 00000000
[2025-06-05 15:45:03.723] [0m[0;34mAPP     :INFO :@@@ updateKeepAlive( ): User[1] FFF7 Keep alive = 79
[2025-06-05 15:45:03.723] [0m[0;34mAPP     :INFO :gCapSessionHandle!!!.
[2025-06-05 15:45:03.723] [0m[0;34mAPP     :INFO :@@@ gNumberOfUserinDTPCM = 2, pRangingData->no_of_measurements = 1,i=0
[2025-06-05 15:45:03.723] [0m[0;34mAPP     :INFO :Measure_NLOS = 0, Classification_NLOS =   0
[2025-06-05 15:45:03.723] [0mMaster_Distance_to_FFF7=32
[2025-06-05 15:45:03.723] [0;34mAPP     :INFO :Conten_Distance_MasterAnchor_to_FFF7=32
[2025-06-05 15:45:03.723] [0m[0;34mAPP     :INFO :Current User ( fff7 ) status is : SystemStatus = 0 , DiscoverStatus = 5 , TransactionState = 4 , AuthenticationState = 9
[2025-06-05 15:45:03.723] [0m[0;34mAPP     :INFO :@@@ User Speed is :( fff7 ) , 3 ,(cm/s)
[2025-06-05 15:45:03.723] [0m[0;34mAPP     :INFO :@ b = 32, c = 63, x = 14, y = 16
[2025-06-05 15:45:03.723] [0m[0;34mAPP     :INFO :@ a = 100, d = 100, m = 250, Gate = 100
[2025-06-05 15:45:03.724] [0m[0;34mAPP     :INFO :################################### into red area...##################################################
[2025-06-05 15:45:03.724] [0m[0;34mAPP     :INFO :Only 1 valid card detected, started transaction
[2025-06-05 15:45:03.724] [0m[0;33mAPP     :WARN : Write Card Time < 10s. Return.
[2025-06-05 15:45:03.724] [0m
[2025-06-05 15:45:03.724] [0;32mTMLUWB  :RX < :RECV                :02001700 02000002 00BBBB00 00000000 00E60006 000505FF F74200
[2025-06-05 15:45:03.724] [0m[0;34mAPP     :INFO :gMrmSessionHandle_Test!!!
[2025-06-05 15:45:03.724] [0mMaster_Distance_to_Slave=66
[2025-06-05 15:45:03.724] [0;34mAPP     :INFO :Conten_Distance_SlaveAnchor[BBBB]_to_FFF7=66
[2025-06-05 15:45:03.724] [0m{"@POSITION": 1, "Master": 32, "Slave": 66, "Gate": 100, "nLos": 0, "idx": 0, "LiftDeep": 62, "RedAreaH": 0, "BlueAreaH": 250, "Speed":3, "User-X":14, "User-Y":16, "User-Z":0,"Auth":9, "Trans":4}
[2025-06-05 15:45:03.964] [0;32mTMLUWB  :RX < :RECV                :62000048 E9110000 01000000 00FA0000 00010000 05000001 00000000 01FFF700 001F0000 00640000 64000000 00000003 7D000000 00000000 00000000 0E000000 00010300 01030000 00000000
[2025-06-05 15:45:03.966] [0m[0;34mAPP     :INFO :@@@ updateKeepAlive( ): User[1] FFF7 Keep alive = 79
[2025-06-05 15:45:03.966] [0m[0;34mAPP     :INFO :gCapSessionHandle!!!.
[2025-06-05 15:45:03.966] [0m[0;34mAPP     :INFO :@@@ gNumberOfUserinDTPCM = 2, pRangingData->no_of_measurements = 1,i=0
[2025-06-05 15:45:03.966] [0m[0;34mAPP     :INFO :Measure_NLOS = 0, Classification_NLOS =   0
[2025-06-05 15:45:03.966] [0mMaster_Distance_to_FFF7=31
[2025-06-05 15:45:03.968] [0;34mAPP     :INFO :Conten_Distance_MasterAnchor_to_FFF7=31
[2025-06-05 15:45:03.968] [0m[0;34mAPP     :INFO :Current User ( fff7 ) status is : SystemStatus = 0 , DiscoverStatus = 5 , TransactionState = 4 , AuthenticationState = 9
[2025-06-05 15:45:03.968] [0m[0;34mAPP     :INFO :@@@ User Speed is :( fff7 ) , 5 ,(cm/s)
[2025-06-05 15:45:03.968] [0m[0;34mAPP     :INFO :@ b = 31, c = 66, x = 16, y = 13
[2025-06-05 15:45:03.968] [0m[0;34mAPP     :INFO :@ a = 100, d = 100, m = 250, Gate = 100
[2025-06-05 15:45:03.968] [0m[0;34mAPP     :INFO :################################### into red area...##################################################
[2025-06-05 15:45:03.968] [0m[0;34mAPP     :INFO :Only 1 valid card detected, started transaction
[2025-06-05 15:45:03.968] [0m[0;33mAPP     :WARN : Write Card Time < 10s. Return.
[2025-06-05 15:45:03.968] [0m
[2025-06-05 15:45:03.968] [0;32mTMLUWB  :RX < :RECV                :02001700 02000002 00BBBB00 00000000 00E70006 000505FF F74200
[2025-06-05 15:45:03.968] [0m[0;34mAPP     :INFO :gMrmSessionHandle_Test!!!
[2025-06-05 15:45:03.968] [0mMaster_Distance_to_Slave=66
[2025-06-05 15:45:03.968] [0;34mAPP     :INFO :Conten_Distance_SlaveAnchor[BBBB]_to_FFF7=66
[2025-06-05 15:45:03.968] [0m{"@POSITION": 1, "Master": 31, "Slave": 66, "Gate": 100, "nLos": 0, "idx": 0, "LiftDeep": 62, "RedAreaH": 0, "BlueAreaH": 250, "Speed":5, "User-X":16, "User-Y":13, "User-Z":0,"Auth":9, "Trans":4}
[2025-06-05 15:45:04.218] [0;32mTMLUWB  :RX < :RECV                :62000048 EA110000 01000000 00FA0000 00010000 05000001 00000000 01FFF700 001E0000 00640000 64000000 00000003 7D000000 00000000 00000000 0E000000 00010300 01030000 00000000
[2025-06-05 15:45:04.218] [0m[0;34mAPP     :INFO :@@@ updateKeepAlive( ): User[1] FFF7 Keep alive = 79
[2025-06-05 15:45:04.219] [0m[0;34mAPP     :INFO :gCapSessionHandle!!!.
[2025-06-05 15:45:04.219] [0m[0;34mAPP     :INFO :@@@ gNumberOfUserinDTPCM = 2, pRangingData->no_of_measurements = 1,i=0
[2025-06-05 15:45:04.219] [0m[0;34mAPP     :INFO :Measure_NLOS = 0, Classification_NLOS =   0
[2025-06-05 15:45:04.219] [0mMaster_Distance_to_FFF7=30
[2025-06-05 15:45:04.219] [0;34mAPP     :INFO :Conten_Distance_MasterAnchor_to_FFF7=30
[2025-06-05 15:45:04.219] [0m[0;34mAPP     :INFO :Current User ( fff7 ) status is : SystemStatus = 0 , DiscoverStatus = 5 , TransactionState = 4 , AuthenticationState = 9
[2025-06-05 15:45:04.219] [0m[0;34mAPP     :INFO :@@@ User Speed is :( fff7 ) , 4 ,(cm/s)
[2025-06-05 15:45:04.219] [0m[0;34mAPP     :INFO :@ b = 30, c = 66, x = 17, y = 13
[2025-06-05 15:45:04.219] [0m[0;34mAPP     :INFO :@ a = 100, d = 100, m = 250, Gate = 100
[2025-06-05 15:45:04.219] [0m[0;34mAPP     :INFO :################################### into red area...##################################################
[2025-06-05 15:45:04.219] [0m[0;34mAPP     :INFO :Only 1 valid card detected, started transaction
[2025-06-05 15:45:04.219] [0m[0;33mAPP     :WARN : Write Card Time < 10s. Return.
[2025-06-05 15:45:04.219] [0m
[2025-06-05 15:45:04.221] [0;32mTMLUWB  :RX < :RECV                :02001700 02000002 00BBBB00 00000000 00E80006 000505FF F73E00
[2025-06-05 15:45:04.221] [0m[0;34mAPP     :INFO :gMrmSessionHandle_Test!!!
[2025-06-05 15:45:04.221] [0mMaster_Distance_to_Slave=62
[2025-06-05 15:45:04.221] [0;34mAPP     :INFO :Conten_Distance_SlaveAnchor[BBBB]_to_FFF7=62
[2025-06-05 15:45:04.221] [0m{"@POSITION": 1, "Master": 30, "Slave": 62, "Gate": 100, "nLos": 0, "idx": 0, "LiftDeep": 62, "RedAreaH": 0, "BlueAreaH": 250, "Speed":4, "User-X":17, "User-Y":13, "User-Z":0,"Auth":9, "Trans":4}
[2025-06-05 15:45:04.457] [0;32mTMLUWB  :RX < :RECV                :62000048 EB110000 01000000 00FA0000 00010000 05000001 00000000 01FFF700 00210000 00640000 64000000 00000003 7C000000 00000000 00000000 0E000000 00010300 01030000 00000000
[2025-06-05 15:45:04.457] [0m[0;34mAPP     :INFO :@@@ updateKeepAlive( ): User[1] FFF7 Keep alive = 79
[2025-06-05 15:45:04.458] [0m[0;34mAPP     :INFO :gCapSessionHandle!!!.
[2025-06-05 15:45:04.458] [0m[0;34mAPP     :INFO :@@@ gNumberOfUserinDTPCM = 2, pRangingData->no_of_measurements = 1,i=0
[2025-06-05 15:45:04.458] [0m[0;34mAPP     :INFO :Measure_NLOS = 0, Classification_NLOS =   0
[2025-06-05 15:45:04.458] [0mMaster_Distance_to_FFF7=33
[2025-06-05 15:45:04.458] [0;34mAPP     :INFO :Conten_Distance_MasterAnchor_to_FFF7=33
[2025-06-05 15:45:04.458] [0m[0;34mAPP     :INFO :Current User ( fff7 ) status is : SystemStatus = 0 , DiscoverStatus = 5 , TransactionState = 4 , AuthenticationState = 9
[2025-06-05 15:45:04.458] [0m[0;34mAPP     :INFO :@@@ User Speed is :( fff7 ) , 1 ,(cm/s)
[2025-06-05 15:45:04.458] [0m[0;34mAPP     :INFO :@ b = 33, c = 62, x = 13, y = 16
[2025-06-05 15:45:04.458] [0m[0;34mAPP     :INFO :@ a = 100, d = 100, m = 250, Gate = 100
[2025-06-05 15:45:04.459] [0m[0;34mAPP     :INFO :################################### into red area...##################################################
[2025-06-05 15:45:04.459] [0m[0;34mAPP     :INFO :Only 1 valid card detected, started transaction
[2025-06-05 15:45:04.459] [0m[0;33mAPP     :WARN : Write Card Time < 10s. Return.
[2025-06-05 15:45:04.459] [0m
[2025-06-05 15:45:04.459] [0;32mTMLUWB  :RX < :RECV                :02001700 02000002 00BBBB00 00000000 00E90006 000505FF F73D00
[2025-06-05 15:45:04.459] [0m[0;34mAPP     :INFO :gMrmSessionHandle_Test!!!
[2025-06-05 15:45:04.459] [0mMaster_Distance_to_Slave=61
[2025-06-05 15:45:04.459] [0;34mAPP     :INFO :Conten_Distance_SlaveAnchor[BBBB]_to_FFF7=61
[2025-06-05 15:45:04.459] [0m{"@POSITION": 1, "Master": 33, "Slave": 61, "Gate": 100, "nLos": 0, "idx": 0, "LiftDeep": 62, "RedAreaH": 0, "BlueAreaH": 250, "Speed":1, "User-X":13, "User-Y":16, "User-Z":0,"Auth":9, "Trans":4}
