[2025-05-09 19:03:41.717] [0;32mTMLUWB  :RX < :RECV                :62000023 7EE90100 01000000 00FA0000 00010000 05000001 00000000 00080000 00000103 000103
[2025-05-09 19:03:41.720] [0m[0;34mAPP     :INFO :No User to r or w | SystemStatus = 0
[2025-05-09 19:03:41.723] [0m
[2025-05-09 19:03:41.965] [0;32mTMLUWB  :RX < :RECV                :62000023 7FE90100 01000000 00FA0000 00010000 05000001 00000000 00080000 00000103 000103
[2025-05-09 19:03:41.968] [0m[0;34mAPP     :INFO :No User to r or w | SystemStatus = 0
[2025-05-09 19:03:41.970] [0m
[2025-05-09 19:03:42.213] [0;32mTMLUWB  :RX < :RECV                :62000023 80E90100 01000000 00FA0000 00010000 05000001 00000000 00080000 00000103 000103
[2025-05-09 19:03:42.215] [0m[0;34mAPP     :INFO :No User to r or w | SystemStatus = 0
[2025-05-09 19:03:42.217] [0m
[2025-05-09 19:03:42.461] [0;32mTMLUWB  :RX < :RECV                :62000023 81E90100 01000000 00FA0000 00010000 05000001 00000000 00080000 00000103 000103
[2025-05-09 19:03:42.464] [0m[0;34mAPP     :INFO :No User to r or w | SystemStatus = 0
[2025-05-09 19:03:42.466] [0m
[2025-05-09 19:03:42.718] [0;32mTMLUWB  :RX < :RECV                :62000023 82E90100 01000000 00FA0000 00010000 05000001 00000000 00080000 00000103 000103
[2025-05-09 19:03:42.722] [0m[0;34mAPP     :INFO :No User to r or w | SystemStatus = 0
[2025-05-09 19:03:42.724] [0m
[2025-05-09 19:03:42.965] [0;32mTMLUWB  :RX < :RECV                :62000023 83E90100 01000000 00FA0000 00010000 05000001 00000000 00080000 00000103 000103
[2025-05-09 19:03:42.968] [0m[0;34mAPP     :INFO :No User to r or w | SystemStatus = 0
[2025-05-09 19:03:42.971] [0m
[2025-05-09 19:03:43.212] [0;32mTMLUWB  :RX < :RECV                :62000023 84E90100 01000000 00FA0000 00010000 05000001 00000000 00080000 00000103 000103
[2025-05-09 19:03:43.215] [0m[0;34mAPP     :INFO :No User to r or w | SystemStatus = 0
[2025-05-09 19:03:43.217] [0m
[2025-05-09 19:03:43.470] [0;32mTMLUWB  :RX < :RECV                :62000023 85E90100 01000000 00FA0000 00010000 05000001 00000000 00080000 00000103 000103
[2025-05-09 19:03:43.473] [0m[0;34mAPP     :INFO :No User to r or w | SystemStatus = 0
[2025-05-09 19:03:43.475] [0m
[2025-05-09 19:03:43.719] [0;32mTMLUWB  :RX < :RECV                :62000023 86E90100 01000000 00FA0000 00010000 05000001 00000000 00080000 00000103 000103
[2025-05-09 19:03:43.722] [0m[0;34mAPP     :INFO :No User to r or w | SystemStatus = 0
[2025-05-09 19:03:43.724] [0m
[2025-05-09 19:03:43.966] [0;32mTMLUWB  :RX < :RECV                :62000023 87E90100 01000000 00FA0000 00010000 05000001 00000000 00080000 00000103 000103
[2025-05-09 19:03:43.969] [0m[0;34mAPP     :INFO :No User to r or w | SystemStatus = 0
[2025-05-09 19:03:43.971] [0m
[2025-05-09 19:03:44.214] [0;32mTMLUWB  :RX < :RECV                :62000023 88E90100 01000000 00FA0000 00010000 05000001 00000000 00080000 00000103 000103
[2025-05-09 19:03:44.217] [0m[0;34mAPP     :INFO :No User to r or w | SystemStatus = 0
[2025-05-09 19:03:44.219] [0m
[2025-05-09 19:03:44.461] [0;32mTMLUWB  :RX < :RECV                :62000023 89E90100 01000000 00FA0000 00010000 05000001 00000000 00080000 00000103 000103
[2025-05-09 19:03:44.465] [0m[0;34mAPP     :INFO :No User to r or w | SystemStatus = 0
[2025-05-09 19:03:44.468] [0m
[2025-05-09 19:03:44.718] [0;32mTMLUWB  :RX < :RECV                :62000023 8AE90100 01000000 00FA0000 00010000 05000001 00000000 00080000 00000103 000103
[2025-05-09 19:03:44.722] [0m[0;34mAPP     :INFO :No User to r or w | SystemStatus = 0
[2025-05-09 19:03:44.724] [0m
[2025-05-09 19:03:44.965] [0;32mTMLUWB  :RX < :RECV                :62000023 8BE90100 01000000 00FA0000 00010000 05000001 00000000 00080000 00000103 000103
[2025-05-09 19:03:44.968] [0m[0;34mAPP     :INFO :No User to r or w | SystemStatus = 0
[2025-05-09 19:03:44.969] [0m
[2025-05-09 19:03:45.212] [0;32mTMLUWB  :RX < :RECV                :62000023 8CE90100 01000000 00FA0000 00010000 05000001 00000000 00080000 00000103 000103
[2025-05-09 19:03:45.216] [0m[0;34mAPP     :INFO :No User to r or w | SystemStatus = 0
[2025-05-09 19:03:45.218] [0m
[2025-05-09 19:03:45.459] [0;32mTMLUWB  :RX < :RECV                :62000023 8DE90100 01000000 00FA0000 00010000 05000001 00000000 00080000 00000103 000103
[2025-05-09 19:03:45.462] [0m[0;34mAPP     :INFO :No User to r or w | SystemStatus = 0
[2025-05-09 19:03:45.464] [0m
[2025-05-09 19:03:45.717] [0;32mTMLUWB  :RX < :RECV                :62000023 8EE90100 01000000 00FA0000 00010000 05000001 00000000 00080000 00000103 000103
[2025-05-09 19:03:45.720] [0m[0;34mAPP     :INFO :No User to r or w | SystemStatus = 0
[2025-05-09 19:03:45.722] [0m
[2025-05-09 19:03:45.964] [0;32mTMLUWB  :RX < :RECV                :62000023 8FE90100 01000000 00FA0000 00010000 05000001 00000000 00080000 00000103 000103
[2025-05-09 19:03:45.966] [0m[0;34mAPP     :INFO :No User to r or w | SystemStatus = 0
[2025-05-09 19:03:45.969] [0m
[2025-05-09 19:03:46.211] [0;32mTMLUWB  :RX < :RECV                :62000023 90E90100 01000000 00FA0000 00010000 05000001 00000000 00080000 00000103 000103
[2025-05-09 19:03:46.216] [0m[0;34mAPP     :INFO :No User to r or w | SystemStatus = 0
[2025-05-09 19:03:46.218] [0m
[2025-05-09 19:03:46.459] [0;32mTMLUWB  :RX < :RECV                :62000023 91E90100 01000000 00FA0000 00010000 05000001 00000000 00080000 00000103 000103
[2025-05-09 19:03:46.463] [0m[0;34mAPP     :INFO :No User to r or w | SystemStatus = 0
[2025-05-09 19:03:46.465] [0m
[2025-05-09 19:03:46.716] [0;32mTMLUWB  :RX < :RECV                :62000023 92E90100 01000000 00FA0000 00010000 05000001 00000000 00080000 00000103 000103
[2025-05-09 19:03:46.720] [0m[0;34mAPP     :INFO :No User to r or w | SystemStatus = 0
[2025-05-09 19:03:46.722] [0m
[2025-05-09 19:03:46.969] [0;32mTMLUWB  :RX < :RECV                :62000023 93E90100 01000000 00FA0000 00010000 05000001 00000000 00080000 00000103 000103
[2025-05-09 19:03:46.972] [0m[0;34mAPP     :INFO :No User to r or w | SystemStatus = 0
[2025-05-09 19:03:46.974] [0m
[2025-05-09 19:03:47.225] [0;32mTMLUWB  :RX < :RECV                :62000023 94E90100 01000000 00FA0000 00010000 05000001 00000000 00080000 00000103 000103
[2025-05-09 19:03:47.229] [0m[0;34mAPP     :INFO :No User to r or w | SystemStatus = 0
[2025-05-09 19:03:47.231] [0m
[2025-05-09 19:03:47.462] [0;32mTMLUWB  :RX < :RECV                :62000023 95E90100 01000000 00FA0000 00010000 05000001 00000000 00080000 00000103 000103
[2025-05-09 19:03:47.464] [0m[0;34mAPP     :INFO :No User to r or w | SystemStatus = 0
[2025-05-09 19:03:47.467] [0m
[2025-05-09 19:03:47.717] [0;32mTMLUWB  :RX < :RECV                :62000023 96E90100 01000000 00FA0000 00010000 05000001 00000000 00080000 00000103 000103
[2025-05-09 19:03:47.721] [0m[0;34mAPP     :INFO :No User to r or w | SystemStatus = 0
[2025-05-09 19:03:47.723] [0m
[2025-05-09 19:03:47.964] [0;32mTMLUWB  :RX < :RECV                :62000023 97E90100 01000000 00FA0000 00010000 05000001 00000000 00080000 00000103 000103
[2025-05-09 19:03:47.967] [0m[0;34mAPP     :INFO :No User to r or w | SystemStatus = 0
[2025-05-09 19:03:47.969] [0m
[2025-05-09 19:03:48.210] [0;32mTMLUWB  :RX < :RECV                :62000023 98E90100 01000000 00FA0000 00010000 05000001 00000000 00080000 00000103 000103
[2025-05-09 19:03:48.213] [0m[0;34mAPP     :INFO :No User to r or w | SystemStatus = 0
[2025-05-09 19:03:48.216] [0m
[2025-05-09 19:03:48.460] [0;32mTMLUWB  :RX < :RECV                :62000023 99E90100 01000000 00FA0000 00010000 05000001 00000000 00080000 00000103 000103
[2025-05-09 19:03:48.462] [0m[0;34mAPP     :INFO :No User to r or w | SystemStatus = 0
[2025-05-09 19:03:48.464] [0m
[2025-05-09 19:03:48.718] [0;32mTMLUWB  :RX < :RECV                :62000023 9AE90100 01000000 00FA0000 00010000 05000001 00000000 00080000 00000103 000103
[2025-05-09 19:03:48.720] [0m[0;34mAPP     :INFO :No User to r or w | SystemStatus = 0
[2025-05-09 19:03:48.723] [0m
[2025-05-09 19:03:48.964] [0;32mTMLUWB  :RX < :RECV                :62000023 9BE90100 01000000 00FA0000 00010000 05000001 00000000 00080000 00000103 000103
[2025-05-09 19:03:48.967] [0m[0;34mAPP     :INFO :No User to r or w | SystemStatus = 0
[2025-05-09 19:03:48.969] [0m
[2025-05-09 19:03:49.212] [0;32mTMLUWB  :RX < :RECV                :62000023 9CE90100 01000000 00FA0000 00010000 05000001 00000000 00080000 00000103 000103
[2025-05-09 19:03:49.215] [0m[0;34mAPP     :INFO :No User to r or w | SystemStatus = 0
[2025-05-09 19:03:49.218] [0m
[2025-05-09 19:03:49.469] [0;32mTMLUWB  :RX < :RECV                :62000023 9DE90100 01000000 00FA0000 00010000 05000001 00000000 00080000 00000103 000103
[2025-05-09 19:03:49.472] [0m[0;34mAPP     :INFO :No User to r or w | SystemStatus = 0
[2025-05-09 19:03:49.474] [0m
[2025-05-09 19:03:49.718] [0;32mTMLUWB  :RX < :RECV                :62000023 9EE90100 01000000 00FA0000 00010000 05000001 00000000 00080000 00000103 000103
[2025-05-09 19:03:49.721] [0m[0;34mAPP     :INFO :No User to r or w | SystemStatus = 0
[2025-05-09 19:03:49.724] [0m
[2025-05-09 19:03:49.965] [0;32mTMLUWB  :RX < :RECV                :62000023 9FE90100 01000000 00FA0000 00010000 05000001 00000000 00080000 00000103 000103
[2025-05-09 19:03:49.967] [0m[0;34mAPP     :INFO :No User to r or w | SystemStatus = 0
[2025-05-09 19:03:49.969] [0m
[2025-05-09 19:03:50.212] [0;32mTMLUWB  :RX < :RECV                :62000023 A0E90100 01000000 00FA0000 00010000 05000001 00000000 00080000 00000103 000103
[2025-05-09 19:03:50.215] [0m[0;34mAPP     :INFO :No User to r or w | SystemStatus = 0
[2025-05-09 19:03:50.217] [0m
[2025-05-09 19:03:50.468] [0;32mTMLUWB  :RX < :RECV                :62000023 A1E90100 01000000 00FA0000 00010000 05000001 00000000 00080000 00000103 000103
[2025-05-09 19:03:50.471] [0m[0;34mAPP     :INFO :No User to r or w | SystemStatus = 0
[2025-05-09 19:03:50.472] [0m
[2025-05-09 19:03:50.721] [0;32mTMLUWB  :RX < :RECV                :62000023 A2E90100 01000000 00FA0000 00010000 05000001 00000000 00080000 00000103 000103
[2025-05-09 19:03:50.726] [0m[0;34mAPP     :INFO :No User to r or w | SystemStatus = 0
[2025-05-09 19:03:50.731] [0m
[2025-05-09 19:03:50.964] [0;32mTMLUWB  :RX < :RECV                :62000023 A3E90100 01000000 00FA0000 00010000 05000001 00000000 00080000 00000103 000103
[2025-05-09 19:03:50.967] [0m[0;34mAPP     :INFO :No User to r or w | SystemStatus = 0
[2025-05-09 19:03:50.968] [0m
[2025-05-09 19:03:51.217] [0;32mTMLUWB  :RX < :RECV                :62000023 A4E90100 01000000 00FA0000 00010000 05000001 00000000 00080000 00000103 000103
[2025-05-09 19:03:51.219] [0m[0;34mAPP     :INFO :No User to r or w | SystemStatus = 0
[2025-05-09 19:03:51.221] [0m
[2025-05-09 19:03:51.463] [0;32mTMLUWB  :RX < :RECV                :62000023 A5E90100 01000000 00FA0000 00010000 05000001 00000000 00080000 00000103 000103
[2025-05-09 19:03:51.468] [0m[0;34mAPP     :INFO :No User to r or w | SystemStatus = 0
[2025-05-09 19:03:51.470] [0m
[2025-05-09 19:03:51.712] [0;32mTMLUWB  :RX < :RECV                :62000023 A6E90100 01000000 00FA0000 00010000 05000001 00000000 00080000 00000103 000103
[2025-05-09 19:03:51.714] [0m[0;34mAPP     :INFO :No User to r or w | SystemStatus = 0
[2025-05-09 19:03:51.716] [0m
[2025-05-09 19:03:51.990] [0;32mTMLUWB  :RX < :RECV                :62000023 A7E90100 01000000 00FA0000 00010000 05000001 00000000 00080000 00000103 000103
[2025-05-09 19:03:51.998] [0m[0;34mAPP     :INFO :No User to r or w | SystemStatus = 0
[2025-05-09 19:03:52.002] [0m
[2025-05-09 19:03:52.217] [0;32mTMLUWB  :RX < :RECV                :62000023 A8E90100 01000000 00FA0000 00010000 05000001 00000000 00080000 00000103 000103
[2025-05-09 19:03:52.219] [0m[0;34mAPP     :INFO :No User to r or w | SystemStatus = 0
[2025-05-09 19:03:52.221] [0m
[2025-05-09 19:03:52.464] [0;32mTMLUWB  :RX < :RECV                :62000023 A9E90100 01000000 00FA0000 00010000 05000001 00000000 00080000 00000103 000103
[2025-05-09 19:03:52.467] [0m[0;34mAPP     :INFO :No User to r or w | SystemStatus = 0
[2025-05-09 19:03:52.469] [0m
[2025-05-09 19:03:52.710] [0;32mTMLUWB  :RX < :RECV                :62000023 AAE90100 01000000 00FA0000 00010000 05000001 00000000 00080000 00000103 000103
[2025-05-09 19:03:52.714] [0m[0;34mAPP     :INFO :No User to r or w | SystemStatus = 0
[2025-05-09 19:03:52.716] [0m
[2025-05-09 19:03:52.969] [0;32mTMLUWB  :RX < :RECV                :62000023 ABE90100 01000000 00FA0000 00010000 05000001 00000000 00080000 00000103 000103
[2025-05-09 19:03:52.972] [0m[0;34mAPP     :INFO :No User to r or w | SystemStatus = 0
[2025-05-09 19:03:52.975] [0m
[2025-05-09 19:03:53.217] [0;32mTMLUWB  :RX < :RECV                :62000023 ACE90100 01000000 00FA0000 00010000 05000001 00000000 00080000 00000103 000103
[2025-05-09 19:03:53.219] [0m[0;34mAPP     :INFO :No User to r or w | SystemStatus = 0
[2025-05-09 19:03:53.221] [0m
[2025-05-09 19:03:53.465] [0;32mTMLUWB  :RX < :RECV                :62000023 ADE90100 01000000 00FA0000 00010000 05000001 00000000 00080000 00000103 000103
[2025-05-09 19:03:53.467] [0m[0;34mAPP     :INFO :No User to r or w | SystemStatus = 0
[2025-05-09 19:03:53.469] [0m
[2025-05-09 19:03:53.711] [0;32mTMLUWB  :RX < :RECV                :62000023 AEE90100 01000000 00FA0000 00010000 05000001 00000000 00080000 00000103 000103
[2025-05-09 19:03:53.715] [0m[0;34mAPP     :INFO :No User to r or w | SystemStatus = 0
[2025-05-09 19:03:53.717] [0m
[2025-05-09 19:03:53.968] [0;32mTMLUWB  :RX < :RECV                :62000023 AFE90100 01000000 00FA0000 00010000 05000001 00000000 00080000 00000103 000103
[2025-05-09 19:03:53.971] [0m[0;34mAPP     :INFO :No User to r or w | SystemStatus = 0
[2025-05-09 19:03:53.973] [0m
[2025-05-09 19:03:54.215] [0;32mTMLUWB  :RX < :RECV                :62000023 B0E90100 01000000 00FA0000 00010000 05000001 00000000 00080000 00000103 000103
[2025-05-09 19:03:54.218] [0m[0;34mAPP     :INFO :No User to r or w | SystemStatus = 0
[2025-05-09 19:03:54.221] [0m
[2025-05-09 19:03:54.461] [0;32mTMLUWB  :RX < :RECV                :62000023 B1E90100 01000000 00FA0000 00010000 05000001 00000000 00080000 00000103 000103
[2025-05-09 19:03:54.465] [0m[0;34mAPP     :INFO :No User to r or w | SystemStatus = 0
[2025-05-09 19:03:54.466] [0m
[2025-05-09 19:03:54.709] [0;32mTMLUWB  :RX < :RECV                :62000023 B2E90100 01000000 00FA0000 00010000 05000001 00000000 00080000 00000103 000103
[2025-05-09 19:03:54.711] [0m[0;34mAPP     :INFO :No User to r or w | SystemStatus = 0
[2025-05-09 19:03:54.714] [0m
[2025-05-09 19:03:54.965] [0;32mTMLUWB  :RX < :RECV                :62000023 B3E90100 01000000 00FA0000 00010000 05000001 00000000 00080000 00000103 000103
[2025-05-09 19:03:54.968] [0m[0;34mAPP     :INFO :No User to r or w | SystemStatus = 0
[2025-05-09 19:03:54.971] [0m
[2025-05-09 19:03:55.213] [0;32mTMLUWB  :RX < :RECV                :62000023 B4E90100 01000000 00FA0000 00010000 05000001 00000000 00080000 00000103 000103
[2025-05-09 19:03:55.216] [0m[0;34mAPP     :INFO :No User to r or w | SystemStatus = 0
[2025-05-09 19:03:55.218] [0m
[2025-05-09 19:03:55.460] [0;32mTMLUWB  :RX < :RECV                :62000023 B5E90100 01000000 00FA0000 00010000 05000001 00000000 00080000 00000103 000103
[2025-05-09 19:03:55.464] [0m[0;34mAPP     :INFO :No User to r or w | SystemStatus = 0
[2025-05-09 19:03:55.466] [0m
[2025-05-09 19:03:55.718] [0;32mTMLUWB  :RX < :RECV                :62000023 B6E90100 01000000 00FA0000 00010000 05000001 00000000 00080000 00000103 000103
[2025-05-09 19:03:55.722] [0m[0;34mAPP     :INFO :No User to r or w | SystemStatus = 0
[2025-05-09 19:03:55.725] [0m
[2025-05-09 19:03:55.965] [0;32mTMLUWB  :RX < :RECV                :62000023 B7E90100 01000000 00FA0000 00010000 05000001 00000000 00080000 00000103 000103
[2025-05-09 19:03:55.969] [0m[0;34mAPP     :INFO :No User to r or w | SystemStatus = 0
[2025-05-09 19:03:55.972] [0m
[2025-05-09 19:03:56.213] [0;32mTMLUWB  :RX < :RECV                :62000023 B8E90100 01000000 00FA0000 00010000 05000001 00000000 00080000 00000103 000103
[2025-05-09 19:03:56.217] [0m[0;34mAPP     :INFO :No User to r or w | SystemStatus = 0
[2025-05-09 19:03:56.219] [0m
[2025-05-09 19:03:56.462] [0;32mTMLUWB  :RX < :RECV                :62000023 B9E90100 01000000 00FA0000 00010000 05000001 00000000 00080000 00000103 000103
[2025-05-09 19:03:56.465] [0m[0;34mAPP     :INFO :No User to r or w | SystemStatus = 0
[2025-05-09 19:03:56.468] [0m
[2025-05-09 19:03:56.709] [0;32mTMLUWB  :RX < :RECV                :62000023 BAE90100 01000000 00FA0000 00010000 05000001 00000000 00080000 00000103 000103
[2025-05-09 19:03:56.712] [0m[0;34mAPP     :INFO :No User to r or w | SystemStatus = 0
[2025-05-09 19:03:56.714] [0m
[2025-05-09 19:03:56.966] [0;32mTMLUWB  :RX < :RECV                :62000023 BBE90100 01000000 00FA0000 00010000 05000001 00000000 00080000 00000103 000103
[2025-05-09 19:03:56.968] [0m[0;34mAPP     :INFO :No User to r or w | SystemStatus = 0
[2025-05-09 19:03:56.970] [0m
[2025-05-09 19:03:57.213] [0;32mTMLUWB  :RX < :RECV                :62000023 BCE90100 01000000 00FA0000 00010000 05000001 00000000 00080000 00000103 000103
[2025-05-09 19:03:57.216] [0m[0;34mAPP     :INFO :No User to r or w | SystemStatus = 0
[2025-05-09 19:03:57.217] [0m
[2025-05-09 19:03:57.460] [0;32mTMLUWB  :RX < :RECV                :62000023 BDE90100 01000000 00FA0000 00010000 05000001 00000000 00080000 00000103 000103
[2025-05-09 19:03:57.464] [0m[0;34mAPP     :INFO :No User to r or w | SystemStatus = 0
[2025-05-09 19:03:57.465] [0m
[2025-05-09 19:03:57.719] [0;32mTMLUWB  :RX < :RECV                :62000023 BEE90100 01000000 00FA0000 00010000 05000001 00000000 00080000 00000103 000103
[2025-05-09 19:03:57.723] [0m[0;34mAPP     :INFO :No User to r or w | SystemStatus = 0
[2025-05-09 19:03:57.725] [0m
[2025-05-09 19:03:57.965] [0;32mTMLUWB  :RX < :RECV                :62000023 BFE90100 01000000 00FA0000 00010000 05000001 00000000 00080000 00000103 000103
[2025-05-09 19:03:57.968] [0m[0;34mAPP     :INFO :No User to r or w | SystemStatus = 0
[2025-05-09 19:03:57.970] [0m
[2025-05-09 19:03:58.214] [0;32mTMLUWB  :RX < :RECV                :62000023 C0E90100 01000000 00FA0000 00010000 05000001 00000000 00080000 00000103 000103
[2025-05-09 19:03:58.217] [0m[0;34mAPP     :INFO :No User to r or w | SystemStatus = 0
[2025-05-09 19:03:58.220] [0m
[2025-05-09 19:03:58.461] [0;32mTMLUWB  :RX < :RECV                :62000023 C1E90100 01000000 00FA0000 00010000 05000001 00000000 00080000 00000103 000103
[2025-05-09 19:03:58.463] [0m[0;34mAPP     :INFO :No User to r or w | SystemStatus = 0
[2025-05-09 19:03:58.466] [0m
[2025-05-09 19:03:58.719] [0;32mTMLUWB  :RX < :RECV                :62000023 C2E90100 01000000 00FA0000 00010000 05000001 00000000 00080000 00000103 000103
[2025-05-09 19:03:58.722] [0m[0;34mAPP     :INFO :No User to r or w | SystemStatus = 0
[2025-05-09 19:03:58.724] [0m
[2025-05-09 19:03:58.967] [0;32mTMLUWB  :RX < :RECV                :62000023 C3E90100 01000000 00FA0000 00010000 05000001 00000000 00080000 00000103 000103
[2025-05-09 19:03:58.970] [0m[0;34mAPP     :INFO :No User to r or w | SystemStatus = 0
[2025-05-09 19:03:58.972] [0m
[2025-05-09 19:03:59.214] [0;32mTMLUWB  :RX < :RECV                :62000023 C4E90100 01000000 00FA0000 00010000 05000001 00000000 00080000 00000103 000103
[2025-05-09 19:03:59.217] [0m[0;34mAPP     :INFO :No User to r or w | SystemStatus = 0
[2025-05-09 19:03:59.219] [0m
[2025-05-09 19:03:59.461] [0;32mTMLUWB  :RX < :RECV                :62000023 C5E90100 01000000 00FA0000 00010000 05000001 00000000 00080000 00000103 000103
[2025-05-09 19:03:59.463] [0m[0;34mAPP     :INFO :No User to r or w | SystemStatus = 0
[2025-05-09 19:03:59.466] [0m
[2025-05-09 19:03:59.717] [0;32mTMLUWB  :RX < :RECV                :62000023 C6E90100 01000000 00FA0000 00010000 05000001 00000000 00080000 00000103 000103
[2025-05-09 19:03:59.720] [0m[0;34mAPP     :INFO :No User to r or w | SystemStatus = 0
[2025-05-09 19:03:59.723] [0m
[2025-05-09 19:03:59.963] [0;32mTMLUWB  :RX < :RECV                :62000023 C7E90100 01000000 00FA0000 00010000 05000001 00000000 00080000 00000103 000103
[2025-05-09 19:03:59.967] [0m[0;34mAPP     :INFO :No User to r or w | SystemStatus = 0
[2025-05-09 19:03:59.969] [0m
[2025-05-09 19:04:00.210] [0;32mTMLUWB  :RX < :RECV                :62000023 C8E90100 01000000 00FA0000 00010000 05000001 00000000 00080000 00000103 000103
[2025-05-09 19:04:00.214] [0m[0;34mAPP     :INFO :No User to r or w | SystemStatus = 0
[2025-05-09 19:04:00.215] [0m
[2025-05-09 19:04:00.467] [0;32mTMLUWB  :RX < :RECV                :62000023 C9E90100 01000000 00FA0000 00010000 05000001 00000000 00080000 00000103 000103
[2025-05-09 19:04:00.469] [0m[0;34mAPP     :INFO :No User to r or w | SystemStatus = 0
[2025-05-09 19:04:00.473] [0m
[2025-05-09 19:04:00.715] [0;32mTMLUWB  :RX < :RECV                :62000023 CAE90100 01000000 00FA0000 00010000 05000001 00000000 00080000 00000103 000103
[2025-05-09 19:04:00.718] [0m[0;34mAPP     :INFO :No User to r or w | SystemStatus = 0
[2025-05-09 19:04:00.720] [0m
[2025-05-09 19:04:00.961] [0;32mTMLUWB  :RX < :RECV                :62000023 CBE90100 01000000 00FA0000 00010000 05000001 00000000 00080000 00000103 000103
[2025-05-09 19:04:00.964] [0m[0;34mAPP     :INFO :No User to r or w | SystemStatus = 0
[2025-05-09 19:04:00.967] [0m
[2025-05-09 19:04:01.218] [0;32mTMLUWB  :RX < :RECV                :62000023 CCE90100 01000000 00FA0000 00010000 05000001 00000000 00080000 00000103 000103
[2025-05-09 19:04:01.222] [0m[0;34mAPP     :INFO :No User to r or w | SystemStatus = 0
[2025-05-09 19:04:01.224] [0m
[2025-05-09 19:04:01.466] [0;32mTMLUWB  :RX < :RECV                :62000023 CDE90100 01000000 00FA0000 00010000 05000001 00000000 00080000 00000103 000103
[2025-05-09 19:04:01.469] [0m[0;34mAPP     :INFO :No User to r or w | SystemStatus = 0
[2025-05-09 19:04:01.471] [0m
[2025-05-09 19:04:01.713] [0;32mTMLUWB  :RX < :RECV                :62000023 CEE90100 01000000 00FA0000 00010000 05000001 00000000 00080000 00000103 000103
[2025-05-09 19:04:01.715] [0m[0;34mAPP     :INFO :No User to r or w | SystemStatus = 0
[2025-05-09 19:04:01.717] [0m
[2025-05-09 19:04:01.960] [0;32mTMLUWB  :RX < :RECV                :62000023 CFE90100 01000000 00FA0000 00010000 05000001 00000000 00080000 00000103 000103
[2025-05-09 19:04:01.963] [0m[0;34mAPP     :INFO :No User to r or w | SystemStatus = 0
[2025-05-09 19:04:01.966] [0m
[2025-05-09 19:04:02.218] [0;32mTMLUWB  :RX < :RECV                :62000023 D0E90100 01000000 00FA0000 00010000 05000001 00000000 00080000 00000103 000103
[2025-05-09 19:04:02.221] [0m[0;34mAPP     :INFO :No User to r or w | SystemStatus = 0
[2025-05-09 19:04:02.225] [0m
[2025-05-09 19:04:02.466] [0;32mTMLUWB  :RX < :RECV                :62000023 D1E90100 01000000 00FA0000 00010000 05000001 00000000 00080000 00000103 000103
[2025-05-09 19:04:02.469] [0m[0;34mAPP     :INFO :No User to r or w | SystemStatus = 0
[2025-05-09 19:04:02.471] [0m
[2025-05-09 19:04:02.712] [0;32mTMLUWB  :RX < :RECV                :62000023 D2E90100 01000000 00FA0000 00010000 05000001 00000000 00080000 00000103 000103
[2025-05-09 19:04:02.715] [0m[0;34mAPP     :INFO :No User to r or w | SystemStatus = 0
[2025-05-09 19:04:02.717] [0m
[2025-05-09 19:04:02.959] [0;32mTMLUWB  :RX < :RECV                :62000023 D3E90100 01000000 00FA0000 00010000 05000001 00000000 00080000 00000103 000103
[2025-05-09 19:04:02.963] [0m[0;34mAPP     :INFO :No User to r or w | SystemStatus = 0
[2025-05-09 19:04:02.965] [0m
[2025-05-09 19:04:03.217] [0;32mTMLUWB  :RX < :RECV                :62000023 D4E90100 01000000 00FA0000 00010000 05000001 00000000 00080000 00000103 000103
[2025-05-09 19:04:03.220] [0m[0;34mAPP     :INFO :No User to r or w | SystemStatus = 0
[2025-05-09 19:04:03.222] [0m
[2025-05-09 19:04:03.464] [0;32mTMLUWB  :RX < :RECV                :62000023 D5E90100 01000000 00FA0000 00010000 05000001 00000000 00080000 00000103 000103
[2025-05-09 19:04:03.467] [0m[0;34mAPP     :INFO :No User to r or w | SystemStatus = 0
[2025-05-09 19:04:03.468] [0m
[2025-05-09 19:04:03.709] [0;32mTMLUWB  :RX < :RECV                :62000023 D6E90100 01000000 00FA0000 00010000 05000001 00000000 00080000 00000103 000103
[2025-05-09 19:04:03.712] [0m[0;34mAPP     :INFO :No User to r or w | SystemStatus = 0
[2025-05-09 19:04:03.714] [0m
[2025-05-09 19:04:03.965] [0;32mTMLUWB  :RX < :RECV                :62000023 D7E90100 01000000 00FA0000 00010000 05000001 00000000 00080000 00000103 000103
[2025-05-09 19:04:03.968] [0m[0;34mAPP     :INFO :No User to r or w | SystemStatus = 0
[2025-05-09 19:04:03.970] [0m
[2025-05-09 19:04:04.211] [0;32mTMLUWB  :RX < :RECV                :62000023 D8E90100 01000000 00FA0000 00010000 05000001 00000000 00080000 00000103 000103
[2025-05-09 19:04:04.213] [0m[0;34mAPP     :INFO :No User to r or w | SystemStatus = 0
[2025-05-09 19:04:04.217] [0m
[2025-05-09 19:04:04.469] [0;32mTMLUWB  :RX < :RECV                :62000023 D9E90100 01000000 00FA0000 00010000 05000001 00000000 00080000 00000103 000103
[2025-05-09 19:04:04.471] [0m[0;34mAPP     :INFO :No User to r or w | SystemStatus = 0
[2025-05-09 19:04:04.474] [0m
[2025-05-09 19:04:04.717] [0;32mTMLUWB  :RX < :RECV                :62000023 DAE90100 01000000 00FA0000 00010000 05000001 00000000 00080000 00000103 000103
[2025-05-09 19:04:04.721] [0m[0;34mAPP     :INFO :No User to r or w | SystemStatus = 0
[2025-05-09 19:04:04.723] [0m
[2025-05-09 19:04:04.965] [0;32mTMLUWB  :RX < :RECV                :62000023 DBE90100 01000000 00FA0000 00010000 05000001 00000000 00080000 00000103 000103
[2025-05-09 19:04:04.968] [0m[0;34mAPP     :INFO :No User to r or w | SystemStatus = 0
[2025-05-09 19:04:04.970] [0m
[2025-05-09 19:04:05.212] [0;32mTMLUWB  :RX < :RECV                :62000023 DCE90100 01000000 00FA0000 00010000 05000001 00000000 00080000 00000103 000103
[2025-05-09 19:04:05.215] [0m[0;34mAPP     :INFO :No User to r or w | SystemStatus = 0
[2025-05-09 19:04:05.218] [0m
[2025-05-09 19:04:05.467] [0;32mTMLUWB  :RX < :RECV                :62000023 DDE90100 01000000 00FA0000 00010000 05000001 00000000 00080000 00000103 000103
[2025-05-09 19:04:05.473] [0m[0;34mAPP     :INFO :No User to r or w | SystemStatus = 0
[2025-05-09 19:04:05.475] [0m
[2025-05-09 19:04:05.718] [0;32mTMLUWB  :RX < :RECV                :62000023 DEE90100 01000000 00FA0000 00010000 05000001 00000000 00080000 00000103 000103
[2025-05-09 19:04:05.722] [0m[0;34mAPP     :INFO :No User to r or w | SystemStatus = 0
[2025-05-09 19:04:05.724] [0m
[2025-05-09 19:04:05.963] [0;32mTMLUWB  :RX < :RECV                :62000023 DFE90100 01000000 00FA0000 00010000 05000001 00000000 00080000 00000103 000103
[2025-05-09 19:04:05.966] [0m[0;34mAPP     :INFO :No User to r or w | SystemStatus = 0
[2025-05-09 19:04:05.968] [0m
[2025-05-09 19:04:06.210] [0;32mTMLUWB  :RX < :RECV                :62000023 E0E90100 01000000 00FA0000 00010000 05000001 00000000 00080000 00000103 000103
[2025-05-09 19:04:06.213] [0m[0;34mAPP     :INFO :No User to r or w | SystemStatus = 0
[2025-05-09 19:04:06.215] [0m
[2025-05-09 19:04:06.467] [0;32mTMLUWB  :RX < :RECV                :62000023 E1E90100 01000000 00FA0000 00010000 05000001 00000000 00080000 00000103 000103
[2025-05-09 19:04:06.471] [0m[0;34mAPP     :INFO :No User to r or w | SystemStatus = 0
[2025-05-09 19:04:06.474] [0m
[2025-05-09 19:04:06.713] [0;32mTMLUWB  :RX < :RECV                :62000023 E2E90100 01000000 00FA0000 00010000 05000001 00000000 00080000 00000103 000103
[2025-05-09 19:04:06.716] [0m[0;34mAPP     :INFO :No User to r or w | SystemStatus = 0
[2025-05-09 19:04:06.718] [0m
[2025-05-09 19:04:06.959] [0;32mTMLUWB  :RX < :RECV                :62000023 E3E90100 01000000 00FA0000 00010000 05000001 00000000 00080000 00000103 000103
[2025-05-09 19:04:06.963] [0m[0;34mAPP     :INFO :No User to r or w | SystemStatus = 0
[2025-05-09 19:04:06.966] [0m
[2025-05-09 19:04:07.216] [0;32mTMLUWB  :RX < :RECV                :62000023 E4E90100 01000000 00FA0000 00010000 05000001 00000000 00080000 00000103 000103
[2025-05-09 19:04:07.219] [0m[0;34mAPP     :INFO :No User to r or w | SystemStatus = 0
[2025-05-09 19:04:07.221] [0m
[2025-05-09 19:04:07.463] [0;32mTMLUWB  :RX < :RECV                :62000023 E5E90100 01000000 00FA0000 00010000 05000001 00000000 00080000 00000103 000103
[2025-05-09 19:04:07.467] [0m[0;34mAPP     :INFO :No User to r or w | SystemStatus = 0
[2025-05-09 19:04:07.471] [0m
[2025-05-09 19:04:07.711] [0;32mTMLUWB  :RX < :RECV                :62000023 E6E90100 01000000 00FA0000 00010000 05000001 00000000 00080000 00000103 000103
[2025-05-09 19:04:07.715] [0m[0;34mAPP     :INFO :No User to r or w | SystemStatus = 0
[2025-05-09 19:04:07.718] [0m
[2025-05-09 19:04:07.959] [0;32mTMLUWB  :RX < :RECV                :62000023 E7E90100 01000000 00FA0000 00010000 05000001 00000000 00080000 00000103 000103
[2025-05-09 19:04:07.963] [0m[0;34mAPP     :INFO :No User to r or w | SystemStatus = 0
[2025-05-09 19:04:07.966] [0m
[2025-05-09 19:04:08.217] [0;32mTMLUWB  :RX < :RECV                :62000023 E8E90100 01000000 00FA0000 00010000 05000001 00000000 00080000 00000103 000103
[2025-05-09 19:04:08.221] [0m[0;34mAPP     :INFO :No User to r or w | SystemStatus = 0
[2025-05-09 19:04:08.224] [0m
[2025-05-09 19:04:08.464] [0;32mTMLUWB  :RX < :RECV                :62000023 E9E90100 01000000 00FA0000 00010000 05000001 00000000 00080000 00000103 000103
[2025-05-09 19:04:08.467] [0m[0;34mAPP     :INFO :No User to r or w | SystemStatus = 0
[2025-05-09 19:04:08.468] [0m
[2025-05-09 19:04:08.711] [0;32mTMLUWB  :RX < :RECV                :62000023 EAE90100 01000000 00FA0000 00010000 05000001 00000000 00080000 00000103 000103
[2025-05-09 19:04:08.715] [0m[0;34mAPP     :INFO :No User to r or w | SystemStatus = 0
[2025-05-09 19:04:08.716] [0m
[2025-05-09 19:04:08.966] [0;32mTMLUWB  :RX < :RECV                :62000023 EBE90100 01000000 00FA0000 00010000 05000001 00000000 00080000 00000103 000103
[2025-05-09 19:04:08.970] [0m[0;34mAPP     :INFO :No User to r or w | SystemStatus = 0
[2025-05-09 19:04:08.972] [0m
[2025-05-09 19:04:09.212] [0;32mTMLUWB  :RX < :RECV                :62000023 ECE90100 01000000 00FA0000 00010000 05000001 00000000 00080000 00000103 000103
[2025-05-09 19:04:09.215] [0m[0;34mAPP     :INFO :No User to r or w | SystemStatus = 0
[2025-05-09 19:04:09.218] [0m
[2025-05-09 19:04:09.469] [0;32mTMLUWB  :RX < :RECV                :62000023 EDE90100 01000000 00FA0000 00010000 05000001 00000000 00080000 00000103 000103
[2025-05-09 19:04:09.471] [0m[0;34mAPP     :INFO :No User to r or w | SystemStatus = 0
[2025-05-09 19:04:09.473] [0m
[2025-05-09 19:04:09.717] [0;32mTMLUWB  :RX < :RECV                :62000023 EEE90100 01000000 00FA0000 00010000 05000001 00000000 00080000 00000103 000103
[2025-05-09 19:04:09.719] [0m[0;34mAPP     :INFO :No User to r or w | SystemStatus = 0
[2025-05-09 19:04:09.721] [0m
[2025-05-09 19:04:09.964] [0;32mTMLUWB  :RX < :RECV                :62000023 EFE90100 01000000 00FA0000 00010000 05000001 00000000 00080000 00000103 000103
[2025-05-09 19:04:09.967] [0m[0;34mAPP     :INFO :No User to r or w | SystemStatus = 0
[2025-05-09 19:04:09.969] [0m
[2025-05-09 19:04:10.211] [0;32mTMLUWB  :RX < :RECV                :62000023 F0E90100 01000000 00FA0000 00010000 05000001 00000000 00080000 00000103 000103
[2025-05-09 19:04:10.214] [0m[0;34mAPP     :INFO :No User to r or w | SystemStatus = 0
[2025-05-09 19:04:10.217] [0m
[2025-05-09 19:04:10.468] [0;32mTMLUWB  :RX < :RECV                :62000023 F1E90100 01000000 00FA0000 00010000 05000001 00000000 00080000 00000103 000103
[2025-05-09 19:04:10.470] [0m[0;34mAPP     :INFO :No User to r or w | SystemStatus = 0
[2025-05-09 19:04:10.472] [0m
