[2025-05-20 17:32:57.591] [0;32mTMLUWB  :RX < :RECV                :62000023 3F9D0100 01000000 00FA0000 00010000 05000001 00000000 00080000 00000103 000103
[2025-05-20 17:32:57.591] [0m[0;34mAPP     :INFO :No User to r or w | SystemStatus = 0
[2025-05-20 17:32:57.591] [0m
[2025-05-20 17:32:57.844] [0;32mTMLUWB  :RX < :RECV                :62000023 409D0100 01000000 00FA0000 00010000 05000001 00000000 00080000 00000103 000103
[2025-05-20 17:32:57.844] [0m[0;34mAPP     :INFO :No User to r or w | SystemStatus = 0
[2025-05-20 17:32:57.844] [0m
[2025-05-20 17:32:58.091] [0;32mTMLUWB  :RX < :RECV                :62000023 419D0100 01000000 00FA0000 00010000 05000001 00000000 00080000 00000103 000103
[2025-05-20 17:32:58.091] [0m[0;34mAPP     :INFO :No User to r or w | SystemStatus = 0
[2025-05-20 17:32:58.091] [0m
[2025-05-20 17:32:58.338] [0;32mTMLUWB  :RX < :RECV                :62000023 429D0100 01000000 00FA0000 00010000 05000001 00000000 00080000 00000103 000103
[2025-05-20 17:32:58.338] [0m[0;34mAPP     :INFO :No User to r or w | SystemStatus = 0
[2025-05-20 17:32:58.338] [0m
[2025-05-20 17:32:58.591] [0;32mTMLUWB  :RX < :RECV                :62000023 439D0100 01000000 00FA0000 00010000 05000001 00000000 00080000 00000103 000103
[2025-05-20 17:32:58.591] [0m[0;34mAPP     :INFO :No User to r or w | SystemStatus = 0
[2025-05-20 17:32:58.591] [0m
[2025-05-20 17:32:58.840] [0;32mTMLUWB  :RX < :RECV                :62000023 449D0100 01000000 00FA0000 00010000 05000001 00000000 00080000 00000103 000103
[2025-05-20 17:32:58.840] [0m[0;34mAPP     :INFO :No User to r or w | SystemStatus = 0
[2025-05-20 17:32:58.840] [0m
[2025-05-20 17:32:59.088] [0;32mTMLUWB  :RX < :RECV                :62000023 459D0100 01000000 00FA0000 00010000 05000001 00000000 00080000 00000103 000103
[2025-05-20 17:32:59.088] [0m[0;34mAPP     :INFO :No User to r or w | SystemStatus = 0
[2025-05-20 17:32:59.088] [0m
[2025-05-20 17:32:59.344] [0;32mTMLUWB  :RX < :RECV                :62000023 469D0100 01000000 00FA0000 00010000 05000001 00000000 00080000 00000103 000103
[2025-05-20 17:32:59.344] [0m[0;34mAPP     :INFO :No User to r or w | SystemStatus = 0
[2025-05-20 17:32:59.344] [0m
[2025-05-20 17:32:59.591] [0;32mTMLUWB  :RX < :RECV                :62000023 479D0100 01000000 00FA0000 00010000 05000001 00000000 00080000 00000103 000103
[2025-05-20 17:32:59.591] [0m[0;34mAPP     :INFO :No User to r or w | SystemStatus = 0
[2025-05-20 17:32:59.591] [0m
[2025-05-20 17:32:59.841] [0;32mTMLUWB  :RX < :RECV                :62000023 489D0100 01000000 00FA0000 00010000 05000001 00000000 00080000 00000103 000103
[2025-05-20 17:32:59.841] [0m[0;34mAPP     :INFO :No User to r or w | SystemStatus = 0
[2025-05-20 17:32:59.841] [0m
[2025-05-20 17:33:00.093] [0;32mTMLUWB  :RX < :RECV                :62000023 499D0100 01000000 00FA0000 00010000 05000001 00000000 00080000 00000103 000103
[2025-05-20 17:33:00.094] [0m[0;34mAPP     :INFO :No User to r or w | SystemStatus = 0
[2025-05-20 17:33:00.094] [0m
[2025-05-20 17:33:00.342] [0;32mTMLUWB  :RX < :RECV                :62000023 4A9D0100 01000000 00FA0000 00010000 05000001 00000000 00080000 00000103 000103
[2025-05-20 17:33:00.342] [0m[0;34mAPP     :INFO :No User to r or w | SystemStatus = 0
[2025-05-20 17:33:00.342] [0m
[2025-05-20 17:33:00.590] [0;32mTMLUWB  :RX < :RECV                :62000023 4B9D0100 01000000 00FA0000 00010000 05000001 00000000 00080000 00000103 000103
[2025-05-20 17:33:00.590] [0m[0;34mAPP     :INFO :No User to r or w | SystemStatus = 0
[2025-05-20 17:33:00.590] [0m
[2025-05-20 17:33:00.862] [0;32mTMLUWB  :RX < :RECV                :62000023 4C9D0100 01000000 00FA0000 00010000 05000001 00000000 00080000 00000103 000103
[2025-05-20 17:33:00.862] [0m[0;34mAPP     :INFO :No User to r or w | SystemStatus = 0
[2025-05-20 17:33:00.862] [0m
[2025-05-20 17:33:01.086] [0;32mTMLUWB  :RX < :RECV                :62000023 4D9D0100 01000000 00FA0000 00010000 05000001 00000000 00080000 00000103 000103
[2025-05-20 17:33:01.086] [0m[0;34mAPP     :INFO :No User to r or w | SystemStatus = 0
[2025-05-20 17:33:01.087] [0m
[2025-05-20 17:33:01.343] [0;32mTMLUWB  :RX < :RECV                :62000023 4E9D0100 01000000 00FA0000 00010000 05000001 00000000 00080000 00000103 000103
[2025-05-20 17:33:01.343] [0m[0;34mAPP     :INFO :No User to r or w | SystemStatus = 0
[2025-05-20 17:33:01.343] [0m
[2025-05-20 17:33:01.591] [0;32mTMLUWB  :RX < :RECV                :62000023 4F9D0100 01000000 00FA0000 00010000 05000001 00000000 00080000 00000103 000103
[2025-05-20 17:33:01.591] [0m[0;34mAPP     :INFO :No User to r or w | SystemStatus = 0
[2025-05-20 17:33:01.592] [0m
[2025-05-20 17:33:01.834] [0;32mTMLUWB  :RX < :RECV                :62000023 509D0100 01000000 00FA0000 00010000 05000001 00000000 00080000 00000103 000103
[2025-05-20 17:33:01.834] [0m[0;34mAPP     :INFO :No User to r or w | SystemStatus = 0
[2025-05-20 17:33:01.834] [0m
[2025-05-20 17:33:02.087] [0;32mTMLUWB  :RX < :RECV                :62000023 519D0100 01000000 00FA0000 00010000 05000001 00000000 00080000 00000103 000103
[2025-05-20 17:33:02.088] [0m[0;34mAPP     :INFO :No User to r or w | SystemStatus = 0
[2025-05-20 17:33:02.088] [0m
[2025-05-20 17:33:02.341] [0;32mTMLUWB  :RX < :RECV                :62000023 529D0100 01000000 00FA0000 00010000 05000001 00000000 00080000 00000103 000103
[2025-05-20 17:33:02.341] [0m[0;34mAPP     :INFO :No User to r or w | SystemStatus = 0
[2025-05-20 17:33:02.341] [0m
[2025-05-20 17:33:02.593] [0;32mTMLUWB  :RX < :RECV                :62000023 539D0100 01000000 00FA0000 00010000 05000001 00000000 00080000 00000103 000103
[2025-05-20 17:33:02.593] [0m[0;34mAPP     :INFO :No User to r or w | SystemStatus = 0
[2025-05-20 17:33:02.594] [0m
[2025-05-20 17:33:02.841] [0;32mTMLUWB  :RX < :RECV                :62000023 549D0100 01000000 00FA0000 00010000 05000001 00000000 00080000 00000103 000103
[2025-05-20 17:33:02.841] [0m[0;34mAPP     :INFO :No User to r or w | SystemStatus = 0
[2025-05-20 17:33:02.841] [0m
[2025-05-20 17:33:03.090] [0;32mTMLUWB  :RX < :RECV                :62000023 559D0100 01000000 00FA0000 00010000 05000001 00000000 00080000 00000103 000103
[2025-05-20 17:33:03.090] [0m[0;34mAPP     :INFO :No User to r or w | SystemStatus = 0
[2025-05-20 17:33:03.090] [0m
[2025-05-20 17:33:03.337] [0;32mTMLUWB  :RX < :RECV                :62000023 569D0100 01000000 00FA0000 00010000 05000001 00000000 00080000 00000103 000103
[2025-05-20 17:33:03.338] [0m[0;34mAPP     :INFO :No User to r or w | SystemStatus = 0
[2025-05-20 17:33:03.338] [0m
[2025-05-20 17:33:03.593] [0;32mTMLUWB  :RX < :RECV                :62000023 579D0100 01000000 00FA0000 00010000 05000001 00000000 00080000 00000103 000103
[2025-05-20 17:33:03.594] [0m[0;34mAPP     :INFO :No User to r or w | SystemStatus = 0
[2025-05-20 17:33:03.594] [0m
[2025-05-20 17:33:03.838] [0;32mTMLUWB  :RX < :RECV                :62000023 589D0100 01000000 00FA0000 00010000 05000001 00000000 00080000 00000103 000103
[2025-05-20 17:33:03.838] [0m[0;34mAPP     :INFO :No User to r or w | SystemStatus = 0
[2025-05-20 17:33:03.838] [0m
[2025-05-20 17:33:04.086] [0;32mTMLUWB  :RX < :RECV                :62000023 599D0100 01000000 00FA0000 00010000 05000001 00000000 00080000 00000103 000103
[2025-05-20 17:33:04.086] [0m[0;34mAPP     :INFO :No User to r or w | SystemStatus = 0
[2025-05-20 17:33:04.086] [0m
[2025-05-20 17:33:04.342] [0;32mTMLUWB  :RX < :RECV                :62000023 5A9D0100 01000000 00FA0000 00010000 05000001 00000000 00080000 00000103 000103
[2025-05-20 17:33:04.342] [0m[0;34mAPP     :INFO :No User to r or w | SystemStatus = 0
[2025-05-20 17:33:04.342] [0m
[2025-05-20 17:33:04.594] [0;32mTMLUWB  :RX < :RECV                :62000023 5B9D0100 01000000 00FA0000 00010000 05000001 00000000 00080000 00000103 000103
[2025-05-20 17:33:04.594] [0m[0;34mAPP     :INFO :No User to r or w | SystemStatus = 0
[2025-05-20 17:33:04.594] [0m
[2025-05-20 17:33:04.844] [0;32mTMLUWB  :RX < :RECV                :62000023 5C9D0100 01000000 00FA0000 00010000 05000001 00000000 00080000 00000103 000103
[2025-05-20 17:33:04.844] [0m[0;34mAPP     :INFO :No User to r or w | SystemStatus = 0
[2025-05-20 17:33:04.844] [0m
[2025-05-20 17:33:05.091] [0;32mTMLUWB  :RX < :RECV                :62000023 5D9D0100 01000000 00FA0000 00010000 05000001 00000000 00080000 00000103 000103
[2025-05-20 17:33:05.091] [0m[0;34mAPP     :INFO :No User to r or w | SystemStatus = 0
[2025-05-20 17:33:05.091] [0m
[2025-05-20 17:33:05.342] [0;32mTMLUWB  :RX < :RECV                :62000023 5E9D0100 01000000 00FA0000 00010000 05000001 00000000 00080000 00000103 000103
[2025-05-20 17:33:05.342] [0m[0;34mAPP     :INFO :No User to r or w | SystemStatus = 0
[2025-05-20 17:33:05.342] [0m
[2025-05-20 17:33:05.591] [0;32mTMLUWB  :RX < :RECV                :62000023 5F9D0100 01000000 00FA0000 00010000 05000001 00000000 00080000 00000103 000103
[2025-05-20 17:33:05.591] [0m[0;34mAPP     :INFO :No User to r or w | SystemStatus = 0
[2025-05-20 17:33:05.591] [0m
[2025-05-20 17:33:05.841] [0;32mTMLUWB  :RX < :RECV                :62000023 609D0100 01000000 00FA0000 00010000 05000001 00000000 00080000 00000103 000103
[2025-05-20 17:33:05.841] [0m[0;34mAPP     :INFO :No User to r or w | SystemStatus = 0
[2025-05-20 17:33:05.841] [0m
[2025-05-20 17:33:06.090] [0;32mTMLUWB  :RX < :RECV                :62000023 619D0100 01000000 00FA0000 00010000 05000001 00000000 00080000 00000103 000103
[2025-05-20 17:33:06.090] [0m[0;34mAPP     :INFO :No User to r or w | SystemStatus = 0
[2025-05-20 17:33:06.090] [0m
[2025-05-20 17:33:06.342] [0;32mTMLUWB  :RX < :RECV                :62000023 629D0100 01000000 00FA0000 00010000 05000001 00000000 00080000 00000103 000103
[2025-05-20 17:33:06.342] [0m[0;34mAPP     :INFO :No User to r or w | SystemStatus = 0
[2025-05-20 17:33:06.342] [0m
[2025-05-20 17:33:06.589] [0;32mTMLUWB  :RX < :RECV                :62000023 639D0100 01000000 00FA0000 00010000 05000001 00000000 00080000 00000103 000103
[2025-05-20 17:33:06.589] [0m[0;34mAPP     :INFO :No User to r or w | SystemStatus = 0
[2025-05-20 17:33:06.589] [0m
[2025-05-20 17:33:06.839] [0;32mTMLUWB  :RX < :RECV                :62000023 649D0100 01000000 00FA0000 00010000 05000001 00000000 00080000 00000103 000103
[2025-05-20 17:33:06.839] [0m[0;34mAPP     :INFO :No User to r or w | SystemStatus = 0
[2025-05-20 17:33:06.839] [0m
[2025-05-20 17:33:07.088] [0;32mTMLUWB  :RX < :RECV                :62000023 659D0100 01000000 00FA0000 00010000 05000001 00000000 00080000 00000103 000103
[2025-05-20 17:33:07.088] [0m[0;34mAPP     :INFO :No User to r or w | SystemStatus = 0
[2025-05-20 17:33:07.089] [0m
[2025-05-20 17:33:07.337] [0;32mTMLUWB  :RX < :RECV                :62000023 669D0100 01000000 00FA0000 00010000 05000001 00000000 00080000 00000103 000103
[2025-05-20 17:33:07.337] [0m[0;34mAPP     :INFO :No User to r or w | SystemStatus = 0
[2025-05-20 17:33:07.337] [0m
[2025-05-20 17:33:07.587] [0;32mTMLUWB  :RX < :RECV                :62000023 679D0100 01000000 00FA0000 00010000 05000001 00000000 00080000 00000103 000103
[2025-05-20 17:33:07.587] [0m[0;34mAPP     :INFO :No User to r or w | SystemStatus = 0
[2025-05-20 17:33:07.587] [0m
[2025-05-20 17:33:07.838] [0;32mTMLUWB  :RX < :RECV                :62000023 689D0100 01000000 00FA0000 00010000 05000001 00000000 00080000 00000103 000103
[2025-05-20 17:33:07.838] [0m[0;34mAPP     :INFO :No User to r or w | SystemStatus = 0
[2025-05-20 17:33:07.838] [0m
[2025-05-20 17:33:08.087] [0;32mTMLUWB  :RX < :RECV                :62000023 699D0100 01000000 00FA0000 00010000 05000001 00000000 00080000 00000103 000103
[2025-05-20 17:33:08.087] [0m[0;34mAPP     :INFO :No User to r or w | SystemStatus = 0
[2025-05-20 17:33:08.087] [0m
[2025-05-20 17:33:08.336] [0;32mTMLUWB  :RX < :RECV                :62000023 6A9D0100 01000000 00FA0000 00010000 05000001 00000000 00080000 00000103 000103
[2025-05-20 17:33:08.337] [0m[0;34mAPP     :INFO :No User to r or w | SystemStatus = 0
[2025-05-20 17:33:08.337] [0m
[2025-05-20 17:33:08.585] [0;32mTMLUWB  :RX < :RECV                :62000023 6B9D0100 01000000 00FA0000 00010000 05000001 00000000 00080000 00000103 000103
[2025-05-20 17:33:08.585] [0m[0;34mAPP     :INFO :No User to r or w | SystemStatus = 0
[2025-05-20 17:33:08.585] [0m
[2025-05-20 17:33:08.837] [0;32mTMLUWB  :RX < :RECV                :62000023 6C9D0100 01000000 00FA0000 00010000 05000001 00000000 00080000 00000103 000103
[2025-05-20 17:33:08.837] [0m[0;34mAPP     :INFO :No User to r or w | SystemStatus = 0
[2025-05-20 17:33:08.837] [0m
[2025-05-20 17:33:09.085] [0;32mTMLUWB  :RX < :RECV                :62000023 6D9D0100 01000000 00FA0000 00010000 05000001 00000000 00080000 00000103 000103
[2025-05-20 17:33:09.085] [0m[0;34mAPP     :INFO :No User to r or w | SystemStatus = 0
[2025-05-20 17:33:09.085] [0m
[2025-05-20 17:33:09.345] [0;32mTMLUWB  :RX < :RECV                :62000023 6E9D0100 01000000 00FA0000 00010000 05000001 00000000 00080000 00000103 000103
[2025-05-20 17:33:09.345] [0m[0;34mAPP     :INFO :No User to r or w | SystemStatus = 0
[2025-05-20 17:33:09.345] [0m
[2025-05-20 17:33:09.588] [0;32mTMLUWB  :RX < :RECV                :62000023 6F9D0100 01000000 00FA0000 00010000 05000001 00000000 00080000 00000103 000103
[2025-05-20 17:33:09.589] [0m[0;34mAPP     :INFO :No User to r or w | SystemStatus = 0
[2025-05-20 17:33:09.589] [0m
[2025-05-20 17:33:09.845] [0;32mTMLUWB  :RX < :RECV                :62000023 709D0100 01000000 00FA0000 00010000 05000001 00000000 00080000 00000103 000103
[2025-05-20 17:33:09.846] [0m[0;34mAPP     :INFO :No User to r or w | SystemStatus = 0
[2025-05-20 17:33:09.846] [0m
[2025-05-20 17:33:10.092] [0;32mTMLUWB  :RX < :RECV                :62000023 719D0100 01000000 00FA0000 00010000 05000001 00000000 00080000 00000103 000103
[2025-05-20 17:33:10.094] [0m[0;34mAPP     :INFO :No User to r or w | SystemStatus = 0
[2025-05-20 17:33:10.094] [0m
[2025-05-20 17:33:10.338] [0;32mTMLUWB  :RX < :RECV                :62000023 729D0100 01000000 00FA0000 00010000 05000001 00000000 00080000 00000103 000103
[2025-05-20 17:33:10.338] [0m[0;34mAPP     :INFO :No User to r or w | SystemStatus = 0
[2025-05-20 17:33:10.338] [0m
[2025-05-20 17:33:10.622] [0;32mTMLUWB  :RX < :RECV                :62000023 739D0100 01000000 00FA0000 00010000 05000001 00000000 00080000 00000103 000103
[2025-05-20 17:33:10.622] [0m[0;34mAPP     :INFO :No User to r or w | SystemStatus = 0
[2025-05-20 17:33:10.624] [0m
[2025-05-20 17:33:10.837] [0;32mTMLUWB  :RX < :RECV                :62000023 749D0100 01000000 00FA0000 00010000 05000001 00000000 00080000 00000103 000103
[2025-05-20 17:33:10.837] [0m[0;34mAPP     :INFO :No User to r or w | SystemStatus = 0
[2025-05-20 17:33:10.837] [0m
[2025-05-20 17:33:11.093] [0;32mTMLUWB  :RX < :RECV                :62000023 759D0100 01000000 00FA0000 00010000 05000001 00000000 00080000 00000103 000103
[2025-05-20 17:33:11.093] [0m[0;34mAPP     :INFO :No User to r or w | SystemStatus = 0
[2025-05-20 17:33:11.093] [0m
[2025-05-20 17:33:11.343] [0;32mTMLUWB  :RX < :RECV                :62000023 769D0100 01000000 00FA0000 00010000 05000001 00000000 00080000 00000103 000103
[2025-05-20 17:33:11.343] [0m[0;34mAPP     :INFO :No User to r or w | SystemStatus = 0
[2025-05-20 17:33:11.343] [0m
[2025-05-20 17:33:11.594] [0;32mTMLUWB  :RX < :RECV                :62000023 779D0100 01000000 00FA0000 00010000 05000001 00000000 00080000 00000103 000103
[2025-05-20 17:33:11.594] [0m[0;34mAPP     :INFO :No User to r or w | SystemStatus = 0
[2025-05-20 17:33:11.594] [0m
[2025-05-20 17:33:11.842] [0;32mTMLUWB  :RX < :RECV                :62000023 789D0100 01000000 00FA0000 00010000 05000001 00000000 00080000 00000103 000103
[2025-05-20 17:33:11.842] [0m[0;34mAPP     :INFO :No User to r or w | SystemStatus = 0
[2025-05-20 17:33:11.842] [0m
[2025-05-20 17:33:12.091] [0;32mTMLUWB  :RX < :RECV                :62000023 799D0100 01000000 00FA0000 00010000 05000001 00000000 00080000 00000103 000103
[2025-05-20 17:33:12.091] [0m[0;34mAPP     :INFO :No User to r or w | SystemStatus = 0
[2025-05-20 17:33:12.091] [0m
[2025-05-20 17:33:12.344] [0;32mTMLUWB  :RX < :RECV                :62000023 7A9D0100 01000000 00FA0000 00010000 05000001 00000000 00080000 00000103 000103
[2025-05-20 17:33:12.344] [0m[0;34mAPP     :INFO :No User to r or w | SystemStatus = 0
[2025-05-20 17:33:12.344] [0m
[2025-05-20 17:33:12.602] [0;32mTMLUWB  :RX < :RECV                :62000023 7B9D0100 01000000 00FA0000 00010000 05000001 00000000 00080000 00000103 000103
[2025-05-20 17:33:12.602] [0m[0;34mAPP     :INFO :No User to r or w | SystemStatus = 0
[2025-05-20 17:33:12.603] [0m
[2025-05-20 17:33:12.842] [0;32mTMLUWB  :RX < :RECV                :62000023 7C9D0100 01000000 00FA0000 00010000 05000001 00000000 00080000 00000103 000103
[2025-05-20 17:33:12.843] [0m[0;34mAPP     :INFO :No User to r or w | SystemStatus = 0
[2025-05-20 17:33:12.843] [0m
[2025-05-20 17:33:13.093] [0;32mTMLUWB  :RX < :RECV                :62000023 7D9D0100 01000000 00FA0000 00010000 05000001 00000000 00080000 00000103 000103
[2025-05-20 17:33:13.093] [0m[0;34mAPP     :INFO :No User to r or w | SystemStatus = 0
[2025-05-20 17:33:13.093] [0m
[2025-05-20 17:33:13.336] [0;32mTMLUWB  :RX < :RECV                :62000023 7E9D0100 01000000 00FA0000 00010000 05000001 00000000 00080000 00000103 000103
[2025-05-20 17:33:13.336] [0m[0;34mAPP     :INFO :No User to r or w | SystemStatus = 0
[2025-05-20 17:33:13.336] [0m
[2025-05-20 17:33:13.589] [0;32mTMLUWB  :RX < :RECV                :62000023 7F9D0100 01000000 00FA0000 00010000 05000001 00000000 00080000 00000103 000103
[2025-05-20 17:33:13.589] [0m[0;34mAPP     :INFO :No User to r or w | SystemStatus = 0
[2025-05-20 17:33:13.589] [0m
[2025-05-20 17:33:13.839] [0;32mTMLUWB  :RX < :RECV                :62000023 809D0100 01000000 00FA0000 00010000 05000001 00000000 00080000 00000103 000103
[2025-05-20 17:33:13.839] [0m[0;34mAPP     :INFO :No User to r or w | SystemStatus = 0
[2025-05-20 17:33:13.839] [0m
[2025-05-20 17:33:14.088] [0;32mTMLUWB  :RX < :RECV                :62000023 819D0100 01000000 00FA0000 00010000 05000001 00000000 00080000 00000103 000103
[2025-05-20 17:33:14.088] [0m[0;34mAPP     :INFO :No User to r or w | SystemStatus = 0
[2025-05-20 17:33:14.088] [0m
[2025-05-20 17:33:14.340] [0;32mTMLUWB  :RX < :RECV                :62000023 829D0100 01000000 00FA0000 00010000 05000001 00000000 00080000 00000103 000103
[2025-05-20 17:33:14.340] [0m[0;34mAPP     :INFO :No User to r or w | SystemStatus = 0
[2025-05-20 17:33:14.341] [0m
[2025-05-20 17:33:14.587] [0;32mTMLUWB  :RX < :RECV                :62000023 839D0100 01000000 00FA0000 00010000 05000001 00000000 00080000 00000103 000103
[2025-05-20 17:33:14.587] [0m[0;34mAPP     :INFO :No User to r or w | SystemStatus = 0
[2025-05-20 17:33:14.587] [0m
[2025-05-20 17:33:14.836] [0;32mTMLUWB  :RX < :RECV                :62000023 849D0100 01000000 00FA0000 00010000 05000001 00000000 00080000 00000103 000103
[2025-05-20 17:33:14.837] [0m[0;34mAPP     :INFO :No User to r or w | SystemStatus = 0
[2025-05-20 17:33:14.837] [0m
[2025-05-20 17:33:15.086] [0;32mTMLUWB  :RX < :RECV                :62000023 859D0100 01000000 00FA0000 00010000 05000001 00000000 00080000 00000103 000103
[2025-05-20 17:33:15.086] [0m[0;34mAPP     :INFO :No User to r or w | SystemStatus = 0
[2025-05-20 17:33:15.086] [0m
[2025-05-20 17:33:15.336] [0;32mTMLUWB  :RX < :RECV                :62000023 869D0100 01000000 00FA0000 00010000 05000001 00000000 00080000 00000103 000103
[2025-05-20 17:33:15.336] [0m[0;34mAPP     :INFO :No User to r or w | SystemStatus = 0
[2025-05-20 17:33:15.336] [0m
[2025-05-20 17:33:15.592] [0;32mTMLUWB  :RX < :RECV                :62000023 879D0100 01000000 00FA0000 00010000 05000001 00000000 00080000 00000103 000103
[2025-05-20 17:33:15.592] [0m[0;34mAPP     :INFO :No User to r or w | SystemStatus = 0
[2025-05-20 17:33:15.592] [0m
[2025-05-20 17:33:15.843] [0;32mTMLUWB  :RX < :RECV                :62000023 889D0100 01000000 00FA0000 00010000 05000001 00000000 00080000 00000103 000103
[2025-05-20 17:33:15.843] [0m[0;34mAPP     :INFO :No User to r or w | SystemStatus = 0
[2025-05-20 17:33:15.843] [0m
[2025-05-20 17:33:16.091] [0;32mTMLUWB  :RX < :RECV                :62000023 899D0100 01000000 00FA0000 00010000 05000001 00000000 00080000 00000103 000103
[2025-05-20 17:33:16.091] [0m[0;34mAPP     :INFO :No User to r or w | SystemStatus = 0
[2025-05-20 17:33:16.091] [0m
[2025-05-20 17:33:16.341] [0;32mTMLUWB  :RX < :RECV                :62000023 8A9D0100 01000000 00FA0000 00010000 05000001 00000000 00080000 00000103 000103
[2025-05-20 17:33:16.341] [0m[0;34mAPP     :INFO :No User to r or w | SystemStatus = 0
[2025-05-20 17:33:16.341] [0m
[2025-05-20 17:33:16.591] [0;32mTMLUWB  :RX < :RECV                :62000023 8B9D0100 01000000 00FA0000 00010000 05000001 00000000 00080000 00000103 000103
[2025-05-20 17:33:16.591] [0m[0;34mAPP     :INFO :No User to r or w | SystemStatus = 0
[2025-05-20 17:33:16.591] [0m
[2025-05-20 17:33:16.839] [0;32mTMLUWB  :RX < :RECV                :62000023 8C9D0100 01000000 00FA0000 00010000 05000001 00000000 00080000 00000103 000103
[2025-05-20 17:33:16.839] [0m[0;34mAPP     :INFO :No User to r or w | SystemStatus = 0
[2025-05-20 17:33:16.839] [0m
[2025-05-20 17:33:17.086] [0;32mTMLUWB  :RX < :RECV                :62000023 8D9D0100 01000000 00FA0000 00010000 05000001 00000000 00080000 00000103 000103
[2025-05-20 17:33:17.086] [0m[0;34mAPP     :INFO :No User to r or w | SystemStatus = 0
[2025-05-20 17:33:17.086] [0m
[2025-05-20 17:33:17.335] [0;32mTMLUWB  :RX < :RECV                :62000023 8E9D0100 01000000 00FA0000 00010000 05000001 00000000 00080000 00000103 000103
[2025-05-20 17:33:17.335] [0m[0;34mAPP     :INFO :No User to r or w | SystemStatus = 0
[2025-05-20 17:33:17.335] [0m
[2025-05-20 17:33:17.595] [0;32mTMLUWB  :RX < :RECV                :62000023 8F9D0100 01000000 00FA0000 00010000 05000001 00000000 00080000 00000103 000103
[2025-05-20 17:33:17.596] [0m[0;34mAPP     :INFO :No User to r or w | SystemStatus = 0
[2025-05-20 17:33:17.596] [0m
[2025-05-20 17:33:17.839] [0;32mTMLUWB  :RX < :RECV                :62000023 909D0100 01000000 00FA0000 00010000 05000001 00000000 00080000 00000103 000103
[2025-05-20 17:33:17.839] [0m[0;34mAPP     :INFO :No User to r or w | SystemStatus = 0
[2025-05-20 17:33:17.839] [0m
[2025-05-20 17:33:18.089] [0;32mTMLUWB  :RX < :RECV                :62000023 919D0100 01000000 00FA0000 00010000 05000001 00000000 00080000 00000103 000103
[2025-05-20 17:33:18.089] [0m[0;34mAPP     :INFO :No User to r or w | SystemStatus = 0
[2025-05-20 17:33:18.090] [0m
[2025-05-20 17:33:18.340] [0;32mTMLUWB  :RX < :RECV                :62000023 929D0100 01000000 00FA0000 00010000 05000001 00000000 00080000 00000103 000103
[2025-05-20 17:33:18.340] [0m[0;34mAPP     :INFO :No User to r or w | SystemStatus = 0
[2025-05-20 17:33:18.341] [0m
[2025-05-20 17:33:18.590] [0;32mTMLUWB  :RX < :RECV                :62000023 939D0100 01000000 00FA0000 00010000 05000001 00000000 00080000 00000103 000103
[2025-05-20 17:33:18.590] [0m[0;34mAPP     :INFO :No User to r or w | SystemStatus = 0
[2025-05-20 17:33:18.590] [0m
[2025-05-20 17:33:18.840] [0;32mTMLUWB  :RX < :RECV                :62000023 949D0100 01000000 00FA0000 00010000 05000001 00000000 00080000 00000103 000103
[2025-05-20 17:33:18.840] [0m[0;34mAPP     :INFO :No User to r or w | SystemStatus = 0
[2025-05-20 17:33:18.840] [0m
[2025-05-20 17:33:19.087] [0;32mTMLUWB  :RX < :RECV                :62000023 959D0100 01000000 00FA0000 00010000 05000001 00000000 00080000 00000103 000103
[2025-05-20 17:33:19.087] [0m[0;34mAPP     :INFO :No User to r or w | SystemStatus = 0
[2025-05-20 17:33:19.087] [0m
[2025-05-20 17:33:19.343] [0;32mTMLUWB  :RX < :RECV                :62000023 969D0100 01000000 00FA0000 00010000 05000001 00000000 00080000 00000103 000103
[2025-05-20 17:33:19.343] [0m[0;34mAPP     :INFO :No User to r or w | SystemStatus = 0
[2025-05-20 17:33:19.343] [0m
[2025-05-20 17:33:19.596] [0;32mTMLUWB  :RX < :RECV                :62000023 979D0100 01000000 00FA0000 00010000 05000001 00000000 00080000 00000103 000103
[2025-05-20 17:33:19.597] [0m[0;34mAPP     :INFO :No User to r or w | SystemStatus = 0
[2025-05-20 17:33:19.597] [0m
[2025-05-20 17:33:19.852] [0;32mTMLUWB  :RX < :RECV                :62000023 989D0100 01000000 00FA0000 00010000 05000001 00000000 00080000 00000103 000103
[2025-05-20 17:33:19.852] [0m[0;34mAPP     :INFO :No User to r or w | SystemStatus = 0
[2025-05-20 17:33:19.852] [0m
[2025-05-20 17:33:20.089] [0;32mTMLUWB  :RX < :RECV                :62000023 999D0100 01000000 00FA0000 00010000 05000001 00000000 00080000 00000103 000103
[2025-05-20 17:33:20.090] [0m[0;34mAPP     :INFO :No User to r or w | SystemStatus = 0
[2025-05-20 17:33:20.090] [0m
[2025-05-20 17:33:20.344] [0;32mTMLUWB  :RX < :RECV                :62000023 9A9D0100 01000000 00FA0000 00010000 05000001 00000000 00080000 00000103 000103
[2025-05-20 17:33:20.344] [0m[0;34mAPP     :INFO :No User to r or w | SystemStatus = 0
[2025-05-20 17:33:20.344] [0m
[2025-05-20 17:33:20.591] [0;32mTMLUWB  :RX < :RECV                :62000023 9B9D0100 01000000 00FA0000 00010000 05000001 00000000 00080000 00000103 000103
[2025-05-20 17:33:20.591] [0m[0;34mAPP     :INFO :No User to r or w | SystemStatus = 0
[2025-05-20 17:33:20.591] [0m
[2025-05-20 17:33:20.845] [0;32mTMLUWB  :RX < :RECV                :62000023 9C9D0100 01000000 00FA0000 00010000 05000001 00000000 00080000 00000103 000103
[2025-05-20 17:33:20.845] [0m[0;34mAPP     :INFO :No User to r or w | SystemStatus = 0
[2025-05-20 17:33:20.845] [0m
[2025-05-20 17:33:21.091] [0;32mTMLUWB  :RX < :RECV                :62000023 9D9D0100 01000000 00FA0000 00010000 05000001 00000000 00080000 00000103 000103
[2025-05-20 17:33:21.091] [0m[0;34mAPP     :INFO :No User to r or w | SystemStatus = 0
[2025-05-20 17:33:21.092] [0m
[2025-05-20 17:33:21.339] [0;32mTMLUWB  :RX < :RECV                :62000023 9E9D0100 01000000 00FA0000 00010000 05000001 00000000 00080000 00000103 000103
[2025-05-20 17:33:21.340] [0m[0;34mAPP     :INFO :No User to r or w | SystemStatus = 0
[2025-05-20 17:33:21.340] [0m
[2025-05-20 17:33:21.587] [0;32mTMLUWB  :RX < :RECV                :62000023 9F9D0100 01000000 00FA0000 00010000 05000001 00000000 00080000 00000103 000103
[2025-05-20 17:33:21.587] [0m[0;34mAPP     :INFO :No User to r or w | SystemStatus = 0
[2025-05-20 17:33:21.587] [0m
[2025-05-20 17:33:21.840] [0;32mTMLUWB  :RX < :RECV                :62000023 A09D0100 01000000 00FA0000 00010000 05000001 00000000 00080000 00000103 000103
[2025-05-20 17:33:21.840] [0m[0;34mAPP     :INFO :No User to r or w | SystemStatus = 0
[2025-05-20 17:33:21.840] [0m
[2025-05-20 17:33:22.090] [0;32mTMLUWB  :RX < :RECV                :62000023 A19D0100 01000000 00FA0000 00010000 05000001 00000000 00080000 00000103 000103
[2025-05-20 17:33:22.090] [0m[0;34mAPP     :INFO :No User to r or w | SystemStatus = 0
[2025-05-20 17:33:22.090] [0m
[2025-05-20 17:33:22.339] [0;32mTMLUWB  :RX < :RECV                :62000023 A29D0100 01000000 00FA0000 00010000 05000001 00000000 00080000 00000103 000103
[2025-05-20 17:33:22.339] [0m[0;34mAPP     :INFO :No User to r or w | SystemStatus = 0
[2025-05-20 17:33:22.339] [0m
[2025-05-20 17:33:22.588] [0;32mTMLUWB  :RX < :RECV                :62000023 A39D0100 01000000 00FA0000 00010000 05000001 00000000 00080000 00000103 000103
[2025-05-20 17:33:22.588] [0m[0;34mAPP     :INFO :No User to r or w | SystemStatus = 0
[2025-05-20 17:33:22.588] [0m
[2025-05-20 17:33:22.844] [0;32mTMLUWB  :RX < :RECV                :62000023 A49D0100 01000000 00FA0000 00010000 05000001 00000000 00080000 00000103 000103
[2025-05-20 17:33:22.845] [0m[0;34mAPP     :INFO :No User to r or w | SystemStatus = 0
[2025-05-20 17:33:22.845] [0m
[2025-05-20 17:33:23.140] [0;32mTMLUWB  :RX < :RECV                :62000023 A59D0100 01000000 00FA0000 00010000 05000001 00000000 00080000 00000103 000103
[2025-05-20 17:33:23.140] [0m[0;34mAPP     :INFO :No User to r or w | SystemStatus = 0
[2025-05-20 17:33:23.140] [0m
[2025-05-20 17:33:23.336] [0;32mTMLUWB  :RX < :RECV                :62000023 A69D0100 01000000 00FA0000 00010000 05000001 00000000 00080000 00000103 000103
[2025-05-20 17:33:23.336] [0m[0;34mAPP     :INFO :No User to r or w | SystemStatus = 0
[2025-05-20 17:33:23.336] [0m
[2025-05-20 17:33:23.585] [0;32mTMLUWB  :RX < :RECV                :62000023 A79D0100 01000000 00FA0000 00010000 05000001 00000000 00080000 00000103 000103
[2025-05-20 17:33:23.585] [0m[0;34mAPP     :INFO :No User to r or w | SystemStatus = 0
[2025-05-20 17:33:23.585] [0m
[2025-05-20 17:33:23.841] [0;32mTMLUWB  :RX < :RECV                :62000023 A89D0100 01000000 00FA0000 00010000 05000001 00000000 00080000 00000103 000103
[2025-05-20 17:33:23.841] [0m[0;34mAPP     :INFO :No User to r or w | SystemStatus = 0
[2025-05-20 17:33:23.841] [0m
[2025-05-20 17:33:24.087] [0;32mTMLUWB  :RX < :RECV                :62000023 A99D0100 01000000 00FA0000 00010000 05000001 00000000 00080000 00000103 000103
[2025-05-20 17:33:24.088] [0m[0;34mAPP     :INFO :No User to r or w | SystemStatus = 0
[2025-05-20 17:33:24.088] [0m
[2025-05-20 17:33:24.340] [0;32mTMLUWB  :RX < :RECV                :62000023 AA9D0100 01000000 00FA0000 00010000 05000001 00000000 00080000 00000103 000103
[2025-05-20 17:33:24.340] [0m[0;34mAPP     :INFO :No User to r or w | SystemStatus = 0
[2025-05-20 17:33:24.340] [0m
[2025-05-20 17:33:24.587] [0;32mTMLUWB  :RX < :RECV                :62000023 AB9D0100 01000000 00FA0000 00010000 05000001 00000000 00080000 00000103 000103
[2025-05-20 17:33:24.587] [0m[0;34mAPP     :INFO :No User to r or w | SystemStatus = 0
[2025-05-20 17:33:24.587] [0m
[2025-05-20 17:33:24.836] [0;32mTMLUWB  :RX < :RECV                :62000023 AC9D0100 01000000 00FA0000 00010000 05000001 00000000 00080000 00000103 000103
[2025-05-20 17:33:24.838] [0m[0;34mAPP     :INFO :No User to r or w | SystemStatus = 0
[2025-05-20 17:33:24.838] [0m
[2025-05-20 17:33:25.086] [0;32mTMLUWB  :RX < :RECV                :62000023 AD9D0100 01000000 00FA0000 00010000 05000001 00000000 00080000 00000103 000103
[2025-05-20 17:33:25.086] [0m[0;34mAPP     :INFO :No User to r or w | SystemStatus = 0
[2025-05-20 17:33:25.086] [0m
[2025-05-20 17:33:25.336] [0;32mTMLUWB  :RX < :RECV                :62000023 AE9D0100 01000000 00FA0000 00010000 05000001 00000000 00080000 00000103 000103
[2025-05-20 17:33:25.336] [0m[0;34mAPP     :INFO :No User to r or w | SystemStatus = 0
[2025-05-20 17:33:25.336] [0m
[2025-05-20 17:33:25.586] [0;32mTMLUWB  :RX < :RECV                :62000023 AF9D0100 01000000 00FA0000 00010000 05000001 00000000 00080000 00000103 000103
[2025-05-20 17:33:25.586] [0m[0;34mAPP     :INFO :No User to r or w | SystemStatus = 0
[2025-05-20 17:33:25.586] [0m
[2025-05-20 17:33:25.844] [0;32mTMLUWB  :RX < :RECV                :62000023 B09D0100 01000000 00FA0000 00010000 05000001 00000000 00080000 00000103 000103
[2025-05-20 17:33:25.844] [0m[0;34mAPP     :INFO :No User to r or w | SystemStatus = 0
[2025-05-20 17:33:25.844] [0m
[2025-05-20 17:33:26.094] [0;32mTMLUWB  :RX < :RECV                :62000023 B19D0100 01000000 00FA0000 00010000 05000001 00000000 00080000 00000103 000103
[2025-05-20 17:33:26.094] [0m[0;34mAPP     :INFO :No User to r or w | SystemStatus = 0
[2025-05-20 17:33:26.094] [0m
