[2025-05-26 11:20:34.764] [0;32mTMLUWB  :RX < :RECV                :62000023 354B0000 01000000 00FA0000 00010000 05000001 00000000 00080000 00000103 000103
[2025-05-26 11:20:34.764] [0m[0;34mAPP     :INFO :No User to r or w | SystemStatus = 0
[2025-05-26 11:20:34.765] [0m
[2025-05-26 11:20:35.011] [0;32mTMLUWB  :RX < :RECV                :62000023 364B0000 01000000 00FA0000 00010000 05000001 00000000 00080000 00000103 000103
[2025-05-26 11:20:35.011] [0m[0;34mAPP     :INFO :No User to r or w | SystemStatus = 0
[2025-05-26 11:20:35.011] [0m
[2025-05-26 11:20:35.258] [0;32mTMLUWB  :RX < :RECV                :62000023 374B0000 01000000 00FA0000 00010000 05000001 00000000 00080000 00000103 000103
[2025-05-26 11:20:35.259] [0m[0;34mAPP     :INFO :No User to r or w | SystemStatus = 0
[2025-05-26 11:20:35.259] [0m
[2025-05-26 11:20:35.506] [0;32mTMLUWB  :RX < :RECV                :62000023 384B0000 01000000 00FA0000 00010000 05000001 00000000 00080000 00000103 000103
[2025-05-26 11:20:35.507] [0m[0;34mAPP     :INFO :No User to r or w | SystemStatus = 0
[2025-05-26 11:20:35.507] [0m
[2025-05-26 11:20:35.764] [0;32mTMLUWB  :RX < :RECV                :62000023 394B0000 01000000 00FA0000 00010000 05000001 00000000 00080000 00000103 000103
[2025-05-26 11:20:35.764] [0m[0;34mAPP     :INFO :No User to r or w | SystemStatus = 0
[2025-05-26 11:20:35.764] [0m
[2025-05-26 11:20:36.014] [0;32mTMLUWB  :RX < :RECV                :62000023 3A4B0000 01000000 00FA0000 00010000 05000001 00000000 00080000 00000103 000103
[2025-05-26 11:20:36.014] [0m[0;34mAPP     :INFO :No User to r or w | SystemStatus = 0
[2025-05-26 11:20:36.014] [0m
[2025-05-26 11:20:36.263] [0;32mTMLUWB  :RX < :RECV                :62000023 3B4B0000 01000000 00FA0000 00010000 05000001 00000000 00080000 00000103 000103
[2025-05-26 11:20:36.263] [0m[0;34mAPP     :INFO :No User to r or w | SystemStatus = 0
[2025-05-26 11:20:36.263] [0m
[2025-05-26 11:20:36.511] [0;32mTMLUWB  :RX < :RECV                :62000023 3C4B0000 01000000 00FA0000 00010000 05000001 00000000 00080000 00000103 000103
[2025-05-26 11:20:36.511] [0m[0;34mAPP     :INFO :No User to r or w | SystemStatus = 0
[2025-05-26 11:20:36.511] [0m
[2025-05-26 11:20:36.773] [0;32mTMLUWB  :RX < :RECV                :62000023 3D4B0000 01000000 00FA0000 00010000 05000001 00000000 00080000 00000103 000103
[2025-05-26 11:20:36.773] [0m[0;34mAPP     :INFO :No User to r or w | SystemStatus = 0
[2025-05-26 11:20:36.773] [0m
[2025-05-26 11:20:37.008] [0;32mTMLUWB  :RX < :RECV                :62000023 3E4B0000 01000000 00FA0000 00010000 05000001 00000000 00080000 00000103 000103
[2025-05-26 11:20:37.009] [0m[0;34mAPP     :INFO :No User to r or w | SystemStatus = 0
[2025-05-26 11:20:37.009] [0m
[2025-05-26 11:20:37.257] [0;32mTMLUWB  :RX < :RECV                :62000023 3F4B0000 01000000 00FA0000 00010000 05000001 00000000 00080000 00000103 000103
[2025-05-26 11:20:37.257] [0m[0;34mAPP     :INFO :No User to r or w | SystemStatus = 0
[2025-05-26 11:20:37.258] [0m
[2025-05-26 11:20:37.507] [0;32mTMLUWB  :RX < :RECV                :62000023 404B0000 01000000 00FA0000 00010000 05000001 00000000 00080000 00000103 000103
[2025-05-26 11:20:37.508] [0m[0;34mAPP     :INFO :No User to r or w | SystemStatus = 0
[2025-05-26 11:20:37.508] [0m
[2025-05-26 11:20:37.766] [0;32mTMLUWB  :RX < :RECV                :62000023 414B0000 01000000 00FA0000 00010000 05000001 00000000 00080000 00000103 000103
[2025-05-26 11:20:37.766] [0m[0;34mAPP     :INFO :No User to r or w | SystemStatus = 0
[2025-05-26 11:20:37.766] [0m
[2025-05-26 11:20:38.016] [0;32mTMLUWB  :RX < :RECV                :62000023 424B0000 01000000 00FA0000 00010000 05000001 00000000 00080000 00000103 000103
[2025-05-26 11:20:38.016] [0m[0;34mAPP     :INFO :No User to r or w | SystemStatus = 0
[2025-05-26 11:20:38.016] [0m
[2025-05-26 11:20:38.256] [0;32mTMLUWB  :RX < :RECV                :62000023 434B0000 01000000 00FA0000 00010000 05000001 00000000 00080000 00000103 000103
[2025-05-26 11:20:38.256] [0m[0;34mAPP     :INFO :No User to r or w | SystemStatus = 0
[2025-05-26 11:20:38.256] [0m
[2025-05-26 11:20:38.506] [0;32mTMLUWB  :RX < :RECV                :62000023 444B0000 01000000 00FA0000 00010000 05000001 00000000 00080000 00000103 000103
[2025-05-26 11:20:38.506] [0m[0;34mAPP     :INFO :No User to r or w | SystemStatus = 0
[2025-05-26 11:20:38.506] [0m
[2025-05-26 11:20:38.771] [0;32mTMLUWB  :RX < :RECV                :62000023 454B0000 01000000 00FA0000 00010000 05000001 00000000 00080000 00000103 000103
[2025-05-26 11:20:38.771] [0m[0;34mAPP     :INFO :No User to r or w | SystemStatus = 0
[2025-05-26 11:20:38.771] [0m
[2025-05-26 11:20:39.016] [0;32mTMLUWB  :RX < :RECV                :62000023 464B0000 01000000 00FA0000 00010000 05000001 00000000 00080000 00000103 000103
[2025-05-26 11:20:39.016] [0m[0;34mAPP     :INFO :No User to r or w | SystemStatus = 0
[2025-05-26 11:20:39.016] [0m
[2025-05-26 11:20:39.264] [0;32mTMLUWB  :RX < :RECV                :62000023 474B0000 01000000 00FA0000 00010000 05000001 00000000 00080000 00000103 000103
[2025-05-26 11:20:39.265] [0m[0;34mAPP     :INFO :No User to r or w | SystemStatus = 0
[2025-05-26 11:20:39.265] [0m
[2025-05-26 11:20:39.512] [0;32mTMLUWB  :RX < :RECV                :62000023 484B0000 01000000 00FA0000 00010000 05000001 00000000 00080000 00000103 000103
[2025-05-26 11:20:39.512] [0m[0;34mAPP     :INFO :No User to r or w | SystemStatus = 0
[2025-05-26 11:20:39.512] [0m
[2025-05-26 11:20:39.761] [0;32mTMLUWB  :RX < :RECV                :62000023 494B0000 01000000 00FA0000 00010000 05000001 00000000 00080000 00000103 000103
[2025-05-26 11:20:39.761] [0m[0;34mAPP     :INFO :No User to r or w | SystemStatus = 0
[2025-05-26 11:20:39.761] [0m
[2025-05-26 11:20:40.010] [0;32mTMLUWB  :RX < :RECV                :62000023 4A4B0000 01000000 00FA0000 00010000 05000001 00000000 00080000 00000103 000103
[2025-05-26 11:20:40.010] [0m[0;34mAPP     :INFO :No User to r or w | SystemStatus = 0
[2025-05-26 11:20:40.010] [0m
[2025-05-26 11:20:40.260] [0;32mTMLUWB  :RX < :RECV                :62000023 4B4B0000 01000000 00FA0000 00010000 05000001 00000000 00080000 00000103 000103
[2025-05-26 11:20:40.260] [0m[0;34mAPP     :INFO :No User to r or w | SystemStatus = 0
[2025-05-26 11:20:40.260] [0m
[2025-05-26 11:20:40.509] [0;32mTMLUWB  :RX < :RECV                :62000023 4C4B0000 01000000 00FA0000 00010000 05000001 00000000 00080000 00000103 000103
[2025-05-26 11:20:40.509] [0m[0;34mAPP     :INFO :No User to r or w | SystemStatus = 0
[2025-05-26 11:20:40.509] [0m
[2025-05-26 11:20:40.760] [0;32mTMLUWB  :RX < :RECV                :62000023 4D4B0000 01000000 00FA0000 00010000 05000001 00000000 00080000 00000103 000103
[2025-05-26 11:20:40.761] [0m[0;34mAPP     :INFO :No User to r or w | SystemStatus = 0
[2025-05-26 11:20:40.761] [0m
[2025-05-26 11:20:41.007] [0;32mTMLUWB  :RX < :RECV                :62000023 4E4B0000 01000000 00FA0000 00010000 05000001 00000000 00080000 00000103 000103
[2025-05-26 11:20:41.007] [0m[0;34mAPP     :INFO :No User to r or w | SystemStatus = 0
[2025-05-26 11:20:41.007] [0m
[2025-05-26 11:20:41.256] [0;32mTMLUWB  :RX < :RECV                :62000023 4F4B0000 01000000 00FA0000 00010000 05000001 00000000 00080000 00000103 000103
[2025-05-26 11:20:41.257] [0m[0;34mAPP     :INFO :No User to r or w | SystemStatus = 0
[2025-05-26 11:20:41.257] [0m
[2025-05-26 11:20:41.507] [0;32mTMLUWB  :RX < :RECV                :62000023 504B0000 01000000 00FA0000 00010000 05000001 00000000 00080000 00000103 000103
[2025-05-26 11:20:41.507] [0m[0;34mAPP     :INFO :No User to r or w | SystemStatus = 0
[2025-05-26 11:20:41.507] [0m
[2025-05-26 11:20:41.766] [0;32mTMLUWB  :RX < :RECV                :62000023 514B0000 01000000 00FA0000 00010000 05000001 00000000 00080000 00000103 000103
[2025-05-26 11:20:41.766] [0m[0;34mAPP     :INFO :No User to r or w | SystemStatus = 0
[2025-05-26 11:20:41.766] [0m
[2025-05-26 11:20:42.007] [0;32mTMLUWB  :RX < :RECV                :62000023 524B0000 01000000 00FA0000 00010000 05000001 00000000 00080000 00000103 000103
[2025-05-26 11:20:42.007] [0m[0;34mAPP     :INFO :No User to r or w | SystemStatus = 0
[2025-05-26 11:20:42.007] [0m
[2025-05-26 11:20:42.264] [0;32mTMLUWB  :RX < :RECV                :62000023 534B0000 01000000 00FA0000 00010000 05000001 00000000 00080000 00000103 000103
[2025-05-26 11:20:42.264] [0m[0;34mAPP     :INFO :No User to r or w | SystemStatus = 0
[2025-05-26 11:20:42.264] [0m
[2025-05-26 11:20:42.511] [0;32mTMLUWB  :RX < :RECV                :62000023 544B0000 01000000 00FA0000 00010000 05000001 00000000 00080000 00000103 000103
[2025-05-26 11:20:42.511] [0m[0;34mAPP     :INFO :No User to r or w | SystemStatus = 0
[2025-05-26 11:20:42.511] [0m
[2025-05-26 11:20:42.771] [0;32mTMLUWB  :RX < :RECV                :62000023 554B0000 01000000 00FA0000 00010000 05000001 00000000 00080000 00000103 000103
[2025-05-26 11:20:42.771] [0m[0;34mAPP     :INFO :No User to r or w | SystemStatus = 0
[2025-05-26 11:20:42.771] [0m
[2025-05-26 11:20:43.010] [0;32mTMLUWB  :RX < :RECV                :62000023 564B0000 01000000 00FA0000 00010000 05000001 00000000 00080000 00000103 000103
[2025-05-26 11:20:43.010] [0m[0;34mAPP     :INFO :No User to r or w | SystemStatus = 0
[2025-05-26 11:20:43.010] [0m
[2025-05-26 11:20:43.258] [0;32mTMLUWB  :RX < :RECV                :62000023 574B0000 01000000 00FA0000 00010000 05000001 00000000 00080000 00000103 000103
[2025-05-26 11:20:43.259] [0m[0;34mAPP     :INFO :No User to r or w | SystemStatus = 0
[2025-05-26 11:20:43.259] [0m
[2025-05-26 11:20:43.509] [0;32mTMLUWB  :RX < :RECV                :62000023 584B0000 01000000 00FA0000 00010000 05000001 00000000 00080000 00000103 000103
[2025-05-26 11:20:43.509] [0m[0;34mAPP     :INFO :No User to r or w | SystemStatus = 0
[2025-05-26 11:20:43.509] [0m
[2025-05-26 11:20:43.757] [0;32mTMLUWB  :RX < :RECV                :62000023 594B0000 01000000 00FA0000 00010000 05000001 00000000 00080000 00000103 000103
[2025-05-26 11:20:43.757] [0m[0;34mAPP     :INFO :No User to r or w | SystemStatus = 0
[2025-05-26 11:20:43.757] [0m
[2025-05-26 11:20:44.005] [0;32mTMLUWB  :RX < :RECV                :62000023 5A4B0000 01000000 00FA0000 00010000 05000001 00000000 00080000 00000103 000103
[2025-05-26 11:20:44.005] [0m[0;34mAPP     :INFO :No User to r or w | SystemStatus = 0
[2025-05-26 11:20:44.005] [0m
[2025-05-26 11:20:44.263] [0;32mTMLUWB  :RX < :RECV                :62000023 5B4B0000 01000000 00FA0000 00010000 05000001 00000000 00080000 00000103 000103
[2025-05-26 11:20:44.263] [0m[0;34mAPP     :INFO :No User to r or w | SystemStatus = 0
[2025-05-26 11:20:44.263] [0m
[2025-05-26 11:20:44.512] [0;32mTMLUWB  :RX < :RECV                :62000023 5C4B0000 01000000 00FA0000 00010000 05000001 00000000 00080000 00000103 000103
[2025-05-26 11:20:44.513] [0m[0;34mAPP     :INFO :No User to r or w | SystemStatus = 0
[2025-05-26 11:20:44.513] [0m
[2025-05-26 11:20:44.761] [0;32mTMLUWB  :RX < :RECV                :62000023 5D4B0000 01000000 00FA0000 00010000 05000001 00000000 00080000 00000103 000103
[2025-05-26 11:20:44.761] [0m[0;34mAPP     :INFO :No User to r or w | SystemStatus = 0
[2025-05-26 11:20:44.761] [0m
[2025-05-26 11:20:45.008] [0;32mTMLUWB  :RX < :RECV                :62000023 5E4B0000 01000000 00FA0000 00010000 05000001 00000000 00080000 00000103 000103
[2025-05-26 11:20:45.010] [0m[0;34mAPP     :INFO :No User to r or w | SystemStatus = 0
[2025-05-26 11:20:45.010] [0m
[2025-05-26 11:20:45.256] [0;32mTMLUWB  :RX < :RECV                :62000023 5F4B0000 01000000 00FA0000 00010000 05000001 00000000 00080000 00000103 000103
[2025-05-26 11:20:45.256] [0m[0;34mAPP     :INFO :No User to r or w | SystemStatus = 0
[2025-05-26 11:20:45.256] [0m
[2025-05-26 11:20:45.506] [0;32mTMLUWB  :RX < :RECV                :62000023 604B0000 01000000 00FA0000 00010000 05000001 00000000 00080000 00000103 000103
[2025-05-26 11:20:45.508] [0m[0;34mAPP     :INFO :No User to r or w | SystemStatus = 0
[2025-05-26 11:20:45.508] [0m
[2025-05-26 11:20:45.761] [0;32mTMLUWB  :RX < :RECV                :62000023 614B0000 01000000 00FA0000 00010000 05000001 00000000 00080000 00000103 000103
[2025-05-26 11:20:45.762] [0m[0;34mAPP     :INFO :No User to r or w | SystemStatus = 0
[2025-05-26 11:20:45.762] [0m
[2025-05-26 11:20:46.006] [0;32mTMLUWB  :RX < :RECV                :62000023 624B0000 01000000 00FA0000 00010000 05000001 00000000 00080000 00000103 000103
[2025-05-26 11:20:46.006] [0m[0;34mAPP     :INFO :No User to r or w | SystemStatus = 0
[2025-05-26 11:20:46.006] [0m
[2025-05-26 11:20:46.265] [0;32mTMLUWB  :RX < :RECV                :62000023 634B0000 01000000 00FA0000 00010000 05000001 00000000 00080000 00000103 000103
[2025-05-26 11:20:46.266] [0m[0;34mAPP     :INFO :No User to r or w | SystemStatus = 0
[2025-05-26 11:20:46.266] [0m
[2025-05-26 11:20:46.514] [0;32mTMLUWB  :RX < :RECV                :62000023 644B0000 01000000 00FA0000 00010000 05000001 00000000 00080000 00000103 000103
[2025-05-26 11:20:46.514] [0m[0;34mAPP     :INFO :No User to r or w | SystemStatus = 0
[2025-05-26 11:20:46.514] [0m
[2025-05-26 11:20:46.764] [0;32mTMLUWB  :RX < :RECV                :62000023 654B0000 01000000 00FA0000 00010000 05000001 00000000 00080000 00000103 000103
[2025-05-26 11:20:46.764] [0m[0;34mAPP     :INFO :No User to r or w | SystemStatus = 0
[2025-05-26 11:20:46.764] [0m
[2025-05-26 11:20:47.012] [0;32mTMLUWB  :RX < :RECV                :62000023 664B0000 01000000 00FA0000 00010000 05000001 00000000 00080000 00000103 000103
[2025-05-26 11:20:47.012] [0m[0;34mAPP     :INFO :No User to r or w | SystemStatus = 0
[2025-05-26 11:20:47.013] [0m
[2025-05-26 11:20:47.260] [0;32mTMLUWB  :RX < :RECV                :62000023 674B0000 01000000 00FA0000 00010000 05000001 00000000 00080000 00000103 000103
[2025-05-26 11:20:47.260] [0m[0;34mAPP     :INFO :No User to r or w | SystemStatus = 0
[2025-05-26 11:20:47.260] [0m
[2025-05-26 11:20:47.512] [0;32mTMLUWB  :RX < :RECV                :62000023 684B0000 01000000 00FA0000 00010000 05000001 00000000 00080000 00000103 000103
[2025-05-26 11:20:47.513] [0m[0;34mAPP     :INFO :No User to r or w | SystemStatus = 0
[2025-05-26 11:20:47.513] [0m
[2025-05-26 11:20:47.759] [0;32mTMLUWB  :RX < :RECV                :62000023 694B0000 01000000 00FA0000 00010000 05000001 00000000 00080000 00000103 000103
[2025-05-26 11:20:47.759] [0m[0;34mAPP     :INFO :No User to r or w | SystemStatus = 0
[2025-05-26 11:20:47.759] [0m
[2025-05-26 11:20:48.010] [0;32mTMLUWB  :RX < :RECV                :62000023 6A4B0000 01000000 00FA0000 00010000 05000001 00000000 00080000 00000103 000103
[2025-05-26 11:20:48.010] [0m[0;34mAPP     :INFO :No User to r or w | SystemStatus = 0
[2025-05-26 11:20:48.010] [0m
[2025-05-26 11:20:48.256] [0;32mTMLUWB  :RX < :RECV                :62000023 6B4B0000 01000000 00FA0000 00010000 05000001 00000000 00080000 00000103 000103
[2025-05-26 11:20:48.256] [0m[0;34mAPP     :INFO :No User to r or w | SystemStatus = 0
[2025-05-26 11:20:48.256] [0m
[2025-05-26 11:20:48.514] [0;32mTMLUWB  :RX < :RECV                :62000023 6C4B0000 01000000 00FA0000 00010000 05000001 00000000 00080000 00000103 000103
[2025-05-26 11:20:48.514] [0m[0;34mAPP     :INFO :No User to r or w | SystemStatus = 0
[2025-05-26 11:20:48.514] [0m
[2025-05-26 11:20:48.765] [0;32mTMLUWB  :RX < :RECV                :62000023 6D4B0000 01000000 00FA0000 00010000 05000001 00000000 00080000 00000103 000103
[2025-05-26 11:20:48.765] [0m[0;34mAPP     :INFO :No User to r or w | SystemStatus = 0
[2025-05-26 11:20:48.765] [0m
[2025-05-26 11:20:49.013] [0;32mTMLUWB  :RX < :RECV                :62000023 6E4B0000 01000000 00FA0000 00010000 05000001 00000000 00080000 00000103 000103
[2025-05-26 11:20:49.013] [0m[0;34mAPP     :INFO :No User to r or w | SystemStatus = 0
[2025-05-26 11:20:49.013] [0m
[2025-05-26 11:20:49.261] [0;32mTMLUWB  :RX < :RECV                :62000023 6F4B0000 01000000 00FA0000 00010000 05000001 00000000 00080000 00000103 000103
[2025-05-26 11:20:49.261] [0m[0;34mAPP     :INFO :No User to r or w | SystemStatus = 0
[2025-05-26 11:20:49.261] [0m
[2025-05-26 11:20:49.508] [0;32mTMLUWB  :RX < :RECV                :62000023 704B0000 01000000 00FA0000 00010000 05000001 00000000 00080000 00000103 000103
[2025-05-26 11:20:49.508] [0m[0;34mAPP     :INFO :No User to r or w | SystemStatus = 0
[2025-05-26 11:20:49.508] [0m
[2025-05-26 11:20:49.763] [0;32mTMLUWB  :RX < :RECV                :62000023 714B0000 01000000 00FA0000 00010000 05000001 00000000 00080000 00000103 000103
[2025-05-26 11:20:49.763] [0m[0;34mAPP     :INFO :No User to r or w | SystemStatus = 0
[2025-05-26 11:20:49.763] [0m
[2025-05-26 11:20:50.010] [0;32mTMLUWB  :RX < :RECV                :62000023 724B0000 01000000 00FA0000 00010000 05000001 00000000 00080000 00000103 000103
[2025-05-26 11:20:50.010] [0m[0;34mAPP     :INFO :No User to r or w | SystemStatus = 0
[2025-05-26 11:20:50.011] [0m
[2025-05-26 11:20:50.258] [0;32mTMLUWB  :RX < :RECV                :62000023 734B0000 01000000 00FA0000 00010000 05000001 00000000 00080000 00000103 000103
[2025-05-26 11:20:50.259] [0m[0;34mAPP     :INFO :No User to r or w | SystemStatus = 0
[2025-05-26 11:20:50.259] [0m
[2025-05-26 11:20:50.507] [0;32mTMLUWB  :RX < :RECV                :62000023 744B0000 01000000 00FA0000 00010000 05000001 00000000 00080000 00000103 000103
[2025-05-26 11:20:50.508] [0m[0;34mAPP     :INFO :No User to r or w | SystemStatus = 0
[2025-05-26 11:20:50.508] [0m
[2025-05-26 11:20:50.778] [0;32mTMLUWB  :RX < :RECV                :62000023 754B0000 01000000 00FA0000 00010000 05000001 00000000 00080000 00000103 000103
[2025-05-26 11:20:50.778] [0m[0;34mAPP     :INFO :No User to r or w | SystemStatus = 0
[2025-05-26 11:20:50.778] [0m
[2025-05-26 11:20:51.012] [0;32mTMLUWB  :RX < :RECV                :62000023 764B0000 01000000 00FA0000 00010000 05000001 00000000 00080000 00000103 000103
[2025-05-26 11:20:51.012] [0m[0;34mAPP     :INFO :No User to r or w | SystemStatus = 0
[2025-05-26 11:20:51.012] [0m
[2025-05-26 11:20:51.262] [0;32mTMLUWB  :RX < :RECV                :62000023 774B0000 01000000 00FA0000 00010000 05000001 00000000 00080000 00000103 000103
[2025-05-26 11:20:51.262] [0m[0;34mAPP     :INFO :No User to r or w | SystemStatus = 0
[2025-05-26 11:20:51.262] [0m
[2025-05-26 11:20:51.510] [0;32mTMLUWB  :RX < :RECV                :62000023 784B0000 01000000 00FA0000 00010000 05000001 00000000 00080000 00000103 000103
[2025-05-26 11:20:51.510] [0m[0;34mAPP     :INFO :No User to r or w | SystemStatus = 0
[2025-05-26 11:20:51.510] [0m
[2025-05-26 11:20:51.768] [0;32mTMLUWB  :RX < :RECV                :62000023 794B0000 01000000 00FA0000 00010000 05000001 00000000 00080000 00000103 000103
[2025-05-26 11:20:51.769] [0m[0;34mAPP     :INFO :No User to r or w | SystemStatus = 0
[2025-05-26 11:20:51.769] [0m
[2025-05-26 11:20:52.013] [0;32mTMLUWB  :RX < :RECV                :62000023 7A4B0000 01000000 00FA0000 00010000 05000001 00000000 00080000 00000103 000103
[2025-05-26 11:20:52.013] [0m[0;34mAPP     :INFO :No User to r or w | SystemStatus = 0
[2025-05-26 11:20:52.013] [0m
[2025-05-26 11:20:52.260] [0;32mTMLUWB  :RX < :RECV                :62000023 7B4B0000 01000000 00FA0000 00010000 05000001 00000000 00080000 00000103 000103
[2025-05-26 11:20:52.260] [0m[0;34mAPP     :INFO :No User to r or w | SystemStatus = 0
[2025-05-26 11:20:52.260] [0m
[2025-05-26 11:20:52.512] [0;32mTMLUWB  :RX < :RECV                :62000023 7C4B0000 01000000 00FA0000 00010000 05000001 00000000 00080000 00000103 000103
[2025-05-26 11:20:52.512] [0m[0;34mAPP     :INFO :No User to r or w | SystemStatus = 0
[2025-05-26 11:20:52.513] [0m
