[2025-06-05 15:54:15.448] 1000000 00FA0000 00010000 05000001 00000000 01FFF700 00200000 00640000 64000000 00000003 80000000 00000000 00000000 0E000000 00010300 01030000 00000000
[2025-06-05 15:54:15.448] [0m[0;34mAPP     :INFO :@@@ updateKeepAlive( ): User[1] FFF7 Keep alive = 79
[2025-06-05 15:54:15.448] [0m[0;34mAPP     :INFO :gCapSessionHandle!!!.
[2025-06-05 15:54:15.451] [0m[0;34mAPP     :INFO :@@@ gNumberOfUserinDTPCM = 2, pRangingData->no_of_measurements = 1,i=0
[2025-06-05 15:54:15.455] [0m[0;34mAPP     :INFO :Measure_NLOS = 0, Classification_NLOS =   0
[2025-06-05 15:54:15.456] [0mMaster_Distance_to_FFF7=32
[2025-06-05 15:54:15.456] [0;34mAPP     :INFO :Conten_Distance_MasterAnchor_to_FFF7=32
[2025-06-05 15:54:15.456] [0m[0;34mAPP     :INFO :Current User ( fff7 ) status is : SystemStatus = 0 , DiscoverStatus = 5 , TransactionState = 4 , AuthenticationState = 9
[2025-06-05 15:54:15.456] [0m[0;34mAPP     :INFO :@@@ User Speed is :( fff7 ) , 3 ,(cm/s)
[2025-06-05 15:54:15.456] [0m[0;34mAPP     :INFO :@ b = 32, c = 63, x = 14, y = 16
[2025-06-05 15:54:15.456] [0m[0;34mAPP     :INFO :@ a = 100, d = 100, m = 250, Gate = 100
[2025-06-05 15:54:15.456] [0m[0;34mAPP     :INFO :################################### into red area...##################################################
[2025-06-05 15:54:15.456] [0m[0;34mAPP     :INFO :Only 1 valid card detected, started transaction
[2025-06-05 15:54:15.458] [0m[0;33mAPP     :WARN : Write Card Time < 10s. Return.
[2025-06-05 15:54:15.458] [0m
[2025-06-05 15:54:15.458] [0;32mTMLUWB  :RX < :RECV                :02001700 02000002 00BBBB00 00000000 00840006 000505FF F74000
[2025-06-05 15:54:15.458] [0m[0;34mAPP     :INFO :gMrmSessionHandle_Test!!!
[2025-06-05 15:54:15.458] [0mMaster_Distance_to_Slave=64
[2025-06-05 15:54:15.458] [0;34mAPP     :INFO :Conten_Distance_SlaveAnchor[BBBB]_to_FFF7=64
[2025-06-05 15:54:15.458] [0m{"@POSITION": 1, "Master": 32, "Slave": 64, "Gate": 100, "nLos": 0, "idx": 0, "LiftDeep": 64, "RedAreaH": 0, "BlueAreaH": 250, "Speed":3, "User-X":14, "User-Y":16, "User-Z":0,"Auth":9, "Trans":4}
[2025-06-05 15:54:15.721] [0;32mTMLUWB  :RX < :RECV                :62000048 881A0000 01000000 00FA0000 00010000 05000001 00000000 01FFF700 001E0000 00640000 64000000 00000003 80000000 00000000 00000000 0E000000 00010300 01030000 00000000
[2025-06-05 15:54:15.721] [0m[0;34mAPP     :INFO :@@@ updateKeepAlive( ): User[1] FFF7 Keep alive = 79
[2025-06-05 15:54:15.723] [0m[0;34mAPP     :INFO :gCapSessionHandle!!!.
[2025-06-05 15:54:15.723] [0m[0;34mAPP     :INFO :@@@ gNumberOfUserinDTPCM = 2, pRangingData->no_of_measurements = 1,i=0
[2025-06-05 15:54:15.723] [0m[0;34mAPP     :INFO :Measure_NLOS = 0, Classification_NLOS =   0
[2025-06-05 15:54:15.723] [0mMaster_Distance_to_FFF7=30
[2025-06-05 15:54:15.723] [0;34mAPP     :INFO :Conten_Distance_MasterAnchor_to_FFF7=30
[2025-06-05 15:54:15.723] [0m[0;34mAPP     :INFO :Current User ( fff7 ) status is : SystemStatus = 0 , DiscoverStatus = 5 , TransactionState = 4 , AuthenticationState = 9
[2025-06-05 15:54:15.723] [0m[0;34mAPP     :INFO :@@@ User Speed is :( fff7 ) , 18 ,(cm/s)
[2025-06-05 15:54:15.723] [0m[0;34mAPP     :INFO :@ b = 30, c = 64, x = 15, y = 18
[2025-06-05 15:54:15.723] [0m[0;34mAPP     :INFO :@ a = 100, d = 100, m = 250, Gate = 100
[2025-06-05 15:54:15.723] [0m[0;34mAPP     :INFO :################################### into red area...##################################################
[2025-06-05 15:54:15.723] [0m[0;34mAPP     :INFO :Only 1 valid card detected, started transaction
[2025-06-05 15:54:15.723] [0m[0;33mAPP     :WARN : Write Card Time < 10s. Return.
[2025-06-05 15:54:15.723] [0m
[2025-06-05 15:54:15.723] [0;32mTMLUWB  :RX < :RECV                :02001700 02000002 00BBBB00 00000000 00850006 000505FF F73D00
[2025-06-05 15:54:15.724] [0m[0;34mAPP     :INFO :gMrmSessionHandle_Test!!!
[2025-06-05 15:54:15.724] [0mMaster_Distance_to_Slave=61
[2025-06-05 15:54:15.724] [0;34mAPP     :INFO :Conten_Distance_SlaveAnchor[BBBB]_to_FFF7=61
[2025-06-05 15:54:15.724] [0m{"@POSITION": 1, "Master": 30, "Slave": 61, "Gate": 100, "nLos": 0, "idx": 0, "LiftDeep": 64, "RedAreaH": 0, "BlueAreaH": 250, "Speed":18, "User-X":15, "User-Y":18, "User-Z":0,"Auth":9, "Trans":4}
[2025-06-05 15:54:15.978] [0;32mTMLUWB  :RX < :RECV                :62000048 891A0000 01000000 00FA0000 00010000 05000001 00000000 01FFF700 001E0000 00640000 64000000 00000003 7F000000 00000000 00000000 0E000000 00010300 01030000 00000000
[2025-06-05 15:54:15.979] [0m[0;34mAPP     :INFO :@@@ updateKeepAlive( ): User[1] FFF7 Keep alive = 79
[2025-06-05 15:54:15.979] [0m[0;34mAPP     :INFO :gCapSessionHandle!!!.
[2025-06-05 15:54:15.979] [0m[0;34mAPP     :INFO :@@@ gNumberOfUserinDTPCM = 2, pRangingData->no_of_measurements = 1,i=0
[2025-06-05 15:54:15.979] [0m[0;34mAPP     :INFO :Measure_NLOS = 0, Classification_NLOS =   0
[2025-06-05 15:54:15.979] [0mMaster_Distance_to_FFF7=30
[2025-06-05 15:54:15.979] [0;34mAPP     :INFO :Conten_Distance_MasterAnchor_to_FFF7=30
[2025-06-05 15:54:15.979] [0m[0;34mAPP     :INFO :Current User ( fff7 ) status is : SystemStatus = 0 , DiscoverStatus = 5 , TransactionState = 4 , AuthenticationState = 9
[2025-06-05 15:54:15.979] [0m[0;34mAPP     :INFO :@@@ User Speed is :( fff7 ) , 5 ,(cm/s)
[2025-06-05 15:54:15.979] [0m[0;34mAPP     :INFO :@ b = 30, c = 61, x = 14, y = 19
[2025-06-05 15:54:15.979] [0m[0;34mAPP     :INFO :@ a = 100, d = 100, m = 250, Gate = 100
[2025-06-05 15:54:15.979] [0m[0;34mAPP     :INFO :################################### into red area...##################################################
[2025-06-05 15:54:15.979] [0m[0;34mAPP     :INFO :Only 1 valid card detected, started transaction
[2025-06-05 15:54:15.979] [0m[0;33mAPP     :WARN : Write Card Time < 10s. Return.
[2025-06-05 15:54:15.980] [0m
[2025-06-05 15:54:15.980] [0;32mTMLUWB  :RX < :RECV                :02001700 02000002 00BBBB00 00000000 00860006 000505FF F74200
[2025-06-05 15:54:15.980] [0m[0;34mAPP     :INFO :gMrmSessionHandle_Test!!!
[2025-06-05 15:54:15.980] [0mMaster_Distance_to_Slave=66
[2025-06-05 15:54:15.980] [0;34mAPP     :INFO :Conten_Distance_SlaveAnchor[BBBB]_to_FFF7=66
[2025-06-05 15:54:15.980] [0m{"@POSITION": 1, "Master": 30, "Slave": 66, "Gate": 100, "nLos": 0, "idx": 0, "LiftDeep": 63, "RedAreaH": 0, "BlueAreaH": 250, "Speed":5, "User-X":14, "User-Y":19, "User-Z":0,"Auth":9, "Trans":4}
[2025-06-05 15:54:16.215] [0;32mTMLUWB  :RX < :RECV                :62000048 8A1A0000 01000000 00FA0000 00010000 05000001 00000000 01FFF700 00200000 00640000 64000000 00000003 81000000 00000000 00000000 0E000000 00010300 01030000 00000000
[2025-06-05 15:54:16.216] [0m[0;34mAPP     :INFO :@@@ updateKeepAlive( ): User[1] FFF7 Keep alive = 79
[2025-06-05 15:54:16.216] [0m[0;34mAPP     :INFO :gCapSessionHandle!!!.
[2025-06-05 15:54:16.216] [0m[0;34mAPP     :INFO :@@@ gNumberOfUserinDTPCM = 2, pRangingData->no_of_measurements = 1,i=0
[2025-06-05 15:54:16.216] [0m[0;34mAPP     :INFO :Measure_NLOS = 0, Classification_NLOS =   0
[2025-06-05 15:54:16.216] [0mMaster_Distance_to_FFF7=32
[2025-06-05 15:54:16.216] [0;34mAPP     :INFO :Conten_Distance_MasterAnchor_to_FFF7=32
[2025-06-05 15:54:16.216] [0m[0;34mAPP     :INFO :Current User ( fff7 ) status is : SystemStatus = 0 , DiscoverStatus = 5 , TransactionState = 4 , AuthenticationState = 9
[2025-06-05 15:54:16.217] [0m[0;34mAPP     :INFO :@@@ User Speed is :( fff7 ) , 5 ,(cm/s)
[2025-06-05 15:54:16.217] [0m[0;34mAPP     :INFO :@ b = 32, c = 66, x = 16, y = 11
[2025-06-05 15:54:16.217] [0m[0;34mAPP     :INFO :@ a = 100, d = 100, m = 250, Gate = 100
[2025-06-05 15:54:16.217] [0m[0;34mAPP     :INFO :################################### into red area...##################################################
[2025-06-05 15:54:16.217] [0m[0;34mAPP     :INFO :Only 1 valid card detected, started transaction
[2025-06-05 15:54:16.217] [0m[0;33mAPP     :WARN : Write Card Time < 10s. Return.
[2025-06-05 15:54:16.217] [0m
[2025-06-05 15:54:16.217] [0;32mTMLUWB  :RX < :RECV                :02001700 02000002 00BBBB00 00000000 00870006 000505FF F74000
[2025-06-05 15:54:16.217] [0m[0;34mAPP     :INFO :gMrmSessionHandle_Test!!!
[2025-06-05 15:54:16.217] [0mMaster_Distance_to_Slave=64
[2025-06-05 15:54:16.217] [0;34mAPP     :INFO :Conten_Distance_SlaveAnchor[BBBB]_to_FFF7=64
[2025-06-05 15:54:16.217] [0m{"@POSITION": 1, "Master": 32, "Slave": 64, "Gate": 100, "nLos": 0, "idx": 0, "LiftDeep": 64, "RedAreaH": 0, "BlueAreaH": 250, "Speed":5, "User-X":16, "User-Y":11, "User-Z":0,"Auth":9, "Trans":4}
[2025-06-05 15:54:16.444] [0;32mTMLUWB  :RX < :RECV                :62000048 8B1A0000 01000000 00FA0000 00010000 05000001 00000000 01FFF700 001F0000 00640000 64000000 00000003 81000000 00000000 00000000 0E000000 00010300 01030000 00000000
[2025-06-05 15:54:16.463] [0m[0;34mAPP     :INFO :@@@ updateKeepAlive( ): User[1] FFF7 Keep alive = 79
[2025-06-05 15:54:16.463] [0m[0;34mAPP     :INFO :gCapSessionHandle!!!.
[2025-06-05 15:54:16.463] [0m[0;34mAPP     :INFO :@@@ gNumberOfUserinDTPCM = 2, pRangingData->no_of_measurements = 1,i=0
[2025-06-05 15:54:16.463] [0m[0;34mAPP     :INFO :Measure_NLOS = 0, Classification_NLOS =   0
[2025-06-05 15:54:16.463] [0mMaster_Distance_to_FFF7=31
[2025-06-05 15:54:16.463] [0;34mAPP     :INFO :Conten_Distance_MasterAnchor_to_FFF7=31
[2025-06-05 15:54:16.463] [0m[0;34mAPP     :INFO :Current User ( fff7 ) status is : SystemStatus = 0 , DiscoverStatus = 5 , TransactionState = 4 , AuthenticationState = 9
[2025-06-05 15:54:16.463] [0m[0;34mAPP     :INFO :@@@ User Speed is :( fff7 ) , 2 ,(cm/s)
[2025-06-05 15:54:16.463] [0m[0;34mAPP     :INFO :@ b = 31, c = 64, x = 15, y = 16
[2025-06-05 15:54:16.464] [0m[0;34mAPP     :INFO :@ a = 100, d = 100, m = 250, Gate = 100
[2025-06-05 15:54:16.464] [0m[0;34mAPP     :INFO :################################### into red area...##################################################
[2025-06-05 15:54:16.464] [0m[0;34mAPP     :INFO :Only 1 valid card detected, started transaction
[2025-06-05 15:54:16.464] [0m[0;33mAPP     :WARN : Write Card Time < 10s. Return.
[2025-06-05 15:54:16.464] [0m
[2025-06-05 15:54:16.464] [0;32mTMLUWB  :RX < :RECV                :02001700 02000002 00BBBB00 00000000 00880006 000505FF F73D00
[2025-06-05 15:54:16.464] [0m[0;34mAPP     :INFO :gMrmSessionHandle_Test!!!
[2025-06-05 15:54:16.464] [0mMaster_Distance_to_Slave=61
[2025-06-05 15:54:16.464] [0;34mAPP     :INFO :Conten_Distance_SlaveAnchor[BBBB]_to_FFF7=61
[2025-06-05 15:54:16.464] [0m{"@POSITION": 1, "Master": 31, "Slave": 61, "Gate": 100, "nLos": 0, "idx": 0, "LiftDeep": 64, "RedAreaH": 0, "BlueAreaH": 250, "Speed":2, "User-X":15, "User-Y":16, "User-Z":0,"Auth":9, "Trans":4}
[2025-06-05 15:54:16.691] [0;32mTMLUWB  :RX < :RECV                :62000048 8C1A0000 01000000 00FA0000 00010000 05000001 00000000 01FFF700 00200000 00640000 64000000 00000003 80000000 00000000 00000000 0E000000 00010300 01030000 00000000
[2025-06-05 15:54:16.691] [0m[0;34mAPP     :INFO :@@@ updateKeepAlive( ): User[1] FFF7 Keep alive = 79
[2025-06-05 15:54:16.691] [0m[0;34mAPP     :INFO :gCapSessionHandle!!!.
[2025-06-05 15:54:16.691] [0m[0;34mAPP     :INFO :@@@ gNumberOfUserinDTPCM = 2, pRangingData->no_of_measurements = 1,i=0
[2025-06-05 15:54:16.691] [0m[0;34mAPP     :INFO :Measure_NLOS = 0, Classification_NLOS =   0
[2025-06-05 15:54:16.691] [0mMaster_Distance_to_FFF7=32
[2025-06-05 15:54:16.692] [0;34mAPP     :INFO :Conten_Distance_MasterAnchor_to_FFF7=32
[2025-06-05 15:54:16.692] [0m[0;34mAPP     :INFO :Current User ( fff7 ) status is : SystemStatus = 0 , DiscoverStatus = 5 , TransactionState = 4 , AuthenticationState = 9
[2025-06-05 15:54:16.692] [0m[0;34mAPP     :INFO :@@@ User Speed is :( fff7 ) , 1 ,(cm/s)
[2025-06-05 15:54:16.692] [0m[0;34mAPP     :INFO :@ b = 32, c = 61, x = 13, y = 18
[2025-06-05 15:54:16.693] [0m[0;34mAPP     :INFO :@ a = 100, d = 100, m = 250, Gate = 100
[2025-06-05 15:54:16.693] [0m[0;34mAPP     :INFO :################################### into red area...##################################################
[2025-06-05 15:54:16.693] [0m[0;34mAPP     :INFO :Only 1 valid card detected, started transaction
[2025-06-05 15:54:16.693] [0m[0;33mAPP     :WARN : Write Card Time < 10s. Return.
[2025-06-05 15:54:16.693] [0m
[2025-06-05 15:54:16.693] [0;32mTMLUWB  :RX < :RECV                :02001700 02000002 00BBBB00 00000000 00890006 000505FF F74100
[2025-06-05 15:54:16.693] [0m[0;34mAPP     :INFO :gMrmSessionHandle_Test!!!
[2025-06-05 15:54:16.693] [0mMaster_Distance_to_Slave=65
[2025-06-05 15:54:16.694] [0;34mAPP     :INFO :Conten_Distance_SlaveAnchor[BBBB]_to_FFF7=65
[2025-06-05 15:54:16.694] [0m{"@POSITION": 1, "Master": 32, "Slave": 65, "Gate": 100, "nLos": 0, "idx": 0, "LiftDeep": 64, "RedAreaH": 0, "BlueAreaH": 250, "Speed":1, "User-X":13, "User-Y":18, "User-Z":0,"Auth":9, "Trans":4}
[2025-06-05 15:54:16.944] [0;32mTMLUWB  :RX < :RECV                :62000048 8D1A0000 01000000 00FA0000 00010000 05000001 00000000 01FFF700 00200000 00640000 64000000 00000003 80000000 00000000 00000000 0E000000 00010300 01030000 00000000
[2025-06-05 15:54:16.944] [0m[0;34mAPP     :INFO :@@@ updateKeepAlive( ): User[1] FFF7 Keep alive = 79
[2025-06-05 15:54:16.944] [0m[0;34mAPP     :INFO :gCapSessionHandle!!!.
[2025-06-05 15:54:16.945] [0m[0;34mAPP     :INFO :@@@ gNumberOfUserinDTPCM = 2, pRangingData->no_of_measurements = 1,i=0
[2025-06-05 15:54:16.945] [0m[0;34mAPP     :INFO :Measure_NLOS = 0, Classification_NLOS =   0
[2025-06-05 15:54:16.945] [0mMaster_Distance_to_FFF7=32
[2025-06-05 15:54:16.945] [0;34mAPP     :INFO :Conten_Distance_MasterAnchor_to_FFF7=32
[2025-06-05 15:54:16.945] [0m[0;34mAPP     :INFO :Current User ( fff7 ) status is : SystemStatus = 0 , DiscoverStatus = 5 , TransactionState = 4 , AuthenticationState = 9
[2025-06-05 15:54:16.945] [0m[0;34mAPP     :INFO :@@@ User Speed is :( fff7 ) , 0 ,(cm/s)
[2025-06-05 15:54:16.945] [0m[0;34mAPP     :INFO :@ b = 32, c = 65, x = 16, y = 11
[2025-06-05 15:54:16.945] [0m[0;34mAPP     :INFO :@ a = 100, d = 100, m = 250, Gate = 100
[2025-06-05 15:54:16.945] [0m[0;34mAPP     :INFO :################################### into red area...##################################################
[2025-06-05 15:54:16.945] [0m[0;34mAPP     :INFO :Only 1 valid card detected, started transaction
[2025-06-05 15:54:16.945] [0m[0;33mAPP     :WARN : Write Card Time < 10s. Return.
[2025-06-05 15:54:16.945] [0m
[2025-06-05 15:54:16.945] [0;32mTMLUWB  :RX < :RECV                :02001700 02000002 00BBBB00 00000000 008A0006 000505FF F74000
[2025-06-05 15:54:16.945] [0m[0;34mAPP     :INFO :gMrmSessionHandle_Test!!!
[2025-06-05 15:54:16.945] [0mMaster_Distance_to_Slave=64
[2025-06-05 15:54:16.945] [0;34mAPP     :INFO :Conten_Distance_SlaveAnchor[BBBB]_to_FFF7=64
[2025-06-05 15:54:16.945] [0m{"@POSITION": 1, "Master": 32, "Slave": 64, "Gate": 100, "nLos": 0, "idx": 0, "LiftDeep": 64, "RedAreaH": 0, "BlueAreaH": 250, "Speed":0, "User-X":16, "User-Y":11, "User-Z":0,"Auth":9, "Trans":4}
[2025-06-05 15:54:17.192] [0;32mTMLUWB  :RX < :RECV                :62000048 8E1A0000 01000000 00FA0000 00010000 05000001 00000000 01FFF700 001E0000 00640000 64000000 00000003 7F000000 00000000 00000000 0E000000 00010300 01030000 00000000
[2025-06-05 15:54:17.192] [0m[0;34mAPP     :INFO :@@@ updateKeepAlive( ): User[1] FFF7 Keep alive = 79
[2025-06-05 15:54:17.192] [0m[0;34mAPP     :INFO :gCapSessionHandle!!!.
[2025-06-05 15:54:17.193] [0m[0;34mAPP     :INFO :@@@ gNumberOfUserinDTPCM = 2, pRangingData->no_of_measurements = 1,i=0
[2025-06-05 15:54:17.193] [0m[0;34mAPP     :INFO :Measure_NLOS = 0, Classification_NLOS =   0
[2025-06-05 15:54:17.193] [0mMaster_Distance_to_FFF7=30
[2025-06-05 15:54:17.193] [0;34mAPP     :INFO :Conten_Distance_MasterAnchor_to_FFF7=30
[2025-06-05 15:54:17.197] [0m[0;34mAPP     :INFO :Current User ( fff7 ) status is : SystemStatus = 0 , DiscoverStatus = 5 , TransactionState = 4 , AuthenticationState = 9
[2025-06-05 15:54:17.197] [0m[0;34mAPP     :INFO :@@@ User Speed is :( fff7 ) , 2 ,(cm/s)
[2025-06-05 15:54:17.204] [0m[0;34mAPP     :INFO :@ b = 30, c = 64, x = 15, y = 18
[2025-06-05 15:54:17.209] [0m[0;34mAPP     :INFO :@ a = 100, d = 100, m = 250, Gate = 100
[2025-06-05 15:54:17.215] [0m[0;34mAPP     :INFO :################################### into red area...##################################################
[2025-06-05 15:54:17.225] [0m[0;34mAPP     :INFO :Only 1 valid card detected, started transaction
[2025-06-05 15:54:17.225] [0m[0;33mAPP     :WARN : Write Card Time < 10s. Return.
[2025-06-05 15:54:17.225] [0m
[2025-06-05 15:54:17.225] [0;32mTMLUWB  :RX < :RECV                :02001700 02000002 00BBBB00 00000000 008B0006 000505FF F73E00
[2025-06-05 15:54:17.226] [0m[0;34mAPP     :INFO :gMrmSessionHandle_Test!!!
[2025-06-05 15:54:17.226] [0mMaster_Distance_to_Slave=62
[2025-06-05 15:54:17.226] [0;34mAPP     :INFO :Conten_Distance_SlaveAnchor[BBBB]_to_FFF7=62
[2025-06-05 15:54:17.226] [0m{"@POSITION": 1, "Master": 30, "Slave": 62, "Gate": 100, "nLos": 0, "idx": 0, "LiftDeep": 63, "RedAreaH": 0, "BlueAreaH": 250, "Speed":2, "User-X":15, "User-Y":18, "User-Z":0,"Auth":9, "Trans":4}
[2025-06-05 15:54:17.439] [0;32mTMLUWB  :RX < :RECV                :62000048 8F1A0000 01000000 00FA0000 00010000 05000001 00000000 01FFF700 001E0000 00640000 64000000 00000003 80000000 00000000 00000000 0E000000 00010300 01030000 00000000
[2025-06-05 15:54:17.440] [0m[0;34mAPP     :INFO :@@@ updateKeepAlive( ): User[1] FFF7 Keep alive = 79
[2025-06-05 15:54:17.440] [0m[0;34mAPP     :INFO :gCapSessionHandle!!!.
[2025-06-05 15:54:17.440] [0m[0;34mAPP     :INFO :@@@ gNumberOfUserinDTPCM = 2, pRangingData->no_of_measurements = 1,i=0
[2025-06-05 15:54:17.441] [0m[0;34mAPP     :INFO :Measure_NLOS = 0, Classification_NLOS =   0
[2025-06-05 15:54:17.441] [0mMaster_Distance_to_FFF7=30
[2025-06-05 15:54:17.441] [0;34mAPP     :INFO :Conten_Distance_MasterAnchor_to_FFF7=30
[2025-06-05 15:54:17.441] [0m[0;34mAPP     :INFO :Current User ( fff7 ) status is : SystemStatus = 0 , DiscoverStatus = 5 , TransactionState = 4 , AuthenticationState = 9
[2025-06-05 15:54:17.441] [0m[0;34mAPP     :INFO :@@@ User Speed is :( fff7 ) , 1 ,(cm/s)
[2025-06-05 15:54:17.442] [0m[0;34mAPP     :INFO :@ b = 30, c = 62, x = 14, y = 19
[2025-06-05 15:54:17.442] [0m[0;34mAPP     :INFO :@ a = 100, d = 100, m = 250, Gate = 100
[2025-06-05 15:54:17.442] [0m[0;34mAPP     :INFO :################################### into red area...##################################################
[2025-06-05 15:54:17.442] [0m[0;34mAPP     :INFO :Only 1 valid card detected, started transaction
[2025-06-05 15:54:17.442] [0m[0;33mAPP     :WARN : Write Card Time < 10s. Return.
[2025-06-05 15:54:17.442] [0m
[2025-06-05 15:54:17.442] [0;32mTMLUWB  :RX < :RECV                :02001700 02000002 00BBBB00 00000000 008C0006 000505FF F73F00
[2025-06-05 15:54:17.442] [0m[0;34mAPP     :INFO :gMrmSessionHandle_Test!!!
[2025-06-05 15:54:17.442] [0mMaster_Distance_to_Slave=63
[2025-06-05 15:54:17.442] [0;34mAPP     :INFO :Conten_Distance_SlaveAnchor[BBBB]_to_FFF7=63
[2025-06-05 15:54:17.442] [0m{"@POSITION": 1, "Master": 30, "Slave": 63, "Gate": 100, "nLos": 0, "idx": 0, "LiftDeep": 64, "RedAreaH": 0, "BlueAreaH": 250, "Speed":1, "User-X":14, "User-Y":19, "User-Z":0,"Auth":9, "Trans":4}
[2025-06-05 15:54:17.706] [0;32mTMLUWB  :RX < :RECV                :62000048 901A0000 01000000 00FA0000 00010000 05000001 00000000 01FFF700 001C0000 00640000 64000000 00000003 81000000 00000000 00000000 0E000000 00010300 01030000 00000000
[2025-06-05 15:54:17.709] [0m[0;34mAPP     :INFO :@@@ updateKeepAlive( ): User[1] FFF7 Keep alive = 79
[2025-06-05 15:54:17.710] [0m[0;34mAPP     :INFO :gCapSessionHandle!!!.
[2025-06-05 15:54:17.715] [0m[0;34mAPP     :INFO :@@@ gNumberOfUserinDTPCM = 2, pRangingData->no_of_measurements = 1,i=0
[2025-06-05 15:54:17.727] [0m[0;34mAPP     :INFO :Measure_NLOS = 0, Classification_NLOS =   0
[2025-06-05 15:54:17.731] [0mMaster_Distance_to_FFF7=28
[2025-06-05 15:54:17.731] [0;34mAPP     :INFO :Conten_Distance_MasterAnchor_to_FFF7=28
[2025-06-05 15:54:17.731] [0m[0;34mAPP     :INFO :Current User ( fff7 ) status is : SystemStatus = 0 , DiscoverStatus = 5 , TransactionState = 4 , AuthenticationState = 9
[2025-06-05 15:54:17.731] [0m[0;34mAPP     :INFO :@@@ User Speed is :( fff7 ) , 10 ,(cm/s)
[2025-06-05 15:54:17.731] [0m[0;34mAPP     :INFO :@ b = 28, c = 63, x = 15, y = 21
[2025-06-05 15:54:17.731] [0m[0;34mAPP     :INFO :@ a = 100, d = 100, m = 250, Gate = 100
[2025-06-05 15:54:17.731] [0m[0;34mAPP     :INFO :################################### into red area...##################################################
[2025-06-05 15:54:17.731] [0m[0;34mAPP     :INFO :Only 1 valid card detected, started transaction
[2025-06-05 15:54:17.731] [0m[0;33mAPP     :WARN : Write Card Time < 10s. Return.
[2025-06-05 15:54:17.731] [0m
[2025-06-05 15:54:17.731] [0;32mTMLUWB  :RX < :RECV                :02001700 02000002 00BBBB00 00000000 008D0006 000505FF F74000
[2025-06-05 15:54:17.731] [0m[0;34mAPP     :INFO :gMrmSessionHandle_Test!!!
[2025-06-05 15:54:17.731] [0mMaster_Distance_to_Slave=64
[2025-06-05 15:54:17.731] [0;34mAPP     :INFO :Conten_Distance_SlaveAnchor[BBBB]_to_FFF7=64
[2025-06-05 15:54:17.731] [0m{"@POSITION": 1, "Master": 28, "Slave": 64, "Gate": 100, "nLos": 0, "idx": 0, "LiftDeep": 64, "RedAreaH": 0, "BlueAreaH": 250, "Speed":10, "User-X":15, "User-Y":21, "User-Z":0,"Auth":9, "Trans":4}
[2025-06-05 15:54:17.954] [0;32mTMLUWB  :RX < :RECV                :62000048 911A0000 01000000 00FA0000 00010000 05000001 00000000 01FFF700 00200000 00640000 64000000 00000003 81000000 00000000 00000000 0E000000 00010300 01030000 00000000
[2025-06-05 15:54:17.955] [0m[0;34mAPP     :INFO :@@@ updateKeepAlive( ): User[1] FFF7 Keep alive = 79
[2025-06-05 15:54:17.955] [0m[0;34mAPP     :INFO :gCapSessionHandle!!!.
[2025-06-05 15:54:17.955] [0m[0;34mAPP     :INFO :@@@ gNumberOfUserinDTPCM = 2, pRangingData->no_of_measurements = 1,i=0
[2025-06-05 15:54:17.955] [0m[0;34mAPP     :INFO :Measure_NLOS = 0, Classification_NLOS =   0
[2025-06-05 15:54:17.955] [0mMaster_Distance_to_FFF7=32
[2025-06-05 15:54:17.957] [0;34mAPP     :INFO :Conten_Distance_MasterAnchor_to_FFF7=32
[2025-06-05 15:54:17.957] [0m[0;34mAPP     :INFO :Current User ( fff7 ) status is : SystemStatus = 0 , DiscoverStatus = 5 , TransactionState = 4 , AuthenticationState = 9
[2025-06-05 15:54:17.957] [0m[0;34mAPP     :INFO :@@@ User Speed is :( fff7 ) , 4 ,(cm/s)
[2025-06-05 15:54:17.963] [0m[0;34mAPP     :INFO :@ b = 32, c = 64, x = 15, y = 14
[2025-06-05 15:54:17.968] [0m[0;34mAPP     :INFO :@ a = 100, d = 100, m = 250, Gate = 100
[2025-06-05 15:54:17.972] [0m[0;34mAPP     :INFO :################################### into red area...##################################################
[2025-06-05 15:54:17.974] [0m[0;34mAPP     :INFO :Only 1 valid card detected, started transaction
[2025-06-05 15:54:17.974] [0m[0;33mAPP     :WARN : Write Card Time < 10s. Return.
[2025-06-05 15:54:17.974] [0m
[2025-06-05 15:54:17.974] [0;32mTMLUWB  :RX < :RECV                :02001700 02000002 00BBBB00 00000000 008E0006 000505FF F73F00
[2025-06-05 15:54:17.974] [0m[0;34mAPP     :INFO :gMrmSessionHandle_Test!!!
[2025-06-05 15:54:17.974] [0mMaster_Distance_to_Slave=63
[2025-06-05 15:54:17.974] [0;34mAPP     :INFO :Conten_Distance_SlaveAnchor[BBBB]_to_FFF7=63
[2025-06-05 15:54:17.974] [0m{"@POSITION": 1, "Master": 32, "Slave": 63, "Gate": 100, "nLos": 0, "idx": 0, "LiftDeep": 64, "RedAreaH": 0, "BlueAreaH": 250, "Speed":4, "User-X":15, "User-Y":14, "User-Z":0,"Auth":9, "Trans":4}
[2025-06-05 15:54:18.198] [0;32mTMLUWB  :RX < :RECV                :62000048 921A0000 01000000 00FA0000 00010000 05000001 00000000 01FFF700 001D0000 00640000 64000000 00000003 80000000 00000000 00000000 0E000000 00010300 01030000 00000000
[2025-06-05 15:54:18.198] [0m[0;34mAPP     :INFO :@@@ updateKeepAlive( ): User[1] FFF7 Keep alive = 79
[2025-06-05 15:54:18.198] [0m[0;34mAPP     :INFO :gCapSessionHandle!!!.
[2025-06-05 15:54:18.198] [0m[0;34mAPP     :INFO :@@@ gNumberOfUserinDTPCM = 2, pRangingData->no_of_measurements = 1,i=0
[2025-06-05 15:54:18.198] [0m[0;34mAPP     :INFO :Measure_NLOS = 0, Classification_NLOS =   0
[2025-06-05 15:54:18.198] [0mMaster_Distance_to_FFF7=29
[2025-06-05 15:54:18.198] [0;34mAPP     :INFO :Conten_Distance_MasterAnchor_to_FFF7=29
[2025-06-05 15:54:18.198] [0m[0;34mAPP     :INFO :Current User ( fff7 ) status is : SystemStatus = 0 , DiscoverStatus = 5 , TransactionState = 4 , AuthenticationState = 9
[2025-06-05 15:54:18.198] [0m[0;34mAPP     :INFO :@@@ User Speed is :( fff7 ) , 1 ,(cm/s)
[2025-06-05 15:54:18.198] [0m[0;34mAPP     :INFO :@ b = 29, c = 63, x = 15, y = 19
[2025-06-05 15:54:18.198] [0m[0;34mAPP     :INFO :@ a = 100, d = 100, m = 250, Gate = 100
[2025-06-05 15:54:18.198] [0m[0;34mAPP     :INFO :################################### into red area...##################################################
[2025-06-05 15:54:18.198] [0m[0;34mAPP     :INFO :Only 1 valid card detected, started transaction
[2025-06-05 15:54:18.200] [0m[0;33mAPP     :WARN : Write Card Time < 10s. Return.
[2025-06-05 15:54:18.200] [0m
[2025-06-05 15:54:18.200] [0;32mTMLUWB  :RX < :RECV                :02001700 02000002 00BBBB00 00000000 008F0006 000505FF F73E00
[2025-06-05 15:54:18.200] [0m[0;34mAPP     :INFO :gMrmSessionHandle_Test!!!
[2025-06-05 15:54:18.200] [0mMaster_Distance_to_Slave=62
[2025-06-05 15:54:18.200] [0;34mAPP     :INFO :Conten_Distance_SlaveAnchor[BBBB]_to_FFF7=62
[2025-06-05 15:54:18.200] [0m{"@POSITION": 1, "Master": 29, "Slave": 62, "Gate": 100, "nLos": 0, "idx": 0, "LiftDeep": 64, "RedAreaH": 0, "BlueAreaH": 250, "Speed":1, "User-X":15, "User-Y":19, "User-Z":0,"Auth":9, "Trans":4}
[2025-06-05 15:54:18.456] [0;32mTMLUWB  :RX < :RECV                :62000048 931A0000 01000000 00FA0000 00010000 05000001 00000000 01FFF700 001F0000 00640000 64000000 00000003 80000000 00000000 00000000 0E000000 00010300 01030000 00000000
[2025-06-05 15:54:18.457] [0m[0;34mAPP     :INFO :@@@ updateKeepAlive( ): User[1] FFF7 Keep alive = 79
[2025-06-05 15:54:18.457] [0m[0;34mAPP     :INFO :gCapSessionHandle!!!.
[2025-06-05 15:54:18.460] [0m[0;34mAPP     :INFO :@@@ gNumberOfUserinDTPCM = 2, pRangingData->no_of_measurements = 1,i=0
[2025-06-05 15:54:18.460] [0m[0;34mAPP     :INFO :Measure_NLOS = 0, Classification_NLOS =   0
[2025-06-05 15:54:18.460] [0mMaster_Distance_to_FFF7=31
[2025-06-05 15:54:18.465] [0;34mAPP     :INFO :Conten_Distance_MasterAnchor_to_FFF7=31
[2025-06-05 15:54:18.471] [0m[0;34mAPP     :INFO :Current User ( fff7 ) status is : SystemStatus = 0 , DiscoverStatus = 5 , TransactionState = 4 , AuthenticationState = 9
[2025-06-05 15:54:18.474] [0m[0;34mAPP     :INFO :@@@ User Speed is :( fff7 ) , 3 ,(cm/s)
[2025-06-05 15:54:18.474] [0m[0;34mAPP     :INFO :@ b = 31, c = 62, x = 14, y = 18
[2025-06-05 15:54:18.474] [0m[0;34mAPP     :INFO :@ a = 100, d = 100, m = 250, Gate = 100
[2025-06-05 15:54:18.474] [0m[0;34mAPP     :INFO :################################### into red area...##################################################
[2025-06-05 15:54:18.474] [0m[0;34mAPP     :INFO :Only 1 valid card detected, started transaction
[2025-06-05 15:54:18.474] [0m[0;33mAPP     :WARN : Write Card Time < 10s. Return.
[2025-06-05 15:54:18.474] [0m
[2025-06-05 15:54:18.474] [0;32mTMLUWB  :RX < :RECV                :02001700 02000002 00BBBB00 00000000 00900006 000505FF F74300
[2025-06-05 15:54:18.474] [0m[0;34mAPP     :INFO :gMrmSessionHandle_Test!!!
[2025-06-05 15:54:18.474] [0mMaster_Distance_to_Slave=67
[2025-06-05 15:54:18.474] [0;34mAPP     :INFO :Conten_Distance_SlaveAnchor[BBBB]_to_FFF7=67
[2025-06-05 15:54:18.475] [0m{"@POSITION": 1, "Master": 31, "Slave": 67, "Gate": 100, "nLos": 0, "idx": 0, "LiftDeep": 64, "RedAreaH": 0, "BlueAreaH": 250, "Speed":3, "User-X":14, "User-Y":18, "User-Z":0,"Auth":9, "Trans":4}
[2025-06-05 15:54:18.701] [0;32mTMLUWB  :RX < :RECV                :62000048 941A0000 01000000 00FA0000 00010000 05000001 00000000 01FFF700 00200000 00640000 64000000 00000003 7F000000 00000000 00000000 0E000000 00010300 01030000 00000000
[2025-06-05 15:54:18.701] [0m[0;34mAPP     :INFO :@@@ updateKeepAlive( ): User[1] FFF7 Keep alive = 79
[2025-06-05 15:54:18.702] [0m[0;34mAPP     :INFO :gCapSessionHandle!!!.
[2025-06-05 15:54:18.702] [0m[0;34mAPP     :INFO :@@@ gNumberOfUserinDTPCM = 2, pRangingData->no_of_measurements = 1,i=0
[2025-06-05 15:54:18.702] [0m[0;34mAPP     :INFO :Measure_NLOS = 0, Classification_NLOS =   0
[2025-06-05 15:54:18.702] [0mMaster_Distance_to_FFF7=32
[2025-06-05 15:54:18.702] [0;34mAPP     :INFO :Conten_Distance_MasterAnchor_to_FFF7=32
[2025-06-05 15:54:18.702] [0m[0;34mAPP     :INFO :Current User ( fff7 ) status is : SystemStatus = 0 , DiscoverStatus = 5 , TransactionState = 4 , AuthenticationState = 9
[2025-06-05 15:54:18.703] [0m[0;34mAPP     :INFO :@@@ User Speed is :( fff7 ) , 6 ,(cm/s)
[2025-06-05 15:54:18.703] [0m[0;34mAPP     :INFO :@ b = 32, c = 67, x = 17, y = 8
[2025-06-05 15:54:18.703] [0m[0;34mAPP     :INFO :@ a = 100, d = 100, m = 250, Gate = 100
[2025-06-05 15:54:18.703] [0m[0;34mAPP     :INFO :################################### into red area...##################################################
[2025-06-05 15:54:18.703] [0m[0;34mAPP     :INFO :Only 1 valid card detected, started transaction
[2025-06-05 15:54:18.703] [0m[0;33mAPP     :WARN : Write Card Time < 10s. Return.
[2025-06-05 15:54:18.703] [0m
[2025-06-05 15:54:18.703] [0;32mTMLUWB  :RX < :RECV                :02001700 02000002 00BBBB00 00000000 00910006 000505FF F74300
[2025-06-05 15:54:18.703] [0m[0;34mAPP     :INFO :gMrmSessionHandle_Test!!!
[2025-06-05 15:54:18.703] [0mMaster_Distance_to_Slave=67
[2025-06-05 15:54:18.703] [0;34mAPP     :INFO :Conten_Distance_SlaveAnchor[BBBB]_to_FFF7=67
[2025-06-05 15:54:18.703] [0m{"@POSITION": 1, "Master": 32, "Slave": 67, "Gate": 100, "nLos": 0, "idx": 0, "LiftDeep": 63, "RedAreaH": 0, "BlueAreaH": 250, "Speed":6, "User-X":17, "User-Y":8, "User-Z":0,"Auth":9, "Trans":4}
[2025-06-05 15:54:18.966] [0;32mTMLUWB  :RX < :RECV                :62000048 951A0000 01000000 00FA0000 00010000 05000001 00000000 01FFF700 001F0000 00640000 64000000 00000003 7F000000 00000000 00000000 0E000000 00010300 01030000 00000000
[2025-06-05 15:54:18.966] [0m[0;34mAPP     :INFO :@@@ updateKeepAlive( ): User[1] FFF7 Keep alive = 79
[2025-06-05 15:54:18.966] [0m[0;34mAPP     :INFO :gCapSessionHandle!!!.
[2025-06-05 15:54:18.968] [0m[0;34mAPP     :INFO :@@@ gNumberOfUserinDTPCM = 2, pRangingData->no_of_measurements = 1,i=0
[2025-06-05 15:54:18.968] [0m[0;34mAPP     :INFO :Measure_NLOS = 0, Classification_NLOS =   0
[2025-06-05 15:54:18.968] [0mMaster_Distance_to_FFF7=31
[2025-06-05 15:54:18.968] [0;34mAPP     :INFO :Conten_Distance_MasterAnchor_to_FFF7=31
[2025-06-05 15:54:18.968] [0m[0;34mAPP     :INFO :Current User ( fff7 ) status is : SystemStatus = 0 , DiscoverStatus = 5 , TransactionState = 4 , AuthenticationState = 9
[2025-06-05 15:54:18.972] [0m[0;34mAPP     :INFO :@@@ User Speed is :( fff7 ) , 8 ,(cm/s)
[2025-06-05 15:54:18.973] [0m[0;34mAPP     :INFO :@ b = 31, c = 67, x = 17, y = 11
[2025-06-05 15:54:18.978] [0m[0;34mAPP     :INFO :@ a = 100, d = 100, m = 250, Gate = 100
[2025-06-05 15:54:18.984] [0m[0;34mAPP     :INFO :################################### into red area...##################################################
[2025-06-05 15:54:18.995] [0m[0;34mAPP     :INFO :Only 1 valid card detected, started transaction
[2025-06-05 15:54:18.998] [0m[0;33mAPP     :WARN : Write Card Time < 10s. Return.
[2025-06-05 15:54:18.998] [0m
[2025-06-05 15:54:18.998] [0;32mTMLUWB  :RX < :RECV                :02001700 02000002 00BBBB00 00000000 00920006 000505FF F73E00
[2025-06-05 15:54:18.998] [0m[0;34mAPP     :INFO :gMrmSessionHandle_Test!!!
[2025-06-05 15:54:18.998] [0mMaster_Distance_to_Slave=62
[2025-06-05 15:54:18.998] [0;34mAPP     :INFO :Conten_Distance_SlaveAnchor[BBBB]_to_FFF7=62
[2025-06-05 15:54:18.998] [0m{"@POSITION": 1, "Master": 31, "Slave": 62, "Gate": 100, "nLos": 0, "idx": 0, "LiftDeep": 63, "RedAreaH": 0, "BlueAreaH": 250, "Speed":8, "User-X":17, "User-Y":11, "User-Z":0,"Auth":9, "Trans":4}
[2025-06-05 15:54:19.191] [0;32mTMLUWB  :RX < :RECV                :62000048 961A0000 01000000 00FA0000 00010000 05000001 00000000 01FFF700 001F0000 00640000 64000000 00000003 7F000000 00000000 00000000 0E000000 00010300 01030000 00000000
[2025-06-05 15:54:19.191] [0m[0;34mAPP     :INFO :@@@ updateKeepAlive( ): User[1] FFF7 Keep alive = 79
[2025-06-05 15:54:19.192] [0m[0;34mAPP     :INFO :gCapSessionHandle!!!.
[2025-06-05 15:54:19.192] [0m[0;34mAPP     :INFO :@@@ gNumberOfUserinDTPCM = 2, pRangingData->no_of_measurements = 1,i=0
[2025-06-05 15:54:19.192] [0m[0;34mAPP     :INFO :Measure_NLOS = 0, Classification_NLOS =   0
[2025-06-05 15:54:19.192] [0mMaster_Distance_to_FFF7=31
[2025-06-05 15:54:19.192] [0;34mAPP     :INFO :Conten_Distance_MasterAnchor_to_FFF7=31
[2025-06-05 15:54:19.192] [0m[0;34mAPP     :INFO :Current User ( fff7 ) status is : SystemStatus = 0 , DiscoverStatus = 5 , TransactionState = 4 , AuthenticationState = 9
[2025-06-05 15:54:19.192] [0m[0;34mAPP     :INFO :@@@ User Speed is :( fff7 ) , 0 ,(cm/s)
[2025-06-05 15:54:19.192] [0m[0;34mAPP     :INFO :@ b = 31, c = 62, x = 14, y = 18
[2025-06-05 15:54:19.192] [0m[0;34mAPP     :INFO :@ a = 100, d = 100, m = 250, Gate = 100
[2025-06-05 15:54:19.192] [0m[0;34mAPP     :INFO :################################### into red area...##################################################
[2025-06-05 15:54:19.192] [0m[0;34mAPP     :INFO :Only 1 valid card detected, started transaction
[2025-06-05 15:54:19.192] [0m[0;33mAPP     :WARN : Write Card Time < 10s. Return.
[2025-06-05 15:54:19.192] [0m
[2025-06-05 15:54:19.192] [0;32mTMLUWB  :RX < :RECV                :02001700 02000002 00BBBB00 00000000 00930006 000505FF F74000
[2025-06-05 15:54:19.192] [0m[0;34mAPP     :INFO :gMrmSessionHandle_Test!!!
[2025-06-05 15:54:19.192] [0mMaster_Distance_to_Slave=64
[2025-06-05 15:54:19.192] [0;34mAPP     :INFO :Conten_Distance_SlaveAnchor[BBBB]_to_FFF7=64
[2025-06-05 15:54:19.196] [0m{"@POSITION": 1, "Master": 31, "Slave": 64, "Gate": 100, "nLos": 0, "idx": 0, "LiftDeep": 63, "RedAreaH": 0, "BlueAreaH": 250, "Speed":0, "User-X":14, "User-Y":18, "User-Z":0,"Auth":9, "Trans":4}
[2025-06-05 15:54:19.465] [0;32mTMLUWB  :RX < :RECV                :62000048 971A0000 01000000 00FA0000 00010000 05000001 00000000 01FFF700 001D0000 00640000 64000000 00000003 81000000 00000000 00000000 0E000000 00010300 01030000 00000000
[2025-06-05 15:54:19.465] [0m[0;34mAPP     :INFO :@@@ updateKeepAlive( ): User[1] FFF7 Keep alive = 79
[2025-06-05 15:54:19.465] [0m[0;34mAPP     :INFO :gCapSessionHandle!!!.
[2025-06-05 15:54:19.465] [0m[0;34mAPP     :INFO :@@@ gNumberOfUserinDTPCM = 2, pRangingData->no_of_measurements = 1,i=0
[2025-06-05 15:54:19.465] [0m[0;34mAPP     :INFO :Measure_NLOS = 0, Classification_NLOS =   0
[2025-06-05 15:54:19.465] [0mMaster_Distance_to_FFF7=29
[2025-06-05 15:54:19.465] [0;34mAPP     :INFO :Conten_Distance_MasterAnchor_to_FFF7=29
[2025-06-05 15:54:19.465] [0m[0;34mAPP     :INFO :Current User ( fff7 ) status is : SystemStatus = 0 , DiscoverStatus = 5 , TransactionState = 4 , AuthenticationState = 9
[2025-06-05 15:54:19.465] [0m[0;34mAPP     :INFO :@@@ User Speed is :( fff7 ) , 9 ,(cm/s)
[2025-06-05 15:54:19.465] [0m[0;34mAPP     :INFO :@ b = 29, c = 64, x = 16, y = 17
[2025-06-05 15:54:19.467] [0m[0;34mAPP     :INFO :@ a = 100, d = 100, m = 250, Gate = 100
[2025-06-05 15:54:19.467] [0m[0;34mAPP     :INFO :################################### into red area...##################################################
[2025-06-05 15:54:19.467] [0m[0;34mAPP     :INFO :Only 1 valid card detected, started transaction
[2025-06-05 15:54:19.467] [0m[0;33mAPP     :WARN : Write Card Time < 10s. Return.
[2025-06-05 15:54:19.467] [0m
[2025-06-05 15:54:19.467] [0;32mTMLUWB  :RX < :RECV                :02001700 02000002 00BBBB00 00000000 00940006 000505FF F73E00
[2025-06-05 15:54:19.467] [0m[0;34mAPP     :INFO :gMrmSessionHandle_Test!!!
[2025-06-05 15:54:19.467] [0mMaster_Distance_to_Slave=62
[2025-06-05 15:54:19.470] [0;34mAPP     :INFO :Conten_Distance_SlaveAnchor[BBBB]_to_FFF7=62
[2025-06-05 15:54:19.471] [0m{"@POSITION": 1, "Master": 29, "Slave": 62, "Gate": 100, "nLos": 0, "idx": 0, "LiftDeep": 64, "RedAreaH": 0, "BlueAreaH": 250, "Speed":9, "User-X":16, "User-Y":17, "User-Z":0,"Auth":9, "Trans":4}
[2025-06-05 15:54:19.721] [0;32mTMLUWB  :RX < :RECV                :62000048 981A0000 01000000 00FA0000 00010000 05000001 00000000 01FFF700 001D0000 00640000 64000000 00000003 80000000 00000000 00000000 0E000000 00010300 01030000 00000000
[2025-06-05 15:54:19.722] [0m[0;34mAPP     :INFO :@@@ updateKeepAlive( ): User[1] FFF7 Keep alive = 79
[2025-06-05 15:54:19.722] [0m[0;34mAPP     :INFO :gCapSessionHandle!!!.
[2025-06-05 15:54:19.722] [0m[0;34mAPP     :INFO :@@@ gNumberOfUserinDTPCM = 2, pRangingData->no_of_measurements = 1,i=0
[2025-06-05 15:54:19.722] [0m[0;34mAPP     :INFO :Measure_NLOS = 0, Classification_NLOS =   0
[2025-06-05 15:54:19.722] [0mMaster_Distance_to_FFF7=29
[2025-06-05 15:54:19.722] [0;34mAPP     :INFO :Conten_Distance_MasterAnchor_to_FFF7=29
[2025-06-05 15:54:19.722] [0m[0;34mAPP     :INFO :Current User ( fff7 ) status is : SystemStatus = 0 , DiscoverStatus = 5 , TransactionState = 4 , AuthenticationState = 9
[2025-06-05 15:54:19.722] [0m[0;34mAPP     :INFO :@@@ User Speed is :( fff7 ) , 8 ,(cm/s)
[2025-06-05 15:54:19.722] [0m[0;34mAPP     :INFO :@ b = 29, c = 62, x = 15, y = 19
[2025-06-05 15:54:19.722] [0m[0;34mAPP     :INFO :@ a = 100, d = 100, m = 250, Gate = 100
[2025-06-05 15:54:19.722] [0m[0;34mAPP     :INFO :################################### into red area...##################################################
[2025-06-05 15:54:19.722] [0m[0;34mAPP     :INFO :Only 1 valid card detected, started transaction
[2025-06-05 15:54:19.722] [0m[0;33mAPP     :WARN : Write Card Time < 10s. Return.
[2025-06-05 15:54:19.722] [0m
[2025-06-05 15:54:19.722] [0;32mTMLUWB  :RX < :RECV                :02001700 02000002 00BBBB00 00000000 00950006 000505FF F74100
[2025-06-05 15:54:19.722] [0m[0;34mAPP     :INFO :gMrmSessionHandle_Test!!!
[2025-06-05 15:54:19.722] [0mMaster_Distance_to_Slave=65
[2025-06-05 15:54:19.722] [0;34mAPP     :INFO :Conten_Distance_SlaveAnchor[BBBB]_to_FFF7=65
[2025-06-05 15:54:19.723] [0m{"@POSITION": 1, "Master": 29, "Slave": 65, "Gate": 100, "nLos": 0, "idx": 0, "LiftDeep": 64, "RedAreaH": 0, "BlueAreaH": 250, "Speed":8, "User-X":15, "User-Y":19, "User-Z":0,"Auth":9, "Trans":4}
[2025-06-05 15:54:19.957] [0;32mTMLUWB  :RX < :RECV                :62000048 991A0000 01000000 00FA0000 00010000 05000001 00000000 01FFF700 001C0000 00640000 64000000 00000003 7F000000 00000000 00000000 0E000000 00010300 01030000 00000000
[2025-06-05 15:54:19.958] [0m[0;34mAPP     :INFO :@@@ updateKeepAlive( ): User[1] FFF7 Keep alive = 79
[2025-06-05 15:54:19.958] [0m[0;34mAPP     :INFO :gCapSessionHandle!!!.
[2025-06-05 15:54:19.958] [0m[0;34mAPP     :INFO :@@@ gNumberOfUserinDTPCM = 2, pRangingData->no_of_measurements = 1,i=0
[2025-06-05 15:54:19.958] [0m[0;34mAPP     :INFO :Measure_NLOS = 0, Classification_NLOS =   0
[2025-06-05 15:54:19.958] [0mMaster_Distance_to_FFF7=28
[2025-06-05 15:54:19.958] [0;34mAPP     :INFO :Conten_Distance_MasterAnchor_to_FFF7=28
[2025-06-05 15:54:19.958] [0m[0;34mAPP     :INFO :Current User ( fff7 ) status is : SystemStatus = 0 , DiscoverStatus = 5 , TransactionState = 4 , AuthenticationState = 9
[2025-06-05 15:54:19.958] [0m[0;34mAPP     :INFO :@@@ User Speed is :( fff7 ) , 3 ,(cm/s)
[2025-06-05 15:54:19.958] [0m[0;34mAPP     :INFO :@ b = 28, c = 65, x = 17, y = 17
[2025-06-05 15:54:19.958] [0m[0;34mAPP     :INFO :@ a = 100, d = 100, m = 250, Gate = 100
[2025-06-05 15:54:19.958] [0m[0;34mAPP     :INFO :################################### into red area...##################################################
[2025-06-05 15:54:19.958] [0m[0;34mAPP     :INFO :Only 1 valid card detected, started transaction
[2025-06-05 15:54:19.958] [0m[0;33mAPP     :WARN : Write Card Time < 10s. Return.
[2025-06-05 15:54:19.958] [0m
[2025-06-05 15:54:19.958] [0;32mTMLUWB  :RX < :RECV                :02001700 02000002 00BBBB00 00000000 00960006 000505FF F73F00
[2025-06-05 15:54:19.958] [0m[0;34mAPP     :INFO :gMrmSessionHandle_Test!!!
[2025-06-05 15:54:19.958] [0mMaster_Distance_to_Slave=63
[2025-06-05 15:54:19.958] [0;34mAPP     :INFO :Conten_Distance_SlaveAnchor[BBBB]_to_FFF7=63
[2025-06-05 15:54:19.958] [0m{"@POSITION": 1, "Master": 28, "Slave": 63, "Gate": 100, "nLos": 0, "idx": 0, "LiftDeep": 63, "RedAreaH": 0, "BlueAreaH": 250, "Speed":3, "User-X":17, "User-Y":17, "User-Z":0,"Auth":9, "Trans":4}
[2025-06-05 15:54:20.215] [0;32mTMLUWB  :RX < :RECV                :62000048 9A1A0000 01000000 00FA0000 00010000 05000001 00000000 01FFF700 001F0000 00640000 64000000 00000003 7F000000 00000000 00000000 0E000000 00010300 01030000 00000000
[2025-06-05 15:54:20.215] [0m[0;34mAPP     :INFO :@@@ updateKeepAlive( ): User[1] FFF7 Keep alive = 79
[2025-06-05 15:54:20.215] [0m[0;34mAPP     :INFO :gCapSessionHandle!!!.
[2025-06-05 15:54:20.216] [0m[0;34mAPP     :INFO :@@@ gNumberOfUserinDTPCM = 2, pRangingData->no_of_measurements = 1,i=0
[2025-06-05 15:54:20.216] [0m[0;34mAPP     :INFO :Measure_NLOS = 0, Classification_NLOS =   0
[2025-06-05 15:54:20.216] [0mMaster_Distance_to_FFF7=31
[2025-06-05 15:54:20.216] [0;34mAPP     :INFO :Conten_Distance_MasterAnchor_to_FFF7=31
[2025-06-05 15:54:20.216] [0m[0;34mAPP     :INFO :Current User ( fff7 ) status is : SystemStatus = 0 , DiscoverStatus = 5 , TransactionState = 4 , AuthenticationState = 9
[2025-06-05 15:54:20.216] [0m[0;34mAPP     :INFO :@@@ User Speed is :( fff7 ) , 1 ,(cm/s)
[2025-06-05 15:54:20.216] [0m[0;34mAPP     :INFO :@ b = 31, c = 63, x = 15, y = 16
[2025-06-05 15:54:20.216] [0m[0;34mAPP     :INFO :@ a = 100, d = 100, m = 250, Gate = 100
[2025-06-05 15:54:20.216] [0m[0;34mAPP     :INFO :################################### into red area...##################################################
[2025-06-05 15:54:20.216] [0m[0;34mAPP     :INFO :Only 1 valid card detected, started transaction
[2025-06-05 15:54:20.216] [0m[0;33mAPP     :WARN : Write Card Time < 10s. Return.
[2025-06-05 15:54:20.216] [0m
[2025-06-05 15:54:20.216] [0;32mTMLUWB  :RX < :RECV                :02001700 02000002 00BBBB00 00000000 00970006 000505FF F73E00
[2025-06-05 15:54:20.216] [0m[0;34mAPP     :INFO :gMrmSessionHandle_Test!!!
[2025-06-05 15:54:20.216] [0mMaster_Distance_to_Slave=62
[2025-06-05 15:54:20.216] [0;34mAPP     :INFO :Conten_Distance_SlaveAnchor[BBBB]_to_FFF7=62
[2025-06-05 15:54:20.216] [0m{"@POSITION": 1, "Master": 31, "Slave": 62, "Gate": 100, "nLos": 0, "idx": 0, "LiftDeep": 63, "RedAreaH": 0, "BlueAreaH": 250, "Speed":1, "User-X":15, "User-Y":16, "User-Z":0,"Auth":9, "Trans":4}
[2025-06-05 15:54:20.464] [0;32mTMLUWB  :RX < :RECV                :62000048 9B1A0000 01000000 00FA0000 00010000 05000001 00000000 01FFF700 001D0000 00640000 64000000 00000003 7F000000 00000000 00000000 0E000000 00010300 01030000 00000000
[2025-06-05 15:54:20.464] [0m[0;34mAPP     :INFO :@@@ updateKeepAlive( ): User[1] FFF7 Keep alive = 79
[2025-06-05 15:54:20.470] [0m[0;34mAPP     :INFO :gCapSessionHandle!!!.
[2025-06-05 15:54:20.471] [0m[0;34mAPP     :INFO :@@@ gNumberOfUserinDTPCM = 2, pRangingData->no_of_measurements = 1,i=0
[2025-06-05 15:54:20.471] [0m[0;34mAPP     :INFO :Measure_NLOS = 0, Classification_NLOS =   0
[2025-06-05 15:54:20.471] [0mMaster_Distance_to_FFF7=29
[2025-06-05 15:54:20.471] [0;34mAPP     :INFO :Conten_Distance_MasterAnchor_to_FFF7=29
[2025-06-05 15:54:20.471] [0m[0;34mAPP     :INFO :Current User ( fff7 ) status is : SystemStatus = 0 , DiscoverStatus = 5 , TransactionState = 4 , AuthenticationState = 9
[2025-06-05 15:54:20.471] [0m[0;34mAPP     :INFO :@@@ User Speed is :( fff7 ) , 0 ,(cm/s)
[2025-06-05 15:54:20.471] [0m[0;34mAPP     :INFO :@ b = 29, c = 62, x = 15, y = 19
[2025-06-05 15:54:20.471] [0m[0;34mAPP     :INFO :@ a = 100, d = 100, m = 250, Gate = 100
[2025-06-05 15:54:20.471] [0m[0;34mAPP     :INFO :################################### into red area...##################################################
[2025-06-05 15:54:20.471] [0m[0;34mAPP     :INFO :Only 1 valid card detected, started transaction
[2025-06-05 15:54:20.471] [0m[0;33mAPP     :WARN : Write Card Time < 10s. Return.
[2025-06-05 15:54:20.471] [0m
[2025-06-05 15:54:20.471] [0;32mTMLUWB  :RX < :RECV                :02001700 02000002 00BBBB00 00000000 00980006 000505FF F73F00
[2025-06-05 15:54:20.471] [0m[0;34mAPP     :INFO :gMrmSessionHandle_Test!!!
[2025-06-05 15:54:20.471] [0mMaster_Distance_to_Slave=63
[2025-06-05 15:54:20.471] [0;34mAPP     :INFO :Conten_Distance_SlaveAnchor[BBBB]_to_FFF7=63
[2025-06-05 15:54:20.471] [0m{"@POSITION": 1, "Master": 29, "Slave": 63, "Gate": 100, "nLos": 0, "idx": 0, "LiftDeep": 63, "RedAreaH": 0, "BlueAreaH": 250, "Speed":0, "User-X":15, "User-Y":19, "User-Z":0,"Auth":9, "Trans":4}
[2025-06-05 15:54:20.717] [0;32mTMLUWB  :RX < :RECV                :62000048 9C1A0000 01000000 00FA0000 00010000 05000001 00000000 01FFF700 001C0000 00640000 64000000 00000003 80000000 00000000 00000000 0E000000 00010300 01030000 00000000
[2025-06-05 15:54:20.718] [0m[0;34mAPP     :INFO :@@@ updateKeepAlive( ): User[1] FFF7 Keep alive = 79
[2025-06-05 15:54:20.718] [0m[0;34mAPP     :INFO :gCapSessionHandle!!!.
[2025-06-05 15:54:20.719] [0m[0;34mAPP     :INFO :@@@ gNumberOfUserinDTPCM = 2, pRangingData->no_of_measurements = 1,i=0
[2025-06-05 15:54:20.719] [0m[0;34mAPP     :INFO :Measure_NLOS = 0, Classification_NLOS =   0
[2025-06-05 15:54:20.719] [0mMaster_Distance_to_FFF7=28
[2025-06-05 15:54:20.719] [0;34mAPP     :INFO :Conten_Distance_MasterAnchor_to_FFF7=28
[2025-06-05 15:54:20.719] [0m[0;34mAPP     :INFO :Current User ( fff7 ) status is : SystemStatus = 0 , DiscoverStatus = 5 , TransactionState = 4 , AuthenticationState = 9
[2025-06-05 15:54:20.719] [0m[0;34mAPP     :INFO :@@@ User Speed is :( fff7 ) , 4 ,(cm/s)
[2025-06-05 15:54:20.719] [0m[0;34mAPP     :INFO :@ b = 28, c = 63, x = 15, y = 21
[2025-06-05 15:54:20.719] [0m[0;34mAPP     :INFO :@ a = 100, d = 100, m = 250, Gate = 100
[2025-06-05 15:54:20.719] [0m[0;34mAPP     :INFO :################################### into red area...##################################################
[2025-06-05 15:54:20.719] [0m[0;34mAPP     :INFO :Only 1 valid card detected, started transaction
[2025-06-05 15:54:20.719] [0m[0;33mAPP     :WARN : Write Card Time < 10s. Return.
[2025-06-05 15:54:20.719] [0m
[2025-06-05 15:54:20.720] [0;32mTMLUWB  :RX < :RECV                :02001700 02000002 00BBBB00 00000000 00990006 000505FF F73D00
[2025-06-05 15:54:20.720] [0m[0;34mAPP     :INFO :gMrmSessionHandle_Test!!!
[2025-06-05 15:54:20.721] [0mMaster_Distance_to_Slave=61
[2025-06-05 15:54:20.721] [0;34mAPP     :INFO :Conten_Distance_SlaveAnchor[BBBB]_to_FFF7=61
[2025-06-05 15:54:20.721] [0m{"@POSITION": 1, "Master": 28, "Slave": 61, "Gate": 100, "nLos": 0, "idx": 0, "LiftDeep": 64, "RedAreaH": 0, "BlueAreaH": 250, "Speed":4, "User-X":15, "User-Y":21, "User-Z":0,"Auth":9, "Trans":4}
[2025-06-05 15:54:20.969] [0;32mTMLUWB  :RX < :RECV                :62000048 9D1A0000 01000000 00FA0000 00010000 05000001 00000000 01FFF700 001E0000 00640000 64000000 00000003 80000000 00000000 00000000 0E000000 00010300 01030000 00000000
[2025-06-05 15:54:20.969] [0m[0;34mAPP     :INFO :@@@ updateKeepAlive( ): User[1] FFF7 Keep alive = 79
[2025-06-05 15:54:20.969] [0m[0;34mAPP     :INFO :gCapSessionHandle!!!.
[2025-06-05 15:54:20.969] [0m[0;34mAPP     :INFO :@@@ gNumberOfUserinDTPCM = 2, pRangingData->no_of_measurements = 1,i=0
[2025-06-05 15:54:20.969] [0m[0;34mAPP     :INFO :Measure_NLOS = 0, Classification_NLOS =   0
[2025-06-05 15:54:20.970] [0mMaster_Distance_to_FFF7=30
[2025-06-05 15:54:20.970] [0;34mAPP     :INFO :Conten_Distance_MasterAnchor_to_FFF7=30
[2025-06-05 15:54:20.970] [0m[0;34mAPP     :INFO :Current User ( fff7 ) status is : SystemStatus = 0 , DiscoverStatus = 5 , TransactionState = 4 , AuthenticationState = 9
[2025-06-05 15:54:20.970] [0m[0;34mAPP     :INFO :@@@ User Speed is :( fff7 ) , 3 ,(cm/s)
[2025-06-05 15:54:20.970] [0m[0;34mAPP     :INFO :@ b = 30, c = 61, x = 14, y = 19
[2025-06-05 15:54:20.970] [0m[0;34mAPP     :INFO :@ a = 100, d = 100, m = 250, Gate = 100
[2025-06-05 15:54:20.970] [0m[0;34mAPP     :INFO :################################### into red area...##################################################
[2025-06-05 15:54:20.970] [0m[0;34mAPP     :INFO :Only 1 valid card detected, started transaction
[2025-06-05 15:54:20.970] [0m[0;33mAPP     :WARN : Write Card Time < 10s. Return.
[2025-06-05 15:54:20.970] [0m
[2025-06-05 15:54:20.970] [0;32mTMLUWB  :RX < :RECV                :02001700 02000002 00BBBB00 00000000 009A0006 000505FF F74200
[2025-06-05 15:54:20.970] [0m[0;34mAPP     :INFO :gMrmSessionHandle_Test!!!
[2025-06-05 15:54:20.970] [0mMaster_Distance_to_Slave=66
[2025-06-05 15:54:20.970] [0;34mAPP     :INFO :Conten_Distance_SlaveAnchor[BBBB]_to_FFF7=66
[2025-06-05 15:54:20.970] [0m{"@POSITION": 1, "Master": 30, "Slave": 66, "Gate": 100, "nLos": 0, "idx": 0, "LiftDeep": 64, "RedAreaH": 0, "BlueAreaH": 250, "Speed":3, "User-X":14, "User-Y":19, "User-Z":0,"Auth":9, "Trans":4}
[2025-06-05 15:54:21.199] [0;32mTMLUWB  :RX < :RECV                :62000048 9E1A0000 01000000 00FA0000 00010000 05000001 00000000 01FFF700 00200000 00640000 64000000 00000003 7F000000 00000000 00000000 0E000000 00010300 01030000 00000000
[2025-06-05 15:54:21.199] [0m[0;34mAPP     :INFO :@@@ updateKeepAlive( ): User[1] FFF7 Keep alive = 79
[2025-06-05 15:54:21.199] [0m[0;34mAPP     :INFO :gCapSessionHandle!!!.
[2025-06-05 15:54:21.199] [0m[0;34mAPP     :INFO :@@@ gNumberOfUserinDTPCM = 2, pRangingData->no_of_measurements = 1,i=0
[2025-06-05 15:54:21.199] [0m[0;34mAPP     :INFO :Measure_NLOS = 0, Classification_NLOS =   0
[2025-06-05 15:54:21.199] [0mMaster_Distance_to_FFF7=32
[2025-06-05 15:54:21.199] [0;34mAPP     :INFO :Conten_Distance_MasterAnchor_to_FFF7=32
[2025-06-05 15:54:21.199] [0m[0;34mAPP     :INFO :Current User ( fff7 ) status is : SystemStatus = 0 , DiscoverStatus = 5 , TransactionState = 4 , AuthenticationState = 9
[2025-06-05 15:54:21.201] [0m[0;34mAPP     :INFO :@@@ User Speed is :( fff7 ) , 8 ,(cm/s)
[2025-06-05 15:54:21.201] [0m[0;34mAPP     :INFO :@ b = 32, c = 66, x = 16, y = 11
[2025-06-05 15:54:21.201] [0m[0;34mAPP     :INFO :@ a = 100, d = 100, m = 250, Gate = 100
[2025-06-05 15:54:21.201] [0m[0;34mAPP     :INFO :################################### into red area...##################################################
[2025-06-05 15:54:21.202] [0m[0;34mAPP     :INFO :Only 1 valid card detected, started transaction
[2025-06-05 15:54:21.202] [0m[0;33mAPP     :WARN : Write Card Time < 10s. Return.
[2025-06-05 15:54:21.202] [0m
[2025-06-05 15:54:21.202] [0;32mTMLUWB  :RX < :RECV                :02001700 02000002 00BBBB00 00000000 009B0006 000505FF F73E00
[2025-06-05 15:54:21.202] [0m[0;34mAPP     :INFO :gMrmSessionHandle_Test!!!
[2025-06-05 15:54:21.202] [0mMaster_Distance_to_Slave=62
[2025-06-05 15:54:21.204] [0;34mAPP     :INFO :Conten_Distance_SlaveAnchor[BBBB]_to_FFF7=62
[2025-06-05 15:54:21.204] [0m{"@POSITION": 1, "Master": 32, "Slave": 62, "Gate": 100, "nLos": 0, "idx": 0, "LiftDeep": 63, "RedAreaH": 0, "BlueAreaH": 250, "Speed":8, "User-X":16, "User-Y":11, "User-Z":0,"Auth":9, "Trans":4}
[2025-06-05 15:54:21.461] [0;32mTMLUWB  :RX < :RECV                :62000048 9F1A0000 01000000 00FA0000 00010000 05000001 00000000 01FFF700 00200000 00640000 64000000 00000003 80000000 00000000 00000000 0E000000 00010300 01030000 00000000
[2025-06-05 15:54:21.461] [0m[0;34mAPP     :INFO :@@@ updateKeepAlive( ): User[1] FFF7 Keep alive = 79
[2025-06-05 15:54:21.461] [0m[0;34mAPP     :INFO :gCapSessionHandle!!!.
[2025-06-05 15:54:21.461] [0m[0;34mAPP     :INFO :@@@ gNumberOfUserinDTPCM = 2, pRangingData->no_of_measurements = 1,i=0
[2025-06-05 15:54:21.461] [0m[0;34mAPP     :INFO :Measure_NLOS = 0, Classification_NLOS =   0
[2025-06-05 15:54:21.462] [0mMaster_Distance_to_FFF7=32
[2025-06-05 15:54:21.462] [0;34mAPP     :INFO :Conten_Distance_MasterAnchor_to_FFF7=32
[2025-06-05 15:54:21.462] [0m[0;34mAPP     :INFO :Current User ( fff7 ) status is : SystemStatus = 0 , DiscoverStatus = 5 , TransactionState = 4 , AuthenticationState = 9
[2025-06-05 15:54:21.462] [0m[0;34mAPP     :INFO :@@@ User Speed is :( fff7 ) , 5 ,(cm/s)
[2025-06-05 15:54:21.462] [0m[0;34mAPP     :INFO :@ b = 32, c = 62, x = 14, y = 16
[2025-06-05 15:54:21.462] [0m[0;34mAPP     :INFO :@ a = 100, d = 100, m = 250, Gate = 100
[2025-06-05 15:54:21.462] [0m[0;34mAPP     :INFO :################################### into red area...##################################################
[2025-06-05 15:54:21.462] [0m[0;34mAPP     :INFO :Only 1 valid card detected, started transaction
[2025-06-05 15:54:21.462] [0m[0;33mAPP     :WARN : Write Card Time < 10s. Return.
[2025-06-05 15:54:21.462] [0m
[2025-06-05 15:54:21.462] [0;32mTMLUWB  :RX < :RECV                :02001700 02000002 00BBBB00 00000000 009C0006 000505FF F74100
[2025-06-05 15:54:21.462] [0m[0;34mAPP     :INFO :gMrmSessionHandle_Test!!!
[2025-06-05 15:54:21.462] [0mMaster_Distance_to_Slave=65
[2025-06-05 15:54:21.462] [0;34mAPP     :INFO :Conten_Distance_SlaveAnchor[BBBB]_to_FFF7=65
[2025-06-05 15:54:21.462] [0m{"@POSITION": 1, "Master": 32, "Slave": 65, "Gate": 100, "nLos": 0, "idx": 0, "LiftDeep": 64, "RedAreaH": 0, "BlueAreaH": 250, "Speed":5, "User-X":14, "User-Y":16, "User-Z":0,"Auth":9, "Trans":4}
[2025-06-05 15:54:21.701] [0;32mTMLUWB  :RX < :RECV                :62000048 A01A0000 01000000 00FA0000 00010000 05000001 00000000 01FFF700 001E0000 00640000 64000000 00000003 80000000 00000000 00000000 0E000000 00010300 01030000 00000000
[2025-06-05 15:54:21.703] [0m[0;34mAPP     :INFO :@@@ updateKeepAlive( ): User[1] FFF7 Keep alive = 79
[2025-06-05 15:54:21.704] [0m[0;34mAPP     :INFO :gCapSessionHandle!!!.
[2025-06-05 15:54:21.704] [0m[0;34mAPP     :INFO :@@@ gNumberOfUserinDTPCM = 2, pRangingData->no_of_measurements = 1,i=0
[2025-06-05 15:54:21.704] [0m[0;34mAPP     :INFO :Measure_NLOS = 0, Classification_NLOS =   0
[2025-06-05 15:54:21.704] [0mMaster_Distance_to_FFF7=30
[2025-06-05 15:54:21.705] [0;34mAPP     :INFO :Conten_Distance_MasterAnchor_to_FFF7=30
[2025-06-05 15:54:21.705] [0m[0;34mAPP     :INFO :Current User ( fff7 ) status is : SystemStatus = 0 , DiscoverStatus = 5 , TransactionState = 4 , AuthenticationState = 9
[2025-06-05 15:54:21.705] [0m[0;34mAPP     :INFO :@@@ User Speed is :( fff7 ) , 3 ,(cm/s)
[2025-06-05 15:54:21.705] [0m[0;34mAPP     :INFO :@ b = 30, c = 65, x = 16, y = 16
[2025-06-05 15:54:21.705] [0m[0;34mAPP     :INFO :@ a = 100, d = 100, m = 250, Gate = 100
[2025-06-05 15:54:21.705] [0m[0;34mAPP     :INFO :################################### into red area...##################################################
[2025-06-05 15:54:21.705] [0m[0;34mAPP     :INFO :Only 1 valid card detected, started transaction
[2025-06-05 15:54:21.705] [0m[0;33mAPP     :WARN : Write Card Time < 10s. Return.
[2025-06-05 15:54:21.705] [0m
[2025-06-05 15:54:21.705] [0;32mTMLUWB  :RX < :RECV                :02001700 02000002 00BBBB00 00000000 009D0006 000505FF F73E00
[2025-06-05 15:54:21.705] [0m[0;34mAPP     :INFO :gMrmSessionHandle_Test!!!
[2025-06-05 15:54:21.705] [0mMaster_Distance_to_Slave=62
[2025-06-05 15:54:21.705] [0;34mAPP     :INFO :Conten_Distance_SlaveAnchor[BBBB]_to_FFF7=62
[2025-06-05 15:54:21.705] [0m{"@POSITION": 1, "Master": 30, "Slave": 62, "Gate": 100, "nLos": 0, "idx": 0, "LiftDeep": 64, "RedAreaH": 0, "BlueAreaH": 250, "Speed":3, "User-X":16, "User-Y":16, "User-Z":0,"Auth":9, "Trans":4}
[2025-06-05 15:54:21.949] [0;32mTMLUWB  :RX < :RECV                :62000048 A11A0000 01000000 00FA0000 00010000 05000001 00000000 01FFF700 001E0000 00640000 64000000 00000003 7F000000 00000000 00000000 0E000000 00010300 01030000 00000000
[2025-06-05 15:54:21.949] [0m[0;34mAPP     :INFO :@@@ updateKeepAlive( ): User[1] FFF7 Keep alive = 79
[2025-06-05 15:54:21.949] [0m[0;34mAPP     :INFO :gCapSessionHandle!!!.
[2025-06-05 15:54:21.949] [0m[0;34mAPP     :INFO :@@@ gNumberOfUserinDTPCM = 2, pRangingData->no_of_measurements = 1,i=0
[2025-06-05 15:54:21.949] [0m[0;34mAPP     :INFO :Measure_NLOS = 0, Classification_NLOS =   0
[2025-06-05 15:54:21.949] [0mMaster_Distance_to_FFF7=30
[2025-06-05 15:54:21.951] [0;34mAPP     :INFO :Conten_Distance_MasterAnchor_to_FFF7=30
[2025-06-05 15:54:21.951] [0m[0;34mAPP     :INFO :Current User ( fff7 ) status is : SystemStatus = 0 , DiscoverStatus = 5 , TransactionState = 4 , AuthenticationState = 9
[2025-06-05 15:54:21.951] [0m[0;34mAPP     :INFO :@@@ User Speed is :( fff7 ) , 8 ,(cm/s)
[2025-06-05 15:54:21.951] [0m[0;34mAPP     :INFO :@ b = 30, c = 62, x = 14, y = 19
[2025-06-05 15:54:21.951] [0m[0;34mAPP     :INFO :@ a = 100, d = 100, m = 250, Gate = 100
[2025-06-05 15:54:21.951] [0m[0;34mAPP     :INFO :################################### into red area...##################################################
[2025-06-05 15:54:21.951] [0m[0;34mAPP     :INFO :Only 1 valid card detected, started transaction
[2025-06-05 15:54:21.951] [0m[0;33mAPP     :WARN : Write Card Time < 10s. Return.
[2025-06-05 15:54:21.951] [0m
[2025-06-05 15:54:21.951] [0;32mTMLUWB  :RX < :RECV                :02001700 02000002 00BBBB00 00000000 009E0006 000505FF F73D00
[2025-06-05 15:54:21.951] [0m[0;34mAPP     :INFO :gMrmSessionHandle_Test!!!
[2025-06-05 15:54:21.951] [0mMaster_Distance_to_Slave=61
[2025-06-05 15:54:21.951] [0;34mAPP     :INFO :Conten_Distance_SlaveAnchor[BBBB]_to_FFF7=61
[2025-06-05 15:54:21.951] [0m{"@POSITION": 1, "Master": 30, "Slave": 61, "Gate": 100, "nLos": 0, "idx": 0, "LiftDeep": 63, "RedAreaH": 0, "BlueAreaH": 250, "Speed":8, "User-X":14, "User-Y":19, "User-Z":0,"Auth":9, "Trans":4}
[2025-06-05 15:54:22.197] [0;32mTMLUWB  :RX < :RECV                :62000048 A21A0000 01000000 00FA0000 00010000 05000001 00000000 01FFF700 001E0000 00640000 64000000 00000003 7E000000 00000000 00000000 0E000000 00010300 01030000 00000000
[2025-06-05 15:54:22.198] [0m[0;34mAPP     :INFO :@@@ updateKeepAlive( ): User[1] FFF7 Keep alive = 79
[2025-06-05 15:54:22.198] [0m[0;34mAPP     :INFO :gCapSessionHandle!!!.
[2025-06-05 15:54:22.198] [0m[0;34mAPP     :INFO :@@@ gNumberOfUserinDTPCM = 2, pRangingData->no_of_measurements = 1,i=0
[2025-06-05 15:54:22.199] [0m[0;34mAPP     :INFO :Measure_NLOS = 0, Classification_NLOS =   0
[2025-06-05 15:54:22.199] [0mMaster_Distance_to_FFF7=30
[2025-06-05 15:54:22.199] [0;34mAPP     :INFO :Conten_Distance_MasterAnchor_to_FFF7=30
[2025-06-05 15:54:22.199] [0m[0;34mAPP     :INFO :Current User ( fff7 ) status is : SystemStatus = 0 , DiscoverStatus = 5 , TransactionState = 4 , AuthenticationState = 9
[2025-06-05 15:54:22.199] [0m[0;34mAPP     :INFO :@@@ User Speed is :( fff7 ) , 3 ,(cm/s)
[2025-06-05 15:54:22.200] [0m[0;34mAPP     :INFO :@ b = 30, c = 61, x = 14, y = 19
[2025-06-05 15:54:22.200] [0m[0;34mAPP     :INFO :@ a = 100, d = 100, m = 250, Gate = 100
[2025-06-05 15:54:22.200] [0m[0;34mAPP     :INFO :################################### into red area...##################################################
[2025-06-05 15:54:22.200] [0m[0;34mAPP     :INFO :Only 1 valid card detected, started transaction
[2025-06-05 15:54:22.200] [0m[0;33mAPP     :WARN : Write Card Time < 10s. Return.
[2025-06-05 15:54:22.200] [0m
[2025-06-05 15:54:22.200] [0;32mTMLUWB  :RX < :RECV                :02001700 02000002 00BBBB00 00000000 009F0006 000505FF F73D00
[2025-06-05 15:54:22.200] [0m[0;34mAPP     :INFO :gMrmSessionHandle_Test!!!
[2025-06-05 15:54:22.200] [0mMaster_Distance_to_Slave=61
[2025-06-05 15:54:22.200] [0;34mAPP     :INFO :Conten_Distance_SlaveAnchor[BBBB]_to_FFF7=61
[2025-06-05 15:54:22.200] [0m{"@POSITION": 1, "Master": 30, "Slave": 61, "Gate": 100, "nLos": 0, "idx": 0, "LiftDeep": 63, "RedAreaH": 0, "BlueAreaH": 250, "Speed":3, "User-X":14, "User-Y":19, "User-Z":0,"Auth":9, "Trans":4}
[2025-06-05 15:54:22.457] [0;32mTMLUWB  :RX < :RECV                :62000048 A31A0000 01000000 00FA0000 00010000 05000001 00000000 01FFF700 001C0000 00640000 64000000 00000003 80000000 00000000 00000000 0E000000 00010300 01030000 00000000
[2025-06-05 15:54:22.457] [0m[0;34mAPP     :INFO :@@@ updateKeepAlive( ): User[1] FFF7 Keep alive = 79
[2025-06-05 15:54:22.457] [0m[0;34mAPP     :INFO :gCapSessionHandle!!!.
[2025-06-05 15:54:22.457] [0m[0;34mAPP     :INFO :@@@ gNumberOfUserinDTPCM = 2, pRangingData->no_of_measurements = 1,i=0
[2025-06-05 15:54:22.457] [0m[0;34mAPP     :INFO :Measure_NLOS = 0, Classification_NLOS =   0
[2025-06-05 15:54:22.457] [0mMaster_Distance_to_FFF7=28
[2025-06-05 15:54:22.457] [0;34mAPP     :INFO :Conten_Distance_MasterAnchor_to_FFF7=28
[2025-06-05 15:54:22.457] [0m[0;34mAPP     :INFO :Current User ( fff7 ) status is : SystemStatus = 0 , DiscoverStatus = 5 , TransactionState = 4 , AuthenticationState = 9
[2025-06-05 15:54:22.457] [0m[0;34mAPP     :INFO :@@@ User Speed is :( fff7 ) , 6 ,(cm/s)
[2025-06-05 15:54:22.457] [0m[0;34mAPP     :INFO :@ b = 28, c = 61, x = 14, y = 22
[2025-06-05 15:54:22.457] [0m[0;34mAPP     :INFO :@ a = 100, d = 100, m = 250, Gate = 100
[2025-06-05 15:54:22.457] [0m[0;34mAPP     :INFO :################################### into red area...##################################################
[2025-06-05 15:54:22.457] [0m[0;34mAPP     :INFO :Only 1 valid card detected, started transaction
[2025-06-05 15:54:22.457] [0m[0;33mAPP     :WARN : Write Card Time < 10s. Return.
[2025-06-05 15:54:22.459] [0m
[2025-06-05 15:54:22.459] [0;32mTMLUWB  :RX < :RECV                :02001700 02000002 00BBBB00 00000000 00A00006 000505FF F74000
[2025-06-05 15:54:22.459] [0m[0;34mAPP     :INFO :gMrmSessionHandle_Test!!!
[2025-06-05 15:54:22.459] [0mMaster_Distance_to_Slave=64
[2025-06-05 15:54:22.459] [0;34mAPP     :INFO :Conten_Distance_SlaveAnchor[BBBB]_to_FFF7=64
[2025-06-05 15:54:22.459] [0m{"@POSITION": 1, "Master": 28, "Slave": 64, "Gate": 100, "nLos": 0, "idx": 0, "LiftDeep": 64, "RedAreaH": 0, "BlueAreaH": 250, "Speed":6, "User-X":14, "User-Y":22, "User-Z":0,"Auth":9, "Trans":4}
