[2025-06-05 15:41:49.706] [0;32mTMLUWB  :RX < :RECV                :62000048 E00E0000 01000000 00FA0000 00010000 05000001 00000000 01FFF700 001E0000 00640000 64000000 00000003 7B000000 00000000 00000000 0E000000 00010300 01030000 00000000
[2025-06-05 15:41:49.708] [0m[0;34mAPP     :INFO :@@@ updateKeepAlive( ): User[1] FFF7 Keep alive = 79
[2025-06-05 15:41:49.708] [0m[0;34mAPP     :INFO :gCapSessionHandle!!!.
[2025-06-05 15:41:49.709] [0m[0;34mAPP     :INFO :@@@ gNumberOfUserinDTPCM = 2, pRangingData->no_of_measurements = 1,i=0
[2025-06-05 15:41:49.709] [0m[0;34mAPP     :INFO :Measure_NLOS = 0, Classification_NLOS =   0
[2025-06-05 15:41:49.709] [0mMaster_Distance_to_FFF7=30
[2025-06-05 15:41:49.711] [0;34mAPP     :INFO :Conten_Distance_MasterAnchor_to_FFF7=30
[2025-06-05 15:41:49.715] [0m[0;34mAPP     :INFO :Current User ( fff7 ) status is : SystemStatus = 0 , DiscoverStatus = 5 , TransactionState = 4 , AuthenticationState = 9
[2025-06-05 15:41:49.715] [0m[0;34mAPP     :INFO :@@@ User Speed is :( fff7 ) , 1 ,(cm/s)
[2025-06-05 15:41:49.715] [0m[0;34mAPP     :INFO :@ b = 30, c = 63, x = 15, y = 18
[2025-06-05 15:41:49.715] [0m[0;34mAPP     :INFO :@ a = 100, d = 100, m = 250, Gate = 100
[2025-06-05 15:41:49.715] [0m[0;34mAPP     :INFO :################################### into red area...##################################################
[2025-06-05 15:41:49.715] [0m[0;34mAPP     :INFO :Only 1 valid card detected, started transaction
[2025-06-05 15:41:49.715] [0m[0;33mAPP     :WARN : Write Card Time < 10s. Return.
[2025-06-05 15:41:49.715] [0m
[2025-06-05 15:41:49.715] [0;32mTMLUWB  :RX < :RECV                :02001700 02000002 00BBBB00 00000000 00DE0006 000505FF F73F00
[2025-06-05 15:41:49.715] [0m[0;34mAPP     :INFO :gMrmSessionHandle_Test!!!
[2025-06-05 15:41:49.716] [0mMaster_Distance_to_Slave=63
[2025-06-05 15:41:49.716] [0;34mAPP     :INFO :Conten_Distance_SlaveAnchor[BBBB]_to_FFF7=63
[2025-06-05 15:41:49.716] [0m{"@POSITION": 1, "Master": 30, "Slave": 63, "Gate": 100, "nLos": 0, "idx": 0, "LiftDeep": 61, "RedAreaH": 0, "BlueAreaH": 250, "Speed":1, "User-X":15, "User-Y":18, "User-Z":0,"Auth":9, "Trans":4}
[2025-06-05 15:41:49.965] [0;32mTMLUWB  :RX < :RECV                :62000048 E10E0000 01000000 00FA0000 00010000 05000001 00000000 01FFF700 001D0000 00640000 64000000 00000003 7B000000 00000000 00000000 0E000000 00010300 01030000 00000000
[2025-06-05 15:41:49.965] [0m[0;34mAPP     :INFO :@@@ updateKeepAlive( ): User[1] FFF7 Keep alive = 79
[2025-06-05 15:41:49.966] [0m[0;34mAPP     :INFO :gCapSessionHandle!!!.
[2025-06-05 15:41:49.966] [0m[0;34mAPP     :INFO :@@@ gNumberOfUserinDTPCM = 2, pRangingData->no_of_measurements = 1,i=0
[2025-06-05 15:41:49.966] [0m[0;34mAPP     :INFO :Measure_NLOS = 0, Classification_NLOS =   0
[2025-06-05 15:41:49.968] [0mMaster_Distance_to_FFF7=29
[2025-06-05 15:41:49.970] [0;34mAPP     :INFO :Conten_Distance_MasterAnchor_to_FFF7=29
[2025-06-05 15:41:49.970] [0m[0;34mAPP     :INFO :Current User ( fff7 ) status is : SystemStatus = 0 , DiscoverStatus = 5 , TransactionState = 4 , AuthenticationState = 9
[2025-06-05 15:41:49.970] [0m[0;34mAPP     :INFO :@@@ User Speed is :( fff7 ) , 1 ,(cm/s)
[2025-06-05 15:41:49.970] [0m[0;34mAPP     :INFO :@ b = 29, c = 63, x = 15, y = 19
[2025-06-05 15:41:49.970] [0m[0;34mAPP     :INFO :@ a = 100, d = 100, m = 250, Gate = 100
[2025-06-05 15:41:49.970] [0m[0;34mAPP     :INFO :################################### into red area...##################################################
[2025-06-05 15:41:49.970] [0m[0;34mAPP     :INFO :Only 1 valid card detected, started transaction
[2025-06-05 15:41:49.970] [0m[0;33mAPP     :WARN : Write Card Time < 10s. Return.
[2025-06-05 15:41:49.970] [0m
[2025-06-05 15:41:49.970] [0;32mTMLUWB  :RX < :RECV                :02001700 02000002 00BBBB00 00000000 00DF0006 000505FF F73E00
[2025-06-05 15:41:49.970] [0m[0;34mAPP     :INFO :gMrmSessionHandle_Test!!!
[2025-06-05 15:41:49.970] [0mMaster_Distance_to_Slave=62
[2025-06-05 15:41:49.971] [0;34mAPP     :INFO :Conten_Distance_SlaveAnchor[BBBB]_to_FFF7=62
[2025-06-05 15:41:49.971] [0m{"@POSITION": 1, "Master": 29, "Slave": 62, "Gate": 100, "nLos": 0, "idx": 0, "LiftDeep": 61, "RedAreaH": 0, "BlueAreaH": 250, "Speed":1, "User-X":15, "User-Y":19, "User-Z":0,"Auth":9, "Trans":4}
[2025-06-05 15:41:50.321] [0;32mTMLUWB  :RX < :RECV                :62000048 E20E0000 01000000 00FA0000 00010000 05000001 00000000 01FFF700 001D0000 00640000 64000000 00000003 7C000000 00000000 00000000 0E000000 00010300 01030000 00000000
[2025-06-05 15:41:50.322] [0m[0;34mAPP     :INFO :@@@ updateKeepAlive( ): User[1] FFF7 Keep alive = 79
[2025-06-05 15:41:50.322] [0m[0;34mAPP     :INFO :gCapSessionHandle!!!.
[2025-06-05 15:41:50.322] [0m[0;34mAPP     :INFO :@@@ gNumberOfUserinDTPCM = 2, pRangingData->no_of_measurements = 1,i=0
[2025-06-05 15:41:50.322] [0m[0;34mAPP     :INFO :Measure_NLOS = 0, Classification_NLOS =   0
[2025-06-05 15:41:50.322] [0mMaster_Distance_to_FFF7=29
[2025-06-05 15:41:50.322] [0;34mAPP     :INFO :Conten_Distance_MasterAnchor_to_FFF7=29
[2025-06-05 15:41:50.322] [0m[0;34mAPP     :INFO :Current User ( fff7 ) status is : SystemStatus = 0 , DiscoverStatus = 5 , TransactionState = 4 , AuthenticationState = 9
[2025-06-05 15:41:50.322] [0m[0;34mAPP     :INFO :@@@ User Speed is :( fff7 ) , 0 ,(cm/s)
[2025-06-05 15:41:50.322] [0m[0;34mAPP     :INFO :@ b = 29, c = 62, x = 15, y = 19
[2025-06-05 15:41:50.322] [0m[0;34mAPP     :INFO :@ a = 100, d = 100, m = 250, Gate = 100
[2025-06-05 15:41:50.322] [0m[0;34mAPP     :INFO :################################### into red area...##################################################
[2025-06-05 15:41:50.322] [0m[0;34mAPP     :INFO :Only 1 valid card detected, started transaction
[2025-06-05 15:41:50.325] [0m[0;33mAPP     :WARN : Write Card Time < 10s. Return.
[2025-06-05 15:41:50.325] [0m
[2025-06-05 15:41:50.331] [0;32mTMLUWB  :RX < :RECV                :02001700 02000002 00BBBB00 00000000 00E00006 000505FF F74300
[2025-06-05 15:41:50.339] [0m[0;34mAPP     :INFO :gMrmSessionHandle_Test!!!
[2025-06-05 15:41:50.339] [0mMaster_Distance_to_Slave=67
[2025-06-05 15:41:50.339] [0;34mAPP     :INFO :Conten_Distance_SlaveAnchor[BBBB]_to_FFF7=67
[2025-06-05 15:41:50.339] [0m{"@POSITION": 1, "Master": 29, "Slave": 67, "Gate": 100, "nLos": 0, "idx": 0, "LiftDeep": 62, "RedAreaH": 0, "BlueAreaH": 250, "Speed":0, "User-X":15, "User-Y":19, "User-Z":0,"Auth":9, "Trans":4}
[2025-06-05 15:41:50.476] [0;32mTMLUWB  :RX < :RECV                :62000048 E30E0000 01000000 00FA0000 00010000 05000001 00000000 01FFF700 001F0000 00640000 64000000 00000003 7D000000 00000000 00000000 0E000000 00010300 01030000 00000000
[2025-06-05 15:41:50.477] [0m[0;34mAPP     :INFO :@@@ updateKeepAlive( ): User[1] FFF7 Keep alive = 79
[2025-06-05 15:41:50.477] [0m[0;34mAPP     :INFO :gCapSessionHandle!!!.
[2025-06-05 15:41:50.481] [0m[0;34mAPP     :INFO :@@@ gNumberOfUserinDTPCM = 2, pRangingData->no_of_measurements = 1,i=0
[2025-06-05 15:41:50.481] [0m[0;34mAPP     :INFO :Measure_NLOS = 0, Classification_NLOS =   0
[2025-06-05 15:41:50.481] [0mMaster_Distance_to_FFF7=31
[2025-06-05 15:41:50.487] [0;34mAPP     :INFO :Conten_Distance_MasterAnchor_to_FFF7=31
[2025-06-05 15:41:50.498] [0m[0;34mAPP     :INFO :Current User ( fff7 ) status is : SystemStatus = 0 , DiscoverStatus = 5 , TransactionState = 4 , AuthenticationState = 9
[2025-06-05 15:41:50.503] [0m[0;34mAPP     :INFO :@@@ User Speed is :( fff7 ) , 7 ,(cm/s)
[2025-06-05 15:41:50.503] [0m[0;34mAPP     :INFO :@ b = 31, c = 67, x = 17, y = 11
[2025-06-05 15:41:50.503] [0m[0;34mAPP     :INFO :@ a = 100, d = 100, m = 250, Gate = 100
[2025-06-05 15:41:50.503] [0m[0;34mAPP     :INFO :################################### into red area...##################################################
[2025-06-05 15:41:50.503] [0m[0;34mAPP     :INFO :Only 1 valid card detected, started transaction
[2025-06-05 15:41:50.503] [0m[0;33mAPP     :WARN : Write Card Time < 10s. Return.
[2025-06-05 15:41:50.503] [0m
[2025-06-05 15:41:50.503] [0;32mTMLUWB  :RX < :RECV                :02001700 02000002 00BBBB00 00000000 00E10006 000505FF F74100
[2025-06-05 15:41:50.504] [0m[0;34mAPP     :INFO :gMrmSessionHandle_Test!!!
[2025-06-05 15:41:50.504] [0mMaster_Distance_to_Slave=65
[2025-06-05 15:41:50.504] [0;34mAPP     :INFO :Conten_Distance_SlaveAnchor[BBBB]_to_FFF7=65
[2025-06-05 15:41:50.504] [0m{"@POSITION": 1, "Master": 31, "Slave": 65, "Gate": 100, "nLos": 0, "idx": 0, "LiftDeep": 62, "RedAreaH": 0, "BlueAreaH": 250, "Speed":7, "User-X":17, "User-Y":11, "User-Z":0,"Auth":9, "Trans":4}
[2025-06-05 15:41:50.723] [0;32mTMLUWB  :RX < :RECV                :62000048 E40E0000 01000000 00FA0000 00010000 05000001 00000000 01FFF700 001D0000 00640000 64000000 00000003 7C000000 00000000 00000000 0E000000 00010300 01030000 00000000
[2025-06-05 15:41:50.723] [0m[0;34mAPP     :INFO :@@@ updateKeepAlive( ): User[1] FFF7 Keep alive = 79
[2025-06-05 15:41:50.723] [0m[0;34mAPP     :INFO :gCapSessionHandle!!!.
[2025-06-05 15:41:50.723] [0m[0;34mAPP     :INFO :@@@ gNumberOfUserinDTPCM = 2, pRangingData->no_of_measurements = 1,i=0
[2025-06-05 15:41:50.724] [0m[0;34mAPP     :INFO :Measure_NLOS = 0, Classification_NLOS =   0
[2025-06-05 15:41:50.724] [0mMaster_Distance_to_FFF7=29
[2025-06-05 15:41:50.724] [0;34mAPP     :INFO :Conten_Distance_MasterAnchor_to_FFF7=29
[2025-06-05 15:41:50.724] [0m[0;34mAPP     :INFO :Current User ( fff7 ) status is : SystemStatus = 0 , DiscoverStatus = 5 , TransactionState = 4 , AuthenticationState = 9
[2025-06-05 15:41:50.724] [0m[0;34mAPP     :INFO :@@@ User Speed is :( fff7 ) , 2 ,(cm/s)
[2025-06-05 15:41:50.724] [0m[0;34mAPP     :INFO :@ b = 29, c = 65, x = 16, y = 17
[2025-06-05 15:41:50.724] [0m[0;34mAPP     :INFO :@ a = 100, d = 100, m = 250, Gate = 100
[2025-06-05 15:41:50.724] [0m[0;34mAPP     :INFO :################################### into red area...##################################################
[2025-06-05 15:41:50.724] [0m[0;34mAPP     :INFO :Only 1 valid card detected, started transaction
[2025-06-05 15:41:50.724] [0m[0;33mAPP     :WARN : Write Card Time < 10s. Return.
[2025-06-05 15:41:50.724] [0m
[2025-06-05 15:41:50.724] [0;32mTMLUWB  :RX < :RECV                :02001700 02000002 00BBBB00 00000000 00E20006 000505FF F74400
[2025-06-05 15:41:50.725] [0m[0;34mAPP     :INFO :gMrmSessionHandle_Test!!!
[2025-06-05 15:41:50.725] [0mMaster_Distance_to_Slave=68
[2025-06-05 15:41:50.725] [0;34mAPP     :INFO :Conten_Distance_SlaveAnchor[BBBB]_to_FFF7=68
[2025-06-05 15:41:50.725] [0m{"@POSITION": 1, "Master": 29, "Slave": 68, "Gate": 100, "nLos": 0, "idx": 0, "LiftDeep": 62, "RedAreaH": 0, "BlueAreaH": 250, "Speed":2, "User-X":16, "User-Y":17, "User-Z":0,"Auth":9, "Trans":4}
[2025-06-05 15:41:50.975] [0;32mTMLUWB  :RX < :RECV                :62000048 E50E0000 01000000 00FA0000 00010000 05000001 00000000 01FFF700 001F0000 00640000 64000000 00000003 7B000000 00000000 00000000 0E000000 00010300 01030000 00000000
[2025-06-05 15:41:50.976] [0m[0;34mAPP     :INFO :@@@ updateKeepAlive( ): User[1] FFF7 Keep alive = 79
[2025-06-05 15:41:50.976] [0m[0;34mAPP     :INFO :gCapSessionHandle!!!.
[2025-06-05 15:41:50.976] [0m[0;34mAPP     :INFO :@@@ gNumberOfUserinDTPCM = 2, pRangingData->no_of_measurements = 1,i=0
[2025-06-05 15:41:50.976] [0m[0;34mAPP     :INFO :Measure_NLOS = 0, Classification_NLOS =   0
[2025-06-05 15:41:50.976] [0mMaster_Distance_to_FFF7=31
[2025-06-05 15:41:50.976] [0;34mAPP     :INFO :Conten_Distance_MasterAnchor_to_FFF7=31
[2025-06-05 15:41:50.976] [0m[0;34mAPP     :INFO :Current User ( fff7 ) status is : SystemStatus = 0 , DiscoverStatus = 5 , TransactionState = 4 , AuthenticationState = 9
[2025-06-05 15:41:50.976] [0m[0;34mAPP     :INFO :@@@ User Speed is :( fff7 ) , 12 ,(cm/s)
[2025-06-05 15:41:50.976] [0m[0;34mAPP     :INFO :@ b = 31, c = 68, x = 18, y = 7
[2025-06-05 15:41:50.976] [0m[0;34mAPP     :INFO :@ a = 100, d = 100, m = 250, Gate = 100
[2025-06-05 15:41:50.976] [0m[0;34mAPP     :INFO :################################### into red area...##################################################
[2025-06-05 15:41:50.976] [0m[0;34mAPP     :INFO :Only 1 valid card detected, started transaction
[2025-06-05 15:41:50.976] [0m[0;33mAPP     :WARN : Write Card Time < 10s. Return.
[2025-06-05 15:41:50.976] [0m
[2025-06-05 15:41:50.976] [0;32mTMLUWB  :RX < :RECV                :02001700 02000002 00BBBB00 00000000 00E30006 000505FF F74100
[2025-06-05 15:41:50.978] [0m[0;34mAPP     :INFO :gMrmSessionHandle_Test!!!
[2025-06-05 15:41:50.978] [0mMaster_Distance_to_Slave=65
[2025-06-05 15:41:50.978] [0;34mAPP     :INFO :Conten_Distance_SlaveAnchor[BBBB]_to_FFF7=65
[2025-06-05 15:41:50.978] [0m{"@POSITION": 1, "Master": 31, "Slave": 65, "Gate": 100, "nLos": 0, "idx": 0, "LiftDeep": 61, "RedAreaH": 0, "BlueAreaH": 250, "Speed":12, "User-X":18, "User-Y":7, "User-Z":0,"Auth":9, "Trans":4}
[2025-06-05 15:41:51.219] [0;32mTMLUWB  :RX < :RECV                :62000048 E60E0000 01000000 00FA0000 00010000 05000001 00000000 01FFF700 001E0000 00640000 64000000 00000003 7B000000 00000000 00000000 0E000000 00010300 01030000 00000000
[2025-06-05 15:41:51.219] [0m[0;34mAPP     :INFO :@@@ updateKeepAlive( ): User[1] FFF7 Keep alive = 79
[2025-06-05 15:41:51.219] [0m[0;34mAPP     :INFO :gCapSessionHandle!!!.
[2025-06-05 15:41:51.219] [0m[0;34mAPP     :INFO :@@@ gNumberOfUserinDTPCM = 2, pRangingData->no_of_measurements = 1,i=0
[2025-06-05 15:41:51.219] [0m[0;34mAPP     :INFO :Measure_NLOS = 0, Classification_NLOS =   0
[2025-06-05 15:41:51.220] [0mMaster_Distance_to_FFF7=30
[2025-06-05 15:41:51.220] [0;34mAPP     :INFO :Conten_Distance_MasterAnchor_to_FFF7=30
[2025-06-05 15:41:51.220] [0m[0;34mAPP     :INFO :Current User ( fff7 ) status is : SystemStatus = 0 , DiscoverStatus = 5 , TransactionState = 4 , AuthenticationState = 9
[2025-06-05 15:41:51.220] [0m[0;34mAPP     :INFO :@@@ User Speed is :( fff7 ) , 5 ,(cm/s)
[2025-06-05 15:41:51.220] [0m[0;34mAPP     :INFO :@ b = 30, c = 65, x = 16, y = 16
[2025-06-05 15:41:51.220] [0m[0;34mAPP     :INFO :@ a = 100, d = 100, m = 250, Gate = 100
[2025-06-05 15:41:51.220] [0m[0;34mAPP     :INFO :################################### into red area...##################################################
[2025-06-05 15:41:51.220] [0m[0;34mAPP     :INFO :Only 1 valid card detected, started transaction
[2025-06-05 15:41:51.220] [0m[0;33mAPP     :WARN : Write Card Time < 10s. Return.
[2025-06-05 15:41:51.220] [0m
[2025-06-05 15:41:51.220] [0;32mTMLUWB  :RX < :RECV                :02001700 02000002 00BBBB00 00000000 00E40006 000505FF F74200
[2025-06-05 15:41:51.220] [0m[0;34mAPP     :INFO :gMrmSessionHandle_Test!!!
[2025-06-05 15:41:51.220] [0mMaster_Distance_to_Slave=66
[2025-06-05 15:41:51.220] [0;34mAPP     :INFO :Conten_Distance_SlaveAnchor[BBBB]_to_FFF7=66
[2025-06-05 15:41:51.220] [0m{"@POSITION": 1, "Master": 30, "Slave": 66, "Gate": 100, "nLos": 0, "idx": 0, "LiftDeep": 61, "RedAreaH": 0, "BlueAreaH": 250, "Speed":5, "User-X":16, "User-Y":16, "User-Z":0,"Auth":9, "Trans":4}
[2025-06-05 15:41:51.485] [0;32mTMLUWB  :RX < :RECV                :62000048 E70E0000 01000000 00FA0000 00010000 05000001 00000000 01FFF700 001F0000 00640000 64000000 00000003 7C000000 00000000 00000000 0E000000 00010300 01030000 00000000
[2025-06-05 15:41:51.486] [0m[0;34mAPP     :INFO :@@@ updateKeepAlive( ): User[1] FFF7 Keep alive = 79
[2025-06-05 15:41:51.486] [0m[0;34mAPP     :INFO :gCapSessionHandle!!!.
[2025-06-05 15:41:51.486] [0m[0;34mAPP     :INFO :@@@ gNumberOfUserinDTPCM = 2, pRangingData->no_of_measurements = 1,i=0
[2025-06-05 15:41:51.488] [0m[0;34mAPP     :INFO :Measure_NLOS = 0, Classification_NLOS =   0
[2025-06-05 15:41:51.488] [0mMaster_Distance_to_FFF7=31
[2025-06-05 15:41:51.488] [0;34mAPP     :INFO :Conten_Distance_MasterAnchor_to_FFF7=31
[2025-06-05 15:41:51.494] [0m[0;34mAPP     :INFO :Current User ( fff7 ) status is : SystemStatus = 0 , DiscoverStatus = 5 , TransactionState = 4 , AuthenticationState = 9
[2025-06-05 15:41:51.502] [0m[0;34mAPP     :INFO :@@@ User Speed is :( fff7 ) , 4 ,(cm/s)
[2025-06-05 15:41:51.503] [0m[0;34mAPP     :INFO :@ b = 31, c = 66, x = 16, y = 13
[2025-06-05 15:41:51.503] [0m[0;34mAPP     :INFO :@ a = 100, d = 100, m = 250, Gate = 100
[2025-06-05 15:41:51.503] [0m[0;34mAPP     :INFO :################################### into red area...##################################################
[2025-06-05 15:41:51.503] [0m[0;34mAPP     :INFO :Only 1 valid card detected, started transaction
[2025-06-05 15:41:51.503] [0m[0;33mAPP     :WARN : Write Card Time < 10s. Return.
[2025-06-05 15:41:51.503] [0m
[2025-06-05 15:41:51.503] [0;32mTMLUWB  :RX < :RECV                :02001700 02000002 00BBBB00 00000000 00E50006 000505FF F74000
[2025-06-05 15:41:51.503] [0m[0;34mAPP     :INFO :gMrmSessionHandle_Test!!!
[2025-06-05 15:41:51.503] [0mMaster_Distance_to_Slave=64
[2025-06-05 15:41:51.503] [0;34mAPP     :INFO :Conten_Distance_SlaveAnchor[BBBB]_to_FFF7=64
[2025-06-05 15:41:51.503] [0m{"@POSITION": 1, "Master": 31, "Slave": 64, "Gate": 100, "nLos": 0, "idx": 0, "LiftDeep": 62, "RedAreaH": 0, "BlueAreaH": 250, "Speed":4, "User-X":16, "User-Y":13, "User-Z":0,"Auth":9, "Trans":4}
[2025-06-05 15:41:51.718] [0;32mTMLUWB  :RX < :RECV                :62000048 E80E0000 01000000 00FA0000 00010000 05000001 00000000 01FFF700 001E0000 00640000 64000000 00000003 7B000000 00000000 00000000 0E000000 00010300 01030000 00000000
[2025-06-05 15:41:51.718] [0m[0;34mAPP     :INFO :@@@ updateKeepAlive( ): User[1] FFF7 Keep alive = 79
[2025-06-05 15:41:51.718] [0m[0;34mAPP     :INFO :gCapSessionHandle!!!.
[2025-06-05 15:41:51.718] [0m[0;34mAPP     :INFO :@@@ gNumberOfUserinDTPCM = 2, pRangingData->no_of_measurements = 1,i=0
[2025-06-05 15:41:51.718] [0m[0;34mAPP     :INFO :Measure_NLOS = 0, Classification_NLOS =   0
[2025-06-05 15:41:51.718] [0mMaster_Distance_to_FFF7=30
[2025-06-05 15:41:51.718] [0;34mAPP     :INFO :Conten_Distance_MasterAnchor_to_FFF7=30
[2025-06-05 15:41:51.718] [0m[0;34mAPP     :INFO :Current User ( fff7 ) status is : SystemStatus = 0 , DiscoverStatus = 5 , TransactionState = 4 , AuthenticationState = 9
[2025-06-05 15:41:51.718] [0m[0;34mAPP     :INFO :@@@ User Speed is :( fff7 ) , 11 ,(cm/s)
[2025-06-05 15:41:51.718] [0m[0;34mAPP     :INFO :@ b = 30, c = 64, x = 15, y = 18
[2025-06-05 15:41:51.718] [0m[0;34mAPP     :INFO :@ a = 100, d = 100, m = 250, Gate = 100
[2025-06-05 15:41:51.718] [0m[0;34mAPP     :INFO :################################### into red area...##################################################
[2025-06-05 15:41:51.718] [0m[0;34mAPP     :INFO :Only 1 valid card detected, started transaction
[2025-06-05 15:41:51.718] [0m[0;33mAPP     :WARN : Write Card Time < 10s. Return.
[2025-06-05 15:41:51.719] [0m
[2025-06-05 15:41:51.719] [0;32mTMLUWB  :RX < :RECV                :02001700 02000002 00BBBB00 00000000 00E60006 000505FF F74400
[2025-06-05 15:41:51.719] [0m[0;34mAPP     :INFO :gMrmSessionHandle_Test!!!
[2025-06-05 15:41:51.719] [0mMaster_Distance_to_Slave=68
[2025-06-05 15:41:51.719] [0;34mAPP     :INFO :Conten_Distance_SlaveAnchor[BBBB]_to_FFF7=68
[2025-06-05 15:41:51.719] [0m{"@POSITION": 1, "Master": 30, "Slave": 68, "Gate": 100, "nLos": 0, "idx": 0, "LiftDeep": 61, "RedAreaH": 0, "BlueAreaH": 250, "Speed":11, "User-X":15, "User-Y":18, "User-Z":0,"Auth":9, "Trans":4}
[2025-06-05 15:41:52.019] [0;32mTMLUWB  :RX < :RECV                :62000048 E90E0000 01000000 00FA0000 00010000 05000001 00000000 01FFF700 00200000 00640000 64000000 00000003 7D000000 00000000 00000000 0E000000 00010300 01030000 00000000
[2025-06-05 15:41:52.019] [0m[0;34mAPP     :INFO :@@@ updateKeepAlive( ): User[1] FFF7 Keep alive = 79
[2025-06-05 15:41:52.020] [0m[0;34mAPP     :INFO :gCapSessionHandle!!!.
[2025-06-05 15:41:52.020] [0m[0;34mAPP     :INFO :@@@ gNumberOfUserinDTPCM = 2, pRangingData->no_of_measurements = 1,i=0
[2025-06-05 15:41:52.020] [0m[0;34mAPP     :INFO :Measure_NLOS = 0, Classification_NLOS =   0
[2025-06-05 15:41:52.022] [0mMaster_Distance_to_FFF7=32
[2025-06-05 15:41:52.022] [0;34mAPP     :INFO :Conten_Distance_MasterAnchor_to_FFF7=32
[2025-06-05 15:41:52.022] [0m[0;34mAPP     :INFO :Current User ( fff7 ) status is : SystemStatus = 0 , DiscoverStatus = 5 , TransactionState = 4 , AuthenticationState = 9
[2025-06-05 15:41:52.022] [0m[0;34mAPP     :INFO :@@@ User Speed is :( fff7 ) , 16 ,(cm/s)
[2025-06-05 15:41:52.022] [0m[0;34mAPP     :INFO :@ b = 32, c = 68, x = 18, y = 0
[2025-06-05 15:41:52.022] [0m[0;34mAPP     :INFO :@ a = 100, d = 100, m = 250, Gate = 100
[2025-06-05 15:41:52.022] [0m[0;34mAPP     :INFO :################################### into red area...##################################################
[2025-06-05 15:41:52.022] [0m[0;34mAPP     :INFO :Only 1 valid card detected, started transaction
[2025-06-05 15:41:52.022] [0m[0;33mAPP     :WARN : Write Card Time < 10s. Return.
[2025-06-05 15:41:52.022] [0m
[2025-06-05 15:41:52.022] [0;32mTMLUWB  :RX < :RECV                :02001700 02000002 00BBBB00 00000000 00E70006 000505FF F73E00
[2025-06-05 15:41:52.022] [0m[0;34mAPP     :INFO :gMrmSessionHandle_Test!!!
[2025-06-05 15:41:52.022] [0mMaster_Distance_to_Slave=62
[2025-06-05 15:41:52.022] [0;34mAPP     :INFO :Conten_Distance_SlaveAnchor[BBBB]_to_FFF7=62
[2025-06-05 15:41:52.022] [0m{"@POSITION": 1, "Master": 32, "Slave": 62, "Gate": 100, "nLos": 0, "idx": 0, "LiftDeep": 62, "RedAreaH": 0, "BlueAreaH": 250, "Speed":16, "User-X":18, "User-Y":0, "User-Z":0,"Auth":9, "Trans":4}
[2025-06-05 15:41:52.215] [0;32mTMLUWB  :RX < :RECV                :62000048 EA0E0000 01000000 00FA0000 00010000 05000001 00000000 01FFF700 001F0000 00640000 64000000 00000003 7B000000 00000000 00000000 0E000000 00010300 01030000 00000000
[2025-06-05 15:41:52.217] [0m[0;34mAPP     :INFO :@@@ updateKeepAlive( ): User[1] FFF7 Keep alive = 79
[2025-06-05 15:41:52.217] [0m[0;34mAPP     :INFO :gCapSessionHandle!!!.
[2025-06-05 15:41:52.217] [0m[0;34mAPP     :INFO :@@@ gNumberOfUserinDTPCM = 2, pRangingData->no_of_measurements = 1,i=0
[2025-06-05 15:41:52.217] [0m[0;34mAPP     :INFO :Measure_NLOS = 0, Classification_NLOS =   0
[2025-06-05 15:41:52.217] [0mMaster_Distance_to_FFF7=31
[2025-06-05 15:41:52.217] [0;34mAPP     :INFO :Conten_Distance_MasterAnchor_to_FFF7=31
[2025-06-05 15:41:52.217] [0m[0;34mAPP     :INFO :Current User ( fff7 ) status is : SystemStatus = 0 , DiscoverStatus = 5 , TransactionState = 4 , AuthenticationState = 9
[2025-06-05 15:41:52.217] [0m[0;34mAPP     :INFO :@@@ User Speed is :( fff7 ) , 5 ,(cm/s)
[2025-06-05 15:41:52.217] [0m[0;34mAPP     :INFO :@ b = 31, c = 62, x = 14, y = 18
[2025-06-05 15:41:52.218] [0m[0;34mAPP     :INFO :@ a = 100, d = 100, m = 250, Gate = 100
[2025-06-05 15:41:52.218] [0m[0;34mAPP     :INFO :################################### into red area...##################################################
[2025-06-05 15:41:52.218] [0m[0;34mAPP     :INFO :Only 1 valid card detected, started transaction
[2025-06-05 15:41:52.218] [0m[0;33mAPP     :WARN : Write Card Time < 10s. Return.
[2025-06-05 15:41:52.218] [0m
[2025-06-05 15:41:52.218] [0;32mTMLUWB  :RX < :RECV                :02001700 02000002 00BBBB00 00000000 00E80006 000505FF F74100
[2025-06-05 15:41:52.218] [0m[0;34mAPP     :INFO :gMrmSessionHandle_Test!!!
[2025-06-05 15:41:52.218] [0mMaster_Distance_to_Slave=65
[2025-06-05 15:41:52.218] [0;34mAPP     :INFO :Conten_Distance_SlaveAnchor[BBBB]_to_FFF7=65
[2025-06-05 15:41:52.218] [0m{"@POSITION": 1, "Master": 31, "Slave": 65, "Gate": 100, "nLos": 0, "idx": 0, "LiftDeep": 61, "RedAreaH": 0, "BlueAreaH": 250, "Speed":5, "User-X":14, "User-Y":18, "User-Z":0,"Auth":9, "Trans":4}
[2025-06-05 15:41:52.465] [0;32mTMLUWB  :RX < :RECV                :62000048 EB0E0000 01000000 00FA0000 00010000 05000001 00000000 01FFF700 001F0000 00640000 64000000 00000003 7B000000 00000000 00000000 0E000000 00010300 01030000 00000000
[2025-06-05 15:41:52.465] [0m[0;34mAPP     :INFO :@@@ updateKeepAlive( ): User[1] FFF7 Keep alive = 79
[2025-06-05 15:41:52.465] [0m[0;34mAPP     :INFO :gCapSessionHandle!!!.
[2025-06-05 15:41:52.465] [0m[0;34mAPP     :INFO :@@@ gNumberOfUserinDTPCM = 2, pRangingData->no_of_measurements = 1,i=0
[2025-06-05 15:41:52.466] [0m[0;34mAPP     :INFO :Measure_NLOS = 0, Classification_NLOS =   0
[2025-06-05 15:41:52.466] [0mMaster_Distance_to_FFF7=31
[2025-06-05 15:41:52.466] [0;34mAPP     :INFO :Conten_Distance_MasterAnchor_to_FFF7=31
[2025-06-05 15:41:52.466] [0m[0;34mAPP     :INFO :Current User ( fff7 ) status is : SystemStatus = 0 , DiscoverStatus = 5 , TransactionState = 4 , AuthenticationState = 9
[2025-06-05 15:41:52.466] [0m[0;34mAPP     :INFO :@@@ User Speed is :( fff7 ) , 5 ,(cm/s)
[2025-06-05 15:41:52.466] [0m[0;34mAPP     :INFO :@ b = 31, c = 65, x = 16, y = 13
[2025-06-05 15:41:52.466] [0m[0;34mAPP     :INFO :@ a = 100, d = 100, m = 250, Gate = 100
[2025-06-05 15:41:52.466] [0m[0;34mAPP     :INFO :################################### into red area...##################################################
[2025-06-05 15:41:52.466] [0m[0;34mAPP     :INFO :Only 1 valid card detected, started transaction
[2025-06-05 15:41:52.466] [0m[0;33mAPP     :WARN : Write Card Time < 10s. Return.
[2025-06-05 15:41:52.467] [0m
[2025-06-05 15:41:52.467] [0;32mTMLUWB  :RX < :RECV                :02001700 02000002 00BBBB00 00000000 00E90006 000505FF F74100
[2025-06-05 15:41:52.468] [0m[0;34mAPP     :INFO :gMrmSessionHandle_Test!!!
[2025-06-05 15:41:52.468] [0mMaster_Distance_to_Slave=65
[2025-06-05 15:41:52.468] [0;34mAPP     :INFO :Conten_Distance_SlaveAnchor[BBBB]_to_FFF7=65
[2025-06-05 15:41:52.468] [0m{"@POSITION": 1, "Master": 31, "Slave": 65, "Gate": 100, "nLos": 0, "idx": 0, "LiftDeep": 61, "RedAreaH": 0, "BlueAreaH": 250, "Speed":5, "User-X":16, "User-Y":13, "User-Z":0,"Auth":9, "Trans":4}
[2025-06-05 15:41:52.715] [0;32mTMLUWB  :RX < :RECV                :62000048 EC0E0000 01000000 00FA0000 00010000 05000001 00000000 01FFF700 001E0000 00640000 64000000 00000003 7C000000 00000000 00000000 0E000000 00010300 01030000 00000000
[2025-06-05 15:41:52.716] [0m[0;34mAPP     :INFO :@@@ updateKeepAlive( ): User[1] FFF7 Keep alive = 79
[2025-06-05 15:41:52.716] [0m[0;34mAPP     :INFO :gCapSessionHandle!!!.
[2025-06-05 15:41:52.716] [0m[0;34mAPP     :INFO :@@@ gNumberOfUserinDTPCM = 2, pRangingData->no_of_measurements = 1,i=0
[2025-06-05 15:41:52.716] [0m[0;34mAPP     :INFO :Measure_NLOS = 0, Classification_NLOS =   0
[2025-06-05 15:41:52.716] [0mMaster_Distance_to_FFF7=30
[2025-06-05 15:41:52.716] [0;34mAPP     :INFO :Conten_Distance_MasterAnchor_to_FFF7=30
[2025-06-05 15:41:52.716] [0m[0;34mAPP     :INFO :Current User ( fff7 ) status is : SystemStatus = 0 , DiscoverStatus = 5 , TransactionState = 4 , AuthenticationState = 9
[2025-06-05 15:41:52.716] [0m[0;34mAPP     :INFO :@@@ User Speed is :( fff7 ) , 16 ,(cm/s)
[2025-06-05 15:41:52.716] [0m[0;34mAPP     :INFO :@ b = 30, c = 65, x = 16, y = 16
[2025-06-05 15:41:52.716] [0m[0;34mAPP     :INFO :@ a = 100, d = 100, m = 250, Gate = 100
[2025-06-05 15:41:52.716] [0m[0;34mAPP     :INFO :################################### into red area...##################################################
[2025-06-05 15:41:52.718] [0m[0;34mAPP     :INFO :Only 1 valid card detected, started transaction
[2025-06-05 15:41:52.718] [0m[0;33mAPP     :WARN : Write Card Time < 10s. Return.
[2025-06-05 15:41:52.718] [0m
[2025-06-05 15:41:52.718] [0;32mTMLUWB  :RX < :RECV                :02001700 02000002 00BBBB00 00000000 00EA0006 000505FF F73D00
[2025-06-05 15:41:52.718] [0m[0;34mAPP     :INFO :gMrmSessionHandle_Test!!!
[2025-06-05 15:41:52.718] [0mMaster_Distance_to_Slave=61
[2025-06-05 15:41:52.718] [0;34mAPP     :INFO :Conten_Distance_SlaveAnchor[BBBB]_to_FFF7=61
[2025-06-05 15:41:52.718] [0m{"@POSITION": 1, "Master": 30, "Slave": 61, "Gate": 100, "nLos": 0, "idx": 0, "LiftDeep": 62, "RedAreaH": 0, "BlueAreaH": 250, "Speed":16, "User-X":16, "User-Y":16, "User-Z":0,"Auth":9, "Trans":4}
[2025-06-05 15:41:53.028] [0;32mTMLUWB  :RX < :RECV                :62000048 ED0E0000 01000000 00FA0000 00010000 05000001 00000000 01FFF700 001E0000 00640000 64000000 00000003 7B000000 00000000 00000000 0E000000 00010300 01030000 00000000
[2025-06-05 15:41:53.029] [0m[0;34mAPP     :INFO :@@@ updateKeepAlive( ): User[1] FFF7 Keep alive = 79
[2025-06-05 15:41:53.029] [0m[0;34mAPP     :INFO :gCapSessionHandle!!!.
[2025-06-05 15:41:53.029] [0m[0;34mAPP     :INFO :@@@ gNumberOfUserinDTPCM = 2, pRangingData->no_of_measurements = 1,i=0
[2025-06-05 15:41:53.032] [0m[0;34mAPP     :INFO :Measure_NLOS = 0, Classification_NLOS =   0
[2025-06-05 15:41:53.032] [0mMaster_Distance_to_FFF7=30
[2025-06-05 15:41:53.032] [0;34mAPP     :INFO :Conten_Distance_MasterAnchor_to_FFF7=30
[2025-06-05 15:41:53.039] [0m[0;34mAPP     :INFO :Current User ( fff7 ) status is : SystemStatus = 0 , DiscoverStatus = 5 , TransactionState = 4 , AuthenticationState = 9
[2025-06-05 15:41:53.051] [0m[0;34mAPP     :INFO :@@@ User Speed is :( fff7 ) , 1 ,(cm/s)
[2025-06-05 15:41:53.051] [0m[0;34mAPP     :INFO :@ b = 30, c = 61, x = 14, y = 19
[2025-06-05 15:41:53.051] [0m[0;34mAPP     :INFO :@ a = 100, d = 100, m = 250, Gate = 100
[2025-06-05 15:41:53.051] [0m[0;34mAPP     :INFO :################################### into red area...##################################################
[2025-06-05 15:41:53.051] [0m[0;34mAPP     :INFO :Only 1 valid card detected, started transaction
[2025-06-05 15:41:53.051] [0m[0;33mAPP     :WARN : Write Card Time < 10s. Return.
[2025-06-05 15:41:53.052] [0m
[2025-06-05 15:41:53.052] [0;32mTMLUWB  :RX < :RECV                :02001700 02000002 00BBBB00 00000000 00EB0006 000505FF F74200
[2025-06-05 15:41:53.052] [0m[0;34mAPP     :INFO :gMrmSessionHandle_Test!!!
[2025-06-05 15:41:53.052] [0mMaster_Distance_to_Slave=66
[2025-06-05 15:41:53.052] [0;34mAPP     :INFO :Conten_Distance_SlaveAnchor[BBBB]_to_FFF7=66
[2025-06-05 15:41:53.052] [0m{"@POSITION": 1, "Master": 30, "Slave": 66, "Gate": 100, "nLos": 0, "idx": 0, "LiftDeep": 61, "RedAreaH": 0, "BlueAreaH": 250, "Speed":1, "User-X":14, "User-Y":19, "User-Z":0,"Auth":9, "Trans":4}
[2025-06-05 15:41:53.224] [0;32mTMLUWB  :RX < :RECV                :62000048 EE0E0000 01000000 00FA0000 00010000 05000001 00000000 01FFF700 001E0000 00640000 64000000 00000003 7C000000 00000000 00000000 0E000000 00010300 01030000 00000000
[2025-06-05 15:41:53.224] [0m[0;34mAPP     :INFO :@@@ updateKeepAlive( ): User[1] FFF7 Keep alive = 79
[2025-06-05 15:41:53.224] [0m[0;34mAPP     :INFO :gCapSessionHandle!!!.
[2025-06-05 15:41:53.224] [0m[0;34mAPP     :INFO :@@@ gNumberOfUserinDTPCM = 2, pRangingData->no_of_measurements = 1,i=0
[2025-06-05 15:41:53.224] [0m[0;34mAPP     :INFO :Measure_NLOS = 0, Classification_NLOS =   0
[2025-06-05 15:41:53.224] [0mMaster_Distance_to_FFF7=30
[2025-06-05 15:41:53.224] [0;34mAPP     :INFO :Conten_Distance_MasterAnchor_to_FFF7=30
[2025-06-05 15:41:53.224] [0m[0;34mAPP     :INFO :Current User ( fff7 ) status is : SystemStatus = 0 , DiscoverStatus = 5 , TransactionState = 4 , AuthenticationState = 9
[2025-06-05 15:41:53.224] [0m[0;34mAPP     :INFO :@@@ User Speed is :( fff7 ) , 1 ,(cm/s)
[2025-06-05 15:41:53.225] [0m[0;34mAPP     :INFO :@ b = 30, c = 66, x = 17, y = 13
[2025-06-05 15:41:53.228] [0m[0;34mAPP     :INFO :@ a = 100, d = 100, m = 250, Gate = 100
[2025-06-05 15:41:53.228] [0m[0;34mAPP     :INFO :################################### into red area...##################################################
[2025-06-05 15:41:53.228] [0m[0;34mAPP     :INFO :Only 1 valid card detected, started transaction
[2025-06-05 15:41:53.228] [0m[0;33mAPP     :WARN : Write Card Time < 10s. Return.
[2025-06-05 15:41:53.235] [0m
[2025-06-05 15:41:53.240] [0;32mTMLUWB  :RX < :RECV                :02001700 02000002 00BBBB00 00000000 00EC0006 000505FF F74000
[2025-06-05 15:41:53.244] [0m[0;34mAPP     :INFO :gMrmSessionHandle_Test!!!
[2025-06-05 15:41:53.244] [0mMaster_Distance_to_Slave=64
[2025-06-05 15:41:53.244] [0;34mAPP     :INFO :Conten_Distance_SlaveAnchor[BBBB]_to_FFF7=64
[2025-06-05 15:41:53.244] [0m{"@POSITION": 1, "Master": 30, "Slave": 64, "Gate": 100, "nLos": 0, "idx": 0, "LiftDeep": 62, "RedAreaH": 0, "BlueAreaH": 250, "Speed":1, "User-X":17, "User-Y":13, "User-Z":0,"Auth":9, "Trans":4}
[2025-06-05 15:41:53.475] [0;32mTMLUWB  :RX < :RECV                :62000048 EF0E0000 01000000 00FA0000 00010000 05000001 00000000 01FFF700 001E0000 00640000 64000000 00000003 7C000000 00000000 00000000 0E000000 00010300 01030000 00000000
[2025-06-05 15:41:53.476] [0m[0;34mAPP     :INFO :@@@ updateKeepAlive( ): User[1] FFF7 Keep alive = 79
[2025-06-05 15:41:53.476] [0m[0;34mAPP     :INFO :gCapSessionHandle!!!.
[2025-06-05 15:41:53.476] [0m[0;34mAPP     :INFO :@@@ gNumberOfUserinDTPCM = 2, pRangingData->no_of_measurements = 1,i=0
[2025-06-05 15:41:53.476] [0m[0;34mAPP     :INFO :Measure_NLOS = 0, Classification_NLOS =   0
[2025-06-05 15:41:53.476] [0mMaster_Distance_to_FFF7=30
[2025-06-05 15:41:53.476] [0;34mAPP     :INFO :Conten_Distance_MasterAnchor_to_FFF7=30
[2025-06-05 15:41:53.476] [0m[0;34mAPP     :INFO :Current User ( fff7 ) status is : SystemStatus = 0 , DiscoverStatus = 5 , TransactionState = 4 , AuthenticationState = 9
[2025-06-05 15:41:53.476] [0m[0;34mAPP     :INFO :@@@ User Speed is :( fff7 ) , 2 ,(cm/s)
[2025-06-05 15:41:53.477] [0m[0;34mAPP     :INFO :@ b = 30, c = 64, x = 15, y = 18
[2025-06-05 15:41:53.477] [0m[0;34mAPP     :INFO :@ a = 100, d = 100, m = 250, Gate = 100
[2025-06-05 15:41:53.477] [0m[0;34mAPP     :INFO :################################### into red area...##################################################
[2025-06-05 15:41:53.477] [0m[0;34mAPP     :INFO :Only 1 valid card detected, started transaction
[2025-06-05 15:41:53.477] [0m[0;33mAPP     :WARN : Write Card Time < 10s. Return.
[2025-06-05 15:41:53.477] [0m
[2025-06-05 15:41:53.477] [0;32mTMLUWB  :RX < :RECV                :02001700 02000002 00BBBB00 00000000 00ED0006 000505FF F74200
[2025-06-05 15:41:53.477] [0m[0;34mAPP     :INFO :gMrmSessionHandle_Test!!!
[2025-06-05 15:41:53.478] [0mMaster_Distance_to_Slave=66
[2025-06-05 15:41:53.479] [0;34mAPP     :INFO :Conten_Distance_SlaveAnchor[BBBB]_to_FFF7=66
[2025-06-05 15:41:53.480] [0m{"@POSITION": 1, "Master": 30, "Slave": 66, "Gate": 100, "nLos": 0, "idx": 0, "LiftDeep": 62, "RedAreaH": 0, "BlueAreaH": 250, "Speed":2, "User-X":15, "User-Y":18, "User-Z":0,"Auth":9, "Trans":4}
[2025-06-05 15:41:53.711] [0;32mTMLUWB  :RX < :RECV                :62000048 F00E0000 01000000 00FA0000 00010000 05000001 00000000 01FFF700 001F0000 00640000 64000000 00000003 7B000000 00000000 00000000 0E000000 00010300 01030000 00000000
[2025-06-05 15:41:53.712] [0m[0;34mAPP     :INFO :@@@ updateKeepAlive( ): User[1] FFF7 Keep alive = 79
[2025-06-05 15:41:53.712] [0m[0;34mAPP     :INFO :gCapSessionHandle!!!.
[2025-06-05 15:41:53.712] [0m[0;34mAPP     :INFO :@@@ gNumberOfUserinDTPCM = 2, pRangingData->no_of_measurements = 1,i=0
[2025-06-05 15:41:53.712] [0m[0;34mAPP     :INFO :Measure_NLOS = 0, Classification_NLOS =   0
[2025-06-05 15:41:53.712] [0mMaster_Distance_to_FFF7=31
[2025-06-05 15:41:53.712] [0;34mAPP     :INFO :Conten_Distance_MasterAnchor_to_FFF7=31
[2025-06-05 15:41:53.712] [0m[0;34mAPP     :INFO :Current User ( fff7 ) status is : SystemStatus = 0 , DiscoverStatus = 5 , TransactionState = 4 , AuthenticationState = 9
[2025-06-05 15:41:53.712] [0m[0;34mAPP     :INFO :@@@ User Speed is :( fff7 ) , 6 ,(cm/s)
[2025-06-05 15:41:53.712] [0m[0;34mAPP     :INFO :@ b = 31, c = 66, x = 16, y = 13
[2025-06-05 15:41:53.712] [0m[0;34mAPP     :INFO :@ a = 100, d = 100, m = 250, Gate = 100
[2025-06-05 15:41:53.713] [0m[0;34mAPP     :INFO :################################### into red area...##################################################
[2025-06-05 15:41:53.713] [0m[0;34mAPP     :INFO :Only 1 valid card detected, started transaction
[2025-06-05 15:41:53.713] [0m[0;33mAPP     :WARN : Write Card Time < 10s. Return.
[2025-06-05 15:41:53.713] [0m
[2025-06-05 15:41:53.713] [0;32mTMLUWB  :RX < :RECV                :02001700 02000002 00BBBB00 00000000 00EE0006 000505FF F74000
[2025-06-05 15:41:53.713] [0m[0;34mAPP     :INFO :gMrmSessionHandle_Test!!!
[2025-06-05 15:41:53.713] [0mMaster_Distance_to_Slave=64
[2025-06-05 15:41:53.713] [0;34mAPP     :INFO :Conten_Distance_SlaveAnchor[BBBB]_to_FFF7=64
[2025-06-05 15:41:53.713] [0m{"@POSITION": 1, "Master": 31, "Slave": 64, "Gate": 100, "nLos": 0, "idx": 0, "LiftDeep": 61, "RedAreaH": 0, "BlueAreaH": 250, "Speed":6, "User-X":16, "User-Y":13, "User-Z":0,"Auth":9, "Trans":4}
[2025-06-05 15:41:53.974] [0;32mTMLUWB  :RX < :RECV                :62000048 F10E0000 01000000 00FA0000 00010000 05000001 00000000 01FFF700 001E0000 00640000 64000000 00000003 7C000000 00000000 00000000 0E000000 00010300 01030000 00000000
[2025-06-05 15:41:53.975] [0m[0;34mAPP     :INFO :@@@ updateKeepAlive( ): User[1] FFF7 Keep alive = 79
[2025-06-05 15:41:53.975] [0m[0;34mAPP     :INFO :gCapSessionHandle!!!.
[2025-06-05 15:41:53.975] [0m[0;34mAPP     :INFO :@@@ gNumberOfUserinDTPCM = 2, pRangingData->no_of_measurements = 1,i=0
[2025-06-05 15:41:53.975] [0m[0;34mAPP     :INFO :Measure_NLOS = 0, Classification_NLOS =   0
[2025-06-05 15:41:53.975] [0mMaster_Distance_to_FFF7=30
[2025-06-05 15:41:53.975] [0;34mAPP     :INFO :Conten_Distance_MasterAnchor_to_FFF7=30
[2025-06-05 15:41:53.975] [0m[0;34mAPP     :INFO :Current User ( fff7 ) status is : SystemStatus = 0 , DiscoverStatus = 5 , TransactionState = 4 , AuthenticationState = 9
[2025-06-05 15:41:53.975] [0m[0;34mAPP     :INFO :@@@ User Speed is :( fff7 ) , 5 ,(cm/s)
[2025-06-05 15:41:53.975] [0m[0;34mAPP     :INFO :@ b = 30, c = 64, x = 15, y = 18
[2025-06-05 15:41:53.975] [0m[0;34mAPP     :INFO :@ a = 100, d = 100, m = 250, Gate = 100
[2025-06-05 15:41:53.975] [0m[0;34mAPP     :INFO :################################### into red area...##################################################
[2025-06-05 15:41:53.975] [0m[0;34mAPP     :INFO :Only 1 valid card detected, started transaction
[2025-06-05 15:41:53.975] [0m[0;33mAPP     :WARN : Write Card Time < 10s. Return.
[2025-06-05 15:41:53.975] [0m
[2025-06-05 15:41:53.975] [0;32mTMLUWB  :RX < :RECV                :02001700 02000002 00BBBB00 00000000 00EF0006 000505FF F73B00
[2025-06-05 15:41:53.975] [0m[0;34mAPP     :INFO :gMrmSessionHandle_Test!!!
[2025-06-05 15:41:53.975] [0mMaster_Distance_to_Slave=59
[2025-06-05 15:41:53.975] [0;34mAPP     :INFO :Conten_Distance_SlaveAnchor[BBBB]_to_FFF7=59
[2025-06-05 15:41:53.975] [0m{"@POSITION": 1, "Master": 30, "Slave": 59, "Gate": 100, "nLos": 0, "idx": 0, "LiftDeep": 62, "RedAreaH": 0, "BlueAreaH": 250, "Speed":5, "User-X":15, "User-Y":18, "User-Z":0,"Auth":9, "Trans":4}
[2025-06-05 15:41:54.221] [0;32mTMLUWB  :RX < :RECV                :62000048 F20E0000 01000000 00FA0000 00010000 05000001 00000000 01FFF700 001E0000 00640000 64000000 00000003 7C000000 00000000 00000000 0E000000 00010300 01030000 00000000
[2025-06-05 15:41:54.222] [0m[0;34mAPP     :INFO :@@@ updateKeepAlive( ): User[1] FFF7 Keep alive = 79
[2025-06-05 15:41:54.222] [0m[0;34mAPP     :INFO :gCapSessionHandle!!!.
[2025-06-05 15:41:54.222] [0m[0;34mAPP     :INFO :@@@ gNumberOfUserinDTPCM = 2, pRangingData->no_of_measurements = 1,i=0
[2025-06-05 15:41:54.222] [0m[0;34mAPP     :INFO :Measure_NLOS = 0, Classification_NLOS =   0
[2025-06-05 15:41:54.222] [0mMaster_Distance_to_FFF7=30
[2025-06-05 15:41:54.222] [0;34mAPP     :INFO :Conten_Distance_MasterAnchor_to_FFF7=30
[2025-06-05 15:41:54.222] [0m[0;34mAPP     :INFO :Current User ( fff7 ) status is : SystemStatus = 0 , DiscoverStatus = 5 , TransactionState = 4 , AuthenticationState = 9
[2025-06-05 15:41:54.222] [0m[0;34mAPP     :INFO :@@@ User Speed is :( fff7 ) , 5 ,(cm/s)
[2025-06-05 15:41:54.222] [0m[0;34mAPP     :INFO :@ b = 30, c = 59, x = 12, y = 23
[2025-06-05 15:41:54.222] [0m[0;34mAPP     :INFO :@ a = 100, d = 100, m = 250, Gate = 100
[2025-06-05 15:41:54.222] [0m[0;34mAPP     :INFO :################################### into red area...##################################################
[2025-06-05 15:41:54.222] [0m[0;34mAPP     :INFO :Only 1 valid card detected, started transaction
[2025-06-05 15:41:54.224] [0m[0;33mAPP     :WARN : Write Card Time < 10s. Return.
[2025-06-05 15:41:54.224] [0m
[2025-06-05 15:41:54.224] [0;32mTMLUWB  :RX < :RECV                :02001700 02000002 00BBBB00 00000000 00F00006 000505FF F74000
[2025-06-05 15:41:54.224] [0m[0;34mAPP     :INFO :gMrmSessionHandle_Test!!!
[2025-06-05 15:41:54.224] [0mMaster_Distance_to_Slave=64
[2025-06-05 15:41:54.224] [0;34mAPP     :INFO :Conten_Distance_SlaveAnchor[BBBB]_to_FFF7=64
[2025-06-05 15:41:54.224] [0m{"@POSITION": 1, "Master": 30, "Slave": 64, "Gate": 100, "nLos": 0, "idx": 0, "LiftDeep": 62, "RedAreaH": 0, "BlueAreaH": 250, "Speed":5, "User-X":12, "User-Y":23, "User-Z":0,"Auth":9, "Trans":4}
[2025-06-05 15:41:54.469] [0;32mTMLUWB  :RX < :RECV                :62000048 F30E0000 01000000 00FA0000 00010000 05000001 00000000 01FFF700 001E0000 00640000 64000000 00000003 7C000000 00000000 00000000 0E000000 00010300 01030000 00000000
[2025-06-05 15:41:54.470] [0m[0;34mAPP     :INFO :@@@ updateKeepAlive( ): User[1] FFF7 Keep alive = 79
[2025-06-05 15:41:54.470] [0m[0;34mAPP     :INFO :gCapSessionHandle!!!.
[2025-06-05 15:41:54.470] [0m[0;34mAPP     :INFO :@@@ gNumberOfUserinDTPCM = 2, pRangingData->no_of_measurements = 1,i=0
[2025-06-05 15:41:54.470] [0m[0;34mAPP     :INFO :Measure_NLOS = 0, Classification_NLOS =   0
[2025-06-05 15:41:54.470] [0mMaster_Distance_to_FFF7=30
[2025-06-05 15:41:54.470] [0;34mAPP     :INFO :Conten_Distance_MasterAnchor_to_FFF7=30
[2025-06-05 15:41:54.471] [0m[0;34mAPP     :INFO :Current User ( fff7 ) status is : SystemStatus = 0 , DiscoverStatus = 5 , TransactionState = 4 , AuthenticationState = 9
[2025-06-05 15:41:54.471] [0m[0;34mAPP     :INFO :@@@ User Speed is :( fff7 ) , 5 ,(cm/s)
[2025-06-05 15:41:54.471] [0m[0;34mAPP     :INFO :@ b = 30, c = 64, x = 15, y = 18
[2025-06-05 15:41:54.471] [0m[0;34mAPP     :INFO :@ a = 100, d = 100, m = 250, Gate = 100
[2025-06-05 15:41:54.471] [0m[0;34mAPP     :INFO :################################### into red area...##################################################
[2025-06-05 15:41:54.471] [0m[0;34mAPP     :INFO :Only 1 valid card detected, started transaction
[2025-06-05 15:41:54.471] [0m[0;33mAPP     :WARN : Write Card Time < 10s. Return.
[2025-06-05 15:41:54.471] [0m
[2025-06-05 15:41:54.471] [0;32mTMLUWB  :RX < :RECV                :02001700 02000002 00BBBB00 00000000 00F10006 000505FF F73D00
[2025-06-05 15:41:54.471] [0m[0;34mAPP     :INFO :gMrmSessionHandle_Test!!!
[2025-06-05 15:41:54.471] [0mMaster_Distance_to_Slave=61
[2025-06-05 15:41:54.471] [0;34mAPP     :INFO :Conten_Distance_SlaveAnchor[BBBB]_to_FFF7=61
[2025-06-05 15:41:54.471] [0m{"@POSITION": 1, "Master": 30, "Slave": 61, "Gate": 100, "nLos": 0, "idx": 0, "LiftDeep": 62, "RedAreaH": 0, "BlueAreaH": 250, "Speed":5, "User-X":15, "User-Y":18, "User-Z":0,"Auth":9, "Trans":4}
[2025-06-05 15:41:54.733] [0;32mTMLUWB  :RX < :RECV                :62000048 F40E0000 01000000 00FA0000 00010000 05000001 00000000 01FFF700 001F0000 00640000 64000000 00000003 7B000000 00000000 00000000 0E000000 00010300 01030000 00000000
[2025-06-05 15:41:54.734] [0m[0;34mAPP     :INFO :@@@ updateKeepAlive( ): User[1] FFF7 Keep alive = 79
[2025-06-05 15:41:54.734] [0m[0;34mAPP     :INFO :gCapSessionHandle!!!.
[2025-06-05 15:41:54.734] [0m[0;34mAPP     :INFO :@@@ gNumberOfUserinDTPCM = 2, pRangingData->no_of_measurements = 1,i=0
[2025-06-05 15:41:54.734] [0m[0;34mAPP     :INFO :Measure_NLOS = 0, Classification_NLOS =   0
[2025-06-05 15:41:54.734] [0mMaster_Distance_to_FFF7=31
[2025-06-05 15:41:54.734] [0;34mAPP     :INFO :Conten_Distance_MasterAnchor_to_FFF7=31
[2025-06-05 15:41:54.734] [0m[0;34mAPP     :INFO :Current User ( fff7 ) status is : SystemStatus = 0 , DiscoverStatus = 5 , TransactionState = 4 , AuthenticationState = 9
[2025-06-05 15:41:54.734] [0m[0;34mAPP     :INFO :@@@ User Speed is :( fff7 ) , 2 ,(cm/s)
[2025-06-05 15:41:54.736] [0m[0;34mAPP     :INFO :@ b = 31, c = 61, x = 13, y = 20
[2025-06-05 15:41:54.736] [0m[0;34mAPP     :INFO :@ a = 100, d = 100, m = 250, Gate = 100
[2025-06-05 15:41:54.736] [0m[0;34mAPP     :INFO :################################### into red area...##################################################
[2025-06-05 15:41:54.742] [0m[0;34mAPP     :INFO :Only 1 valid card detected, started transaction
[2025-06-05 15:41:54.749] [0m[0;33mAPP     :WARN : Write Card Time < 10s. Return.
[2025-06-05 15:41:54.750] [0m
[2025-06-05 15:41:54.750] [0;32mTMLUWB  :RX < :RECV                :02001700 02000002 00BBBB00 00000000 00F20006 000505FF F73D00
[2025-06-05 15:41:54.750] [0m[0;34mAPP     :INFO :gMrmSessionHandle_Test!!!
[2025-06-05 15:41:54.750] [0mMaster_Distance_to_Slave=61
[2025-06-05 15:41:54.752] [0;34mAPP     :INFO :Conten_Distance_SlaveAnchor[BBBB]_to_FFF7=61
[2025-06-05 15:41:54.752] [0m{"@POSITION": 1, "Master": 31, "Slave": 61, "Gate": 100, "nLos": 0, "idx": 0, "LiftDeep": 61, "RedAreaH": 0, "BlueAreaH": 250, "Speed":2, "User-X":13, "User-Y":20, "User-Z":0,"Auth":9, "Trans":4}
[2025-06-05 15:41:54.971] [0;32mTMLUWB  :RX < :RECV                :62000048 F50E0000 01000000 00FA0000 00010000 05000001 00000000 01FFF700 001F0000 00640000 64000000 00000003 7B000000 00000000 00000000 0E000000 00010300 01030000 00000000
[2025-06-05 15:41:54.971] [0m[0;34mAPP     :INFO :@@@ updateKeepAlive( ): User[1] FFF7 Keep alive = 79
[2025-06-05 15:41:54.975] [0m[0;34mAPP     :INFO :gCapSessionHandle!!!.
[2025-06-05 15:41:54.975] [0m[0;34mAPP     :INFO :@@@ gNumberOfUserinDTPCM = 2, pRangingData->no_of_measurements = 1,i=0
[2025-06-05 15:41:54.975] [0m[0;34mAPP     :INFO :Measure_NLOS = 0, Classification_NLOS =   0
[2025-06-05 15:41:54.975] [0mMaster_Distance_to_FFF7=31
[2025-06-05 15:41:54.975] [0;34mAPP     :INFO :Conten_Distance_MasterAnchor_to_FFF7=31
[2025-06-05 15:41:54.975] [0m[0;34mAPP     :INFO :Current User ( fff7 ) status is : SystemStatus = 0 , DiscoverStatus = 5 , TransactionState = 4 , AuthenticationState = 9
[2025-06-05 15:41:54.975] [0m[0;34mAPP     :INFO :@@@ User Speed is :( fff7 ) , 3 ,(cm/s)
[2025-06-05 15:41:54.975] [0m[0;34mAPP     :INFO :@ b = 31, c = 61, x = 13, y = 20
[2025-06-05 15:41:54.975] [0m[0;34mAPP     :INFO :@ a = 100, d = 100, m = 250, Gate = 100
[2025-06-05 15:41:54.975] [0m[0;34mAPP     :INFO :################################### into red area...##################################################
[2025-06-05 15:41:54.976] [0m[0;34mAPP     :INFO :Only 1 valid card detected, started transaction
[2025-06-05 15:41:54.976] [0m[0;33mAPP     :WARN : Write Card Time < 10s. Return.
[2025-06-05 15:41:54.976] [0m
[2025-06-05 15:41:54.981] [0;32mTMLUWB  :RX < :RECV                :02001700 02000002 00BBBB00 00000000 00F30006 000505FF F73D00
[2025-06-05 15:41:54.981] [0m[0;34mAPP     :INFO :gMrmSessionHandle_Test!!!
[2025-06-05 15:41:54.981] [0mMaster_Distance_to_Slave=61
[2025-06-05 15:41:54.981] [0;34mAPP     :INFO :Conten_Distance_SlaveAnchor[BBBB]_to_FFF7=61
[2025-06-05 15:41:54.982] [0m{"@POSITION": 1, "Master": 31, "Slave": 61, "Gate": 100, "nLos": 0, "idx": 0, "LiftDeep": 61, "RedAreaH": 0, "BlueAreaH": 250, "Speed":3, "User-X":13, "User-Y":20, "User-Z":0,"Auth":9, "Trans":4}
[2025-06-05 15:41:55.233] [0;32mTMLUWB  :RX < :RECV                :62000048 F60E0000 01000000 00FA0000 00010000 05000001 00000000 01FFF700 00200000 00640000 64000000 00000003 7C000000 00000000 00000000 0E000000 00010300 01030000 00000000
[2025-06-05 15:41:55.233] [0m[0;34mAPP     :INFO :@@@ updateKeepAlive( ): User[1] FFF7 Keep alive = 79
[2025-06-05 15:41:55.234] [0m[0;34mAPP     :INFO :gCapSessionHandle!!!.
[2025-06-05 15:41:55.234] [0m[0;34mAPP     :INFO :@@@ gNumberOfUserinDTPCM = 2, pRangingData->no_of_measurements = 1,i=0
[2025-06-05 15:41:55.234] [0m[0;34mAPP     :INFO :Measure_NLOS = 0, Classification_NLOS =   0
[2025-06-05 15:41:55.236] [0mMaster_Distance_to_FFF7=32
[2025-06-05 15:41:55.236] [0;34mAPP     :INFO :Conten_Distance_MasterAnchor_to_FFF7=32
[2025-06-05 15:41:55.236] [0m[0;34mAPP     :INFO :Current User ( fff7 ) status is : SystemStatus = 0 , DiscoverStatus = 5 , TransactionState = 4 , AuthenticationState = 9
[2025-06-05 15:41:55.243] [0m[0;34mAPP     :INFO :@@@ User Speed is :( fff7 ) , 2 ,(cm/s)
[2025-06-05 15:41:55.249] [0m[0;34mAPP     :INFO :@ b = 32, c = 61, x = 13, y = 18
[2025-06-05 15:41:55.252] [0m[0;34mAPP     :INFO :@ a = 100, d = 100, m = 250, Gate = 100
[2025-06-05 15:41:55.253] [0m[0;34mAPP     :INFO :################################### into red area...##################################################
[2025-06-05 15:41:55.253] [0m[0;34mAPP     :INFO :Only 1 valid card detected, started transaction
[2025-06-05 15:41:55.253] [0m[0;33mAPP     :WARN : Write Card Time < 10s. Return.
[2025-06-05 15:41:55.253] [0m
[2025-06-05 15:41:55.253] [0;32mTMLUWB  :RX < :RECV                :02001700 02000002 00BBBB00 00000000 00F40006 000505FF F73E00
[2025-06-05 15:41:55.253] [0m[0;34mAPP     :INFO :gMrmSessionHandle_Test!!!
[2025-06-05 15:41:55.253] [0mMaster_Distance_to_Slave=62
[2025-06-05 15:41:55.253] [0;34mAPP     :INFO :Conten_Distance_SlaveAnchor[BBBB]_to_FFF7=62
[2025-06-05 15:41:55.253] [0m{"@POSITION": 1, "Master": 32, "Slave": 62, "Gate": 100, "nLos": 0, "idx": 0, "LiftDeep": 62, "RedAreaH": 0, "BlueAreaH": 250, "Speed":2, "User-X":13, "User-Y":18, "User-Z":0,"Auth":9, "Trans":4}
[2025-06-05 15:41:55.513] [0;32mTMLUWB  :RX < :RECV                :62000048 F70E0000 01000000 00FA0000 00010000 05000001 00000000 01FFF700 00220000 00640000 64000000 00000003 7B000000 00000000 00000000 0E000000 00010300 01030000 00000000
[2025-06-05 15:41:55.513] [0m[0;34mAPP     :INFO :@@@ updateKeepAlive( ): User[1] FFF7 Keep alive = 79
[2025-06-05 15:41:55.513] [0m[0;34mAPP     :INFO :gCapSessionHandle!!!.
[2025-06-05 15:41:55.515] [0m[0;34mAPP     :INFO :@@@ gNumberOfUserinDTPCM = 2, pRangingData->no_of_measurements = 1,i=0
[2025-06-05 15:41:55.515] [0m[0;34mAPP     :INFO :Measure_NLOS = 0, Classification_NLOS =   0
[2025-06-05 15:41:55.515] [0mMaster_Distance_to_FFF7=34
[2025-06-05 15:41:55.515] [0;34mAPP     :INFO :Conten_Distance_MasterAnchor_to_FFF7=34
[2025-06-05 15:41:55.515] [0m[0;34mAPP     :INFO :Current User ( fff7 ) status is : SystemStatus = 0 , DiscoverStatus = 5 , TransactionState = 4 , AuthenticationState = 9
[2025-06-05 15:41:55.515] [0m[0;34mAPP     :INFO :@@@ User Speed is :( fff7 ) , 6 ,(cm/s)
[2025-06-05 15:41:55.515] [0m[0;34mAPP     :INFO :@ b = 34, c = 62, x = 13, y = 14
[2025-06-05 15:41:55.515] [0m[0;34mAPP     :INFO :@ a = 100, d = 100, m = 250, Gate = 100
[2025-06-05 15:41:55.515] [0m[0;34mAPP     :INFO :################################### into red area...##################################################
[2025-06-05 15:41:55.515] [0m[0;34mAPP     :INFO :Only 1 valid card detected, started transaction
[2025-06-05 15:41:55.515] [0m[0;34mAPP     :INFO :┌──────────────────────────────────────────────────────────────┐
[2025-06-05 15:41:55.515] [0m[0;34mAPP     :INFO :│ @@@ Time of Write Card Start:  = 16:10:060  │ FFF7 │
[2025-06-05 15:41:55.515] [0m[0;34mAPP     :INFO :└──────────────────────────────────────────────────────────────┘
[2025-06-05 15:41:55.515] [0m[0;34mAPP     :INFO :System Is set to Busy by FFF7
[2025-06-05 15:41:55.515] [0m[0;34mAPP     :INFO :startTransaction( ): preMacAddress = FFF7 EndUserDetected Mac = FFF7, areaCheck = 0
[2025-06-05 15:41:55.515] [0m[0;34mAPP     :INFO :no user switching, no need to do AddUserInDTPML
[2025-06-05 15:41:55.515] [0m[0;34mAPP     :INFO :switchtoDynamicSTS uiDeviceIndex = FFF7
[2025-06-05 15:41:55.515] [0m[0;34mAPP     :INFO :Auth search begin index = 0, detected index = 0
[2025-06-05 15:41:55.515] [0m[0;34mAPP     :INFO :AuthDoneUsers[authIndex].DynamicSTSstarted = 1
[2025-06-05 15:41:55.515] [0m[0;33mAPP     :WARN :@@@ Same user, no need to apply RDS and return.
[2025-06-05 15:41:55.515] [0m[0;34mAPP     :INFO :@@@ Simple consumption to Write Card
[2025-06-05 15:41:55.516] [0m[0;34mAPP     :INFO :Previous Transaction State of FFF7 was: 4
[2025-06-05 15:41:55.516] [0m[0;34mAPP     :INFO :New Transaction State of FFF7 is: 5
[2025-06-05 15:41:55.516] [0m[0;34mAPP     :INFO :Send data to SE :   :02850080 DC12D080 27127D01 01000000 00000000 00000000 00000000 00000000 00000000 00000000 00000000 00000000 00000000 00000000 00000000 00000000 00000000 00000000 00000000 00000000 00000000 00000000 00000000 00000000 00000000 00000000 00000000 1901023B 72270000 00000000 00000000 00000000 00000000 00000000 15008054 01000F00 00000120 24082118 5844DA42 D23A08
[2025-06-05 15:41:55.516] [0m[0;34mTMLUWB  :TX > :SEND                :0300AF00 03000002 FFF70000 00000000 02009F00 02850080 DC12D080 27127D01 01000000 00000000 00000000 00000000 00000000 00000000 00000000 00000000 00000000 00000000 00000000 00000000 00000000 00000000 00000000 00000000 00000000 00000000 00000000 00000000 00000000 00000000 00000000 00000000 1901023B 72270000 00000000 00000000 00000000 00000000 00000000 15008054 01000F00 00000120 24082118 5844DA42 D23A08
[2025-06-05 15:41:55.516] [0m[0;32mTMLUWB  :RX < :RECV                :62040005 03000002 00
[2025-06-05 15:41:55.516] [0m[0;32mTMLUWB  :RX < :RECV                :02001700 02000002 00BBBB00 00000000 00F50006 000505FF F73D00
[2025-06-05 15:41:55.516] [0m[0;32mTMLUWB  :RX < :RECV                :62050008 03000002 00000101
[2025-06-05 15:41:55.516] [0m[0;32mTMLUWB  :RX < :RECV                :62040005 03000002 01
[2025-06-05 15:41:55.516] [0m[0;34mAPP     :INFO :common_start_quick_timer enter: timeout: 100 ms
[2025-06-05 15:41:55.516] [0m
[2025-06-05 15:41:55.516] [0;34mAPP     :INFO :gMrmSessionHandle_Test!!!
[2025-06-05 15:41:55.516] [0mMaster_Distance_to_Slave=61
[2025-06-05 15:41:55.516] [0;34mAPP     :INFO :Conten_Distance_SlaveAnchor[BBBB]_to_FFF7=61
[2025-06-05 15:41:55.516] [0m{"@POSITION": 1, "Master": 34, "Slave": 61, "Gate": 100, "nLos": 0, "idx": 0, "LiftDeep": 61, "RedAreaH": 0, "BlueAreaH": 250, "Speed":6, "User-X":13, "User-Y":14, "User-Z":0,"Auth":9, "Trans":5}
[2025-06-05 15:41:55.569] [0;32mTMLUWB  :RX < :RECV                :02002200 03000002 00FFF700 00000000 00C20011 00020200 90000A00 296698E1 F5F6D496 9000
[2025-06-05 15:41:55.569] [0m[0;34mAPP     :INFO :gDtxSessionHandle!!!
[2025-06-05 15:41:55.569] [0m[0;34mAPP     :INFO :uiCheckValidateState enter,CurrentSystemStatus.SystemStatus=1,CurrentSystemStatus.uiMacddressProcess=FFF7
[2025-06-05 15:41:55.569] [0m[0;34mAPP     :INFO :uiAddressSource = fff7, uiUserIndex = 0
[2025-06-05 15:41:55.569] [0m[0;34mAPP     :INFO :TransactionState = 5, authentication state = 9
[2025-06-05 15:41:55.569] [0m[0;34mAPP     :INFO :Secure Data received from FFF7  = 9000
[2025-06-05 15:41:55.569] [0m[0;34mAPP     :INFO :common_stop_quick_timer=102: enter
[2025-06-05 15:41:55.570] [0m[0;34mAPP     :INFO :@@@ RECEIVE CARD INFO : :02020090 000A0029 6698E1F5 F6D49690 00
[2025-06-05 15:41:55.570] [0m{"@CARDINFO": 1, "CardNumber": "3104870494120264165", "Balance": 11823}
[2025-06-05 15:41:55.570] [0;34mAPP     :INFO :Previous Transaction State of FFF7 was: 5
[2025-06-05 15:41:55.570] [0m[0;34mAPP     :INFO :New Transaction State of FFF7 is: 1
[2025-06-05 15:41:55.570] [0m[0;34mAPP     :INFO :System Is set to Free by FFF7
[2025-06-05 15:41:55.570] [0m
[2025-06-05 15:41:55.802] [0;32mTMLUWB  :RX < :RECV                :62000048 F80E0000 01000000 00FA0000 00010000 05000001 00000000 01FFF700 001F0000 00640000 64000000 00000003 7C000000 00000000 00000000 0E000000 00010300 01030000 00000000
[2025-06-05 15:41:55.803] [0m[0;34mAPP     :INFO :@@@ updateKeepAlive( ): User[1] FFF7 Keep alive = 79
[2025-06-05 15:41:55.803] [0m[0;34mAPP     :INFO :gCapSessionHandle!!!.
[2025-06-05 15:41:55.803] [0m[0;34mAPP     :INFO :@@@ gNumberOfUserinDTPCM = 2, pRangingData->no_of_measurements = 1,i=0
[2025-06-05 15:41:55.803] [0m[0;34mAPP     :INFO :┌──────────────────────────────────────────────────────────────┐
[2025-06-05 15:41:55.803] [0m[0;34mAPP     :INFO :│ @@@ Time of Write Card End:    = 16:10:300  │ FFF7 │  240 ms
[2025-06-05 15:41:55.803] [0m[0;34mAPP     :INFO :└──────────────────────────────────────────────────────────────┘
[2025-06-05 15:41:55.803] [0m[0;34mAPP     :INFO :Measure_NLOS = 0, Classification_NLOS =   0
[2025-06-05 15:41:55.803] [0mMaster_Distance_to_FFF7=31
[2025-06-05 15:41:55.803] [0;34mAPP     :INFO :Conten_Distance_MasterAnchor_to_FFF7=31
[2025-06-05 15:41:55.804] [0m[0;34mAPP     :INFO :Current User ( fff7 ) status is : SystemStatus = 0 , DiscoverStatus = 5 , TransactionState = 1 , AuthenticationState = 9
[2025-06-05 15:41:55.804] [0m[0;34mAPP     :INFO :@@@ User Speed is :( fff7 ) , 0 ,(cm/s)
[2025-06-05 15:41:55.804] [0m[0;34mAPP     :INFO :@ b = 31, c = 61, x = 13, y = 20
[2025-06-05 15:41:55.804] [0m[0;34mAPP     :INFO :@ a = 100, d = 100, m = 250, Gate = 100
[2025-06-05 15:41:55.804] [0m[0;34mAPP     :INFO :################################### into red area...##################################################
[2025-06-05 15:41:55.804] [0m[0;34mAPP     :INFO :Only 1 valid card detected, started transaction
[2025-06-05 15:41:55.804] [0m[0;33mAPP     :WARN :Into Red Area, But TransactionState != ReadCard_compelete. Starting Read Card...
[2025-06-05 15:41:55.804] [0m[0;34mAPP     :INFO :┌──────────────────────────────────────────────────────────────┐
[2025-06-05 15:41:55.804] [0m[0;34mAPP     :INFO :│ @@@ Time of Read Card Start:   = 16:10:315  │ FFF7 │
[2025-06-05 15:41:55.804] [0m[0;34mAPP     :INFO :└──────────────────────────────────────────────────────────────┘
[2025-06-05 15:41:55.804] [0m[0;34mAPP     :INFO :System Is set to Busy by FFF7
[2025-06-05 15:41:55.804] [0m[0;34mAPP     :INFO :startTransaction( ): preMacAddress = FFF7 EndUserDetected Mac = FFF7, areaCheck = 1
[2025-06-05 15:41:55.804] [0m[0;34mAPP     :INFO :no user switching, no need to do AddUserInDTPML
[2025-06-05 15:41:55.804] [0m[0;34mAPP     :INFO :switchtoDynamicSTS uiDeviceIndex = FFF7
[2025-06-05 15:41:55.804] [0m[0;34mAPP     :INFO :Auth search begin index = 0, detected index = 0
[2025-06-05 15:41:55.805] [0m[0;34mAPP     :INFO :AuthDoneUsers[authIndex].DynamicSTSstarted = 1
[2025-06-05 15:41:55.805] [0m[0;33mAPP     :WARN :@@@ Same user, no need to apply RDS and return.
[2025-06-05 15:41:55.805] [0m[0;34mAPP     :INFO :@@@ Simple consumption to Read Card
[2025-06-05 15:41:55.805] [0m[0;34mAPP     :INFO :Previous Transaction State of FFF7 was: 1
[2025-06-05 15:41:55.805] [0m[0;34mAPP     :INFO :New Transaction State of FFF7 is: 2
[2025-06-05 15:41:55.805] [0m[0;34mAPP     :INFO :Send data to SE :   :04130000 A404000E 32504159 2E535953 2E444446 30310D00 00A40400 08A00000 06320101 05050000 B095001C 11008050 03020B01 00000001 04090001 00010F
[2025-06-05 15:41:55.805] [0m[0;34mTMLUWB  :TX > :SEND                :03004F00 03000002 FFF70000 00000000 02003F00 04130000 A404000E 32504159 2E535953 2E444446 30310D00 00A40400 08A00000 06320101 05050000 B095001C 11008050 03020B01 00000001 04090001 00010F
[2025-06-05 15:41:55.805] [0m[0;32mTMLUWB  :RX < :RECV                :62040005 03000002 00
[2025-06-05 15:41:55.805] [0m[0;32mTMLUWB  :RX < :RECV                :02001700 02000002 00BBBB00 00000000 00F60006 000505FF F74200
[2025-06-05 15:41:55.806] [0m[0;32mTMLUWB  :RX < :RECV                :62050008 03000002 00000101
[2025-06-05 15:41:55.806] [0m[0;32mTMLUWB  :RX < :RECV                :62040005 03000002 01
[2025-06-05 15:41:55.806] [0m[0;34mAPP     :INFO :common_start_quick_timer enter: timeout: 100 ms
[2025-06-05 15:41:55.806] [0m
[2025-06-05 15:41:55.806] [0;34mAPP     :INFO :gMrmSessionHandle_Test!!!
[2025-06-05 15:41:55.806] [0mMaster_Distance_to_Slave=66
[2025-06-05 15:41:55.806] [0;34mAPP     :INFO :Conten_Distance_SlaveAnchor[BBBB]_to_FFF7=66
[2025-06-05 15:41:55.836] [0m{"@POSITION": 1, "Master": 31, "Slave": 66, "Gate": 100, "nLos": 0, "idx": 0, "LiftDeep": 62, "RedAreaH": 0, "BlueAreaH": 250, "Speed":0, "User-X":13, "User-Y":20, "User-Z":0,"Auth":9, "Trans":2}
[2025-06-05 15:41:55.837] [0;32mTMLUWB  :RX < :RECV                :0200A100 03000002 00FFF700 00000000 00C30090 00041E00 6F1A840E 32504159 2E535953 2E444446 3031A508 9F080231 30890102 90003A00 6F368408 A0000006 32010105 A5269F08 0200309F 0C1E0221 5840FFFF FFFF0201 03104870 49412026 41652023 10312053 10310000 00000000 90001E00 02215840 FFFFFFFF 02010310 48704941 20264165 20231031 20531031 90001100 00002E2E 1EA70000 00010062 1C929C90 00
[2025-06-05 15:41:55.837] [0m[0;34mAPP     :INFO :gDtxSessionHandle!!!
[2025-06-05 15:41:55.837] [0m[0;34mAPP     :INFO :uiCheckValidateState enter,CurrentSystem2
[2025-06-05 15:41:55.837] [0m[0;34mAPP     :INFO :New Transaction State of FFF7 is: 4
[2025-06-05 15:41:55.837] [0m[0;34mAPP     :INFO :System Is set to Free by FFF7
[2025-06-05 15:41:55.837] [0m
[2025-06-05 15:41:56.017] [0;32mTMLUWB  :RX < :RECV                :62000048 F90E0000 01000000 00FA0000 00010000 05000001 00000000 01FFF700 001E0000 00640000 64000000 00000003 7B000000 00000000 00000000 0E000000 00010300 01030000 00000000
[2025-06-05 15:41:56.018] [0m[0;34mAPP     :INFO :@@@ updateKeepAlive( ): User[1] FFF7 Keep alive = 79
[2025-06-05 15:41:56.018] [0m[0;34mAPP     :INFO :gCapSessionHandle!!!.
[2025-06-05 15:41:56.019] [0m[0;34mAPP     :INFO :@@@ gNumberOfUserinDTPCM = 2, pRangingData->no_of_measurements = 1,i=0
[2025-06-05 15:41:56.019] [0m[0;34mAPP     :INFO :Measure_NLOS = 0, Classification_NLOS =   0
[2025-06-05 15:41:56.019] [0mMaster_Distance_to_FFF7=30
[2025-06-05 15:41:56.019] [0;34mAPP     :INFO :Conten_Distance_MasterAnchor_to_FFF7=30
[2025-06-05 15:41:56.019] [0m[0;34mAPP     :INFO :Current User ( fff7 ) status is : SystemStatus = 0 , DiscoverStatus = 5 , TransactionState = 4 , AuthenticationState = 9
[2025-06-05 15:41:56.019] [0m[0;34mAPP     :INFO :@@@ User Speed is :( fff7 ) , 6 ,(cm/s)
[2025-06-05 15:41:56.019] [0m[0;34mAPP     :INFO :@ b = 30, c = 66, x = 17, y = 13
[2025-06-05 15:41:56.019] [0m[0;34mAPP     :INFO :@ a = 100, d = 100, m = 250, Gate = 100
[2025-06-05 15:41:56.019] [0m[0;34mAPP     :INFO :################################### into red area...##################################################
[2025-06-05 15:41:56.020] [0m[0;34mAPP     :INFO :Only 1 valid card detected, started transaction
[2025-06-05 15:41:56.020] [0m[0;33mAPP     :WARN : Write Card Time < 10s. Return.
[2025-06-05 15:41:56.020] [0m
[2025-06-05 15:41:56.020] [0;32mTMLUWB  :RX < :RECV                :02001700 02000002 00BBBB00 00000000 00F70006 000505FF F74200
[2025-06-05 15:41:56.020] [0m[0;34mAPP     :INFO :gMrmSessionHandle_Test!!!
[2025-06-05 15:41:56.020] [0mMaster_Distance_to_Slave=66
[2025-06-05 15:41:56.020] [0;34mAPP     :INFO :Conten_Distance_SlaveAnchor[BBBB]_to_FFF7=66
[2025-06-05 15:41:56.020] [0m{"@POSITION": 1, "Master": 30, "Slave": 66, "Gate": 100, "nLos": 0, "idx": 0, "LiftDeep": 61, "RedAreaH": 0, "BlueAreaH": 250, "Speed":6, "User-X":17, "User-Y":13, "User-Z":0,"Auth":9, "Trans":4}
[2025-06-05 15:41:56.255] [0;32mTMLUWB  :RX < :RECV                :62000048 FA0E0000 01000000 00FA0000 00010000 05000001 00000000 01FFF700 001E0000 00640000 64000000 00000003 7C000000 00000000 00000000 0E000000 00010300 01030000 00000000
[2025-06-05 15:41:56.255] [0m[0;34mAPP     :INFO :@@@ updateKeepAlive( ): User[1] FFF7 Keep alive = 79
[2025-06-05 15:41:56.257] [0m[0;34mAPP     :INFO :gCapSessionHandle!!!.
[2025-06-05 15:41:56.257] [0m[0;34mAPP     :INFO :@@@ gNumberOfUserinDTPCM = 2, pRangingData->no_of_measurements = 1,i=0
[2025-06-05 15:41:56.257] [0m[0;34mAPP     :INFO :Measure_NLOS = 0, Classification_NLOS =   0
[2025-06-05 15:41:56.257] [0mMaster_Distance_to_FFF7=30
[2025-06-05 15:41:56.257] [0;34mAPP     :INFO :Conten_Distance_MasterAnchor_to_FFF7=30
[2025-06-05 15:41:56.257] [0m[0;34mAPP     :INFO :Current User ( fff7 ) status is : SystemStatus = 0 , DiscoverStatus = 5 , TransactionState = 4 , AuthenticationState = 9
[2025-06-05 15:41:56.257] [0m[0;34mAPP     :INFO :@@@ User Speed is :( fff7 ) , 4 ,(cm/s)
[2025-06-05 15:41:56.257] [0m[0;34mAPP     :INFO :@ b = 30, c = 66, x = 17, y = 13
[2025-06-05 15:41:56.257] [0m[0;34mAPP     :INFO :@ a = 100, d = 100, m = 250, Gate = 100
[2025-06-05 15:41:56.257] [0m[0;34mAPP     :INFO :################################### into red area...##################################################
[2025-06-05 15:41:56.257] [0m[0;34mAPP     :INFO :Only 1 valid card detected, started transaction
[2025-06-05 15:41:56.257] [0m[0;33mAPP     :WARN : Write Card Time < 10s. Return.
[2025-06-05 15:41:56.257] [0m
[2025-06-05 15:41:56.257] [0;32mTMLUWB  :RX < :RECV                :02001700 02000002 00BBBB00 00000000 00F80006 000505FF F73F00
[2025-06-05 15:41:56.257] [0m[0;34mAPP     :INFO :gMrmSessionHandle_Test!!!
[2025-06-05 15:41:56.257] [0mMaster_Distance_to_Slave=63
[2025-06-05 15:41:56.257] [0;34mAPP     :INFO :Conten_Distance_SlaveAnchor[BBBB]_to_FFF7=63
[2025-06-05 15:41:56.258] [0m{"@POSITION": 1, "Master": 30, "Slave": 63, "Gate": 100, "nLos": 0, "idx": 0, "LiftDeep": 62, "RedAreaH": 0, "BlueAreaH": 250, "Speed":4, "User-X":17, "User-Y":13, "User-Z":0,"Auth":9, "Trans":4}
[2025-06-05 15:41:56.494] [0;32mTMLUWB  :RX < :RECV                :62000048 FB0E0000 01000000 00FA0000 00010000 05000001 00000000 01FFF700 001E0000 00640000 64000000 00000003 7C000000 00000000 00000000 0E000000 00010300 01030000 00000000
[2025-06-05 15:41:56.495] [0m[0;34mAPP     :INFO :@@@ updateKeepAlive( ): User[1] FFF7 Keep alive = 79
[2025-06-05 15:41:56.495] [0m[0;34mAPP     :INFO :gCapSessionHandle!!!.
[2025-06-05 15:41:56.495] [0m[0;34mAPP     :INFO :@@@ gNumberOfUserinDTPCM = 2, pRangingData->no_of_measurements = 1,i=0
[2025-06-05 15:41:56.496] [0m[0;34mAPP     :INFO :Measure_NLOS = 0, Classification_NLOS =   0
[2025-06-05 15:41:56.496] [0mMaster_Distance_to_FFF7=30
[2025-06-05 15:41:56.496] [0;34mAPP     :INFO :Conten_Distance_MasterAnchor_to_FFF7=30
[2025-06-05 15:41:56.496] [0m[0;34mAPP     :INFO :Current User ( fff7 ) status is : SystemStatus = 0 , DiscoverStatus = 5 , TransactionState = 4 , AuthenticationState = 9
[2025-06-05 15:41:56.496] [0m[0;34mAPP     :INFO :@@@ User Speed is :( fff7 ) , 2 ,(cm/s)
[2025-06-05 15:41:56.497] [0m[0;34mAPP     :INFO :@ b = 30, c = 63, x = 15, y = 18
[2025-06-05 15:41:56.497] [0m[0;34mAPP     :INFO :@ a = 100, d = 100, m = 250, Gate = 100
[2025-06-05 15:41:56.497] [0m[0;34mAPP     :INFO :################################### into red area...##################################################
[2025-06-05 15:41:56.497] [0m[0;34mAPP     :INFO :Only 1 valid card detected, started transaction
[2025-06-05 15:41:56.497] [0m[0;33mAPP     :WARN : Write Card Time < 10s. Return.
[2025-06-05 15:41:56.497] [0m
[2025-06-05 15:41:56.501] [0;32mTMLUWB  :RX < :RECV                :02001700 02000002 00BBBB00 00000000 00F90006 000505FF F74100
[2025-06-05 15:41:56.502] [0m[0;34mAPP     :INFO :gMrmSessionHandle_Test!!!
[2025-06-05 15:41:56.507] [0mMaster_Distance_to_Slave=65
[2025-06-05 15:41:56.519] [0;34mAPP     :INFO :Conten_Distance_SlaveAnchor[BBBB]_to_FFF7=65
[2025-06-05 15:41:56.524] [0m{"@POSITION": 1, "Master": 30, "Slave": 65, "Gate": 100, "nLos": 0, "idx": 0, "LiftDeep": 62, "RedAreaH": 0, "BlueAreaH": 250, "Speed":2, "User-X":15, "User-Y":18, "User-Z":0,"Auth":9, "Trans":4}
[2025-06-05 15:41:56.716] [0;32mTMLUWB  :RX < :RECV                :62000048 FC0E0000 01000000 00FA0000 00010000 05000001 00000000 01FFF700 001F0000 00640000 64000000 00000003 7B000000 00000000 00000000 0E000000 00010300 01030000 00000000
[2025-06-05 15:41:56.716] [0m[0;34mAPP     :INFO :@@@ updateKeepAlive( ): User[1] FFF7 Keep alive = 79
[2025-06-05 15:41:56.716] [0m[0;34mAPP     :INFO :gCapSessionHandle!!!.
[2025-06-05 15:41:56.716] [0m[0;34mAPP     :INFO :@@@ gNumberOfUserinDTPCM = 2, pRangingData->no_of_measurements = 1,i=0
[2025-06-05 15:41:56.716] [0m[0;34mAPP     :INFO :Measure_NLOS = 0, Classification_NLOS =   0
[2025-06-05 15:41:56.716] [0mMaster_Distance_to_FFF7=31
[2025-06-05 15:41:56.716] [0;34mAPP     :INFO :Conten_Distance_MasterAnchor_to_FFF7=31
[2025-06-05 15:41:56.716] [0m[0;34mAPP     :INFO :Current User ( fff7 ) status is : SystemStatus = 0 , DiscoverStatus = 5 , TransactionState = 4 , AuthenticationState = 9
[2025-06-05 15:41:56.716] [0m[0;34mAPP     :INFO :@@@ User Speed is :( fff7 ) , 1 ,(cm/s)
[2025-06-05 15:41:56.716] [0m[0;34mAPP     :INFO :@ b = 31, c = 65, x = 16, y = 13
[2025-06-05 15:41:56.716] [0m[0;34mAPP     :INFO :@ a = 100, d = 100, m = 250, Gate = 100
[2025-06-05 15:41:56.716] [0m[0;34mAPP     :INFO :################################### into red area...##################################################
[2025-06-05 15:41:56.716] [0m[0;34mAPP     :INFO :Only 1 valid card detected, started transaction
[2025-06-05 15:41:56.716] [0m[0;33mAPP     :WARN : Write Card Time < 10s. Return.
[2025-06-05 15:41:56.716] [0m
[2025-06-05 15:41:56.718] [0;32mTMLUWB  :RX < :RECV                :02001700 02000002 00BBBB00 00000000 00FA0006 000505FF F74400
[2025-06-05 15:41:56.718] [0m[0;34mAPP     :INFO :gMrmSessionHandle_Test!!!
[2025-06-05 15:41:56.718] [0mMaster_Distance_to_Slave=68
[2025-06-05 15:41:56.718] [0;34mAPP     :INFO :Conten_Distance_SlaveAnchor[BBBB]_to_FFF7=68
[2025-06-05 15:41:56.718] [0m{"@POSITION": 1, "Master": 31, "Slave": 68, "Gate": 100, "nLos": 0, "idx": 0, "LiftDeep": 61, "RedAreaH": 0, "BlueAreaH": 250, "Speed":1, "User-X":16, "User-Y":13, "User-Z":0,"Auth":9, "Trans":4}
[2025-06-05 15:41:56.962] [0;32mTMLUWB  :RX < :RECV                :62000048 FD0E0000 01000000 00FA0000 00010000 05000001 00000000 01FFF700 00200000 00640000 64000000 00000003 7A000000 00000000 00000000 0E000000 00010300 01030000 00000000
[2025-06-05 15:41:56.963] [0m[0;34mAPP     :INFO :@@@ updateKeepAlive( ): User[1] FFF7 Keep alive = 79
[2025-06-05 15:41:56.963] [0m[0;34mAPP     :INFO :gCapSessionHandle!!!.
[2025-06-05 15:41:56.963] [0m[0;34mAPP     :INFO :@@@ gNumberOfUserinDTPCM = 2, pRangingData->no_of_measurements = 1,i=0
[2025-06-05 15:41:56.963] [0m[0;34mAPP     :INFO :Measure_NLOS = 0, Classification_NLOS =   0
[2025-06-05 15:41:56.964] [0mMaster_Distance_to_FFF7=32
[2025-06-05 15:41:56.964] [0;34mAPP     :INFO :Conten_Distance_MasterAnchor_to_FFF7=32
[2025-06-05 15:41:56.964] [0m[0;34mAPP     :INFO :Current User ( fff7 ) status is : SystemStatus = 0 , DiscoverStatus = 5 , TransactionState = 4 , AuthenticationState = 9
[2025-06-05 15:41:56.964] [0m[0;34mAPP     :INFO :@@@ User Speed is :( fff7 ) , 13 ,(cm/s)
[2025-06-05 15:41:56.964] [0m[0;34mAPP     :INFO :@ b = 32, c = 68, x = 18, y = 0
[2025-06-05 15:41:56.964] [0m[0;34mAPP     :INFO :@ a = 100, d = 100, m = 250, Gate = 100
[2025-06-05 15:41:56.964] [0m[0;34mAPP     :INFO :################################### into red area...##################################################
[2025-06-05 15:41:56.964] [0m[0;34mAPP     :INFO :Only 1 valid card detected, started transaction
[2025-06-05 15:41:56.964] [0m[0;33mAPP     :WARN : Write Card Time < 10s. Return.
[2025-06-05 15:41:56.964] [0m
[2025-06-05 15:41:56.964] [0;32mTMLUWB  :RX < :RECV                :02001700 02000002 00BBBB00 00000000 00FB0006 000505FF F73F00
[2025-06-05 15:41:56.964] [0m[0;34mAPP     :INFO :gMrmSessionHandle_Test!!!
[2025-06-05 15:41:56.964] [0mMaster_Distance_to_Slave=63
[2025-06-05 15:41:56.964] [0;34mAPP     :INFO :Conten_Distance_SlaveAnchor[BBBB]_to_FFF7=63
[2025-06-05 15:41:56.965] [0m{"@POSITION": 1, "Master": 32, "Slave": 63, "Gate": 100, "nLos": 0, "idx": 0, "LiftDeep": 61, "RedAreaH": 0, "BlueAreaH": 250, "Speed":13, "User-X":18, "User-Y":0, "User-Z":0,"Auth":9, "Trans":4}
[2025-06-05 15:41:57.221] [0;32mTMLUWB  :RX < :RECV                :62000048 FE0E0000 01000000 00FA0000 00010000 05000001 00000000 01FFF700 001E0000 00640000 64000000 00000003 7D000000 00000000 00000000 0E000000 00010300 01030000 00000000
[2025-06-05 15:41:57.222] [0m[0;34mAPP     :INFO :@@@ updateKeepAlive( ): User[1] FFF7 Keep alive = 79
[2025-06-05 15:41:57.222] [0m[0;34mAPP     :INFO :gCapSessionHandle!!!.
[2025-06-05 15:41:57.222] [0m[0;34mAPP     :INFO :@@@ gNumberOfUserinDTPCM = 2, pRangingData->no_of_measurements = 1,i=0
[2025-06-05 15:41:57.222] [0m[0;34mAPP     :INFO :Measure_NLOS = 0, Classification_NLOS =   0
[2025-06-05 15:41:57.222] [0mMaster_Distance_to_FFF7=30
[2025-06-05 15:41:57.222] [0;34mAPP     :INFO :Conten_Distance_MasterAnchor_to_FFF7=30
[2025-06-05 15:41:57.222] [0m[0;34mAPP     :INFO :Current User ( fff7 ) status is : SystemStatus = 0 , DiscoverStatus = 5 , TransactionState = 4 , AuthenticationState = 9
[2025-06-05 15:41:57.222] [0m[0;34mAPP     :INFO :@@@ User Speed is :( fff7 ) , 0 ,(cm/s)
[2025-06-05 15:41:57.222] [0m[0;34mAPP     :INFO :@ b = 30, c = 63, x = 15, y = 18
[2025-06-05 15:41:57.222] [0m[0;34mAPP     :INFO :@ a = 100, d = 100, m = 250, Gate = 100
[2025-06-05 15:41:57.222] [0m[0;34mAPP     :INFO :################################### into red area...##################################################
[2025-06-05 15:41:57.222] [0m[0;34mAPP     :INFO :Only 1 valid card detected, started transaction
[2025-06-05 15:41:57.222] [0m[0;33mAPP     :WARN : Write Card Time < 10s. Return.
[2025-06-05 15:41:57.222] [0m
[2025-06-05 15:41:57.222] [0;32mTMLUWB  :RX < :RECV                :02001700 02000002 00BBBB00 00000000 00FC0006 000505FF F74300
[2025-06-05 15:41:57.222] [0m[0;34mAPP     :INFO :gMrmSessionHandle_Test!!!
[2025-06-05 15:41:57.222] [0mMaster_Distance_to_Slave=67
[2025-06-05 15:41:57.222] [0;34mAPP     :INFO :Conten_Distance_SlaveAnchor[BBBB]_to_FFF7=67
[2025-06-05 15:41:57.222] [0m{"@POSITION": 1, "Master": 30, "Slave": 67, "Gate": 100, "nLos": 0, "idx": 0, "LiftDeep": 62, "RedAreaH": 0, "BlueAreaH": 250, "Speed":0, "User-X":15, "User-Y":18, "User-Z":0,"Auth":9, "Trans":4}
[2025-06-05 15:41:57.461] [0;32mTMLUWB  :RX < :RECV                :62000048 FF0E0000 01000000 00FA0000 00010000 05000001 00000000 01FFF700 00220000 00640000 64000000 00000003 7B000000 00000000 00000000 0E000000 00010300 01030000 00000000
[2025-06-05 15:41:57.462] [0m[0;34mAPP     :INFO :@@@ updateKeepAlive( ): User[1] FFF7 Keep alive = 79
[2025-06-05 15:41:57.462] [0m[0;34mAPP     :INFO :gCapSessionHandle!!!.
[2025-06-05 15:41:57.463] [0m[0;34mAPP     :INFO :@@@ gNumberOfUserinDTPCM = 2, pRangingData->no_of_measurements = 1,i=0
[2025-06-05 15:41:57.463] [0m[0;34mAPP     :INFO :Measure_NLOS = 0, Classification_NLOS =   0
[2025-06-05 15:41:57.463] [0mMaster_Distance_to_FFF7=34
[2025-06-05 15:41:57.463] [0;34mAPP     :INFO :Conten_Distance_MasterAnchor_to_FFF7=34
[2025-06-05 15:41:57.463] [0m[0;34mAPP     :INFO :Current User ( fff7 ) status is : SystemStatus = 0 , DiscoverStatus = 5 , TransactionState = 4 , AuthenticationState = 9
[2025-06-05 15:41:57.463] [0m[0;34mAPP     :INFO :@@@ User Speed is :( fff7 ) , 13 ,(cm/s)
[2025-06-05 15:41:57.463] [0m[0;34mAPP     :INFO :@ b = 34, c = 67, x = 16, y = 0
[2025-06-05 15:41:57.463] [0m[0;34mAPP     :INFO :@ a = 100, d = 100, m = 250, Gate = 100
[2025-06-05 15:41:57.464] [0m[0;34mAPP     :INFO :################################### into red area...##################################################
[2025-06-05 15:41:57.464] [0m[0;34mAPP     :INFO :Only 1 valid card detected, started transaction
[2025-06-05 15:41:57.464] [0m[0;33mAPP     :WARN : Write Card Time < 10s. Return.
[2025-06-05 15:41:57.464] [0m
[2025-06-05 15:41:57.464] [0;32mTMLUWB  :RX < :RECV                :02001700 02000002 00BBBB00 00000000 00FD0006 000505FF F74400
[2025-06-05 15:41:57.464] [0m[0;34mAPP     :INFO :gMrmSessionHandle_Test!!!
[2025-06-05 15:41:57.464] [0mMaster_Distance_to_Slave=68
[2025-06-05 15:41:57.464] [0;34mAPP     :INFO :Conten_Distance_SlaveAnchor[BBBB]_to_FFF7=68
[2025-06-05 15:41:57.464] [0m{"@POSITION": 1, "Master": 34, "Slave": 68, "Gate": 100, "nLos": 0, "idx": 0, "LiftDeep": 61, "RedAreaH": 0, "BlueAreaH": 250, "Speed":13, "User-X":16, "User-Y":0, "User-Z":0,"Auth":9, "Trans":4}
[2025-06-05 15:41:57.713] [0;32mTMLUWB  :RX < :RECV                :62000048 000F0000 01000000 00FA0000 00010000 05000001 00000000 01FFF700 00200000 00640000 64000000 00000003 7A000000 00000000 00000000 0E000000 00010300 01030000 00000000
[2025-06-05 15:41:57.714] [0m[0;34mAPP     :INFO :@@@ updateKeepAlive( ): User[1] FFF7 Keep alive = 79
[2025-06-05 15:41:57.714] [0m[0;34mAPP     :INFO :gCapSessionHandle!!!.
[2025-06-05 15:41:57.718] [0m[0;34mAPP     :INFO :@@@ gNumberOfUserinDTPCM = 2, pRangingData->no_of_measurements = 1,i=0
[2025-06-05 15:41:57.718] [0m[0;34mAPP     :INFO :Measure_NLOS = 0, Classification_NLOS =   0
[2025-06-05 15:41:57.718] [0mMaster_Distance_to_FFF7=32
[2025-06-05 15:41:57.718] [0;34mAPP     :INFO :Conten_Distance_MasterAnchor_to_FFF7=32
[2025-06-05 15:41:57.718] [0m[0;34mAPP     :INFO :Current User ( fff7 ) status is : SystemStatus = 0 , DiscoverStatus = 5 , TransactionState = 4 , AuthenticationState = 9
[2025-06-05 15:41:57.718] [0m[0;34mAPP     :INFO :@@@ User Speed is :( fff7 ) , 0 ,(cm/s)
[2025-06-05 15:41:57.718] [0m[0;34mAPP     :INFO :@ b = 32, c = 68, x = 18, y = 0
[2025-06-05 15:41:57.718] [0m[0;34mAPP     :INFO :@ a = 100, d = 100, m = 250, Gate = 100
[2025-06-05 15:41:57.719] [0m[0;34mAPP     :INFO :################################### into red area...##################################################
[2025-06-05 15:41:57.719] [0m[0;34mAPP     :INFO :Only 1 valid card detected, started transaction
[2025-06-05 15:41:57.719] [0m[0;33mAPP     :WARN : Write Card Time < 10s. Return.
[2025-06-05 15:41:57.719] [0m
[2025-06-05 15:41:57.719] [0;32mTMLUWB  :RX < :RECV                :02001700 02000002 00BBBB00 00000000 00FE0006 000505FF F74500
[2025-06-05 15:41:57.719] [0m[0;34mAPP     :INFO :gMrmSessionHandle_Test!!!
[2025-06-05 15:41:57.719] [0mMaster_Distance_to_Slave=69
[2025-06-05 15:41:57.719] [0;34mAPP     :INFO :Conten_Distance_SlaveAnchor[BBBB]_to_FFF7=69
[2025-06-05 15:41:57.719] [0m{"@POSITION": 1, "Master": 32, "Slave": 69, "Gate": 100, "nLos": 0, "idx": 0, "LiftDeep": 61, "RedAreaH": 0, "BlueAreaH": 250, "Speed":0, "User-X":18, "User-Y":0, "User-Z":0,"Auth":9, "Trans":4}
[2025-06-05 15:41:58.010] [0;32mTMLUWB  :RX < :RECV                :62000048 010F0000 01000000 00FA0000 00010000 05000001 00000000 01FFF700 001F0000 00640000 64000000 00000003 7C000000 00000000 00000000 0E000000 00010300 01030000 00000000
[2025-06-05 15:41:58.010] [0m[0;34mAPP     :INFO :@@@ updateKeepAlive( ): User[1] FFF7 Keep alive = 79
[2025-06-05 15:41:58.011] [0m[0;34mAPP     :INFO :gCapSessionHandle!!!.
[2025-06-05 15:41:58.011] [0m[0;34mAPP     :INFO :@@@ gNumberOfUserinDTPCM = 2, pRangingData->no_of_measurements = 1,i=0
[2025-06-05 15:41:58.011] [0m[0;34mAPP     :INFO :Measure_NLOS = 0, Classification_NLOS =   0
[2025-06-05 15:41:58.011] [0mMaster_Distance_to_FFF7=31
[2025-06-05 15:41:58.011] [0;34mAPP     :INFO :Conten_Distance_MasterAnchor_to_FFF7=31
[2025-06-05 15:41:58.011] [0m[0;34mAPP     :INFO :Current User ( fff7 ) status is : SystemStatus = 0 , DiscoverStatus = 5 , TransactionState = 4 , AuthenticationState = 9
[2025-06-05 15:41:58.011] [0m[0;34mAPP     :INFO :@@@ User Speed is :( fff7 ) , 18 ,(cm/s)
[2025-06-05 15:41:58.011] [0m[0;34mAPP     :INFO :@ b = 31, c = 69, x = 19, y = 0
[2025-06-05 15:41:58.011] [0m[0;34mAPP     :INFO :@ a = 100, d = 100, m = 250, Gate = 100
[2025-06-05 15:41:58.011] [0m[0;34mAPP     :INFO :################################### into red area...##################################################
[2025-06-05 15:41:58.011] [0m[0;34mAPP     :INFO :Only 1 valid card detected, started transaction
[2025-06-05 15:41:58.011] [0m[0;33mAPP     :WARN : Write Card Time < 10s. Return.
[2025-06-05 15:41:58.012] [0m
[2025-06-05 15:41:58.012] [0;32mTMLUWB  :RX < :RECV                :02001700 02000002 00BBBB00 00000000 00FF0006 000505FF F74000
[2025-06-05 15:41:58.012] [0m[0;34mAPP     :INFO :gMrmSessionHandle_Test!!!
[2025-06-05 15:41:58.012] [0mMaster_Distance_to_Slave=64
[2025-06-05 15:41:58.012] [0;34mAPP     :INFO :Conten_Distance_SlaveAnchor[BBBB]_to_FFF7=64
[2025-06-05 15:41:58.012] [0m{"@POSITION": 1, "Master": 31, "Slave": 64, "Gate": 100, "nLos": 0, "idx": 0, "LiftDeep": 62, "RedAreaH": 0, "BlueAreaH": 250, "Speed":18, "User-X":19, "User-Y":0, "User-Z":0,"Auth":9, "Trans":4}
[2025-06-05 15:41:58.216] [0;32mTMLUWB  :RX < :RECV                :62000048 020F0000 01000000 00FA0000 00010000 05000001 00000000 01FFF700 001F0000 00640000 64000000 00000003 7C000000 00000000 00000000 0E000000 00010300 01030000 00000000
[2025-06-05 15:41:58.216] [0m[0;34mAPP     :INFO :@@@ updateKeepAlive( ): User[1] FFF7 Keep alive = 79
[2025-06-05 15:41:58.216] [0m[0;34mAPP     :INFO :gCapSessionHandle!!!.
[2025-06-05 15:41:58.216] [0m[0;34mAPP     :INFO :@@@ gNumberOfUserinDTPCM = 2, pRangingData->no_of_measurements = 1,i=0
[2025-06-05 15:41:58.216] [0m[0;34mAPP     :INFO :Measure_NLOS = 0, Classification_NLOS =   0
[2025-06-05 15:41:58.216] [0mMaster_Distance_to_FFF7=31
[2025-06-05 15:41:58.216] [0;34mAPP     :INFO :Conten_Distance_MasterAnchor_to_FFF7=31
[2025-06-05 15:41:58.218] [0m[0;34mAPP     :INFO :Current User ( fff7 ) status is : SystemStatus = 0 , DiscoverStatus = 5 , TransactionState = 4 , AuthenticationState = 9
[2025-06-05 15:41:58.218] [0m[0;34mAPP     :INFO :@@@ User Speed is :( fff7 ) , 16 ,(cm/s)
[2025-06-05 15:41:58.218] [0m[0;34mAPP     :INFO :@ b = 31, c = 64, x = 15, y = 16
[2025-06-05 15:41:58.218] [0m[0;34mAPP     :INFO :@ a = 100, d = 100, m = 250, Gate = 100
[2025-06-05 15:41:58.218] [0m[0;34mAPP     :INFO :################################### into red area...##################################################
[2025-06-05 15:41:58.218] [0m[0;34mAPP     :INFO :Only 1 valid card detected, started transaction
[2025-06-05 15:41:58.218] [0m[0;33mAPP     :WARN : Write Card Time < 10s. Return.
[2025-06-05 15:41:58.218] [0m
[2025-06-05 15:41:58.218] [0;32mTMLUWB  :RX < :RECV                :02001700 02000002 00BBBB00 00000000 00000006 000505FF F74700
[2025-06-05 15:41:58.218] [0m[0;34mAPP     :INFO :gMrmSessionHandle_Test!!!
[2025-06-05 15:41:58.218] [0mMaster_Distance_to_Slave=71
[2025-06-05 15:41:58.218] [0;34mAPP     :INFO :Conten_Distance_SlaveAnchor[BBBB]_to_FFF7=71
[2025-06-05 15:41:58.218] [0m{"@POSITION": 1, "Master": 31, "Slave": 71, "Gate": 100, "nLos": 0, "idx": 0, "LiftDeep": 62, "RedAreaH": 0, "BlueAreaH": 250, "Speed":16, "User-X":15, "User-Y":16, "User-Z":0,"Auth":9, "Trans":4}
[2025-06-05 15:41:58.495] [0;32mTMLUWB  :RX < :RECV                :62000048 030F0000 01000000 00FA0000 00010000 05000001 00000000 01FFF700 001C0000 00640000 64000000 00000003 7C000000 00000000 00000000 0E000000 00010300 01030000 00000000
[2025-06-05 15:41:58.496] [0m[0;34mAPP     :INFO :@@@ updateKeepAlive( ): User[1] FFF7 Keep alive = 79
[2025-06-05 15:41:58.496] [0m[0;34mAPP     :INFO :gCapSessionHandle!!!.
[2025-06-05 15:41:58.496] [0m[0;34mAPP     :INFO :@@@ gNumberOfUserinDTPCM = 2, pRangingData->no_of_measurements = 1,i=0
[2025-06-05 15:41:58.496] [0m[0;34mAPP     :INFO :Measure_NLOS = 0, Classification_NLOS =   0
[2025-06-05 15:41:58.498] [0mMaster_Distance_to_FFF7=28
[2025-06-05 15:41:58.498] [0;34mAPP     :INFO :Conten_Distance_MasterAnchor_to_FFF7=28
[2025-06-05 15:41:58.498] [0m[0;34mAPP     :INFO :Current User ( fff7 ) status is : SystemStatus = 0 , DiscoverStatus = 5 , TransactionState = 4 , AuthenticationState = 9
[2025-06-05 15:41:58.500] [0m[0;34mAPP     :INFO :@@@ User Speed is :( fff7 ) , 7 ,(cm/s)
[2025-06-05 15:41:58.505] [0m[0;34mAPP     :INFO :@ b = 28, c = 71, x = 21, y = 7
[2025-06-05 15:41:58.510] [0m[0;34mAPP     :INFO :@ a = 100, d = 100, m = 250, Gate = 100
[2025-06-05 15:41:58.514] [0m[0;34mAPP     :INFO :################################### into red area...##################################################
[2025-06-05 15:41:58.515] [0m[0;34mAPP     :INFO :Only 1 valid card detected, started transaction
[2025-06-05 15:41:58.515] [0m[0;33mAPP     :WARN : Write Card Time < 10s. Return.
[2025-06-05 15:41:58.515] [0m
[2025-06-05 15:41:58.515] [0;32mTMLUWB  :RX < :RECV                :02001700 02000002 00BBBB00 00000000 00010006 000505FF F74100
[2025-06-05 15:41:58.515] [0m[0;34mAPP     :INFO :gMrmSessionHandle_Test!!!
[2025-06-05 15:41:58.515] [0mMaster_Distance_to_Slave=65
[2025-06-05 15:41:58.515] [0;34mAPP     :INFO :Conten_Distance_SlaveAnchor[BBBB]_to_FFF7=65
[2025-06-05 15:41:58.515] [0m{"@POSITION": 1, "Master": 28, "Slave": 65, "Gate": 100, "nLos": 0, "idx": 0, "LiftDeep": 62, "RedAreaH": 0, "BlueAreaH": 250, "Speed":7, "User-X":21, "User-Y":7, "User-Z":0,"Auth":9, "Trans":4}
[2025-06-05 15:41:58.725] [0;32mTMLUWB  :RX < :RECV                :62000048 040F0000 01000000 00FA0000 00010000 05000001 00000000 01FFF700 001F0000 00640000 64000000 00000003 7C000000 00000000 00000000 0E000000 00010300 01030000 00000000
[2025-06-05 15:41:58.725] [0m[0;34mAPP     :INFO :@@@ updateKeepAlive( ): User[1] FFF7 Keep alive = 79
[2025-06-05 15:41:58.726] [0m[0;34mAPP     :INFO :gCapSessionHandle!!!.
[2025-06-05 15:41:58.726] [0m[0;34mAPP     :INFO :@@@ gNumberOfUserinDTPCM = 2, pRangingData->no_of_measurements = 1,i=0
[2025-06-05 15:41:58.726] [0m[0;34mAPP     :INFO :Measure_NLOS = 0, Classification_NLOS =   0
[2025-06-05 15:41:58.726] [0mMaster_Distance_to_FFF7=31
[2025-06-05 15:41:58.726] [0;34mAPP     :INFO :Conten_Distance_MasterAnchor_to_FFF7=31
[2025-06-05 15:41:58.726] [0m[0;34mAPP     :INFO :Current User ( fff7 ) status is : SystemStatus = 0 , DiscoverStatus = 5 , TransactionState = 4 , AuthenticationState = 9
[2025-06-05 15:41:58.726] [0m[0;34mAPP     :INFO :@@@ User Speed is :( fff7 ) , 13 ,(cm/s)
[2025-06-05 15:41:58.726] [0m[0;34mAPP     :INFO :@ b = 31, c = 65, x = 16, y = 13
[2025-06-05 15:41:58.726] [0m[0;34mAPP     :INFO :@ a = 100, d = 100, m = 250, Gate = 100
[2025-06-05 15:41:58.726] [0m[0;34mAPP     :INFO :################################### into red area...##################################################
[2025-06-05 15:41:58.726] [0m[0;34mAPP     :INFO :Only 1 valid card detected, started transaction
[2025-06-05 15:41:58.726] [0m[0;33mAPP     :WARN : Write Card Time < 10s. Return.
[2025-06-05 15:41:58.726] [0m
[2025-06-05 15:41:58.726] [0;32mTMLUWB  :RX < :RECV                :02001700 02000002 00BBBB00 00000000 00020006 000505FF F74200
[2025-06-05 15:41:58.726] [0m[0;34mAPP     :INFO :gMrmSessionHandle_Test!!!
[2025-06-05 15:41:58.727] [0mMaster_Distance_to_Slave=66
[2025-06-05 15:41:58.727] [0;34mAPP     :INFO :Conten_Distance_SlaveAnchor[BBBB]_to_FFF7=66
[2025-06-05 15:41:58.727] [0m{"@POSITION": 1, "Master": 31, "Slave": 66, "Gate": 100, "nLos": 0, "idx": 0, "LiftDeep": 62, "RedAreaH": 0, "BlueAreaH": 250, "Speed":13, "User-X":16, "User-Y":13, "User-Z":0,"Auth":9, "Trans":4}
[2025-06-05 15:41:58.971] [0;32mTMLUWB  :RX < :RECV                :62000048 050F0000 01000000 00FA0000 00010000 05000001 00000000 01FFF700 001D0000 00640000 64000000 00000003 7C000000 00000000 00000000 0E000000 00010300 01030000 00000000
[2025-06-05 15:41:58.972] [0m[0;34mAPP     :INFO :@@@ updateKeepAlive( ): User[1] FFF7 Keep alive = 79
[2025-06-05 15:41:58.972] [0m[0;34mAPP     :INFO :gCapSessionHandle!!!.
[2025-06-05 15:41:58.972] [0m[0;34mAPP     :INFO :@@@ gNumberOfUserinDTPCM = 2, pRangingData->no_of_measurements = 1,i=0
[2025-06-05 15:41:58.972] [0m[0;34mAPP     :INFO :Measure_NLOS = 0, Classification_NLOS =   0
[2025-06-05 15:41:58.972] [0mMaster_Distance_to_FFF7=29
[2025-06-05 15:41:58.972] [0;34mAPP     :INFO :Conten_Distance_MasterAnchor_to_FFF7=29
[2025-06-05 15:41:58.972] [0m[0;34mAPP     :INFO :Current User ( fff7 ) status is : SystemStatus = 0 , DiscoverStatus = 5 , TransactionState = 4 , AuthenticationState = 9
[2025-06-05 15:41:58.972] [0m[0;34mAPP     :INFO :@@@ User Speed is :( fff7 ) , 2 ,(cm/s)
[2025-06-05 15:41:58.973] [0m[0;34mAPP     :INFO :@ b = 29, c = 66, x = 17, y = 15
[2025-06-05 15:41:58.973] [0m[0;34mAPP     :INFO :@ a = 100, d = 100, m = 250, Gate = 100
[2025-06-05 15:41:58.973] [0m[0;34mAPP     :INFO :################################### into red area...##################################################
[2025-06-05 15:41:58.973] [0m[0;34mAPP     :INFO :Only 1 valid card detected, started transaction
[2025-06-05 15:41:58.973] [0m[0;33mAPP     :WARN : Write Card Time < 10s. Return.
[2025-06-05 15:41:58.973] [0m
[2025-06-05 15:41:58.974] [0;32mTMLUWB  :RX < :RECV                :02001700 02000002 00BBBB00 00000000 00030006 000505FF F74100
[2025-06-05 15:41:58.974] [0m[0;34mAPP     :INFO :gMrmSessionHandle_Test!!!
[2025-06-05 15:41:58.974] [0mMaster_Distance_to_Slave=65
[2025-06-05 15:41:58.974] [0;34mAPP     :INFO :Conten_Distance_SlaveAnchor[BBBB]_to_FFF7=65
[2025-06-05 15:41:58.974] [0m{"@POSITION": 1, "Master": 29, "Slave": 65, "Gate": 100, "nLos": 0, "idx": 0, "LiftDeep": 62, "RedAreaH": 0, "BlueAreaH": 250, "Speed":2, "User-X":17, "User-Y":15, "User-Z":0,"Auth":9, "Trans":4}
[2025-06-05 15:41:59.256] [0;32mTMLUWB  :RX < :RECV                :62000048 060F0000 01000000 00FA0000 00010000 05000001 00000000 01FFF700 001E0000 00640000 64000000 00000003 7C000000 00000000 00000000 0E000000 00010300 01030000 00000000
[2025-06-05 15:41:59.256] [0m[0;34mAPP     :INFO :@@@ updateKeepAlive( ): User[1] FFF7 Keep alive = 79
[2025-06-05 15:41:59.256] [0m[0;34mAPP     :INFO :gCapSessionHandle!!!.
[2025-06-05 15:41:59.257] [0m[0;34mAPP     :INFO :@@@ gNumberOfUserinDTPCM = 2, pRangingData->no_of_measurements = 1,i=0
[2025-06-05 15:41:59.257] [0m[0;34mAPP     :INFO :Measure_NLOS = 0, Classification_NLOS =   0
[2025-06-05 15:41:59.257] [0mMaster_Distance_to_FFF7=30
[2025-06-05 15:41:59.257] [0;34mAPP     :INFO :Conten_Distance_MasterAnchor_to_FFF7=30
[2025-06-05 15:41:59.257] [0m[0;34mAPP     :INFO :Current User ( fff7 ) status is : SystemStatus = 0 , DiscoverStatus = 5 , TransactionState = 4 , AuthenticationState = 9
[2025-06-05 15:41:59.257] [0m[0;34mAPP     :INFO :@@@ User Speed is :( fff7 ) , 10 ,(cm/s)
[2025-06-05 15:41:59.257] [0m[0;34mAPP     :INFO :@ b = 30, c = 65, x = 16, y = 16
[2025-06-05 15:41:59.257] [0m[0;34mAPP     :INFO :@ a = 100, d = 100, m = 250, Gate = 100
[2025-06-05 15:41:59.257] [0m[0;34mAPP     :INFO :################################### into red area...##################################################
[2025-06-05 15:41:59.257] [0m[0;34mAPP     :INFO :Only 1 valid card detected, started transaction
[2025-06-05 15:41:59.257] [0m[0;33mAPP     :WARN : Write Card Time < 10s. Return.
[2025-06-05 15:41:59.257] [0m
[2025-06-05 15:41:59.257] [0;32mTMLUWB  :RX < :RECV                :02001700 02000002 00BBBB00 00000000 00040006 000505FF F73E00
[2025-06-05 15:41:59.257] [0m[0;34mAPP     :INFO :gMrmSessionHandle_Test!!!
[2025-06-05 15:41:59.257] [0mMaster_Distance_to_Slave=62
[2025-06-05 15:41:59.258] [0;34mAPP     :INFO :Conten_Distance_SlaveAnchor[BBBB]_to_FFF7=62
[2025-06-05 15:41:59.258] [0m{"@POSITION": 1, "Master": 30, "Slave": 62, "Gate": 100, "nLos": 0, "idx": 0, "LiftDeep": 62, "RedAreaH": 0, "BlueAreaH": 250, "Speed":10, "User-X":16, "User-Y":16, "User-Z":0,"Auth":9, "Trans":4}
[2025-06-05 15:41:59.500] [0;32mTMLUWB  :RX < :RECV                :62000048 070F0000 01000000 00FA0000 00010000 05000001 00000000 01FFF700 001F0000 00640000 64000000 00000003 7B000000 00000000 00000000 0E000000 00010300 01030000 00000000
[2025-06-05 15:41:59.500] [0m[0;34mAPP     :INFO :@@@ updateKeepAlive( ): User[1] FFF7 Keep alive = 79
[2025-06-05 15:41:59.500] [0m[0;34mAPP     :INFO :gCapSessionHandle!!!.
[2025-06-05 15:41:59.501] [0m[0;34mAPP     :INFO :@@@ gNumberOfUserinDTPCM = 2, pRangingData->no_of_measurements = 1,i=0
[2025-06-05 15:41:59.501] [0m[0;34mAPP     :INFO :Measure_NLOS = 0, Classification_NLOS =   0
[2025-06-05 15:41:59.501] [0mMaster_Distance_to_FFF7=31
[2025-06-05 15:41:59.501] [0;34mAPP     :INFO :Conten_Distance_MasterAnchor_to_FFF7=31
[2025-06-05 15:41:59.501] [0m[0;34mAPP     :INFO :Current User ( fff7 ) status is : SystemStatus = 0 , DiscoverStatus = 5 , TransactionState = 4 , AuthenticationState = 9
[2025-06-05 15:41:59.501] [0m[0;34mAPP     :INFO :@@@ User Speed is :( fff7 ) , 5 ,(cm/s)
[2025-06-05 15:41:59.501] [0m[0;34mAPP     :INFO :@ b = 31, c = 62, x = 14, y = 18
[2025-06-05 15:41:59.502] [0m[0;34mAPP     :INFO :@ a = 100, d = 100, m = 250, Gate = 100
[2025-06-05 15:41:59.502] [0m[0;34mAPP     :INFO :################################### into red area...##################################################
[2025-06-05 15:41:59.502] [0m[0;34mAPP     :INFO :Only 1 valid card detected, started transaction
[2025-06-05 15:41:59.502] [0m[0;33mAPP     :WARN : Write Card Time < 10s. Return.
[2025-06-05 15:41:59.506] [0m
[2025-06-05 15:41:59.506] [0;32mTMLUWB  :RX < :RECV                :02001700 02000002 00BBBB00 00000000 00050006 000505FF F73F00
[2025-06-05 15:41:59.506] [0m[0;34mAPP     :INFO :gMrmSessionHandle_Test!!!
[2025-06-05 15:41:59.512] [0mMaster_Distance_to_Slave=63
[2025-06-05 15:41:59.523] [0;34mAPP     :INFO :Conten_Distance_SlaveAnchor[BBBB]_to_FFF7=63
[2025-06-05 15:41:59.523] [0m{"@POSITION": 1, "Master": 31, "Slave": 63, "Gate": 100, "nLos": 0, "idx": 0, "LiftDeep": 61, "RedAreaH": 0, "BlueAreaH": 250, "Speed":5, "User-X":14, "User-Y":18, "User-Z":0,"Auth":9, "Trans":4}
[2025-06-05 15:41:59.793] [0;32mTMLUWB  :RX < :RECV                :62000048 080F0000 01000000 00FA0000 00010000 05000001 00000000 01FFF700 001F0000 00640000 64000000 00000003 7B000000 00000000 00000000 0E000000 00010300 01030000 00000000
[2025-06-05 15:41:59.793] [0m[0;34mAPP     :INFO :@@@ updateKeepAlive( ): User[1] FFF7 Keep alive = 79
[2025-06-05 15:41:59.794] [0m[0;34mAPP     :INFO :gCapSessionHandle!!!.
[2025-06-05 15:41:59.794] [0m[0;34mAPP     :INFO :@@@ gNumberOfUserinDTPCM = 2, pRangingData->no_of_measurements = 1,i=0
[2025-06-05 15:41:59.794] [0m[0;34mAPP     :INFO :Measure_NLOS = 0, Classification_NLOS =   0
[2025-06-05 15:41:59.794] [0mMaster_Distance_to_FFF7=31
[2025-06-05 15:41:59.797] [0;34mAPP     :INFO :Conten_Distance_MasterAnchor_to_FFF7=31
[2025-06-05 15:41:59.799] [0m[0;34mAPP     :INFO :Current User ( fff7 ) status is : SystemStatus = 0 , DiscoverStatus = 5 , TransactionState = 4 , AuthenticationState = 9
[2025-06-05 15:41:59.799] [0m[0;34mAPP     :INFO :@@@ User Speed is :( fff7 ) , 2 ,(cm/s)
[2025-06-05 15:41:59.799] [0m[0;34mAPP     :INFO :@ b = 31, c = 63, x = 15, y = 16
[2025-06-05 15:41:59.799] [0m[0;34mAPP     :INFO :@ a = 100, d = 100, m = 250, Gate = 100
[2025-06-05 15:41:59.800] [0m[0;34mAPP     :INFO :################################### into red area...##################################################
[2025-06-05 15:41:59.800] [0m[0;34mAPP     :INFO :Only 1 valid card detected, started transaction
[2025-06-05 15:41:59.800] [0m[0;33mAPP     :WARN : Write Card Time < 10s. Return.
[2025-06-05 15:41:59.800] [0m
[2025-06-05 15:41:59.800] [0;32mTMLUWB  :RX < :RECV                :02001300 02000002 00BBBB00 00000000 00060002 000105
