[2025-04-29 10:45:17.358] [0;32mTMLUWB  :RX < :RECV                :62000023 B0250000 01000000 00FA0000 00010000 05000001 00000000 00080000 00000103 000103
[2025-04-29 10:45:17.362] [0m[0;34mAPP     :INFO :No User to r or w | SystemStatus = 0
[2025-04-29 10:45:17.365] [0m
[2025-04-29 10:45:17.368] [0;32mTMLUWB  :RX < :RECV                :02001300 02000002 00DDDD00 00000000 00310002 000105
[2025-04-29 10:45:17.607] [0m[0;32mTMLUWB  :RX < :RECV                :62000023 B1250000 01000000 00FA0000 00010000 05000001 00000000 00080000 00000103 000103
[2025-04-29 10:45:17.611] [0m[0;34mAPP     :INFO :No User to r or w | SystemStatus = 0
[2025-04-29 10:45:17.614] [0m
[2025-04-29 10:45:17.636] [0;32mTMLUWB  :RX < :RECV                :02001300 02000002 00DDDD00 00000000 00320002 000105
[2025-04-29 10:45:17.857] [0m[0;32mTMLUWB  :RX < :RECV                :62000023 B2250000 01000000 00FA0000 00010000 05000001 00000000 00080000 00000103 000103
[2025-04-29 10:45:17.860] [0m[0;34mAPP     :INFO :No User to r or w | SystemStatus = 0
[2025-04-29 10:45:17.862] [0m
[2025-04-29 10:45:17.864] [0;32mTMLUWB  :RX < :RECV                :02001300 02000002 00DDDD00 00000000 00330002 000105
[2025-04-29 10:45:18.110] [0m[0;32mTMLUWB  :RX < :RECV                :62000023 B3250000 01000000 00FA0000 00010000 05000001 00000000 00080000 00000103 000103
[2025-04-29 10:45:18.116] [0m[0;34mAPP     :INFO :No User to r or w | SystemStatus = 0
[2025-04-29 10:45:18.119] [0m
[2025-04-29 10:45:18.122] [0;32mTMLUWB  :RX < :RECV                :02001300 02000002 00DDDD00 00000000 00340002 000105
[2025-04-29 10:45:18.355] [0m[0;32mTMLUWB  :RX < :RECV                :62000023 B4250000 01000000 00FA0000 00010000 05000001 00000000 00080000 00000103 000103
[2025-04-29 10:45:18.363] [0m[0;34mAPP     :INFO :No User to r or w | SystemStatus = 0
[2025-04-29 10:45:18.365] [0m
[2025-04-29 10:45:18.366] [0;32mTMLUWB  :RX < :RECV                :02001300 02000002 00DDDD00 00000000 00350002 000105
[2025-04-29 10:45:18.606] [0m[0;32mTMLUWB  :RX < :RECV                :62000023 B5250000 01000000 00FA0000 00010000 05000001 00000000 00080000 00000103 000103
[2025-04-29 10:45:18.616] [0m[0;34mAPP     :INFO :No User to r or w | SystemStatus = 0
[2025-04-29 10:45:18.619] [0m
[2025-04-29 10:45:18.627] [0;32mTMLUWB  :RX < :RECV                :02001300 02000002 00DDDD00 00000000 00360002 000105
[2025-04-29 10:45:18.856] [0m[0;32mTMLUWB  :RX < :RECV                :62000023 B6250000 01000000 00FA0000 00010000 05000001 00000000 00080000 00000103 000103
[2025-04-29 10:45:18.859] [0m[0;34mAPP     :INFO :No User to r or w | SystemStatus = 0
[2025-04-29 10:45:18.861] [0m
[2025-04-29 10:45:18.865] [0;32mTMLUWB  :RX < :RECV                :02001300 02000002 00DDDD00 00000000 00370002 000105
[2025-04-29 10:45:19.105] [0m[0;32mTMLUWB  :RX < :RECV                :62000023 B7250000 01000000 00FA0000 00010000 05000001 00000000 00080000 00000103 000103
[2025-04-29 10:45:19.107] [0m[0;34mAPP     :INFO :No User to r or w | SystemStatus = 0
[2025-04-29 10:45:19.109] [0m
[2025-04-29 10:45:19.111] [0;32mTMLUWB  :RX < :RECV                :02001300 02000002 00DDDD00 00000000 00380002 000105
[2025-04-29 10:45:19.355] [0m[0;32mTMLUWB  :RX < :RECV                :62000023 B8250000 01000000 00FA0000 00010000 05000001 00000000 00080000 00000103 000103
[2025-04-29 10:45:19.361] [0m[0;34mAPP     :INFO :No User to r or w | SystemStatus = 0
[2025-04-29 10:45:19.366] [0m
[2025-04-29 10:45:19.369] [0;32mTMLUWB  :RX < :RECV                :02001300 02000002 00DDDD00 00000000 00390002 000105
