[2025-04-29 12:26:51.555] [0;32mTMLUWB  :RX < :RECV                :62000048 A4030000 01000000 00FA0000 00010000 05000001 00000000 01CA2F00 00230000 00640000 64000000 00000003 8F000000 00000000 00000000 0E000000 00010300 01030000 00000000
[2025-04-29 12:26:51.565] [0m[0;34mAPP     :INFO :@@@ updateKeepAlive( ): User[1] Keep alive for CA2F = 239
[2025-04-29 12:26:51.568] [0m[0;34mAPP     :INFO :gCapSessionHandle!!!.
[2025-04-29 12:26:51.570] [0m[0;34mAPP     :INFO :@@@ gNumberOfUserinDTPCM = 2, pRangingData->no_of_measurements = 1,i=0
[2025-04-29 12:26:51.573] [0m[0;34mAPP     :INFO :Measure_NLOS = 0, Classification_NLOS =   0
[2025-04-29 12:26:51.575] [0m[0;34mAPP     :INFO :Conten_Distance_MasterAnchor_to_CA2F=35
[2025-04-29 12:26:51.577] [0m[0;34mAPP     :INFO :Current User ( ca2f ) status is : SystemStatus = 0 , DiscoverStatus = 5 , TransactionState = 4 , AuthenticationState = 9
[2025-04-29 12:26:51.581] [0m[0;34mAPP     :INFO :@@@ User Speed is :( ca2f ) , 2 ,(cm/s)
[2025-04-29 12:26:51.583] [0m[0;34mAPP     :INFO :@ b = 35, c = 49, x = 5, y = 28
[2025-04-29 12:26:51.586] [0m[0;34mAPP     :INFO :@ a = 100, d = 100, m = 250, Gate = 100
[2025-04-29 12:26:51.589] [0m[0;34mAPP     :INFO :################################### into red area...##################################################
[2025-04-29 12:26:51.592] [0m[0;34mAPP     :INFO :Only 1 valid card detected, started transaction
[2025-04-29 12:26:51.594] [0m[0;34mAPP     :INFO :┌──────────────────────────────────────────────────────────────┐
[2025-04-29 12:26:51.598] [0m[0;34mAPP     :INFO :│ @@@ Time of Write Card Start   = 04:05:375  │ CA2F │
[2025-04-29 12:26:51.602] [0m[0;34mAPP     :INFO :└──────────────────────────────────────────────────────────────┘
[2025-04-29 12:26:51.632] [0m[0;34mAPP     :INFO :szt_setFlag( ) szt_setFlag 0
[2025-04-29 12:26:51.638] [0m[0;34mAPP     :INFO :DCS=9a
[2025-04-29 12:26:51.643] [0m[0;34mAPP     :INFO :@@@ Sendbuf Data:   :0000FF31 0206FFFF FFFFFF05 FFFFFFFF FF66C100 0A3A006F 368408A0 00000632 010105A5 269F0802 00309F0C 1E022158 40FFFFFF FF020103 10487049 41202641 65202310 31205310 31000000 00000090 00200002 215840FF FFFFFF02 01031048 70494120 26416520 23103120 53103100 0090003E 00000001 56580058 40000101 00000000 00000000 00000000 00000000 00000000 00000000 00000000 00000000 00000000 00000000 00000000 00000000 00900012 00000014 69000186 A0000000 00000000 00900082 0027017D 01010000 00000000 00000002 03440344 10019101 00000000 10019101 00000000 00000000 00000001 00000000 00000065 00004131 99000115 00004131 99000115 20250417 14343820 25041714 38190000 00000101 00000000 00001672 00000000 00000000 00000000 00000000 00000000 00000000 00000000 00000000 00900019 0018B400 0000
[2025-04-29 12:26:51.650] [0m[0;34mAPP     :INFO :common_start_quick_timer enter: timeout: 200 ms
[2025-04-29 12:26:51.656] [0m[0;32mTMLUWB  :RX < :RECV                :02001700 02000002 00BBBB00 00000000 008E0006 000505CA 2F3000
[2025-04-29 12:26:51.659] [0m
[2025-04-29 12:26:51.662] [0;34mAPP     :INFO :gMrmSessionHandle!!!
[2025-04-29 12:26:51.664] [0m[0;34mAPP     :INFO :Conten_Distance_SlaveAnchor[BBBB]_to_CA2F=48
[2025-04-29 12:26:51.670] [0m{"@POSITION": 1, "Master": 35, "Slave": 48, "Gate": 100, "nLos": 0, "idx": 0, "LiftDeep": 71, "RedAreaH": 0, "BlueAreaH": 250, "Speed":2, "User-X":5, "User-Y":28, "User-Z":0,"Auth":9, "Trans":4}
[2025-04-29 12:26:51.783] [0;32mTMLUWB  :RX < :RECV                :62000048 A5030000 01000000 00FA0000 00010000 05000001 00000000 01CA2F00 00240000 00640000 64000000 00000003 8D000000 00000000 00000000 0E000000 00010300 01030000 00000000
[2025-04-29 12:26:51.790] [0m[0;34mAPP     :INFO :@@@ updateKeepAlive( ): User[1] Keep alive for CA2F = 239
[2025-04-29 12:26:51.793] [0m[0;34mAPP     :INFO :gCapSessionHandle!!!.
[2025-04-29 12:26:51.796] [0m[0;34mAPP     :INFO :@@@ gNumberOfUserinDTPCM = 2, pRangingData->no_of_measurements = 1,i=0
[2025-04-29 12:26:51.799] [0m[0;34mAPP     :INFO :Measure_NLOS = 0, Classification_NLOS =   0
[2025-04-29 12:26:51.802] [0m[0;34mAPP     :INFO :Conten_Distance_MasterAnchor_to_CA2F=36
[2025-04-29 12:26:51.805] [0m[0;34mAPP     :INFO :Current User ( ca2f ) status is : SystemStatus = 1 , DiscoverStatus = 5 , TransactionState = 4 , AuthenticationState = 9
[2025-04-29 12:26:51.808] [0m[0;34mAPP     :INFO :@@@ User Speed is :( ca2f ) , 3 ,(cm/s)
[2025-04-29 12:26:51.811] [0m[0;34mAPP     :INFO :@ b = 36, c = 48, x = 5, y = 27
[2025-04-29 12:26:51.814] [0m[0;34mAPP     :INFO :@ a = 100, d = 100, m = 250, Gate = 100
[2025-04-29 12:26:51.817] [0m[0;34mAPP     :INFO :################################### into red area...##################################################
[2025-04-29 12:26:51.821] [0m[0;34mAPP     :INFO :System already busy (SystemStatus = 1) or not in triangle field , waiting transaction
[2025-04-29 12:26:51.825] [0m[0;34mAPP     :INFO :No User to r or w | SystemStatus = 1
[2025-04-29 12:26:51.827] [0m
[2025-04-29 12:26:51.831] [0;32mTMLUWB  :RX < :RECV                :02001700 02000002 00BBBB00 00000000 008F0006 000505CA 2F2E00
[2025-04-29 12:26:51.833] [0m[0;34mAPP     :INFO :gMrmSessionHandle!!!
[2025-04-29 12:26:51.835] [0m[0;34mAPP     :INFO :Conten_Distance_SlaveAnchor[BBBB]_to_CA2F=46
[2025-04-29 12:26:51.838] [0m{"@POSITION": 1, "Master": 36, "Slave": 46, "Gate": 100, "nLos": 0, "idx": 0, "LiftDeep": 70, "RedAreaH": 0, "BlueAreaH": 250, "Speed":3, "User-X":5, "User-Y":27, "User-Z":0,"Auth":9, "Trans":4}
[2025-04-29 12:26:52.041] [0;32mTMLUWB  :RX < :RECV                :62000048 A6030000 01000000 00FA0000 00010000 05000001 00000000 01CA2F00 00240000 00640000 64000000 00000003 8D000000 00000000 00000000 0E000000 00010300 01030000 00000000
[2025-04-29 12:26:52.045] [0m[0;34mAPP     :INFO :@@@ updateKeepAlive( ): User[1] Keep alive for CA2F = 239
[2025-04-29 12:26:52.047] [0m[0;34mAPP     :INFO :gCapSessionHandle!!!.
[2025-04-29 12:26:52.049] [0m[0;34mAPP     :INFO :@@@ gNumberOfUserinDTPCM = 2, pRangingData->no_of_measurements = 1,i=0
[2025-04-29 12:26:52.052] [0m[0;34mAPP     :INFO :Measure_NLOS = 0, Classification_NLOS =   0
[2025-04-29 12:26:52.055] [0m[0;34mAPP     :INFO :Conten_Distance_MasterAnchor_to_CA2F=36
[2025-04-29 12:26:52.057] [0m[0;34mAPP     :INFO :Current User ( ca2f ) status is : SystemStatus = 1 , DiscoverStatus = 5 , TransactionState = 4 , AuthenticationState = 9
[2025-04-29 12:26:52.061] [0m[0;34mAPP     :INFO :@@@ User Speed is :( ca2f ) , 2 ,(cm/s)
[2025-04-29 12:26:52.064] [0m[0;34mAPP     :INFO :@ b = 36, c = 46, x = 4, y = 28
[2025-04-29 12:26:52.067] [0m[0;34mAPP     :INFO :@ a = 100, d = 100, m = 250, Gate = 100
[2025-04-29 12:26:52.069] [0m[0;34mAPP     :INFO :################################### into red area...##################################################
[2025-04-29 12:26:52.072] [0m[0;34mAPP     :INFO :System already busy (SystemStatus = 1) or not in triangle field , waiting transaction
[2025-04-29 12:26:52.075] [0m[0;34mAPP     :INFO :No User to r or w | SystemStatus = 1
[2025-04-29 12:26:52.079] [0m
[2025-04-29 12:26:52.080] [0;32mTMLUWB  :RX < :RECV                :02001700 02000002 00BBBB00 00000000 00900006 000505CA 2F2E00
[2025-04-29 12:26:52.083] [0m[0;34mAPP     :INFO :gMrmSessionHandle!!!
[2025-04-29 12:26:52.084] [0m[0;34mAPP     :INFO :Conten_Distance_SlaveAnchor[BBBB]_to_CA2F=46
[2025-04-29 12:26:52.087] [0m{"@POSITION": 1, "Master": 36, "Slave": 46, "Gate": 100, "nLos": 0, "idx": 0, "LiftDeep": 70, "RedAreaH": 0, "BlueAreaH": 250, "Speed":2, "User-X":4, "User-Y":28, "User-Z":0,"Auth":9, "Trans":4}
[2025-04-29 12:26:52.298] [0;32mTMLUWB  :RX < :RECV                :62000048 A7030000 01000000 00FA0000 00010000 05000001 00000000 01CA2F00 00250000 00640000 64000000 00000003 8F000000 00000000 00000000 0E000000 00010300 01030000 00000000
[2025-04-29 12:26:52.303] [0m[0;34mAPP     :INFO :@@@ updateKeepAlive( ): User[1] Keep alive for CA2F = 239
[2025-04-29 12:26:52.306] [0m[0;34mAPP     :INFO :gCapSessionHandle!!!.
[2025-04-29 12:26:52.310] [0m[0;34mAPP     :INFO :@@@ gNumberOfUserinDTPCM = 2, pRangingData->no_of_measurements = 1,i=0
[2025-04-29 12:26:52.312] [0m[0;34mAPP     :INFO :Measure_NLOS = 0, Classification_NLOS =   0
[2025-04-29 12:26:52.315] [0m[0;34mAPP     :INFO :Conten_Distance_MasterAnchor_to_CA2F=37
[2025-04-29 12:26:52.317] [0m[0;34mAPP     :INFO :Current User ( ca2f ) status is : SystemStatus = 1 , DiscoverStatus = 5 , TransactionState = 4 , AuthenticationState = 9
[2025-04-29 12:26:52.322] [0m[0;34mAPP     :INFO :@@@ User Speed is :( ca2f ) , 2 ,(cm/s)
[2025-04-29 12:26:52.325] [0m[0;34mAPP     :INFO :@ b = 37, c = 46, x = 3, y = 28
[2025-04-29 12:26:52.329] [0m[0;34mAPP     :INFO :@ a = 100, d = 100, m = 250, Gate = 100
[2025-04-29 12:26:52.331] [0m[0;34mAPP     :INFO :################################### into red area...##################################################
[2025-04-29 12:26:52.335] [0m[0;34mAPP     :INFO :System already busy (SystemStatus = 1) or not in triangle field , waiting transaction
[2025-04-29 12:26:52.338] [0m[0;34mAPP     :INFO :No User to r or w | SystemStatus = 1
[2025-04-29 12:26:52.341] [0m
[2025-04-29 12:26:52.344] [0;32mTMLUWB  :RX < :RECV                :02001700 02000002 00BBBB00 00000000 00910006 000505CA 2F2E00
[2025-04-29 12:26:52.348] [0m[0;34mAPP     :INFO :gMrmSessionHandle!!!
[2025-04-29 12:26:52.350] [0m[0;34mAPP     :INFO :Conten_Distance_SlaveAnchor[BBBB]_to_CA2F=46
[2025-04-29 12:26:52.353] [0m{"@POSITION": 1, "Master": 37, "Slave": 46, "Gate": 100, "nLos": 0, "idx": 0, "LiftDeep": 71, "RedAreaH": 0, "BlueAreaH": 250, "Speed":2, "User-X":3, "User-Y":28, "User-Z":0,"Auth":9, "Trans":4}
[2025-04-29 12:26:52.565] [0;32mTMLUWB  :RX < :RECV                :62000048 A8030000 01000000 00FA0000 00010000 05000001 00000000 01CA2F00 00270000 00640000 64000000 00000003 8C000000 00000000 00000000 0E000000 00010300 01030000 00000000
[2025-04-29 12:26:52.571] [0m[0;34mAPP     :INFO :@@@ updateKeepAlive( ): User[1] Keep alive for CA2F = 239
[2025-04-29 12:26:52.576] [0m[0;34mAPP     :INFO :gCapSessionHandle!!!.
[2025-04-29 12:26:52.580] [0m[0;34mAPP     :INFO :@@@ gNumberOfUserinDTPCM = 2, pRangingData->no_of_measurements = 1,i=0
[2025-04-29 12:26:52.584] [0m[0;34mAPP     :INFO :Measure_NLOS = 0, Classification_NLOS =   0
[2025-04-29 12:26:52.587] [0m[0;34mAPP     :INFO :Conten_Distance_MasterAnchor_to_CA2F=39
[2025-04-29 12:26:52.590] [0m[0;34mAPP     :INFO :Current User ( ca2f ) status is : SystemStatus = 1 , DiscoverStatus = 5 , TransactionState = 4 , AuthenticationState = 9
[2025-04-29 12:26:52.595] [0m[0;34mAPP     :INFO :@@@ User Speed is :( ca2f ) , 3 ,(cm/s)
[2025-04-29 12:26:52.599] [0m[0;34mAPP     :INFO :@ b = 39, c = 46, x = 2, y = 27
[2025-04-29 12:26:52.602] [0m[0;34mAPP     :INFO :@ a = 100, d = 100, m = 250, Gate = 100
[2025-04-29 12:26:52.605] [0m[0;34mAPP     :INFO :################################### into red area...##################################################
[2025-04-29 12:26:52.609] [0m[0;34mAPP     :INFO :System already busy (SystemStatus = 1) or not in triangle field , waiting transaction
[2025-04-29 12:26:52.614] [0m[0;34mAPP     :INFO :No User to r or w | SystemStatus = 1
[2025-04-29 12:26:52.618] [0m
[2025-04-29 12:26:52.621] [0;32mTMLUWB  :RX < :RECV                :02001700 02000002 00BBBB00 00000000 00920006 000505CA 2F2E00
[2025-04-29 12:26:52.625] [0m[0;34mAPP     :INFO :gMrmSessionHandle!!!
[2025-04-29 12:26:52.629] [0m[0;34mAPP     :INFO :Conten_Distance_SlaveAnchor[BBBB]_to_CA2F=46
[2025-04-29 12:26:52.633] [0m[0;31mAPP     :ERROR:@@@ reader_timer_callback( ): Don't Receive Reader data!!! Restart Reader process.
[2025-04-29 12:26:52.637] [0m[0;34mAPP     :INFO :┌──────────────────────────────────────────────────────────────┐
[2025-04-29 12:26:52.640] [0m[0;34mAPP     :INFO :│ @@@ Time of Reader CB          = 04:06:415  │ CA2F │
[2025-04-29 12:26:52.643] [0m[0;34mAPP     :INFO :└──────────────────────────────────────────────────────────────┘
[2025-04-29 12:26:52.647] [0m[0;34mAPP     :INFO :Previous Transaction State of CA2F was: 4
[2025-04-29 12:26:52.650] [0m[0;34mAPP     :INFO :New Transaction State of CA2F is: 4
[2025-04-29 12:26:52.653] [0m{"@POSITION": 1, "Master": 39, "Slave": 46, "Gate": 100, "nLos": 0, "idx": 0, "LiftDeep": 70, "RedAreaH": 0, "BlueAreaH": 250, "Speed":3, "User-X":2, "User-Y":27, "User-Z":0,"Auth":9, "Trans":4}
[2025-04-29 12:26:52.785] [0;32mTMLUWB  :RX < :RECV                :62000048 A9030000 01000000 00FA0000 00010000 05000001 00000000 01CA2F00 00240000 00640000 64000000 00000003 8C000000 00000000 00000000 0E000000 00010300 01030000 00000000
[2025-04-29 12:26:52.791] [0m[0;34mAPP     :INFO :@@@ updateKeepAlive( ): User[1] Keep alive for CA2F = 239
[2025-04-29 12:26:52.795] [0m[0;34mAPP     :INFO :gCapSessionHandle!!!.
[2025-04-29 12:26:52.797] [0m[0;34mAPP     :INFO :@@@ gNumberOfUserinDTPCM = 2, pRangingData->no_of_measurements = 1,i=0
[2025-04-29 12:26:52.802] [0m[0;34mAPP     :INFO :Measure_NLOS = 0, Classification_NLOS =   0
[2025-04-29 12:26:52.805] [0m[0;34mAPP     :INFO :Conten_Distance_MasterAnchor_to_CA2F=36
[2025-04-29 12:26:52.809] [0m[0;34mAPP     :INFO :Current User ( ca2f ) status is : SystemStatus = 0 , DiscoverStatus = 5 , TransactionState = 4 , AuthenticationState = 9
[2025-04-29 12:26:52.815] [0m[0;34mAPP     :INFO :@@@ User Speed is :( ca2f ) , 0 ,(cm/s)
[2025-04-29 12:26:52.820] [0m[0;34mAPP     :INFO :@ b = 36, c = 46, x = 4, y = 28
[2025-04-29 12:26:52.823] [0m[0;34mAPP     :INFO :@ a = 100, d = 100, m = 250, Gate = 100
[2025-04-29 12:26:52.827] [0m[0;34mAPP     :INFO :################################### into red area...##################################################
[2025-04-29 12:26:52.831] [0m[0;34mAPP     :INFO :Only 1 valid card detected, started transaction
[2025-04-29 12:26:52.834] [0m[0;33mAPP     :WARN : Write Card Time < 2s. Return.
[2025-04-29 12:26:52.848] [0m
[2025-04-29 12:26:52.885] [0;32mTMLUWB  :RX < :RECV                :02001700 02000002 00BBBB00 00000000 00930006 000505CA 2F2E00
[2025-04-29 12:26:52.910] [0m[0;34mAPP     :INFO :gMrmSessionHandle!!!
[2025-04-29 12:26:52.917] [0m[0;34mAPP     :INFO :Conten_Distance_SlaveAnchor[BBBB]_to_CA2F=46
[2025-04-29 12:26:52.923] [0m{"@POSITION": 1, "Master": 36, "Slave": 46, "Gate": 100, "nLos": 0, "idx": 0, "LiftDeep": 70, "RedAreaH": 0, "BlueAreaH": 250, "Speed":0, "User-X":4, "User-Y":28, "User-Z":0,"Auth":9, "Trans":4}
[2025-04-29 12:26:53.034] [0;32mTMLUWB  :RX < :RECV                :62000048 AA030000 01000000 00FA0000 00010000 05000001 00000000 01CA2F00 00250000 00640000 64000000 00000003 8F000000 00000000 00000000 0E000000 00010300 01030000 00000000
[2025-04-29 12:26:53.038] [0m[0;34mAPP     :INFO :@@@ updateKeepAlive( ): User[1] Keep alive for CA2F = 239
[2025-04-29 12:26:53.041] [0m[0;34mAPP     :INFO :gCapSessionHandle!!!.
[2025-04-29 12:26:53.044] [0m[0;34mAPP     :INFO :@@@ gNumberOfUserinDTPCM = 2, pRangingData->no_of_measurements = 1,i=0
[2025-04-29 12:26:53.049] [0m[0;34mAPP     :INFO :Measure_NLOS = 0, Classification_NLOS =   0
[2025-04-29 12:26:53.054] [0m[0;34mAPP     :INFO :Conten_Distance_MasterAnchor_to_CA2F=37
[2025-04-29 12:26:53.058] [0m[0;34mAPP     :INFO :Current User ( ca2f ) status is : SystemStatus = 0 , DiscoverStatus = 5 , TransactionState = 4 , AuthenticationState = 9
[2025-04-29 12:26:53.064] [0m[0;34mAPP     :INFO :@@@ User Speed is :( ca2f ) , 0 ,(cm/s)
[2025-04-29 12:26:53.068] [0m[0;34mAPP     :INFO :@ b = 37, c = 46, x = 3, y = 28
[2025-04-29 12:26:53.072] [0m[0;34mAPP     :INFO :@ a = 100, d = 100, m = 250, Gate = 100
[2025-04-29 12:26:53.077] [0m[0;34mAPP     :INFO :################################### into red area...##################################################
[2025-04-29 12:26:53.083] [0m[0;34mAPP     :INFO :Only 1 valid card detected, started transaction
[2025-04-29 12:26:53.088] [0m[0;33mAPP     :WARN : Write Card Time < 2s. Return.
[2025-04-29 12:26:53.094] [0m
[2025-04-29 12:26:53.099] [0;32mTMLUWB  :RX < :RECV                :02001700 02000002 00BBBB00 00000000 00940006 000505CA 2F2D00
[2025-04-29 12:26:53.102] [0m[0;34mAPP     :INFO :gMrmSessionHandle!!!
[2025-04-29 12:26:53.105] [0m[0;34mAPP     :INFO :Conten_Distance_SlaveAnchor[BBBB]_to_CA2F=45
[2025-04-29 12:26:53.109] [0m{"@POSITION": 1, "Master": 37, "Slave": 45, "Gate": 100, "nLos": 0, "idx": 0, "LiftDeep": 71, "RedAreaH": 0, "BlueAreaH": 250, "Speed":0, "User-X":3, "User-Y":28, "User-Z":0,"Auth":9, "Trans":4}
[2025-04-29 12:26:53.295] [0;32mTMLUWB  :RX < :RECV                :62000048 AB030000 01000000 00FA0000 00010000 05000001 00000000 01CA2F00 00240000 00640000 64000000 00000003 8D000000 00000000 00000000 0E000000 00010300 01030000 00000000
[2025-04-29 12:26:53.301] [0m[0;34mAPP     :INFO :@@@ updateKeepAlive( ): User[1] Keep alive for CA2F = 239
[2025-04-29 12:26:53.304] [0m[0;34mAPP     :INFO :gCapSessionHandle!!!.
[2025-04-29 12:26:53.307] [0m[0;34mAPP     :INFO :@@@ gNumberOfUserinDTPCM = 2, pRangingData->no_of_measurements = 1,i=0
[2025-04-29 12:26:53.310] [0m[0;34mAPP     :INFO :Measure_NLOS = 0, Classification_NLOS =   0
[2025-04-29 12:26:53.315] [0m[0;34mAPP     :INFO :Conten_Distance_MasterAnchor_to_CA2F=36
[2025-04-29 12:26:53.317] [0m[0;34mAPP     :INFO :Current User ( ca2f ) status is : SystemStatus = 0 , DiscoverStatus = 5 , TransactionState = 4 , AuthenticationState = 9
[2025-04-29 12:26:53.321] [0m[0;34mAPP     :INFO :@@@ User Speed is :( ca2f ) , 3 ,(cm/s)
[2025-04-29 12:26:53.324] [0m[0;34mAPP     :INFO :@ b = 36, c = 45, x = 3, y = 30
[2025-04-29 12:26:53.328] [0m[0;34mAPP     :INFO :@ a = 100, d = 100, m = 250, Gate = 100
[2025-04-29 12:26:53.332] [0m[0;34mAPP     :INFO :################################### into red area...##################################################
[2025-04-29 12:26:53.335] [0m[0;34mAPP     :INFO :Only 1 valid card detected, started transaction
[2025-04-29 12:26:53.339] [0m[0;33mAPP     :WARN : Write Card Time < 2s. Return.
[2025-04-29 12:26:53.342] [0m
[2025-04-29 12:26:53.345] [0;32mTMLUWB  :RX < :RECV                :02001700 02000002 00BBBB00 00000000 00950006 000505CA 2F2F00
[2025-04-29 12:26:53.350] [0m[0;34mAPP     :INFO :gMrmSessionHandle!!!
[2025-04-29 12:26:53.354] [0m[0;34mAPP     :INFO :Conten_Distance_SlaveAnchor[BBBB]_to_CA2F=47
[2025-04-29 12:26:53.357] [0m{"@POSITION": 1, "Master": 36, "Slave": 47, "Gate": 100, "nLos": 0, "idx": 0, "LiftDeep": 70, "RedAreaH": 0, "BlueAreaH": 250, "Speed":3, "User-X":3, "User-Y":30, "User-Z":0,"Auth":9, "Trans":4}
[2025-04-29 12:26:53.546] [0;32mTMLUWB  :RX < :RECV                :62000048 AC030000 01000000 00FA0000 00010000 05000001 00000000 01CA2F00 00230000 00640000 64000000 00000003 8E000000 00000000 00000000 0E000000 00010300 01030000 00000000
[2025-04-29 12:26:53.551] [0m[0;34mAPP     :INFO :@@@ updateKeepAlive( ): User[1] Keep alive for CA2F = 239
[2025-04-29 12:26:53.554] [0m[0;34mAPP     :INFO :gCapSessionHandle!!!.
[2025-04-29 12:26:53.557] [0m[0;34mAPP     :INFO :@@@ gNumberOfUserinDTPCM = 2, pRangingData->no_of_measurements = 1,i=0
[2025-04-29 12:26:53.559] [0m[0;34mAPP     :INFO :Measure_NLOS = 0, Classification_NLOS =   0
[2025-04-29 12:26:53.563] [0m[0;34mAPP     :INFO :Conten_Distance_MasterAnchor_to_CA2F=35
[2025-04-29 12:26:53.567] [0m[0;34mAPP     :INFO :Current User ( ca2f ) status is : SystemStatus = 0 , DiscoverStatus = 5 , TransactionState = 4 , AuthenticationState = 9
[2025-04-29 12:26:53.572] [0m[0;34mAPP     :INFO :@@@ User Speed is :( ca2f ) , 1 ,(cm/s)
[2025-04-29 12:26:53.574] [0m[0;34mAPP     :INFO :@ b = 35, c = 47, x = 4, y = 29
[2025-04-29 12:26:53.576] [0m[0;34mAPP     :INFO :@ a = 100, d = 100, m = 250, Gate = 100
[2025-04-29 12:26:53.580] [0m[0;34mAPP     :INFO :################################### into red area...##################################################
[2025-04-29 12:26:53.583] [0m[0;34mAPP     :INFO :Only 1 valid card detected, started transaction
[2025-04-29 12:26:53.586] [0m[0;33mAPP     :WARN : Write Card Time < 2s. Return.
[2025-04-29 12:26:53.589] [0m
[2025-04-29 12:26:53.591] [0;32mTMLUWB  :RX < :RECV                :02001700 02000002 00BBBB00 00000000 00960006 000505CA 2F2F00
[2025-04-29 12:26:53.594] [0m[0;34mAPP     :INFO :gMrmSessionHandle!!!
[2025-04-29 12:26:53.598] [0m[0;34mAPP     :INFO :Conten_Distance_SlaveAnchor[BBBB]_to_CA2F=47
[2025-04-29 12:26:53.601] [0m{"@POSITION": 1, "Master": 35, "Slave": 47, "Gate": 100, "nLos": 0, "idx": 0, "LiftDeep": 71, "RedAreaH": 0, "BlueAreaH": 250, "Speed":1, "User-X":4, "User-Y":29, "User-Z":0,"Auth":9, "Trans":4}
[2025-04-29 12:26:53.803] [0;32mTMLUWB  :RX < :RECV                :62000048 AD030000 01000000 00FA0000 00010000 05000001 00000000 01CA2F00 00230000 00640000 64000000 00000003 8E000000 00000000 00000000 0E000000 00010300 01030000 00000000
[2025-04-29 12:26:53.806] [0m[0;34mAPP     :INFO :@@@ updateKeepAlive( ): User[1] Keep alive for CA2F = 239
[2025-04-29 12:26:53.808] [0m[0;34mAPP     :INFO :gCapSessionHandle!!!.
[2025-04-29 12:26:53.811] [0m[0;34mAPP     :INFO :@@@ gNumberOfUserinDTPCM = 2, pRangingData->no_of_measurements = 1,i=0
[2025-04-29 12:26:53.815] [0m[0;34mAPP     :INFO :Measure_NLOS = 0, Classification_NLOS =   0
[2025-04-29 12:26:53.818] [0m[0;34mAPP     :INFO :Conten_Distance_MasterAnchor_to_CA2F=35
[2025-04-29 12:26:53.821] [0m[0;34mAPP     :INFO :Current User ( ca2f ) status is : SystemStatus = 0 , DiscoverStatus = 5 , TransactionState = 4 , AuthenticationState = 9
[2025-04-29 12:26:53.824] [0m[0;34mAPP     :INFO :@@@ User Speed is :( ca2f ) , 1 ,(cm/s)
[2025-04-29 12:26:53.826] [0m[0;34mAPP     :INFO :@ b = 35, c = 47, x = 4, y = 29
[2025-04-29 12:26:53.830] [0m[0;34mAPP     :INFO :@ a = 100, d = 100, m = 250, Gate = 100
[2025-04-29 12:26:53.833] [0m[0;34mAPP     :INFO :################################### into red area...##################################################
[2025-04-29 12:26:53.836] [0m[0;34mAPP     :INFO :Only 1 valid card detected, started transaction
[2025-04-29 12:26:53.839] [0m[0;34mAPP     :INFO :┌──────────────────────────────────────────────────────────────┐
[2025-04-29 12:26:53.841] [0m[0;34mAPP     :INFO :│ @@@ Time of Write Card Start   = 04:07:625  │ CA2F │
[2025-04-29 12:26:53.843] [0m[0;34mAPP     :INFO :└──────────────────────────────────────────────────────────────┘
[2025-04-29 12:26:53.848] [0m[0;34mAPP     :INFO :szt_setFlag( ) szt_setFlag 0
[2025-04-29 12:26:53.852] [0m[0;34mAPP     :INFO :DCS=9b
[2025-04-29 12:26:53.855] [0m[0;34mAPP     :INFO :@@@ Sendbuf Data:   :0000FF31 0206FFFF FFFFFF05 FFFFFFFF FF67C100 0A3A006F 368408A0 00000632 010105A5 269F0802 00309F0C 1E022158 40FFFFFF FF020103 10487049 41202641 65202310 31205310 31000000 00000090 00200002 215840FF FFFFFF02 01031048 70494120 26416520 23103120 53103100 0090003E 00000001 56580058 40000101 00000000 00000000 00000000 00000000 00000000 00000000 00000000 00000000 00000000 00000000 00000000 00000000 00900012 00000014 69000186 A0000000 00000000 00900082 0027017D 01010000 00000000 00000002 03440344 10019101 00000000 10019101 00000000 00000000 00000001 00000000 00000065 00004131 99000115 00004131 99000115 20250417 14343820 25041714 38190000 00000101 00000000 00001672 00000000 00000000 00000000 00000000 00000000 00000000 00000000 00000000 00900019 0018B400 0000
[2025-04-29 12:26:53.861] [0m[0;34mAPP     :INFO :common_start_quick_timer enter: timeout: 200 ms
[2025-04-29 12:26:53.865] [0m[0;32mTMLUWB  :RX < :RECV                :02001700 02000002 00BBBB00 00000000 00970006 000505CA 2F2F00
[2025-04-29 12:26:53.868] [0m
[2025-04-29 12:26:53.870] [0;34mAPP     :INFO :gMrmSessionHandle!!!
[2025-04-29 12:26:53.872] [0m[0;34mAPP     :INFO :Conten_Distance_SlaveAnchor[BBBB]_to_CA2F=47
[2025-04-29 12:26:53.875] [0m{"@POSITION": 1, "Master": 35, "Slave": 47, "Gate": 100, "nLos": 0, "idx": 0, "LiftDeep": 71, "RedAreaH": 0, "BlueAreaH": 250, "Speed":1, "User-X":4, "User-Y":29, "User-Z":0,"Auth":9, "Trans":4}
[2025-04-29 12:26:54.041] [0;32mTMLUWB  :RX < :RECV                :62000048 AE030000 01000000 00FA0000 00010000 05000001 00000000 01CA2F00 00270000 00640000 64000000 00000003 8E000000 00000000 00000000 0E000000 00010300 01030000 00000000
[2025-04-29 12:26:54.047] [0m[0;34mAPP     :INFO :@@@ updateKeepAlive( ): User[1] Keep alive for CA2F = 239
[2025-04-29 12:26:54.051] [0m[0;34mAPP     :INFO :gCapSessionHandle!!!.
[2025-04-29 12:26:54.053] [0m[0;34mAPP     :INFO :@@@ gNumberOfUserinDTPCM = 2, pRangingData->no_of_measurements = 1,i=0
[2025-04-29 12:26:54.055] [0m[0;34mAPP     :INFO :Measure_NLOS = 0, Classification_NLOS =   0
[2025-04-29 12:26:54.058] [0m[0;34mAPP     :INFO :Conten_Distance_MasterAnchor_to_CA2F=39
[2025-04-29 12:26:54.061] [0m[0;34mAPP     :INFO :Current User ( ca2f ) status is : SystemStatus = 1 , DiscoverStatus = 5 , TransactionState = 4 , AuthenticationState = 9
[2025-04-29 12:26:54.065] [0m[0;34mAPP     :INFO :@@@ User Speed is :( ca2f ) , 4 ,(cm/s)
[2025-04-29 12:26:54.069] [0m[0;34mAPP     :INFO :@ b = 39, c = 47, x = 3, y = 26
[2025-04-29 12:26:54.072] [0m[0;34mAPP     :INFO :@ a = 100, d = 100, m = 250, Gate = 100
[2025-04-29 12:26:54.075] [0m[0;34mAPP     :INFO :################################### into red area...##################################################
[2025-04-29 12:26:54.079] [0m[0;34mAPP     :INFO :System already busy (SystemStatus = 1) or not in triangle field , waiting transaction
[2025-04-29 12:26:54.083] [0m[0;34mAPP     :INFO :No User to r or w | SystemStatus = 1
[2025-04-29 12:26:54.086] [0m
[2025-04-29 12:26:54.088] [0;32mTMLUWB  :RX < :RECV                :02001700 02000002 00BBBB00 00000000 00980006 000505CA 2F3000
[2025-04-29 12:26:54.090] [0m[0;34mAPP     :INFO :gMrmSessionHandle!!!
[2025-04-29 12:26:54.093] [0m[0;34mAPP     :INFO :Conten_Distance_SlaveAnchor[BBBB]_to_CA2F=48
[2025-04-29 12:26:54.097] [0m{"@POSITION": 1, "Master": 39, "Slave": 48, "Gate": 100, "nLos": 0, "idx": 0, "LiftDeep": 71, "RedAreaH": 0, "BlueAreaH": 250, "Speed":4, "User-X":3, "User-Y":26, "User-Z":0,"Auth":9, "Trans":4}
[2025-04-29 12:26:54.297] [0;32mTMLUWB  :RX < :RECV                :62000048 AF030000 01000000 00FA0000 00010000 05000001 00000000 01CA2F00 00230000 00640000 64000000 00000003 90000000 00000000 00000000 0E000000 00010300 01030000 00000000
[2025-04-29 12:26:54.302] [0m[0;34mAPP     :INFO :@@@ updateKeepAlive( ): User[1] Keep alive for CA2F = 239
[2025-04-29 12:26:54.306] [0m[0;34mAPP     :INFO :gCapSessionHandle!!!.
[2025-04-29 12:26:54.308] [0m[0;34mAPP     :INFO :@@@ gNumberOfUserinDTPCM = 2, pRangingData->no_of_measurements = 1,i=0
[2025-04-29 12:26:54.312] [0m[0;34mAPP     :INFO :Measure_NLOS = 0, Classification_NLOS =   0
[2025-04-29 12:26:54.316] [0m[0;34mAPP     :INFO :Conten_Distance_MasterAnchor_to_CA2F=35
[2025-04-29 12:26:54.319] [0m[0;34mAPP     :INFO :Current User ( ca2f ) status is : SystemStatus = 1 , DiscoverStatus = 5 , TransactionState = 4 , AuthenticationState = 9
[2025-04-29 12:26:54.322] [0m[0;34mAPP     :INFO :@@@ User Speed is :( ca2f ) , 1 ,(cm/s)
[2025-04-29 12:26:54.324] [0m[0;34mAPP     :INFO :@ b = 35, c = 48, x = 5, y = 28
[2025-04-29 12:26:54.327] [0m[0;34mAPP     :INFO :@ a = 100, d = 100, m = 250, Gate = 100
[2025-04-29 12:26:54.331] [0m[0;34mAPP     :INFO :################################### into red area...##################################################
[2025-04-29 12:26:54.334] [0m[0;34mAPP     :INFO :System already busy (SystemStatus = 1) or not in triangle field , waiting transaction
[2025-04-29 12:26:54.336] [0m[0;34mAPP     :INFO :No User to r or w | SystemStatus = 1
[2025-04-29 12:26:54.339] [0m
[2025-04-29 12:26:54.341] [0;32mTMLUWB  :RX < :RECV                :02001700 02000002 00BBBB00 00000000 00990006 000505CA 2F3000
[2025-04-29 12:26:54.344] [0m[0;34mAPP     :INFO :gMrmSessionHandle!!!
[2025-04-29 12:26:54.348] [0m[0;34mAPP     :INFO :Conten_Distance_SlaveAnchor[BBBB]_to_CA2F=48
[2025-04-29 12:26:54.351] [0m{"@POSITION": 1, "Master": 35, "Slave": 48, "Gate": 100, "nLos": 0, "idx": 0, "LiftDeep": 72, "RedAreaH": 0, "BlueAreaH": 250, "Speed":1, "User-X":5, "User-Y":28, "User-Z":0,"Auth":9, "Trans":4}
[2025-04-29 12:26:54.552] [0;32mTMLUWB  :RX < :RECV                :62000048 B0030000 01000000 00FA0000 00010000 05000001 00000000 01CA2F00 00230000 00640000 64000000 00000003 8F000000 00000000 00000000 0E000000 00010300 01030000 00000000
[2025-04-29 12:26:54.557] [0m[0;34mAPP     :INFO :@@@ updateKeepAlive( ): User[1] Keep alive for CA2F = 239
[2025-04-29 12:26:54.559] [0m[0;34mAPP     :INFO :gCapSessionHandle!!!.
[2025-04-29 12:26:54.563] [0m[0;34mAPP     :INFO :@@@ gNumberOfUserinDTPCM = 2, pRangingData->no_of_measurements = 1,i=0
[2025-04-29 12:26:54.567] [0m[0;34mAPP     :INFO :Measure_NLOS = 0, Classification_NLOS =   0
[2025-04-29 12:26:54.569] [0m[0;34mAPP     :INFO :Conten_Distance_MasterAnchor_to_CA2F=35
[2025-04-29 12:26:54.572] [0m[0;34mAPP     :INFO :Current User ( ca2f ) status is : SystemStatus = 1 , DiscoverStatus = 5 , TransactionState = 4 , AuthenticationState = 9
[2025-04-29 12:26:54.574] [0m[0;34mAPP     :INFO :@@@ User Speed is :( ca2f ) , 1 ,(cm/s)
[2025-04-29 12:26:54.578] [0m[0;34mAPP     :INFO :@ b = 35, c = 48, x = 5, y = 28
[2025-04-29 12:26:54.582] [0m[0;34mAPP     :INFO :@ a = 100, d = 100, m = 250, Gate = 100
[2025-04-29 12:26:54.584] [0m[0;34mAPP     :INFO :################################### into red area...##################################################
[2025-04-29 12:26:54.586] [0m[0;34mAPP     :INFO :System already busy (SystemStatus = 1) or not in triangle field , waiting transaction
[2025-04-29 12:26:54.589] [0m[0;34mAPP     :INFO :No User to r or w | SystemStatus = 1
[2025-04-29 12:26:54.592] [0m
[2025-04-29 12:26:54.594] [0;32mTMLUWB  :RX < :RECV                :02001700 02000002 00BBBB00 00000000 009A0006 000505CA 2F2F00
[2025-04-29 12:26:54.597] [0m[0;34mAPP     :INFO :gMrmSessionHandle!!!
[2025-04-29 12:26:54.600] [0m[0;34mAPP     :INFO :Conten_Distance_SlaveAnchor[BBBB]_to_CA2F=47
[2025-04-29 12:26:54.602] [0m{"@POSITION": 1, "Master": 35, "Slave": 47, "Gate": 100, "nLos": 0, "idx": 0, "LiftDeep": 71, "RedAreaH": 0, "BlueAreaH": 250, "Speed":1, "User-X":5, "User-Y":28, "User-Z":0,"Auth":9, "Trans":4}
[2025-04-29 12:26:54.784] [0;32mTMLUWB  :RX < :RECV                :62000048 B1030000 01000000 00FA0000 00010000 05000001 00000000 01CA2F00 00260000 00640000 64000000 00000003 8F000000 00000000 00000000 0E000000 00010300 01030000 00000000
[2025-04-29 12:26:54.788] [0m[0;34mAPP     :INFO :@@@ updateKeepAlive( ): User[1] Keep alive for CA2F = 239
[2025-04-29 12:26:54.793] [0m[0;34mAPP     :INFO :gCapSessionHandle!!!.
[2025-04-29 12:26:54.798] [0m[0;34mAPP     :INFO :@@@ gNumberOfUserinDTPCM = 2, pRangingData->no_of_measurements = 1,i=0
[2025-04-29 12:26:54.802] [0m[0;34mAPP     :INFO :Measure_NLOS = 0, Classification_NLOS =   0
[2025-04-29 12:26:54.808] [0m[0;34mAPP     :INFO :Conten_Distance_MasterAnchor_to_CA2F=38
[2025-04-29 12:26:54.814] [0m[0;34mAPP     :INFO :Current User ( ca2f ) status is : SystemStatus = 1 , DiscoverStatus = 5 , TransactionState = 4 , AuthenticationState = 9
[2025-04-29 12:26:54.820] [0m[0;34mAPP     :INFO :@@@ User Speed is :( ca2f ) , 1 ,(cm/s)
[2025-04-29 12:26:54.826] [0m[0;34mAPP     :INFO :@ b = 38, c = 47, x = 3, y = 27
[2025-04-29 12:26:54.831] [0m[0;34mAPP     :INFO :@ a = 100, d = 100, m = 250, Gate = 100
[2025-04-29 12:26:54.834] [0m[0;34mAPP     :INFO :################################### into red area...##################################################
[2025-04-29 12:26:54.838] [0m[0;34mAPP     :INFO :System already busy (SystemStatus = 1) or not in triangle field , waiting transaction
[2025-04-29 12:26:54.843] [0m[0;34mAPP     :INFO :No User to r or w | SystemStatus = 1
[2025-04-29 12:26:54.848] [0m
[2025-04-29 12:26:54.850] [0;32mTMLUWB  :RX < :RECV                :02001700 02000002 00BBBB00 00000000 009B0006 000505CA 2F3000
[2025-04-29 12:26:54.853] [0m[0;34mAPP     :INFO :gMrmSessionHandle!!!
[2025-04-29 12:26:54.856] [0m[0;34mAPP     :INFO :Conten_Distance_SlaveAnchor[BBBB]_to_CA2F=48
[2025-04-29 12:26:54.859] [0m{"@POSITION": 1, "Master"[0;31mAPP     :ERROR:@@@ reader_timer_callback( ): Don't Receive Reader data!!! Restart Reader process.
[2025-04-29 12:26:54.863] [0m[0;34mAPP     :INFO :┌──────────────────────────────────────────────────────────────┐
[2025-04-29 12:26:54.866] [0m[0;34mAPP     :INFO :│ @@@ Time of Reader CB          = 04:08:665  │ CA2F │
[2025-04-29 12:26:54.870] [0m[0;34mAPP     :INFO :└──────────────────────────────────────────────────────────────┘
[2025-04-29 12:26:54.874] [0m[0;34mAPP     :INFO :Previous Transaction State of CA2F was: 4
[2025-04-29 12:26:54.877] [0m[0;34mAPP     :INFO :New Transaction State of CA2F is: 4
[2025-04-29 12:26:54.880] [0m: 38, "Slave": 48, "Gate": 100, "nLos": 0, "idx": 0, "LiftDeep": 71, "RedAreaH": 0, "BlueAreaH": 250, "Speed":1, "User-X":3, "User-Y":27, "User-Z":0,"Auth":9, "Trans":4}
[2025-04-29 12:26:55.061] [0;32mTMLUWB  :RX < :RECV                :62000048 B2030000 01000000 00FA0000 00010000 05000001 00000000 01CA2F00 00240000 00640000 64000000 00000003 8E000000 00000000 00000000 0E000000 00010300 01030000 00000000
[2025-04-29 12:26:55.065] [0m[0;34mAPP     :INFO :@@@ updateKeepAlive( ): User[1] Keep alive for CA2F = 239
[2025-04-29 12:26:55.067] [0m[0;34mAPP     :INFO :gCapSessionHandle!!!.
[2025-04-29 12:26:55.069] [0m[0;34mAPP     :INFO :@@@ gNumberOfUserinDTPCM = 2, pRangingData->no_of_measurements = 1,i=0
[2025-04-29 12:26:55.073] [0m[0;34mAPP     :INFO :Measure_NLOS = 0, Classification_NLOS =   0
[2025-04-29 12:26:55.078] [0m[0;34mAPP     :INFO :Conten_Distance_MasterAnchor_to_CA2F=36
[2025-04-29 12:26:55.082] [0m[0;34mAPP     :INFO :Current User ( ca2f ) status is : SystemStatus = 0 , DiscoverStatus = 5 , TransactionState = 4 , AuthenticationState = 9
[2025-04-29 12:26:55.086] [0m[0;34mAPP     :INFO :@@@ User Speed is :( ca2f ) , 1 ,(cm/s)
[2025-04-29 12:26:55.091] [0m[0;34mAPP     :INFO :@ b = 36, c = 48, x = 5, y = 27
[2025-04-29 12:26:55.095] [0m[0;34mAPP     :INFO :@ a = 100, d = 100, m = 250, Gate = 100
[2025-04-29 12:26:55.098] [0m[0;34mAPP     :INFO :################################### into red area...##################################################
[2025-04-29 12:26:55.100] [0m[0;34mAPP     :INFO :Only 1 valid card detected, started transaction
[2025-04-29 12:26:55.104] [0m[0;33mAPP     :WARN : Write Card Time < 2s. Return.
[2025-04-29 12:26:55.107] [0m
[2025-04-29 12:26:55.110] [0;32mTMLUWB  :RX < :RECV                :02001700 02000002 00BBBB00 00000000 009C0006 000505CA 2F3000
[2025-04-29 12:26:55.112] [0m[0;34mAPP     :INFO :gMrmSessionHandle!!!
[2025-04-29 12:26:55.115] [0m[0;34mAPP     :INFO :Conten_Distance_SlaveAnchor[BBBB]_to_CA2F=48
[2025-04-29 12:26:55.118] [0m{"@POSITION": 1, "Master": 36, "Slave": 48, "Gate": 100, "nLos": 0, "idx": 0, "LiftDeep": 71, "RedAreaH": 0, "BlueAreaH": 250, "Speed":1, "User-X":5, "User-Y":27, "User-Z":0,"Auth":9, "Trans":4}
[2025-04-29 12:26:55.292] [0;32mTMLUWB  :RX < :RECV                :62000048 B3030000 01000000 00FA0000 00010000 05000001 00000000 01CA2F00 00240000 00640000 64000000 00000003 8F000000 00000000 00000000 0E000000 00010300 01030000 00000000
[2025-04-29 12:26:55.296] [0m[0;34mAPP     :INFO :@@@ updateKeepAlive( ): User[1] Keep alive for CA2F = 239
[2025-04-29 12:26:55.299] [0m[0;34mAPP     :INFO :gCapSessionHandle!!!.
[2025-04-29 12:26:55.301] [0m[0;34mAPP     :INFO :@@@ gNumberOfUserinDTPCM = 2, pRangingData->no_of_measurements = 1,i=0
[2025-04-29 12:26:55.304] [0m[0;34mAPP     :INFO :Measure_NLOS = 0, Classification_NLOS =   0
[2025-04-29 12:26:55.307] [0m[0;34mAPP     :INFO :Conten_Distance_MasterAnchor_to_CA2F=36
[2025-04-29 12:26:55.310] [0m[0;34mAPP     :INFO :Current User ( ca2f ) status is : SystemStatus = 0 , DiscoverStatus = 5 , TransactionState = 4 , AuthenticationState = 9
[2025-04-29 12:26:55.313] [0m[0;34mAPP     :INFO :@@@ User Speed is :( ca2f ) , 1 ,(cm/s)
[2025-04-29 12:26:55.317] [0m[0;34mAPP     :INFO :@ b = 36, c = 48, x = 5, y = 27
[2025-04-29 12:26:55.320] [0m[0;34mAPP     :INFO :@ a = 100, d = 100, m = 250, Gate = 100
[2025-04-29 12:26:55.323] [0m[0;34mAPP     :INFO :################################### into red area...##################################################
[2025-04-29 12:26:55.325] [0m[0;34mAPP     :INFO :Only 1 valid card detected, started transaction
[2025-04-29 12:26:55.328] [0m[0;33mAPP     :WARN : Write Card Time < 2s. Return.
[2025-04-29 12:26:55.332] [0m
[2025-04-29 12:26:55.334] [0;32mTMLUWB  :RX < :RECV                :02001700 02000002 00BBBB00 00000000 009D0006 000505CA 2F2F00
[2025-04-29 12:26:55.337] [0m[0;34mAPP     :INFO :gMrmSessionHandle!!!
[2025-04-29 12:26:55.339] [0m[0;34mAPP     :INFO :Conten_Distance_SlaveAnchor[BBBB]_to_CA2F=47
[2025-04-29 12:26:55.343] [0m{"@POSITION": 1, "Master": 36, "Slave": 47, "Gate": 100, "nLos": 0, "idx": 0, "LiftDeep": 71, "RedAreaH": 0, "BlueAreaH": 250, "Speed":1, "User-X":5, "User-Y":27, "User-Z":0,"Auth":9, "Trans":4}
[2025-04-29 12:26:55.550] [0;32mTMLUWB  :RX < :RECV                :62000048 B4030000 01000000 00FA0000 00010000 05000001 00000000 01CA2F00 00260000 00640000 64000000 00000003 8F000000 00000000 00000000 0E000000 00010300 01030000 00000000
[2025-04-29 12:26:55.558] [0m[0;34mAPP     :INFO :@@@ updateKeepAlive( ): User[1] Keep alive for CA2F = 239
[2025-04-29 12:26:55.562] [0m[0;34mAPP     :INFO :gCapSessionHandle!!!.
[2025-04-29 12:26:55.566] [0m[0;34mAPP     :INFO :@@@ gNumberOfUserinDTPCM = 2, pRangingData->no_of_measurements = 1,i=0
[2025-04-29 12:26:55.569] [0m[0;34mAPP     :INFO :Measure_NLOS = 0, Classification_NLOS =   0
[2025-04-29 12:26:55.572] [0m[0;34mAPP     :INFO :Conten_Distance_MasterAnchor_to_CA2F=38
[2025-04-29 12:26:55.575] [0m[0;34mAPP     :INFO :Current User ( ca2f ) status is : SystemStatus = 0 , DiscoverStatus = 5 , TransactionState = 4 , AuthenticationState = 9
[2025-04-29 12:26:55.580] [0m[0;34mAPP     :INFO :@@@ User Speed is :( ca2f ) , 0 ,(cm/s)
[2025-04-29 12:26:55.583] [0m[0;34mAPP     :INFO :@ b = 38, c = 47, x = 3, y = 27
[2025-04-29 12:26:55.586] [0m[0;34mAPP     :INFO :@ a = 100, d = 100, m = 250, Gate = 100
[2025-04-29 12:26:55.589] [0m[0;34mAPP     :INFO :################################### into red area...##################################################
[2025-04-29 12:26:55.593] [0m[0;34mAPP     :INFO :Only 1 valid card detected, started transaction
[2025-04-29 12:26:55.598] [0m[0;33mAPP     :WARN : Write Card Time < 2s. Return.
[2025-04-29 12:26:55.601] [0m
[2025-04-29 12:26:55.604] [0;32mTMLUWB  :RX < :RECV                :02001700 02000002 00BBBB00 00000000 009E0006 000505CA 2F3000
[2025-04-29 12:26:55.608] [0m[0;34mAPP     :INFO :gMrmSessionHandle!!!
[2025-04-29 12:26:55.611] [0m[0;34mAPP     :INFO :Conten_Distance_SlaveAnchor[BBBB]_to_CA2F=48
[2025-04-29 12:26:55.614] [0m{"@POSITION": 1, "Master": 38, "Slave": 48, "Gate": 100, "nLos": 0, "idx": 0, "LiftDeep": 71, "RedAreaH": 0, "BlueAreaH": 250, "Speed":0, "User-X":3, "User-Y":27, "User-Z":0,"Auth":9, "Trans":4}
[2025-04-29 12:26:55.786] [0;32mTMLUWB  :RX < :RECV                :62000048 B5030000 01000000 00FA0000 00010000 05000001 00000000 01CA2F00 00240000 00640000 64000000 00000003 90000000 00000000 00000000 0E000000 00010300 01030000 00000000
[2025-04-29 12:26:55.790] [0m[0;34mAPP     :INFO :@@@ updateKeepAlive( ): User[1] Keep alive for CA2F = 239
[2025-04-29 12:26:55.792] [0m[0;34mAPP     :INFO :gCapSessionHandle!!!.
[2025-04-29 12:26:55.796] [0m[0;34mAPP     :INFO :@@@ gNumberOfUserinDTPCM = 2, pRangingData->no_of_measurements = 1,i=0
[2025-04-29 12:26:55.799] [0m[0;34mAPP     :INFO :Measure_NLOS = 0, Classification_NLOS =   0
[2025-04-29 12:26:55.802] [0m[0;34mAPP     :INFO :Conten_Distance_MasterAnchor_to_CA2F=36
[2025-04-29 12:26:55.804] [0m[0;34mAPP     :INFO :Current User ( ca2f ) status is : SystemStatus = 0 , DiscoverStatus = 5 , TransactionState = 4 , AuthenticationState = 9
[2025-04-29 12:26:55.807] [0m[0;34mAPP     :INFO :@@@ User Speed is :( ca2f ) , 0 ,(cm/s)
[2025-04-29 12:26:55.811] [0m[0;34mAPP     :INFO :@ b = 36, c = 48, x = 5, y = 27
[2025-04-29 12:26:55.815] [0m[0;34mAPP     :INFO :@ a = 100, d = 100, m = 250, Gate = 100
[2025-04-29 12:26:55.818] [0m[0;34mAPP     :INFO :################################### into red area...##################################################
[2025-04-29 12:26:55.821] [0m[0;34mAPP     :INFO :Only 1 valid card detected, started transaction
[2025-04-29 12:26:55.824] [0m[0;33mAPP     :WARN : Write Card Time < 2s. Return.
[2025-04-29 12:26:55.827] [0m
[2025-04-29 12:26:55.831] [0;32mTMLUWB  :RX < :RECV                :02001700 02000002 00BBBB00 00000000 009F0006 000505CA 2F2E00
[2025-04-29 12:26:55.833] [0m[0;34mAPP     :INFO :gMrmSessionHandle!!!
[2025-04-29 12:26:55.836] [0m[0;34mAPP     :INFO :Conten_Distance_SlaveAnchor[BBBB]_to_CA2F=46
[2025-04-29 12:26:55.839] [0m{"@POSITION": 1, "Master": 36, "Slave": 46, "Gate": 100, "nLos": 0, "idx": 0, "LiftDeep": 72, "RedAreaH": 0, "BlueAreaH": 250, "Speed":0, "User-X":5, "User-Y":27, "User-Z":0,"Auth":9, "Trans":4}
[2025-04-29 12:26:56.042] [0;32mTMLUWB  :RX < :RECV                :62000048 B6030000 01000000 00FA0000 00010000 05000001 00000000 01CA2F00 00240000 00640000 64000000 00000003 90000000 00000000 00000000 0E000000 00010300 01030000 00000000
[2025-04-29 12:26:56.045] [0m[0;34mAPP     :INFO :@@@ updateKeepAlive( ): User[1] Keep alive for CA2F = 239
[2025-04-29 12:26:56.048] [0m[0;34mAPP     :INFO :gCapSessionHandle!!!.
[2025-04-29 12:26:56.050] [0m[0;34mAPP     :INFO :@@@ gNumberOfUserinDTPCM = 2, pRangingData->no_of_measurements = 1,i=0
[2025-04-29 12:26:56.053] [0m[0;34mAPP     :INFO :Measure_NLOS = 0, Classification_NLOS =   0
[2025-04-29 12:26:56.056] [0m[0;34mAPP     :INFO :Conten_Distance_MasterAnchor_to_CA2F=36
[2025-04-29 12:26:56.058] [0m[0;34mAPP     :INFO :Current User ( ca2f ) status is : SystemStatus = 0 , DiscoverStatus = 5 , TransactionState = 4 , AuthenticationState = 9
[2025-04-29 12:26:56.062] [0m[0;34mAPP     :INFO :@@@ User Speed is :( ca2f ) , 1 ,(cm/s)
[2025-04-29 12:26:56.065] [0m[0;34mAPP     :INFO :@ b = 36, c = 46, x = 4, y = 28
[2025-04-29 12:26:56.068] [0m[0;34mAPP     :INFO :@ a = 100, d = 100, m = 250, Gate = 100
[2025-04-29 12:26:56.072] [0m[0;34mAPP     :INFO :################################### into red area...##################################################
[2025-04-29 12:26:56.076] [0m[0;34mAPP     :INFO :Only 1 valid card detected, started transaction
[2025-04-29 12:26:56.079] [0m[0;34mAPP     :INFO :┌──────────────────────────────────────────────────────────────┐
[2025-04-29 12:26:56.082] [0m[0;34mAPP     :INFO :│ @@@ Time of Write Card Start   = 04:09:875  │ CA2F │
[2025-04-29 12:26:56.085] [0m[0;34mAPP     :INFO :└──────────────────────────────────────────────────────────────┘
[2025-04-29 12:26:56.088] [0m[0;34mAPP     :INFO :szt_setFlag( ) szt_setFlag 0
[2025-04-29 12:26:56.091] [0m[0;34mAPP     :INFO :DCS=9c
[2025-04-29 12:26:56.093] [0m[0;34mAPP     :INFO :@@@ Sendbuf Data:   :0000FF31 0206FFFF FFFFFF05 FFFFFFFF FF68C100 0A3A006F 368408A0 00000632 010105A5 269F0802 00309F0C 1E022158 40FFFFFF FF020103 10487049 41202641 65202310 31205310 31000000 00000090 00200002 215840FF FFFFFF02 01031048 70494120 26416520 23103120 53103100 0090003E 00000001 56580058 40000101 00000000 00000000 00000000 00000000 00000000 00000000 00000000 00000000 00000000 00000000 00000000 00000000 00900012 00000014 69000186 A0000000 00000000 00900082 0027017D 01010000 00000000 00000002 03440344 10019101 00000000 10019101 00000000 00000000 00000001 00000000 00000065 00004131 99000115 00004131 99000115 20250417 14343820 25041714 38190000 00000101 00000000 00001672 00000000 00000000 00000000 00000000 00000000 00000000 00000000 00000000 00900019 0018B400 0000
[2025-04-29 12:26:56.099] [0m[0;34mAPP     :INFO :common_start_quick_timer enter: timeout: 200 ms
[2025-04-29 12:26:56.103] [0m[0;32mTMLUWB  :RX < :RECV                :02001700 02000002 00BBBB00 00000000 00A00006 000505CA 2F2F00
[2025-04-29 12:26:56.105] [0m
[2025-04-29 12:26:56.108] [0;34mAPP     :INFO :gMrmSessionHandle!!!
[2025-04-29 12:26:56.109] [0m[0;34mAPP     :INFO :Conten_Distance_SlaveAnchor[BBBB]_to_CA2F=47
[2025-04-29 12:26:56.112] [0m{"@POSITION": 1, "Master": 36, "Slave": 47, "Gate": 100, "nLos": 0, "idx": 0, "LiftDeep": 72, "RedAreaH": 0, "BlueAreaH": 250, "Speed":1, "User-X":4, "User-Y":28, "User-Z":0,"Auth":9, "Trans":4}
[2025-04-29 12:26:56.305] [0;32mTMLUWB  :RX < :RECV                :62000048 B7030000 01000000 00FA0000 00010000 05000001 00000000 01CA2F00 00260000 00640000 64000000 00000003 8F000000 00000000 00000000 0E000000 00010300 01030000 00000000
[2025-04-29 12:26:56.308] [0m[0;34mAPP     :INFO :@@@ updateKeepAlive( ): User[1] Keep alive for CA2F = 239
[2025-04-29 12:26:56.310] [0m[0;34mAPP     :INFO :gCapSessionHandle!!!.
[2025-04-29 12:26:56.313] [0m[0;34mAPP     :INFO :@@@ gNumberOfUserinDTPCM = 2, pRangingData->no_of_measurements = 1,i=0
[2025-04-29 12:26:56.315] [0m[0;34mAPP     :INFO :Measure_NLOS = 0, Classification_NLOS =   0
[2025-04-29 12:26:56.320] [0m[0;34mAPP     :INFO :Conten_Distance_MasterAnchor_to_CA2F=38
[2025-04-29 12:26:56.323] [0m[0;34mAPP     :INFO :Current User ( ca2f ) status is : SystemStatus = 1 , DiscoverStatus = 5 , TransactionState = 4 , AuthenticationState = 9
[2025-04-29 12:26:56.327] [0m[0;34mAPP     :INFO :@@@ User Speed is :( ca2f ) , 0 ,(cm/s)
[2025-04-29 12:26:56.332] [0m[0;34mAPP     :INFO :@ b = 38, c = 47, x = 3, y = 27
[2025-04-29 12:26:56.336] [0m[0;34mAPP     :INFO :@ a = 100, d = 100, m = 250, Gate = 100
[2025-04-29 12:26:56.339] [0m[0;34mAPP     :INFO :################################### into red area...##################################################
[2025-04-29 12:26:56.344] [0m[0;34mAPP     :INFO :System already busy (SystemStatus = 1) or not in triangle field , waiting transaction
[2025-04-29 12:26:56.349] [0m[0;34mAPP     :INFO :No User to r or w | SystemStatus = 1
[2025-04-29 12:26:56.354] [0m
[2025-04-29 12:26:56.357] [0;32mTMLUWB  :RX < :RECV                :02001700 02000002 00BBBB00 00000000 00A10006 000505CA 2F2E00
[2025-04-29 12:26:56.362] [0m[0;34mAPP     :INFO :gMrmSessionHandle!!!
[2025-04-29 12:26:56.366] [0m[0;34mAPP     :INFO :Conten_Distance_SlaveAnchor[BBBB]_to_CA2F=46
[2025-04-29 12:26:56.369] [0m{"@POSITION": 1, "Master": 38, "Slave": 46, "Gate": 100, "nLos": 0, "idx": 0, "LiftDeep": 71, "RedAreaH": 0, "BlueAreaH": 250, "Speed":0, "User-X":3, "User-Y":27, "User-Z":0,"Auth":9, "Trans":4}
[2025-04-29 12:26:56.536] [0;32mTMLUWB  :RX < :RECV                :62000048 B8030000 01000000 00FA0000 00010000 05000001 00000000 01CA2F00 00260000 00640000 64000000 00000003 90000000 00000000 00000000 0E000000 00010300 01030000 00000000
[2025-04-29 12:26:56.541] [0m[0;34mAPP     :INFO :@@@ updateKeepAlive( ): User[1] Keep alive for CA2F = 239
[2025-04-29 12:26:56.544] [0m[0;34mAPP     :INFO :gCapSessionHandle!!!.
[2025-04-29 12:26:56.546] [0m[0;34mAPP     :INFO :@@@ gNumberOfUserinDTPCM = 2, pRangingData->no_of_measurements = 1,i=0
[2025-04-29 12:26:56.550] [0m[0;34mAPP     :INFO :Measure_NLOS = 0, Classification_NLOS =   0
[2025-04-29 12:26:56.553] [0m[0;34mAPP     :INFO :Conten_Distance_MasterAnchor_to_CA2F=38
[2025-04-29 12:26:56.556] [0m[0;34mAPP     :INFO :Current User ( ca2f ) status is : SystemStatus = 1 , DiscoverStatus = 5 , TransactionState = 4 , AuthenticationState = 9
[2025-04-29 12:26:56.559] [0m[0;34mAPP     :INFO :@@@ User Speed is :( ca2f ) , 2 ,(cm/s)
[2025-04-29 12:26:56.564] [0m[0;34mAPP     :INFO :@ b = 38, c = 46, x = 3, y = 27
[2025-04-29 12:26:56.567] [0m[0;34mAPP     :INFO :@ a = 100, d = 100, m = 250, Gate = 100
[2025-04-29 12:26:56.570] [0m[0;34mAPP     :INFO :################################### into red area...##################################################
[2025-04-29 12:26:56.573] [0m[0;34mAPP     :INFO :System already busy (SystemStatus = 1) or not in triangle field , waiting transaction
[2025-04-29 12:26:56.575] [0m[0;34mAPP     :INFO :No User to r or w | SystemStatus = 1
[2025-04-29 12:26:56.580] [0m
[2025-04-29 12:26:56.583] [0;32mTMLUWB  :RX < :RECV                :02001700 02000002 00BBBB00 00000000 00A20006 000505CA 2F2D00
[2025-04-29 12:26:56.586] [0m[0;34mAPP     :INFO :gMrmSessionHandle!!!
[2025-04-29 12:26:56.588] [0m[0;34mAPP     :INFO :Conten_Distance_SlaveAnchor[BBBB]_to_CA2F=45
[2025-04-29 12:26:56.590] [0m{"@POSITION": 1, "Master": 38, "Slave": 45, "Gate": 100, "nLos": 0, "idx": 0, "LiftDeep": 72, "RedAreaH": 0, "BlueAreaH": 250, "Speed":2, "User-X":3, "User-Y":27, "User-Z":0,"Auth":9, "Trans":4}
[2025-04-29 12:26:56.794] [0;32mTMLUWB  :RX < :RECV                :62000048 B9030000 01000000 00FA0000 00010000 05000001 00000000 01CA2F00 00280000 00640000 64000000 00000003 8E000000 00000000 00000000 0E000000 00010300 01030000 00000000
[2025-04-29 12:26:56.798] [0m[0;34mAPP     :INFO :@@@ updateKeepAlive( ): User[1] Keep alive for CA2F = 239
[2025-04-29 12:26:56.801] [0m[0;34mAPP     :INFO :gCapSessionHandle!!!.
[2025-04-29 12:26:56.804] [0m[0;34mAPP     :INFO :@@@ gNumberOfUserinDTPCM = 2, pRangingData->no_of_measurements = 1,i=0
[2025-04-29 12:26:56.806] [0m[0;34mAPP     :INFO :Measure_NLOS = 0, Classification_NLOS =   0
[2025-04-29 12:26:56.810] [0m[0;34mAPP     :INFO :Conten_Distance_MasterAnchor_to_CA2F=40
[2025-04-29 12:26:56.814] [0m[0;34mAPP     :INFO :Current User ( ca2f ) status is : SystemStatus = 1 , DiscoverStatus = 5 , TransactionState = 4 , AuthenticationState = 9
[2025-04-29 12:26:56.818] [0m[0;34mAPP     :INFO :@@@ User Speed is :( ca2f ) , 2 ,(cm/s)
[2025-04-29 12:26:56.820] [0m[0;34mAPP     :INFO :@ b = 40, c = 45, x = 2, y = 26
[2025-04-29 12:26:56.824] [0m[0;34mAPP     :INFO :@ a = 100, d = 100, m = 250, Gate = 100
[2025-04-29 12:26:56.827] [0m[0;34mAPP     :INFO :################################### into red area...##################################################
[2025-04-29 12:26:56.831] [0m[0;34mAPP     :INFO :System already busy (SystemStatus = 1) or not in triangle field , waiting transaction
[2025-04-29 12:26:56.834] [0m[0;34mAPP     :INFO :No User to r or w | SystemStatus = 1
[2025-04-29 12:26:56.836] [0m
[2025-04-29 12:26:56.839] [0;32mTMLUWB  :RX < :RECV                :02001700 02000002 00BBBB00 00000000 00A30006 000505CA 2F3000
[2025-04-29 12:26:56.841] [0m[0;34mAPP     :INFO :gMrmSessionHandle!!!
[2025-04-29 12:26:56.844] [0m[0;34mAPP     :INFO :Conten_Distance_SlaveAnchor[BBBB]_to_CA2F=48
[2025-04-29 12:26:56.847] [0m{"@POSITION": 1, "Master": 40, "Slave": 48, "Gate": 100, "nLos": 0, "idx": 0, "LiftDeep": 71, "RedAreaH": 0, "BlueAreaH": 250, "Speed":2, "User-X":2, "User-Y":26, "User-Z":0,"Auth":9, "Trans":4}
[2025-04-29 12:26:57.036] [0;32mTMLUWB  :RX < :RECV                :62000048 BA030000 01000000 00FA0000 00010000 05000001 00000000 01CA2F00 00280000 00640000 64000000 00000003 8E000000 00000000 00000000 0E000000 00010300 01030000 00000000
[2025-04-29 12:26:57.040] [0m[0;34mAPP     :INFO :@@@ updateKeepAlive( ): User[1] Keep alive for CA2F = 239
[2025-04-29 12:26:57.043] [0m[0;34mAPP     :INFO :gCapSessionHandle!!!.
[2025-04-29 12:26:57.046] [0m[0;34mAPP     :INFO :@@@ gNumberOfUserinDTPCM = 2, pRangingData->no_of_measurements = 1,i=0
[2025-04-29 12:26:57.050] [0m[0;34mAPP     :INFO :Measure_NLOS = 0, Classification_NLOS =   0
[2025-04-29 12:26:57.053] [0m[0;34mAPP     :INFO :Conten_Distance_MasterAnchor_to_CA2F=40
[2025-04-29 12:26:57.055] [0m[0;34mAPP     :INFO :Current User ( ca2f ) status is : SystemStatus = 1 , DiscoverStatus = 5 , TransactionState = 4 , AuthenticationState = 9
[2025-04-29 12:26:57.058] [0m[0;34mAPP     :INFO :@@@ User Speed is :( ca2f ) , 3 ,(cm/s)
[2025-04-29 12:26:57.062] [0m[0;34mAPP     :INFO :@ b = 40, c = 48, x = 3, y = 24
[2025-04-29 12:26:57.066] [0m[0;34mAPP     :INFO :@ a = 100, d = 100, m = 250, Gate = 100
[2025-04-29 12:26:57.069] [0m[0;34mAPP     :INFO :################################### into red area...##################################################
[2025-04-29 12:26:57.072] [0m[0;34mAPP     :INFO :System already busy (SystemStatus = 1) or not in triangle field , waiting transaction
[2025-04-29 12:26:57.076] [0m[0;34mAPP     :INFO :No User to r or w | SystemStatus = 1
[2025-04-29 12:26:57.081] [0m
[2025-04-29 12:26:57.084] [0;32mTMLUWB  :RX < :RECV                :02001700 02000002 00BBBB00 00000000 00A40006 000505CA 2F3000
[2025-04-29 12:26:57.088] [0m[0;34mAPP     :INFO :gMrmSessionHandle!!!
[2025-04-29 12:26:57.091] [0m[0;34mAPP     :INFO :Conten_Distance_SlaveAnchor[BBBB]_to_CA2F=48
[2025-04-29 12:26:57.094] [0m{"@POSITION": 1, "Master": 40, "Slave": 48, "Gate":[0;31mAPP     :ERROR:@@@ reader_timer_callback( ): Don't Receive Reader data!!! Restart Reader process.
[2025-04-29 12:26:57.099] [0m[0;34mAPP     :INFO :┌──────────────────────────────────────────────────────────────┐
[2025-04-29 12:26:57.103] [0m[0;34mAPP     :INFO :│ @@@ Time of Reader CB          = 04:10:915  │ CA2F │
[2025-04-29 12:26:57.107] [0m[0;34mAPP     :INFO :└──────────────────────────────────────────────────────────────┘
[2025-04-29 12:26:57.111] [0m[0;34mAPP     :INFO :Previous Transaction State of CA2F was: 4
[2025-04-29 12:26:57.115] [0m[0;34mAPP     :INFO :New Transaction State of CA2F is: 4
[2025-04-29 12:26:57.119] [0m 100, "nLos": 0, "idx": 0, "LiftDeep": 71, "RedAreaH": 0, "BlueAreaH": 250, "Speed":3, "User-X":3, "User-Y":24, "User-Z":0,"Auth":9, "Trans":4}
[2025-04-29 12:26:57.307] [0;32mTMLUWB  :RX < :RECV                :62000048 BB030000 01000000 00FA0000 00010000 05000001 00000000 01CA2F00 00260000 00640000 64000000 00000003 8E000000 00000000 00000000 0E000000 00010300 01030000 00000000
[2025-04-29 12:26:57.314] [0m[0;34mAPP     :INFO :@@@ updateKeepAlive( ): User[1] Keep alive for CA2F = 239
[2025-04-29 12:26:57.318] [0m[0;34mAPP     :INFO :gCapSessionHandle!!!.
[2025-04-29 12:26:57.320] [0m[0;34mAPP     :INFO :@@@ gNumberOfUserinDTPCM = 2, pRangingData->no_of_measurements = 1,i=0
[2025-04-29 12:26:57.324] [0m[0;34mAPP     :INFO :Measure_NLOS = 0, Classification_NLOS =   0
[2025-04-29 12:26:57.326] [0m[0;34mAPP     :INFO :Conten_Distance_MasterAnchor_to_CA2F=38
[2025-04-29 12:26:57.329] [0m[0;34mAPP     :INFO :Current User ( ca2f ) status is : SystemStatus = 0 , DiscoverStatus = 5 , TransactionState = 4 , AuthenticationState = 9
[2025-04-29 12:26:57.333] [0m[0;34mAPP     :INFO :@@@ User Speed is :( ca2f ) , 2 ,(cm/s)
[2025-04-29 12:26:57.336] [0m[0;34mAPP     :INFO :@ b = 38, c = 48, x = 4, y = 25
[2025-04-29 12:26:57.341] [0m[0;34mAPP     :INFO :@ a = 100, d = 100, m = 250, Gate = 100
[2025-04-29 12:26:57.344] [0m[0;34mAPP     :INFO :################################### into red area...##################################################
[2025-04-29 12:26:57.348] [0m[0;34mAPP     :INFO :Only 1 valid card detected, started transaction
[2025-04-29 12:26:57.351] [0m[0;33mAPP     :WARN : Write Card Time < 2s. Return.
[2025-04-29 12:26:57.355] [0m
[2025-04-29 12:26:57.357] [0;32mTMLUWB  :RX < :RECV                :02001700 02000002 00BBBB00 00000000 00A50006 000505CA 2F3100
[2025-04-29 12:26:57.359] [0m[0;34mAPP     :INFO :gMrmSessionHandle!!!
[2025-04-29 12:26:57.362] [0m[0;34mAPP     :INFO :Conten_Distance_SlaveAnchor[BBBB]_to_CA2F=49
[2025-04-29 12:26:57.365] [0m{"@POSITION": 1, "Master": 38, "Slave": 49, "Gate": 100, "nLos": 0, "idx": 0, "LiftDeep": 71, "RedAreaH": 0, "BlueAreaH": 250, "Speed":2, "User-X":4, "User-Y":25, "User-Z":0,"Auth":9, "Trans":4}
[2025-04-29 12:26:57.556] [0;32mTMLUWB  :RX < :RECV                :62000048 BC030000 01000000 00FA0000 00010000 05000001 00000000 01CA2F00 00270000 00640000 64000000 00000003 8E000000 00000000 00000000 0E000000 00010300 01030000 00000000
[2025-04-29 12:26:57.561] [0m[0;34mAPP     :INFO :@@@ updateKeepAlive( ): User[1] Keep alive for CA2F = 239
[2025-04-29 12:26:57.564] [0m[0;34mAPP     :INFO :gCapSessionHandle!!!.
[2025-04-29 12:26:57.567] [0m[0;34mAPP     :INFO :@@@ gNumberOfUserinDTPCM = 2, pRangingData->no_of_measurements = 1,i=0
[2025-04-29 12:26:57.571] [0m[0;34mAPP     :INFO :Measure_NLOS = 0, Classification_NLOS =   0
[2025-04-29 12:26:57.575] [0m[0;34mAPP     :INFO :Conten_Distance_MasterAnchor_to_CA2F=39
[2025-04-29 12:26:57.579] [0m[0;34mAPP     :INFO :Current User ( ca2f ) status is : SystemStatus = 0 , DiscoverStatus = 5 , TransactionState = 4 , AuthenticationState = 9
[2025-04-29 12:26:57.583] [0m[0;34mAPP     :INFO :@@@ User Speed is :( ca2f ) , 2 ,(cm/s)
[2025-04-29 12:26:57.587] [0m[0;34mAPP     :INFO :@ b = 39, c = 49, x = 4, y = 24
[2025-04-29 12:26:57.590] [0m[0;34mAPP     :INFO :@ a = 100, d = 100, m = 250, Gate = 100
[2025-04-29 12:26:57.593] [0m[0;34mAPP     :INFO :################################### into red area...##################################################
[2025-04-29 12:26:57.597] [0m[0;34mAPP     :INFO :Only 1 valid card detected, started transaction
[2025-04-29 12:26:57.600] [0m[0;33mAPP     :WARN : Write Card Time < 2s. Return.
[2025-04-29 12:26:57.603] [0m
[2025-04-29 12:26:57.606] [0;32mTMLUWB  :RX < :RECV                :02001700 02000002 00BBBB00 00000000 00A60006 000505CA 2F3000
[2025-04-29 12:26:57.610] [0m[0;34mAPP     :INFO :gMrmSessionHandle!!!
[2025-04-29 12:26:57.614] [0m[0;34mAPP     :INFO :Conten_Distance_SlaveAnchor[BBBB]_to_CA2F=48
[2025-04-29 12:26:57.619] [0m{"@POSITION": 1, "Master": 39, "Slave": 48, "Gate": 100, "nLos": 0, "idx": 0, "LiftDeep": 71, "RedAreaH": 0, "BlueAreaH": 250, "Speed":2, "User-X":4, "User-Y":24, "User-Z":0,"Auth":9, "Trans":4}
[2025-04-29 12:26:57.788] [0;32mTMLUWB  :RX < :RECV                :62000048 BD030000 01000000 00FA0000 00010000 05000001 00000000 01CA2F00 00240000 00640000 64000000 00000003 8E000000 00000000 00000000 0E000000 00010300 01030000 00000000
[2025-04-29 12:26:57.794] [0m[0;34mAPP     :INFO :@@@ updateKeepAlive( ): User[1] Keep alive for CA2F = 239
[2025-04-29 12:26:57.797] [0m[0;34mAPP     :INFO :gCapSessionHandle!!!.
[2025-04-29 12:26:57.800] [0m[0;34mAPP     :INFO :@@@ gNumberOfUserinDTPCM = 2, pRangingData->no_of_measurements = 1,i=0
[2025-04-29 12:26:57.803] [0m[0;34mAPP     :INFO :Measure_NLOS = 0, Classification_NLOS =   0
[2025-04-29 12:26:57.805] [0m[0;34mAPP     :INFO :Conten_Distance_MasterAnchor_to_CA2F=36
[2025-04-29 12:26:57.808] [0m[0;34mAPP     :INFO :Current User ( ca2f ) status is : SystemStatus = 0 , DiscoverStatus = 5 , TransactionState = 4 , AuthenticationState = 9
[2025-04-29 12:26:57.812] [0m[0;34mAPP     :INFO :@@@ User Speed is :( ca2f ) , 3 ,(cm/s)
[2025-04-29 12:26:57.816] [0m[0;34mAPP     :INFO :@ b = 36, c = 48, x = 5, y = 27
[2025-04-29 12:26:57.819] [0m[0;34mAPP     :INFO :@ a = 100, d = 100, m = 250, Gate = 100
[2025-04-29 12:26:57.821] [0m[0;34mAPP     :INFO :################################### into red area...##################################################
[2025-04-29 12:26:57.824] [0m[0;34mAPP     :INFO :Only 1 valid card detected, started transaction
[2025-04-29 12:26:57.826] [0m[0;33mAPP     :WARN : Write Card Time < 2s. Return.
[2025-04-29 12:26:57.830] [0m
[2025-04-29 12:26:57.833] [0;32mTMLUWB  :RX < :RECV                :02001700 02000002 00BBBB00 00000000 00A70006 000505CA 2F2E00
[2025-04-29 12:26:57.835] [0m[0;34mAPP     :INFO :gMrmSessionHandle!!!
[2025-04-29 12:26:57.837] [0m[0;34mAPP     :INFO :Conten_Distance_SlaveAnchor[BBBB]_to_CA2F=46
[2025-04-29 12:26:57.839] [0m{"@POSITION": 1, "Master": 36, "Slave": 46, "Gate": 100, "nLos": 0, "idx": 0, "LiftDeep": 71, "RedAreaH": 0, "BlueAreaH": 250, "Speed":3, "User-X":5, "User-Y":27, "User-Z":0,"Auth":9, "Trans":4}
[2025-04-29 12:26:58.041] [0;32mTMLUWB  :RX < :RECV                :62000048 BE030000 01000000 00FA0000 00010000 05000001 00000000 01CA2F00 00260000 00640000 64000000 00000003 8D000000 00000000 00000000 0E000000 00010300 01030000 00000000
[2025-04-29 12:26:58.047] [0m[0;34mAPP     :INFO :@@@ updateKeepAlive( ): User[1] Keep alive for CA2F = 239
[2025-04-29 12:26:58.049] [0m[0;34mAPP     :INFO :gCapSessionHandle!!!.
[2025-04-29 12:26:58.051] [0m[0;34mAPP     :INFO :@@@ gNumberOfUserinDTPCM = 2, pRangingData->no_of_measurements = 1,i=0
[2025-04-29 12:26:58.054] [0m[0;34mAPP     :INFO :Measure_NLOS = 0, Classification_NLOS =   0
[2025-04-29 12:26:58.056] [0m[0;34mAPP     :INFO :Conten_Distance_MasterAnchor_to_CA2F=38
[2025-04-29 12:26:58.059] [0m[0;34mAPP     :INFO :Current User ( ca2f ) status is : SystemStatus = 0 , DiscoverStatus = 5 , TransactionState = 4 , AuthenticationState = 9
[2025-04-29 12:26:58.062] [0m[0;34mAPP     :INFO :@@@ User Speed is :( ca2f ) , 2 ,(cm/s)
[2025-04-29 12:26:58.065] [0m[0;34mAPP     :INFO :@ b = 38, c = 46, x = 3, y = 27
[2025-04-29 12:26:58.069] [0m[0;34mAPP     :INFO :@ a = 100, d = 100, m = 250, Gate = 100
[2025-04-29 12:26:58.071] [0m[0;34mAPP     :INFO :################################### into red area...##################################################
[2025-04-29 12:26:58.074] [0m[0;34mAPP     :INFO :Only 1 valid card detected, started transaction
[2025-04-29 12:26:58.080] [0m[0;33mAPP     :WARN : Write Card Time < 2s. Return.
[2025-04-29 12:26:58.082] [0m
[2025-04-29 12:26:58.085] [0;32mTMLUWB  :RX < :RECV                :02001700 02000002 00BBBB00 00000000 00A80006 000505CA 2F3000
[2025-04-29 12:26:58.089] [0m[0;34mAPP     :INFO :gMrmSessionHandle!!!
[2025-04-29 12:26:58.091] [0m[0;34mAPP     :INFO :Conten_Distance_SlaveAnchor[BBBB]_to_CA2F=48
[2025-04-29 12:26:58.094] [0m{"@POSITION": 1, "Master": 38, "Slave": 48, "Gate": 100, "nLos": 0, "idx": 0, "LiftDeep": 70, "RedAreaH": 0, "BlueAreaH": 250, "Speed":2, "User-X":3, "User-Y":27, "User-Z":0,"Auth":9, "Trans":4}
[2025-04-29 12:26:58.300] [0;32mTMLUWB  :RX < :RECV                :62000048 BF030000 01000000 00FA0000 00010000 05000001 00000000 01CA2F00 00250000 00640000 64000000 00000003 8E000000 00000000 00000000 0E000000 00010300 01030000 00000000
[2025-04-29 12:26:58.305] [0m[0;34mAPP     :INFO :@@@ updateKeepAlive( ): User[1] Keep alive for CA2F = 239
[2025-04-29 12:26:58.307] [0m[0;34mAPP     :INFO :gCapSessionHandle!!!.
[2025-04-29 12:26:58.309] [0m[0;34mAPP     :INFO :@@@ gNumberOfUserinDTPCM = 2, pRangingData->no_of_measurements = 1,i=0
[2025-04-29 12:26:58.314] [0m[0;34mAPP     :INFO :Measure_NLOS = 0, Classification_NLOS =   0
[2025-04-29 12:26:58.317] [0m[0;34mAPP     :INFO :Conten_Distance_MasterAnchor_to_CA2F=37
[2025-04-29 12:26:58.320] [0m[0;34mAPP     :INFO :Current User ( ca2f ) status is : SystemStatus = 0 , DiscoverStatus = 5 , TransactionState = 4 , AuthenticationState = 9
[2025-04-29 12:26:58.323] [0m[0;34mAPP     :INFO :@@@ User Speed is :( ca2f ) , 3 ,(cm/s)
[2025-04-29 12:26:58.327] [0m[0;34mAPP     :INFO :@ b = 37, c = 48, x = 4, y = 27
[2025-04-29 12:26:58.329] [0m[0;34mAPP     :INFO :@ a = 100, d = 100, m = 250, Gate = 100
[2025-04-29 12:26:58.332] [0m[0;34mAPP     :INFO :################################### into red area...##################################################
[2025-04-29 12:26:58.335] [0m[0;34mAPP     :INFO :Only 1 valid card detected, started transaction
[2025-04-29 12:26:58.337] [0m[0;34mAPP     :INFO :┌──────────────────────────────────────────────────────────────┐
[2025-04-29 12:26:58.339] [0m[0;34mAPP     :INFO :│ @@@ Time of Write Card Start   = 04:12:125  │ CA2F │
[2025-04-29 12:26:58.342] [0m[0;34mAPP     :INFO :└──────────────────────────────────────────────────────────────┘
[2025-04-29 12:26:58.345] [0m[0;34mAPP     :INFO :szt_setFlag( ) szt_setFlag 0
[2025-04-29 12:26:58.349] [0m[0;34mAPP     :INFO :DCS=9d
[2025-04-29 12:26:58.351] [0m[0;34mAPP     :INFO :@@@ Sendbuf Data:   :0000FF31 0206FFFF FFFFFF05 FFFFFFFF FF69C100 0A3A006F 368408A0 00000632 010105A5 269F0802 00309F0C 1E022158 40FFFFFF FF020103 10487049 41202641 65202310 31205310 31000000 00000090 00200002 215840FF FFFFFF02 01031048 70494120 26416520 23103120 53103100 0090003E 00000001 56580058 40000101 00000000 00000000 00000000 00000000 00000000 00000000 00000000 00000000 00000000 00000000 00000000 00000000 00900012 00000014 69000186 A0000000 00000000 00900082 0027017D 01010000 00000000 00000002 03440344 10019101 00000000 10019101 00000000 00000000 00000001 00000000 00000065 00004131 99000115 00004131 99000115 20250417 14343820 25041714 38190000 00000101 00000000 00001672 00000000 00000000 00000000 00000000 00000000 00000000 00000000 00000000 00900019 0018B400 0000
[2025-04-29 12:26:58.358] [0m[0;34mAPP     :INFO :common_start_quick_timer enter: timeout: 200 ms
[2025-04-29 12:26:58.360] [0m[0;32mTMLUWB  :RX < :RECV                :02001700 02000002 00BBBB00 00000000 00A90006 000505CA 2F2F00
[2025-04-29 12:26:58.364] [0m
[2025-04-29 12:26:58.366] [0;34mAPP     :INFO :gMrmSessionHandle!!!
[2025-04-29 12:26:58.368] [0m[0;34mAPP     :INFO :Conten_Distance_SlaveAnchor[BBBB]_to_CA2F=47
[2025-04-29 12:26:58.371] [0m{"@POSITION": 1, "Master": 37, "Slave": 47, "Gate": 100, "nLos": 0, "idx": 0, "LiftDeep": 71, "RedAreaH": 0, "BlueAreaH": 250, "Speed":3, "User-X":4, "User-Y":27, "User-Z":0,"Auth":9, "Trans":4}
[2025-04-29 12:26:58.541] [0;32mTMLUWB  :RX < :RECV                :62000048 C0030000 01000000 00FA0000 00010000 05000001 00000000 01CA2F00 00290000 00640000 64000000 00000003 8D000000 00000000 00000000 0E000000 00010300 01030000 00000000
[2025-04-29 12:26:58.549] [0m[0;34mAPP     :INFO :@@@ updateKeepAlive( ): User[1] Keep alive for CA2F = 239
[2025-04-29 12:26:58.554] [0m[0;34mAPP     :INFO :gCapSessionHandle!!!.
[2025-04-29 12:26:58.556] [0m[0;34mAPP     :INFO :@@@ gNumberOfUserinDTPCM = 2, pRangingData->no_of_measurements = 1,i=0
[2025-04-29 12:26:58.560] [0m[0;34mAPP     :INFO :Measure_NLOS = 0, Classification_NLOS =   0
[2025-04-29 12:26:58.563] [0m[0;34mAPP     :INFO :Conten_Distance_MasterAnchor_to_CA2F=41
[2025-04-29 12:26:58.567] [0m[0;34mAPP     :INFO :Current User ( ca2f ) status is : SystemStatus = 1 , DiscoverStatus = 5 , TransactionState = 4 , AuthenticationState = 9
[2025-04-29 12:26:58.570] [0m[0;34mAPP     :INFO :@@@ User Speed is :( ca2f ) , 4 ,(cm/s)
[2025-04-29 12:26:58.572] [0m[0;34mAPP     :INFO :@ b = 41, c = 47, x = 2, y = 24
[2025-04-29 12:26:58.576] [0m[0;34mAPP     :INFO :@ a = 100, d = 100, m = 250, Gate = 100
[2025-04-29 12:26:58.579] [0m[0;34mAPP     :INFO :################################### into red area...##################################################
[2025-04-29 12:26:58.582] [0m[0;34mAPP     :INFO :System already busy (SystemStatus = 1) or not in triangle field , waiting transaction
[2025-04-29 12:26:58.585] [0m[0;34mAPP     :INFO :No User to r or w | SystemStatus = 1
[2025-04-29 12:26:58.587] [0m
[2025-04-29 12:26:58.588] [0;32mTMLUWB  :RX < :RECV                :02001700 02000002 00BBBB00 00000000 00AA0006 000505CA 2F2E00
[2025-04-29 12:26:58.591] [0m[0;34mAPP     :INFO :gMrmSessionHandle!!!
[2025-04-29 12:26:58.593] [0m[0;34mAPP     :INFO :Conten_Distance_SlaveAnchor[BBBB]_to_CA2F=46
[2025-04-29 12:26:58.597] [0m{"@POSITION": 1, "Master": 41, "Slave": 46, "Gate": 100, "nLos": 0, "idx": 0, "LiftDeep": 70, "RedAreaH": 0, "BlueAreaH": 250, "Speed":4, "User-X":2, "User-Y":24, "User-Z":0,"Auth":9, "Trans":4}
[2025-04-29 12:26:58.801] [0;32mTMLUWB  :RX < :RECV                :62000048 C1030000 01000000 00FA0000 00010000 05000001 00000000 01CA2F00 00240000 00640000 64000000 00000003 8D000000 00000000 00000000 0E000000 00010300 01030000 00000000
[2025-04-29 12:26:58.808] [0m[0;34mAPP     :INFO :@@@ updateKeepAlive( ): User[1] Keep alive for CA2F = 239
[2025-04-29 12:26:58.814] [0m[0;34mAPP     :INFO :gCapSessionHandle!!!.
[2025-04-29 12:26:58.819] [0m[0;34mAPP     :INFO :@@@ gNumberOfUserinDTPCM = 2, pRangingData->no_of_measurements = 1,i=0
[2025-04-29 12:26:58.822] [0m[0;34mAPP     :INFO :Measure_NLOS = 0, Classification_NLOS =   0
[2025-04-29 12:26:58.825] [0m[0;34mAPP     :INFO :Conten_Distance_MasterAnchor_to_CA2F=36
[2025-04-29 12:26:58.830] [0m[0;34mAPP     :INFO :Current User ( ca2f ) status is : SystemStatus = 1 , DiscoverStatus = 5 , TransactionState = 4 , AuthenticationState = 9
[2025-04-29 12:26:58.834] [0m[0;34mAPP     :INFO :@@@ User Speed is :( ca2f ) , 1 ,(cm/s)
[2025-04-29 12:26:58.837] [0m[0;34mAPP     :INFO :@ b = 36, c = 46, x = 4, y = 28
[2025-04-29 12:26:58.840] [0m[0;34mAPP     :INFO :@ a = 100, d = 100, m = 250, Gate = 100
[2025-04-29 12:26:58.843] [0m[0;34mAPP     :INFO :################################### into red area...##################################################
[2025-04-29 12:26:58.848] [0m[0;34mAPP     :INFO :System already busy (SystemStatus = 1) or not in triangle field , waiting transaction
[2025-04-29 12:26:58.852] [0m[0;34mAPP     :INFO :No User to r or w | SystemStatus = 1
[2025-04-29 12:26:58.855] [0m
[2025-04-29 12:26:58.857] [0;32mTMLUWB  :RX < :RECV                :02001700 02000002 00BBBB00 00000000 00AB0006 000505CA 2F2F00
[2025-04-29 12:26:58.863] [0m[0;34mAPP     :INFO :gMrmSessionHandle!!!
[2025-04-29 12:26:58.866] [0m[0;34mAPP     :INFO :Conten_Distance_SlaveAnchor[BBBB]_to_CA2F=47
[2025-04-29 12:26:58.869] [0m{"@POSITION": 1, "Master": 36, "Slave": 47, "Gate": 100, "nLos": 0, "idx": 0, "LiftDeep": 70, "RedAreaH": 0, "BlueAreaH": 250, "Speed":1, "User-X":4, "User-Y":28, "User-Z":0,"Auth":9, "Trans":4}
[2025-04-29 12:26:59.041] [0;32mTMLUWB  :RX < :RECV                :62000048 C2030000 01000000 00FA0000 00010000 05000001 00000000 01CA2F00 00280000 00640000 64000000 00000003 8E000000 00000000 00000000 0E000000 00010300 01030000 00000000
[2025-04-29 12:26:59.048] [0m[0;34mAPP     :INFO :@@@ updateKeepAlive( ): User[1] Keep alive for CA2F = 239
[2025-04-29 12:26:59.052] [0m[0;34mAPP     :INFO :gCapSessionHandle!!!.
[2025-04-29 12:26:59.055] [0m[0;34mAPP     :INFO :@@@ gNumberOfUserinDTPCM = 2, pRangingData->no_of_measurements = 1,i=0
[2025-04-29 12:26:59.058] [0m[0;34mAPP     :INFO :Measure_NLOS = 0, Classification_NLOS =   0
[2025-04-29 12:26:59.060] [0m[0;34mAPP     :INFO :Conten_Distance_MasterAnchor_to_CA2F=40
[2025-04-29 12:26:59.066] [0m[0;34mAPP     :INFO :Current User ( ca2f ) status is : SystemStatus = 1 , DiscoverStatus = 5 , TransactionState = 4 , AuthenticationState = 9
[2025-04-29 12:26:59.069] [0m[0;34mAPP     :INFO :@@@ User Speed is :( ca2f ) , 3 ,(cm/s)
[2025-04-29 12:26:59.071] [0m[0;34mAPP     :INFO :@ b = 40, c = 47, x = 3, y = 24
[2025-04-29 12:26:59.074] [0m[0;34mAPP     :INFO :@ a = 100, d = 100, m = 250, Gate = 100
[2025-04-29 12:26:59.078] [0m[0;34mAPP     :INFO :################################### into red area...##################################################
[2025-04-29 12:26:59.083] [0m[0;34mAPP     :INFO :System already busy (SystemStatus = 1) or not in triangle field , waiting transaction
[2025-04-29 12:26:59.086] [0m[0;34mAPP     :INFO :No User to r or w | SystemStatus = 1
[2025-04-29 12:26:59.090] [0m
[2025-04-29 12:26:59.092] [0;32mTMLUWB  :RX < :RECV                :02001700 02000002 00BBBB00 00000000 00AC0006 000505CA 2F2F00
[2025-04-29 12:26:59.101] [0m[0;34mAPP     :INFO :gMrmSessionHandle!!!
[2025-04-29 12:26:59.139] [0m[0;34mAPP     :INFO :Conten_Distance_SlaveAnchor[BBBB]_to_CA2F=47
[2025-04-29 12:26:59.153] [0m{"@POSITION": 1, "Master": 40, "Slave": 47, "Gate": 100, "nLos": 0, "idx": 0, "LiftDeep": 71, "RedAreaH": 0, "BlueAreaH": 250, "Speed":3, "User-X":3, "User-Y":24, "User-Z":0,"Auth":9, "Trans":4}
[2025-04-29 12:26:59.301] [0;32mTMLUWB  :RX < :RECV                :62000048 C3030000 01000000 00FA0000 00010000 05000001 00000000 01CA2F00 00230000 00640000 64000000 00000003 8F000000 00000000 00000000 0E000000 00010300 01030000 00000000
[2025-04-29 12:26:59.303] [0m[0;34mAPP     :INFO :@@@ updateKeepAlive( ): User[1] Keep alive for CA2F = 239
[2025-04-29 12:26:59.307] [0m[0;34mAPP     :INFO :gCapSessionHandle!!!.
[2025-04-29 12:26:59.310] [0m[0;34mAPP     :INFO :@@@ gNumberOfUserinDTPCM = 2, pRangingData->no_of_measurements = 1,i=0
[2025-04-29 12:26:59.313] [0m[0;34mAPP     :INFO :Measure_NLOS = 0, Classification_NLOS =   0
[2025-04-29 12:26:59.316] [0m[0;34mAPP     :INFO :Conten_Distance_MasterAnchor_to_CA2F=35
[2025-04-29 12:26:59.319] [0m[0;34mAPP     :INFO :Current User ( ca2f ) status is : SystemStatus = 1 , DiscoverStatus = 5 , TransactionState = 4 , AuthenticationState = 9
[2025-04-29 12:26:59.322] [0m[0;34mAPP     :INFO :@@@ User Speed is :( ca2f ) , 5 ,(cm/s)
[2025-04-29 12:26:59.325] [0m[0;34mAPP     :INFO :@ b = 35, c = 47, x = 4, y = 29
[2025-04-29 12:26:59.329] [0m[0;34mAPP     :INFO :@ a = 100, d = 100, m = 250, Gate = 100
[2025-04-29 12:26:59.333] [0m[0;34mAPP     :INFO :################################### into red area...##################################################
[2025-04-29 12:26:59.336] [0m[0;34mAPP     :INFO :System already busy (SystemStatus = 1) or not in triangle field , waiting transaction
[2025-04-29 12:26:59.339] [0m[0;34mAPP     :INFO :No User to r or w | SystemStatus = 1
[2025-04-29 12:26:59.342] [0m
[2025-04-29 12:26:59.345] [0;32mTMLUWB  :RX < :RECV                :02001700 02000002 00BBBB00 00000000 00AD0006 000505CA 2F2E00
[2025-04-29 12:26:59.350] [0m[0;34mAPP     :INFO :gMrmSessionHandle!!!
[2025-04-29 12:26:59.354] [0m[0;34mAPP     :INFO :Conten_Distance_SlaveAnchor[BBBB]_to_CA2F=46
[2025-04-29 12:26:59.357] [0m{"@POSITION": 1, "Master": 35, "Slave": 46, "Gate": 100, "nLos": 0, "idx": 0[0;31mAPP     :ERROR:@@@ reader_timer_callback( ): Don't Receive Reader data!!! Restart Reader process.
[2025-04-29 12:26:59.361] [0m[0;34mAPP     :INFO :┌──────────────────────────────────────────────────────────────┐
[2025-04-29 12:26:59.365] [0m[0;34mAPP     :INFO :│ @@@ Time of Reader CB          = 04:13:165  │ CA2F │
[2025-04-29 12:26:59.368] [0m[0;34mAPP     :INFO :└──────────────────────────────────────────────────────────────┘
[2025-04-29 12:26:59.372] [0m[0;34mAPP     :INFO :Previous Transaction State of CA2F was: 4
[2025-04-29 12:26:59.375] [0m[0;34mAPP     :INFO :New Transaction State of CA2F is: 4
[2025-04-29 12:26:59.380] [0m, "LiftDeep": 71, "RedAreaH": 0, "BlueAreaH": 250, "Speed":5, "User-X":4, "User-Y":29, "User-Z":0,"Auth":9, "Trans":4}
[2025-04-29 12:26:59.541] [0;32mTMLUWB  :RX < :RECV                :62000048 C4030000 01000000 00FA0000 00010000 05000001 00000000 01CA2F00 00260000 00640000 64000000 00000003 8E000000 00000000 00000000 0E000000 00010300 01030000 00000000
[2025-04-29 12:26:59.545] [0m[0;34mAPP     :INFO :@@@ updateKeepAlive( ): User[1] Keep alive for CA2F = 239
[2025-04-29 12:26:59.548] [0m[0;34mAPP     :INFO :gCapSessionHandle!!!.
[2025-04-29 12:26:59.552] [0m[0;34mAPP     :INFO :@@@ gNumberOfUserinDTPCM = 2, pRangingData->no_of_measurements = 1,i=0
[2025-04-29 12:26:59.559] [0m[0;34mAPP     :INFO :Measure_NLOS = 0, Classification_NLOS =   0
[2025-04-29 12:26:59.565] [0m[0;34mAPP     :INFO :Conten_Distance_MasterAnchor_to_CA2F=38
[2025-04-29 12:26:59.570] [0m[0;34mAPP     :INFO :Current User ( ca2f ) status is : SystemStatus = 0 , DiscoverStatus = 5 , TransactionState = 4 , AuthenticationState = 9
[2025-04-29 12:26:59.576] [0m[0;34mAPP     :INFO :@@@ User Speed is :( ca2f ) , 1 ,(cm/s)
[2025-04-29 12:26:59.581] [0m[0;34mAPP     :INFO :@ b = 38, c = 46, x = 3, y = 27
[2025-04-29 12:26:59.585] [0m[0;34mAPP     :INFO :@ a = 100, d = 100, m = 250, Gate = 100
[2025-04-29 12:26:59.589] [0m[0;34mAPP     :INFO :################################### into red area...##################################################
[2025-04-29 12:26:59.594] [0m[0;34mAPP     :INFO :Only 1 valid card detected, started transaction
[2025-04-29 12:26:59.598] [0m[0;33mAPP     :WARN : Write Card Time < 2s. Return.
[2025-04-29 12:26:59.601] [0m
[2025-04-29 12:26:59.606] [0;32mTMLUWB  :RX < :RECV                :02001700 02000002 00BBBB00 00000000 00AE0006 000505CA 2F2F00
[2025-04-29 12:26:59.610] [0m[0;34mAPP     :INFO :gMrmSessionHandle!!!
[2025-04-29 12:26:59.614] [0m[0;34mAPP     :INFO :Conten_Distance_SlaveAnchor[BBBB]_to_CA2F=47
[2025-04-29 12:26:59.619] [0m{"@POSITION": 1, "Master": 38, "Slave": 47, "Gate": 100, "nLos": 0, "idx": 0, "LiftDeep": 71, "RedAreaH": 0, "BlueAreaH": 250, "Speed":1, "User-X":3, "User-Y":27, "User-Z":0,"Auth":9, "Trans":4}
[2025-04-29 12:26:59.801] [0;32mTMLUWB  :RX < :RECV                :62000048 C5030000 01000000 00FA0000 00010000 05000001 00000000 01CA2F00 00270000 00640000 64000000 00000003 8E000000 00000000 00000000 0E000000 00010300 01030000 00000000
[2025-04-29 12:26:59.805] [0m[0;34mAPP     :INFO :@@@ updateKeepAlive( ): User[1] Keep alive for CA2F = 239
[2025-04-29 12:26:59.812] [0m[0;34mAPP     :INFO :gCapSessionHandle!!!.
[2025-04-29 12:26:59.815] [0m[0;34mAPP     :INFO :@@@ gNumberOfUserinDTPCM = 2, pRangingData->no_of_measurements = 1,i=0
[2025-04-29 12:26:59.820] [0m[0;34mAPP     :INFO :Measure_NLOS = 0, Classification_NLOS =   0
[2025-04-29 12:26:59.824] [0m[0;34mAPP     :INFO :Conten_Distance_MasterAnchor_to_CA2F=39
[2025-04-29 12:26:59.828] [0m[0;34mAPP     :INFO :Current User ( ca2f ) status is : SystemStatus = 0 , DiscoverStatus = 5 , TransactionState = 4 , AuthenticationState = 9
[2025-04-29 12:26:59.832] [0m[0;34mAPP     :INFO :@@@ User Speed is :( ca2f ) , 2 ,(cm/s)
[2025-04-29 12:26:59.835] [0m[0;34mAPP     :INFO :@ b = 39, c = 47, x = 3, y = 26
[2025-04-29 12:26:59.839] [0m[0;34mAPP     :INFO :@ a = 100, d = 100, m = 250, Gate = 100
[2025-04-29 12:26:59.841] [0m[0;34mAPP     :INFO :################################### into red area...##################################################
[2025-04-29 12:26:59.844] [0m[0;34mAPP     :INFO :Only 1 valid card detected, started transaction
[2025-04-29 12:26:59.848] [0m[0;33mAPP     :WARN : Write Card Time < 2s. Return.
[2025-04-29 12:26:59.850] [0m
[2025-04-29 12:26:59.853] [0;32mTMLUWB  :RX < :RECV                :02001700 02000002 00BBBB00 00000000 00AF0006 000505CA 2F2D00
[2025-04-29 12:26:59.857] [0m[0;34mAPP     :INFO :gMrmSessionHandle!!!
[2025-04-29 12:26:59.860] [0m[0;34mAPP     :INFO :Conten_Distance_SlaveAnchor[BBBB]_to_CA2F=45
[2025-04-29 12:26:59.863] [0m{"@POSITION": 1, "Master": 39, "Slave": 45, "Gate": 100, "nLos": 0, "idx": 0, "LiftDeep": 71, "RedAreaH": 0, "BlueAreaH": 250, "Speed":2, "User-X":3, "User-Y":26, "User-Z":0,"Auth":9, "Trans":4}
[2025-04-29 12:27:00.049] [0;32mTMLUWB  :RX < :RECV                :62000048 C6030000 01000000 00FA0000 00010000 05000001 00000000 01CA2F00 00260000 00640000 64000000 00000003 8C000000 00000000 00000000 0E000000 00010300 01030000 00000000
[2025-04-29 12:27:00.056] [0m[0;34mAPP     :INFO :@@@ updateKeepAlive( ): User[1] Keep alive for CA2F = 239
[2025-04-29 12:27:00.059] [0m[0;34mAPP     :INFO :gCapSessionHandle!!!.
[2025-04-29 12:27:00.062] [0m[0;34mAPP     :INFO :@@@ gNumberOfUserinDTPCM = 2, pRangingData->no_of_measurements = 1,i=0
[2025-04-29 12:27:00.066] [0m[0;34mAPP     :INFO :Measure_NLOS = 0, Classification_NLOS =   0
[2025-04-29 12:27:00.067] [0m[0;34mAPP     :INFO :Conten_Distance_MasterAnchor_to_CA2F=38
[2025-04-29 12:27:00.070] [0m[0;34mAPP     :INFO :Current User ( ca2f ) status is : SystemStatus = 0 , DiscoverStatus = 5 , TransactionState = 4 , AuthenticationState = 9
[2025-04-29 12:27:00.074] [0m[0;34mAPP     :INFO :@@@ User Speed is :( ca2f ) , 2 ,(cm/s)
[2025-04-29 12:27:00.077] [0m[0;34mAPP     :INFO :@ b = 38, c = 45, x = 2, y = 29
[2025-04-29 12:27:00.080] [0m[0;34mAPP     :INFO :@ a = 100, d = 100, m = 250, Gate = 100
[2025-04-29 12:27:00.083] [0m[0;34mAPP     :INFO :################################### into red area...##################################################
[2025-04-29 12:27:00.086] [0m[0;34mAPP     :INFO :Only 1 valid card detected, started transaction
[2025-04-29 12:27:00.090] [0m[0;33mAPP     :WARN : Write Card Time < 2s. Return.
[2025-04-29 12:27:00.092] [0m
[2025-04-29 12:27:00.096] [0;32mTMLUWB  :RX < :RECV                :02001700 02000002 00BBBB00 00000000 00B00006 000505CA 2F2E00
[2025-04-29 12:27:00.099] [0m[0;34mAPP     :INFO :gMrmSessionHandle!!!
[2025-04-29 12:27:00.101] [0m[0;34mAPP     :INFO :Conten_Distance_SlaveAnchor[BBBB]_to_CA2F=46
[2025-04-29 12:27:00.104] [0m{"@POSITION": 1, "Master": 38, "Slave": 46, "Gate": 100, "nLos": 0, "idx": 0, "LiftDeep": 70, "RedAreaH": 0, "BlueAreaH": 250, "Speed":2, "User-X":2, "User-Y":29, "User-Z":0,"Auth":9, "Trans":4}
[2025-04-29 12:27:00.294] [0;32mTMLUWB  :RX < :RECV                :62000048 C7030000 01000000 00FA0000 00010000 05000001 00000000 01CA2F00 00270000 00640000 64000000 00000003 8E000000 00000000 00000000 0E000000 00010300 01030000 00000000
[2025-04-29 12:27:00.299] [0m[0;34mAPP     :INFO :@@@ updateKeepAlive( ): User[1] Keep alive for CA2F = 239
[2025-04-29 12:27:00.302] [0m[0;34mAPP     :INFO :gCapSessionHandle!!!.
[2025-04-29 12:27:00.304] [0m[0;34mAPP     :INFO :@@@ gNumberOfUserinDTPCM = 2, pRangingData->no_of_measurements = 1,i=0
[2025-04-29 12:27:00.307] [0m[0;34mAPP     :INFO :Measure_NLOS = 0, Classification_NLOS =   0
[2025-04-29 12:27:00.310] [0m[0;34mAPP     :INFO :Conten_Distance_MasterAnchor_to_CA2F=39
[2025-04-29 12:27:00.312] [0m[0;34mAPP     :INFO :Current User ( ca2f ) status is : SystemStatus = 0 , DiscoverStatus = 5 , TransactionState = 4 , AuthenticationState = 9
[2025-04-29 12:27:00.316] [0m[0;34mAPP     :INFO :@@@ User Speed is :( ca2f ) , 1 ,(cm/s)
[2025-04-29 12:27:00.320] [0m[0;34mAPP     :INFO :@ b = 39, c = 46, x = 2, y = 27
[2025-04-29 12:27:00.323] [0m[0;34mAPP     :INFO :@ a = 100, d = 100, m = 250, Gate = 100
[2025-04-29 12:27:00.326] [0m[0;34mAPP     :INFO :################################### into red area...##################################################
[2025-04-29 12:27:00.328] [0m[0;34mAPP     :INFO :Only 1 valid card detected, started transaction
[2025-04-29 12:27:00.331] [0m[0;33mAPP     :WARN : Write Card Time < 2s. Return.
[2025-04-29 12:27:00.334] [0m
[2025-04-29 12:27:00.338] [0;32mTMLUWB  :RX < :RECV                :02001700 02000002 00BBBB00 00000000 00B10006 000505CA 2F2E00
[2025-04-29 12:27:00.341] [0m[0;34mAPP     :INFO :gMrmSessionHandle!!!
[2025-04-29 12:27:00.344] [0m[0;34mAPP     :INFO :Conten_Distance_SlaveAnchor[BBBB]_to_CA2F=46
[2025-04-29 12:27:00.347] [0m{"@POSITION": 1, "Master": 39, "Slave": 46, "Gate": 100, "nLos": 0, "idx": 0, "LiftDeep": 71, "RedAreaH": 0, "BlueAreaH": 250, "Speed":1, "User-X":2, "User-Y":27, "User-Z":0,"Auth":9, "Trans":4}
[2025-04-29 12:27:00.555] [0;32mTMLUWB  :RX < :RECV                :62000048 C8030000 01000000 00FA0000 00010000 05000001 00000000 01CA2F00 00270000 00640000 64000000 00000003 8D000000 00000000 00000000 0E000000 00010300 01030000 00000000
[2025-04-29 12:27:00.559] [0m[0;34mAPP     :INFO :@@@ updateKeepAlive( ): User[1] Keep alive for CA2F = 239
[2025-04-29 12:27:00.562] [0m[0;34mAPP     :INFO :gCapSessionHandle!!!.
[2025-04-29 12:27:00.566] [0m[0;34mAPP     :INFO :@@@ gNumberOfUserinDTPCM = 2, pRangingData->no_of_measurements = 1,i=0
[2025-04-29 12:27:00.568] [0m[0;34mAPP     :INFO :Measure_NLOS = 0, Classification_NLOS =   0
[2025-04-29 12:27:00.572] [0m[0;34mAPP     :INFO :Conten_Distance_MasterAnchor_to_CA2F=39
[2025-04-29 12:27:00.575] [0m[0;34mAPP     :INFO :Current User ( ca2f ) status is : SystemStatus = 0 , DiscoverStatus = 5 , TransactionState = 4 , AuthenticationState = 9
[2025-04-29 12:27:00.581] [0m[0;34mAPP     :INFO :@@@ User Speed is :( ca2f ) , 1 ,(cm/s)
[2025-04-29 12:27:00.584] [0m[0;34mAPP     :INFO :@ b = 39, c = 46, x = 2, y = 27
[2025-04-29 12:27:00.586] [0m[0;34mAPP     :INFO :@ a = 100, d = 100, m = 250, Gate = 100
[2025-04-29 12:27:00.589] [0m[0;34mAPP     :INFO :################################### into red area...##################################################
[2025-04-29 12:27:00.593] [0m[0;34mAPP     :INFO :Only 1 valid card detected, started transaction
[2025-04-29 12:27:00.596] [0m[0;34mAPP     :INFO :┌──────────────────────────────────────────────────────────────┐
[2025-04-29 12:27:00.599] [0m[0;34mAPP     :INFO :│ @@@ Time of Write Card Start   = 04:14:375  │ CA2F │
[2025-04-29 12:27:00.602] [0m[0;34mAPP     :INFO :└──────────────────────────────────────────────────────────────┘
[2025-04-29 12:27:00.606] [0m[0;34mAPP     :INFO :szt_setFlag( ) szt_setFlag 0
[2025-04-29 12:27:00.609] [0m[0;34mAPP     :INFO :DCS=9e
[2025-04-29 12:27:00.611] [0m[0;34mAPP     :INFO :@@@ Sendbuf Data:   :0000FF31 0206FFFF FFFFFF05 FFFFFFFF FF6AC100 0A3A006F 368408A0 00000632 010105A5 269F0802 00309F0C 1E022158 40FFFFFF FF020103 10487049 41202641 65202310 31205310 31000000 00000090 00200002 215840FF FFFFFF02 01031048 70494120 26416520 23103120 53103100 0090003E 00000001 56580058 40000101 00000000 00000000 00000000 00000000 00000000 00000000 00000000 00000000 00000000 00000000 00000000 00000000 00900012 00000014 69000186 A0000000 00000000 00900082 0027017D 01010000 00000000 00000002 03440344 10019101 00000000 10019101 00000000 00000000 00000001 00000000 00000065 00004131 99000115 00004131 99000115 20250417 14343820 25041714 38190000 00000101 00000000 00001672 00000000 00000000 00000000 00000000 00000000 00000000 00000000 00000000 00900019 0018B400 0000
[2025-04-29 12:27:00.618] [0m[0;34mAPP     :INFO :common_start_quick_timer enter: timeout: 200 ms
[2025-04-29 12:27:00.622] [0m[0;32mTMLUWB  :RX < :RECV                :02001700 02000002 00BBBB00 00000000 00B20006 000505CA 2F2D00
[2025-04-29 12:27:00.625] [0m
[2025-04-29 12:27:00.629] [0;34mAPP     :INFO :gMrmSessionHandle!!!
[2025-04-29 12:27:00.632] [0m[0;34mAPP     :INFO :Conten_Distance_SlaveAnchor[BBBB]_to_CA2F=45
[2025-04-29 12:27:00.635] [0m{"@POSITION": 1, "Master": 39, "Slave": 45, "Gate": 100, "nLos": 0, "idx": 0, "LiftDeep": 70, "RedAreaH": 0, "BlueAreaH": 250, "Speed":1, "User-X":2, "User-Y":27, "User-Z":0,"Auth":9, "Trans":4}
[2025-04-29 12:27:00.782] [0;32mTMLUWB  :RX < :RECV                :62000048 C9030000 01000000 00FA0000 00010000 05000001 00000000 01CA2F00 00230000 00640000 64000000 00000003 8C000000 00000000 00000000 0E000000 00010300 01030000 00000000
[2025-04-29 12:27:00.787] [0m[0;34mAPP     :INFO :@@@ updateKeepAlive( ): User[1] Keep alive for CA2F = 239
[2025-04-29 12:27:00.790] [0m[0;34mAPP     :INFO :gCapSessionHandle!!!.
[2025-04-29 12:27:00.792] [0m[0;34mAPP     :INFO :@@@ gNumberOfUserinDTPCM = 2, pRangingData->no_of_measurements = 1,i=0
[2025-04-29 12:27:00.796] [0m[0;34mAPP     :INFO :Measure_NLOS = 0, Classification_NLOS =   0
[2025-04-29 12:27:00.799] [0m[0;34mAPP     :INFO :Conten_Distance_MasterAnchor_to_CA2F=35
[2025-04-29 12:27:00.802] [0m[0;34mAPP     :INFO :Current User ( ca2f ) status is : SystemStatus = 1 , DiscoverStatus = 5 , TransactionState = 4 , AuthenticationState = 9
[2025-04-29 12:27:00.805] [0m[0;34mAPP     :INFO :@@@ User Speed is :( ca2f ) , 2 ,(cm/s)
[2025-04-29 12:27:00.809] [0m[0;34mAPP     :INFO :@ b = 35, c = 45, x = 4, y = 29
[2025-04-29 12:27:00.812] [0m[0;34mAPP     :INFO :@ a = 100, d = 100, m = 250, Gate = 100
[2025-04-29 12:27:00.815] [0m[0;34mAPP     :INFO :################################### into red area...##################################################
[2025-04-29 12:27:00.817] [0m[0;34mAPP     :INFO :System already busy (SystemStatus = 1) or not in triangle field , waiting transaction
[2025-04-29 12:27:00.820] [0m[0;34mAPP     :INFO :No User to r or w | SystemStatus = 1
[2025-04-29 12:27:00.823] [0m
[2025-04-29 12:27:00.826] [0;32mTMLUWB  :RX < :RECV                :02001700 02000002 00BBBB00 00000000 00B30006 000505CA 2F2E00
[2025-04-29 12:27:00.828] [0m[0;34mAPP     :INFO :gMrmSessionHandle!!!
[2025-04-29 12:27:00.831] [0m[0;34mAPP     :INFO :Conten_Distance_SlaveAnchor[BBBB]_to_CA2F=46
[2025-04-29 12:27:00.833] [0m{"@POSITION": 1, "Master": 35, "Slave": 46, "Gate": 100, "nLos": 0, "idx": 0, "LiftDeep": 70, "RedAreaH": 0, "BlueAreaH": 250, "Speed":2, "User-X":4, "User-Y":29, "User-Z":0,"Auth":9, "Trans":4}
[2025-04-29 12:27:01.045] [0;32mTMLUWB  :RX < :RECV                :62000048 CA030000 01000000 00FA0000 00010000 05000001 00000000 01CA2F00 00230000 00640000 64000000 00000003 8D000000 00000000 00000000 0E000000 00010300 01030000 00000000
[2025-04-29 12:27:01.051] [0m[0;34mAPP     :INFO :@@@ updateKeepAlive( ): User[1] Keep alive for CA2F = 239
[2025-04-29 12:27:01.054] [0m[0;34mAPP     :INFO :gCapSessionHandle!!!.
[2025-04-29 12:27:01.058] [0m[0;34mAPP     :INFO :@@@ gNumberOfUserinDTPCM = 2, pRangingData->no_of_measurements = 1,i=0
[2025-04-29 12:27:01.061] [0m[0;34mAPP     :INFO :Measure_NLOS = 0, Classification_NLOS =   0
[2025-04-29 12:27:01.064] [0m[0;34mAPP     :INFO :Conten_Distance_MasterAnchor_to_CA2F=35
[2025-04-29 12:27:01.066] [0m[0;34mAPP     :INFO :Current User ( ca2f ) status is : SystemStatus = 1 , DiscoverStatus = 5 , TransactionState = 4 , AuthenticationState = 9
[2025-04-29 12:27:01.071] [0m[0;34mAPP     :INFO :@@@ User Speed is :( ca2f ) , 2 ,(cm/s)
[2025-04-29 12:27:01.075] [0m[0;34mAPP     :INFO :@ b = 35, c = 46, x = 4, y = 29
[2025-04-29 12:27:01.078] [0m[0;34mAPP     :INFO :@ a = 100, d = 100, m = 250, Gate = 100
[2025-04-29 12:27:01.081] [0m[0;34mAPP     :INFO :################################### into red area...##################################################
[2025-04-29 12:27:01.085] [0m[0;34mAPP     :INFO :System already busy (SystemStatus = 1) or not in triangle field , waiting transaction
[2025-04-29 12:27:01.089] [0m[0;34mAPP     :INFO :No User to r or w | SystemStatus = 1
[2025-04-29 12:27:01.093] [0m
[2025-04-29 12:27:01.095] [0;32mTMLUWB  :RX < :RECV                :02001700 02000002 00BBBB00 00000000 00B40006 000505CA 2F2E00
[2025-04-29 12:27:01.099] [0m[0;34mAPP     :INFO :gMrmSessionHandle!!!
[2025-04-29 12:27:01.101] [0m[0;34mAPP     :INFO :Conten_Distance_SlaveAnchor[BBBB]_to_CA2F=46
[2025-04-29 12:27:01.106] [0m{"@POSITION": 1, "Master": 35, "Slave": 46, "Gate": 100, "nLos": 0, "idx": 0, "LiftDeep": 70, "RedAreaH": 0, "BlueAreaH": 250, "Speed":2, "User-X":4, "User-Y":29, "User-Z":0,"Auth":9, "Trans":4}
