[2025-06-05 15:40:35.965] [0;32mTMLUWB  :RX < :RECV                :62000048 B90D0000 01000000 00FA0000 00010000 05000001 00000000 01FFF700 001E0000 00640000 64000000 00000003 7A000000 00000000 00000000 0E000000 00010300 01030000 00000000
[2025-06-05 15:40:35.966] [0m[0;34mAPP     :INFO :@@@ updateKeepAlive( ): User[1] FFF7 Keep alive = 79
[2025-06-05 15:40:35.966] [0m[0;34mAPP     :INFO :gCapSessionHandle!!!.
[2025-06-05 15:40:35.969] [0m[0;34mAPP     :INFO :@@@ gNumberOfUserinDTPCM = 2, pRangingData->no_of_measurements = 1,i=0
[2025-06-05 15:40:35.970] [0m[0;34mAPP     :INFO :Measure_NLOS = 0, Classification_NLOS =   0
[2025-06-05 15:40:35.971] [0mMaster_Distance_to_FFF7=30
[2025-06-05 15:40:35.971] [0;34mAPP     :INFO :Conten_Distance_MasterAnchor_to_FFF7=30
[2025-06-05 15:40:35.971] [0m[0;34mAPP     :INFO :Current User ( fff7 ) status is : SystemStatus = 0 , DiscoverStatus = 5 , TransactionState = 4 , AuthenticationState = 9
[2025-06-05 15:40:35.971] [0m[0;34mAPP     :INFO :@@@ User Speed is :( fff7 ) , 0 ,(cm/s)
[2025-06-05 15:40:35.971] [0m[0;34mAPP     :INFO :@ b = 30, c = 66, x = 17, y = 13
[2025-06-05 15:40:35.971] [0m[0;34mAPP     :INFO :@ a = 100, d = 100, m = 250, Gate = 100
[2025-06-05 15:40:35.971] [0m[0;34mAPP     :INFO :################################### into red area...##################################################
[2025-06-05 15:40:35.971] [0m[0;34mAPP     :INFO :Only 1 valid card detected, started transaction
[2025-06-05 15:40:35.971] [0m[0;33mAPP     :WARN : Write Card Time < 10s. Return.
[2025-06-05 15:40:35.971] [0m
[2025-06-05 15:40:35.971] [0;32mTMLUWB  :RX < :RECV                :02001700 02000002 00BBBB00 00000000 00B70006 000505FF F74100
[2025-06-05 15:40:35.971] [0m[0;34mAPP     :INFO :gMrmSessionHandle_Test!!!
[2025-06-05 15:40:35.971] [0mMaster_Distance_to_Slave=65
[2025-06-05 15:40:35.971] [0;34mAPP     :INFO :Conten_Distance_SlaveAnchor[BBBB]_to_FFF7=65
[2025-06-05 15:40:35.974] [0m{"@POSITION": 1, "Master": 30, "Slave": 65, "Gate": 100, "nLos": 0, "idx": 0, "LiftDeep": 61, "RedAreaH": 0, "BlueAreaH": 250, "Speed":0, "User-X":17, "User-Y":13, "User-Z":0,"Auth":9, "Trans":4}
[2025-06-05 15:40:36.210] [0;32mTMLUWB  :RX < :RECV                :62000048 BA0D0000 01000000 00FA0000 00010000 05000001 00000000 01FFF700 00200000 00640000 64000000 00000003 7B000000 00000000 00000000 0E000000 00010300 01030000 00000000
[2025-06-05 15:40:36.210] [0m[0;34mAPP     :INFO :@@@ updateKeepAlive( ): User[1] FFF7 Keep alive = 79
[2025-06-05 15:40:36.214] [0m[0;34mAPP     :INFO :gCapSessionHandle!!!.
[2025-06-05 15:40:36.214] [0m[0;34mAPP     :INFO :@@@ gNumberOfUserinDTPCM = 2, pRangingData->no_of_measurements = 1,i=0
[2025-06-05 15:40:36.214] [0m[0;34mAPP     :INFO :Measure_NLOS = 0, Classification_NLOS =   0
[2025-06-05 15:40:36.214] [0mMaster_Distance_to_FFF7=32
[2025-06-05 15:40:36.215] [0;34mAPP     :INFO :Conten_Distance_MasterAnchor_to_FFF7=32
[2025-06-05 15:40:36.215] [0m[0;34mAPP     :INFO :Current User ( fff7 ) status is : SystemStatus = 0 , DiscoverStatus = 5 , TransactionState = 4 , AuthenticationState = 9
[2025-06-05 15:40:36.215] [0m[0;34mAPP     :INFO :@@@ User Speed is :( fff7 ) , 5 ,(cm/s)
[2025-06-05 15:40:36.215] [0m[0;34mAPP     :INFO :@ b = 32, c = 65, x = 16, y = 11
[2025-06-05 15:40:36.215] [0m[0;34mAPP     :INFO :@ a = 100, d = 100, m = 250, Gate = 100
[2025-06-05 15:40:36.215] [0m[0;34mAPP     :INFO :################################### into red area...##################################################
[2025-06-05 15:40:36.215] [0m[0;34mAPP     :INFO :Only 1 valid card detected, started transaction
[2025-06-05 15:40:36.215] [0m[0;33mAPP     :WARN : Write Card Time < 10s. Return.
[2025-06-05 15:40:36.215] [0m
[2025-06-05 15:40:36.215] [0;32mTMLUWB  :RX < :RECV                :02001700 02000002 00BBBB00 00000000 00B80006 000505FF F74100
[2025-06-05 15:40:36.215] [0m[0;34mAPP     :INFO :gMrmSessionHandle_Test!!!
[2025-06-05 15:40:36.215] [0mMaster_Distance_to_Slave=65
[2025-06-05 15:40:36.215] [0;34mAPP     :INFO :Conten_Distance_SlaveAnchor[BBBB]_to_FFF7=65
[2025-06-05 15:40:36.215] [0m{"@POSITION": 1, "Master": 32, "Slave": 65, "Gate": 100, "nLos": 0, "idx": 0, "LiftDeep": 61, "RedAreaH": 0, "BlueAreaH": 250, "Speed":5, "User-X":16, "User-Y":11, "User-Z":0,"Auth":9, "Trans":4}
[2025-06-05 15:40:36.462] [0;32mTMLUWB  :RX < :RECV                :62000048 BB0D0000 01000000 00FA0000 00010000 05000001 00000000 01FFF700 001E0000 00640000 64000000 00000003 7B000000 00000000 00000000 0E000000 00010300 01030000 00000000
[2025-06-05 15:40:36.463] [0m[0;34mAPP     :INFO :@@@ updateKeepAlive( ): User[1] FFF7 Keep alive = 79
[2025-06-05 15:40:36.463] [0m[0;34mAPP     :INFO :gCapSessionHandle!!!.
[2025-06-05 15:40:36.463] [0m[0;34mAPP     :INFO :@@@ gNumberOfUserinDTPCM = 2, pRangingData->no_of_measurements = 1,i=0
[2025-06-05 15:40:36.463] [0m[0;34mAPP     :INFO :Measure_NLOS = 0, Classification_NLOS =   0
[2025-06-05 15:40:36.463] [0mMaster_Distance_to_FFF7=30
[2025-06-05 15:40:36.463] [0;34mAPP     :INFO :Conten_Distance_MasterAnchor_to_FFF7=30
[2025-06-05 15:40:36.463] [0m[0;34mAPP     :INFO :Current User ( fff7 ) status is : SystemStatus = 0 , DiscoverStatus = 5 , TransactionState = 4 , AuthenticationState = 9
[2025-06-05 15:40:36.463] [0m[0;34mAPP     :INFO :@@@ User Speed is :( fff7 ) , 2 ,(cm/s)
[2025-06-05 15:40:36.463] [0m[0;34mAPP     :INFO :@ b = 30, c = 65, x = 16, y = 16
[2025-06-05 15:40:36.463] [0m[0;34mAPP     :INFO :@ a = 100, d = 100, m = 250, Gate = 100
[2025-06-05 15:40:36.464] [0m[0;34mAPP     :INFO :################################### into red area...##################################################
[2025-06-05 15:40:36.464] [0m[0;34mAPP     :INFO :Only 1 valid card detected, started transaction
[2025-06-05 15:40:36.464] [0m[0;33mAPP     :WARN : Write Card Time < 10s. Return.
[2025-06-05 15:40:36.464] [0m
[2025-06-05 15:40:36.465] [0;32mTMLUWB  :RX < :RECV                :02001700 02000002 00BBBB00 00000000 00B90006 000505FF F73F00
[2025-06-05 15:40:36.465] [0m[0;34mAPP     :INFO :gMrmSessionHandle_Test!!!
[2025-06-05 15:40:36.465] [0mMaster_Distance_to_Slave=63
[2025-06-05 15:40:36.465] [0;34mAPP     :INFO :Conten_Distance_SlaveAnchor[BBBB]_to_FFF7=63
[2025-06-05 15:40:36.465] [0m{"@POSITION": 1, "Master": 30, "Slave": 63, "Gate": 100, "nLos": 0, "idx": 0, "LiftDeep": 61, "RedAreaH": 0, "BlueAreaH": 250, "Speed":2, "User-X":16, "User-Y":16, "User-Z":0,"Auth":9, "Trans":4}
[2025-06-05 15:40:36.716] [0;32mTMLUWB  :RX < :RECV                :62000048 BC0D0000 01000000 00FA0000 00010000 05000001 00000000 01FFF700 001F0000 00640000 64000000 00000003 79000000 00000000 00000000 0E000000 00010300 01030000 00000000
[2025-06-05 15:40:36.716] [0m[0;34mAPP     :INFO :@@@ updateKeepAlive( ): User[1] FFF7 Keep alive = 79
[2025-06-05 15:40:36.717] [0m[0;34mAPP     :INFO :gCapSessionHandle!!!.
[2025-06-05 15:40:36.717] [0m[0;34mAPP     :INFO :@@@ gNumberOfUserinDTPCM = 2, pRangingData->no_of_measurements = 1,i=0
[2025-06-05 15:40:36.717] [0m[0;34mAPP     :INFO :Measure_NLOS = 0, Classification_NLOS =   0
[2025-06-05 15:40:36.717] [0mMaster_Distance_to_FFF7=31
[2025-06-05 15:40:36.717] [0;34mAPP     :INFO :Conten_Distance_MasterAnchor_to_FFF7=31
[2025-06-05 15:40:36.717] [0m[0;34mAPP     :INFO :Current User ( fff7 ) status is : SystemStatus = 0 , DiscoverStatus = 5 , TransactionState = 4 , AuthenticationState = 9
[2025-06-05 15:40:36.717] [0m[0;34mAPP     :INFO :@@@ User Speed is :( fff7 ) , 3 ,(cm/s)
[2025-06-05 15:40:36.717] [0m[0;34mAPP     :INFO :@ b = 31, c = 63, x = 15, y = 16
[2025-06-05 15:40:36.718] [0m[0;34mAPP     :INFO :@ a = 100, d = 100, m = 250, Gate = 100
[2025-06-05 15:40:36.718] [0m[0;34mAPP     :INFO :################################### into red area...##################################################
[2025-06-05 15:40:36.718] [0m[0;34mAPP     :INFO :Only 1 valid card detected, started transaction
[2025-06-05 15:40:36.718] [0m[0;33mAPP     :WARN : Write Card Time < 10s. Return.
[2025-06-05 15:40:36.718] [0m
[2025-06-05 15:40:36.718] [0;32mTMLUWB  :RX < :RECV                :02001700 02000002 00BBBB00 00000000 00BA0006 000505FF F74200
[2025-06-05 15:40:36.719] [0m[0;34mAPP     :INFO :gMrmSessionHandle_Test!!!
[2025-06-05 15:40:36.719] [0mMaster_Distance_to_Slave=66
[2025-06-05 15:40:36.719] [0;34mAPP     :INFO :Conten_Distance_SlaveAnchor[BBBB]_to_FFF7=66
[2025-06-05 15:40:36.721] [0m{"@POSITION": 1, "Master": 31, "Slave": 66, "Gate": 100, "nLos": 0, "idx": 0, "LiftDeep": 60, "RedAreaH": 0, "BlueAreaH": 250, "Speed":3, "User-X":15, "User-Y":16, "User-Z":0,"Auth":9, "Trans":4}
[2025-06-05 15:40:37.021] [0;32mTMLUWB  :RX < :RECV                :62000048 BD0D0000 01000000 00FA0000 00010000 05000001 00000000 01FFF700 001F0000 00640000 64000000 00000003 7B000000 00000000 00000000 0E000000 00010300 01030000 00000000
[2025-06-05 15:40:37.022] [0m[0;34mAPP     :INFO :@@@ updateKeepAlive( ): User[1] FFF7 Keep alive = 79
[2025-06-05 15:40:37.022] [0m[0;34mAPP     :INFO :gCapSessionHandle!!!.
[2025-06-05 15:40:37.022] [0m[0;34mAPP     :INFO :@@@ gNumberOfUserinDTPCM = 2, pRangingData->no_of_measurements = 1,i=0
[2025-06-05 15:40:37.022] [0m[0;34mAPP     :INFO :Measure_NLOS = 0, Classification_NLOS =   0
[2025-06-05 15:40:37.022] [0mMaster_Distance_to_FFF7=31
[2025-06-05 15:40:37.022] [0;34mAPP     :INFO :Conten_Distance_MasterAnchor_to_FFF7=31
[2025-06-05 15:40:37.022] [0m[0;34mAPP     :INFO :Current User ( fff7 ) status is : SystemStatus = 0 , DiscoverStatus = 5 , TransactionState = 4 , AuthenticationState = 9
[2025-06-05 15:40:37.022] [0m[0;34mAPP     :INFO :@@@ User Speed is :( fff7 ) , 2 ,(cm/s)
[2025-06-05 15:40:37.023] [0m[0;34mAPP     :INFO :@ b = 31, c = 66, x = 16, y = 13
[2025-06-05 15:40:37.023] [0m[0;34mAPP     :INFO :@ a = 100, d = 100, m = 250, Gate = 100
[2025-06-05 15:40:37.023] [0m[0;34mAPP     :INFO :################################### into red area...##################################################
[2025-06-05 15:40:37.023] [0m[0;34mAPP     :INFO :Only 1 valid card detected, started transaction
[2025-06-05 15:40:37.023] [0m[0;33mAPP     :WARN : Write Card Time < 10s. Return.
[2025-06-05 15:40:37.023] [0m
[2025-06-05 15:40:37.023] [0;32mTMLUWB  :RX < :RECV                :02001700 02000002 00BBBB00 00000000 00BB0006 000505FF F73E00
[2025-06-05 15:40:37.023] [0m[0;34mAPP     :INFO :gMrmSessionHandle_Test!!!
[2025-06-05 15:40:37.023] [0mMaster_Distance_to_Slave=62
[2025-06-05 15:40:37.023] [0;34mAPP     :INFO :Conten_Distance_SlaveAnchor[BBBB]_to_FFF7=62
[2025-06-05 15:40:37.023] [0m{"@POSITION": 1, "Master": 31, "Slave": 62, "Gate": 100, "nLos": 0, "idx": 0, "LiftDeep": 61, "RedAreaH": 0, "BlueAreaH": 250, "Speed":2, "User-X":16, "User-Y":13, "User-Z":0,"Auth":9, "Trans":4}
[2025-06-05 15:40:37.235] [0;32mTMLUWB  :RX < :RECV                :62000048 BE0D0000 01000000 00FA0000 00010000 05000001 00000000 01FFF700 001F0000 00640000 64000000 00000003 79000000 00000000 00000000 0E000000 00010300 01030000 00000000
[2025-06-05 15:40:37.235] [0m[0;34mAPP     :INFO :@@@ updateKeepAlive( ): User[1] FFF7 Keep alive = 79
[2025-06-05 15:40:37.235] [0m[0;34mAPP     :INFO :gCapSessionHandle!!!.
[2025-06-05 15:40:37.235] [0m[0;34mAPP     :INFO :@@@ gNumberOfUserinDTPCM = 2, pRangingData->no_of_measurements = 1,i=0
[2025-06-05 15:40:37.236] [0m[0;34mAPP     :INFO :Measure_NLOS = 0, Classification_NLOS =   0
[2025-06-05 15:40:37.236] [0mMaster_Distance_to_FFF7=31
[2025-06-05 15:40:37.236] [0;34mAPP     :INFO :Conten_Distance_MasterAnchor_to_FFF7=31
[2025-06-05 15:40:37.236] [0m[0;34mAPP     :INFO :Current User ( fff7 ) status is : SystemStatus = 0 , DiscoverStatus = 5 , TransactionState = 4 , AuthenticationState = 9
[2025-06-05 15:40:37.236] [0m[0;34mAPP     :INFO :@@@ User Speed is :( fff7 ) , 2 ,(cm/s)
[2025-06-05 15:40:37.236] [0m[0;34mAPP     :INFO :@ b = 31, c = 62, x = 14, y = 18
[2025-06-05 15:40:37.236] [0m[0;34mAPP     :INFO :@ a = 100, d = 100, m = 250, Gate = 100
[2025-06-05 15:40:37.236] [0m[0;34mAPP     :INFO :################################### into red area...##################################################
[2025-06-05 15:40:37.236] [0m[0;34mAPP     :INFO :Only 1 valid card detected, started transaction
[2025-06-05 15:40:37.236] [0m[0;33mAPP     :WARN : Write Card Time < 10s. Return.
[2025-06-05 15:40:37.236] [0m
[2025-06-05 15:40:37.236] [0;32mTMLUWB  :RX < :RECV                :02001700 02000002 00BBBB00 00000000 00BC0006 000505FF F73F00
[2025-06-05 15:40:37.236] [0m[0;34mAPP     :INFO :gMrmSessionHandle_Test!!!
[2025-06-05 15:40:37.236] [0mMaster_Distance_to_Slave=63
[2025-06-05 15:40:37.236] [0;34mAPP     :INFO :Conten_Distance_SlaveAnchor[BBBB]_to_FFF7=63
[2025-06-05 15:40:37.236] [0m{"@POSITION": 1, "Master": 31, "Slave": 63, "Gate": 100, "nLos": 0, "idx": 0, "LiftDeep": 60, "RedAreaH": 0, "BlueAreaH": 250, "Speed":2, "User-X":14, "User-Y":18, "User-Z":0,"Auth":9, "Trans":4}
[2025-06-05 15:40:37.485] [0;32mTMLUWB  :RX < :RECV                :62000048 BF0D0000 01000000 00FA0000 00010000 05000001 00000000 01FFF700 001F0000 00640000 64000000 00000003 76000000 00000000 00000000 0E000000 00010300 01030000 00000000
[2025-06-05 15:40:37.485] [0m[0;34mAPP     :INFO :@@@ updateKeepAlive( ): User[1] FFF7 Keep alive = 79
[2025-06-05 15:40:37.485] [0m[0;34mAPP     :INFO :gCapSessionHandle!!!.
[2025-06-05 15:40:37.486] [0m[0;34mAPP     :INFO :@@@ gNumberOfUserinDTPCM = 2, pRangingData->no_of_measurements = 1,i=0
[2025-06-05 15:40:37.486] [0m[0;34mAPP     :INFO :Measure_NLOS = 0, Classification_NLOS =   0
[2025-06-05 15:40:37.486] [0mMaster_Distance_to_FFF7=31
[2025-06-05 15:40:37.487] [0;34mAPP     :INFO :Conten_Distance_MasterAnchor_to_FFF7=31
[2025-06-05 15:40:37.487] [0m[0;34mAPP     :INFO :Current User ( fff7 ) status is : SystemStatus = 0 , DiscoverStatus = 5 , TransactionState = 4 , AuthenticationState = 9
[2025-06-05 15:40:37.487] [0m[0;34mAPP     :INFO :@@@ User Speed is :( fff7 ) , 0 ,(cm/s)
[2025-06-05 15:40:37.487] [0m[0;34mAPP     :INFO :@ b = 31, c = 63, x = 15, y = 16
[2025-06-05 15:40:37.487] [0m[0;34mAPP     :INFO :@ a = 100, d = 100, m = 250, Gate = 100
[2025-06-05 15:40:37.487] [0m[0;34mAPP     :INFO :################################### into red area...##################################################
[2025-06-05 15:40:37.487] [0m[0;34mAPP     :INFO :Only 1 valid card detected, started transaction
[2025-06-05 15:40:37.487] [0m[0;33mAPP     :WARN : Write Card Time < 10s. Return.
[2025-06-05 15:40:37.487] [0m
[2025-06-05 15:40:37.487] [0;32mTMLUWB  :RX < :RECV                :02001700 02000002 00BBBB00 00000000 00BD0006 000505FF F74000
[2025-06-05 15:40:37.487] [0m[0;34mAPP     :INFO :gMrmSessionHandle_Test!!!
[2025-06-05 15:40:37.487] [0mMaster_Distance_to_Slave=64
[2025-06-05 15:40:37.487] [0;34mAPP     :INFO :Conten_Distance_SlaveAnchor[BBBB]_to_FFF7=64
[2025-06-05 15:40:37.488] [0m{"@POSITION": 1, "Master": 31, "Slave": 64, "Gate": 100, "nLos": 0, "idx": 0, "LiftDeep": 59, "RedAreaH": 0, "BlueAreaH": 250, "Speed":0, "User-X":15, "User-Y":16, "User-Z":0,"Auth":9, "Trans":4}
[2025-06-05 15:40:37.738] [0;32mTMLUWB  :RX < :RECV                :62000048 C00D0000 01000000 00FA0000 00010000 05000001 00000000 01FFF700 001F0000 00640000 64000000 00000003 7A000000 00000000 00000000 0E000000 00010300 01030000 00000000
[2025-06-05 15:40:37.738] [0m[0;34mAPP     :INFO :@@@ updateKeepAlive( ): User[1] FFF7 Keep alive = 79
[2025-06-05 15:40:37.738] [0m[0;34mAPP     :INFO :gCapSessionHandle!!!.
[2025-06-05 15:40:37.739] [0m[0;34mAPP     :INFO :@@@ gNumberOfUserinDTPCM = 2, pRangingData->no_of_measurements = 1,i=0
[2025-06-05 15:40:37.739] [0m[0;34mAPP     :INFO :Measure_NLOS = 0, Classification_NLOS =   0
[2025-06-05 15:40:37.739] [0mMaster_Distance_to_FFF7=31
[2025-06-05 15:40:37.739] [0;34mAPP     :INFO :Conten_Distance_MasterAnchor_to_FFF7=31
[2025-06-05 15:40:37.739] [0m[0;34mAPP     :INFO :Current User ( fff7 ) status is : SystemStatus = 0 , DiscoverStatus = 5 , TransactionState = 4 , AuthenticationState = 9
[2025-06-05 15:40:37.739] [0m[0;34mAPP     :INFO :@@@ User Speed is :( fff7 ) , 3 ,(cm/s)
[2025-06-05 15:40:37.739] [0m[0;34mAPP     :INFO :@ b = 31, c = 64, x = 15, y = 16
[2025-06-05 15:40:37.739] [0m[0;34mAPP     :INFO :@ a = 100, d = 100, m = 250, Gate = 100
[2025-06-05 15:40:37.740] [0m[0;34mAPP     :INFO :################################### into red area...##################################################
[2025-06-05 15:40:37.740] [0m[0;34mAPP     :INFO :Only 1 valid card detected, started transaction
[2025-06-05 15:40:37.740] [0m[0;33mAPP     :WARN : Write Card Time < 10s. Return.
[2025-06-05 15:40:37.740] [0m
[2025-06-05 15:40:37.741] [0;32mTMLUWB  :RX < :RECV                :02001700 02000002 00BBBB00 00000000 00BE0006 000505FF F73F00
[2025-06-05 15:40:37.741] [0m[0;34mAPP     :INFO :gMrmSessionHandle_Test!!!
[2025-06-05 15:40:37.741] [0mMaster_Distance_to_Slave=63
[2025-06-05 15:40:37.741] [0;34mAPP     :INFO :Conten_Distance_SlaveAnchor[BBBB]_to_FFF7=63
[2025-06-05 15:40:37.741] [0m{"@POSITION": 1, "Master": 31, "Slave": 63, "Gate": 100, "nLos": 0, "idx": 0, "LiftDeep": 61, "RedAreaH": 0, "BlueAreaH": 250, "Speed":3, "User-X":15, "User-Y":16, "User-Z":0,"Auth":9, "Trans":4}
[2025-06-05 15:40:37.987] [0;32mTMLUWB  :RX < :RECV                :62000048 C10D0000 01000000 00FA0000 00010000 05000001 00000000 01FFF700 001E0000 00640000 64000000 00000003 7A000000 00000000 00000000 0E000000 00010300 01030000 00000000
[2025-06-05 15:40:37.987] [0m[0;34mAPP     :INFO :@@@ updateKeepAlive( ): User[1] FFF7 Keep alive = 79
[2025-06-05 15:40:37.987] [0m[0;34mAPP     :INFO :gCapSessionHandle!!!.
[2025-06-05 15:40:37.987] [0m[0;34mAPP     :INFO :@@@ gNumberOfUserinDTPCM = 2, pRangingData->no_of_measurements = 1,i=0
[2025-06-05 15:40:37.987] [0m[0;34mAPP     :INFO :Measure_NLOS = 0, Classification_NLOS =   0
[2025-06-05 15:40:37.987] [0mMaster_Distance_to_FFF7=30
[2025-06-05 15:40:37.987] [0;34mAPP     :INFO :Conten_Distance_MasterAnchor_to_FFF7=30
[2025-06-05 15:40:37.987] [0m[0;34mAPP     :INFO :Current User ( fff7 ) status is : SystemStatus = 0 , DiscoverStatus = 5 , TransactionState = 4 , AuthenticationState = 9
[2025-06-05 15:40:37.987] [0m[0;34mAPP     :INFO :@@@ User Speed is :( fff7 ) , 1 ,(cm/s)
[2025-06-05 15:40:37.987] [0m[0;34mAPP     :INFO :@ b = 30, c = 63, x = 15, y = 18
[2025-06-05 15:40:37.987] [0m[0;34mAPP     :INFO :@ a = 100, d = 100, m = 250, Gate = 100
[2025-06-05 15:40:37.987] [0m[0;34mAPP     :INFO :################################### into red area...##################################################
[2025-06-05 15:40:37.987] [0m[0;34mAPP     :INFO :Only 1 valid card detected, started transaction
[2025-06-05 15:40:37.987] [0m[0;33mAPP     :WARN : Write Card Time < 10s. Return.
[2025-06-05 15:40:37.988] [0m
[2025-06-05 15:40:37.988] [0;32mTMLUWB  :RX < :RECV                :02001700 02000002 00BBBB00 00000000 00BF0006 000505FF F73F00
[2025-06-05 15:40:37.988] [0m[0;34mAPP     :INFO :gMrmSessionHandle_Test!!!
[2025-06-05 15:40:37.988] [0mMaster_Distance_to_Slave=63
[2025-06-05 15:40:37.988] [0;34mAPP     :INFO :Conten_Distance_SlaveAnchor[BBBB]_to_FFF7=63
[2025-06-05 15:40:37.988] [0m{"@POSITION": 1, "Master": 30, "Slave": 63, "Gate": 100, "nLos": 0, "idx": 0, "LiftDeep": 61, "RedAreaH": 0, "BlueAreaH": 250, "Speed":1, "User-X":15, "User-Y":18, "User-Z":0,"Auth":9, "Trans":4}
[2025-06-05 15:40:38.224] [0;32mTMLUWB  :RX < :RECV                :62000048 C20D0000 01000000 00FA0000 00010000 05000001 00000000 01FFF700 00200000 00640000 64000000 00000003 7A000000 00000000 00000000 0E000000 00010300 01030000 00000000
[2025-06-05 15:40:38.225] [0m[0;34mAPP     :INFO :@@@ updateKeepAlive( ): User[1] FFF7 Keep alive = 79
[2025-06-05 15:40:38.225] [0m[0;34mAPP     :INFO :gCapSessionHandle!!!.
[2025-06-05 15:40:38.225] [0m[0;34mAPP     :INFO :@@@ gNumberOfUserinDTPCM = 2, pRangingData->no_of_measurements = 1,i=0
[2025-06-05 15:40:38.225] [0m[0;34mAPP     :INFO :Measure_NLOS = 0, Classification_NLOS =   0
[2025-06-05 15:40:38.225] [0mMaster_Distance_to_FFF7=32
[2025-06-05 15:40:38.225] [0;34mAPP     :INFO :Conten_Distance_MasterAnchor_to_FFF7=32
[2025-06-05 15:40:38.225] [0m[0;34mAPP     :INFO :Current User ( fff7 ) status is : SystemStatus = 0 , DiscoverStatus = 5 , TransactionState = 4 , AuthenticationState = 9
[2025-06-05 15:40:38.225] [0m[0;34mAPP     :INFO :@@@ User Speed is :( fff7 ) , 1 ,(cm/s)
[2025-06-05 15:40:38.226] [0m[0;34mAPP     :INFO :@ b = 32, c = 63, x = 14, y = 16
[2025-06-05 15:40:38.226] [0m[0;34mAPP     :INFO :@ a = 100, d = 100, m = 250, Gate = 100
[2025-06-05 15:40:38.226] [0m[0;34mAPP     :INFO :################################### into red area...##################################################
[2025-06-05 15:40:38.226] [0m[0;34mAPP     :INFO :Only 1 valid card detected, started transaction
[2025-06-05 15:40:38.226] [0m[0;33mAPP     :WARN : Write Card Time < 10s. Return.
[2025-06-05 15:40:38.226] [0m
[2025-06-05 15:40:38.226] [0;32mTMLUWB  :RX < :RECV                :02001700 02000002 00BBBB00 00000000 00C00006 000505FF F74100
[2025-06-05 15:40:38.226] [0m[0;34mAPP     :INFO :gMrmSessionHandle_Test!!!
[2025-06-05 15:40:38.226] [0mMaster_Distance_to_Slave=65
[2025-06-05 15:40:38.226] [0;34mAPP     :INFO :Conten_Distance_SlaveAnchor[BBBB]_to_FFF7=65
[2025-06-05 15:40:38.226] [0m{"@POSITION": 1, "Master": 32, "Slave": 65, "Gate": 100, "nLos": 0, "idx": 0, "LiftDeep": 61, "RedAreaH": 0, "BlueAreaH": 250, "Speed":1, "User-X":14, "User-Y":16, "User-Z":0,"Auth":9, "Trans":4}
[2025-06-05 15:40:38.468] [0;32mTMLUWB  :RX < :RECV                :62000048 C30D0000 01000000 00FA0000 00010000 05000001 00000000 01FFF700 00200000 00640000 64000000 00000003 79000000 00000000 00000000 0E000000 00010300 01030000 00000000
[2025-06-05 15:40:38.468] [0m[0;34mAPP     :INFO :@@@ updateKeepAlive( ): User[1] FFF7 Keep alive = 79
[2025-06-05 15:40:38.468] [0m[0;34mAPP     :INFO :gCapSessionHandle!!!.
[2025-06-05 15:40:38.468] [0m[0;34mAPP     :INFO :@@@ gNumberOfUserinDTPCM = 2, pRangingData->no_of_measurements = 1,i=0
[2025-06-05 15:40:38.468] [0m[0;34mAPP     :INFO :Measure_NLOS = 0, Classification_NLOS =   0
[2025-06-05 15:40:38.468] [0mMaster_Distance_to_FFF7=32
[2025-06-05 15:40:38.468] [0;34mAPP     :INFO :Conten_Distance_MasterAnchor_to_FFF7=32
[2025-06-05 15:40:38.469] [0m[0;34mAPP     :INFO :Current User ( fff7 ) status is : SystemStatus = 0 , DiscoverStatus = 5 , TransactionState = 4 , AuthenticationState = 9
[2025-06-05 15:40:38.469] [0m[0;34mAPP     :INFO :@@@ User Speed is :( fff7 ) , 5 ,(cm/s)
[2025-06-05 15:40:38.469] [0m[0;34mAPP     :INFO :@ b = 32, c = 65, x = 16, y = 11
[2025-06-05 15:40:38.469] [0m[0;34mAPP     :INFO :@ a = 100, d = 100, m = 250, Gate = 100
[2025-06-05 15:40:38.469] [0m[0;34mAPP     :INFO :################################### into red area...##################################################
[2025-06-05 15:40:38.469] [0m[0;34mAPP     :INFO :Only 1 valid card detected, started transaction
[2025-06-05 15:40:38.469] [0m[0;33mAPP     :WARN : Write Card Time < 10s. Return.
[2025-06-05 15:40:38.469] [0m
[2025-06-05 15:40:38.469] [0;32mTMLUWB  :RX < :RECV                :02001700 02000002 00BBBB00 00000000 00C10006 000505FF F74100
[2025-06-05 15:40:38.469] [0m[0;34mAPP     :INFO :gMrmSessionHandle_Test!!!
[2025-06-05 15:40:38.469] [0mMaster_Distance_to_Slave=65
[2025-06-05 15:40:38.469] [0;34mAPP     :INFO :Conten_Distance_SlaveAnchor[BBBB]_to_FFF7=65
[2025-06-05 15:40:38.469] [0m{"@POSITION": 1, "Master": 32, "Slave": 65, "Gate": 100, "nLos": 0, "idx": 0, "LiftDeep": 60, "RedAreaH": 0, "BlueAreaH": 250, "Speed":5, "User-X":16, "User-Y":11, "User-Z":0,"Auth":9, "Trans":4}
[2025-06-05 15:40:38.723] [0;32mTMLUWB  :RX < :RECV                :62000048 C40D0000 01000000 00FA0000 00010000 05000001 00000000 01FFF700 001F0000 00640000 64000000 00000003 78000000 00000000 00000000 0E000000 00010300 01030000 00000000
[2025-06-05 15:40:38.724] [0m[0;34mAPP     :INFO :@@@ updateKeepAlive( ): User[1] FFF7 Keep alive = 79
[2025-06-05 15:40:38.724] [0m[0;34mAPP     :INFO :gCapSessionHandle!!!.
[2025-06-05 15:40:38.724] [0m[0;34mAPP     :INFO :@@@ gNumberOfUserinDTPCM = 2, pRangingData->no_of_measurements = 1,i=0
[2025-06-05 15:40:38.724] [0m[0;34mAPP     :INFO :Measure_NLOS = 0, Classification_NLOS =   0
[2025-06-05 15:40:38.724] [0mMaster_Distance_to_FFF7=31
[2025-06-05 15:40:38.724] [0;34mAPP     :INFO :Conten_Distance_MasterAnchor_to_FFF7=31
[2025-06-05 15:40:38.724] [0m[0;34mAPP     :INFO :Current User ( fff7 ) status is : SystemStatus = 0 , DiscoverStatus = 5 , TransactionState = 4 , AuthenticationState = 9
[2025-06-05 15:40:38.724] [0m[0;34mAPP     :INFO :@@@ User Speed is :( fff7 ) , 5 ,(cm/s)
[2025-06-05 15:40:38.724] [0m[0;34mAPP     :INFO :@ b = 31, c = 65, x = 16, y = 13
[2025-06-05 15:40:38.724] [0m[0;34mAPP     :INFO :@ a = 100, d = 100, m = 250, Gate = 100
[2025-06-05 15:40:38.724] [0m[0;34mAPP     :INFO :################################### into red area...##################################################
[2025-06-05 15:40:38.724] [0m[0;34mAPP     :INFO :Only 1 valid card detected, started transaction
[2025-06-05 15:40:38.725] [0m[0;33mAPP     :WARN : Write Card Time < 10s. Return.
[2025-06-05 15:40:38.725] [0m
[2025-06-05 15:40:38.725] [0;32mTMLUWB  :RX < :RECV                :02001700 02000002 00BBBB00 00000000 00C20006 000505FF F74300
[2025-06-05 15:40:38.725] [0m[0;34mAPP     :INFO :gMrmSessionHandle_Test!!!
[2025-06-05 15:40:38.725] [0mMaster_Distance_to_Slave=67
[2025-06-05 15:40:38.725] [0;34mAPP     :INFO :Conten_Distance_SlaveAnchor[BBBB]_to_FFF7=67
[2025-06-05 15:40:38.725] [0m{"@POSITION": 1, "Master": 31, "Slave": 67, "Gate": 100, "nLos": 0, "idx": 0, "LiftDeep": 60, "RedAreaH": 0, "BlueAreaH": 250, "Speed":5, "User-X":16, "User-Y":13, "User-Z":0,"Auth":9, "Trans":4}
[2025-06-05 15:40:38.974] [0;32mTMLUWB  :RX < :RECV                :62000048 C50D0000 01000000 00FA0000 00010000 05000001 00000000 01FFF700 00210000 00640000 64000000 00000003 7A000000 00000000 00000000 0E000000 00010300 01030000 00000000
[2025-06-05 15:40:38.975] [0m[0;34mAPP     :INFO :@@@ updateKeepAlive( ): User[1] FFF7 Keep alive = 79
[2025-06-05 15:40:38.975] [0m[0;34mAPP     :INFO :gCapSessionHandle!!!.
[2025-06-05 15:40:38.975] [0m[0;34mAPP     :INFO :@@@ gNumberOfUserinDTPCM = 2, pRangingData->no_of_measurements = 1,i=0
[2025-06-05 15:40:38.975] [0m[0;34mAPP     :INFO :Measure_NLOS = 0, Classification_NLOS =   0
[2025-06-05 15:40:38.975] [0mMaster_Distance_to_FFF7=33
[2025-06-05 15:40:38.975] [0;34mAPP     :INFO :Conten_Distance_MasterAnchor_to_FFF7=33
[2025-06-05 15:40:38.975] [0m[0;34mAPP     :INFO :Current User ( fff7 ) status is : SystemStatus = 0 , DiscoverStatus = 5 , TransactionState = 4 , AuthenticationState = 9
[2025-06-05 15:40:38.975] [0m[0;34mAPP     :INFO :@@@ User Speed is :( fff7 ) , 16 ,(cm/s)
[2025-06-05 15:40:38.975] [0m[0;34mAPP     :INFO :@ b = 33, c = 67, x = 17, y = 0
[2025-06-05 15:40:38.975] [0m[0;34mAPP     :INFO :@ a = 100, d = 100, m = 250, Gate = 100
[2025-06-05 15:40:38.975] [0m[0;34mAPP     :INFO :################################### into red area...##################################################
[2025-06-05 15:40:38.975] [0m[0;34mAPP     :INFO :Only 1 valid card detected, started transaction
[2025-06-05 15:40:38.975] [0m[0;33mAPP     :WARN : Write Card Time < 10s. Return.
[2025-06-05 15:40:38.975] [0m
[2025-06-05 15:40:38.975] [0;32mTMLUWB  :RX < :RECV                :02001700 02000002 00BBBB00 00000000 00C30006 000505FF F74400
[2025-06-05 15:40:38.975] [0m[0;34mAPP     :INFO :gMrmSessionHandle_Test!!!
[2025-06-05 15:40:38.975] [0mMaster_Distance_to_Slave=68
[2025-06-05 15:40:38.975] [0;34mAPP     :INFO :Conten_Distance_SlaveAnchor[BBBB]_to_FFF7=68
[2025-06-05 15:40:38.975] [0m{"@POSITION": 1, "Master": 33, "Slave": 68, "Gate": 100, "nLos": 0, "idx": 0, "LiftDeep": 61, "RedAreaH": 0, "BlueAreaH": 250, "Speed":16, "User-X":17, "User-Y":0, "User-Z":0,"Auth":9, "Trans":4}
[2025-06-05 15:40:39.218] [0;32mTMLUWB  :RX < :RECV                :62000048 C60D0000 01000000 00FA0000 00010000 05000001 00000000 01FFF700 001F0000 00640000 64000000 00000003 7B000000 00000000 00000000 0E000000 00010300 01030000 00000000
[2025-06-05 15:40:39.218] [0m[0;34mAPP     :INFO :@@@ updateKeepAlive( ): User[1] FFF7 Keep alive = 79
[2025-06-05 15:40:39.218] [0m[0;34mAPP     :INFO :gCapSessionHandle!!!.
[2025-06-05 15:40:39.218] [0m[0;34mAPP     :INFO :@@@ gNumberOfUserinDTPCM = 2, pRangingData->no_of_measurements = 1,i=0
[2025-06-05 15:40:39.218] [0m[0;34mAPP     :INFO :Measure_NLOS = 0, Classification_NLOS =   0
[2025-06-05 15:40:39.218] [0mMaster_Distance_to_FFF7=31
[2025-06-05 15:40:39.218] [0;34mAPP     :INFO :Conten_Distance_MasterAnchor_to_FFF7=31
[2025-06-05 15:40:39.218] [0m[0;34mAPP     :INFO :Current User ( fff7 ) status is : SystemStatus = 0 , DiscoverStatus = 5 , TransactionState = 4 , AuthenticationState = 9
[2025-06-05 15:40:39.218] [0m[0;34mAPP     :INFO :@@@ User Speed is :( fff7 ) , 4 ,(cm/s)
[2025-06-05 15:40:39.218] [0m[0;34mAPP     :INFO :@ b = 31, c = 68, x = 18, y = 7
[2025-06-05 15:40:39.218] [0m[0;34mAPP     :INFO :@ a = 100, d = 100, m = 250, Gate = 100
[2025-06-05 15:40:39.218] [0m[0;34mAPP     :INFO :################################### into red area...##################################################
[2025-06-05 15:40:39.218] [0m[0;34mAPP     :INFO :Only 1 valid card detected, started transaction
[2025-06-05 15:40:39.218] [0m[0;33mAPP     :WARN : Write Card Time < 10s. Return.
[2025-06-05 15:40:39.219] [0m
[2025-06-05 15:40:39.219] [0;32mTMLUWB  :RX < :RECV                :02001700 02000002 00BBBB00 00000000 00C40006 000505FF F74000
[2025-06-05 15:40:39.219] [0m[0;34mAPP     :INFO :gMrmSessionHandle_Test!!!
[2025-06-05 15:40:39.219] [0mMaster_Distance_to_Slave=64
[2025-06-05 15:40:39.219] [0;34mAPP     :INFO :Conten_Distance_SlaveAnchor[BBBB]_to_FFF7=64
[2025-06-05 15:40:39.219] [0m{"@POSITION": 1, "Master": 31, "Slave": 64, "Gate": 100, "nLos": 0, "idx": 0, "LiftDeep": 61, "RedAreaH": 0, "BlueAreaH": 250, "Speed":4, "User-X":18, "User-Y":7, "User-Z":0,"Auth":9, "Trans":4}
[2025-06-05 15:40:39.468] [0;32mTMLUWB  :RX < :RECV                :62000048 C70D0000 01000000 00FA0000 00010000 05000001 00000000 01FFF700 001E0000 00640000 64000000 00000003 79000000 00000000 00000000 0E000000 00010300 01030000 00000000
[2025-06-05 15:40:39.468] [0m[0;34mAPP     :INFO :@@@ updateKeepAlive( ): User[1] FFF7 Keep alive = 79
[2025-06-05 15:40:39.468] [0m[0;34mAPP     :INFO :gCapSessionHandle!!!.
[2025-06-05 15:40:39.468] [0m[0;34mAPP     :INFO :@@@ gNumberOfUserinDTPCM = 2, pRangingData->no_of_measurements = 1,i=0
[2025-06-05 15:40:39.468] [0m[0;34mAPP     :INFO :Measure_NLOS = 0, Classification_NLOS =   0
[2025-06-05 15:40:39.468] [0mMaster_Distance_to_FFF7=30
[2025-06-05 15:40:39.468] [0;34mAPP     :INFO :Conten_Distance_MasterAnchor_to_FFF7=30
[2025-06-05 15:40:39.468] [0m[0;34mAPP     :INFO :Current User ( fff7 ) status is : SystemStatus = 0 , DiscoverStatus = 5 , TransactionState = 4 , AuthenticationState = 9
[2025-06-05 15:40:39.468] [0m[0;34mAPP     :INFO :@@@ User Speed is :( fff7 ) , 5 ,(cm/s)
[2025-06-05 15:40:39.468] [0m[0;34mAPP     :INFO :@ b = 30, c = 64, x = 15, y = 18
[2025-06-05 15:40:39.468] [0m[0;34mAPP     :INFO :@ a = 100, d = 100, m = 250, Gate = 100
[2025-06-05 15:40:39.468] [0m[0;34mAPP     :INFO :################################### into red area...##################################################
[2025-06-05 15:40:39.470] [0m[0;34mAPP     :INFO :Only 1 valid card detected, started transaction
[2025-06-05 15:40:39.470] [0m[0;33mAPP     :WARN : Write Card Time < 10s. Return.
[2025-06-05 15:40:39.470] [0m
[2025-06-05 15:40:39.470] [0;32mTMLUWB  :RX < :RECV                :02001700 02000002 00BBBB00 00000000 00C50006 000505FF F74100
[2025-06-05 15:40:39.470] [0m[0;34mAPP     :INFO :gMrmSessionHandle_Test!!!
[2025-06-05 15:40:39.470] [0mMaster_Distance_to_Slave=65
[2025-06-05 15:40:39.470] [0;34mAPP     :INFO :Conten_Distance_SlaveAnchor[BBBB]_to_FFF7=65
[2025-06-05 15:40:39.470] [0m{"@POSITION": 1, "Master": 30, "Slave": 65, "Gate": 100, "nLos": 0, "idx": 0, "LiftDeep": 60, "RedAreaH": 0, "BlueAreaH": 250, "Speed":5, "User-X":15, "User-Y":18, "User-Z":0,"Auth":9, "Trans":4}
[2025-06-05 15:40:39.720] [0;32mTMLUWB  :RX < :RECV                :62000048 C80D0000 01000000 00FA0000 00010000 05000001 00000000 01FFF700 00200000 00640000 64000000 00000003 76000000 00000000 00000000 0E000000 00010300 01030000 00000000
[2025-06-05 15:40:39.721] [0m[0;34mAPP     :INFO :@@@ updateKeepAlive( ): User[1] FFF7 Keep alive = 79
[2025-06-05 15:40:39.721] [0m[0;34mAPP     :INFO :gCapSessionHandle!!!.
[2025-06-05 15:40:39.721] [0m[0;34mAPP     :INFO :@@@ gNumberOfUserinDTPCM = 2, pRangingData->no_of_measurements = 1,i=0
[2025-06-05 15:40:39.721] [0m[0;34mAPP     :INFO :Measure_NLOS = 0, Classification_NLOS =   0
[2025-06-05 15:40:39.721] [0mMaster_Distance_to_FFF7=32
[2025-06-05 15:40:39.721] [0;34mAPP     :INFO :Conten_Distance_MasterAnchor_to_FFF7=32
[2025-06-05 15:40:39.721] [0m[0;34mAPP     :INFO :Current User ( fff7 ) status is : SystemStatus = 0 , DiscoverStatus = 5 , TransactionState = 4 , AuthenticationState = 9
[2025-06-05 15:40:39.721] [0m[0;34mAPP     :INFO :@@@ User Speed is :( fff7 ) , 11 ,(cm/s)
[2025-06-05 15:40:39.721] [0m[0;34mAPP     :INFO :@ b = 32, c = 65, x = 16, y = 11
[2025-06-05 15:40:39.722] [0m[0;34mAPP     :INFO :@ a = 100, d = 100, m = 250, Gate = 100
[2025-06-05 15:40:39.722] [0m[0;34mAPP     :INFO :################################### into red area...##################################################
[2025-06-05 15:40:39.722] [0m[0;34mAPP     :INFO :Only 1 valid card detected, started transaction
[2025-06-05 15:40:39.722] [0m[0;33mAPP     :WARN : Write Card Time < 10s. Return.
[2025-06-05 15:40:39.722] [0m
[2025-06-05 15:40:39.722] [0;32mTMLUWB  :RX < :RECV                :02001700 02000002 00BBBB00 00000000 00C60006 000505FF F74200
[2025-06-05 15:40:39.722] [0m[0;34mAPP     :INFO :gMrmSessionHandle_Test!!!
[2025-06-05 15:40:39.722] [0mMaster_Distance_to_Slave=66
[2025-06-05 15:40:39.722] [0;34mAPP     :INFO :Conten_Distance_SlaveAnchor[BBBB]_to_FFF7=66
[2025-06-05 15:40:39.722] [0m{"@POSITION": 1, "Master": 32, "Slave": 66, "Gate": 100, "nLos": 0, "idx": 0, "LiftDeep": 59, "RedAreaH": 0, "BlueAreaH": 250, "Speed":11, "User-X":16, "User-Y":11, "User-Z":0,"Auth":9, "Trans":4}
[2025-06-05 15:40:39.991] [0;32mTMLUWB  :RX < :RECV                :62000048 C90D0000 01000000 00FA0000 00010000 05000001 00000000 01FFF700 00220000 00640000 64000000 00000003 7A000000 00000000 00000000 0E000000 00010300 01030000 00000000
[2025-06-05 15:40:39.992] [0m[0;34mAPP     :INFO :@@@ updateKeepAlive( ): User[1] FFF7 Keep alive = 79
[2025-06-05 15:40:39.992] [0m[0;34mAPP     :INFO :gCapSessionHandle!!!.
[2025-06-05 15:40:39.992] [0m[0;34mAPP     :INFO :@@@ gNumberOfUserinDTPCM = 2, pRangingData->no_of_measurements = 1,i=0
[2025-06-05 15:40:39.992] [0m[0;34mAPP     :INFO :Measure_NLOS = 0, Classification_NLOS =   0
[2025-06-05 15:40:39.992] [0mMaster_Distance_to_FFF7=34
[2025-06-05 15:40:39.992] [0;34mAPP     :INFO :Conten_Distance_MasterAnchor_to_FFF7=34
[2025-06-05 15:40:39.992] [0m[0;34mAPP     :INFO :Current User ( fff7 ) status is : SystemStatus = 0 , DiscoverStatus = 5 , TransactionState = 4 , AuthenticationState = 9
[2025-06-05 15:40:39.992] [0m[0;34mAPP     :INFO :@@@ User Speed is :( fff7 ) , 7 ,(cm/s)
[2025-06-05 15:40:39.992] [0m[0;34mAPP     :INFO :@ b = 34, c = 66, x = 16, y = 0
[2025-06-05 15:40:39.992] [0m[0;34mAPP     :INFO :@ a = 100, d = 100, m = 250, Gate = 100
[2025-06-05 15:40:39.992] [0m[0;34mAPP     :INFO :################################### into red area...##################################################
[2025-06-05 15:40:39.993] [0m[0;34mAPP     :INFO :Only 1 valid card detected, started transaction
[2025-06-05 15:40:39.993] [0m[0;33mAPP     :WARN : Write Card Time < 10s. Return.
[2025-06-05 15:40:39.993] [0m
[2025-06-05 15:40:39.993] [0;32mTMLUWB  :RX < :RECV                :02001700 02000002 00BBBB00 00000000 00C70006 000505FF F74200
[2025-06-05 15:40:39.993] [0m[0;34mAPP     :INFO :gMrmSessionHandle_Test!!!
[2025-06-05 15:40:39.993] [0mMaster_Distance_to_Slave=66
[2025-06-05 15:40:39.993] [0;34mAPP     :INFO :Conten_Distance_SlaveAnchor[BBBB]_to_FFF7=66
[2025-06-05 15:40:39.994] [0m{"@POSITION": 1, "Master": 34, "Slave": 66, "Gate": 100, "nLos": 0, "idx": 0, "LiftDeep": 61, "RedAreaH": 0, "BlueAreaH": 250, "Speed":7, "User-X":16, "User-Y":0, "User-Z":0,"Auth":9, "Trans":4}
[2025-06-05 15:40:40.235] [0;32mTMLUWB  :RX < :RECV                :62000048 CA0D0000 01000000 00FA0000 00010000 05000001 00000000 01FFF700 001E0000 00640000 64000000 00000003 7C000000 00000000 00000000 0E000000 00010300 01030000 00000000
[2025-06-05 15:40:40.246] [0m[0;34mAPP     :INFO :@@@ updateKeepAlive( ): User[1] FFF7 Keep alive = 79
[2025-06-05 15:40:40.247] [0m[0;34mAPP     :INFO :gCapSessionHandle!!!.
[2025-06-05 15:40:40.247] [0m[0;34mAPP     :INFO :@@@ gNumberOfUserinDTPCM = 2, pRangingData->no_of_measurements = 1,i=0
[2025-06-05 15:40:40.247] [0m[0;34mAPP     :INFO :Measure_NLOS = 0, Classification_NLOS =   0
[2025-06-05 15:40:40.247] [0mMaster_Distance_to_FFF7=30
[2025-06-05 15:40:40.247] [0;34mAPP     :INFO :Conten_Distance_MasterAnchor_to_FFF7=30
[2025-06-05 15:40:40.247] [0m[0;34mAPP     :INFO :Current User ( fff7 ) status is : SystemStatus = 0 , DiscoverStatus = 5 , TransactionState = 4 , AuthenticationState = 9
[2025-06-05 15:40:40.247] [0m[0;34mAPP     :INFO :@@@ User Speed is :( fff7 ) , 5 ,(cm/s)
[2025-06-05 15:40:40.248] [0m[0;34mAPP     :INFO :@ b = 30, c = 66, x = 17, y = 13
[2025-06-05 15:40:40.248] [0m[0;34mAPP     :INFO :@ a = 100, d = 100, m = 250, Gate = 100
[2025-06-05 15:40:40.248] [0m[0;34mAPP     :INFO :################################### into red area...##################################################
[2025-06-05 15:40:40.248] [0m[0;34mAPP     :INFO :Only 1 valid card detected, started transaction
[2025-06-05 15:40:40.248] [0m[0;33mAPP     :WARN : Write Card Time < 10s. Return.
[2025-06-05 15:40:40.248] [0m
[2025-06-05 15:40:40.248] [0;32mTMLUWB  :RX < :RECV                :02001700 02000002 00BBBB00 00000000 00C80006 000505FF F74200
[2025-06-05 15:40:40.248] [0m[0;34mAPP     :INFO :gMrmSessionHandle_Test!!!
[2025-06-05 15:40:40.248] [0mMaster_Distance_to_Slave=66
[2025-06-05 15:40:40.248] [0;34mAPP     :INFO :Conten_Distance_SlaveAnchor[BBBB]_to_FFF7=66
[2025-06-05 15:40:40.248] [0m{"@POSITION": 1, "Master": 30, "Slave": 66, "Gate": 100, "nLos": 0, "idx": 0, "LiftDeep": 62, "RedAreaH": 0, "BlueAreaH": 250, "Speed":5, "User-X":17, "User-Y":13, "User-Z":0,"Auth":9, "Trans":4}
[2025-06-05 15:40:40.472] [0;32mTMLUWB  :RX < :RECV                :62000048 CB0D0000 01000000 00FA0000 00010000 05000001 00000000 01FFF700 00210000 00640000 64000000 00000003 79000000 00000000 00000000 0E000000 00010300 01030000 00000000
[2025-06-05 15:40:40.473] [0m[0;34mAPP     :INFO :@@@ updateKeepAlive( ): User[1] FFF7 Keep alive = 79
[2025-06-05 15:40:40.473] [0m[0;34mAPP     :INFO :gCapSessionHandle!!!.
[2025-06-05 15:40:40.473] [0m[0;34mAPP     :INFO :@@@ gNumberOfUserinDTPCM = 2, pRangingData->no_of_measurements = 1,i=0
[2025-06-05 15:40:40.473] [0m[0;34mAPP     :INFO :Measure_NLOS = 0, Classification_NLOS =   0
[2025-06-05 15:40:40.473] [0mMaster_Distance_to_FFF7=33
[2025-06-05 15:40:40.473] [0;34mAPP     :INFO :Conten_Distance_MasterAnchor_to_FFF7=33
[2025-06-05 15:40:40.474] [0m[0;34mAPP     :INFO :Current User ( fff7 ) status is : SystemStatus = 0 , DiscoverStatus = 5 , TransactionState = 4 , AuthenticationState = 9
[2025-06-05 15:40:40.474] [0m[0;34mAPP     :INFO :@@@ User Speed is :( fff7 ) , 3 ,(cm/s)
[2025-06-05 15:40:40.474] [0m[0;34mAPP     :INFO :@ b = 33, c = 66, x = 16, y = 8
[2025-06-05 15:40:40.474] [0m[0;34mAPP     :INFO :@ a = 100, d = 100, m = 250, Gate = 100
[2025-06-05 15:40:40.474] [0m[0;34mAPP     :INFO :################################### into red area...##################################################
[2025-06-05 15:40:40.474] [0m[0;34mAPP     :INFO :Only 1 valid card detected, started transaction
[2025-06-05 15:40:40.474] [0m[0;33mAPP     :WARN : Write Card Time < 10s. Return.
[2025-06-05 15:40:40.474] [0m
[2025-06-05 15:40:40.474] [0;32mTMLUWB  :RX < :RECV                :02001700 02000002 00BBBB00 00000000 00C90006 000505FF F74400
[2025-06-05 15:40:40.474] [0m[0;34mAPP     :INFO :gMrmSessionHandle_Test!!!
[2025-06-05 15:40:40.474] [0mMaster_Distance_to_Slave=68
[2025-06-05 15:40:40.474] [0;34mAPP     :INFO :Conten_Distance_SlaveAnchor[BBBB]_to_FFF7=68
[2025-06-05 15:40:40.474] [0m{"@POSITION": 1, "Master": 33, "Slave": 68, "Gate": 100, "nLos": 0, "idx": 0, "LiftDeep": 60, "RedAreaH": 0, "BlueAreaH": 250, "Speed":3, "User-X":16, "User-Y":8, "User-Z":0,"Auth":9, "Trans":4}
[2025-06-05 15:40:40.733] [0;32mTMLUWB  :RX < :RECV                :62000048 CC0D0000 01000000 00FA0000 00010000 05000001 00000000 01FFF700 001E0000 00640000 64000000 00000003 76000000 00000000 00000000 0E000000 00010300 01030000 00000000
[2025-06-05 15:40:40.734] [0m[0;34mAPP     :INFO :@@@ updateKeepAlive( ): User[1] FFF7 Keep alive = 79
[2025-06-05 15:40:40.734] [0m[0;34mAPP     :INFO :gCapSessionHandle!!!.
[2025-06-05 15:40:40.734] [0m[0;34mAPP     :INFO :@@@ gNumberOfUserinDTPCM = 2, pRangingData->no_of_measurements = 1,i=0
[2025-06-05 15:40:40.734] [0m[0;34mAPP     :INFO :Measure_NLOS = 0, Classification_NLOS =   0
[2025-06-05 15:40:40.734] [0mMaster_Distance_to_FFF7=30
[2025-06-05 15:40:40.734] [0;34mAPP     :INFO :Conten_Distance_MasterAnchor_to_FFF7=30
[2025-06-05 15:40:40.734] [0m[0;34mAPP     :INFO :Current User ( fff7 ) status is : SystemStatus = 0 , DiscoverStatus = 5 , TransactionState = 4 , AuthenticationState = 9
[2025-06-05 15:40:40.734] [0m[0;34mAPP     :INFO :@@@ User Speed is :( fff7 ) , 11 ,(cm/s)
[2025-06-05 15:40:40.734] [0m[0;34mAPP     :INFO :@ b = 30, c = 68, x = 18, y = 11
[2025-06-05 15:40:40.734] [0m[0;34mAPP     :INFO :@ a = 100, d = 100, m = 250, Gate = 100
[2025-06-05 15:40:40.734] [0m[0;34mAPP     :INFO :################################### into red area...##################################################
[2025-06-05 15:40:40.734] [0m[0;34mAPP     :INFO :Only 1 valid card detected, started transaction
[2025-06-05 15:40:40.734] [0m[0;33mAPP     :WARN : Write Card Time < 10s. Return.
[2025-06-05 15:40:40.734] [0m
[2025-06-05 15:40:40.734] [0;32mTMLUWB  :RX < :RECV                :02001700 02000002 00BBBB00 00000000 00CA0006 000505FF F73F00
[2025-06-05 15:40:40.735] [0m[0;34mAPP     :INFO :gMrmSessionHandle_Test!!!
[2025-06-05 15:40:40.735] [0mMaster_Distance_to_Slave=63
[2025-06-05 15:40:40.735] [0;34mAPP     :INFO :Conten_Distance_SlaveAnchor[BBBB]_to_FFF7=63
[2025-06-05 15:40:40.735] [0m{"@POSITION": 1, "Master": 30, "Slave": 63, "Gate": 100, "nLos": 0, "idx": 0, "LiftDeep": 59, "RedAreaH": 0, "BlueAreaH": 250, "Speed":11, "User-X":18, "User-Y":11, "User-Z":0,"Auth":9, "Trans":4}
[2025-06-05 15:40:40.975] [0;32mTMLUWB  :RX < :RECV                :62000048 CD0D0000 01000000 00FA0000 00010000 05000001 00000000 01FFF700 00200000 00640000 64000000 00000003 79000000 00000000 00000000 0E000000 00010300 01030000 00000000
[2025-06-05 15:40:40.975] [0m[0;34mAPP     :INFO :@@@ updateKeepAlive( ): User[1] FFF7 Keep alive = 79
[2025-06-05 15:40:40.975] [0m[0;34mAPP     :INFO :gCapSessionHandle!!!.
[2025-06-05 15:40:40.975] [0m[0;34mAPP     :INFO :@@@ gNumberOfUserinDTPCM = 2, pRangingData->no_of_measurements = 1,i=0
[2025-06-05 15:40:40.975] [0m[0;34mAPP     :INFO :Measure_NLOS = 0, Classification_NLOS =   0
[2025-06-05 15:40:40.975] [0mMaster_Distance_to_FFF7=32
[2025-06-05 15:40:40.975] [0;34mAPP     :INFO :Conten_Distance_MasterAnchor_to_FFF7=32
[2025-06-05 15:40:40.976] [0m[0;34mAPP     :INFO :Current User ( fff7 ) status is : SystemStatus = 0 , DiscoverStatus = 5 , TransactionState = 4 , AuthenticationState = 9
[2025-06-05 15:40:40.976] [0m[0;34mAPP     :INFO :@@@ User Speed is :( fff7 ) , 4 ,(cm/s)
[2025-06-05 15:40:40.976] [0m[0;34mAPP     :INFO :@ b = 32, c = 63, x = 14, y = 16
[2025-06-05 15:40:40.976] [0m[0;34mAPP     :INFO :@ a = 100, d = 100, m = 250, Gate = 100
[2025-06-05 15:40:40.976] [0m[0;34mAPP     :INFO :################################### into red area...##################################################
[2025-06-05 15:40:40.976] [0m[0;34mAPP     :INFO :Only 1 valid card detected, started transaction
[2025-06-05 15:40:40.976] [0m[0;33mAPP     :WARN : Write Card Time < 10s. Return.
[2025-06-05 15:40:40.976] [0m
[2025-06-05 15:40:40.976] [0;32mTMLUWB  :RX < :RECV                :02001700 02000002 00BBBB00 00000000 00CB0006 000505FF F74300
[2025-06-05 15:40:40.976] [0m[0;34mAPP     :INFO :gMrmSessionHandle_Test!!!
[2025-06-05 15:40:40.976] [0mMaster_Distance_to_Slave=67
[2025-06-05 15:40:40.976] [0;34mAPP     :INFO :Conten_Distance_SlaveAnchor[BBBB]_to_FFF7=67
[2025-06-05 15:40:40.976] [0m{"@POSITION": 1, "Master": 32, "Slave": 67, "Gate": 100, "nLos": 0, "idx": 0, "LiftDeep": 60, "RedAreaH": 0, "BlueAreaH": 250, "Speed":4, "User-X":14, "User-Y":16, "User-Z":0,"Auth":9, "Trans":4}
[2025-06-05 15:40:41.232] [0;32mTMLUWB  :RX < :RECV                :62000048 CE0D0000 01000000 00FA0000 00010000 05000001 00000000 01FFF700 00210000 00640000 64000000 00000003 7B000000 00000000 00000000 0E000000 00010300 01030000 00000000
[2025-06-05 15:40:41.232] [0m[0;34mAPP     :INFO :@@@ updateKeepAlive( ): User[1] FFF7 Keep alive = 79
[2025-06-05 15:40:41.232] [0m[0;34mAPP     :INFO :gCapSessionHandle!!!.
[2025-06-05 15:40:41.232] [0m[0;34mAPP     :INFO :@@@ gNumberOfUserinDTPCM = 2, pRangingData->no_of_measurements = 1,i=0
[2025-06-05 15:40:41.232] [0m[0;34mAPP     :INFO :Measure_NLOS = 0, Classification_NLOS =   0
[2025-06-05 15:40:41.232] [0mMaster_Distance_to_FFF7=33
[2025-06-05 15:40:41.232] [0;34mAPP     :INFO :Conten_Distance_MasterAnchor_to_FFF7=33
[2025-06-05 15:40:41.232] [0m[0;34mAPP     :INFO :Current User ( fff7 ) status is : SystemStatus = 0 , DiscoverStatus = 5 , TransactionState = 4 , AuthenticationState = 9
[2025-06-05 15:40:41.232] [0m[0;34mAPP     :INFO :@@@ User Speed is :( fff7 ) , 8 ,(cm/s)
[2025-06-05 15:40:41.232] [0m[0;34mAPP     :INFO :@ b = 33, c = 67, x = 17, y = 0
[2025-06-05 15:40:41.232] [0m[0;34mAPP     :INFO :@ a = 100, d = 100, m = 250, Gate = 100
[2025-06-05 15:40:41.232] [0m[0;34mAPP     :INFO :################################### into red area...##################################################
[2025-06-05 15:40:41.233] [0m[0;34mAPP     :INFO :Only 1 valid card detected, started transaction
[2025-06-05 15:40:41.233] [0m[0;33mAPP     :WARN : Write Card Time < 10s. Return.
[2025-06-05 15:40:41.233] [0m
[2025-06-05 15:40:41.233] [0;32mTMLUWB  :RX < :RECV                :02001700 02000002 00BBBB00 00000000 00CC0006 000505FF F73F00
[2025-06-05 15:40:41.233] [0m[0;34mAPP     :INFO :gMrmSessionHandle_Test!!!
[2025-06-05 15:40:41.233] [0mMaster_Distance_to_Slave=63
[2025-06-05 15:40:41.233] [0;34mAPP     :INFO :Conten_Distance_SlaveAnchor[BBBB]_to_FFF7=63
[2025-06-05 15:40:41.235] [0m{"@POSITION": 1, "Master": 33, "Slave": 63, "Gate": 100, "nLos": 0, "idx": 0, "LiftDeep": 61, "RedAreaH": 0, "BlueAreaH": 250, "Speed":8, "User-X":17, "User-Y":0, "User-Z":0,"Auth":9, "Trans":4}
[2025-06-05 15:40:41.480] [0;32mTMLUWB  :RX < :RECV                :62000048 CF0D0000 01000000 00FA0000 00010000 05000001 00000000 01FFF700 00200000 00640000 64000000 00000003 7A000000 00000000 00000000 0E000000 00010300 01030000 00000000
[2025-06-05 15:40:41.480] [0m[0;34mAPP     :INFO :@@@ updateKeepAlive( ): User[1] FFF7 Keep alive = 79
[2025-06-05 15:40:41.480] [0m[0;34mAPP     :INFO :gCapSessionHandle!!!.
[2025-06-05 15:40:41.480] [0m[0;34mAPP     :INFO :@@@ gNumberOfUserinDTPCM = 2, pRangingData->no_of_measurements = 1,i=0
[2025-06-05 15:40:41.480] [0m[0;34mAPP     :INFO :Measure_NLOS = 0, Classification_NLOS =   0
[2025-06-05 15:40:41.480] [0mMaster_Distance_to_FFF7=32
[2025-06-05 15:40:41.480] [0;34mAPP     :INFO :Conten_Distance_MasterAnchor_to_FFF7=32
[2025-06-05 15:40:41.482] [0m[0;34mAPP     :INFO :Current User ( fff7 ) status is : SystemStatus = 0 , DiscoverStatus = 5 , TransactionState = 4 , AuthenticationState = 9
[2025-06-05 15:40:41.482] [0m[0;34mAPP     :INFO :@@@ User Speed is :( fff7 ) , 6 ,(cm/s)
[2025-06-05 15:40:41.482] [0m[0;34mAPP     :INFO :@ b = 32, c = 63, x = 14, y = 16
[2025-06-05 15:40:41.482] [0m[0;34mAPP     :INFO :@ a = 100, d = 100, m = 250, Gate = 100
[2025-06-05 15:40:41.482] [0m[0;34mAPP     :INFO :################################### into red area...##################################################
[2025-06-05 15:40:41.482] [0m[0;34mAPP     :INFO :Only 1 valid card detected, started transaction
[2025-06-05 15:40:41.482] [0m[0;33mAPP     :WARN : Write Card Time < 10s. Return.
[2025-06-05 15:40:41.482] [0m
[2025-06-05 15:40:41.482] [0;32mTMLUWB  :RX < :RECV                :02001700 02000002 00BBBB00 00000000 00CD0006 000505FF F74200
[2025-06-05 15:40:41.482] [0m[0;34mAPP     :INFO :gMrmSessionHandle_Test!!!
[2025-06-05 15:40:41.482] [0mMaster_Distance_to_Slave=66
[2025-06-05 15:40:41.482] [0;34mAPP     :INFO :Conten_Distance_SlaveAnchor[BBBB]_to_FFF7=66
[2025-06-05 15:40:41.482] [0m{"@POSITION": 1, "Master": 32, "Slave": 66, "Gate": 100, "nLos": 0, "idx": 0, "LiftDeep": 61, "RedAreaH": 0, "BlueAreaH": 250, "Speed":6, "User-X":14, "User-Y":16, "User-Z":0,"Auth":9, "Trans":4}
[2025-06-05 15:40:41.720] [0;32mTMLUWB  :RX < :RECV                :62000048 D00D0000 01000000 00FA0000 00010000 05000001 00000000 01FFF700 00210000 00640000 64000000 00000003 7A000000 00000000 00000000 0E000000 00010300 01030000 00000000
[2025-06-05 15:40:41.720] [0m[0;34mAPP     :INFO :@@@ updateKeepAlive( ): User[1] FFF7 Keep alive = 79
[2025-06-05 15:40:41.720] [0m[0;34mAPP     :INFO :gCapSessionHandle!!!.
[2025-06-05 15:40:41.720] [0m[0;34mAPP     :INFO :@@@ gNumberOfUserinDTPCM = 2, pRangingData->no_of_measurements = 1,i=0
[2025-06-05 15:40:41.720] [0m[0;34mAPP     :INFO :Measure_NLOS = 0, Classification_NLOS =   0
[2025-06-05 15:40:41.721] [0mMaster_Distance_to_FFF7=33
[2025-06-05 15:40:41.721] [0;34mAPP     :INFO :Conten_Distance_MasterAnchor_to_FFF7=33
[2025-06-05 15:40:41.721] [0m[0;34mAPP     :INFO :Current User ( fff7 ) status is : SystemStatus = 0 , DiscoverStatus = 5 , TransactionState = 4 , AuthenticationState = 9
[2025-06-05 15:40:41.721] [0m[0;34mAPP     :INFO :@@@ User Speed is :( fff7 ) , 8 ,(cm/s)
[2025-06-05 15:40:41.721] [0m[0;34mAPP     :INFO :@ b = 33, c = 66, x = 16, y = 8
[2025-06-05 15:40:41.721] [0m[0;34mAPP     :INFO :@ a = 100, d = 100, m = 250, Gate = 100
[2025-06-05 15:40:41.721] [0m[0;34mAPP     :INFO :################################### into red area...##################################################
[2025-06-05 15:40:41.721] [0m[0;34mAPP     :INFO :Only 1 valid card detected, started transaction
[2025-06-05 15:40:41.721] [0m[0;33mAPP     :WARN : Write Card Time < 10s. Return.
[2025-06-05 15:40:41.721] [0m
[2025-06-05 15:40:41.721] [0;32mTMLUWB  :RX < :RECV                :02001700 02000002 00BBBB00 00000000 00CE0006 000505FF F73F00
[2025-06-05 15:40:41.721] [0m[0;34mAPP     :INFO :gMrmSessionHandle_Test!!!
[2025-06-05 15:40:41.721] [0mMaster_Distance_to_Slave=63
[2025-06-05 15:40:41.721] [0;34mAPP     :INFO :Conten_Distance_SlaveAnchor[BBBB]_to_FFF7=63
[2025-06-05 15:40:41.721] [0m{"@POSITION": 1, "Master": 33, "Slave": 63, "Gate": 100, "nLos": 0, "idx": 0, "LiftDeep": 61, "RedAreaH": 0, "BlueAreaH": 250, "Speed":8, "User-X":16, "User-Y":8, "User-Z":0,"Auth":9, "Trans":4}
[2025-06-05 15:40:41.981] [0;32mTMLUWB  :RX < :RECV                :62000048 D10D0000 01000000 00FA0000 00010000 05000001 00000000 01FFF700 00220000 00640000 64000000 00000003 7C000000 00000000 00000000 0E000000 00010300 01030000 00000000
[2025-06-05 15:40:41.981] [0m[0;34mAPP     :INFO :@@@ updateKeepAlive( ): User[1] FFF7 Keep alive = 79
[2025-06-05 15:40:41.981] [0m[0;34mAPP     :INFO :gCapSessionHandle!!!.
[2025-06-05 15:40:41.983] [0m[0;34mAPP     :INFO :@@@ gNumberOfUserinDTPCM = 2, pRangingData->no_of_measurements = 1,i=0
[2025-06-05 15:40:41.983] [0m[0;34mAPP     :INFO :Measure_NLOS = 0, Classification_NLOS =   0
[2025-06-05 15:40:41.983] [0mMaster_Distance_to_FFF7=34
[2025-06-05 15:40:41.983] [0;34mAPP     :INFO :Conten_Distance_MasterAnchor_to_FFF7=34
[2025-06-05 15:40:41.983] [0m[0;34mAPP     :INFO :Current User ( fff7 ) status is : SystemStatus = 0 , DiscoverStatus = 5 , TransactionState = 4 , AuthenticationState = 9
[2025-06-05 15:40:41.983] [0m[0;34mAPP     :INFO :@@@ User Speed is :( fff7 ) , 11 ,(cm/s)
[2025-06-05 15:40:41.984] [0m[0;34mAPP     :INFO :@ b = 34, c = 63, x = 14, y = 11
[2025-06-05 15:40:41.984] [0m[0;34mAPP     :INFO :@ a = 100, d = 100, m = 250, Gate = 100
[2025-06-05 15:40:41.984] [0m[0;34mAPP     :INFO :################################### into red area...##################################################
[2025-06-05 15:40:41.984] [0m[0;34mAPP     :INFO :Only 1 valid card detected, started transaction
[2025-06-05 15:40:41.984] [0m[0;33mAPP     :WARN : Write Card Time < 10s. Return.
[2025-06-05 15:40:41.984] [0m
[2025-06-05 15:40:41.984] [0;32mTMLUWB  :RX < :RECV                :02001700 02000002 00BBBB00 00000000 00CF0006 000505FF F73F00
[2025-06-05 15:40:41.984] [0m[0;34mAPP     :INFO :gMrmSessionHandle_Test!!!
[2025-06-05 15:40:41.984] [0mMaster_Distance_to_Slave=63
[2025-06-05 15:40:41.986] [0;34mAPP     :INFO :Conten_Distance_SlaveAnchor[BBBB]_to_FFF7=63
[2025-06-05 15:40:41.986] [0m{"@POSITION": 1, "Master": 34, "Slave": 63, "Gate": 100, "nLos": 0, "idx": 0, "LiftDeep": 62, "RedAreaH": 0, "BlueAreaH": 250, "Speed":11, "User-X":14, "User-Y":11, "User-Z":0,"Auth":9, "Trans":4}
[2025-06-05 15:40:42.217] [0;32mTMLUWB  :RX < :RECV                :62000048 D20D0000 01000000 00FA0000 00010000 05000001 00000000 01FFF700 00220000 00640000 64000000 00000003 7A000000 00000000 00000000 0E000000 00010300 01030000 00000000
[2025-06-05 15:40:42.218] [0m[0;34mAPP     :INFO :@@@ updateKeepAlive( ): User[1] FFF7 Keep alive = 79
[2025-06-05 15:40:42.218] [0m[0;34mAPP     :INFO :gCapSessionHandle!!!.
[2025-06-05 15:40:42.218] [0m[0;34mAPP     :INFO :@@@ gNumberOfUserinDTPCM = 2, pRangingData->no_of_measurements = 1,i=0
[2025-06-05 15:40:42.218] [0m[0;34mAPP     :INFO :Measure_NLOS = 0, Classification_NLOS =   0
[2025-06-05 15:40:42.218] [0mMaster_Distance_to_FFF7=34
[2025-06-05 15:40:42.218] [0;34mAPP     :INFO :Conten_Distance_MasterAnchor_to_FFF7=34
[2025-06-05 15:40:42.218] [0m[0;34mAPP     :INFO :Current User ( fff7 ) status is : SystemStatus = 0 , DiscoverStatus = 5 , TransactionState = 4 , AuthenticationState = 9
[2025-06-05 15:40:42.218] [0m[0;34mAPP     :INFO :@@@ User Speed is :( fff7 ) , 5 ,(cm/s)
[2025-06-05 15:40:42.218] [0m[0;34mAPP     :INFO :@ b = 34, c = 63, x = 14, y = 11
[2025-06-05 15:40:42.219] [0m[0;34mAPP     :INFO :@ a = 100, d = 100, m = 250, Gate = 100
[2025-06-05 15:40:42.219] [0m[0;34mAPP     :INFO :################################### into red area...##################################################
[2025-06-05 15:40:42.219] [0m[0;34mAPP     :INFO :Only 1 valid card detected, started transaction
[2025-06-05 15:40:42.219] [0m[0;33mAPP     :WARN : Write Card Time < 10s. Return.
[2025-06-05 15:40:42.219] [0m
[2025-06-05 15:40:42.219] [0;32mTMLUWB  :RX < :RECV                :02001700 02000002 00BBBB00 00000000 00D00006 000505FF F73F00
[2025-06-05 15:40:42.219] [0m[0;34mAPP     :INFO :gMrmSessionHandle_Test!!!
[2025-06-05 15:40:42.219] [0mMaster_Distance_to_Slave=63
[2025-06-05 15:40:42.219] [0;34mAPP     :INFO :Conten_Distance_SlaveAnchor[BBBB]_to_FFF7=63
[2025-06-05 15:40:42.219] [0m{"@POSITION": 1, "Master": 34, "Slave": 63, "Gate": 100, "nLos": 0, "idx": 0, "LiftDeep": 61, "RedAreaH": 0, "BlueAreaH": 250, "Speed":5, "User-X":14, "User-Y":11, "User-Z":0,"Auth":9, "Trans":4}
[2025-06-05 15:40:42.487] [0;32mTMLUWB  :RX < :RECV                :62000048 D30D0000 01000000 00FA0000 00010000 05000001 00000000 01FFF700 00210000 00640000 64000000 00000003 79000000 00000000 00000000 0E000000 00010300 01030000 00000000
[2025-06-05 15:40:42.488] [0m[0;34mAPP     :INFO :@@@ updateKeepAlive( ): User[1] FFF7 Keep alive = 79
[2025-06-05 15:40:42.488] [0m[0;34mAPP     :INFO :gCapSessionHandle!!!.
[2025-06-05 15:40:42.488] [0m[0;34mAPP     :INFO :@@@ gNumberOfUserinDTPCM = 2, pRangingData->no_of_measurements = 1,i=0
[2025-06-05 15:40:42.488] [0m[0;34mAPP     :INFO :Measure_NLOS = 0, Classification_NLOS =   0
[2025-06-05 15:40:42.488] [0mMaster_Distance_to_FFF7=33
[2025-06-05 15:40:42.488] [0;34mAPP     :INFO :Conten_Distance_MasterAnchor_to_FFF7=33
[2025-06-05 15:40:42.488] [0m[0;34mAPP     :INFO :Current User ( fff7 ) status is : SystemStatus = 0 , DiscoverStatus = 5 , TransactionState = 4 , AuthenticationState = 9
[2025-06-05 15:40:42.488] [0m[0;34mAPP     :INFO :@@@ User Speed is :( fff7 ) , 6 ,(cm/s)
[2025-06-05 15:40:42.488] [0m[0;34mAPP     :INFO :@ b = 33, c = 63, x = 14, y = 14
[2025-06-05 15:40:42.488] [0m[0;34mAPP     :INFO :@ a = 100, d = 100, m = 250, Gate = 100
[2025-06-05 15:40:42.489] [0m[0;34mAPP     :INFO :################################### into red area...##################################################
[2025-06-05 15:40:42.489] [0m[0;34mAPP     :INFO :Only 1 valid card detected, started transaction
[2025-06-05 15:40:42.489] [0m[0;33mAPP     :WARN : Write Card Time < 10s. Return.
[2025-06-05 15:40:42.489] [0m
[2025-06-05 15:40:42.489] [0;32mTMLUWB  :RX < :RECV                :02001700 02000002 00BBBB00 00000000 00D10006 000505FF F73E00
[2025-06-05 15:40:42.489] [0m[0;34mAPP     :INFO :gMrmSessionHandle_Test!!!
[2025-06-05 15:40:42.489] [0mMaster_Distance_to_Slave=62
[2025-06-05 15:40:42.489] [0;34mAPP     :INFO :Conten_Distance_SlaveAnchor[BBBB]_to_FFF7=62
[2025-06-05 15:40:42.489] [0m{"@POSITION": 1, "Master": 33, "Slave": 62, "Gate": 100, "nLos": 0, "idx": 0, "LiftDeep": 60, "RedAreaH": 0, "BlueAreaH": 250, "Speed":6, "User-X":14, "User-Y":14, "User-Z":0,"Auth":9, "Trans":4}
