[2025-05-20 17:32:42.660] [0;32mTMLUWB  :RX < :RECV                :62000048 3D9C0100 01000000 00FA0000 00010000 05000001 00000000 01070900 006B0000 00640000 64000000 00000003 92000000 00000000 00000000 0E000000 00010300 01030000 00000000
[2025-05-20 17:32:42.661] [0m[0;34mAPP     :INFO :@@@ updateKeepAlive( ): User[1] 709 Keep alive = 79
[2025-05-20 17:32:42.661] [0m[0;34mAPP     :INFO :gCapSessionHandle!!!.
[2025-05-20 17:32:42.661] [0m[0;34mAPP     :INFO :@@@ gNumberOfUserinDTPCM = 2, pRangingData->no_of_measurements = 1,i=0
[2025-05-20 17:32:42.661] [0m[0;34mAPP     :INFO :Measure_NLOS = 0, Classification_NLOS =   0
[2025-05-20 17:32:42.661] [0m[0;34mAPP     :INFO :Conten_Distance_MasterAnchor_to_709=107
[2025-05-20 17:32:42.661] [0m[0;34mAPP     :INFO :Current User ( 709 ) status is : SystemStatus = 0 , DiscoverStatus = 4 , TransactionState = 4 , AuthenticationState = 9
[2025-05-20 17:32:42.661] [0mKF_predict(): Predicted value = 0, Measurement = 0
[2025-05-20 17:32:42.661] [0;34mAPP     :INFO :@@@ User Speed is :( 709 ) , 1 ,(cm/s)
[2025-05-20 17:32:42.661] [0m[0;34mAPP     :INFO :@ b = 107, c = 50, x = -44, y = 51
[2025-05-20 17:32:42.662] [0m[0;34mAPP     :INFO :@ a = 100, d = 100, m = 250, Gate = 100
[2025-05-20 17:32:42.662] [0m[0;34mAPP     :INFO :################################### into blue area...##################################################
[2025-05-20 17:32:42.662] [0m[0;34mAPP     :INFO :No User to r or w | SystemStatus = 0
[2025-05-20 17:32:42.662] [0m
[2025-05-20 17:32:42.912] [0;32mTMLUWB  :RX < :RECV                :62000048 3E9C0100 01000000 00FA0000 00010000 05000001 00000000 01070900 006B0000 00640000 64000000 00000003 92000000 00000000 00000000 0E000000 00010300 01030000 00000000
[2025-05-20 17:32:42.912] [0m[0;34mAPP     :INFO :@@@ updateKeepAlive( ): User[1] 709 Keep alive = 79
[2025-05-20 17:32:42.912] [0m[0;34mAPP     :INFO :gCapSessionHandle!!!.
[2025-05-20 17:32:42.912] [0m[0;34mAPP     :INFO :@@@ gNumberOfUserinDTPCM = 2, pRangingData->no_of_measurements = 1,i=0
[2025-05-20 17:32:42.912] [0m[0;34mAPP     :INFO :Measure_NLOS = 0, Classification_NLOS =   0
[2025-05-20 17:32:42.912] [0m[0;34mAPP     :INFO :Conten_Distance_MasterAnchor_to_709=107
[2025-05-20 17:32:42.912] [0m[0;34mAPP     :INFO :Current User ( 709 ) status is : SystemStatus = 0 , DiscoverStatus = 4 , TransactionState = 4 , AuthenticationState = 9
[2025-05-20 17:32:42.912] [0mKF_predict(): Predicted value = 0, Measurement = 0
[2025-05-20 17:32:42.912] [0;34mAPP     :INFO :@@@ User Speed is :( 709 ) , 1 ,(cm/s)
[2025-05-20 17:32:42.912] [0m[0;34mAPP     :INFO :@ b = 107, c = 50, x = -44, y = 51
[2025-05-20 17:32:42.912] [0m[0;34mAPP     :INFO :@ a = 100, d = 100, m = 250, Gate = 100
[2025-05-20 17:32:42.912] [0m[0;34mAPP     :INFO :################################### into blue area...##################################################
[2025-05-20 17:32:42.912] [0m[0;34mAPP     :INFO :No User to r or w | SystemStatus = 0
[2025-05-20 17:32:42.912] [0m
[2025-05-20 17:32:43.161] [0;32mTMLUWB  :RX < :RECV                :62000048 3F9C0100 01000000 00FA0000 00010000 05000001 00000000 01070900 006C0000 00640000 64000000 00000003 95000000 00000000 00000000 0E000000 00010300 01030000 00000000
[2025-05-20 17:32:43.161] [0m[0;34mAPP     :INFO :@@@ updateKeepAlive( ): User[1] 709 Keep alive = 79
[2025-05-20 17:32:43.161] [0m[0;34mAPP     :INFO :gCapSessionHandle!!!.
[2025-05-20 17:32:43.161] [0m[0;34mAPP     :INFO :@@@ gNumberOfUserinDTPCM = 2, pRangingData->no_of_measurements = 1,i=0
[2025-05-20 17:32:43.161] [0m[0;34mAPP     :INFO :Measure_NLOS = 0, Classification_NLOS =   0
[2025-05-20 17:32:43.161] [0m[0;34mAPP     :INFO :Conten_Distance_MasterAnchor_to_709=108
[2025-05-20 17:32:43.161] [0m[0;34mAPP     :INFO :Current User ( 709 ) status is : SystemStatus = 0 , DiscoverStatus = 4 , TransactionState = 4 , AuthenticationState = 9
[2025-05-20 17:32:43.161] [0mKF_predict(): Predicted value = 0, Measurement = 0
[2025-05-20 17:32:43.161] [0;34mAPP     :INFO :@@@ User Speed is :( 709 ) , 1 ,(cm/s)
[2025-05-20 17:32:43.161] [0m[0;34mAPP     :INFO :@ b = 108, c = 50, x = -45, y = 51
[2025-05-20 17:32:43.161] [0m[0;34mAPP     :INFO :@ a = 100, d = 100, m = 250, Gate = 100
[2025-05-20 17:32:43.161] [0m[0;34mAPP     :INFO :################################### into blue area...##################################################
[2025-05-20 17:32:43.161] [0m[0;34mAPP     :INFO :No User to r or w | SystemStatus = 0
[2025-05-20 17:32:43.161] [0m
[2025-05-20 17:32:43.404] [0;32mTMLUWB  :RX < :RECV                :62000048 409C0100 01000000 00FA0000 00010000 05000001 00000000 01070900 006B0000 00640000 64000000 00000003 93000000 00000000 00000000 0E000000 00010300 01030000 00000000
[2025-05-20 17:32:43.405] [0m[0;34mAPP     :INFO :@@@ updateKeepAlive( ): User[1] 709 Keep alive = 79
[2025-05-20 17:32:43.405] [0m[0;34mAPP     :INFO :gCapSessionHandle!!!.
[2025-05-20 17:32:43.405] [0m[0;34mAPP     :INFO :@@@ gNumberOfUserinDTPCM = 2, pRangingData->no_of_measurements = 1,i=0
[2025-05-20 17:32:43.405] [0m[0;34mAPP     :INFO :Measure_NLOS = 0, Classification_NLOS =   0
[2025-05-20 17:32:43.405] [0m[0;34mAPP     :INFO :Conten_Distance_MasterAnchor_to_709=107
[2025-05-20 17:32:43.405] [0m[0;34mAPP     :INFO :Current User ( 709 ) status is : SystemStatus = 0 , DiscoverStatus = 4 , TransactionState = 4 , AuthenticationState = 9
[2025-05-20 17:32:43.405] [0mKF_predict(): Predicted value = 0, Measurement = 0
[2025-05-20 17:32:43.405] [0;34mAPP     :INFO :@@@ User Speed is :( 709 ) , 0 ,(cm/s)
[2025-05-20 17:32:43.405] [0m[0;34mAPP     :INFO :@ b = 107, c = 50, x = -44, y = 51
[2025-05-20 17:32:43.405] [0m[0;34mAPP     :INFO :@ a = 100, d = 100, m = 250, Gate = 100
[2025-05-20 17:32:43.405] [0m[0;34mAPP     :INFO :################################### into blue area...##################################################
[2025-05-20 17:32:43.405] [0m[0;34mAPP     :INFO :No User to r or w | SystemStatus = 0
[2025-05-20 17:32:43.405] [0m
[2025-05-20 17:32:43.662] [0;32mTMLUWB  :RX < :RECV                :62000048 419C0100 01000000 00FA0000 00010000 05000001 00000000 01070900 006C0000 00640000 64000000 00000003 94000000 00000000 00000000 0E000000 00010300 01030000 00000000
[2025-05-20 17:32:43.662] [0m[0;34mAPP     :INFO :@@@ updateKeepAlive( ): User[1] 709 Keep alive = 79
[2025-05-20 17:32:43.662] [0m[0;34mAPP     :INFO :gCapSessionHandle!!!.
[2025-05-20 17:32:43.662] [0m[0;34mAPP     :INFO :@@@ gNumberOfUserinDTPCM = 2, pRangingData->no_of_measurements = 1,i=0
[2025-05-20 17:32:43.662] [0m[0;34mAPP     :INFO :Measure_NLOS = 0, Classification_NLOS =   0
[2025-05-20 17:32:43.663] [0m[0;34mAPP     :INFO :Conten_Distance_MasterAnchor_to_709=108
[2025-05-20 17:32:43.663] [0m[0;34mAPP     :INFO :Current User ( 709 ) status is : SystemStatus = 0 , DiscoverStatus = 4 , TransactionState = 4 , AuthenticationState = 9
[2025-05-20 17:32:43.663] [0mKF_predict(): Predicted value = 0, Measurement = 0
[2025-05-20 17:32:43.663] [0;34mAPP     :INFO :@@@ User Speed is :( 709 ) , 1 ,(cm/s)
[2025-05-20 17:32:43.663] [0m[0;34mAPP     :INFO :@ b = 108, c = 50, x = -45, y = 51
[2025-05-20 17:32:43.663] [0m[0;34mAPP     :INFO :@ a = 100, d = 100, m = 250, Gate = 100
[2025-05-20 17:32:43.663] [0m[0;34mAPP     :INFO :################################### into blue area...##################################################
[2025-05-20 17:32:43.663] [0m[0;34mAPP     :INFO :No User to r or w | SystemStatus = 0
[2025-05-20 17:32:43.663] [0m
[2025-05-20 17:32:43.910] [0;32mTMLUWB  :RX < :RECV                :62000048 429C0100 01000000 00FA0000 00010000 05000001 00000000 01070900 006C0000 00640000 64000000 00000003 94000000 00000000 00000000 0E000000 00010300 01030000 00000000
[2025-05-20 17:32:43.910] [0m[0;34mAPP     :INFO :@@@ updateKeepAlive( ): User[1] 709 Keep alive = 79
[2025-05-20 17:32:43.910] [0m[0;34mAPP     :INFO :gCapSessionHandle!!!.
[2025-05-20 17:32:43.910] [0m[0;34mAPP     :INFO :@@@ gNumberOfUserinDTPCM = 2, pRangingData->no_of_measurements = 1,i=0
[2025-05-20 17:32:43.910] [0m[0;34mAPP     :INFO :Measure_NLOS = 0, Classification_NLOS =   0
[2025-05-20 17:32:43.910] [0m[0;34mAPP     :INFO :Conten_Distance_MasterAnchor_to_709=108
[2025-05-20 17:32:43.911] [0m[0;34mAPP     :INFO :Current User ( 709 ) status is : SystemStatus = 0 , DiscoverStatus = 4 , TransactionState = 4 , AuthenticationState = 9
[2025-05-20 17:32:43.911] [0mKF_predict(): Predicted value = 0, Measurement = 0
[2025-05-20 17:32:43.911] [0;34mAPP     :INFO :@@@ User Speed is :( 709 ) , 0 ,(cm/s)
[2025-05-20 17:32:43.911] [0m[0;34mAPP     :INFO :@ b = 108, c = 50, x = -45, y = 51
[2025-05-20 17:32:43.911] [0m[0;34mAPP     :INFO :@ a = 100, d = 100, m = 250, Gate = 100
[2025-05-20 17:32:43.911] [0m[0;34mAPP     :INFO :################################### into blue area...##################################################
[2025-05-20 17:32:43.911] [0m[0;34mAPP     :INFO :No User to r or w | SystemStatus = 0
[2025-05-20 17:32:43.911] [0m
[2025-05-20 17:32:44.157] [0;32mTMLUWB  :RX < :RECV                :62000048 439C0100 01000000 00FA0000 00010000 05000001 00000000 01070900 006B0000 00640000 64000000 00000003 99000000 00000000 00000000 0E000000 00010300 01030000 00000000
[2025-05-20 17:32:44.157] [0m[0;34mAPP     :INFO :@@@ updateKeepAlive( ): User[1] 709 Keep alive = 79
[2025-05-20 17:32:44.157] [0m[0;34mAPP     :INFO :gCapSessionHandle!!!.
[2025-05-20 17:32:44.157] [0m[0;34mAPP     :INFO :@@@ gNumberOfUserinDTPCM = 2, pRangingData->no_of_measurements = 1,i=0
[2025-05-20 17:32:44.157] [0m[0;34mAPP     :INFO :Measure_NLOS = 0, Classification_NLOS =   0
[2025-05-20 17:32:44.157] [0m[0;34mAPP     :INFO :Conten_Distance_MasterAnchor_to_709=107
[2025-05-20 17:32:44.157] [0m[0;34mAPP     :INFO :Current User ( 709 ) status is : SystemStatus = 0 , DiscoverStatus = 4 , TransactionState = 4 , AuthenticationState = 9
[2025-05-20 17:32:44.158] [0mKF_predict(): Predicted value = 0, Measurement = 0
[2025-05-20 17:32:44.158] [0;34mAPP     :INFO :@@@ User Speed is :( 709 ) , 0 ,(cm/s)
[2025-05-20 17:32:44.158] [0m[0;34mAPP     :INFO :@ b = 107, c = 50, x = -44, y = 51
[2025-05-20 17:32:44.158] [0m[0;34mAPP     :INFO :@ a = 100, d = 100, m = 250, Gate = 100
[2025-05-20 17:32:44.158] [0m[0;34mAPP     :INFO :################################### into blue area...##################################################
[2025-05-20 17:32:44.158] [0m[0;34mAPP     :INFO :No User to r or w | SystemStatus = 0
[2025-05-20 17:32:44.158] [0m
[2025-05-20 17:32:44.405] [0;32mTMLUWB  :RX < :RECV                :62000048 449C0100 01000000 00FA0000 00010000 05000001 00000000 01070900 006A0000 00640000 64000000 00000003 95000000 00000000 00000000 0E000000 00010300 01030000 00000000
[2025-05-20 17:32:44.405] [0m[0;34mAPP     :INFO :@@@ updateKeepAlive( ): User[1] 709 Keep alive = 79
[2025-05-20 17:32:44.405] [0m[0;34mAPP     :INFO :gCapSessionHandle!!!.
[2025-05-20 17:32:44.405] [0m[0;34mAPP     :INFO :@@@ gNumberOfUserinDTPCM = 2, pRangingData->no_of_measurements = 1,i=0
[2025-05-20 17:32:44.405] [0m[0;34mAPP     :INFO :Measure_NLOS = 0, Classification_NLOS =   0
[2025-05-20 17:32:44.405] [0m[0;34mAPP     :INFO :Conten_Distance_MasterAnchor_to_709=106
[2025-05-20 17:32:44.405] [0m[0;34mAPP     :INFO :Current User ( 709 ) status is : SystemStatus = 0 , DiscoverStatus = 4 , TransactionState = 4 , AuthenticationState = 9
[2025-05-20 17:32:44.406] [0mKF_predict(): Predicted value = 0, Measurement = 0
[2025-05-20 17:32:44.406] [0;34mAPP     :INFO :@@@ User Speed is :( 709 ) , 2 ,(cm/s)
[2025-05-20 17:32:44.406] [0m[0;34mAPP     :INFO :@ b = 106, c = 50, x = -43, y = 50
[2025-05-20 17:32:44.406] [0m[0;34mAPP     :INFO :@ a = 100, d = 100, m = 250, Gate = 100
[2025-05-20 17:32:44.406] [0m[0;34mAPP     :INFO :################################### into blue area...##################################################
[2025-05-20 17:32:44.406] [0m[0;34mAPP     :INFO :No User to r or w | SystemStatus = 0
[2025-05-20 17:32:44.406] [0m
[2025-05-20 17:32:44.660] [0;32mTMLUWB  :RX < :RECV                :62000048 459C0100 01000000 00FA0000 00010000 05000001 00000000 01070900 006B0000 00640000 64000000 00000003 96000000 00000000 00000000 0E000000 00010300 01030000 00000000
[2025-05-20 17:32:44.661] [0m[0;34mAPP     :INFO :@@@ updateKeepAlive( ): User[1] 709 Keep alive = 79
[2025-05-20 17:32:44.661] [0m[0;34mAPP     :INFO :gCapSessionHandle!!!.
[2025-05-20 17:32:44.661] [0m[0;34mAPP     :INFO :@@@ gNumberOfUserinDTPCM = 2, pRangingData->no_of_measurements = 1,i=0
[2025-05-20 17:32:44.661] [0m[0;34mAPP     :INFO :Measure_NLOS = 0, Classification_NLOS =   0
[2025-05-20 17:32:44.661] [0m[0;34mAPP     :INFO :Conten_Distance_MasterAnchor_to_709=107
[2025-05-20 17:32:44.661] [0m[0;34mAPP     :INFO :Current User ( 709 ) status is : SystemStatus = 0 , DiscoverStatus = 4 , TransactionState = 4 , AuthenticationState = 9
[2025-05-20 17:32:44.661] [0mKF_predict(): Predicted value = 0, Measurement = 0
[2025-05-20 17:32:44.661] [0;34mAPP     :INFO :@@@ User Speed is :( 709 ) , 1 ,(cm/s)
[2025-05-20 17:32:44.661] [0m[0;34mAPP     :INFO :@ b = 107, c = 50, x = -44, y = 51
[2025-05-20 17:32:44.661] [0m[0;34mAPP     :INFO :@ a = 100, d = 100, m = 250, Gate = 100
[2025-05-20 17:32:44.661] [0m[0;34mAPP     :INFO :################################### into blue area...##################################################
[2025-05-20 17:32:44.661] [0m[0;34mAPP     :INFO :No User to r or w | SystemStatus = 0
[2025-05-20 17:32:44.661] [0m
[2025-05-20 17:32:44.911] [0;32mTMLUWB  :RX < :RECV                :62000048 469C0100 01000000 00FA0000 00010000 05000001 00000000 01070900 006B0000 00640000 64000000 00000003 96000000 00000000 00000000 0E000000 00010300 01030000 00000000
[2025-05-20 17:32:44.911] [0m[0;34mAPP     :INFO :@@@ updateKeepAlive( ): User[1] 709 Keep alive = 79
[2025-05-20 17:32:44.911] [0m[0;34mAPP     :INFO :gCapSessionHandle!!!.
[2025-05-20 17:32:44.911] [0m[0;34mAPP     :INFO :@@@ gNumberOfUserinDTPCM = 2, pRangingData->no_of_measurements = 1,i=0
[2025-05-20 17:32:44.912] [0m[0;34mAPP     :INFO :Measure_NLOS = 0, Classification_NLOS =   0
[2025-05-20 17:32:44.912] [0m[0;34mAPP     :INFO :Conten_Distance_MasterAnchor_to_709=107
[2025-05-20 17:32:44.912] [0m[0;34mAPP     :INFO :Current User ( 709 ) status is : SystemStatus = 0 , DiscoverStatus = 4 , TransactionState = 4 , AuthenticationState = 9
[2025-05-20 17:32:44.912] [0mKF_predict(): Predicted value = 0, Measurement = 0
[2025-05-20 17:32:44.912] [0;34mAPP     :INFO :@@@ User Speed is :( 709 ) , 0 ,(cm/s)
[2025-05-20 17:32:44.912] [0m[0;34mAPP     :INFO :@ b = 107, c = 50, x = -44, y = 51
[2025-05-20 17:32:44.912] [0m[0;34mAPP     :INFO :@ a = 100, d = 100, m = 250, Gate = 100
[2025-05-20 17:32:44.912] [0m[0;34mAPP     :INFO :################################### into blue area...##################################################
[2025-05-20 17:32:44.912] [0m[0;34mAPP     :INFO :No User to r or w | SystemStatus = 0
[2025-05-20 17:32:44.912] [0m
[2025-05-20 17:32:45.159] [0;32mTMLUWB  :RX < :RECV                :62000048 479C0100 01000000 00FA0000 00010000 05000001 00000000 01070900 006C0000 00640000 64000000 00000003 95000000 00000000 00000000 0E000000 00010300 01030000 00000000
[2025-05-20 17:32:45.159] [0m[0;34mAPP     :INFO :@@@ updateKeepAlive( ): User[1] 709 Keep alive = 79
[2025-05-20 17:32:45.159] [0m[0;34mAPP     :INFO :gCapSessionHandle!!!.
[2025-05-20 17:32:45.159] [0m[0;34mAPP     :INFO :@@@ gNumberOfUserinDTPCM = 2, pRangingData->no_of_measurements = 1,i=0
[2025-05-20 17:32:45.159] [0m[0;34mAPP     :INFO :Measure_NLOS = 0, Classification_NLOS =   0
[2025-05-20 17:32:45.159] [0m[0;34mAPP     :INFO :Conten_Distance_MasterAnchor_to_709=108
[2025-05-20 17:32:45.159] [0m[0;34mAPP     :INFO :Current User ( 709 ) status is : SystemStatus = 0 , DiscoverStatus = 4 , TransactionState = 4 , AuthenticationState = 9
[2025-05-20 17:32:45.159] [0mKF_predict(): Predicted value = 0, Measurement = 0
[2025-05-20 17:32:45.159] [0;34mAPP     :INFO :@@@ User Speed is :( 709 ) , 2 ,(cm/s)
[2025-05-20 17:32:45.159] [0m[0;34mAPP     :INFO :@ b = 108, c = 50, x = -45, y = 51
[2025-05-20 17:32:45.159] [0m[0;34mAPP     :INFO :@ a = 100, d = 100, m = 250, Gate = 100
[2025-05-20 17:32:45.159] [0m[0;34mAPP     :INFO :################################### into blue area...##################################################
[2025-05-20 17:32:45.159] [0m[0;34mAPP     :INFO :No User to r or w | SystemStatus = 0
[2025-05-20 17:32:45.159] [0m
[2025-05-20 17:32:45.414] [0;32mTMLUWB  :RX < :RECV                :62000048 489C0100 01000000 00FA0000 00010000 05000001 00000000 01070900 006C0000 00640000 64000000 00000003 94000000 00000000 00000000 0E000000 00010300 01030000 00000000
[2025-05-20 17:32:45.414] [0m[0;34mAPP     :INFO :@@@ updateKeepAlive( ): User[1] 709 Keep alive = 79
[2025-05-20 17:32:45.414] [0m[0;34mAPP     :INFO :gCapSessionHandle!!!.
[2025-05-20 17:32:45.415] [0m[0;34mAPP     :INFO :@@@ gNumberOfUserinDTPCM = 2, pRangingData->no_of_measurements = 1,i=0
[2025-05-20 17:32:45.415] [0m[0;34mAPP     :INFO :Measure_NLOS = 0, Classification_NLOS =   0
[2025-05-20 17:32:45.415] [0m[0;34mAPP     :INFO :Conten_Distance_MasterAnchor_to_709=108
[2025-05-20 17:32:45.415] [0m[0;34mAPP     :INFO :Current User ( 709 ) status is : SystemStatus = 0 , DiscoverStatus = 4 , TransactionState = 4 , AuthenticationState = 9
[2025-05-20 17:32:45.415] [0mKF_predict(): Predicted value = 0, Measurement = 0
[2025-05-20 17:32:45.415] [0;34mAPP     :INFO :@@@ User Speed is :( 709 ) , 1 ,(cm/s)
[2025-05-20 17:32:45.415] [0m[0;34mAPP     :INFO :@ b = 108, c = 50, x = -45, y = 51
[2025-05-20 17:32:45.415] [0m[0;34mAPP     :INFO :@ a = 100, d = 100, m = 250, Gate = 100
[2025-05-20 17:32:45.415] [0m[0;34mAPP     :INFO :################################### into blue area...##################################################
[2025-05-20 17:32:45.415] [0m[0;34mAPP     :INFO :No User to r or w | SystemStatus = 0
[2025-05-20 17:32:45.415] [0m
[2025-05-20 17:32:45.656] [0;32mTMLUWB  :RX < :RECV                :62000048 499C0100 01000000 00FA0000 00010000 05000001 00000000 01070900 006E0000 00640000 64000000 00000003 93000000 00000000 00000000 0E000000 00010300 01030000 00000000
[2025-05-20 17:32:45.656] [0m[0;34mAPP     :INFO :@@@ updateKeepAlive( ): User[1] 709 Keep alive = 79
[2025-05-20 17:32:45.656] [0m[0;34mAPP     :INFO :gCapSessionHandle!!!.
[2025-05-20 17:32:45.656] [0m[0;34mAPP     :INFO :@@@ gNumberOfUserinDTPCM = 2, pRangingData->no_of_measurements = 1,i=0
[2025-05-20 17:32:45.656] [0m[0;34mAPP     :INFO :Measure_NLOS = 0, Classification_NLOS =   0
[2025-05-20 17:32:45.656] [0m[0;34mAPP     :INFO :Conten_Distance_MasterAnchor_to_709=110
[2025-05-20 17:32:45.656] [0m[0;34mAPP     :INFO :Current User ( 709 ) status is : SystemStatus = 0 , DiscoverStatus = 4 , TransactionState = 4 , AuthenticationState = 9
[2025-05-20 17:32:45.656] [0mKF_predict(): Predicted value = 0, Measurement = 0
[2025-05-20 17:32:45.656] [0;34mAPP     :INFO :@@@ User Speed is :( 709 ) , 4 ,(cm/s)
[2025-05-20 17:32:45.656] [0m[0;34mAPP     :INFO :@ b = 110, c = 50, x = -48, y = 49
[2025-05-20 17:32:45.656] [0m[0;34mAPP     :INFO :@ a = 100, d = 100, m = 250, Gate = 100
[2025-05-20 17:32:45.656] [0m[0;34mAPP     :INFO :################################### into blue area...##################################################
[2025-05-20 17:32:45.656] [0m[0;34mAPP     :INFO :No User to r or w | SystemStatus = 0
[2025-05-20 17:32:45.657] [0m
[2025-05-20 17:32:45.914] [0;32mTMLUWB  :RX < :RECV                :62000048 4A9C0100 01000000 00FA0000 00010000 05000001 00000000 01070900 006D0000 00640000 64000000 00000003 95000000 00000000 00000000 0E000000 00010300 01030000 00000000
[2025-05-20 17:32:45.914] [0m[0;34mAPP     :INFO :@@@ updateKeepAlive( ): User[1] 709 Keep alive = 79
[2025-05-20 17:32:45.914] [0m[0;34mAPP     :INFO :gCapSessionHandle!!!.
[2025-05-20 17:32:45.914] [0m[0;34mAPP     :INFO :@@@ gNumberOfUserinDTPCM = 2, pRangingData->no_of_measurements = 1,i=0
[2025-05-20 17:32:45.914] [0m[0;34mAPP     :INFO :Measure_NLOS = 0, Classification_NLOS =   0
[2025-05-20 17:32:45.914] [0m[0;34mAPP     :INFO :Conten_Distance_MasterAnchor_to_709=109
[2025-05-20 17:32:45.914] [0m[0;34mAPP     :INFO :Current User ( 709 ) status is : SystemStatus = 0 , DiscoverStatus = 4 , TransactionState = 4 , AuthenticationState = 9
[2025-05-20 17:32:45.914] [0mKF_predict(): Predicted value = 0, Measurement = 0
[2025-05-20 17:32:45.914] [0;34mAPP     :INFO :@@@ User Speed is :( 709 ) , 1 ,(cm/s)
[2025-05-20 17:32:45.914] [0m[0;34mAPP     :INFO :@ b = 109, c = 50, x = -46, y = 51
[2025-05-20 17:32:45.915] [0m[0;34mAPP     :INFO :@ a = 100, d = 100, m = 250, Gate = 100
[2025-05-20 17:32:45.915] [0m[0;34mAPP     :INFO :################################### into blue area...##################################################
[2025-05-20 17:32:45.915] [0m[0;34mAPP     :INFO :No User to r or w | SystemStatus = 0
[2025-05-20 17:32:45.915] [0m
[2025-05-20 17:32:46.157] [0;32mTMLUWB  :RX < :RECV                :62000048 4B9C0100 01000000 00FA0000 00010000 05000001 00000000 01070900 006C0000 00640000 64000000 00000003 94000000 00000000 00000000 0E000000 00010300 01030000 00000000
[2025-05-20 17:32:46.157] [0m[0;34mAPP     :INFO :@@@ updateKeepAlive( ): User[1] 709 Keep alive = 79
[2025-05-20 17:32:46.157] [0m[0;34mAPP     :INFO :gCapSessionHandle!!!.
[2025-05-20 17:32:46.157] [0m[0;34mAPP     :INFO :@@@ gNumberOfUserinDTPCM = 2, pRangingData->no_of_measurements = 1,i=0
[2025-05-20 17:32:46.157] [0m[0;34mAPP     :INFO :Measure_NLOS = 0, Classification_NLOS =   0
[2025-05-20 17:32:46.157] [0m[0;34mAPP     :INFO :Conten_Distance_MasterAnchor_to_709=108
[2025-05-20 17:32:46.157] [0m[0;34mAPP     :INFO :Current User ( 709 ) status is : SystemStatus = 0 , DiscoverStatus = 4 , TransactionState = 4 , AuthenticationState = 9
[2025-05-20 17:32:46.157] [0mKF_predict(): Predicted value = 0, Measurement = 0
[2025-05-20 17:32:46.157] [0;34mAPP     :INFO :@@@ User Speed is :( 709 ) , 0 ,(cm/s)
[2025-05-20 17:32:46.157] [0m[0;34mAPP     :INFO :@ b = 108, c = 50, x = -45, y = 51
[2025-05-20 17:32:46.157] [0m[0;34mAPP     :INFO :@ a = 100, d = 100, m = 250, Gate = 100
[2025-05-20 17:32:46.157] [0m[0;34mAPP     :INFO :################################### into blue area...##################################################
[2025-05-20 17:32:46.157] [0m[0;34mAPP     :INFO :No User to r or w | SystemStatus = 0
[2025-05-20 17:32:46.157] [0m
[2025-05-20 17:32:46.405] [0;32mTMLUWB  :RX < :RECV                :62000048 4C9C0100 01000000 00FA0000 00010000 05000001 00000000 01070900 006E0000 00640000 64000000 00000003 95000000 00000000 00000000 0E000000 00010300 01030000 00000000
[2025-05-20 17:32:46.406] [0m[0;34mAPP     :INFO :@@@ updateKeepAlive( ): User[1] 709 Keep alive = 79
[2025-05-20 17:32:46.406] [0m[0;34mAPP     :INFO :gCapSessionHandle!!!.
[2025-05-20 17:32:46.406] [0m[0;34mAPP     :INFO :@@@ gNumberOfUserinDTPCM = 2, pRangingData->no_of_measurements = 1,i=0
[2025-05-20 17:32:46.406] [0m[0;34mAPP     :INFO :Measure_NLOS = 0, Classification_NLOS =   0
[2025-05-20 17:32:46.406] [0m[0;34mAPP     :INFO :Conten_Distance_MasterAnchor_to_709=110
[2025-05-20 17:32:46.406] [0m[0;34mAPP     :INFO :Current User ( 709 ) status is : SystemStatus = 0 , DiscoverStatus = 4 , TransactionState = 4 , AuthenticationState = 9
[2025-05-20 17:32:46.406] [0mKF_predict(): Predicted value = 0, Measurement = 0
[2025-05-20 17:32:46.406] [0;34mAPP     :INFO :@@@ User Speed is :( 709 ) , 0 ,(cm/s)
[2025-05-20 17:32:46.406] [0m[0;34mAPP     :INFO :@ b = 110, c = 50, x = -48, y = 49
[2025-05-20 17:32:46.406] [0m[0;34mAPP     :INFO :@ a = 100, d = 100, m = 250, Gate = 100
[2025-05-20 17:32:46.406] [0m[0;34mAPP     :INFO :################################### into blue area...##################################################
[2025-05-20 17:32:46.406] [0m[0;34mAPP     :INFO :No User to r or w | SystemStatus = 0
[2025-05-20 17:32:46.406] [0m
[2025-05-20 17:32:46.657] [0;32mTMLUWB  :RX < :RECV                :62000048 4D9C0100 01000000 00FA0000 00010000 05000001 00000000 01070900 006D0000 00640000 64000000 00000003 94000000 00000000 00000000 0E000000 00010300 01030000 00000000
[2025-05-20 17:32:46.657] [0m[0;34mAPP     :INFO :@@@ updateKeepAlive( ): User[1] 709 Keep alive = 79
[2025-05-20 17:32:46.657] [0m[0;34mAPP     :INFO :gCapSessionHandle!!!.
[2025-05-20 17:32:46.657] [0m[0;34mAPP     :INFO :@@@ gNumberOfUserinDTPCM = 2, pRangingData->no_of_measurements = 1,i=0
[2025-05-20 17:32:46.657] [0m[0;34mAPP     :INFO :Measure_NLOS = 0, Classification_NLOS =   0
[2025-05-20 17:32:46.657] [0m[0;34mAPP     :INFO :Conten_Distance_MasterAnchor_to_709=109
[2025-05-20 17:32:46.657] [0m[0;34mAPP     :INFO :Current User ( 709 ) status is : SystemStatus = 0 , DiscoverStatus = 4 , TransactionState = 4 , AuthenticationState = 9
[2025-05-20 17:32:46.657] [0mKF_predict(): Predicted value = 0, Measurement = 0
[2025-05-20 17:32:46.657] [0;34mAPP     :INFO :@@@ User Speed is :( 709 ) , 0 ,(cm/s)
[2025-05-20 17:32:46.657] [0m[0;34mAPP     :INFO :@ b = 109, c = 50, x = -46, y = 51
[2025-05-20 17:32:46.657] [0m[0;34mAPP     :INFO :@ a = 100, d = 100, m = 250, Gate = 100
[2025-05-20 17:32:46.658] [0m[0;34mAPP     :INFO :################################### into blue area...##################################################
[2025-05-20 17:32:46.658] [0m[0;34mAPP     :INFO :No User to r or w | SystemStatus = 0
[2025-05-20 17:32:46.658] [0m
[2025-05-20 17:32:46.916] [0;32mTMLUWB  :RX < :RECV                :62000048 4E9C0100 01000000 00FA0000 00010000 05000001 00000000 01070900 006E0000 00640000 64000000 00000003 93000000 00000000 00000000 0E000000 00010300 01030000 00000000
[2025-05-20 17:32:46.916] [0m[0;34mAPP     :INFO :@@@ updateKeepAlive( ): User[1] 709 Keep alive = 79
[2025-05-20 17:32:46.916] [0m[0;34mAPP     :INFO :gCapSessionHandle!!!.
[2025-05-20 17:32:46.916] [0m[0;34mAPP     :INFO :@@@ gNumberOfUserinDTPCM = 2, pRangingData->no_of_measurements = 1,i=0
[2025-05-20 17:32:46.916] [0m[0;34mAPP     :INFO :Measure_NLOS = 0, Classification_NLOS =   0
[2025-05-20 17:32:46.916] [0m[0;34mAPP     :INFO :Conten_Distance_MasterAnchor_to_709=110
[2025-05-20 17:32:46.916] [0m[0;34mAPP     :INFO :Current User ( 709 ) status is : SystemStatus = 0 , DiscoverStatus = 4 , TransactionState = 4 , AuthenticationState = 9
[2025-05-20 17:32:46.916] [0mKF_predict(): Predicted value = 0, Measurement = 0
[2025-05-20 17:32:46.916] [0;34mAPP     :INFO :@@@ User Speed is :( 709 ) , 3 ,(cm/s)
[2025-05-20 17:32:46.917] [0m[0;34mAPP     :INFO :@ b = 110, c = 50, x = -48, y = 49
[2025-05-20 17:32:46.917] [0m[0;34mAPP     :INFO :@ a = 100, d = 100, m = 250, Gate = 100
[2025-05-20 17:32:46.917] [0m[0;34mAPP     :INFO :################################### into blue area...##################################################
[2025-05-20 17:32:46.917] [0m[0;34mAPP     :INFO :No User to r or w | SystemStatus = 0
[2025-05-20 17:32:46.917] [0m
[2025-05-20 17:32:47.157] [0;32mTMLUWB  :RX < :RECV                :62000048 4F9C0100 01000000 00FA0000 00010000 05000001 00000000 01070900 006D0000 00640000 64000000 00000003 95000000 00000000 00000000 0E000000 00010300 01030000 00000000
[2025-05-20 17:32:47.157] [0m[0;34mAPP     :INFO :@@@ updateKeepAlive( ): User[1] 709 Keep alive = 79
[2025-05-20 17:32:47.157] [0m[0;34mAPP     :INFO :gCapSessionHandle!!!.
[2025-05-20 17:32:47.157] [0m[0;34mAPP     :INFO :@@@ gNumberOfUserinDTPCM = 2, pRangingData->no_of_measurements = 1,i=0
[2025-05-20 17:32:47.157] [0m[0;34mAPP     :INFO :Measure_NLOS = 0, Classification_NLOS =   0
[2025-05-20 17:32:47.157] [0m[0;34mAPP     :INFO :Conten_Distance_MasterAnchor_to_709=109
[2025-05-20 17:32:47.157] [0m[0;34mAPP     :INFO :Current User ( 709 ) status is : SystemStatus = 0 , DiscoverStatus = 4 , TransactionState = 4 , AuthenticationState = 9
[2025-05-20 17:32:47.157] [0mKF_predict(): Predicted value = 0, Measurement = 0
[2025-05-20 17:32:47.157] [0;34mAPP     :INFO :@@@ User Speed is :( 709 ) , 2 ,(cm/s)
[2025-05-20 17:32:47.157] [0m[0;34mAPP     :INFO :@ b = 109, c = 50, x = -46, y = 51
[2025-05-20 17:32:47.157] [0m[0;34mAPP     :INFO :@ a = 100, d = 100, m = 250, Gate = 100
[2025-05-20 17:32:47.157] [0m[0;34mAPP     :INFO :################################### into blue area...##################################################
[2025-05-20 17:32:47.157] [0m[0;34mAPP     :INFO :No User to r or w | SystemStatus = 0
[2025-05-20 17:32:47.157] [0m
[2025-05-20 17:32:47.405] [0;32mTMLUWB  :RX < :RECV                :62000048 509C0100 01000000 00FA0000 00010000 05000001 00000000 01070900 006B0000 00640000 64000000 00000003 92000000 00000000 00000000 0E000000 00010300 01030000 00000000
[2025-05-20 17:32:47.405] [0m[0;34mAPP     :INFO :@@@ updateKeepAlive( ): User[1] 709 Keep alive = 79
[2025-05-20 17:32:47.406] [0m[0;34mAPP     :INFO :gCapSessionHandle!!!.
[2025-05-20 17:32:47.406] [0m[0;34mAPP     :INFO :@@@ gNumberOfUserinDTPCM = 2, pRangingData->no_of_measurements = 1,i=0
[2025-05-20 17:32:47.406] [0m[0;34mAPP     :INFO :Measure_NLOS = 0, Classification_NLOS =   0
[2025-05-20 17:32:47.406] [0m[0;34mAPP     :INFO :Conten_Distance_MasterAnchor_to_709=107
[2025-05-20 17:32:47.406] [0m[0;34mAPP     :INFO :Current User ( 709 ) status is : SystemStatus = 0 , DiscoverStatus = 4 , TransactionState = 4 , AuthenticationState = 9
[2025-05-20 17:32:47.406] [0mKF_predict(): Predicted value = 0, Measurement = 0
[2025-05-20 17:32:47.406] [0;34mAPP     :INFO :@@@ User Speed is :( 709 ) , 2 ,(cm/s)
[2025-05-20 17:32:47.406] [0m[0;34mAPP     :INFO :@ b = 107, c = 50, x = -44, y = 51
[2025-05-20 17:32:47.406] [0m[0;34mAPP     :INFO :@ a = 100, d = 100, m = 250, Gate = 100
[2025-05-20 17:32:47.406] [0m[0;34mAPP     :INFO :################################### into blue area...##################################################
[2025-05-20 17:32:47.406] [0m[0;34mAPP     :INFO :No User to r or w | SystemStatus = 0
[2025-05-20 17:32:47.406] [0m
[2025-05-20 17:32:47.655] [0;32mTMLUWB  :RX < :RECV                :62000048 519C0100 01000000 00FA0000 00010000 05000001 00000000 01070900 006C0000 00640000 64000000 00000003 93000000 00000000 00000000 0E000000 00010300 01030000 00000000
[2025-05-20 17:32:47.656] [0m[0;34mAPP     :INFO :@@@ updateKeepAlive( ): User[1] 709 Keep alive = 79
[2025-05-20 17:32:47.656] [0m[0;34mAPP     :INFO :gCapSessionHandle!!!.
[2025-05-20 17:32:47.656] [0m[0;34mAPP     :INFO :@@@ gNumberOfUserinDTPCM = 2, pRangingData->no_of_measurements = 1,i=0
[2025-05-20 17:32:47.656] [0m[0;34mAPP     :INFO :Measure_NLOS = 0, Classification_NLOS =   0
[2025-05-20 17:32:47.656] [0m[0;34mAPP     :INFO :Conten_Distance_MasterAnchor_to_709=108
[2025-05-20 17:32:47.656] [0m[0;34mAPP     :INFO :Current User ( 709 ) status is : SystemStatus = 0 , DiscoverStatus = 4 , TransactionState = 4 , AuthenticationState = 9
[2025-05-20 17:32:47.656] [0mKF_predict(): Predicted value = 0, Measurement = 0
[2025-05-20 17:32:47.656] [0;34mAPP     :INFO :@@@ User Speed is :( 709 ) , 3 ,(cm/s)
[2025-05-20 17:32:47.656] [0m[0;34mAPP     :INFO :@ b = 108, c = 50, x = -45, y = 51
[2025-05-20 17:32:47.656] [0m[0;34mAPP     :INFO :@ a = 100, d = 100, m = 250, Gate = 100
[2025-05-20 17:32:47.656] [0m[0;34mAPP     :INFO :################################### into blue area...##################################################
[2025-05-20 17:32:47.656] [0m[0;34mAPP     :INFO :No User to r or w | SystemStatus = 0
[2025-05-20 17:32:47.656] [0m
[2025-05-20 17:32:47.907] [0;32mTMLUWB  :RX < :RECV                :62000048 529C0100 01000000 00FA0000 00010000 05000001 00000000 01070900 006B0000 00640000 64000000 00000003 93000000 00000000 00000000 0E000000 00010300 01030000 00000000
[2025-05-20 17:32:47.907] [0m[0;34mAPP     :INFO :@@@ updateKeepAlive( ): User[1] 709 Keep alive = 79
[2025-05-20 17:32:47.907] [0m[0;34mAPP     :INFO :gCapSessionHandle!!!.
[2025-05-20 17:32:47.907] [0m[0;34mAPP     :INFO :@@@ gNumberOfUserinDTPCM = 2, pRangingData->no_of_measurements = 1,i=0
[2025-05-20 17:32:47.907] [0m[0;34mAPP     :INFO :Measure_NLOS = 0, Classification_NLOS =   0
[2025-05-20 17:32:47.907] [0m[0;34mAPP     :INFO :Conten_Distance_MasterAnchor_to_709=107
[2025-05-20 17:32:47.907] [0m[0;34mAPP     :INFO :Current User ( 709 ) status is : SystemStatus = 0 , DiscoverStatus = 4 , TransactionState = 4 , AuthenticationState = 9
[2025-05-20 17:32:47.907] [0mKF_predict(): Predicted value = 0, Measurement = 0
[2025-05-20 17:32:47.907] [0;34mAPP     :INFO :@@@ User Speed is :( 709 ) , 2 ,(cm/s)
[2025-05-20 17:32:47.907] [0m[0;34mAPP     :INFO :@ b = 107, c = 50, x = -44, y = 51
[2025-05-20 17:32:47.907] [0m[0;34mAPP     :INFO :@ a = 100, d = 100, m = 250, Gate = 100
[2025-05-20 17:32:47.907] [0m[0;34mAPP     :INFO :################################### into blue area...##################################################
[2025-05-20 17:32:47.907] [0m[0;34mAPP     :INFO :No User to r or w | SystemStatus = 0
[2025-05-20 17:32:47.907] [0m
[2025-05-20 17:32:48.156] [0;32mTMLUWB  :RX < :RECV                :62000048 539C0100 01000000 00FA0000 00010000 05000001 00000000 01070900 006D0000 00640000 64000000 00000003 94000000 00000000 00000000 0E000000 00010300 01030000 00000000
[2025-05-20 17:32:48.156] [0m[0;34mAPP     :INFO :@@@ updateKeepAlive( ): User[1] 709 Keep alive = 79
[2025-05-20 17:32:48.156] [0m[0;34mAPP     :INFO :gCapSessionHandle!!!.
[2025-05-20 17:32:48.156] [0m[0;34mAPP     :INFO :@@@ gNumberOfUserinDTPCM = 2, pRangingData->no_of_measurements = 1,i=0
[2025-05-20 17:32:48.156] [0m[0;34mAPP     :INFO :Measure_NLOS = 0, Classification_NLOS =   0
[2025-05-20 17:32:48.156] [0m[0;34mAPP     :INFO :Conten_Distance_MasterAnchor_to_709=109
[2025-05-20 17:32:48.156] [0m[0;34mAPP     :INFO :Current User ( 709 ) status is : SystemStatus = 0 , DiscoverStatus = 4 , TransactionState = 4 , AuthenticationState = 9
[2025-05-20 17:32:48.156] [0mKF_predict(): Predicted value = 0, Measurement = 0
[2025-05-20 17:32:48.156] [0;34mAPP     :INFO :@@@ User Speed is :( 709 ) , 2 ,(cm/s)
[2025-05-20 17:32:48.156] [0m[0;34mAPP     :INFO :@ b = 109, c = 50, x = -46, y = 51
[2025-05-20 17:32:48.156] [0m[0;34mAPP     :INFO :@ a = 100, d = 100, m = 250, Gate = 100
[2025-05-20 17:32:48.156] [0m[0;34mAPP     :INFO :################################### into blue area...##################################################
[2025-05-20 17:32:48.156] [0m[0;34mAPP     :INFO :No User to r or w | SystemStatus = 0
[2025-05-20 17:32:48.157] [0m
[2025-05-20 17:32:48.410] [0;32mTMLUWB  :RX < :RECV                :62000048 549C0100 01000000 00FA0000 00010000 05000001 00000000 01070900 006B0000 00640000 64000000 00000003 93000000 00000000 00000000 0E000000 00010300 01030000 00000000
[2025-05-20 17:32:48.410] [0m[0;34mAPP     :INFO :@@@ updateKeepAlive( ): User[1] 709 Keep alive = 79
[2025-05-20 17:32:48.410] [0m[0;34mAPP     :INFO :gCapSessionHandle!!!.
[2025-05-20 17:32:48.410] [0m[0;34mAPP     :INFO :@@@ gNumberOfUserinDTPCM = 2, pRangingData->no_of_measurements = 1,i=0
[2025-05-20 17:32:48.410] [0m[0;34mAPP     :INFO :Measure_NLOS = 0, Classification_NLOS =   0
[2025-05-20 17:32:48.410] [0m[0;34mAPP     :INFO :Conten_Distance_MasterAnchor_to_709=107
[2025-05-20 17:32:48.410] [0m[0;34mAPP     :INFO :Current User ( 709 ) status is : SystemStatus = 0 , DiscoverStatus = 4 , TransactionState = 4 , AuthenticationState = 9
[2025-05-20 17:32:48.410] [0mKF_predict(): Predicted value = 0, Measurement = 0
[2025-05-20 17:32:48.410] [0;34mAPP     :INFO :@@@ User Speed is :( 709 ) , 1 ,(cm/s)
[2025-05-20 17:32:48.410] [0m[0;34mAPP     :INFO :@ b = 107, c = 50, x = -44, y = 51
[2025-05-20 17:32:48.410] [0m[0;34mAPP     :INFO :@ a = 100, d = 100, m = 250, Gate = 100
[2025-05-20 17:32:48.410] [0m[0;34mAPP     :INFO :################################### into blue area...##################################################
[2025-05-20 17:32:48.410] [0m[0;34mAPP     :INFO :No User to r or w | SystemStatus = 0
[2025-05-20 17:32:48.411] [0m
[2025-05-20 17:32:48.660] [0;32mTMLUWB  :RX < :RECV                :62000048 559C0100 01000000 00FA0000 00010000 05000001 00000000 01070900 006D0000 00640000 64000000 00000003 95000000 00000000 00000000 0E000000 00010300 01030000 00000000
[2025-05-20 17:32:48.660] [0m[0;34mAPP     :INFO :@@@ updateKeepAlive( ): User[1] 709 Keep alive = 79
[2025-05-20 17:32:48.660] [0m[0;34mAPP     :INFO :gCapSessionHandle!!!.
[2025-05-20 17:32:48.660] [0m[0;34mAPP     :INFO :@@@ gNumberOfUserinDTPCM = 2, pRangingData->no_of_measurements = 1,i=0
[2025-05-20 17:32:48.660] [0m[0;34mAPP     :INFO :Measure_NLOS = 0, Classification_NLOS =   0
[2025-05-20 17:32:48.661] [0m[0;34mAPP     :INFO :Conten_Distance_MasterAnchor_to_709=109
[2025-05-20 17:32:48.661] [0m[0;34mAPP     :INFO :Current User ( 709 ) status is : SystemStatus = 0 , DiscoverStatus = 4 , TransactionState = 4 , AuthenticationState = 9
[2025-05-20 17:32:48.661] [0mKF_predict(): Predicted value = 0, Measurement = 0
[2025-05-20 17:32:48.661] [0;34mAPP     :INFO :@@@ User Speed is :( 709 ) , 2 ,(cm/s)
[2025-05-20 17:32:48.661] [0m[0;34mAPP     :INFO :@ b = 109, c = 50, x = -46, y = 51
[2025-05-20 17:32:48.661] [0m[0;34mAPP     :INFO :@ a = 100, d = 100, m = 250, Gate = 100
[2025-05-20 17:32:48.661] [0m[0;34mAPP     :INFO :################################### into blue area...##################################################
[2025-05-20 17:32:48.661] [0m[0;34mAPP     :INFO :No User to r or w | SystemStatus = 0
[2025-05-20 17:32:48.661] [0m
[2025-05-20 17:32:48.910] [0;32mTMLUWB  :RX < :RECV                :62000048 569C0100 01000000 00FA0000 00010000 05000001 00000000 01070900 006D0000 00640000 64000000 00000003 96000000 00000000 00000000 0E000000 00010300 01030000 00000000
[2025-05-20 17:32:48.910] [0m[0;34mAPP     :INFO :@@@ updateKeepAlive( ): User[1] 709 Keep alive = 79
[2025-05-20 17:32:48.910] [0m[0;34mAPP     :INFO :gCapSessionHandle!!!.
[2025-05-20 17:32:48.910] [0m[0;34mAPP     :INFO :@@@ gNumberOfUserinDTPCM = 2, pRangingData->no_of_measurements = 1,i=0
[2025-05-20 17:32:48.910] [0m[0;34mAPP     :INFO :Measure_NLOS = 0, Classification_NLOS =   0
[2025-05-20 17:32:48.910] [0m[0;34mAPP     :INFO :Conten_Distance_MasterAnchor_to_709=109
[2025-05-20 17:32:48.910] [0m[0;34mAPP     :INFO :Current User ( 709 ) status is : SystemStatus = 0 , DiscoverStatus = 4 , TransactionState = 4 , AuthenticationState = 9
[2025-05-20 17:32:48.911] [0mKF_predict(): Predicted value = 0, Measurement = 0
[2025-05-20 17:32:48.911] [0;34mAPP     :INFO :@@@ User Speed is :( 709 ) , 0 ,(cm/s)
[2025-05-20 17:32:48.911] [0m[0;34mAPP     :INFO :@ b = 109, c = 50, x = -46, y = 51
[2025-05-20 17:32:48.911] [0m[0;34mAPP     :INFO :@ a = 100, d = 100, m = 250, Gate = 100
[2025-05-20 17:32:48.911] [0m[0;34mAPP     :INFO :################################### into blue area...##################################################
[2025-05-20 17:32:48.911] [0m[0;34mAPP     :INFO :No User to r or w | SystemStatus = 0
[2025-05-20 17:32:48.911] [0m
[2025-05-20 17:32:49.158] [0;32mTMLUWB  :RX < :RECV                :62000048 579C0100 01000000 00FA0000 00010000 05000001 00000000 01070900 006E0000 00640000 64000000 00000003 93000000 00000000 00000000 0E000000 00010300 01030000 00000000
[2025-05-20 17:32:49.160] [0m[0;34mAPP     :INFO :@@@ updateKeepAlive( ): User[1] 709 Keep alive = 79
[2025-05-20 17:32:49.160] [0m[0;34mAPP     :INFO :gCapSessionHandle!!!.
[2025-05-20 17:32:49.160] [0m[0;34mAPP     :INFO :@@@ gNumberOfUserinDTPCM = 2, pRangingData->no_of_measurements = 1,i=0
[2025-05-20 17:32:49.160] [0m[0;34mAPP     :INFO :Measure_NLOS = 0, Classification_NLOS =   0
[2025-05-20 17:32:49.160] [0m[0;34mAPP     :INFO :Conten_Distance_MasterAnchor_to_709=110
[2025-05-20 17:32:49.160] [0m[0;34mAPP     :INFO :Current User ( 709 ) status is : SystemStatus = 0 , DiscoverStatus = 4 , TransactionState = 4 , AuthenticationState = 9
[2025-05-20 17:32:49.160] [0mKF_predict(): Predicted value = 0, Measurement = 0
[2025-05-20 17:32:49.160] [0;34mAPP     :INFO :@@@ User Speed is :( 709 ) , 4 ,(cm/s)
[2025-05-20 17:32:49.160] [0m[0;34mAPP     :INFO :@ b = 110, c = 50, x = -48, y = 49
[2025-05-20 17:32:49.160] [0m[0;34mAPP     :INFO :@ a = 100, d = 100, m = 250, Gate = 100
[2025-05-20 17:32:49.160] [0m[0;34mAPP     :INFO :################################### into blue area...##################################################
[2025-05-20 17:32:49.160] [0m[0;34mAPP     :INFO :No User to r or w | SystemStatus = 0
[2025-05-20 17:32:49.160] [0m
[2025-05-20 17:32:49.406] [0;32mTMLUWB  :RX < :RECV                :62000048 589C0100 01000000 00FA0000 00010000 05000001 00000000 01070900 006C0000 00640000 64000000 00000003 95000000 00000000 00000000 0E000000 00010300 01030000 00000000
[2025-05-20 17:32:49.407] [0m[0;34mAPP     :INFO :@@@ updateKeepAlive( ): User[1] 709 Keep alive = 79
[2025-05-20 17:32:49.407] [0m[0;34mAPP     :INFO :gCapSessionHandle!!!.
[2025-05-20 17:32:49.407] [0m[0;34mAPP     :INFO :@@@ gNumberOfUserinDTPCM = 2, pRangingData->no_of_measurements = 1,i=0
[2025-05-20 17:32:49.407] [0m[0;34mAPP     :INFO :Measure_NLOS = 0, Classification_NLOS =   0
[2025-05-20 17:32:49.408] [0m[0;34mAPP     :INFO :Conten_Distance_MasterAnchor_to_709=108
[2025-05-20 17:32:49.408] [0m[0;34mAPP     :INFO :Current User ( 709 ) status is : SystemStatus = 0 , DiscoverStatus = 4 , TransactionState = 4 , AuthenticationState = 9
[2025-05-20 17:32:49.408] [0mKF_predict(): Predicted value = 0, Measurement = 0
[2025-05-20 17:32:49.408] [0;34mAPP     :INFO :@@@ User Speed is :( 709 ) , 1 ,(cm/s)
[2025-05-20 17:32:49.408] [0m[0;34mAPP     :INFO :@ b = 108, c = 50, x = -45, y = 51
[2025-05-20 17:32:49.408] [0m[0;34mAPP     :INFO :@ a = 100, d = 100, m = 250, Gate = 100
[2025-05-20 17:32:49.408] [0m[0;34mAPP     :INFO :################################### into blue area...##################################################
[2025-05-20 17:32:49.408] [0m[0;34mAPP     :INFO :No User to r or w | SystemStatus = 0
[2025-05-20 17:32:49.408] [0m
[2025-05-20 17:32:49.655] [0;32mTMLUWB  :RX < :RECV                :62000048 599C0100 01000000 00FA0000 00010000 05000001 00000000 01070900 006D0000 00640000 64000000 00000003 94000000 00000000 00000000 0E000000 00010300 01030000 00000000
[2025-05-20 17:32:49.655] [0m[0;34mAPP     :INFO :@@@ updateKeepAlive( ): User[1] 709 Keep alive = 79
[2025-05-20 17:32:49.655] [0m[0;34mAPP     :INFO :gCapSessionHandle!!!.
[2025-05-20 17:32:49.655] [0m[0;34mAPP     :INFO :@@@ gNumberOfUserinDTPCM = 2, pRangingData->no_of_measurements = 1,i=0
[2025-05-20 17:32:49.655] [0m[0;34mAPP     :INFO :Measure_NLOS = 0, Classification_NLOS =   0
[2025-05-20 17:32:49.656] [0m[0;34mAPP     :INFO :Conten_Distance_MasterAnchor_to_709=109
[2025-05-20 17:32:49.656] [0m[0;34mAPP     :INFO :Current User ( 709 ) status is : SystemStatus = 0 , DiscoverStatus = 4 , TransactionState = 4 , AuthenticationState = 9
[2025-05-20 17:32:49.656] [0mKF_predict(): Predicted value = 0, Measurement = 0
[2025-05-20 17:32:49.656] [0;34mAPP     :INFO :@@@ User Speed is :( 709 ) , 0 ,(cm/s)
[2025-05-20 17:32:49.656] [0m[0;34mAPP     :INFO :@ b = 109, c = 50, x = -46, y = 51
[2025-05-20 17:32:49.656] [0m[0;34mAPP     :INFO :@ a = 100, d = 100, m = 250, Gate = 100
[2025-05-20 17:32:49.656] [0m[0;34mAPP     :INFO :################################### into blue area...##################################################
[2025-05-20 17:32:49.656] [0m[0;34mAPP     :INFO :No User to r or w | SystemStatus = 0
[2025-05-20 17:32:49.656] [0m
[2025-05-20 17:32:49.914] [0;32mTMLUWB  :RX < :RECV                :62000048 5A9C0100 01000000 00FA0000 00010000 05000001 00000000 01070900 006C0000 00640000 64000000 00000003 95000000 00000000 00000000 0E000000 00010300 01030000 00000000
[2025-05-20 17:32:49.915] [0m[0;34mAPP     :INFO :@@@ updateKeepAlive( ): User[1] 709 Keep alive = 79
[2025-05-20 17:32:49.915] [0m[0;34mAPP     :INFO :gCapSessionHandle!!!.
[2025-05-20 17:32:49.915] [0m[0;34mAPP     :INFO :@@@ gNumberOfUserinDTPCM = 2, pRangingData->no_of_measurements = 1,i=0
[2025-05-20 17:32:49.915] [0m[0;34mAPP     :INFO :Measure_NLOS = 0, Classification_NLOS =   0
[2025-05-20 17:32:49.915] [0m[0;34mAPP     :INFO :Conten_Distance_MasterAnchor_to_709=108
[2025-05-20 17:32:49.915] [0m[0;34mAPP     :INFO :Current User ( 709 ) status is : SystemStatus = 0 , DiscoverStatus = 4 , TransactionState = 4 , AuthenticationState = 9
[2025-05-20 17:32:49.915] [0mKF_predict(): Predicted value = 0, Measurement = 0
[2025-05-20 17:32:49.915] [0;34mAPP     :INFO :@@@ User Speed is :( 709 ) , 3 ,(cm/s)
[2025-05-20 17:32:49.915] [0m[0;34mAPP     :INFO :@ b = 108, c = 50, x = -45, y = 51
[2025-05-20 17:32:49.915] [0m[0;34mAPP     :INFO :@ a = 100, d = 100, m = 250, Gate = 100
[2025-05-20 17:32:49.915] [0m[0;34mAPP     :INFO :################################### into blue area...##################################################
[2025-05-20 17:32:49.915] [0m[0;34mAPP     :INFO :No User to r or w | SystemStatus = 0
[2025-05-20 17:32:49.915] [0m
[2025-05-20 17:32:50.153] [0;32mTMLUWB  :RX < :RECV                :62000048 5B9C0100 01000000 00FA0000 00010000 05000001 00000000 01070900 006C0000 00640000 64000000 00000003 93000000 00000000 00000000 0E000000 00010300 01030000 00000000
[2025-05-20 17:32:50.154] [0m[0;34mAPP     :INFO :@@@ updateKeepAlive( ): User[1] 709 Keep alive = 79
[2025-05-20 17:32:50.154] [0m[0;34mAPP     :INFO :gCapSessionHandle!!!.
[2025-05-20 17:32:50.154] [0m[0;34mAPP     :INFO :@@@ gNumberOfUserinDTPCM = 2, pRangingData->no_of_measurements = 1,i=0
[2025-05-20 17:32:50.154] [0m[0;34mAPP     :INFO :Measure_NLOS = 0, Classification_NLOS =   0
[2025-05-20 17:32:50.154] [0m[0;34mAPP     :INFO :Conten_Distance_MasterAnchor_to_709=108
[2025-05-20 17:32:50.154] [0m[0;34mAPP     :INFO :Current User ( 709 ) status is : SystemStatus = 0 , DiscoverStatus = 4 , TransactionState = 4 , AuthenticationState = 9
[2025-05-20 17:32:50.154] [0mKF_predict(): Predicted value = 0, Measurement = 0
[2025-05-20 17:32:50.154] [0;34mAPP     :INFO :@@@ User Speed is :( 709 ) , 0 ,(cm/s)
[2025-05-20 17:32:50.154] [0m[0;34mAPP     :INFO :@ b = 108, c = 50, x = -45, y = 51
[2025-05-20 17:32:50.154] [0m[0;34mAPP     :INFO :@ a = 100, d = 100, m = 250, Gate = 100
[2025-05-20 17:32:50.154] [0m[0;34mAPP     :INFO :################################### into blue area...##################################################
[2025-05-20 17:32:50.154] [0m[0;34mAPP     :INFO :No User to r or w | SystemStatus = 0
[2025-05-20 17:32:50.154] [0m
[2025-05-20 17:32:50.415] [0;32mTMLUWB  :RX < :RECV                :62000048 5C9C0100 01000000 00FA0000 00010000 05000001 00000000 01070900 006D0000 00640000 64000000 00000003 95000000 00000000 00000000 0E000000 00010300 01030000 00000000
[2025-05-20 17:32:50.415] [0m[0;34mAPP     :INFO :@@@ updateKeepAlive( ): User[1] 709 Keep alive = 79
[2025-05-20 17:32:50.415] [0m[0;34mAPP     :INFO :gCapSessionHandle!!!.
[2025-05-20 17:32:50.415] [0m[0;34mAPP     :INFO :@@@ gNumberOfUserinDTPCM = 2, pRangingData->no_of_measurements = 1,i=0
[2025-05-20 17:32:50.415] [0m[0;34mAPP     :INFO :Measure_NLOS = 0, Classification_NLOS =   0
[2025-05-20 17:32:50.415] [0m[0;34mAPP     :INFO :Conten_Distance_MasterAnchor_to_709=109
[2025-05-20 17:32:50.415] [0m[0;34mAPP     :INFO :Current User ( 709 ) status is : SystemStatus = 0 , DiscoverStatus = 4 , TransactionState = 4 , AuthenticationState = 9
[2025-05-20 17:32:50.415] [0mKF_predict(): Predicted value = 0, Measurement = 0
[2025-05-20 17:32:50.415] [0;34mAPP     :INFO :@@@ User Speed is :( 709 ) , 0 ,(cm/s)
[2025-05-20 17:32:50.415] [0m[0;34mAPP     :INFO :@ b = 109, c = 50, x = -46, y = 51
[2025-05-20 17:32:50.415] [0m[0;34mAPP     :INFO :@ a = 100, d = 100, m = 250, Gate = 100
[2025-05-20 17:32:50.415] [0m[0;34mAPP     :INFO :################################### into blue area...##################################################
[2025-05-20 17:32:50.415] [0m[0;34mAPP     :INFO :No User to r or w | SystemStatus = 0
[2025-05-20 17:32:50.415] [0m
[2025-05-20 17:32:50.656] [0;32mTMLUWB  :RX < :RECV                :62000048 5D9C0100 01000000 00FA0000 00010000 05000001 00000000 01070900 006C0000 00640000 64000000 00000003 95000000 00000000 00000000 0E000000 00010300 01030000 00000000
[2025-05-20 17:32:50.656] [0m[0;34mAPP     :INFO :@@@ updateKeepAlive( ): User[1] 709 Keep alive = 79
[2025-05-20 17:32:50.656] [0m[0;34mAPP     :INFO :gCapSessionHandle!!!.
[2025-05-20 17:32:50.656] [0m[0;34mAPP     :INFO :@@@ gNumberOfUserinDTPCM = 2, pRangingData->no_of_measurements = 1,i=0
[2025-05-20 17:32:50.656] [0m[0;34mAPP     :INFO :Measure_NLOS = 0, Classification_NLOS =   0
[2025-05-20 17:32:50.656] [0m[0;34mAPP     :INFO :Conten_Distance_MasterAnchor_to_709=108
[2025-05-20 17:32:50.656] [0m[0;34mAPP     :INFO :Current User ( 709 ) status is : SystemStatus = 0 , DiscoverStatus = 4 , TransactionState = 4 , AuthenticationState = 9
[2025-05-20 17:32:50.656] [0mKF_predict(): Predicted value = 0, Measurement = 0
[2025-05-20 17:32:50.656] [0;34mAPP     :INFO :@@@ User Speed is :( 709 ) , 0 ,(cm/s)
[2025-05-20 17:32:50.656] [0m[0;34mAPP     :INFO :@ b = 108, c = 50, x = -45, y = 51
[2025-05-20 17:32:50.657] [0m[0;34mAPP     :INFO :@ a = 100, d = 100, m = 250, Gate = 100
[2025-05-20 17:32:50.657] [0m[0;34mAPP     :INFO :################################### into blue area...##################################################
[2025-05-20 17:32:50.657] [0m[0;34mAPP     :INFO :No User to r or w | SystemStatus = 0
[2025-05-20 17:32:50.657] [0m
[2025-05-20 17:32:50.914] [0;32mTMLUWB  :RX < :RECV                :62000048 5E9C0100 01000000 00FA0000 00010000 05000001 00000000 01070900 00690000 00640000 64000000 00000003 95000000 00000000 00000000 0E000000 00010300 01030000 00000000
[2025-05-20 17:32:50.914] [0m[0;34mAPP     :INFO :@@@ updateKeepAlive( ): User[1] 709 Keep alive = 79
[2025-05-20 17:32:50.914] [0m[0;34mAPP     :INFO :gCapSessionHandle!!!.
[2025-05-20 17:32:50.914] [0m[0;34mAPP     :INFO :@@@ gNumberOfUserinDTPCM = 2, pRangingData->no_of_measurements = 1,i=0
[2025-05-20 17:32:50.914] [0m[0;34mAPP     :INFO :Measure_NLOS = 0, Classification_NLOS =   0
[2025-05-20 17:32:50.914] [0m[0;34mAPP     :INFO :Conten_Distance_MasterAnchor_to_709=105
[2025-05-20 17:32:50.914] [0m[0;34mAPP     :INFO :Current User ( 709 ) status is : SystemStatus = 0 , DiscoverStatus = 4 , TransactionState = 4 , AuthenticationState = 9
[2025-05-20 17:32:50.914] [0mKF_predict(): Predicted value = 0, Measurement = 0
[2025-05-20 17:32:50.914] [0;34mAPP     :INFO :@@@ User Speed is :( 709 ) , 3 ,(cm/s)
[2025-05-20 17:32:50.914] [0m[0;34mAPP     :INFO :@ b = 105, c = 50, x = -42, y = 50
[2025-05-20 17:32:50.914] [0m[0;34mAPP     :INFO :@ a = 100, d = 100, m = 250, Gate = 100
[2025-05-20 17:32:50.915] [0m[0;34mAPP     :INFO :################################### into blue area...##################################################
[2025-05-20 17:32:50.915] [0m[0;34mAPP     :INFO :No User to r or w | SystemStatus = 0
[2025-05-20 17:32:50.915] [0m
[2025-05-20 17:32:51.163] [0;32mTMLUWB  :RX < :RECV                :62000048 5F9C0100 01000000 00FA0000 00010000 05000001 00000000 01070900 006C0000 00640000 64000000 00000003 97000000 00000000 00000000 0E000000 00010300 01030000 00000000
[2025-05-20 17:32:51.163] [0m[0;34mAPP     :INFO :@@@ updateKeepAlive( ): User[1] 709 Keep alive = 79
[2025-05-20 17:32:51.164] [0m[0;34mAPP     :INFO :gCapSessionHandle!!!.
[2025-05-20 17:32:51.164] [0m[0;34mAPP     :INFO :@@@ gNumberOfUserinDTPCM = 2, pRangingData->no_of_measurements = 1,i=0
[2025-05-20 17:32:51.164] [0m[0;34mAPP     :INFO :Measure_NLOS = 0, Classification_NLOS =   0
[2025-05-20 17:32:51.164] [0m[0;34mAPP     :INFO :Conten_Distance_MasterAnchor_to_709=108
[2025-05-20 17:32:51.164] [0m[0;34mAPP     :INFO :Current User ( 709 ) status is : SystemStatus = 0 , DiscoverStatus = 4 , TransactionState = 4 , AuthenticationState = 9
[2025-05-20 17:32:51.164] [0mKF_predict(): Predicted value = 0, Measurement = 0
[2025-05-20 17:32:51.164] [0;34mAPP     :INFO :@@@ User Speed is :( 709 ) , 1 ,(cm/s)
[2025-05-20 17:32:51.164] [0m[0;34mAPP     :INFO :@ b = 108, c = 50, x = -45, y = 51
[2025-05-20 17:32:51.164] [0m[0;34mAPP     :INFO :@ a = 100, d = 100, m = 250, Gate = 100
[2025-05-20 17:32:51.164] [0m[0;34mAPP     :INFO :################################### into blue area...##################################################
[2025-05-20 17:32:51.164] [0m[0;34mAPP     :INFO :No User to r or w | SystemStatus = 0
[2025-05-20 17:32:51.164] [0m
[2025-05-20 17:32:51.407] [0;32mTMLUWB  :RX < :RECV                :62000048 609C0100 01000000 00FA0000 00010000 05000001 00000000 01070900 006B0000 00640000 64000000 00000003 95000000 00000000 00000000 0E000000 00010300 01030000 00000000
[2025-05-20 17:32:51.407] [0m[0;34mAPP     :INFO :@@@ updateKeepAlive( ): User[1] 709 Keep alive = 79
[2025-05-20 17:32:51.407] [0m[0;34mAPP     :INFO :gCapSessionHandle!!!.
[2025-05-20 17:32:51.407] [0m[0;34mAPP     :INFO :@@@ gNumberOfUserinDTPCM = 2, pRangingData->no_of_measurements = 1,i=0
[2025-05-20 17:32:51.407] [0m[0;34mAPP     :INFO :Measure_NLOS = 0, Classification_NLOS =   0
[2025-05-20 17:32:51.409] [0m[0;34mAPP     :INFO :Conten_Distance_MasterAnchor_to_709=107
[2025-05-20 17:32:51.409] [0m[0;34mAPP     :INFO :Current User ( 709 ) status is : SystemStatus = 0 , DiscoverStatus = 4 , TransactionState = 4 , AuthenticationState = 9
[2025-05-20 17:32:51.409] [0mKF_predict(): Predicted value = 0, Measurement = 0
[2025-05-20 17:32:51.409] [0;34mAPP     :INFO :@@@ User Speed is :( 709 ) , 1 ,(cm/s)
[2025-05-20 17:32:51.409] [0m[0;34mAPP     :INFO :@ b = 107, c = 50, x = -44, y = 51
[2025-05-20 17:32:51.409] [0m[0;34mAPP     :INFO :@ a = 100, d = 100, m = 250, Gate = 100
[2025-05-20 17:32:51.409] [0m[0;34mAPP     :INFO :################################### into blue area...##################################################
[2025-05-20 17:32:51.409] [0m[0;34mAPP     :INFO :No User to r or w | SystemStatus = 0
[2025-05-20 17:32:51.409] [0m
[2025-05-20 17:32:51.663] [0;32mTMLUWB  :RX < :RECV                :62000048 619C0100 01000000 00FA0000 00010000 05000001 00000000 01070900 006A0000 00640000 64000000 00000003 94000000 00000000 00000000 0E000000 00010300 01030000 00000000
[2025-05-20 17:32:51.664] [0m[0;34mAPP     :INFO :@@@ updateKeepAlive( ): User[1] 709 Keep alive = 79
[2025-05-20 17:32:51.664] [0m[0;34mAPP     :INFO :gCapSessionHandle!!!.
[2025-05-20 17:32:51.664] [0m[0;34mAPP     :INFO :@@@ gNumberOfUserinDTPCM = 2, pRangingData->no_of_measurements = 1,i=0
[2025-05-20 17:32:51.664] [0m[0;34mAPP     :INFO :Measure_NLOS = 0, Classification_NLOS =   0
[2025-05-20 17:32:51.664] [0m[0;34mAPP     :INFO :Conten_Distance_MasterAnchor_to_709=106
[2025-05-20 17:32:51.664] [0m[0;34mAPP     :INFO :Current User ( 709 ) status is : SystemStatus = 0 , DiscoverStatus = 4 , TransactionState = 4 , AuthenticationState = 9
[2025-05-20 17:32:51.664] [0mKF_predict(): Predicted value = 0, Measurement = 0
[2025-05-20 17:32:51.664] [0;34mAPP     :INFO :@@@ User Speed is :( 709 ) , 1 ,(cm/s)
[2025-05-20 17:32:51.664] [0m[0;34mAPP     :INFO :@ b = 106, c = 50, x = -43, y = 50
[2025-05-20 17:32:51.664] [0m[0;34mAPP     :INFO :@ a = 100, d = 100, m = 250, Gate = 100
[2025-05-20 17:32:51.664] [0m[0;34mAPP     :INFO :################################### into blue area...##################################################
[2025-05-20 17:32:51.664] [0m[0;34mAPP     :INFO :No User to r or w | SystemStatus = 0
[2025-05-20 17:32:51.665] [0m
[2025-05-20 17:32:51.911] [0;32mTMLUWB  :RX < :RECV                :62000048 629C0100 01000000 00FA0000 00010000 05000001 00000000 01070900 006A0000 00640000 64000000 00000003 95000000 00000000 00000000 0E000000 00010300 01030000 00000000
[2025-05-20 17:32:51.911] [0m[0;34mAPP     :INFO :@@@ updateKeepAlive( ): User[1] 709 Keep alive = 79
[2025-05-20 17:32:51.911] [0m[0;34mAPP     :INFO :gCapSessionHandle!!!.
[2025-05-20 17:32:51.911] [0m[0;34mAPP     :INFO :@@@ gNumberOfUserinDTPCM = 2, pRangingData->no_of_measurements = 1,i=0
[2025-05-20 17:32:51.911] [0m[0;34mAPP     :INFO :Measure_NLOS = 0, Classification_NLOS =   0
[2025-05-20 17:32:51.911] [0m[0;34mAPP     :INFO :Conten_Distance_MasterAnchor_to_709=106
[2025-05-20 17:32:51.911] [0m[0;34mAPP     :INFO :Current User ( 709 ) status is : SystemStatus = 0 , DiscoverStatus = 4 , TransactionState = 4 , AuthenticationState = 9
[2025-05-20 17:32:51.911] [0mKF_predict(): Predicted value = 0, Measurement = 0
[2025-05-20 17:32:51.911] [0;34mAPP     :INFO :@@@ User Speed is :( 709 ) , 2 ,(cm/s)
[2025-05-20 17:32:51.911] [0m[0;34mAPP     :INFO :@ b = 106, c = 50, x = -43, y = 50
[2025-05-20 17:32:51.911] [0m[0;34mAPP     :INFO :@ a = 100, d = 100, m = 250, Gate = 100
[2025-05-20 17:32:51.911] [0m[0;34mAPP     :INFO :################################### into blue area...##################################################
[2025-05-20 17:32:51.911] [0m[0;34mAPP     :INFO :No User to r or w | SystemStatus = 0
[2025-05-20 17:32:51.911] [0m
[2025-05-20 17:32:52.299] [0;32mTMLUWB  :RX < :RECV                :62000048 639C0100 01000000 00FA0000 00010000 05000001 00000000 01070900 006A0000 00640000 64000000 00000003 95000000 00000000 00000000 0E000000 00010300 01030000 00000000
[2025-05-20 17:32:52.300] [0m[0;34mAPP     :INFO :@@@ updateKeepAlive( ): User[1] 709 Keep alive = 79
[2025-05-20 17:32:52.300] [0m[0;34mAPP     :INFO :gCapSessionHandle!!!.
[2025-05-20 17:32:52.300] [0m[0;34mAPP     :INFO :@@@ gNumberOfUserinDTPCM = 2, pRangingData->no_of_measurements = 1,i=0
[2025-05-20 17:32:52.300] [0m[0;34mAPP     :INFO :Measure_NLOS = 0, Classification_NLOS =   0
[2025-05-20 17:32:52.300] [0m[0;34mAPP     :INFO :Conten_Distance_MasterAnchor_to_709=106
[2025-05-20 17:32:52.300] [0m[0;34mAPP     :INFO :Current User ( 709 ) status is : SystemStatus = 0 , DiscoverStatus = 4 , TransactionState = 4 , AuthenticationState = 9
[2025-05-20 17:32:52.300] [0mKF_predict(): Predicted value = 0, Measurement = 0
[2025-05-20 17:32:52.300] [0;34mAPP     :INFO :@@@ User Speed is :( 709 ) , 1 ,(cm/s)
[2025-05-20 17:32:52.300] [0m[0;34mAPP     :INFO :@ b = 106, c = 50, x = -43, y = 50
[2025-05-20 17:32:52.300] [0m[0;34mAPP     :INFO :@ a = 100, d = 100, m = 250, Gate = 100
[2025-05-20 17:32:52.300] [0m[0;34mAPP     :INFO :################################### into blue area...##################################################
[2025-05-20 17:32:52.300] [0m[0;34mAPP     :INFO :No User to r or w | SystemStatus = 0
[2025-05-20 17:32:52.300] [0m
