[2025-05-24 15:34:29.612] [0;32mTMLUWB  :RX < :RECV                :62000023 60F20000 01000000 00FA0000 00010000 05000001 00000000 00080000 00000103 000103
[2025-05-24 15:34:29.612] [0m[0;34mAPP     :INFO :No User to r or w | SystemStatus = 0
[2025-05-24 15:34:29.613] [0m
[2025-05-24 15:34:29.859] [0;32mTMLUWB  :RX < :RECV                :62000023 61F20000 01000000 00FA0000 00010000 05000001 00000000 00080000 00000103 000103
[2025-05-24 15:34:29.859] [0m[0;34mAPP     :INFO :No User to r or w | SystemStatus = 0
[2025-05-24 15:34:29.860] [0m
[2025-05-24 15:34:30.111] [0;32mTMLUWB  :RX < :RECV                :62000023 62F20000 01000000 00FA0000 00010000 05000001 00000000 00080000 00000103 000103
[2025-05-24 15:34:30.130] [0m[0;34mAPP     :INFO :No User to r or w | SystemStatus = 0
[2025-05-24 15:34:30.130] [0m
[2025-05-24 15:34:30.361] [0;32mTMLUWB  :RX < :RECV                :62000023 63F20000 01000000 00FA0000 00010000 05000001 00000000 00080000 00000103 000103
[2025-05-24 15:34:30.361] [0m[0;34mAPP     :INFO :No User to r or w | SystemStatus = 0
[2025-05-24 15:34:30.361] [0m
[2025-05-24 15:34:30.609] [0;32mTMLUWB  :RX < :RECV                :62000023 64F20000 01000000 00FA0000 00010000 05000001 00000000 00080000 00000103 000103
[2025-05-24 15:34:30.609] [0m[0;34mAPP     :INFO :No User to r or w | SystemStatus = 0
[2025-05-24 15:34:30.609] [0m
[2025-05-24 15:34:30.857] [0;32mTMLUWB  :RX < :RECV                :62000023 65F20000 01000000 00FA0000 00010000 05000001 00000000 00080000 00000103 000103
[2025-05-24 15:34:30.857] [0m[0;34mAPP     :INFO :No User to r or w | SystemStatus = 0
[2025-05-24 15:34:30.858] [0m
[2025-05-24 15:34:31.106] [0;32mTMLUWB  :RX < :RECV                :62000023 66F20000 01000000 00FA0000 00010000 05000001 00000000 00080000 00000103 000103
[2025-05-24 15:34:31.107] [0m[0;34mAPP     :INFO :No User to r or w | SystemStatus = 0
[2025-05-24 15:34:31.107] [0m
[2025-05-24 15:34:31.355] [0;32mTMLUWB  :RX < :RECV                :62000023 67F20000 01000000 00FA0000 00010000 05000001 00000000 00080000 00000103 000103
[2025-05-24 15:34:31.355] [0m[0;34mAPP     :INFO :No User to r or w | SystemStatus = 0
[2025-05-24 15:34:31.356] [0m
[2025-05-24 15:34:31.605] [0;32mTMLUWB  :RX < :RECV                :62000023 68F20000 01000000 00FA0000 00010000 05000001 00000000 00080000 00000103 000103
[2025-05-24 15:34:31.605] [0m[0;34mAPP     :INFO :No User to r or w | SystemStatus = 0
[2025-05-24 15:34:31.606] [0m
[2025-05-24 15:34:31.854] [0;32mTMLUWB  :RX < :RECV                :62000023 69F20000 01000000 00FA0000 00010000 05000001 00000000 00080000 00000103 000103
[2025-05-24 15:34:31.854] [0m[0;34mAPP     :INFO :No User to r or w | SystemStatus = 0
[2025-05-24 15:34:31.854] [0m
[2025-05-24 15:34:32.105] [0;32mTMLUWB  :RX < :RECV                :62000023 6AF20000 01000000 00FA0000 00010000 05000001 00000000 00080000 00000103 000103
[2025-05-24 15:34:32.105] [0m[0;34mAPP     :INFO :No User to r or w | SystemStatus = 0
[2025-05-24 15:34:32.105] [0m
[2025-05-24 15:34:32.355] [0;32mTMLUWB  :RX < :RECV                :62000023 6BF20000 01000000 00FA0000 00010000 05000001 00000000 00080000 00000103 000103
[2025-05-24 15:34:32.355] [0m[0;34mAPP     :INFO :No User to r or w | SystemStatus = 0
[2025-05-24 15:34:32.356] [0m
[2025-05-24 15:34:32.605] [0;32mTMLUWB  :RX < :RECV                :62000023 6CF20000 01000000 00FA0000 00010000 05000001 00000000 00080000 00000103 000103
[2025-05-24 15:34:32.605] [0m[0;34mAPP     :INFO :No User to r or w | SystemStatus = 0
[2025-05-24 15:34:32.607] [0m
[2025-05-24 15:34:32.856] [0;32mTMLUWB  :RX < :RECV                :62000023 6DF20000 01000000 00FA0000 00010000 05000001 00000000 00080000 00000103 000103
[2025-05-24 15:34:32.856] [0m[0;34mAPP     :INFO :No User to r or w | SystemStatus = 0
[2025-05-24 15:34:32.856] [0m
[2025-05-24 15:34:33.104] [0;32mTMLUWB  :RX < :RECV                :62000023 6EF20000 01000000 00FA0000 00010000 05000001 00000000 00080000 00000103 000103
[2025-05-24 15:34:33.104] [0m[0;34mAPP     :INFO :No User to r or w | SystemStatus = 0
[2025-05-24 15:34:33.105] [0m
[2025-05-24 15:34:33.354] [0;32mTMLUWB  :RX < :RECV                :62000023 6FF20000 01000000 00FA0000 00010000 05000001 00000000 00080000 00000103 000103
[2025-05-24 15:34:33.354] [0m[0;34mAPP     :INFO :No User to r or w | SystemStatus = 0
[2025-05-24 15:34:33.355] [0m
[2025-05-24 15:34:33.603] [0;32mTMLUWB  :RX < :RECV                :62000023 70F20000 01000000 00FA0000 00010000 05000001 00000000 00080000 00000103 000103
[2025-05-24 15:34:33.603] [0m[0;34mAPP     :INFO :No User to r or w | SystemStatus = 0
[2025-05-24 15:34:33.604] [0m
[2025-05-24 15:34:33.862] [0;32mTMLUWB  :RX < :RECV                :62000023 71F20000 01000000 00FA0000 00010000 05000001 00000000 00080000 00000103 000103
[2025-05-24 15:34:33.862] [0m[0;34mAPP     :INFO :No User to r or w | SystemStatus = 0
[2025-05-24 15:34:33.862] [0m
[2025-05-24 15:34:34.112] [0;32mTMLUWB  :RX < :RECV                :62000023 72F20000 01000000 00FA0000 00010000 05000001 00000000 00080000 00000103 000103
[2025-05-24 15:34:34.112] [0m[0;34mAPP     :INFO :No User to r or w | SystemStatus = 0
[2025-05-24 15:34:34.112] [0m
[2025-05-24 15:34:34.359] [0;32mTMLUWB  :RX < :RECV                :62000023 73F20000 01000000 00FA0000 00010000 05000001 00000000 00080000 00000103 000103
[2025-05-24 15:34:34.359] [0m[0;34mAPP     :INFO :No User to r or w | SystemStatus = 0
[2025-05-24 15:34:34.360] [0m
[2025-05-24 15:34:34.744] [0;32mTMLUWB  :RX < :RECV                :62000023 74F20000 01000000 00FA0000 00010000 05000001 00000000 00080000 00000103 000103
[2025-05-24 15:34:34.745] [0m[0;34mAPP     :INFO :No User to r or w | SystemStatus = 0
[2025-05-24 15:34:34.745] [0m
