[2025-05-21 17:06:02.701] [0;32mTMLUWB  :RX < :RECV                :62000023 AE870100 01000000 00FA0000 00010000 05000001 00000000 00080000 00000103 000103
[2025-05-21 17:06:02.701] [0m[0;34mAPP     :INFO :No User to r or w | SystemStatus = 0
[2025-05-21 17:06:02.701] [0m
[2025-05-21 17:06:02.949] [0;32mTMLUWB  :RX < :RECV                :62000023 AF870100 01000000 00FA0000 00010000 05000001 00000000 00080000 00000103 000103
[2025-05-21 17:06:02.949] [0m[0;34mAPP     :INFO :No User to r or w | SystemStatus = 0
[2025-05-21 17:06:02.949] [0m
[2025-05-21 17:06:03.208] [0;32mTMLUWB  :RX < :RECV                :62000023 B0870100 01000000 00FA0000 00010000 05000001 00000000 00080000 00000103 000103
[2025-05-21 17:06:03.228] [0m[0;34mAPP     :INFO :No User to r or w | SystemStatus = 0
[2025-05-21 17:06:03.228] [0m
[2025-05-21 17:06:03.457] [0;32mTMLUWB  :RX < :RECV                :62000023 B1870100 01000000 00FA0000 00010000 05000001 00000000 00080000 00000103 000103
[2025-05-21 17:06:03.457] [0m[0;34mAPP     :INFO :No User to r or w | SystemStatus = 0
[2025-05-21 17:06:03.457] [0m
[2025-05-21 17:06:03.705] [0;32mTMLUWB  :RX < :RECV                :62000023 B2870100 01000000 00FA0000 00010000 05000001 00000000 00080000 00000103 000103
[2025-05-21 17:06:03.705] [0m[0;34mAPP     :INFO :No User to r or w | SystemStatus = 0
[2025-05-21 17:06:03.705] [0m
[2025-05-21 17:06:03.954] [0;32mTMLUWB  :RX < :RECV                :62000023 B3870100 01000000 00FA0000 00010000 05000001 00000000 00080000 00000103 000103
[2025-05-21 17:06:03.954] [0m[0;34mAPP     :INFO :No User to r or w | SystemStatus = 0
[2025-05-21 17:06:03.954] [0m
[2025-05-21 17:06:04.205] [0;32mTMLUWB  :RX < :RECV                :62000023 B4870100 01000000 00FA0000 00010000 05000001 00000000 00080000 00000103 000103
[2025-05-21 17:06:04.205] [0m[0;34mAPP     :INFO :No User to r or w | SystemStatus = 0
[2025-05-21 17:06:04.205] [0m
[2025-05-21 17:06:04.454] [0;32mTMLUWB  :RX < :RECV                :62000023 B5870100 01000000 00FA0000 00010000 05000001 00000000 00080000 00000103 000103
[2025-05-21 17:06:04.454] [0m[0;34mAPP     :INFO :No User to r or w | SystemStatus = 0
[2025-05-21 17:06:04.454] [0m
[2025-05-21 17:06:04.702] [0;32mTMLUWB  :RX < :RECV                :62000023 B6870100 01000000 00FA0000 00010000 05000001 00000000 00080000 00000103 000103
[2025-05-21 17:06:04.702] [0m[0;34mAPP     :INFO :No User to r or w | SystemStatus = 0
[2025-05-21 17:06:04.702] [0m
[2025-05-21 17:06:04.950] [0;32mTMLUWB  :RX < :RECV                :62000023 B7870100 01000000 00FA0000 00010000 05000001 00000000 00080000 00000103 000103
[2025-05-21 17:06:04.950] [0m[0;34mAPP     :INFO :No User to r or w | SystemStatus = 0
[2025-05-21 17:06:04.950] [0m
[2025-05-21 17:06:05.198] [0;32mTMLUWB  :RX < :RECV                :62000023 B8870100 01000000 00FA0000 00010000 05000001 00000000 00080000 00000103 000103
[2025-05-21 17:06:05.198] [0m[0;34mAPP     :INFO :No User to r or w | SystemStatus = 0
[2025-05-21 17:06:05.198] [0m
[2025-05-21 17:06:05.449] [0;32mTMLUWB  :RX < :RECV                :62000023 B9870100 01000000 00FA0000 00010000 05000001 00000000 00080000 00000103 000103
[2025-05-21 17:06:05.449] [0m[0;34mAPP     :INFO :No User to r or w | SystemStatus = 0
[2025-05-21 17:06:05.449] [0m
[2025-05-21 17:06:05.706] [0;32mTMLUWB  :RX < :RECV                :62000023 BA870100 01000000 00FA0000 00010000 05000001 00000000 00080000 00000103 000103
[2025-05-21 17:06:05.707] [0m[0;34mAPP     :INFO :No User to r or w | SystemStatus = 0
[2025-05-21 17:06:05.707] [0m
[2025-05-21 17:06:05.954] [0;32mTMLUWB  :RX < :RECV                :62000023 BB870100 01000000 00FA0000 00010000 05000001 00000000 00080000 00000103 000103
[2025-05-21 17:06:05.954] [0m[0;34mAPP     :INFO :No User to r or w | SystemStatus = 0
[2025-05-21 17:06:05.954] [0m
[2025-05-21 17:06:06.205] [0;32mTMLUWB  :RX < :RECV                :62000023 BC870100 01000000 00FA0000 00010000 05000001 00000000 00080000 00000103 000103
[2025-05-21 17:06:06.206] [0m[0;34mAPP     :INFO :No User to r or w | SystemStatus = 0
[2025-05-21 17:06:06.206] [0m
[2025-05-21 17:06:06.455] [0;32mTMLUWB  :RX < :RECV                :62000023 BD870100 01000000 00FA0000 00010000 05000001 00000000 00080000 00000103 000103
[2025-05-21 17:06:06.455] [0m[0;34mAPP     :INFO :No User to r or w | SystemStatus = 0
[2025-05-21 17:06:06.455] [0m
[2025-05-21 17:06:06.705] [0;32mTMLUWB  :RX < :RECV                :62000023 BE870100 01000000 00FA0000 00010000 05000001 00000000 00080000 00000103 000103
[2025-05-21 17:06:06.705] [0m[0;34mAPP     :INFO :No User to r or w | SystemStatus = 0
[2025-05-21 17:06:06.705] [0m
[2025-05-21 17:06:06.952] [0;32mTMLUWB  :RX < :RECV                :62000023 BF870100 01000000 00FA0000 00010000 05000001 00000000 00080000 00000103 000103
[2025-05-21 17:06:06.952] [0m[0;34mAPP     :INFO :No User to r or w | SystemStatus = 0
[2025-05-21 17:06:06.952] [0m
[2025-05-21 17:06:07.202] [0;32mTMLUWB  :RX < :RECV                :62000023 C0870100 01000000 00FA0000 00010000 05000001 00000000 00080000 00000103 000103
[2025-05-21 17:06:07.202] [0m[0;34mAPP     :INFO :No User to r or w | SystemStatus = 0
[2025-05-21 17:06:07.202] [0m
[2025-05-21 17:06:07.448] [0;32mTMLUWB  :RX < :RECV                :62000023 C1870100 01000000 00FA0000 00010000 05000001 00000000 00080000 00000103 000103
[2025-05-21 17:06:07.448] [0m[0;34mAPP     :INFO :No User to r or w | SystemStatus = 0
[2025-05-21 17:06:07.448] [0m
[2025-05-21 17:06:07.698] [0;32mTMLUWB  :RX < :RECV                :62000023 C2870100 01000000 00FA0000 00010000 05000001 00000000 00080000 00000103 000103
[2025-05-21 17:06:07.698] [0m[0;34mAPP     :INFO :No User to r or w | SystemStatus = 0
[2025-05-21 17:06:07.698] [0m
[2025-05-21 17:06:07.956] [0;32mTMLUWB  :RX < :RECV                :62000023 C3870100 01000000 00FA0000 00010000 05000001 00000000 00080000 00000103 000103
[2025-05-21 17:06:07.956] [0m[0;34mAPP     :INFO :No User to r or w | SystemStatus = 0
[2025-05-21 17:06:07.956] [0m
[2025-05-21 17:06:08.206] [0;32mTMLUWB  :RX < :RECV                :62000023 C4870100 01000000 00FA0000 00010000 05000001 00000000 00080000 00000103 000103
[2025-05-21 17:06:08.206] [0m[0;34mAPP     :INFO :No User to r or w | SystemStatus = 0
[2025-05-21 17:06:08.206] [0m
[2025-05-21 17:06:08.454] [0;32mTMLUWB  :RX < :RECV                :62000023 C5870100 01000000 00FA0000 00010000 05000001 00000000 00080000 00000103 000103
[2025-05-21 17:06:08.454] [0m[0;34mAPP     :INFO :No User to r or w | SystemStatus = 0
[2025-05-21 17:06:08.454] [0m
[2025-05-21 17:06:08.703] [0;32mTMLUWB  :RX < :RECV                :62000023 C6870100 01000000 00FA0000 00010000 05000001 00000000 00080000 00000103 000103
[2025-05-21 17:06:08.703] [0m[0;34mAPP     :INFO :No User to r or w | SystemStatus = 0
[2025-05-21 17:06:08.703] [0m
[2025-05-21 17:06:08.953] [0;32mTMLUWB  :RX < :RECV                :62000023 C7870100 01000000 00FA0000 00010000 05000001 00000000 00080000 00000103 000103
[2025-05-21 17:06:08.953] [0m[0;34mAPP     :INFO :No User to r or w | SystemStatus = 0
[2025-05-21 17:06:08.953] [0m
[2025-05-21 17:06:09.202] [0;32mTMLUWB  :RX < :RECV                :62000023 C8870100 01000000 00FA0000 00010000 05000001 00000000 00080000 00000103 000103
[2025-05-21 17:06:09.202] [0m[0;34mAPP     :INFO :No User to r or w | SystemStatus = 0
[2025-05-21 17:06:09.202] [0m
[2025-05-21 17:06:09.451] [0;32mTMLUWB  :RX < :RECV                :62000023 C9870100 01000000 00FA0000 00010000 05000001 00000000 00080000 00000103 000103
[2025-05-21 17:06:09.451] [0m[0;34mAPP     :INFO :No User to r or w | SystemStatus = 0
[2025-05-21 17:06:09.451] [0m
[2025-05-21 17:06:09.700] [0;32mTMLUWB  :RX < :RECV                :62000023 CA870100 01000000 00FA0000 00010000 05000001 00000000 00080000 00000103 000103
[2025-05-21 17:06:09.700] [0m[0;34mAPP     :INFO :No User to r or w | SystemStatus = 0
[2025-05-21 17:06:09.700] [0m
[2025-05-21 17:06:09.948] [0;32mTMLUWB  :RX < :RECV                :62000023 CB870100 01000000 00FA0000 00010000 05000001 00000000 00080000 00000103 000103
[2025-05-21 17:06:09.948] [0m[0;34mAPP     :INFO :No User to r or w | SystemStatus = 0
[2025-05-21 17:06:09.948] [0m
[2025-05-21 17:06:10.202] [0;32mTMLUWB  :RX < :RECV                :62000023 CC870100 01000000 00FA0000 00010000 05000001 00000000 00080000 00000103 000103
[2025-05-21 17:06:10.203] [0m[0;34mAPP     :INFO :No User to r or w | SystemStatus = 0
[2025-05-21 17:06:10.203] [0m
[2025-05-21 17:06:10.451] [0;32mTMLUWB  :RX < :RECV                :62000023 CD870100 01000000 00FA0000 00010000 05000001 00000000 00080000 00000103 000103
[2025-05-21 17:06:10.451] [0m[0;34mAPP     :INFO :No User to r or w | SystemStatus = 0
[2025-05-21 17:06:10.451] [0m
[2025-05-21 17:06:10.701] [0;32mTMLUWB  :RX < :RECV                :62000023 CE870100 01000000 00FA0000 00010000 05000001 00000000 00080000 00000103 000103
[2025-05-21 17:06:10.701] [0m[0;34mAPP     :INFO :No User to r or w | SystemStatus = 0
[2025-05-21 17:06:10.701] [0m
[2025-05-21 17:06:10.949] [0;32mTMLUWB  :RX < :RECV                :62000023 CF870100 01000000 00FA0000 00010000 05000001 00000000 00080000 00000103 000103
[2025-05-21 17:06:10.949] [0m[0;34mAPP     :INFO :No User to r or w | SystemStatus = 0
[2025-05-21 17:06:10.949] [0m
[2025-05-21 17:06:11.208] [0;32mTMLUWB  :RX < :RECV                :62000023 D0870100 01000000 00FA0000 00010000 05000001 00000000 00080000 00000103 000103
[2025-05-21 17:06:11.208] [0m[0;34mAPP     :INFO :No User to r or w | SystemStatus = 0
[2025-05-21 17:06:11.209] [0m
[2025-05-21 17:06:11.456] [0;32mTMLUWB  :RX < :RECV                :62000023 D1870100 01000000 00FA0000 00010000 05000001 00000000 00080000 00000103 000103
[2025-05-21 17:06:11.456] [0m[0;34mAPP     :INFO :No User to r or w | SystemStatus = 0
[2025-05-21 17:06:11.456] [0m
[2025-05-21 17:06:11.704] [0;32mTMLUWB  :RX < :RECV                :62000023 D2870100 01000000 00FA0000 00010000 05000001 00000000 00080000 00000103 000103
[2025-05-21 17:06:11.704] [0m[0;34mAPP     :INFO :No User to r or w | SystemStatus = 0
[2025-05-21 17:06:11.704] [0m
[2025-05-21 17:06:11.952] [0;32mTMLUWB  :RX < :RECV                :62000023 D3870100 01000000 00FA0000 00010000 05000001 00000000 00080000 00000103 000103
[2025-05-21 17:06:11.952] [0m[0;34mAPP     :INFO :No User to r or w | SystemStatus = 0
[2025-05-21 17:06:11.952] [0m
[2025-05-21 17:06:12.200] [0;32mTMLUWB  :RX < :RECV                :62000023 D4870100 01000000 00FA0000 00010000 05000001 00000000 00080000 00000103 000103
[2025-05-21 17:06:12.200] [0m[0;34mAPP     :INFO :No User to r or w | SystemStatus = 0
[2025-05-21 17:06:12.200] [0m
[2025-05-21 17:06:12.449] [0;32mTMLUWB  :RX < :RECV                :62000023 D5870100 01000000 00FA0000 00010000 05000001 00000000 00080000 00000103 000103
[2025-05-21 17:06:12.449] [0m[0;34mAPP     :INFO :No User to r or w | SystemStatus = 0
[2025-05-21 17:06:12.450] [0m
[2025-05-21 17:06:12.698] [0;32mTMLUWB  :RX < :RECV                :62000023 D6870100 01000000 00FA0000 00010000 05000001 00000000 00080000 00000103 000103
[2025-05-21 17:06:12.698] [0m[0;34mAPP     :INFO :No User to r or w | SystemStatus = 0
[2025-05-21 17:06:12.699] [0m
[2025-05-21 17:06:12.957] [0;32mTMLUWB  :RX < :RECV                :62000023 D7870100 01000000 00FA0000 00010000 05000001 00000000 00080000 00000103 000103
[2025-05-21 17:06:12.957] [0m[0;34mAPP     :INFO :No User to r or w | SystemStatus = 0
[2025-05-21 17:06:12.957] [0m
[2025-05-21 17:06:13.207] [0;32mTMLUWB  :RX < :RECV                :62000023 D8870100 01000000 00FA0000 00010000 05000001 00000000 00080000 00000103 000103
[2025-05-21 17:06:13.208] [0m[0;34mAPP     :INFO :No User to r or w | SystemStatus = 0
[2025-05-21 17:06:13.208] [0m
[2025-05-21 17:06:13.456] [0;32mTMLUWB  :RX < :RECV                :62000023 D9870100 01000000 00FA0000 00010000 05000001 00000000 00080000 00000103 000103
[2025-05-21 17:06:13.468] [0m[0;34mAPP     :INFO :No User to r or w | SystemStatus = 0
[2025-05-21 17:06:13.469] [0m
