[2025-05-20 17:51:14.815] [0;32mTMLUWB  :RX < :RECV                :62000023 64AE0100 01000000 00FA0000 00010000 05000001 00000000 00080000 00000103 000103
[2025-05-20 17:51:14.815] [0m[0;34mAPP     :INFO :No User to r or w | SystemStatus = 0
[2025-05-20 17:51:14.816] [0m
[2025-05-20 17:51:15.071] [0;32mTMLUWB  :RX < :RECV                :62000023 65AE0100 01000000 00FA0000 00010000 05000001 00000000 00080000 00000103 000103
[2025-05-20 17:51:15.071] [0m[0;34mAPP     :INFO :No User to r or w | SystemStatus = 0
[2025-05-20 17:51:15.072] [0m
[2025-05-20 17:51:15.319] [0;32mTMLUWB  :RX < :RECV                :62000023 66AE0100 01000000 00FA0000 00010000 05000001 00000000 00080000 00000103 000103
[2025-05-20 17:51:15.338] [0m[0;34mAPP     :INFO :No User to r or w | SystemStatus = 0
[2025-05-20 17:51:15.338] [0m
[2025-05-20 17:51:15.570] [0;32mTMLUWB  :RX < :RECV                :62000023 67AE0100 01000000 00FA0000 00010000 05000001 00000000 00080000 00000103 000103
[2025-05-20 17:51:15.570] [0m[0;34mAPP     :INFO :No User to r or w | SystemStatus = 0
[2025-05-20 17:51:15.570] [0m
[2025-05-20 17:51:15.817] [0;32mTMLUWB  :RX < :RECV                :62000023 68AE0100 01000000 00FA0000 00010000 05000001 00000000 00080000 00000103 000103
[2025-05-20 17:51:15.817] [0m[0;34mAPP     :INFO :No User to r or w | SystemStatus = 0
[2025-05-20 17:51:15.819] [0m
[2025-05-20 17:51:16.105] [0;32mTMLUWB  :RX < :RECV                :62000023 69AE0100 01000000 00FA0000 00010000 05000001 00000000 00080000 00000103 000103
[2025-05-20 17:51:16.106] [0m[0;34mAPP     :INFO :No User to r or w | SystemStatus = 0
[2025-05-20 17:51:16.106] [0m
[2025-05-20 17:51:16.329] [0;32mTMLUWB  :RX < :RECV                :62000023 6AAE0100 01000000 00FA0000 00010000 05000001 00000000 00080000 00000103 000103
[2025-05-20 17:51:16.329] [0m[0;34mAPP     :INFO :No User to r or w | SystemStatus = 0
[2025-05-20 17:51:16.329] [0m
[2025-05-20 17:51:16.588] [0;32mTMLUWB  :RX < :RECV                :62000023 6BAE0100 01000000 00FA0000 00010000 05000001 00000000 00080000 00000103 000103
[2025-05-20 17:51:16.589] [0m[0;34mAPP     :INFO :No User to r or w | SystemStatus = 0
[2025-05-20 17:51:16.589] [0m
[2025-05-20 17:51:16.835] [0;32mTMLUWB  :RX < :RECV                :62000023 6CAE0100 01000000 00FA0000 00010000 05000001 00000000 00080000 00000103 000103
[2025-05-20 17:51:16.835] [0m[0;34mAPP     :INFO :No User to r or w | SystemStatus = 0
[2025-05-20 17:51:16.835] [0m
[2025-05-20 17:51:17.066] [0;32mTMLUWB  :RX < :RECV                :62000023 6DAE0100 01000000 00FA0000 00010000 05000001 00000000 00080000 00000103 000103
[2025-05-20 17:51:17.113] [0m[0;34mAPP     :INFO :No User to r or w | SystemStatus = 0
[2025-05-20 17:51:17.114] [0m
[2025-05-20 17:51:17.337] [0;32mTMLUWB  :RX < :RECV                :62000023 6EAE0100 01000000 00FA0000 00010000 05000001 00000000 00080000 00000103 000103
[2025-05-20 17:51:17.338] [0m[0;34mAPP     :INFO :No User to r or w | SystemStatus = 0
[2025-05-20 17:51:17.338] [0m
[2025-05-20 17:51:17.587] [0;32mTMLUWB  :RX < :RECV                :62000023 6FAE0100 01000000 00FA0000 00010000 05000001 00000000 00080000 00000103 000103
[2025-05-20 17:51:17.587] [0m[0;34mAPP     :INFO :No User to r or w | SystemStatus = 0
[2025-05-20 17:51:17.587] [0m
[2025-05-20 17:51:17.835] [0;32mTMLUWB  :RX < :RECV                :62000023 70AE0100 01000000 00FA0000 00010000 05000001 00000000 00080000 00000103 000103
[2025-05-20 17:51:17.836] [0m[0;34mAPP     :INFO :No User to r or w | SystemStatus = 0
[2025-05-20 17:51:17.836] [0m
[2025-05-20 17:51:18.113] [0;32mTMLUWB  :RX < :RECV                :62000023 71AE0100 01000000 00FA0000 00010000 05000001 00000000 00080000 00000103 000103
[2025-05-20 17:51:18.114] [0m[0;34mAPP     :INFO :No User to r or w | SystemStatus = 0
[2025-05-20 17:51:18.114] [0m
[2025-05-20 17:51:18.338] [0;32mTMLUWB  :RX < :RECV                :62000023 72AE0100 01000000 00FA0000 00010000 05000001 00000000 00080000 00000103 000103
[2025-05-20 17:51:18.338] [0m[0;34mAPP     :INFO :No User to r or w | SystemStatus = 0
[2025-05-20 17:51:18.338] [0m
[2025-05-20 17:51:18.590] [0;32mTMLUWB  :RX < :RECV                :62000023 73AE0100 01000000 00FA0000 00010000 05000001 00000000 00080000 00000103 000103
[2025-05-20 17:51:18.591] [0m[0;34mAPP     :INFO :No User to r or w | SystemStatus = 0
[2025-05-20 17:51:18.591] [0m
[2025-05-20 17:51:18.839] [0;32mTMLUWB  :RX < :RECV                :62000023 74AE0100 01000000 00FA0000 00010000 05000001 00000000 00080000 00000103 000103
[2025-05-20 17:51:18.839] [0m[0;34mAPP     :INFO :No User to r or w | SystemStatus = 0
[2025-05-20 17:51:18.839] [0m
[2025-05-20 17:51:19.104] [0;32mTMLUWB  :RX < :RECV                :62000023 75AE0100 01000000 00FA0000 00010000 05000001 00000000 00080000 00000103 000103
[2025-05-20 17:51:19.105] [0m[0;34mAPP     :INFO :No User to r or w | SystemStatus = 0
[2025-05-20 17:51:19.105] [0m
[2025-05-20 17:51:19.332] [0;32mTMLUWB  :RX < :RECV                :62000023 76AE0100 01000000 00FA0000 00010000 05000001 00000000 00080000 00000103 000103
[2025-05-20 17:51:19.332] [0m[0;34mAPP     :INFO :No User to r or w | SystemStatus = 0
[2025-05-20 17:51:19.332] [0m
[2025-05-20 17:51:19.586] [0;32mTMLUWB  :RX < :RECV                :62000023 77AE0100 01000000 00FA0000 00010000 05000001 00000000 00080000 00000103 000103
[2025-05-20 17:51:19.586] [0m[0;34mAPP     :INFO :No User to r or w | SystemStatus = 0
[2025-05-20 17:51:19.586] [0m
[2025-05-20 17:51:19.835] [0;32mTMLUWB  :RX < :RECV                :62000023 78AE0100 01000000 00FA0000 00010000 05000001 00000000 00080000 00000103 000103
[2025-05-20 17:51:19.836] [0m[0;34mAPP     :INFO :No User to r or w | SystemStatus = 0
[2025-05-20 17:51:19.836] [0m
[2025-05-20 17:51:20.106] [0;32mTMLUWB  :RX < :RECV                :62000023 79AE0100 01000000 00FA0000 00010000 05000001 00000000 00080000 00000103 000103
[2025-05-20 17:51:20.107] [0m[0;34mAPP     :INFO :No User to r or w | SystemStatus = 0
[2025-05-20 17:51:20.107] [0m
[2025-05-20 17:51:20.340] [0;32mTMLUWB  :RX < :RECV                :62000023 7AAE0100 01000000 00FA0000 00010000 05000001 00000000 00080000 00000103 000103
[2025-05-20 17:51:20.340] [0m[0;34mAPP     :INFO :No User to r or w | SystemStatus = 0
[2025-05-20 17:51:20.340] [0m
[2025-05-20 17:51:20.587] [0;32mTMLUWB  :RX < :RECV                :62000023 7BAE0100 01000000 00FA0000 00010000 05000001 00000000 00080000 00000103 000103
[2025-05-20 17:51:20.587] [0m[0;34mAPP     :INFO :No User to r or w | SystemStatus = 0
[2025-05-20 17:51:20.587] [0m
[2025-05-20 17:51:20.841] [0;32mTMLUWB  :RX < :RECV                :62000023 7CAE0100 01000000 00FA0000 00010000 05000001 00000000 00080000 00000103 000103
[2025-05-20 17:51:20.841] [0m[0;34mAPP     :INFO :No User to r or w | SystemStatus = 0
[2025-05-20 17:51:20.841] [0m
[2025-05-20 17:51:21.077] [0;32mTMLUWB  :RX < :RECV                :62000023 7DAE0100 01000000 00FA0000 00010000 05000001 00000000 00080000 00000103 000103
[2025-05-20 17:51:21.077] [0m[0;34mAPP     :INFO :No User to r or w | SystemStatus = 0
[2025-05-20 17:51:21.077] [0m
[2025-05-20 17:51:21.350] [0;32mTMLUWB  :RX < :RECV                :62000023 7EAE0100 01000000 00FA0000 00010000 05000001 00000000 00080000 00000103 000103
[2025-05-20 17:51:21.350] [0m[0;34mAPP     :INFO :No User to r or w | SystemStatus = 0
[2025-05-20 17:51:21.350] [0m
[2025-05-20 17:51:21.595] [0;32mTMLUWB  :RX < :RECV                :62000023 7FAE0100 01000000 00FA0000 00010000 05000001 00000000 00080000 00000103 000103
[2025-05-20 17:51:21.596] [0m[0;34mAPP     :INFO :No User to r or w | SystemStatus = 0
[2025-05-20 17:51:21.596] [0m
[2025-05-20 17:51:21.844] [0;32mTMLUWB  :RX < :RECV                :62000023 80AE0100 01000000 00FA0000 00010000 05000001 00000000 00080000 00000103 000103
[2025-05-20 17:51:21.844] [0m[0;34mAPP     :INFO :No User to r or w | SystemStatus = 0
[2025-05-20 17:51:21.844] [0m
[2025-05-20 17:51:22.118] [0;32mTMLUWB  :RX < :RECV                :62000023 81AE0100 01000000 00FA0000 00010000 05000001 00000000 00080000 00000103 000103
[2025-05-20 17:51:22.118] [0m[0;34mAPP     :INFO :No User to r or w | SystemStatus = 0
[2025-05-20 17:51:22.118] [0m
[2025-05-20 17:51:22.343] [0;32mTMLUWB  :RX < :RECV                :62000023 82AE0100 01000000 00FA0000 00010000 05000001 00000000 00080000 00000103 000103
[2025-05-20 17:51:22.344] [0m[0;34mAPP     :INFO :No User to r or w | SystemStatus = 0
[2025-05-20 17:51:22.344] [0m
[2025-05-20 17:51:22.583] [0;32mTMLUWB  :RX < :RECV                :62000023 83AE0100 01000000 00FA0000 00010000 05000001 00000000 00080000 00000103 000103
[2025-05-20 17:51:22.583] [0m[0;34mAPP     :INFO :No User to r or w | SystemStatus = 0
[2025-05-20 17:51:22.583] [0m
[2025-05-20 17:51:22.842] [0;32mTMLUWB  :RX < :RECV                :62000023 84AE0100 01000000 00FA0000 00010000 05000001 00000000 00080000 00000103 000103
[2025-05-20 17:51:22.842] [0m[0;34mAPP     :INFO :No User to r or w | SystemStatus = 0
[2025-05-20 17:51:22.842] [0m
[2025-05-20 17:51:23.106] [0;32mTMLUWB  :RX < :RECV                :62000023 85AE0100 01000000 00FA0000 00010000 05000001 00000000 00080000 00000103 000103
[2025-05-20 17:51:23.106] [0m[0;34mAPP     :INFO :No User to r or w | SystemStatus = 0
[2025-05-20 17:51:23.106] [0m
[2025-05-20 17:51:23.326] [0;32mTMLUWB  :RX < :RECV                :62000023 86AE0100 01000000 00FA0000 00010000 05000001 00000000 00080000 00000103 000103
[2025-05-20 17:51:23.326] [0m[0;34mAPP     :INFO :No User to r or w | SystemStatus = 0
[2025-05-20 17:51:23.326] [0m
[2025-05-20 17:51:23.595] [0;32mTMLUWB  :RX < :RECV                :62000023 87AE0100 01000000 00FA0000 00010000 05000001 00000000 00080000 00000103 000103
[2025-05-20 17:51:23.595] [0m[0;34mAPP     :INFO :No User to r or w | SystemStatus = 0
[2025-05-20 17:51:23.595] [0m
[2025-05-20 17:51:23.842] [0;32mTMLUWB  :RX < :RECV                :62000023 88AE0100 01000000 00FA0000 00010000 05000001 00000000 00080000 00000103 000103
[2025-05-20 17:51:23.842] [0m[0;34mAPP     :INFO :No User to r or w | SystemStatus = 0
[2025-05-20 17:51:23.842] [0m
[2025-05-20 17:51:24.114] [0;32mTMLUWB  :RX < :RECV                :62000023 89AE0100 01000000 00FA0000 00010000 05000001 00000000 00080000 00000103 000103
[2025-05-20 17:51:24.114] [0m[0;34mAPP     :INFO :No User to r or w | SystemStatus = 0
[2025-05-20 17:51:24.114] [0m
[2025-05-20 17:51:24.342] [0;32mTMLUWB  :RX < :RECV                :62000023 8AAE0100 01000000 00FA0000 00010000 05000001 00000000 00080000 00000103 000103
[2025-05-20 17:51:24.342] [0m[0;34mAPP     :INFO :No User to r or w | SystemStatus = 0
[2025-05-20 17:51:24.342] [0m
[2025-05-20 17:51:24.589] [0;32mTMLUWB  :RX < :RECV                :62000023 8BAE0100 01000000 00FA0000 00010000 05000001 00000000 00080000 00000103 000103
[2025-05-20 17:51:24.589] [0m[0;34mAPP     :INFO :No User to r or w | SystemStatus = 0
[2025-05-20 17:51:24.590] [0m
[2025-05-20 17:51:24.841] [0;32mTMLUWB  :RX < :RECV                :62000023 8CAE0100 01000000 00FA0000 00010000 05000001 00000000 00080000 00000103 000103
[2025-05-20 17:51:24.841] [0m[0;34mAPP     :INFO :No User to r or w | SystemStatus = 0
[2025-05-20 17:51:24.841] [0m
[2025-05-20 17:51:25.069] [0;32mTMLUWB  :RX < :RECV                :62000023 8DAE0100 01000000 00FA0000 00010000 05000001 00000000 00080000 00000103 000103
[2025-05-20 17:51:25.069] [0m[0;34mAPP     :INFO :No User to r or w | SystemStatus = 0
[2025-05-20 17:51:25.069] [0m
[2025-05-20 17:51:25.336] [0;32mTMLUWB  :RX < :RECV                :62000023 8EAE0100 01000000 00FA0000 00010000 05000001 00000000 00080000 00000103 000103
[2025-05-20 17:51:25.336] [0m[0;34mAPP     :INFO :No User to r or w | SystemStatus = 0
[2025-05-20 17:51:25.336] [0m
[2025-05-20 17:51:25.601] [0;32mTMLUWB  :RX < :RECV                :62000023 8FAE0100 01000000 00FA0000 00010000 05000001 00000000 00080000 00000103 000103
[2025-05-20 17:51:25.601] [0m[0;34mAPP     :INFO :No User to r or w | SystemStatus = 0
[2025-05-20 17:51:25.602] [0m
[2025-05-20 17:51:25.843] [0;32mTMLUWB  :RX < :RECV                :62000023 90AE0100 01000000 00FA0000 00010000 05000001 00000000 00080000 00000103 000103
[2025-05-20 17:51:25.843] [0m[0;34mAPP     :INFO :No User to r or w | SystemStatus = 0
[2025-05-20 17:51:25.843] [0m
[2025-05-20 17:51:26.120] [0;32mTMLUWB  :RX < :RECV                :62000023 91AE0100 01000000 00FA0000 00010000 05000001 00000000 00080000 00000103 000103
[2025-05-20 17:51:26.121] [0m[0;34mAPP     :INFO :No User to r or w | SystemStatus = 0
[2025-05-20 17:51:26.121] [0m
[2025-05-20 17:51:26.342] [0;32mTMLUWB  :RX < :RECV                :62000023 92AE0100 01000000 00FA0000 00010000 05000001 00000000 00080000 00000103 000103
[2025-05-20 17:51:26.342] [0m[0;34mAPP     :INFO :No User to r or w | SystemStatus = 0
[2025-05-20 17:51:26.342] [0m
[2025-05-20 17:51:26.582] [0;32mTMLUWB  :RX < :RECV                :62000023 93AE0100 01000000 00FA0000 00010000 05000001 00000000 00080000 00000103 000103
[2025-05-20 17:51:26.583] [0m[0;34mAPP     :INFO :No User to r or w | SystemStatus = 0
[2025-05-20 17:51:26.583] [0m
[2025-05-20 17:51:26.851] [0;32mTMLUWB  :RX < :RECV                :62000023 94AE0100 01000000 00FA0000 00010000 05000001 00000000 00080000 00000103 000103
[2025-05-20 17:51:26.851] [0m[0;34mAPP     :INFO :No User to r or w | SystemStatus = 0
[2025-05-20 17:51:26.851] [0m
[2025-05-20 17:51:27.109] [0;32mTMLUWB  :RX < :RECV                :62000023 95AE0100 01000000 00FA0000 00010000 05000001 00000000 00080000 00000103 000103
[2025-05-20 17:51:27.111] [0m[0;34mAPP     :INFO :No User to r or w | SystemStatus = 0
[2025-05-20 17:51:27.111] [0m
[2025-05-20 17:51:27.334] [0;32mTMLUWB  :RX < :RECV                :62000023 96AE0100 01000000 00FA0000 00010000 05000001 00000000 00080000 00000103 000103
[2025-05-20 17:51:27.334] [0m[0;34mAPP     :INFO :No User to r or w | SystemStatus = 0
[2025-05-20 17:51:27.334] [0m
[2025-05-20 17:51:27.595] [0;32mTMLUWB  :RX < :RECV                :62000023 97AE0100 01000000 00FA0000 00010000 05000001 00000000 00080000 00000103 000103
[2025-05-20 17:51:27.596] [0m[0;34mAPP     :INFO :No User to r or w | SystemStatus = 0
[2025-05-20 17:51:27.596] [0m
[2025-05-20 17:51:27.837] [0;32mTMLUWB  :RX < :RECV                :62000023 98AE0100 01000000 00FA0000 00010000 05000001 00000000 00080000 00000103 000103
[2025-05-20 17:51:27.838] [0m[0;34mAPP     :INFO :No User to r or w | SystemStatus = 0
[2025-05-20 17:51:27.838] [0m
[2025-05-20 17:51:28.110] [0;32mTMLUWB  :RX < :RECV                :62000023 99AE0100 01000000 00FA0000 00010000 05000001 00000000 00080000 00000103 000103
[2025-05-20 17:51:28.110] [0m[0;34mAPP     :INFO :No User to r or w | SystemStatus = 0
[2025-05-20 17:51:28.111] [0m
[2025-05-20 17:51:28.337] [0;32mTMLUWB  :RX < :RECV                :62000023 9AAE0100 01000000 00FA0000 00010000 05000001 00000000 00080000 00000103 000103
[2025-05-20 17:51:28.337] [0m[0;34mAPP     :INFO :No User to r or w | SystemStatus = 0
[2025-05-20 17:51:28.337] [0m
[2025-05-20 17:51:28.586] [0;32mTMLUWB  :RX < :RECV                :62000023 9BAE0100 01000000 00FA0000 00010000 05000001 00000000 00080000 00000103 000103
[2025-05-20 17:51:28.586] [0m[0;34mAPP     :INFO :No User to r or w | SystemStatus = 0
[2025-05-20 17:51:28.587] [0m
[2025-05-20 17:51:28.842] [0;32mTMLUWB  :RX < :RECV                :62000023 9CAE0100 01000000 00FA0000 00010000 05000001 00000000 00080000 00000103 000103
[2025-05-20 17:51:28.842] [0m[0;34mAPP     :INFO :No User to r or w | SystemStatus = 0
[2025-05-20 17:51:28.843] [0m
[2025-05-20 17:51:29.077] [0;32mTMLUWB  :RX < :RECV                :62000023 9DAE0100 01000000 00FA0000 00010000 05000001 00000000 00080000 00000103 000103
[2025-05-20 17:51:29.077] [0m[0;34mAPP     :INFO :No User to r or w | SystemStatus = 0
[2025-05-20 17:51:29.077] [0m
[2025-05-20 17:51:29.343] [0;32mTMLUWB  :RX < :RECV                :62000023 9EAE0100 01000000 00FA0000 00010000 05000001 00000000 00080000 00000103 000103
[2025-05-20 17:51:29.343] [0m[0;34mAPP     :INFO :No User to r or w | SystemStatus = 0
[2025-05-20 17:51:29.343] [0m
[2025-05-20 17:51:29.565] [0;32mTMLUWB  :RX < :RECV                :62000023 9FAE0100 01000000 00FA0000 00010000 05000001 00000000 00080000 00000103 000103
[2025-05-20 17:51:29.565] [0m[0;34mAPP     :INFO :No User to r or w | SystemStatus = 0
[2025-05-20 17:51:29.565] [0m
[2025-05-20 17:51:29.842] [0;32mTMLUWB  :RX < :RECV                :62000023 A0AE0100 01000000 00FA0000 00010000 05000001 00000000 00080000 00000103 000103
[2025-05-20 17:51:29.842] [0m[0;34mAPP     :INFO :No User to r or w | SystemStatus = 0
[2025-05-20 17:51:29.842] [0m
[2025-05-20 17:51:30.115] [0;32mTMLUWB  :RX < :RECV                :62000023 A1AE0100 01000000 00FA0000 00010000 05000001 00000000 00080000 00000103 000103
[2025-05-20 17:51:30.115] [0m[0;34mAPP     :INFO :No User to r or w | SystemStatus = 0
[2025-05-20 17:51:30.115] [0m
[2025-05-20 17:51:30.338] [0;32mTMLUWB  :RX < :RECV                :62000023 A2AE0100 01000000 00FA0000 00010000 05000001 00000000 00080000 00000103 000103
[2025-05-20 17:51:30.338] [0m[0;34mAPP     :INFO :No User to r or w | SystemStatus = 0
[2025-05-20 17:51:30.339] [0m
[2025-05-20 17:51:30.590] [0;32mTMLUWB  :RX < :RECV                :62000023 A3AE0100 01000000 00FA0000 00010000 05000001 00000000 00080000 00000103 000103
[2025-05-20 17:51:30.591] [0m[0;34mAPP     :INFO :No User to r or w | SystemStatus = 0
[2025-05-20 17:51:30.591] [0m
[2025-05-20 17:51:30.835] [0;32mTMLUWB  :RX < :RECV                :62000023 A4AE0100 01000000 00FA0000 00010000 05000001 00000000 00080000 00000103 000103
[2025-05-20 17:51:30.836] [0m[0;34mAPP     :INFO :No User to r or w | SystemStatus = 0
[2025-05-20 17:51:30.836] [0m
[2025-05-20 17:51:31.105] [0;32mTMLUWB  :RX < :RECV                :62000023 A5AE0100 01000000 00FA0000 00010000 05000001 00000000 00080000 00000103 000103
[2025-05-20 17:51:31.105] [0m[0;34mAPP     :INFO :No User to r or w | SystemStatus = 0
[2025-05-20 17:51:31.105] [0m
[2025-05-20 17:51:31.342] [0;32mTMLUWB  :RX < :RECV                :62000023 A6AE0100 01000000 00FA0000 00010000 05000001 00000000 00080000 00000103 000103
[2025-05-20 17:51:31.357] [0m[0;34mAPP     :INFO :No User to r or w | SystemStatus = 0
[2025-05-20 17:51:31.357] [0m
[2025-05-20 17:51:31.589] [0;32mTMLUWB  :RX < :RECV                :62000023 A7AE0100 01000000 00FA0000 00010000 05000001 00000000 00080000 00000103 000103
[2025-05-20 17:51:31.589] [0m[0;34mAPP     :INFO :No User to r or w | SystemStatus = 0
[2025-05-20 17:51:31.589] [0m
[2025-05-20 17:51:31.837] [0;32mTMLUWB  :RX < :RECV                :62000023 A8AE0100 01000000 00FA0000 00010000 05000001 00000000 00080000 00000103 000103
[2025-05-20 17:51:31.837] [0m[0;34mAPP     :INFO :No User to r or w | SystemStatus = 0
[2025-05-20 17:51:31.837] [0m
[2025-05-20 17:51:32.075] [0;32mTMLUWB  :RX < :RECV                :62000023 A9AE0100 01000000 00FA0000 00010000 05000001 00000000 00080000 00000103 000103
[2025-05-20 17:51:32.075] [0m[0;34mAPP     :INFO :No User to r or w | SystemStatus = 0
[2025-05-20 17:51:32.075] [0m
[2025-05-20 17:51:32.355] [0;32mTMLUWB  :RX < :RECV                :62000023 AAAE0100 01000000 00FA0000 00010000 05000001 00000000 00080000 00000103 000103
[2025-05-20 17:51:32.356] [0m[0;34mAPP     :INFO :No User to r or w | SystemStatus = 0
[2025-05-20 17:51:32.356] [0m
[2025-05-20 17:51:32.567] [0;32mTMLUWB  :RX < :RECV                :62000023 ABAE0100 01000000 00FA0000 00010000 05000001 00000000 00080000 00000103 000103
[2025-05-20 17:51:32.593] [0m[0;34mAPP     :INFO :No User to r or w | SystemStatus = 0
[2025-05-20 17:51:32.593] [0m
[2025-05-20 17:51:32.839] [0;32mTMLUWB  :RX < :RECV                :62000023 ACAE0100 01000000 00FA0000 00010000 05000001 00000000 00080000 00000103 000103
[2025-05-20 17:51:32.840] [0m[0;34mAPP     :INFO :No User to r or w | SystemStatus = 0
[2025-05-20 17:51:32.840] [0m
[2025-05-20 17:51:33.105] [0;32mTMLUWB  :RX < :RECV                :62000023 ADAE0100 01000000 00FA0000 00010000 05000001 00000000 00080000 00000103 000103
[2025-05-20 17:51:33.106] [0m[0;34mAPP     :INFO :No User to r or w | SystemStatus = 0
[2025-05-20 17:51:33.106] [0m
[2025-05-20 17:51:33.338] [0;32mTMLUWB  :RX < :RECV                :62000023 AEAE0100 01000000 00FA0000 00010000 05000001 00000000 00080000 00000103 000103
[2025-05-20 17:51:33.338] [0m[0;34mAPP     :INFO :No User to r or w | SystemStatus = 0
[2025-05-20 17:51:33.338] [0m
[2025-05-20 17:51:33.590] [0;32mTMLUWB  :RX < :RECV                :62000023 AFAE0100 01000000 00FA0000 00010000 05000001 00000000 00080000 00000103 000103
[2025-05-20 17:51:33.591] [0m[0;34mAPP     :INFO :No User to r or w | SystemStatus = 0
[2025-05-20 17:51:33.591] [0m
[2025-05-20 17:51:33.836] [0;32mTMLUWB  :RX < :RECV                :62000023 B0AE0100 01000000 00FA0000 00010000 05000001 00000000 00080000 00000103 000103
[2025-05-20 17:51:33.837] [0m[0;34mAPP     :INFO :No User to r or w | SystemStatus = 0
[2025-05-20 17:51:33.837] [0m
[2025-05-20 17:51:34.068] [0;32mTMLUWB  :RX < :RECV                :62000023 B1AE0100 01000000 00FA0000 00010000 05000001 00000000 00080000 00000103 000103
[2025-05-20 17:51:34.083] [0m[0;34mAPP     :INFO :No User to r or w | SystemStatus = 0
[2025-05-20 17:51:34.083] [0m
[2025-05-20 17:51:34.340] [0;32mTMLUWB  :RX < :RECV                :62000023 B2AE0100 01000000 00FA0000 00010000 05000001 00000000 00080000 00000103 000103
[2025-05-20 17:51:34.340] [0m[0;34mAPP     :INFO :No User to r or w | SystemStatus = 0
[2025-05-20 17:51:34.340] [0m
[2025-05-20 17:51:34.602] [0;32mTMLUWB  :RX < :RECV                :62000023 B3AE0100 01000000 00FA0000 00010000 05000001 00000000 00080000 00000103 000103
[2025-05-20 17:51:34.602] [0m[0;34mAPP     :INFO :No User to r or w | SystemStatus = 0
[2025-05-20 17:51:34.602] [0m
[2025-05-20 17:51:34.838] [0;32mTMLUWB  :RX < :RECV                :62000023 B4AE0100 01000000 00FA0000 00010000 05000001 00000000 00080000 00000103 000103
[2025-05-20 17:51:34.838] [0m[0;34mAPP     :INFO :No User to r or w | SystemStatus = 0
[2025-05-20 17:51:34.838] [0m
[2025-05-20 17:51:35.078] [0;32mTMLUWB  :RX < :RECV                :62000023 B5AE0100 01000000 00FA0000 00010000 05000001 00000000 00080000 00000103 000103
[2025-05-20 17:51:35.078] [0m[0;34mAPP     :INFO :No User to r or w | SystemStatus = 0
[2025-05-20 17:51:35.079] [0m
[2025-05-20 17:51:35.324] [0;32mTMLUWB  :RX < :RECV                :62000023 B6AE0100 01000000 00FA0000 00010000 05000001 00000000 00080000 00000103 000103
[2025-05-20 17:51:35.324] [0m[0;34mAPP     :INFO :No User to r or w | SystemStatus = 0
[2025-05-20 17:51:35.324] [0m
[2025-05-20 17:51:35.570] [0;32mTMLUWB  :RX < :RECV                :62000023 B7AE0100 01000000 00FA0000 00010000 05000001 00000000 00080000 00000103 000103
[2025-05-20 17:51:35.603] [0m[0;34mAPP     :INFO :No User to r or w | SystemStatus = 0
[2025-05-20 17:51:35.604] [0m
[2025-05-20 17:51:35.852] [0;32mTMLUWB  :RX < :RECV                :62000023 B8AE0100 01000000 00FA0000 00010000 05000001 00000000 00080000 00000103 000103
[2025-05-20 17:51:35.852] [0m[0;34mAPP     :INFO :No User to r or w | SystemStatus = 0
[2025-05-20 17:51:35.852] [0m
[2025-05-20 17:51:36.060] [0;32mTMLUWB  :RX < :RECV                :62000023 B9AE0100 01000000 00FA0000 00010000 05000001 00000000 00080000 00000103 000103
[2025-05-20 17:51:36.060] [0m[0;34mAPP     :INFO :No User to r or w | SystemStatus = 0
[2025-05-20 17:51:36.060] [0m
[2025-05-20 17:51:36.321] [0;32mTMLUWB  :RX < :RECV                :62000023 BAAE0100 01000000 00FA0000 00010000 05000001 00000000 00080000 00000103 000103
[2025-05-20 17:51:36.321] [0m[0;34mAPP     :INFO :No User to r or w | SystemStatus = 0
[2025-05-20 17:51:36.321] [0m
[2025-05-20 17:51:36.604] [0;32mTMLUWB  :RX < :RECV                :62000023 BBAE0100 01000000 00FA0000 00010000 05000001 00000000 00080000 00000103 000103
[2025-05-20 17:51:36.604] [0m[0;34mAPP     :INFO :No User to r or w | SystemStatus = 0
[2025-05-20 17:51:36.604] [0m
[2025-05-20 17:51:36.819] [0;32mTMLUWB  :RX < :RECV                :62000023 BCAE0100 01000000 00FA0000 00010000 05000001 00000000 00080000 00000103 000103
[2025-05-20 17:51:36.819] [0m[0;34mAPP     :INFO :No User to r or w | SystemStatus = 0
[2025-05-20 17:51:36.819] [0m
[2025-05-20 17:51:37.082] [0;32mTMLUWB  :RX < :RECV                :62000023 BDAE0100 01000000 00FA0000 00010000 05000001 00000000 00080000 00000103 000103
[2025-05-20 17:51:37.082] [0m[0;34mAPP     :INFO :No User to r or w | SystemStatus = 0
[2025-05-20 17:51:37.082] [0m
[2025-05-20 17:51:37.323] [0;32mTMLUWB  :RX < :RECV                :62000023 BEAE0100 01000000 00FA0000 00010000 05000001 00000000 00080000 00000103 000103
[2025-05-20 17:51:37.323] [0m[0;34mAPP     :INFO :No User to r or w | SystemStatus = 0
[2025-05-20 17:51:37.323] [0m
[2025-05-20 17:51:37.600] [0;32mTMLUWB  :RX < :RECV                :62000023 BFAE0100 01000000 00FA0000 00010000 05000001 00000000 00080000 00000103 000103
[2025-05-20 17:51:37.600] [0m[0;34mAPP     :INFO :No User to r or w | SystemStatus = 0
[2025-05-20 17:51:37.600] [0m
[2025-05-20 17:51:37.831] [0;32mTMLUWB  :RX < :RECV                :62000023 C0AE0100 01000000 00FA0000 00010000 05000001 00000000 00080000 00000103 000103
[2025-05-20 17:51:37.831] [0m[0;34mAPP     :INFO :No User to r or w | SystemStatus = 0
[2025-05-20 17:51:37.833] [0m
[2025-05-20 17:51:38.093] [0;32mTMLUWB  :RX < :RECV                :62000023 C1AE0100 01000000 00FA0000 00010000 05000001 00000000 00080000 00000103 000103
[2025-05-20 17:51:38.093] [0m[0;34mAPP     :INFO :No User to r or w | SystemStatus = 0
[2025-05-20 17:51:38.093] [0m
[2025-05-20 17:51:38.357] [0;32mTMLUWB  :RX < :RECV                :62000023 C2AE0100 01000000 00FA0000 00010000 05000001 00000000 00080000 00000103 000103
[2025-05-20 17:51:38.357] [0m[0;34mAPP     :INFO :No User to r or w | SystemStatus = 0
[2025-05-20 17:51:38.357] [0m
[2025-05-20 17:51:38.604] [0;32mTMLUWB  :RX < :RECV                :62000023 C3AE0100 01000000 00FA0000 00010000 05000001 00000000 00080000 00000103 000103
[2025-05-20 17:51:38.604] [0m[0;34mAPP     :INFO :No User to r or w | SystemStatus = 0
[2025-05-20 17:51:38.604] [0m
[2025-05-20 17:51:38.826] [0;32mTMLUWB  :RX < :RECV                :62000023 C4AE0100 01000000 00FA0000 00010000 05000001 00000000 00080000 00000103 000103
[2025-05-20 17:51:38.826] [0m[0;34mAPP     :INFO :No User to r or w | SystemStatus = 0
[2025-05-20 17:51:38.826] [0m
[2025-05-20 17:51:39.084] [0;32mTMLUWB  :RX < :RECV                :62000023 C5AE0100 01000000 00FA0000 00010000 05000001 00000000 00080000 00000103 000103
[2025-05-20 17:51:39.084] [0m[0;34mAPP     :INFO :No User to r or w | SystemStatus = 0
[2025-05-20 17:51:39.084] [0m
[2025-05-20 17:51:39.353] [0;32mTMLUWB  :RX < :RECV                :62000023 C6AE0100 01000000 00FA0000 00010000 05000001 00000000 00080000 00000103 000103
[2025-05-20 17:51:39.353] [0m[0;34mAPP     :INFO :No User to r or w | SystemStatus = 0
[2025-05-20 17:51:39.353] [0m
[2025-05-20 17:51:39.568] [0;32mTMLUWB  :RX < :RECV                :62000023 C7AE0100 01000000 00FA0000 00010000 05000001 00000000 00080000 00000103 000103
[2025-05-20 17:51:39.568] [0m[0;34mAPP     :INFO :No User to r or w | SystemStatus = 0
[2025-05-20 17:51:39.569] [0m
[2025-05-20 17:51:39.821] [0;32mTMLUWB  :RX < :RECV                :62000023 C8AE0100 01000000 00FA0000 00010000 05000001 00000000 00080000 00000103 000103
[2025-05-20 17:51:39.822] [0m[0;34mAPP     :INFO :No User to r or w | SystemStatus = 0
[2025-05-20 17:51:39.822] [0m
[2025-05-20 17:51:40.084] [0;32mTMLUWB  :RX < :RECV                :62000023 C9AE0100 01000000 00FA0000 00010000 05000001 00000000 00080000 00000103 000103
[2025-05-20 17:51:40.084] [0m[0;34mAPP     :INFO :No User to r or w | SystemStatus = 0
[2025-05-20 17:51:40.085] [0m
[2025-05-20 17:51:40.343] [0;32mTMLUWB  :RX < :RECV                :62000023 CAAE0100 01000000 00FA0000 00010000 05000001 00000000 00080000 00000103 000103
[2025-05-20 17:51:40.343] [0m[0;34mAPP     :INFO :No User to r or w | SystemStatus = 0
[2025-05-20 17:51:40.343] [0m
[2025-05-20 17:51:40.563] [0;32mTMLUWB  :RX < :RECV                :62000023 CBAE0100 01000000 00FA0000 00010000 05000001 00000000 00080000 00000103 000103
[2025-05-20 17:51:40.565] [0m[0;34mAPP     :INFO :No User to r or w | SystemStatus = 0
[2025-05-20 17:51:40.565] [0m
[2025-05-20 17:51:40.822] [0;32mTMLUWB  :RX < :RECV                :62000023 CCAE0100 01000000 00FA0000 00010000 05000001 00000000 00080000 00000103 000103
[2025-05-20 17:51:40.822] [0m[0;34mAPP     :INFO :No User to r or w | SystemStatus = 0
[2025-05-20 17:51:40.822] [0m
[2025-05-20 17:51:41.085] [0;32mTMLUWB  :RX < :RECV                :62000023 CDAE0100 01000000 00FA0000 00010000 05000001 00000000 00080000 00000103 000103
[2025-05-20 17:51:41.085] [0m[0;34mAPP     :INFO :No User to r or w | SystemStatus = 0
[2025-05-20 17:51:41.085] [0m
[2025-05-20 17:51:41.323] [0;32mTMLUWB  :RX < :RECV                :62000023 CEAE0100 01000000 00FA0000 00010000 05000001 00000000 00080000 00000103 000103
[2025-05-20 17:51:41.354] [0m[0;34mAPP     :INFO :No User to r or w | SystemStatus = 0
[2025-05-20 17:51:41.354] [0m
[2025-05-20 17:51:41.579] [0;32mTMLUWB  :RX < :RECV                :62000023 CFAE0100 01000000 00FA0000 00010000 05000001 00000000 00080000 00000103 000103
[2025-05-20 17:51:41.579] [0m[0;34mAPP     :INFO :No User to r or w | SystemStatus = 0
[2025-05-20 17:51:41.579] [0m
[2025-05-20 17:51:41.850] [0;32mTMLUWB  :RX < :RECV                :62000023 D0AE0100 01000000 00FA0000 00010000 05000001 00000000 00080000 00000103 000103
[2025-05-20 17:51:41.851] [0m[0;34mAPP     :INFO :No User to r or w | SystemStatus = 0
[2025-05-20 17:51:41.851] [0m
[2025-05-20 17:51:42.119] [0;32mTMLUWB  :RX < :RECV                :62000023 D1AE0100 01000000 00FA0000 00010000 05000001 00000000 00080000 00000103 000103
[2025-05-20 17:51:42.119] [0m[0;34mAPP     :INFO :No User to r or w | SystemStatus = 0
[2025-05-20 17:51:42.119] [0m
[2025-05-20 17:51:42.314] [0;32mTMLUWB  :RX < :RECV                :62000023 D2AE0100 01000000 00FA0000 00010000 05000001 00000000 00080000 00000103 000103
[2025-05-20 17:51:42.314] [0m[0;34mAPP     :INFO :No User to r or w | SystemStatus = 0
[2025-05-20 17:51:42.314] [0m
[2025-05-20 17:51:42.565] [0;32mTMLUWB  :RX < :RECV                :62000023 D3AE0100 01000000 00FA0000 00010000 05000001 00000000 00080000 00000103 000103
[2025-05-20 17:51:42.565] [0m[0;34mAPP     :INFO :No User to r or w | SystemStatus = 0
[2025-05-20 17:51:42.565] [0m
[2025-05-20 17:51:42.811] [0;32mTMLUWB  :RX < :RECV                :62000023 D4AE0100 01000000 00FA0000 00010000 05000001 00000000 00080000 00000103 000103
[2025-05-20 17:51:42.812] [0m[0;34mAPP     :INFO :No User to r or w | SystemStatus = 0
[2025-05-20 17:51:42.812] [0m
[2025-05-20 17:51:43.067] [0;32mTMLUWB  :RX < :RECV                :62000023 D5AE0100 01000000 00FA0000 00010000 05000001 00000000 00080000 00000103 000103
[2025-05-20 17:51:43.067] [0m[0;34mAPP     :INFO :No User to r or w | SystemStatus = 0
[2025-05-20 17:51:43.067] [0m
[2025-05-20 17:51:43.308] [0;32mTMLUWB  :RX < :RECV                :62000023 D6AE0100 01000000 00FA0000 00010000 05000001 00000000 00080000 00000103 000103
[2025-05-20 17:51:43.308] [0m[0;34mAPP     :INFO :No User to r or w | SystemStatus = 0
[2025-05-20 17:51:43.309] [0m
[2025-05-20 17:51:43.562] [0;32mTMLUWB  :RX < :RECV                :62000023 D7AE0100 01000000 00FA0000 00010000 05000001 00000000 00080000 00000103 000103
[2025-05-20 17:51:43.562] [0m[0;34mAPP     :INFO :No User to r or w | SystemStatus = 0
[2025-05-20 17:51:43.562] [0m
[2025-05-20 17:51:43.814] [0;32mTMLUWB  :RX < :RECV                :62000023 D8AE0100 01000000 00FA0000 00010000 05000001 00000000 00080000 00000103 000103
[2025-05-20 17:51:43.814] [0m[0;34mAPP     :INFO :No User to r or w | SystemStatus = 0
[2025-05-20 17:51:43.814] [0m
[2025-05-20 17:51:44.062] [0;32mTMLUWB  :RX < :RECV                :62000023 D9AE0100 01000000 00FA0000 00010000 05000001 00000000 00080000 00000103 000103
[2025-05-20 17:51:44.062] [0m[0;34mAPP     :INFO :No User to r or w | SystemStatus = 0
[2025-05-20 17:51:44.062] [0m
[2025-05-20 17:51:44.309] [0;32mTMLUWB  :RX < :RECV                :62000023 DAAE0100 01000000 00FA0000 00010000 05000001 00000000 00080000 00000103 000103
[2025-05-20 17:51:44.309] [0m[0;34mAPP     :INFO :No User to r or w | SystemStatus = 0
[2025-05-20 17:51:44.309] [0m
[2025-05-20 17:51:44.561] [0;32mTMLUWB  :RX < :RECV                :62000023 DBAE0100 01000000 00FA0000 00010000 05000001 00000000 00080000 00000103 000103
[2025-05-20 17:51:44.561] [0m[0;34mAPP     :INFO :No User to r or w | SystemStatus = 0
[2025-05-20 17:51:44.561] [0m
[2025-05-20 17:51:44.811] [0;32mTMLUWB  :RX < :RECV                :62000023 DCAE0100 01000000 00FA0000 00010000 05000001 00000000 00080000 00000103 000103
[2025-05-20 17:51:44.812] [0m[0;34mAPP     :INFO :No User to r or w | SystemStatus = 0
[2025-05-20 17:51:44.812] [0m
[2025-05-20 17:51:45.060] [0;32mTMLUWB  :RX < :RECV                :62000023 DDAE0100 01000000 00FA0000 00010000 05000001 00000000 00080000 00000103 000103
[2025-05-20 17:51:45.060] [0m[0;34mAPP     :INFO :No User to r or w | SystemStatus = 0
[2025-05-20 17:51:45.060] [0m
[2025-05-20 17:51:45.331] [0;32mTMLUWB  :RX < :RECV                :62000023 DEAE0100 01000000 00FA0000 00010000 05000001 00000000 00080000 00000103 000103
[2025-05-20 17:51:45.331] [0m[0;34mAPP     :INFO :No User to r or w | SystemStatus = 0
[2025-05-20 17:51:45.331] [0m
[2025-05-20 17:51:45.560] [0;32mTMLUWB  :RX < :RECV                :62000023 DFAE0100 01000000 00FA0000 00010000 05000001 00000000 00080000 00000103 000103
[2025-05-20 17:51:45.561] [0m[0;34mAPP     :INFO :No User to r or w | SystemStatus = 0
[2025-05-20 17:51:45.561] [0m
[2025-05-20 17:51:45.810] [0;32mTMLUWB  :RX < :RECV                :62000023 E0AE0100 01000000 00FA0000 00010000 05000001 00000000 00080000 00000103 000103
[2025-05-20 17:51:45.810] [0m[0;34mAPP     :INFO :No User to r or w | SystemStatus = 0
[2025-05-20 17:51:45.810] [0m
[2025-05-20 17:51:46.067] [0;32mTMLUWB  :RX < :RECV                :62000023 E1AE0100 01000000 00FA0000 00010000 05000001 00000000 00080000 00000103 000103
[2025-05-20 17:51:46.068] [0m[0;34mAPP     :INFO :No User to r or w | SystemStatus = 0
[2025-05-20 17:51:46.068] [0m
[2025-05-20 17:51:46.310] [0;32mTMLUWB  :RX < :RECV                :62000023 E2AE0100 01000000 00FA0000 00010000 05000001 00000000 00080000 00000103 000103
[2025-05-20 17:51:46.310] [0m[0;34mAPP     :INFO :No User to r or w | SystemStatus = 0
[2025-05-20 17:51:46.310] [0m
[2025-05-20 17:51:46.564] [0;32mTMLUWB  :RX < :RECV                :62000023 E3AE0100 01000000 00FA0000 00010000 05000001 00000000 00080000 00000103 000103
[2025-05-20 17:51:46.564] [0m[0;34mAPP     :INFO :No User to r or w | SystemStatus = 0
[2025-05-20 17:51:46.564] [0m
[2025-05-20 17:51:46.812] [0;32mTMLUWB  :RX < :RECV                :62000023 E4AE0100 01000000 00FA0000 00010000 05000001 00000000 00080000 00000103 000103
[2025-05-20 17:51:46.812] [0m[0;34mAPP     :INFO :No User to r or w | SystemStatus = 0
[2025-05-20 17:51:46.812] [0m
[2025-05-20 17:51:47.062] [0;32mTMLUWB  :RX < :RECV                :62000023 E5AE0100 01000000 00FA0000 00010000 05000001 00000000 00080000 00000103 000103
[2025-05-20 17:51:47.062] [0m[0;34mAPP     :INFO :No User to r or w | SystemStatus = 0
[2025-05-20 17:51:47.062] [0m
[2025-05-20 17:51:47.309] [0;32mTMLUWB  :RX < :RECV                :62000023 E6AE0100 01000000 00FA0000 00010000 05000001 00000000 00080000 00000103 000103
[2025-05-20 17:51:47.309] [0m[0;34mAPP     :INFO :No User to r or w | SystemStatus = 0
[2025-05-20 17:51:47.309] [0m
[2025-05-20 17:51:47.561] [0;32mTMLUWB  :RX < :RECV                :62000023 E7AE0100 01000000 00FA0000 00010000 05000001 00000000 00080000 00000103 000103
[2025-05-20 17:51:47.561] [0m[0;34mAPP     :INFO :No User to r or w | SystemStatus = 0
[2025-05-20 17:51:47.561] [0m
[2025-05-20 17:51:47.809] [0;32mTMLUWB  :RX < :RECV                :62000023 E8AE0100 01000000 00FA0000 00010000 05000001 00000000 00080000 00000103 000103
[2025-05-20 17:51:47.811] [0m[0;34mAPP     :INFO :No User to r or w | SystemStatus = 0
[2025-05-20 17:51:47.811] [0m
[2025-05-20 17:51:48.058] [0;32mTMLUWB  :RX < :RECV                :62000023 E9AE0100 01000000 00FA0000 00010000 05000001 00000000 00080000 00000103 000103
[2025-05-20 17:51:48.058] [0m[0;34mAPP     :INFO :No User to r or w | SystemStatus = 0
[2025-05-20 17:51:48.058] [0m
[2025-05-20 17:51:48.318] [0;32mTMLUWB  :RX < :RECV                :62000023 EAAE0100 01000000 00FA0000 00010000 05000001 00000000 00080000 00000103 000103
[2025-05-20 17:51:48.318] [0m[0;34mAPP     :INFO :No User to r or w | SystemStatus = 0
[2025-05-20 17:51:48.318] [0m
[2025-05-20 17:51:48.561] [0;32mTMLUWB  :RX < :RECV                :62000023 EBAE0100 01000000 00FA0000 00010000 05000001 00000000 00080000 00000103 000103
[2025-05-20 17:51:48.561] [0m[0;34mAPP     :INFO :No User to r or w | SystemStatus = 0
[2025-05-20 17:51:48.561] [0m
[2025-05-20 17:51:48.810] [0;32mTMLUWB  :RX < :RECV                :62000023 ECAE0100 01000000 00FA0000 00010000 05000001 00000000 00080000 00000103 000103
[2025-05-20 17:51:48.810] [0m[0;34mAPP     :INFO :No User to r or w | SystemStatus = 0
[2025-05-20 17:51:48.810] [0m
[2025-05-20 17:51:49.104] [0;32mTMLUWB  :RX < :RECV                :62000023 EDAE0100 01000000 00FA0000 00010000 05000001 00000000 00080000 00000103 000103
[2025-05-20 17:51:49.104] [0m[0;34mAPP     :INFO :No User to r or w | SystemStatus = 0
[2025-05-20 17:51:49.104] [0m
[2025-05-20 17:51:49.311] [0;32mTMLUWB  :RX < :RECV                :62000023 EEAE0100 01000000 00FA0000 00010000 05000001 00000000 00080000 00000103 000103
[2025-05-20 17:51:49.311] [0m[0;34mAPP     :INFO :No User to r or w | SystemStatus = 0
[2025-05-20 17:51:49.311] [0m
[2025-05-20 17:51:49.563] [0;32mTMLUWB  :RX < :RECV                :62000023 EFAE0100 01000000 00FA0000 00010000 05000001 00000000 00080000 00000103 000103
[2025-05-20 17:51:49.563] [0m[0;34mAPP     :INFO :No User to r or w | SystemStatus = 0
[2025-05-20 17:51:49.563] [0m
[2025-05-20 17:51:49.818] [0;32mTMLUWB  :RX < :RECV                :62000023 F0AE0100 01000000 00FA0000 00010000 05000001 00000000 00080000 00000103 000103
[2025-05-20 17:51:49.820] [0m[0;34mAPP     :INFO :No User to r or w | SystemStatus = 0
[2025-05-20 17:51:49.821] [0m
[2025-05-20 17:51:50.060] [0;32mTMLUWB  :RX < :RECV                :62000023 F1AE0100 01000000 00FA0000 00010000 05000001 00000000 00080000 00000103 000103
[2025-05-20 17:51:50.060] [0m[0;34mAPP     :INFO :No User to r or w | SystemStatus = 0
[2025-05-20 17:51:50.060] [0m
[2025-05-20 17:51:50.314] [0;32mTMLUWB  :RX < :RECV                :62000023 F2AE0100 01000000 00FA0000 00010000 05000001 00000000 00080000 00000103 000103
[2025-05-20 17:51:50.315] [0m[0;34mAPP     :INFO :No User to r or w | SystemStatus = 0
[2025-05-20 17:51:50.315] [0m
[2025-05-20 17:51:50.566] [0;32mTMLUWB  :RX < :RECV                :62000023 F3AE0100 01000000 00FA0000 00010000 05000001 00000000 00080000 00000103 000103
[2025-05-20 17:51:50.566] [0m[0;34mAPP     :INFO :No User to r or w | SystemStatus = 0
[2025-05-20 17:51:50.566] [0m
[2025-05-20 17:51:50.817] [0;32mTMLUWB  :RX < :RECV                :62000023 F4AE0100 01000000 00FA0000 00010000 05000001 00000000 00080000 00000103 000103
[2025-05-20 17:51:50.817] [0m[0;34mAPP     :INFO :No User to r or w | SystemStatus = 0
[2025-05-20 17:51:50.817] [0m
[2025-05-20 17:51:51.067] [0;32mTMLUWB  :RX < :RECV                :62000023 F5AE0100 01000000 00FA0000 00010000 05000001 00000000 00080000 00000103 000103
[2025-05-20 17:51:51.068] [0m[0;34mAPP     :INFO :No User to r or w | SystemStatus = 0
[2025-05-20 17:51:51.068] [0m
[2025-05-20 17:51:51.316] [0;32mTMLUWB  :RX < :RECV                :62000023 F6AE0100 01000000 00FA0000 00010000 05000001 00000000 00080000 00000103 000103
[2025-05-20 17:51:51.319] [0m[0;34mAPP     :INFO :No User to r or w | SystemStatus = 0
[2025-05-20 17:51:51.320] [0m
[2025-05-20 17:51:51.561] [0;32mTMLUWB  :RX < :RECV                :62000023 F7AE0100 01000000 00FA0000 00010000 05000001 00000000 00080000 00000103 000103
[2025-05-20 17:51:51.561] [0m[0;34mAPP     :INFO :No User to r or w | SystemStatus = 0
[2025-05-20 17:51:51.561] [0m
[2025-05-20 17:51:51.811] [0;32mTMLUWB  :RX < :RECV                :62000023 F8AE0100 01000000 00FA0000 00010000 05000001 00000000 00080000 00000103 000103
[2025-05-20 17:51:51.811] [0m[0;34mAPP     :INFO :No User to r or w | SystemStatus = 0
[2025-05-20 17:51:51.811] [0m
[2025-05-20 17:51:52.063] [0;32mTMLUWB  :RX < :RECV                :62000023 F9AE0100 01000000 00FA0000 00010000 05000001 00000000 00080000 00000103 000103
[2025-05-20 17:51:52.063] [0m[0;34mAPP     :INFO :No User to r or w | SystemStatus = 0
[2025-05-20 17:51:52.063] [0m
[2025-05-20 17:51:52.310] [0;32mTMLUWB  :RX < :RECV                :62000023 FAAE0100 01000000 00FA0000 00010000 05000001 00000000 00080000 00000103 000103
[2025-05-20 17:51:52.310] [0m[0;34mAPP     :INFO :No User to r or w | SystemStatus = 0
[2025-05-20 17:51:52.310] [0m
[2025-05-20 17:51:52.560] [0;32mTMLUWB  :RX < :RECV                :62000023 FBAE0100 01000000 00FA0000 00010000 05000001 00000000 00080000 00000103 000103
[2025-05-20 17:51:52.560] [0m[0;34mAPP     :INFO :No User to r or w | SystemStatus = 0
[2025-05-20 17:51:52.560] [0m
[2025-05-20 17:51:52.809] [0;32mTMLUWB  :RX < :RECV                :62000023 FCAE0100 01000000 00FA0000 00010000 05000001 00000000 00080000 00000103 000103
[2025-05-20 17:51:52.809] [0m[0;34mAPP     :INFO :No User to r or w | SystemStatus = 0
[2025-05-20 17:51:52.809] [0m
[2025-05-20 17:51:53.062] [0;32mTMLUWB  :RX < :RECV                :62000023 FDAE0100 01000000 00FA0000 00010000 05000001 00000000 00080000 00000103 000103
[2025-05-20 17:51:53.062] [0m[0;34mAPP     :INFO :No User to r or w | SystemStatus = 0
[2025-05-20 17:51:53.063] [0m
[2025-05-20 17:51:53.329] [0;32mTMLUWB  :RX < :RECV                :62000023 FEAE0100 01000000 00FA0000 00010000 05000001 00000000 00080000 00000103 000103
[2025-05-20 17:51:53.329] [0m[0;34mAPP     :INFO :No User to r or w | SystemStatus = 0
[2025-05-20 17:51:53.329] [0m
[2025-05-20 17:51:53.568] [0;32mTMLUWB  :RX < :RECV                :62000023 FFAE0100 01000000 00FA0000 00010000 05000001 00000000 00080000 00000103 000103
[2025-05-20 17:51:53.570] [0m[0;34mAPP     :INFO :No User to r or w | SystemStatus = 0
[2025-05-20 17:51:53.572] [0m
[2025-05-20 17:51:53.811] [0;32mTMLUWB  :RX < :RECV                :62000023 00AF0100 01000000 00FA0000 00010000 05000001 00000000 00080000 00000103 000103
[2025-05-20 17:51:53.811] [0m[0;34mAPP     :INFO :No User to r or w | SystemStatus = 0
[2025-05-20 17:51:53.811] [0m
[2025-05-20 17:51:54.065] [0;32mTMLUWB  :RX < :RECV                :62000023 01AF0100 01000000 00FA0000 00010000 05000001 00000000 00080000 00000103 000103
[2025-05-20 17:51:54.065] [0m[0;34mAPP     :INFO :No User to r or w | SystemStatus = 0
[2025-05-20 17:51:54.065] [0m
[2025-05-20 17:51:54.309] [0;32mTMLUWB  :RX < :RECV                :62000023 02AF0100 01000000 00FA0000 00010000 05000001 00000000 00080000 00000103 000103
[2025-05-20 17:51:54.309] [0m[0;34mAPP     :INFO :No User to r or w | SystemStatus = 0
[2025-05-20 17:51:54.309] [0m
[2025-05-20 17:51:54.559] [0;32mTMLUWB  :RX < :RECV                :62000023 03AF0100 01000000 00FA0000 00010000 05000001 00000000 00080000 00000103 000103
[2025-05-20 17:51:54.559] [0m[0;34mAPP     :INFO :No User to r or w | SystemStatus = 0
[2025-05-20 17:51:54.559] [0m
[2025-05-20 17:51:54.817] [0;32mTMLUWB  :RX < :RECV                :62000023 04AF0100 01000000 00FA0000 00010000 05000001 00000000 00080000 00000103 000103
[2025-05-20 17:51:54.818] [0m[0;34mAPP     :INFO :No User to r or w | SystemStatus = 0
[2025-05-20 17:51:54.818] [0m
[2025-05-20 17:51:55.067] [0;32mTMLUWB  :RX < :RECV                :62000023 05AF0100 01000000 00FA0000 00010000 05000001 00000000 00080000 00000103 000103
[2025-05-20 17:51:55.068] [0m[0;34mAPP     :INFO :No User to r or w | SystemStatus = 0
[2025-05-20 17:51:55.068] [0m
[2025-05-20 17:51:55.311] [0;32mTMLUWB  :RX < :RECV                :62000023 06AF0100 01000000 00FA0000 00010000 05000001 00000000 00080000 00000103 000103
[2025-05-20 17:51:55.313] [0m[0;34mAPP     :INFO :No User to r or w | SystemStatus = 0
[2025-05-20 17:51:55.313] [0m
[2025-05-20 17:51:55.569] [0;32mTMLUWB  :RX < :RECV                :62000023 07AF0100 01000000 00FA0000 00010000 05000001 00000000 00080000 00000103 000103
[2025-05-20 17:51:55.569] [0m[0;34mAPP     :INFO :No User to r or w | SystemStatus = 0
[2025-05-20 17:51:55.569] [0m
[2025-05-20 17:51:55.810] [0;32mTMLUWB  :RX < :RECV                :62000023 08AF0100 01000000 00FA0000 00010000 05000001 00000000 00080000 00000103 000103
[2025-05-20 17:51:55.810] [0m[0;34mAPP     :INFO :No User to r or w | SystemStatus = 0
[2025-05-20 17:51:55.810] [0m
[2025-05-20 17:51:56.064] [0;32mTMLUWB  :RX < :RECV                :62000023 09AF0100 01000000 00FA0000 00010000 05000001 00000000 00080000 00000103 000103
[2025-05-20 17:51:56.064] [0m[0;34mAPP     :INFO :No User to r or w | SystemStatus = 0
[2025-05-20 17:51:56.064] [0m
[2025-05-20 17:51:56.310] [0;32mTMLUWB  :RX < :RECV                :62000023 0AAF0100 01000000 00FA0000 00010000 05000001 00000000 00080000 00000103 000103
[2025-05-20 17:51:56.310] [0m[0;34mAPP     :INFO :No User to r or w | SystemStatus = 0
[2025-05-20 17:51:56.310] [0m
[2025-05-20 17:51:56.566] [0;32mTMLUWB  :RX < :RECV                :62000023 0BAF0100 01000000 00FA0000 00010000 05000001 00000000 00080000 00000103 000103
[2025-05-20 17:51:56.566] [0m[0;34mAPP     :INFO :No User to r or w | SystemStatus = 0
[2025-05-20 17:51:56.566] [0m
[2025-05-20 17:51:56.810] [0;32mTMLUWB  :RX < :RECV                :62000023 0CAF0100 01000000 00FA0000 00010000 05000001 00000000 00080000 00000103 000103
[2025-05-20 17:51:56.810] [0m[0;34mAPP     :INFO :No User to r or w | SystemStatus = 0
[2025-05-20 17:51:56.810] [0m
[2025-05-20 17:51:57.066] [0;32mTMLUWB  :RX < :RECV                :62000023 0DAF0100 01000000 00FA0000 00010000 05000001 00000000 00080000 00000103 000103
[2025-05-20 17:51:57.066] [0m[0;34mAPP     :INFO :No User to r or w | SystemStatus = 0
[2025-05-20 17:51:57.066] [0m
[2025-05-20 17:51:57.311] [0;32mTMLUWB  :RX < :RECV                :62000023 0EAF0100 01000000 00FA0000 00010000 05000001 00000000 00080000 00000103 000103
[2025-05-20 17:51:57.311] [0m[0;34mAPP     :INFO :No User to r or w | SystemStatus = 0
[2025-05-20 17:51:57.311] [0m
[2025-05-20 17:51:57.562] [0;32mTMLUWB  :RX < :RECV                :62000023 0FAF0100 01000000 00FA0000 00010000 05000001 00000000 00080000 00000103 000103
[2025-05-20 17:51:57.562] [0m[0;34mAPP     :INFO :No User to r or w | SystemStatus = 0
[2025-05-20 17:51:57.562] [0m
[2025-05-20 17:51:57.818] [0;32mTMLUWB  :RX < :RECV                :62000023 10AF0100 01000000 00FA0000 00010000 05000001 00000000 00080000 00000103 000103
[2025-05-20 17:51:57.818] [0m[0;34mAPP     :INFO :No User to r or w | SystemStatus = 0
[2025-05-20 17:51:57.818] [0m
[2025-05-20 17:51:58.066] [0;32mTMLUWB  :RX < :RECV                :62000023 11AF0100 01000000 00FA0000 00010000 05000001 00000000 00080000 00000103 000103
[2025-05-20 17:51:58.066] [0m[0;34mAPP     :INFO :No User to r or w | SystemStatus = 0
[2025-05-20 17:51:58.066] [0m
[2025-05-20 17:51:58.319] [0;32mTMLUWB  :RX < :RECV                :62000023 12AF0100 01000000 00FA0000 00010000 05000001 00000000 00080000 00000103 000103
[2025-05-20 17:51:58.319] [0m[0;34mAPP     :INFO :No User to r or w | SystemStatus = 0
[2025-05-20 17:51:58.319] [0m
[2025-05-20 17:51:58.567] [0;32mTMLUWB  :RX < :RECV                :62000023 13AF0100 01000000 00FA0000 00010000 05000001 00000000 00080000 00000103 000103
[2025-05-20 17:51:58.567] [0m[0;34mAPP     :INFO :No User to r or w | SystemStatus = 0
[2025-05-20 17:51:58.567] [0m
[2025-05-20 17:51:58.817] [0;32mTMLUWB  :RX < :RECV                :62000023 14AF0100 01000000 00FA0000 00010000 05000001 00000000 00080000 00000103 000103
[2025-05-20 17:51:58.819] [0m[0;34mAPP     :INFO :No User to r or w | SystemStatus = 0
[2025-05-20 17:51:58.819] [0m
[2025-05-20 17:51:59.062] [0;32mTMLUWB  :RX < :RECV                :62000023 15AF0100 01000000 00FA0000 00010000 05000001 00000000 00080000 00000103 000103
[2025-05-20 17:51:59.062] [0m[0;34mAPP     :INFO :No User to r or w | SystemStatus = 0
[2025-05-20 17:51:59.062] [0m
[2025-05-20 17:51:59.309] [0;32mTMLUWB  :RX < :RECV                :62000023 16AF0100 01000000 00FA0000 00010000 05000001 00000000 00080000 00000103 000103
[2025-05-20 17:51:59.309] [0m[0;34mAPP     :INFO :No User to r or w | SystemStatus = 0
[2025-05-20 17:51:59.309] [0m
[2025-05-20 17:51:59.560] [0;32mTMLUWB  :RX < :RECV                :62000023 17AF0100 01000000 00FA0000 00010000 05000001 00000000 00080000 00000103 000103
[2025-05-20 17:51:59.560] [0m[0;34mAPP     :INFO :No User to r or w | SystemStatus = 0
[2025-05-20 17:51:59.560] [0m
[2025-05-20 17:51:59.809] [0;32mTMLUWB  :RX < :RECV                :62000023 18AF0100 01000000 00FA0000 00010000 05000001 00000000 00080000 00000103 000103
[2025-05-20 17:51:59.809] [0m[0;34mAPP     :INFO :No User to r or w | SystemStatus = 0
[2025-05-20 17:51:59.809] [0m
[2025-05-20 17:52:00.057] [0;32mTMLUWB  :RX < :RECV                :62000023 19AF0100 01000000 00FA0000 00010000 05000001 00000000 00080000 00000103 000103
[2025-05-20 17:52:00.058] [0m[0;34mAPP     :INFO :No User to r or w | SystemStatus = 0
[2025-05-20 17:52:00.058] [0m
[2025-05-20 17:52:00.317] [0;32mTMLUWB  :RX < :RECV                :62000023 1AAF0100 01000000 00FA0000 00010000 05000001 00000000 00080000 00000103 000103
[2025-05-20 17:52:00.317] [0m[0;34mAPP     :INFO :No User to r or w | SystemStatus = 0
[2025-05-20 17:52:00.317] [0m
[2025-05-20 17:52:00.559] [0;32mTMLUWB  :RX < :RECV                :62000023 1BAF0100 01000000 00FA0000 00010000 05000001 00000000 00080000 00000103 000103
[2025-05-20 17:52:00.559] [0m[0;34mAPP     :INFO :No User to r or w | SystemStatus = 0
[2025-05-20 17:52:00.559] [0m
[2025-05-20 17:52:00.818] [0;32mTMLUWB  :RX < :RECV                :62000023 1CAF0100 01000000 00FA0000 00010000 05000001 00000000 00080000 00000103 000103
[2025-05-20 17:52:00.819] [0m[0;34mAPP     :INFO :No User to r or w | SystemStatus = 0
[2025-05-20 17:52:00.819] [0m
[2025-05-20 17:52:01.062] [0;32mTMLUWB  :RX < :RECV                :62000023 1DAF0100 01000000 00FA0000 00010000 05000001 00000000 00080000 00000103 000103
[2025-05-20 17:52:01.063] [0m[0;34mAPP     :INFO :No User to r or w | SystemStatus = 0
[2025-05-20 17:52:01.063] [0m
[2025-05-20 17:52:01.313] [0;32mTMLUWB  :RX < :RECV                :62000023 1EAF0100 01000000 00FA0000 00010000 05000001 00000000 00080000 00000103 000103
[2025-05-20 17:52:01.313] [0m[0;34mAPP     :INFO :No User to r or w | SystemStatus = 0
[2025-05-20 17:52:01.313] [0m
[2025-05-20 17:52:01.567] [0;32mTMLUWB  :RX < :RECV                :62000023 1FAF0100 01000000 00FA0000 00010000 05000001 00000000 00080000 00000103 000103
[2025-05-20 17:52:01.569] [0m[0;34mAPP     :INFO :No User to r or w | SystemStatus = 0
[2025-05-20 17:52:01.570] [0m
[2025-05-20 17:52:01.819] [0;32mTMLUWB  :RX < :RECV                :62000023 20AF0100 01000000 00FA0000 00010000 05000001 00000000 00080000 00000103 000103
[2025-05-20 17:52:01.819] [0m[0;34mAPP     :INFO :No User to r or w | SystemStatus = 0
[2025-05-20 17:52:01.819] [0m
[2025-05-20 17:52:02.064] [0;32mTMLUWB  :RX < :RECV                :62000023 21AF0100 01000000 00FA0000 00010000 05000001 00000000 00080000 00000103 000103
[2025-05-20 17:52:02.064] [0m[0;34mAPP     :INFO :No User to r or w | SystemStatus = 0
[2025-05-20 17:52:02.064] [0m
[2025-05-20 17:52:02.316] [0;32mTMLUWB  :RX < :RECV                :62000023 22AF0100 01000000 00FA0000 00010000 05000001 00000000 00080000 00000103 000103
[2025-05-20 17:52:02.317] [0m[0;34mAPP     :INFO :No User to r or w | SystemStatus = 0
[2025-05-20 17:52:02.317] [0m
[2025-05-20 17:52:02.559] [0;32mTMLUWB  :RX < :RECV                :62000023 23AF0100 01000000 00FA0000 00010000 05000001 00000000 00080000 00000103 000103
[2025-05-20 17:52:02.559] [0m[0;34mAPP     :INFO :No User to r or w | SystemStatus = 0
[2025-05-20 17:52:02.560] [0m
[2025-05-20 17:52:02.814] [0;32mTMLUWB  :RX < :RECV                :62000023 24AF0100 01000000 00FA0000 00010000 05000001 00000000 00080000 00000103 000103
[2025-05-20 17:52:02.815] [0m[0;34mAPP     :INFO :No User to r or w | SystemStatus = 0
[2025-05-20 17:52:02.815] [0m
[2025-05-20 17:52:03.063] [0;32mTMLUWB  :RX < :RECV                :62000023 25AF0100 01000000 00FA0000 00010000 05000001 00000000 00080000 00000103 000103
[2025-05-20 17:52:03.063] [0m[0;34mAPP     :INFO :No User to r or w | SystemStatus = 0
[2025-05-20 17:52:03.063] [0m
[2025-05-20 17:52:03.319] [0;32mTMLUWB  :RX < :RECV                :62000023 26AF0100 01000000 00FA0000 00010000 05000001 00000000 00080000 00000103 000103
[2025-05-20 17:52:03.319] [0m[0;34mAPP     :INFO :No User to r or w | SystemStatus = 0
[2025-05-20 17:52:03.319] [0m
[2025-05-20 17:52:03.568] [0;32mTMLUWB  :RX < :RECV                :62000023 27AF0100 01000000 00FA0000 00010000 05000001 00000000 00080000 00000103 000103
[2025-05-20 17:52:03.570] [0m[0;34mAPP     :INFO :No User to r or w | SystemStatus = 0
[2025-05-20 17:52:03.570] [0m
[2025-05-20 17:52:03.810] [0;32mTMLUWB  :RX < :RECV                :62000023 28AF0100 01000000 00FA0000 00010000 05000001 00000000 00080000 00000103 000103
[2025-05-20 17:52:03.810] [0m[0;34mAPP     :INFO :No User to r or w | SystemStatus = 0
[2025-05-20 17:52:03.810] [0m
[2025-05-20 17:52:04.061] [0;32mTMLUWB  :RX < :RECV                :62000023 29AF0100 01000000 00FA0000 00010000 05000001 00000000 00080000 00000103 000103
[2025-05-20 17:52:04.061] [0m[0;34mAPP     :INFO :No User to r or w | SystemStatus = 0
[2025-05-20 17:52:04.061] [0m
[2025-05-20 17:52:04.308] [0;32mTMLUWB  :RX < :RECV                :62000023 2AAF0100 01000000 00FA0000 00010000 05000001 00000000 00080000 00000103 000103
[2025-05-20 17:52:04.308] [0m[0;34mAPP     :INFO :No User to r or w | SystemStatus = 0
[2025-05-20 17:52:04.308] [0m
[2025-05-20 17:52:04.567] [0;32mTMLUWB  :RX < :RECV                :62000023 2BAF0100 01000000 00FA0000 00010000 05000001 00000000 00080000 00000103 000103
[2025-05-20 17:52:04.567] [0m[0;34mAPP     :INFO :No User to r or w | SystemStatus = 0
[2025-05-20 17:52:04.567] [0m
[2025-05-20 17:52:04.814] [0;32mTMLUWB  :RX < :RECV                :62000023 2CAF0100 01000000 00FA0000 00010000 05000001 00000000 00080000 00000103 000103
[2025-05-20 17:52:04.814] [0m[0;34mAPP     :INFO :No User to r or w | SystemStatus = 0
[2025-05-20 17:52:04.814] [0m
[2025-05-20 17:52:05.063] [0;32mTMLUWB  :RX < :RECV                :62000023 2DAF0100 01000000 00FA0000 00010000 05000001 00000000 00080000 00000103 000103
[2025-05-20 17:52:05.064] [0m[0;34mAPP     :INFO :No User to r or w | SystemStatus = 0
[2025-05-20 17:52:05.064] [0m
[2025-05-20 17:52:05.309] [0;32mTMLUWB  :RX < :RECV                :62000023 2EAF0100 01000000 00FA0000 00010000 05000001 00000000 00080000 00000103 000103
[2025-05-20 17:52:05.309] [0m[0;34mAPP     :INFO :No User to r or w | SystemStatus = 0
[2025-05-20 17:52:05.309] [0m
[2025-05-20 17:52:05.565] [0;32mTMLUWB  :RX < :RECV                :62000023 2FAF0100 01000000 00FA0000 00010000 05000001 00000000 00080000 00000103 000103
[2025-05-20 17:52:05.565] [0m[0;34mAPP     :INFO :No User to r or w | SystemStatus = 0
[2025-05-20 17:52:05.565] [0m
[2025-05-20 17:52:05.816] [0;32mTMLUWB  :RX < :RECV                :62000023 30AF0100 01000000 00FA0000 00010000 05000001 00000000 00080000 00000103 000103
[2025-05-20 17:52:05.817] [0m[0;34mAPP     :INFO :No User to r or w | SystemStatus = 0
[2025-05-20 17:52:05.817] [0m
[2025-05-20 17:52:06.058] [0;32mTMLUWB  :RX < :RECV                :62000023 31AF0100 01000000 00FA0000 00010000 05000001 00000000 00080000 00000103 000103
[2025-05-20 17:52:06.059] [0m[0;34mAPP     :INFO :No User to r or w | SystemStatus = 0
[2025-05-20 17:52:06.059] [0m
[2025-05-20 17:52:06.315] [0;32mTMLUWB  :RX < :RECV                :62000023 32AF0100 01000000 00FA0000 00010000 05000001 00000000 00080000 00000103 000103
[2025-05-20 17:52:06.316] [0m[0;34mAPP     :INFO :No User to r or w | SystemStatus = 0
[2025-05-20 17:52:06.316] [0m
[2025-05-20 17:52:06.565] [0;32mTMLUWB  :RX < :RECV                :62000023 33AF0100 01000000 00FA0000 00010000 05000001 00000000 00080000 00000103 000103
[2025-05-20 17:52:06.565] [0m[0;34mAPP     :INFO :No User to r or w | SystemStatus = 0
[2025-05-20 17:52:06.566] [0m
[2025-05-20 17:52:06.816] [0;32mTMLUWB  :RX < :RECV                :62000023 34AF0100 01000000 00FA0000 00010000 05000001 00000000 00080000 00000103 000103
[2025-05-20 17:52:06.816] [0m[0;34mAPP     :INFO :No User to r or w | SystemStatus = 0
[2025-05-20 17:52:06.816] [0m
[2025-05-20 17:52:07.060] [0;32mTMLUWB  :RX < :RECV                :62000023 35AF0100 01000000 00FA0000 00010000 05000001 00000000 00080000 00000103 000103
[2025-05-20 17:52:07.060] [0m[0;34mAPP     :INFO :No User to r or w | SystemStatus = 0
[2025-05-20 17:52:07.060] [0m
[2025-05-20 17:52:07.308] [0;32mTMLUWB  :RX < :RECV                :62000023 36AF0100 01000000 00FA0000 00010000 05000001 00000000 00080000 00000103 000103
[2025-05-20 17:52:07.308] [0m[0;34mAPP     :INFO :No User to r or w | SystemStatus = 0
[2025-05-20 17:52:07.308] [0m
[2025-05-20 17:52:07.563] [0;32mTMLUWB  :RX < :RECV                :62000023 37AF0100 01000000 00FA0000 00010000 05000001 00000000 00080000 00000103 000103
[2025-05-20 17:52:07.563] [0m[0;34mAPP     :INFO :No User to r or w | SystemStatus = 0
[2025-05-20 17:52:07.563] [0m
[2025-05-20 17:52:07.812] [0;32mTMLUWB  :RX < :RECV                :62000023 38AF0100 01000000 00FA0000 00010000 05000001 00000000 00080000 00000103 000103
[2025-05-20 17:52:07.812] [0m[0;34mAPP     :INFO :No User to r or w | SystemStatus = 0
[2025-05-20 17:52:07.812] [0m
[2025-05-20 17:52:08.061] [0;32mTMLUWB  :RX < :RECV                :62000023 39AF0100 01000000 00FA0000 00010000 05000001 00000000 00080000 00000103 000103
[2025-05-20 17:52:08.061] [0m[0;34mAPP     :INFO :No User to r or w | SystemStatus = 0
[2025-05-20 17:52:08.061] [0m
[2025-05-20 17:52:08.309] [0;32mTMLUWB  :RX < :RECV                :62000023 3AAF0100 01000000 00FA0000 00010000 05000001 00000000 00080000 00000103 000103
[2025-05-20 17:52:08.309] [0m[0;34mAPP     :INFO :No User to r or w | SystemStatus = 0
[2025-05-20 17:52:08.309] [0m
[2025-05-20 17:52:08.563] [0;32mTMLUWB  :RX < :RECV                :62000023 3BAF0100 01000000 00FA0000 00010000 05000001 00000000 00080000 00000103 000103
[2025-05-20 17:52:08.563] [0m[0;34mAPP     :INFO :No User to r or w | SystemStatus = 0
[2025-05-20 17:52:08.563] [0m
[2025-05-20 17:52:08.816] [0;32mTMLUWB  :RX < :RECV                :62000023 3CAF0100 01000000 00FA0000 00010000 05000001 00000000 00080000 00000103 000103
[2025-05-20 17:52:08.816] [0m[0;34mAPP     :INFO :No User to r or w | SystemStatus = 0
[2025-05-20 17:52:08.816] [0m
[2025-05-20 17:52:09.062] [0;32mTMLUWB  :RX < :RECV                :62000023 3DAF0100 01000000 00FA0000 00010000 05000001 00000000 00080000 00000103 000103
[2025-05-20 17:52:09.063] [0m[0;34mAPP     :INFO :No User to r or w | SystemStatus = 0
[2025-05-20 17:52:09.063] [0m
[2025-05-20 17:52:09.310] [0;32mTMLUWB  :RX < :RECV                :62000023 3EAF0100 01000000 00FA0000 00010000 05000001 00000000 00080000 00000103 000103
[2025-05-20 17:52:09.310] [0m[0;34mAPP     :INFO :No User to r or w | SystemStatus = 0
[2025-05-20 17:52:09.310] [0m
[2025-05-20 17:52:09.567] [0;32mTMLUWB  :RX < :RECV                :62000023 3FAF0100 01000000 00FA0000 00010000 05000001 00000000 00080000 00000103 000103
[2025-05-20 17:52:09.567] [0m[0;34mAPP     :INFO :No User to r or w | SystemStatus = 0
[2025-05-20 17:52:09.567] [0m
[2025-05-20 17:52:09.812] [0;32mTMLUWB  :RX < :RECV                :62000023 40AF0100 01000000 00FA0000 00010000 05000001 00000000 00080000 00000103 000103
[2025-05-20 17:52:09.812] [0m[0;34mAPP     :INFO :No User to r or w | SystemStatus = 0
[2025-05-20 17:52:09.812] [0m
[2025-05-20 17:52:10.064] [0;32mTMLUWB  :RX < :RECV                :62000023 41AF0100 01000000 00FA0000 00010000 05000001 00000000 00080000 00000103 000103
[2025-05-20 17:52:10.065] [0m[0;34mAPP     :INFO :No User to r or w | SystemStatus = 0
[2025-05-20 17:52:10.065] [0m
[2025-05-20 17:52:10.314] [0;32mTMLUWB  :RX < :RECV                :62000023 42AF0100 01000000 00FA0000 00010000 05000001 00000000 00080000 00000103 000103
[2025-05-20 17:52:10.315] [0m[0;34mAPP     :INFO :No User to r or w | SystemStatus = 0
[2025-05-20 17:52:10.315] [0m
[2025-05-20 17:52:10.559] [0;32mTMLUWB  :RX < :RECV                :62000023 43AF0100 01000000 00FA0000 00010000 05000001 00000000 00080000 00000103 000103
[2025-05-20 17:52:10.559] [0m[0;34mAPP     :INFO :No User to r or w | SystemStatus = 0
[2025-05-20 17:52:10.559] [0m
[2025-05-20 17:52:10.809] [0;32mTMLUWB  :RX < :RECV                :62000023 44AF0100 01000000 00FA0000 00010000 05000001 00000000 00080000 00000103 000103
[2025-05-20 17:52:10.809] [0m[0;34mAPP     :INFO :No User to r or w | SystemStatus = 0
[2025-05-20 17:52:10.809] [0m
[2025-05-20 17:52:11.061] [0;32mTMLUWB  :RX < :RECV                :62000023 45AF0100 01000000 00FA0000 00010000 05000001 00000000 00080000 00000103 000103
[2025-05-20 17:52:11.061] [0m[0;34mAPP     :INFO :No User to r or w | SystemStatus = 0
[2025-05-20 17:52:11.062] [0m
[2025-05-20 17:52:11.318] [0;32mTMLUWB  :RX < :RECV                :62000023 46AF0100 01000000 00FA0000 00010000 05000001 00000000 00080000 00000103 000103
[2025-05-20 17:52:11.318] [0m[0;34mAPP     :INFO :No User to r or w | SystemStatus = 0
[2025-05-20 17:52:11.318] [0m
[2025-05-20 17:52:11.565] [0;32mTMLUWB  :RX < :RECV                :62000023 47AF0100 01000000 00FA0000 00010000 05000001 00000000 00080000 00000103 000103
[2025-05-20 17:52:11.565] [0m[0;34mAPP     :INFO :No User to r or w | SystemStatus = 0
[2025-05-20 17:52:11.565] [0m
[2025-05-20 17:52:11.818] [0;32mTMLUWB  :RX < :RECV                :62000023 48AF0100 01000000 00FA0000 00010000 05000001 00000000 00080000 00000103 000103
[2025-05-20 17:52:11.819] [0m[0;34mAPP     :INFO :No User to r or w | SystemStatus = 0
[2025-05-20 17:52:11.819] [0m
[2025-05-20 17:52:12.059] [0;32mTMLUWB  :RX < :RECV                :62000023 49AF0100 01000000 00FA0000 00010000 05000001 00000000 00080000 00000103 000103
[2025-05-20 17:52:12.059] [0m[0;34mAPP     :INFO :No User to r or w | SystemStatus = 0
[2025-05-20 17:52:12.059] [0m
[2025-05-20 17:52:12.309] [0;32mTMLUWB  :RX < :RECV                :62000023 4AAF0100 01000000 00FA0000 00010000 05000001 00000000 00080000 00000103 000103
[2025-05-20 17:52:12.309] [0m[0;34mAPP     :INFO :No User to r or w | SystemStatus = 0
[2025-05-20 17:52:12.309] [0m
[2025-05-20 17:52:12.571] [0;32mTMLUWB  :RX < :RECV                :62000023 4BAF0100 01000000 00FA0000 00010000 05000001 00000000 00080000 00000103 000103
[2025-05-20 17:52:12.572] [0m[0;34mAPP     :INFO :No User to r or w | SystemStatus = 0
[2025-05-20 17:52:12.572] [0m
[2025-05-20 17:52:12.815] [0;32mTMLUWB  :RX < :RECV                :62000023 4CAF0100 01000000 00FA0000 00010000 05000001 00000000 00080000 00000103 000103
[2025-05-20 17:52:12.815] [0m[0;34mAPP     :INFO :No User to r or w | SystemStatus = 0
[2025-05-20 17:52:12.815] [0m
[2025-05-20 17:52:13.063] [0;32mTMLUWB  :RX < :RECV                :62000023 4DAF0100 01000000 00FA0000 00010000 05000001 00000000 00080000 00000103 000103
[2025-05-20 17:52:13.064] [0m[0;34mAPP     :INFO :No User to r or w | SystemStatus = 0
[2025-05-20 17:52:13.064] [0m
[2025-05-20 17:52:13.315] [0;32mTMLUWB  :RX < :RECV                :62000023 4EAF0100 01000000 00FA0000 00010000 05000001 00000000 00080000 00000103 000103
[2025-05-20 17:52:13.315] [0m[0;34mAPP     :INFO :No User to r or w | SystemStatus = 0
[2025-05-20 17:52:13.315] [0m
[2025-05-20 17:52:13.565] [0;32mTMLUWB  :RX < :RECV                :62000023 4FAF0100 01000000 00FA0000 00010000 05000001 00000000 00080000 00000103 000103
[2025-05-20 17:52:13.565] [0m[0;34mAPP     :INFO :No User to r or w | SystemStatus = 0
[2025-05-20 17:52:13.565] [0m
[2025-05-20 17:52:13.816] [0;32mTMLUWB  :RX < :RECV                :62000023 50AF0100 01000000 00FA0000 00010000 05000001 00000000 00080000 00000103 000103
[2025-05-20 17:52:13.816] [0m[0;34mAPP     :INFO :No User to r or w | SystemStatus = 0
[2025-05-20 17:52:13.816] [0m
[2025-05-20 17:52:14.065] [0;32mTMLUWB  :RX < :RECV                :62000023 51AF0100 01000000 00FA0000 00010000 05000001 00000000 00080000 00000103 000103
[2025-05-20 17:52:14.065] [0m[0;34mAPP     :INFO :No User to r or w | SystemStatus = 0
[2025-05-20 17:52:14.065] [0m
[2025-05-20 17:52:14.317] [0;32mTMLUWB  :RX < :RECV                :62000023 52AF0100 01000000 00FA0000 00010000 05000001 00000000 00080000 00000103 000103
[2025-05-20 17:52:14.317] [0m[0;34mAPP     :INFO :No User to r or w | SystemStatus = 0
[2025-05-20 17:52:14.317] [0m
[2025-05-20 17:52:14.568] [0;32mTMLUWB  :RX < :RECV                :62000023 53AF0100 01000000 00FA0000 00010000 05000001 00000000 00080000 00000103 000103
[2025-05-20 17:52:14.568] [0m[0;34mAPP     :INFO :No User to r or w | SystemStatus = 0
[2025-05-20 17:52:14.568] [0m
[2025-05-20 17:52:14.808] [0;32mTMLUWB  :RX < :RECV                :62000023 54AF0100 01000000 00FA0000 00010000 05000001 00000000 00080000 00000103 000103
[2025-05-20 17:52:14.808] [0m[0;34mAPP     :INFO :No User to r or w | SystemStatus = 0
[2025-05-20 17:52:14.808] [0m
[2025-05-20 17:52:15.060] [0;32mTMLUWB  :RX < :RECV                :62000023 55AF0100 01000000 00FA0000 00010000 05000001 00000000 00080000 00000103 000103
[2025-05-20 17:52:15.060] [0m[0;34mAPP     :INFO :No User to r or w | SystemStatus = 0
[2025-05-20 17:52:15.060] [0m
[2025-05-20 17:52:15.318] [0;32mTMLUWB  :RX < :RECV                :62000023 56AF0100 01000000 00FA0000 00010000 05000001 00000000 00080000 00000103 000103
[2025-05-20 17:52:15.318] [0m[0;34mAPP     :INFO :No User to r or w | SystemStatus = 0
[2025-05-20 17:52:15.318] [0m
[2025-05-20 17:52:15.559] [0;32mTMLUWB  :RX < :RECV                :62000023 57AF0100 01000000 00FA0000 00010000 05000001 00000000 00080000 00000103 000103
[2025-05-20 17:52:15.559] [0m[0;34mAPP     :INFO :No User to r or w | SystemStatus = 0
[2025-05-20 17:52:15.559] [0m
[2025-05-20 17:52:15.817] [0;32mTMLUWB  :RX < :RECV                :62000023 58AF0100 01000000 00FA0000 00010000 05000001 00000000 00080000 00000103 000103
[2025-05-20 17:52:15.818] [0m[0;34mAPP     :INFO :No User to r or w | SystemStatus = 0
[2025-05-20 17:52:15.818] [0m
[2025-05-20 17:52:16.064] [0;32mTMLUWB  :RX < :RECV                :62000023 59AF0100 01000000 00FA0000 00010000 05000001 00000000 00080000 00000103 000103
[2025-05-20 17:52:16.064] [0m[0;34mAPP     :INFO :No User to r or w | SystemStatus = 0
[2025-05-20 17:52:16.064] [0m
[2025-05-20 17:52:16.311] [0;32mTMLUWB  :RX < :RECV                :62000023 5AAF0100 01000000 00FA0000 00010000 05000001 00000000 00080000 00000103 000103
[2025-05-20 17:52:16.312] [0m[0;34mAPP     :INFO :No User to r or w | SystemStatus = 0
[2025-05-20 17:52:16.312] [0m
[2025-05-20 17:52:16.559] [0;32mTMLUWB  :RX < :RECV                :62000023 5BAF0100 01000000 00FA0000 00010000 05000001 00000000 00080000 00000103 000103
[2025-05-20 17:52:16.559] [0m[0;34mAPP     :INFO :No User to r or w | SystemStatus = 0
[2025-05-20 17:52:16.559] [0m
[2025-05-20 17:52:16.808] [0;32mTMLUWB  :RX < :RECV                :62000023 5CAF0100 01000000 00FA0000 00010000 05000001 00000000 00080000 00000103 000103
[2025-05-20 17:52:16.808] [0m[0;34mAPP     :INFO :No User to r or w | SystemStatus = 0
[2025-05-20 17:52:16.808] [0m
[2025-05-20 17:52:17.058] [0;32mTMLUWB  :RX < :RECV                :62000023 5DAF0100 01000000 00FA0000 00010000 05000001 00000000 00080000 00000103 000103
[2025-05-20 17:52:17.058] [0m[0;34mAPP     :INFO :No User to r or w | SystemStatus = 0
[2025-05-20 17:52:17.058] [0m
[2025-05-20 17:52:17.309] [0;32mTMLUWB  :RX < :RECV                :62000023 5EAF0100 01000000 00FA0000 00010000 05000001 00000000 00080000 00000103 000103
[2025-05-20 17:52:17.309] [0m[0;34mAPP     :INFO :No User to r or w | SystemStatus = 0
[2025-05-20 17:52:17.309] [0m
[2025-05-20 17:52:17.564] [0;32mTMLUWB  :RX < :RECV                :62000023 5FAF0100 01000000 00FA0000 00010000 05000001 00000000 00080000 00000103 000103
[2025-05-20 17:52:17.564] [0m[0;34mAPP     :INFO :No User to r or w | SystemStatus = 0
[2025-05-20 17:52:17.564] [0m
[2025-05-20 17:52:17.815] [0;32mTMLUWB  :RX < :RECV                :62000023 60AF0100 01000000 00FA0000 00010000 05000001 00000000 00080000 00000103 000103
[2025-05-20 17:52:17.815] [0m[0;34mAPP     :INFO :No User to r or w | SystemStatus = 0
[2025-05-20 17:52:17.815] [0m
[2025-05-20 17:52:18.065] [0;32mTMLUWB  :RX < :RECV                :62000023 61AF0100 01000000 00FA0000 00010000 05000001 00000000 00080000 00000103 000103
[2025-05-20 17:52:18.066] [0m[0;34mAPP     :INFO :No User to r or w | SystemStatus = 0
[2025-05-20 17:52:18.066] [0m
[2025-05-20 17:52:18.315] [0;32mTMLUWB  :RX < :RECV                :62000023 62AF0100 01000000 00FA0000 00010000 05000001 00000000 00080000 00000103 000103
[2025-05-20 17:52:18.315] [0m[0;34mAPP     :INFO :No User to r or w | SystemStatus = 0
[2025-05-20 17:52:18.315] [0m
[2025-05-20 17:52:18.567] [0;32mTMLUWB  :RX < :RECV                :62000023 63AF0100 01000000 00FA0000 00010000 05000001 00000000 00080000 00000103 000103
[2025-05-20 17:52:18.567] [0m[0;34mAPP     :INFO :No User to r or w | SystemStatus = 0
[2025-05-20 17:52:18.567] [0m
[2025-05-20 17:52:18.808] [0;32mTMLUWB  :RX < :RECV                :62000023 64AF0100 01000000 00FA0000 00010000 05000001 00000000 00080000 00000103 000103
[2025-05-20 17:52:18.808] [0m[0;34mAPP     :INFO :No User to r or w | SystemStatus = 0
[2025-05-20 17:52:18.808] [0m
[2025-05-20 17:52:19.059] [0;32mTMLUWB  :RX < :RECV                :62000023 65AF0100 01000000 00FA0000 00010000 05000001 00000000 00080000 00000103 000103
[2025-05-20 17:52:19.060] [0m[0;34mAPP     :INFO :No User to r or w | SystemStatus = 0
[2025-05-20 17:52:19.060] [0m
[2025-05-20 17:52:19.309] [0;32mTMLUWB  :RX < :RECV                :62000023 66AF0100 01000000 00FA0000 00010000 05000001 00000000 00080000 00000103 000103
[2025-05-20 17:52:19.309] [0m[0;34mAPP     :INFO :No User to r or w | SystemStatus = 0
[2025-05-20 17:52:19.309] [0m
[2025-05-20 17:52:19.561] [0;32mTMLUWB  :RX < :RECV                :62000023 67AF0100 01000000 00FA0000 00010000 05000001 00000000 00080000 00000103 000103
[2025-05-20 17:52:19.561] [0m[0;34mAPP     :INFO :No User to r or w | SystemStatus = 0
[2025-05-20 17:52:19.561] [0m
[2025-05-20 17:52:19.811] [0;32mTMLUWB  :RX < :RECV                :62000023 68AF0100 01000000 00FA0000 00010000 05000001 00000000 00080000 00000103 000103
[2025-05-20 17:52:19.811] [0m[0;34mAPP     :INFO :No User to r or w | SystemStatus = 0
[2025-05-20 17:52:19.812] [0m
[2025-05-20 17:52:20.060] [0;32mTMLUWB  :RX < :RECV                :62000023 69AF0100 01000000 00FA0000 00010000 05000001 00000000 00080000 00000103 000103
[2025-05-20 17:52:20.060] [0m[0;34mAPP     :INFO :No User to r or w | SystemStatus = 0
[2025-05-20 17:52:20.060] [0m
[2025-05-20 17:52:20.310] [0;32mTMLUWB  :RX < :RECV                :62000023 6AAF0100 01000000 00FA0000 00010000 05000001 00000000 00080000 00000103 000103
[2025-05-20 17:52:20.310] [0m[0;34mAPP     :INFO :No User to r or w | SystemStatus = 0
[2025-05-20 17:52:20.310] [0m
[2025-05-20 17:52:20.559] [0;32mTMLUWB  :RX < :RECV                :62000023 6BAF0100 01000000 00FA0000 00010000 05000001 00000000 00080000 00000103 000103
[2025-05-20 17:52:20.559] [0m[0;34mAPP     :INFO :No User to r or w | SystemStatus = 0
[2025-05-20 17:52:20.559] [0m
[2025-05-20 17:52:20.808] [0;32mTMLUWB  :RX < :RECV                :62000023 6CAF0100 01000000 00FA0000 00010000 05000001 00000000 00080000 00000103 000103
[2025-05-20 17:52:20.809] [0m[0;34mAPP     :INFO :No User to r or w | SystemStatus = 0
[2025-05-20 17:52:20.809] [0m
[2025-05-20 17:52:21.058] [0;32mTMLUWB  :RX < :RECV                :62000023 6DAF0100 01000000 00FA0000 00010000 05000001 00000000 00080000 00000103 000103
[2025-05-20 17:52:21.058] [0m[0;34mAPP     :INFO :No User to r or w | SystemStatus = 0
[2025-05-20 17:52:21.058] [0m
[2025-05-20 17:52:21.313] [0;32mTMLUWB  :RX < :RECV                :62000023 6EAF0100 01000000 00FA0000 00010000 05000001 00000000 00080000 00000103 000103
[2025-05-20 17:52:21.313] [0m[0;34mAPP     :INFO :No User to r or w | SystemStatus = 0
[2025-05-20 17:52:21.313] [0m
[2025-05-20 17:52:21.568] [0;32mTMLUWB  :RX < :RECV                :62000023 6FAF0100 01000000 00FA0000 00010000 05000001 00000000 00080000 00000103 000103
[2025-05-20 17:52:21.568] [0m[0;34mAPP     :INFO :No User to r or w | SystemStatus = 0
[2025-05-20 17:52:21.568] [0m
[2025-05-20 17:52:21.809] [0;32mTMLUWB  :RX < :RECV                :62000023 70AF0100 01000000 00FA0000 00010000 05000001 00000000 00080000 00000103 000103
[2025-05-20 17:52:21.809] [0m[0;34mAPP     :INFO :No User to r or w | SystemStatus = 0
[2025-05-20 17:52:21.809] [0m
[2025-05-20 17:52:22.066] [0;32mTMLUWB  :RX < :RECV                :62000023 71AF0100 01000000 00FA0000 00010000 05000001 00000000 00080000 00000103 000103
[2025-05-20 17:52:22.066] [0m[0;34mAPP     :INFO :No User to r or w | SystemStatus = 0
[2025-05-20 17:52:22.067] [0m
[2025-05-20 17:52:22.317] [0;32mTMLUWB  :RX < :RECV                :62000023 72AF0100 01000000 00FA0000 00010000 05000001 00000000 00080000 00000103 000103
[2025-05-20 17:52:22.317] [0m[0;34mAPP     :INFO :No User to r or w | SystemStatus = 0
[2025-05-20 17:52:22.317] [0m
[2025-05-20 17:52:22.563] [0;32mTMLUWB  :RX < :RECV                :62000023 73AF0100 01000000 00FA0000 00010000 05000001 00000000 00080000 00000103 000103
[2025-05-20 17:52:22.563] [0m[0;34mAPP     :INFO :No User to r or w | SystemStatus = 0
[2025-05-20 17:52:22.563] [0m
[2025-05-20 17:52:22.814] [0;32mTMLUWB  :RX < :RECV                :62000023 74AF0100 01000000 00FA0000 00010000 05000001 00000000 00080000 00000103 000103
[2025-05-20 17:52:22.814] [0m[0;34mAPP     :INFO :No User to r or w | SystemStatus = 0
[2025-05-20 17:52:22.814] [0m
[2025-05-20 17:52:23.062] [0;32mTMLUWB  :RX < :RECV                :62000023 75AF0100 01000000 00FA0000 00010000 05000001 00000000 00080000 00000103 000103
[2025-05-20 17:52:23.062] [0m[0;34mAPP     :INFO :No User to r or w | SystemStatus = 0
[2025-05-20 17:52:23.063] [0m
[2025-05-20 17:52:23.316] [0;32mTMLUWB  :RX < :RECV                :62000023 76AF0100 01000000 00FA0000 00010000 05000001 00000000 00080000 00000103 000103
[2025-05-20 17:52:23.316] [0m[0;34mAPP     :INFO :No User to r or w | SystemStatus = 0
[2025-05-20 17:52:23.316] [0m
[2025-05-20 17:52:23.561] [0;32mTMLUWB  :RX < :RECV                :62000023 77AF0100 01000000 00FA0000 00010000 05000001 00000000 00080000 00000103 000103
[2025-05-20 17:52:23.561] [0m[0;34mAPP     :INFO :No User to r or w | SystemStatus = 0
[2025-05-20 17:52:23.561] [0m
[2025-05-20 17:52:23.811] [0;32mTMLUWB  :RX < :RECV                :62000023 78AF0100 01000000 00FA0000 00010000 05000001 00000000 00080000 00000103 000103
[2025-05-20 17:52:23.811] [0m[0;34mAPP     :INFO :No User to r or w | SystemStatus = 0
[2025-05-20 17:52:23.811] [0m
[2025-05-20 17:52:24.059] [0;32mTMLUWB  :RX < :RECV                :62000023 79AF0100 01000000 00FA0000 00010000 05000001 00000000 00080000 00000103 000103
[2025-05-20 17:52:24.059] [0m[0;34mAPP     :INFO :No User to r or w | SystemStatus = 0
[2025-05-20 17:52:24.059] [0m
[2025-05-20 17:52:24.313] [0;32mTMLUWB  :RX < :RECV                :62000023 7AAF0100 01000000 00FA0000 00010000 05000001 00000000 00080000 00000103 000103
[2025-05-20 17:52:24.313] [0m[0;34mAPP     :INFO :No User to r or w | SystemStatus = 0
[2025-05-20 17:52:24.313] [0m
[2025-05-20 17:52:24.565] [0;32mTMLUWB  :RX < :RECV                :62000023 7BAF0100 01000000 00FA0000 00010000 05000001 00000000 00080000 00000103 000103
[2025-05-20 17:52:24.566] [0m[0;34mAPP     :INFO :No User to r or w | SystemStatus = 0
[2025-05-20 17:52:24.566] [0m
[2025-05-20 17:52:24.811] [0;32mTMLUWB  :RX < :RECV                :62000023 7CAF0100 01000000 00FA0000 00010000 05000001 00000000 00080000 00000103 000103
[2025-05-20 17:52:24.811] [0m[0;34mAPP     :INFO :No User to r or w | SystemStatus = 0
[2025-05-20 17:52:24.811] [0m
[2025-05-20 17:52:25.062] [0;32mTMLUWB  :RX < :RECV                :62000023 7DAF0100 01000000 00FA0000 00010000 05000001 00000000 00080000 00000103 000103
[2025-05-20 17:52:25.063] [0m[0;34mAPP     :INFO :No User to r or w | SystemStatus = 0
[2025-05-20 17:52:25.063] [0m
[2025-05-20 17:52:25.308] [0;32mTMLUWB  :RX < :RECV                :62000023 7EAF0100 01000000 00FA0000 00010000 05000001 00000000 00080000 00000103 000103
[2025-05-20 17:52:25.308] [0m[0;34mAPP     :INFO :No User to r or w | SystemStatus = 0
[2025-05-20 17:52:25.308] [0m
[2025-05-20 17:52:25.559] [0;32mTMLUWB  :RX < :RECV                :62000023 7FAF0100 01000000 00FA0000 00010000 05000001 00000000 00080000 00000103 000103
[2025-05-20 17:52:25.560] [0m[0;34mAPP     :INFO :No User to r or w | SystemStatus = 0
[2025-05-20 17:52:25.560] [0m
[2025-05-20 17:52:25.810] [0;32mTMLUWB  :RX < :RECV                :62000023 80AF0100 01000000 00FA0000 00010000 05000001 00000000 00080000 00000103 000103
[2025-05-20 17:52:25.810] [0m[0;34mAPP     :INFO :No User to r or w | SystemStatus = 0
[2025-05-20 17:52:25.810] [0m
[2025-05-20 17:52:26.063] [0;32mTMLUWB  :RX < :RECV                :62000023 81AF0100 01000000 00FA0000 00010000 05000001 00000000 00080000 00000103 000103
[2025-05-20 17:52:26.063] [0m[0;34mAPP     :INFO :No User to r or w | SystemStatus = 0
[2025-05-20 17:52:26.063] [0m
[2025-05-20 17:52:26.309] [0;32mTMLUWB  :RX < :RECV                :62000023 82AF0100 01000000 00FA0000 00010000 05000001 00000000 00080000 00000103 000103
[2025-05-20 17:52:26.309] [0m[0;34mAPP     :INFO :No User to r or w | SystemStatus = 0
[2025-05-20 17:52:26.309] [0m
[2025-05-20 17:52:26.569] [0;32mTMLUWB  :RX < :RECV                :62000023 83AF0100 01000000 00FA0000 00010000 05000001 00000000 00080000 00000103 000103
[2025-05-20 17:52:26.569] [0m[0;34mAPP     :INFO :No User to r or w | SystemStatus = 0
[2025-05-20 17:52:26.570] [0m
[2025-05-20 17:52:26.816] [0;32mTMLUWB  :RX < :RECV                :62000023 84AF0100 01000000 00FA0000 00010000 05000001 00000000 00080000 00000103 000103
[2025-05-20 17:52:26.816] [0m[0;34mAPP     :INFO :No User to r or w | SystemStatus = 0
[2025-05-20 17:52:26.817] [0m
[2025-05-20 17:52:27.059] [0;32mTMLUWB  :RX < :RECV                :62000023 85AF0100 01000000 00FA0000 00010000 05000001 00000000 00080000 00000103 000103
[2025-05-20 17:52:27.059] [0m[0;34mAPP     :INFO :No User to r or w | SystemStatus = 0
[2025-05-20 17:52:27.059] [0m
[2025-05-20 17:52:27.317] [0;32mTMLUWB  :RX < :RECV                :62000023 86AF0100 01000000 00FA0000 00010000 05000001 00000000 00080000 00000103 000103
[2025-05-20 17:52:27.317] [0m[0;34mAPP     :INFO :No User to r or w | SystemStatus = 0
[2025-05-20 17:52:27.317] [0m
[2025-05-20 17:52:27.559] [0;32mTMLUWB  :RX < :RECV                :62000023 87AF0100 01000000 00FA0000 00010000 05000001 00000000 00080000 00000103 000103
[2025-05-20 17:52:27.559] [0m[0;34mAPP     :INFO :No User to r or w | SystemStatus = 0
[2025-05-20 17:52:27.559] [0m
[2025-05-20 17:52:27.809] [0;32mTMLUWB  :RX < :RECV                :62000023 88AF0100 01000000 00FA0000 00010000 05000001 00000000 00080000 00000103 000103
[2025-05-20 17:52:27.809] [0m[0;34mAPP     :INFO :No User to r or w | SystemStatus = 0
[2025-05-20 17:52:27.809] [0m
[2025-05-20 17:52:28.068] [0;32mTMLUWB  :RX < :RECV                :62000023 89AF0100 01000000 00FA0000 00010000 05000001 00000000 00080000 00000103 000103
[2025-05-20 17:52:28.069] [0m[0;34mAPP     :INFO :No User to r or w | SystemStatus = 0
[2025-05-20 17:52:28.069] [0m
[2025-05-20 17:52:28.312] [0;32mTMLUWB  :RX < :RECV                :62000023 8AAF0100 01000000 00FA0000 00010000 05000001 00000000 00080000 00000103 000103
[2025-05-20 17:52:28.312] [0m[0;34mAPP     :INFO :No User to r or w | SystemStatus = 0
[2025-05-20 17:52:28.312] [0m
[2025-05-20 17:52:28.562] [0;32mTMLUWB  :RX < :RECV                :62000023 8BAF0100 01000000 00FA0000 00010000 05000001 00000000 00080000 00000103 000103
[2025-05-20 17:52:28.562] [0m[0;34mAPP     :INFO :No User to r or w | SystemStatus = 0
[2025-05-20 17:52:28.562] [0m
[2025-05-20 17:52:28.810] [0;32mTMLUWB  :RX < :RECV                :62000023 8CAF0100 01000000 00FA0000 00010000 05000001 00000000 00080000 00000103 000103
[2025-05-20 17:52:28.811] [0m[0;34mAPP     :INFO :No User to r or w | SystemStatus = 0
[2025-05-20 17:52:28.811] [0m
[2025-05-20 17:52:29.062] [0;32mTMLUWB  :RX < :RECV                :62000023 8DAF0100 01000000 00FA0000 00010000 05000001 00000000 00080000 00000103 000103
[2025-05-20 17:52:29.062] [0m[0;34mAPP     :INFO :No User to r or w | SystemStatus = 0
[2025-05-20 17:52:29.062] [0m
[2025-05-20 17:52:29.311] [0;32mTMLUWB  :RX < :RECV                :62000023 8EAF0100 01000000 00FA0000 00010000 05000001 00000000 00080000 00000103 000103
[2025-05-20 17:52:29.311] [0m[0;34mAPP     :INFO :No User to r or w | SystemStatus = 0
[2025-05-20 17:52:29.311] [0m
[2025-05-20 17:52:29.560] [0;32mTMLUWB  :RX < :RECV                :62000023 8FAF0100 01000000 00FA0000 00010000 05000001 00000000 00080000 00000103 000103
[2025-05-20 17:52:29.560] [0m[0;34mAPP     :INFO :No User to r or w | SystemStatus = 0
[2025-05-20 17:52:29.560] [0m
[2025-05-20 17:52:29.814] [0;32mTMLUWB  :RX < :RECV                :62000023 90AF0100 01000000 00FA0000 00010000 05000001 00000000 00080000 00000103 000103
[2025-05-20 17:52:29.814] [0m[0;34mAPP     :INFO :No User to r or w | SystemStatus = 0
[2025-05-20 17:52:29.815] [0m
[2025-05-20 17:52:30.065] [0;32mTMLUWB  :RX < :RECV                :62000023 91AF0100 01000000 00FA0000 00010000 05000001 00000000 00080000 00000103 000103
[2025-05-20 17:52:30.065] [0m[0;34mAPP     :INFO :No User to r or w | SystemStatus = 0
[2025-05-20 17:52:30.065] [0m
[2025-05-20 17:52:30.314] [0;32mTMLUWB  :RX < :RECV                :62000023 92AF0100 01000000 00FA0000 00010000 05000001 00000000 00080000 00000103 000103
[2025-05-20 17:52:30.314] [0m[0;34mAPP     :INFO :No User to r or w | SystemStatus = 0
[2025-05-20 17:52:30.314] [0m
[2025-05-20 17:52:30.564] [0;32mTMLUWB  :RX < :RECV                :62000023 93AF0100 01000000 00FA0000 00010000 05000001 00000000 00080000 00000103 000103
[2025-05-20 17:52:30.565] [0m[0;34mAPP     :INFO :No User to r or w | SystemStatus = 0
[2025-05-20 17:52:30.565] [0m
[2025-05-20 17:52:30.811] [0;32mTMLUWB  :RX < :RECV                :62000023 94AF0100 01000000 00FA0000 00010000 05000001 00000000 00080000 00000103 000103
[2025-05-20 17:52:30.811] [0m[0;34mAPP     :INFO :No User to r or w | SystemStatus = 0
[2025-05-20 17:52:30.811] [0m
[2025-05-20 17:52:31.061] [0;32mTMLUWB  :RX < :RECV                :62000023 95AF0100 01000000 00FA0000 00010000 05000001 00000000 00080000 00000103 000103
[2025-05-20 17:52:31.062] [0m[0;34mAPP     :INFO :No User to r or w | SystemStatus = 0
[2025-05-20 17:52:31.062] [0m
[2025-05-20 17:52:31.312] [0;32mTMLUWB  :RX < :RECV                :62000023 96AF0100 01000000 00FA0000 00010000 05000001 00000000 00080000 00000103 000103
[2025-05-20 17:52:31.312] [0m[0;34mAPP     :INFO :No User to r or w | SystemStatus = 0
[2025-05-20 17:52:31.312] [0m
[2025-05-20 17:52:31.558] [0;32mTMLUWB  :RX < :RECV                :62000023 97AF0100 01000000 00FA0000 00010000 05000001 00000000 00080000 00000103 000103
[2025-05-20 17:52:31.558] [0m[0;34mAPP     :INFO :No User to r or w | SystemStatus = 0
[2025-05-20 17:52:31.558] [0m
[2025-05-20 17:52:31.808] [0;32mTMLUWB  :RX < :RECV                :62000023 98AF0100 01000000 00FA0000 00010000 05000001 00000000 00080000 00000103 000103
[2025-05-20 17:52:31.808] [0m[0;34mAPP     :INFO :No User to r or w | SystemStatus = 0
[2025-05-20 17:52:31.808] [0m
[2025-05-20 17:52:32.061] [0;32mTMLUWB  :RX < :RECV                :62000023 99AF0100 01000000 00FA0000 00010000 05000001 00000000 00080000 00000103 000103
[2025-05-20 17:52:32.061] [0m[0;34mAPP     :INFO :No User to r or w | SystemStatus = 0
[2025-05-20 17:52:32.061] [0m
[2025-05-20 17:52:32.311] [0;32mTMLUWB  :RX < :RECV                :62000023 9AAF0100 01000000 00FA0000 00010000 05000001 00000000 00080000 00000103 000103
[2025-05-20 17:52:32.311] [0m[0;34mAPP     :INFO :No User to r or w | SystemStatus = 0
[2025-05-20 17:52:32.311] [0m
[2025-05-20 17:52:32.561] [0;32mTMLUWB  :RX < :RECV                :62000023 9BAF0100 01000000 00FA0000 00010000 05000001 00000000 00080000 00000103 000103
[2025-05-20 17:52:32.561] [0m[0;34mAPP     :INFO :No User to r or w | SystemStatus = 0
[2025-05-20 17:52:32.562] [0m
[2025-05-20 17:52:32.814] [0;32mTMLUWB  :RX < :RECV                :62000023 9CAF0100 01000000 00FA0000 00010000 05000001 00000000 00080000 00000103 000103
[2025-05-20 17:52:32.814] [0m[0;34mAPP     :INFO :No User to r or w | SystemStatus = 0
[2025-05-20 17:52:32.814] [0m
[2025-05-20 17:52:33.065] [0;32mTMLUWB  :RX < :RECV                :62000023 9DAF0100 01000000 00FA0000 00010000 05000001 00000000 00080000 00000103 000103
[2025-05-20 17:52:33.065] [0m[0;34mAPP     :INFO :No User to r or w | SystemStatus = 0
[2025-05-20 17:52:33.065] [0m
[2025-05-20 17:52:33.313] [0;32mTMLUWB  :RX < :RECV                :62000023 9EAF0100 01000000 00FA0000 00010000 05000001 00000000 00080000 00000103 000103
[2025-05-20 17:52:33.313] [0m[0;34mAPP     :INFO :No User to r or w | SystemStatus = 0
[2025-05-20 17:52:33.313] [0m
[2025-05-20 17:52:33.564] [0;32mTMLUWB  :RX < :RECV                :62000023 9FAF0100 01000000 00FA0000 00010000 05000001 00000000 00080000 00000103 000103
[2025-05-20 17:52:33.564] [0m[0;34mAPP     :INFO :No User to r or w | SystemStatus = 0
[2025-05-20 17:52:33.564] [0m
[2025-05-20 17:52:33.808] [0;32mTMLUWB  :RX < :RECV                :62000023 A0AF0100 01000000 00FA0000 00010000 05000001 00000000 00080000 00000103 000103
[2025-05-20 17:52:33.808] [0m[0;34mAPP     :INFO :No User to r or w | SystemStatus = 0
[2025-05-20 17:52:33.808] [0m
[2025-05-20 17:52:34.066] [0;32mTMLUWB  :RX < :RECV                :62000023 A1AF0100 01000000 00FA0000 00010000 05000001 00000000 00080000 00000103 000103
[2025-05-20 17:52:34.066] [0m[0;34mAPP     :INFO :No User to r or w | SystemStatus = 0
[2025-05-20 17:52:34.066] [0m
[2025-05-20 17:52:34.315] [0;32mTMLUWB  :RX < :RECV                :62000023 A2AF0100 01000000 00FA0000 00010000 05000001 00000000 00080000 00000103 000103
[2025-05-20 17:52:34.315] [0m[0;34mAPP     :INFO :No User to r or w | SystemStatus = 0
[2025-05-20 17:52:34.315] [0m
[2025-05-20 17:52:34.567] [0;32mTMLUWB  :RX < :RECV                :62000023 A3AF0100 01000000 00FA0000 00010000 05000001 00000000 00080000 00000103 000103
[2025-05-20 17:52:34.567] [0m[0;34mAPP     :INFO :No User to r or w | SystemStatus = 0
[2025-05-20 17:52:34.567] [0m
[2025-05-20 17:52:34.817] [0;32mTMLUWB  :RX < :RECV                :62000023 A4AF0100 01000000 00FA0000 00010000 05000001 00000000 00080000 00000103 000103
[2025-05-20 17:52:34.817] [0m[0;34mAPP     :INFO :No User to r or w | SystemStatus = 0
[2025-05-20 17:52:34.817] [0m
[2025-05-20 17:52:35.064] [0;32mTMLUWB  :RX < :RECV                :62000023 A5AF0100 01000000 00FA0000 00010000 05000001 00000000 00080000 00000103 000103
[2025-05-20 17:52:35.064] [0m[0;34mAPP     :INFO :No User to r or w | SystemStatus = 0
[2025-05-20 17:52:35.064] [0m
[2025-05-20 17:52:35.315] [0;32mTMLUWB  :RX < :RECV                :62000023 A6AF0100 01000000 00FA0000 00010000 05000001 00000000 00080000 00000103 000103
[2025-05-20 17:52:35.315] [0m[0;34mAPP     :INFO :No User to r or w | SystemStatus = 0
[2025-05-20 17:52:35.315] [0m
[2025-05-20 17:52:35.558] [0;32mTMLUWB  :RX < :RECV                :62000023 A7AF0100 01000000 00FA0000 00010000 05000001 00000000 00080000 00000103 000103
[2025-05-20 17:52:35.558] [0m[0;34mAPP     :INFO :No User to r or w | SystemStatus = 0
[2025-05-20 17:52:35.558] [0m
[2025-05-20 17:52:35.815] [0;32mTMLUWB  :RX < :RECV                :62000023 A8AF0100 01000000 00FA0000 00010000 05000001 00000000 00080000 00000103 000103
[2025-05-20 17:52:35.815] [0m[0;34mAPP     :INFO :No User to r or w | SystemStatus = 0
[2025-05-20 17:52:35.815] [0m
[2025-05-20 17:52:36.058] [0;32mTMLUWB  :RX < :RECV                :62000023 A9AF0100 01000000 00FA0000 00010000 05000001 00000000 00080000 00000103 000103
[2025-05-20 17:52:36.058] [0m[0;34mAPP     :INFO :No User to r or w | SystemStatus = 0
[2025-05-20 17:52:36.058] [0m
[2025-05-20 17:52:36.316] [0;32mTMLUWB  :RX < :RECV                :62000023 AAAF0100 01000000 00FA0000 00010000 05000001 00000000 00080000 00000103 000103
[2025-05-20 17:52:36.316] [0m[0;34mAPP     :INFO :No User to r or w | SystemStatus = 0
[2025-05-20 17:52:36.316] [0m
[2025-05-20 17:52:36.566] [0;32mTMLUWB  :RX < :RECV                :62000023 ABAF0100 01000000 00FA0000 00010000 05000001 00000000 00080000 00000103 000103
[2025-05-20 17:52:36.566] [0m[0;34mAPP     :INFO :No User to r or w | SystemStatus = 0
[2025-05-20 17:52:36.566] [0m
[2025-05-20 17:52:36.817] [0;32mTMLUWB  :RX < :RECV                :62000023 ACAF0100 01000000 00FA0000 00010000 05000001 00000000 00080000 00000103 000103
[2025-05-20 17:52:36.818] [0m[0;34mAPP     :INFO :No User to r or w | SystemStatus = 0
[2025-05-20 17:52:36.818] [0m
[2025-05-20 17:52:37.065] [0;32mTMLUWB  :RX < :RECV                :62000023 ADAF0100 01000000 00FA0000 00010000 05000001 00000000 00080000 00000103 000103
[2025-05-20 17:52:37.065] [0m[0;34mAPP     :INFO :No User to r or w | SystemStatus = 0
[2025-05-20 17:52:37.065] [0m
[2025-05-20 17:52:37.317] [0;32mTMLUWB  :RX < :RECV                :62000023 AEAF0100 01000000 00FA0000 00010000 05000001 00000000 00080000 00000103 000103
[2025-05-20 17:52:37.317] [0m[0;34mAPP     :INFO :No User to r or w | SystemStatus = 0
[2025-05-20 17:52:37.318] [0m
[2025-05-20 17:52:37.561] [0;32mTMLUWB  :RX < :RECV                :62000023 AFAF0100 01000000 00FA0000 00010000 05000001 00000000 00080000 00000103 000103
[2025-05-20 17:52:37.561] [0m[0;34mAPP     :INFO :No User to r or w | SystemStatus = 0
[2025-05-20 17:52:37.561] [0m
[2025-05-20 17:52:37.810] [0;32mTMLUWB  :RX < :RECV                :62000023 B0AF0100 01000000 00FA0000 00010000 05000001 00000000 00080000 00000103 000103
[2025-05-20 17:52:37.810] [0m[0;34mAPP     :INFO :No User to r or w | SystemStatus = 0
[2025-05-20 17:52:37.810] [0m
[2025-05-20 17:52:38.060] [0;32mTMLUWB  :RX < :RECV                :62000023 B1AF0100 01000000 00FA0000 00010000 05000001 00000000 00080000 00000103 000103
[2025-05-20 17:52:38.060] [0m[0;34mAPP     :INFO :No User to r or w | SystemStatus = 0
[2025-05-20 17:52:38.060] [0m
[2025-05-20 17:52:38.309] [0;32mTMLUWB  :RX < :RECV                :62000023 B2AF0100 01000000 00FA0000 00010000 05000001 00000000 00080000 00000103 000103
[2025-05-20 17:52:38.309] [0m[0;34mAPP     :INFO :No User to r or w | SystemStatus = 0
[2025-05-20 17:52:38.309] [0m
[2025-05-20 17:52:38.561] [0;32mTMLUWB  :RX < :RECV                :62000023 B3AF0100 01000000 00FA0000 00010000 05000001 00000000 00080000 00000103 000103
[2025-05-20 17:52:38.561] [0m[0;34mAPP     :INFO :No User to r or w | SystemStatus = 0
[2025-05-20 17:52:38.561] [0m
[2025-05-20 17:52:38.812] [0;32mTMLUWB  :RX < :RECV                :62000023 B4AF0100 01000000 00FA0000 00010000 05000001 00000000 00080000 00000103 000103
[2025-05-20 17:52:38.813] [0m[0;34mAPP     :INFO :No User to r or w | SystemStatus = 0
[2025-05-20 17:52:38.813] [0m
[2025-05-20 17:52:39.059] [0;32mTMLUWB  :RX < :RECV                :62000023 B5AF0100 01000000 00FA0000 00010000 05000001 00000000 00080000 00000103 000103
[2025-05-20 17:52:39.059] [0m[0;34mAPP     :INFO :No User to r or w | SystemStatus = 0
[2025-05-20 17:52:39.059] [0m
[2025-05-20 17:52:39.313] [0;32mTMLUWB  :RX < :RECV                :62000023 B6AF0100 01000000 00FA0000 00010000 05000001 00000000 00080000 00000103 000103
[2025-05-20 17:52:39.313] [0m[0;34mAPP     :INFO :No User to r or w | SystemStatus = 0
[2025-05-20 17:52:39.313] [0m
[2025-05-20 17:52:39.561] [0;32mTMLUWB  :RX < :RECV                :62000023 B7AF0100 01000000 00FA0000 00010000 05000001 00000000 00080000 00000103 000103
[2025-05-20 17:52:39.561] [0m[0;34mAPP     :INFO :No User to r or w | SystemStatus = 0
[2025-05-20 17:52:39.561] [0m
[2025-05-20 17:52:39.817] [0;32mTMLUWB  :RX < :RECV                :62000023 B8AF0100 01000000 00FA0000 00010000 05000001 00000000 00080000 00000103 000103
[2025-05-20 17:52:39.817] [0m[0;34mAPP     :INFO :No User to r or w | SystemStatus = 0
[2025-05-20 17:52:39.817] [0m
[2025-05-20 17:52:40.063] [0;32mTMLUWB  :RX < :RECV                :62000023 B9AF0100 01000000 00FA0000 00010000 05000001 00000000 00080000 00000103 000103
[2025-05-20 17:52:40.063] [0m[0;34mAPP     :INFO :No User to r or w | SystemStatus = 0
[2025-05-20 17:52:40.063] [0m
[2025-05-20 17:52:40.308] [0;32mTMLUWB  :RX < :RECV                :62000023 BAAF0100 01000000 00FA0000 00010000 05000001 00000000 00080000 00000103 000103
[2025-05-20 17:52:40.308] [0m[0;34mAPP     :INFO :No User to r or w | SystemStatus = 0
[2025-05-20 17:52:40.308] [0m
[2025-05-20 17:52:40.563] [0;32mTMLUWB  :RX < :RECV                :62000023 BBAF0100 01000000 00FA0000 00010000 05000001 00000000 00080000 00000103 000103
[2025-05-20 17:52:40.563] [0m[0;34mAPP     :INFO :No User to r or w | SystemStatus = 0
[2025-05-20 17:52:40.563] [0m
[2025-05-20 17:52:40.817] [0;32mTMLUWB  :RX < :RECV                :62000023 BCAF0100 01000000 00FA0000 00010000 05000001 00000000 00080000 00000103 000103
[2025-05-20 17:52:40.817] [0m[0;34mAPP     :INFO :No User to r or w | SystemStatus = 0
[2025-05-20 17:52:40.818] [0m
[2025-05-20 17:52:41.060] [0;32mTMLUWB  :RX < :RECV                :62000023 BDAF0100 01000000 00FA0000 00010000 05000001 00000000 00080000 00000103 000103
[2025-05-20 17:52:41.061] [0m[0;34mAPP     :INFO :No User to r or w | SystemStatus = 0
[2025-05-20 17:52:41.061] [0m
[2025-05-20 17:52:41.313] [0;32mTMLUWB  :RX < :RECV                :62000023 BEAF0100 01000000 00FA0000 00010000 05000001 00000000 00080000 00000103 000103
[2025-05-20 17:52:41.313] [0m[0;34mAPP     :INFO :No User to r or w | SystemStatus = 0
[2025-05-20 17:52:41.314] [0m
[2025-05-20 17:52:41.562] [0;32mTMLUWB  :RX < :RECV                :62000023 BFAF0100 01000000 00FA0000 00010000 05000001 00000000 00080000 00000103 000103
[2025-05-20 17:52:41.562] [0m[0;34mAPP     :INFO :No User to r or w | SystemStatus = 0
[2025-05-20 17:52:41.562] [0m
[2025-05-20 17:52:41.811] [0;32mTMLUWB  :RX < :RECV                :62000023 C0AF0100 01000000 00FA0000 00010000 05000001 00000000 00080000 00000103 000103
[2025-05-20 17:52:41.811] [0m[0;34mAPP     :INFO :No User to r or w | SystemStatus = 0
[2025-05-20 17:52:41.811] [0m
[2025-05-20 17:52:42.060] [0;32mTMLUWB  :RX < :RECV                :62000023 C1AF0100 01000000 00FA0000 00010000 05000001 00000000 00080000 00000103 000103
[2025-05-20 17:52:42.060] [0m[0;34mAPP     :INFO :No User to r or w | SystemStatus = 0
[2025-05-20 17:52:42.060] [0m
[2025-05-20 17:52:42.315] [0;32mTMLUWB  :RX < :RECV                :62000023 C2AF0100 01000000 00FA0000 00010000 05000001 00000000 00080000 00000103 000103
[2025-05-20 17:52:42.315] [0m[0;34mAPP     :INFO :No User to r or w | SystemStatus = 0
[2025-05-20 17:52:42.315] [0m
[2025-05-20 17:52:42.564] [0;32mTMLUWB  :RX < :RECV                :62000023 C3AF0100 01000000 00FA0000 00010000 05000001 00000000 00080000 00000103 000103
[2025-05-20 17:52:42.564] [0m[0;34mAPP     :INFO :No User to r or w | SystemStatus = 0
[2025-05-20 17:52:42.564] [0m
[2025-05-20 17:52:42.814] [0;32mTMLUWB  :RX < :RECV                :62000023 C4AF0100 01000000 00FA0000 00010000 05000001 00000000 00080000 00000103 000103
[2025-05-20 17:52:42.814] [0m[0;34mAPP     :INFO :No User to r or w | SystemStatus = 0
[2025-05-20 17:52:42.814] [0m
[2025-05-20 17:52:43.067] [0;32mTMLUWB  :RX < :RECV                :62000023 C5AF0100 01000000 00FA0000 00010000 05000001 00000000 00080000 00000103 000103
[2025-05-20 17:52:43.067] [0m[0;34mAPP     :INFO :No User to r or w | SystemStatus = 0
[2025-05-20 17:52:43.067] [0m
[2025-05-20 17:52:43.308] [0;32mTMLUWB  :RX < :RECV                :62000023 C6AF0100 01000000 00FA0000 00010000 05000001 00000000 00080000 00000103 000103
[2025-05-20 17:52:43.308] [0m[0;34mAPP     :INFO :No User to r or w | SystemStatus = 0
[2025-05-20 17:52:43.308] [0m
[2025-05-20 17:52:43.570] [0;32mTMLUWB  :RX < :RECV                :62000023 C7AF0100 01000000 00FA0000 00010000 05000001 00000000 00080000 00000103 000103
[2025-05-20 17:52:43.571] [0m[0;34mAPP     :INFO :No User to r or w | SystemStatus = 0
[2025-05-20 17:52:43.571] [0m
[2025-05-20 17:52:43.808] [0;32mTMLUWB  :RX < :RECV                :62000023 C8AF0100 01000000 00FA0000 00010000 05000001 00000000 00080000 00000103 000103
[2025-05-20 17:52:43.810] [0m[0;34mAPP     :INFO :No User to r or w | SystemStatus = 0
[2025-05-20 17:52:43.810] [0m
[2025-05-20 17:52:44.058] [0;32mTMLUWB  :RX < :RECV                :62000023 C9AF0100 01000000 00FA0000 00010000 05000001 00000000 00080000 00000103 000103
[2025-05-20 17:52:44.058] [0m[0;34mAPP     :INFO :No User to r or w | SystemStatus = 0
[2025-05-20 17:52:44.058] [0m
[2025-05-20 17:52:44.330] [0;32mTMLUWB  :RX < :RECV                :62000023 CAAF0100 01000000 00FA0000 00010000 05000001 00000000 00080000 00000103 000103
[2025-05-20 17:52:44.333] [0m[0;34mAPP     :INFO :No User to r or w | SystemStatus = 0
[2025-05-20 17:52:44.334] [0m
