[2025-05-20 17:44:47.398] [0;32mTMLUWB  :RX < :RECV                :62000048 90A70100 01000000 00FA0000 00010000 05000001 00000000 01070900 006E0000 00640000 64000000 00000003 92000000 00000000 00000000 0E000000 00010300 01030000 00000000
[2025-05-20 17:44:47.398] [0m[0;34mAPP     :INFO :@@@ updateKeepAlive( ): User[1] 709 Keep alive = 79
[2025-05-20 17:44:47.398] [0m[0;34mAPP     :INFO :gCapSessionHandle!!!.
[2025-05-20 17:44:47.398] [0m[0;34mAPP     :INFO :@@@ gNumberOfUserinDTPCM = 2, pRangingData->no_of_measurements = 1,i=0
[2025-05-20 17:44:47.398] [0m[0;34mAPP     :INFO :Measure_NLOS = 0, Classification_NLOS =   0
[2025-05-20 17:44:47.398] [0m[0;34mAPP     :INFO :Conten_Distance_MasterAnchor_to_709=110
[2025-05-20 17:44:47.399] [0m[0;34mAPP     :INFO :Current User ( 709 ) status is : SystemStatus = 0 , DiscoverStatus = 4 , TransactionState = 4 , AuthenticationState = 9
[2025-05-20 17:44:47.399] [0mKF_predict(): Predicted value = 0, Measurement = 0
[2025-05-20 17:44:47.399] [0;34mAPP     :INFO :@@@ User Speed is :( 709 ) , 2 ,(cm/s)
[2025-05-20 17:44:47.399] [0m[0;34mAPP     :INFO :@ b = 110, c = 50, x = -48, y = 49
[2025-05-20 17:44:47.399] [0m[0;34mAPP     :INFO :@ a = 100, d = 100, m = 250, Gate = 100
[2025-05-20 17:44:47.399] [0m[0;34mAPP     :INFO :################################### into blue area...##################################################
[2025-05-20 17:44:47.399] [0m[0;34mAPP     :INFO :No User to r or w | SystemStatus = 0
[2025-05-20 17:44:47.399] [0m
[2025-05-20 17:44:47.639] [0;32mTMLUWB  :RX < :RECV                :62000048 91A70100 01000000 00FA0000 00010000 05000001 00000000 01070900 006D0000 00640000 64000000 00000003 91000000 00000000 00000000 0E000000 00010300 01030000 00000000
[2025-05-20 17:44:47.639] [0m[0;34mAPP     :INFO :@@@ updateKeepAlive( ): User[1] 709 Keep alive = 79
[2025-05-20 17:44:47.639] [0m[0;34mAPP     :INFO :gCapSessionHandle!!!.
[2025-05-20 17:44:47.639] [0m[0;34mAPP     :INFO :@@@ gNumberOfUserinDTPCM = 2, pRangingData->no_of_measurements = 1,i=0
[2025-05-20 17:44:47.639] [0m[0;34mAPP     :INFO :Measure_NLOS = 0, Classification_NLOS =   0
[2025-05-20 17:44:47.639] [0m[0;34mAPP     :INFO :Conten_Distance_MasterAnchor_to_709=109
[2025-05-20 17:44:47.639] [0m[0;34mAPP     :INFO :Current User ( 709 ) status is : SystemStatus = 0 , DiscoverStatus = 4 , TransactionState = 4 , AuthenticationState = 9
[2025-05-20 17:44:47.639] [0mKF_predict(): Predicted value = 0, Measurement = 0
[2025-05-20 17:44:47.639] [0;34mAPP     :INFO :@@@ User Speed is :( 709 ) , 1 ,(cm/s)
[2025-05-20 17:44:47.639] [0m[0;34mAPP     :INFO :@ b = 109, c = 50, x = -46, y = 51
[2025-05-20 17:44:47.640] [0m[0;34mAPP     :INFO :@ a = 100, d = 100, m = 250, Gate = 100
[2025-05-20 17:44:47.640] [0m[0;34mAPP     :INFO :################################### into blue area...##################################################
[2025-05-20 17:44:47.640] [0m[0;34mAPP     :INFO :No User to r or w | SystemStatus = 0
[2025-05-20 17:44:47.640] [0m
[2025-05-20 17:44:47.888] [0;32mTMLUWB  :RX < :RECV                :62000048 92A70100 01000000 00FA0000 00010000 05000001 00000000 01070900 006F0000 00640000 64000000 00000003 90000000 00000000 00000000 0E000000 00010300 01030000 00000000
[2025-05-20 17:44:47.888] [0m[0;34mAPP     :INFO :@@@ updateKeepAlive( ): User[1] 709 Keep alive = 79
[2025-05-20 17:44:47.888] [0m[0;34mAPP     :INFO :gCapSessionHandle!!!.
[2025-05-20 17:44:47.888] [0m[0;34mAPP     :INFO :@@@ gNumberOfUserinDTPCM = 2, pRangingData->no_of_measurements = 1,i=0
[2025-05-20 17:44:47.888] [0m[0;34mAPP     :INFO :Measure_NLOS = 0, Classification_NLOS =   0
[2025-05-20 17:44:47.890] [0m[0;34mAPP     :INFO :Conten_Distance_MasterAnchor_to_709=111
[2025-05-20 17:44:47.890] [0m[0;34mAPP     :INFO :Current User ( 709 ) status is : SystemStatus = 0 , DiscoverStatus = 4 , TransactionState = 4 , AuthenticationState = 9
[2025-05-20 17:44:47.890] [0mKF_predict(): Predicted value = 0, Measurement = 0
[2025-05-20 17:44:47.890] [0;34mAPP     :INFO :@@@ User Speed is :( 709 ) , 1 ,(cm/s)
[2025-05-20 17:44:47.890] [0m[0;34mAPP     :INFO :@ b = 111, c = 50, x = -49, y = 50
[2025-05-20 17:44:47.890] [0m[0;34mAPP     :INFO :@ a = 100, d = 100, m = 250, Gate = 100
[2025-05-20 17:44:47.890] [0m[0;34mAPP     :INFO :################################### into blue area...##################################################
[2025-05-20 17:44:47.890] [0m[0;34mAPP     :INFO :No User to r or w | SystemStatus = 0
[2025-05-20 17:44:47.890] [0m
[2025-05-20 17:44:48.140] [0;32mTMLUWB  :RX < :RECV                :62000048 93A70100 01000000 00FA0000 00010000 05000001 00000000 01070900 00710000 00640000 64000000 00000003 90000000 00000000 00000000 0E000000 00010300 01030000 00000000
[2025-05-20 17:44:48.140] [0m[0;34mAPP     :INFO :@@@ updateKeepAlive( ): User[1] 709 Keep alive = 79
[2025-05-20 17:44:48.140] [0m[0;34mAPP     :INFO :gCapSessionHandle!!!.
[2025-05-20 17:44:48.140] [0m[0;34mAPP     :INFO :@@@ gNumberOfUserinDTPCM = 2, pRangingData->no_of_measurements = 1,i=0
[2025-05-20 17:44:48.140] [0m[0;34mAPP     :INFO :Measure_NLOS = 0, Classification_NLOS =   0
[2025-05-20 17:44:48.140] [0m[0;34mAPP     :INFO :Conten_Distance_MasterAnchor_to_709=113
[2025-05-20 17:44:48.140] [0m[0;34mAPP     :INFO :Current User ( 709 ) status is : SystemStatus = 0 , DiscoverStatus = 4 , TransactionState = 4 , AuthenticationState = 9
[2025-05-20 17:44:48.140] [0mKF_predict(): Predicted value = 0, Measurement = 0
[2025-05-20 17:44:48.141] [0;34mAPP     :INFO :@@@ User Speed is :( 709 ) , 3 ,(cm/s)
[2025-05-20 17:44:48.141] [0m[0;34mAPP     :INFO :@ b = 113, c = 50, x = -51, y = 50
[2025-05-20 17:44:48.141] [0m[0;34mAPP     :INFO :@ a = 100, d = 100, m = 250, Gate = 100
[2025-05-20 17:44:48.141] [0m[0;34mAPP     :INFO :No User to r or w | SystemStatus = 0
[2025-05-20 17:44:48.141] [0m
[2025-05-20 17:44:48.365] [0;32mTMLUWB  :RX < :RECV                :62000048 94A70100 01000000 00FA0000 00010000 05000001 00000000 01070900 006F0000 00640000 64000000 00000003 90000000 00000000 00000000 0E000000 00010300 01030000 00000000
[2025-05-20 17:44:48.366] [0m[0;34mAPP     :INFO :@@@ updateKeepAlive( ): User[1] 709 Keep alive = 79
[2025-05-20 17:44:48.366] [0m[0;34mAPP     :INFO :gCapSessionHandle!!!.
[2025-05-20 17:44:48.366] [0m[0;34mAPP     :INFO :@@@ gNumberOfUserinDTPCM = 2, pRangingData->no_of_measurements = 1,i=0
[2025-05-20 17:44:48.366] [0m[0;34mAPP     :INFO :Measure_NLOS = 0, Classification_NLOS =   0
[2025-05-20 17:44:48.366] [0m[0;34mAPP     :INFO :Conten_Distance_MasterAnchor_to_709=111
[2025-05-20 17:44:48.366] [0m[0;34mAPP     :INFO :Current User ( 709 ) status is : SystemStatus = 0 , DiscoverStatus = 4 , TransactionState = 4 , AuthenticationState = 9
[2025-05-20 17:44:48.366] [0mKF_predict(): Predicted value = 0, Measurement = 0
[2025-05-20 17:44:48.366] [0;34mAPP     :INFO :@@@ User Speed is :( 709 ) , 3 ,(cm/s)
[2025-05-20 17:44:48.366] [0m[0;34mAPP     :INFO :@ b = 111, c = 50, x = -49, y = 50
[2025-05-20 17:44:48.366] [0m[0;34mAPP     :INFO :@ a = 100, d = 100, m = 250, Gate = 100
[2025-05-20 17:44:48.366] [0m[0;34mAPP     :INFO :################################### into blue area...##################################################
[2025-05-20 17:44:48.366] [0m[0;34mAPP     :INFO :No User to r or w | SystemStatus = 0
[2025-05-20 17:44:48.366] [0m
[2025-05-20 17:44:48.642] [0;32mTMLUWB  :RX < :RECV                :62000048 95A70100 01000000 00FA0000 00010000 05000001 00000000 01070900 006A0000 00640000 64000000 00000003 97000000 00000000 00000000 0E000000 00010300 01030000 00000000
[2025-05-20 17:44:48.642] [0m[0;34mAPP     :INFO :@@@ updateKeepAlive( ): User[1] 709 Keep alive = 79
[2025-05-20 17:44:48.643] [0m[0;34mAPP     :INFO :gCapSessionHandle!!!.
[2025-05-20 17:44:48.643] [0m[0;34mAPP     :INFO :@@@ gNumberOfUserinDTPCM = 2, pRangingData->no_of_measurements = 1,i=0
[2025-05-20 17:44:48.643] [0m[0;34mAPP     :INFO :Measure_NLOS = 0, Classification_NLOS =   0
[2025-05-20 17:44:48.643] [0m[0;34mAPP     :INFO :Conten_Distance_MasterAnchor_to_709=106
[2025-05-20 17:44:48.643] [0m[0;34mAPP     :INFO :Current User ( 709 ) status is : SystemStatus = 0 , DiscoverStatus = 4 , TransactionState = 4 , AuthenticationState = 9
[2025-05-20 17:44:48.643] [0mKF_predict(): Predicted value = 0, Measurement = 0
[2025-05-20 17:44:48.643] [0;34mAPP     :INFO :@@@ User Speed is :( 709 ) , 6 ,(cm/s)
[2025-05-20 17:44:48.643] [0m[0;34mAPP     :INFO :@ b = 106, c = 50, x = -43, y = 50
[2025-05-20 17:44:48.643] [0m[0;34mAPP     :INFO :@ a = 100, d = 100, m = 250, Gate = 100
[2025-05-20 17:44:48.644] [0m[0;34mAPP     :INFO :################################### into blue area...##################################################
[2025-05-20 17:44:48.644] [0m[0;34mAPP     :INFO :No User to r or w | SystemStatus = 0
[2025-05-20 17:44:48.644] [0m
[2025-05-20 17:44:48.890] [0;32mTMLUWB  :RX < :RECV                :62000048 96A70100 01000000 00FA0000 00010000 05000001 00000000 01070900 006E0000 00640000 64000000 00000003 8A000000 00000000 00000000 0E000000 00010300 01030000 00000000
[2025-05-20 17:44:48.890] [0m[0;34mAPP     :INFO :@@@ updateKeepAlive( ): User[1] 709 Keep alive = 79
[2025-05-20 17:44:48.890] [0m[0;34mAPP     :INFO :gCapSessionHandle!!!.
[2025-05-20 17:44:48.890] [0m[0;34mAPP     :INFO :@@@ gNumberOfUserinDTPCM = 2, pRangingData->no_of_measurements = 1,i=0
[2025-05-20 17:44:48.890] [0m[0;34mAPP     :INFO :Measure_NLOS = 0, Classification_NLOS =   0
[2025-05-20 17:44:48.890] [0m[0;34mAPP     :INFO :Conten_Distance_MasterAnchor_to_709=110
[2025-05-20 17:44:48.890] [0m[0;34mAPP     :INFO :Current User ( 709 ) status is : SystemStatus = 0 , DiscoverStatus = 4 , TransactionState = 4 , AuthenticationState = 9
[2025-05-20 17:44:48.890] [0mKF_predict(): Predicted value = 0, Measurement = 0
[2025-05-20 17:44:48.890] [0;34mAPP     :INFO :@@@ User Speed is :( 709 ) , 3 ,(cm/s)
[2025-05-20 17:44:48.890] [0m[0;34mAPP     :INFO :@ b = 110, c = 50, x = -48, y = 49
[2025-05-20 17:44:48.890] [0m[0;34mAPP     :INFO :@ a = 100, d = 100, m = 250, Gate = 100
[2025-05-20 17:44:48.890] [0m[0;34mAPP     :INFO :################################### into blue area...##################################################
[2025-05-20 17:44:48.890] [0m[0;34mAPP     :INFO :No User to r or w | SystemStatus = 0
[2025-05-20 17:44:48.890] [0m
[2025-05-20 17:44:49.139] [0;32mTMLUWB  :RX < :RECV                :62000048 97A70100 01000000 00FA0000 00010000 05000001 00000000 01070900 00700000 00640000 64000000 00000003 8B000000 00000000 00000000 0E000000 00010300 01030000 00000000
[2025-05-20 17:44:49.139] [0m[0;34mAPP     :INFO :@@@ updateKeepAlive( ): User[1] 709 Keep alive = 79
[2025-05-20 17:44:49.140] [0m[0;34mAPP     :INFO :gCapSessionHandle!!!.
[2025-05-20 17:44:49.140] [0m[0;34mAPP     :INFO :@@@ gNumberOfUserinDTPCM = 2, pRangingData->no_of_measurements = 1,i=0
[2025-05-20 17:44:49.140] [0m[0;34mAPP     :INFO :Measure_NLOS = 0, Classification_NLOS =   0
[2025-05-20 17:44:49.140] [0m[0;34mAPP     :INFO :Conten_Distance_MasterAnchor_to_709=112
[2025-05-20 17:44:49.140] [0m[0;34mAPP     :INFO :Current User ( 709 ) status is : SystemStatus = 0 , DiscoverStatus = 4 , TransactionState = 4 , AuthenticationState = 9
[2025-05-20 17:44:49.140] [0mKF_predict(): Predicted value = 0, Measurement = 0
[2025-05-20 17:44:49.140] [0;34mAPP     :INFO :@@@ User Speed is :( 709 ) , 1 ,(cm/s)
[2025-05-20 17:44:49.140] [0m[0;34mAPP     :INFO :@ b = 112, c = 50, x = -50, y = 50
[2025-05-20 17:44:49.140] [0m[0;34mAPP     :INFO :@ a = 100, d = 100, m = 250, Gate = 100
[2025-05-20 17:44:49.140] [0m[0;34mAPP     :INFO :No User to r or w | SystemStatus = 0
[2025-05-20 17:44:49.140] [0m
[2025-05-20 17:44:49.366] [0;32mTMLUWB  :RX < :RECV                :62000048 98A70100 01000000 00FA0000 00010000 05000001 00000000 01070900 00710000 00640000 64000000 00000003 8A000000 00000000 00000000 0E000000 00010300 01030000 00000000
[2025-05-20 17:44:49.366] [0m[0;34mAPP     :INFO :@@@ updateKeepAlive( ): User[1] 709 Keep alive = 79
[2025-05-20 17:44:49.366] [0m[0;34mAPP     :INFO :gCapSessionHandle!!!.
[2025-05-20 17:44:49.366] [0m[0;34mAPP     :INFO :@@@ gNumberOfUserinDTPCM = 2, pRangingData->no_of_measurements = 1,i=0
[2025-05-20 17:44:49.367] [0m[0;34mAPP     :INFO :Measure_NLOS = 0, Classification_NLOS =   0
[2025-05-20 17:44:49.367] [0m[0;34mAPP     :INFO :Conten_Distance_MasterAnchor_to_709=113
[2025-05-20 17:44:49.367] [0m[0;34mAPP     :INFO :Current User ( 709 ) status is : SystemStatus = 0 , DiscoverStatus = 4 , TransactionState = 4 , AuthenticationState = 9
[2025-05-20 17:44:49.367] [0mKF_predict(): Predicted value = 0, Measurement = 0
[2025-05-20 17:44:49.367] [0;34mAPP     :INFO :@@@ User Speed is :( 709 ) , 8 ,(cm/s)
[2025-05-20 17:44:49.367] [0m[0;34mAPP     :INFO :@ b = 113, c = 50, x = -51, y = 50
[2025-05-20 17:44:49.367] [0m[0;34mAPP     :INFO :@ a = 100, d = 100, m = 250, Gate = 100
[2025-05-20 17:44:49.367] [0m[0;34mAPP     :INFO :No User to r or w | SystemStatus = 0
[2025-05-20 17:44:49.367] [0m
[2025-05-20 17:44:49.618] [0;32mTMLUWB  :RX < :RECV                :62000048 99A70100 01000000 00FA0000 00010000 05000001 00000000 01070900 00710000 00640000 64000000 00000003 8B000000 00000000 00000000 0E000000 00010300 01030000 00000000
[2025-05-20 17:44:49.618] [0m[0;34mAPP     :INFO :@@@ updateKeepAlive( ): User[1] 709 Keep alive = 79
[2025-05-20 17:44:49.618] [0m[0;34mAPP     :INFO :gCapSessionHandle!!!.
[2025-05-20 17:44:49.618] [0m[0;34mAPP     :INFO :@@@ gNumberOfUserinDTPCM = 2, pRangingData->no_of_measurements = 1,i=0
[2025-05-20 17:44:49.618] [0m[0;34mAPP     :INFO :Measure_NLOS = 0, Classification_NLOS =   0
[2025-05-20 17:44:49.618] [0m[0;34mAPP     :INFO :Conten_Distance_MasterAnchor_to_709=113
[2025-05-20 17:44:49.619] [0m[0;34mAPP     :INFO :Current User ( 709 ) status is : SystemStatus = 0 , DiscoverStatus = 4 , TransactionState = 4 , AuthenticationState = 9
[2025-05-20 17:44:49.619] [0mKF_predict(): Predicted value = 0, Measurement = 0
[2025-05-20 17:44:49.619] [0;34mAPP     :INFO :@@@ User Speed is :( 709 ) , 3 ,(cm/s)
[2025-05-20 17:44:49.619] [0m[0;34mAPP     :INFO :@ b = 113, c = 50, x = -51, y = 50
[2025-05-20 17:44:49.619] [0m[0;34mAPP     :INFO :@ a = 100, d = 100, m = 250, Gate = 100
[2025-05-20 17:44:49.619] [0m[0;34mAPP     :INFO :No User to r or w | SystemStatus = 0
[2025-05-20 17:44:49.619] [0m
[2025-05-20 17:44:49.894] [0;32mTMLUWB  :RX < :RECV                :62000048 9AA70100 01000000 00FA0000 00010000 05000001 00000000 01070900 00720000 00640000 64000000 00000003 8A000000 00000000 00000000 0E000000 00010300 01030000 00000000
[2025-05-20 17:44:49.894] [0m[0;34mAPP     :INFO :@@@ updateKeepAlive( ): User[1] 709 Keep alive = 79
[2025-05-20 17:44:49.894] [0m[0;34mAPP     :INFO :gCapSessionHandle!!!.
[2025-05-20 17:44:49.894] [0m[0;34mAPP     :INFO :@@@ gNumberOfUserinDTPCM = 2, pRangingData->no_of_measurements = 1,i=0
[2025-05-20 17:44:49.894] [0m[0;34mAPP     :INFO :Measure_NLOS = 0, Classification_NLOS =   0
[2025-05-20 17:44:49.894] [0m[0;34mAPP     :INFO :Conten_Distance_MasterAnchor_to_709=114
[2025-05-20 17:44:49.894] [0m[0;34mAPP     :INFO :Current User ( 709 ) status is : SystemStatus = 0 , DiscoverStatus = 4 , TransactionState = 4 , AuthenticationState = 9
[2025-05-20 17:44:49.894] [0mKF_predict(): Predicted value = 0, Measurement = 0
[2025-05-20 17:44:49.894] [0;34mAPP     :INFO :@@@ User Speed is :( 709 ) , 2 ,(cm/s)
[2025-05-20 17:44:49.894] [0m[0;34mAPP     :INFO :@ b = 114, c = 50, x = -52, y = 50
[2025-05-20 17:44:49.894] [0m[0;34mAPP     :INFO :@ a = 100, d = 100, m = 250, Gate = 100
[2025-05-20 17:44:49.894] [0m[0;34mAPP     :INFO :No User to r or w | SystemStatus = 0
[2025-05-20 17:44:49.895] [0m
[2025-05-20 17:44:50.116] [0;32mTMLUWB  :RX < :RECV                :62000048 9BA70100 01000000 00FA0000 00010000 05000001 00000000 01070900 00700000 00640000 64000000 00000003 8A000000 00000000 00000000 0E000000 00010300 01030000 00000000
[2025-05-20 17:44:50.116] [0m[0;34mAPP     :INFO :@@@ updateKeepAlive( ): User[1] 709 Keep alive = 79
[2025-05-20 17:44:50.116] [0m[0;34mAPP     :INFO :gCapSessionHandle!!!.
[2025-05-20 17:44:50.116] [0m[0;34mAPP     :INFO :@@@ gNumberOfUserinDTPCM = 2, pRangingData->no_of_measurements = 1,i=0
[2025-05-20 17:44:50.116] [0m[0;34mAPP     :INFO :Measure_NLOS = 0, Classification_NLOS =   0
[2025-05-20 17:44:50.116] [0m[0;34mAPP     :INFO :Conten_Distance_MasterAnchor_to_709=112
[2025-05-20 17:44:50.116] [0m[0;34mAPP     :INFO :Current User ( 709 ) status is : SystemStatus = 0 , DiscoverStatus = 4 , TransactionState = 4 , AuthenticationState = 9
[2025-05-20 17:44:50.116] [0mKF_predict(): Predicted value = 0, Measurement = 0
[2025-05-20 17:44:50.116] [0;34mAPP     :INFO :@@@ User Speed is :( 709 ) , 1 ,(cm/s)
[2025-05-20 17:44:50.116] [0m[0;34mAPP     :INFO :@ b = 112, c = 50, x = -50, y = 50
[2025-05-20 17:44:50.116] [0m[0;34mAPP     :INFO :@ a = 100, d = 100, m = 250, Gate = 100
[2025-05-20 17:44:50.116] [0m[0;34mAPP     :INFO :No User to r or w | SystemStatus = 0
[2025-05-20 17:44:50.116] [0m
[2025-05-20 17:44:50.363] [0;32mTMLUWB  :RX < :RECV                :62000048 9CA70100 01000000 00FA0000 00010000 05000001 00000000 01070900 006F0000 00640000 64000000 00000003 8B000000 00000000 00000000 0E000000 00010300 01030000 00000000
[2025-05-20 17:44:50.364] [0m[0;34mAPP     :INFO :@@@ updateKeepAlive( ): User[1] 709 Keep alive = 79
[2025-05-20 17:44:50.364] [0m[0;34mAPP     :INFO :gCapSessionHandle!!!.
[2025-05-20 17:44:50.364] [0m[0;34mAPP     :INFO :@@@ gNumberOfUserinDTPCM = 2, pRangingData->no_of_measurements = 1,i=0
[2025-05-20 17:44:50.364] [0m[0;34mAPP     :INFO :Measure_NLOS = 0, Classification_NLOS =   0
[2025-05-20 17:44:50.364] [0m[0;34mAPP     :INFO :Conten_Distance_MasterAnchor_to_709=111
[2025-05-20 17:44:50.364] [0m[0;34mAPP     :INFO :Current User ( 709 ) status is : SystemStatus = 0 , DiscoverStatus = 4 , TransactionState = 4 , AuthenticationState = 9
[2025-05-20 17:44:50.364] [0mKF_predict(): Predicted value = 0, Measurement = 0
[2025-05-20 17:44:50.364] [0;34mAPP     :INFO :@@@ User Speed is :( 709 ) , 2 ,(cm/s)
[2025-05-20 17:44:50.364] [0m[0;34mAPP     :INFO :@ b = 111, c = 50, x = -49, y = 50
[2025-05-20 17:44:50.364] [0m[0;34mAPP     :INFO :@ a = 100, d = 100, m = 250, Gate = 100
[2025-05-20 17:44:50.364] [0m[0;34mAPP     :INFO :################################### into blue area...##################################################
[2025-05-20 17:44:50.364] [0m[0;34mAPP     :INFO :No User to r or w | SystemStatus = 0
[2025-05-20 17:44:50.364] [0m
[2025-05-20 17:44:50.644] [0;32mTMLUWB  :RX < :RECV                :62000048 9DA70100 01000000 00FA0000 00010000 05000001 00000000 01070900 00700000 00640000 64000000 00000003 8A000000 00000000 00000000 0E000000 00010300 01030000 00000000
[2025-05-20 17:44:50.644] [0m[0;34mAPP     :INFO :@@@ updateKeepAlive( ): User[1] 709 Keep alive = 79
[2025-05-20 17:44:50.644] [0m[0;34mAPP     :INFO :gCapSessionHandle!!!.
[2025-05-20 17:44:50.644] [0m[0;34mAPP     :INFO :@@@ gNumberOfUserinDTPCM = 2, pRangingData->no_of_measurements = 1,i=0
[2025-05-20 17:44:50.644] [0m[0;34mAPP     :INFO :Measure_NLOS = 0, Classification_NLOS =   0
[2025-05-20 17:44:50.644] [0m[0;34mAPP     :INFO :Conten_Distance_MasterAnchor_to_709=112
[2025-05-20 17:44:50.644] [0m[0;34mAPP     :INFO :Current User ( 709 ) status is : SystemStatus = 0 , DiscoverStatus = 4 , TransactionState = 4 , AuthenticationState = 9
[2025-05-20 17:44:50.645] [0mKF_predict(): Predicted value = 0, Measurement = 0
[2025-05-20 17:44:50.645] [0;34mAPP     :INFO :@@@ User Speed is :( 709 ) , 2 ,(cm/s)
[2025-05-20 17:44:50.645] [0m[0;34mAPP     :INFO :@ b = 112, c = 50, x = -50, y = 50
[2025-05-20 17:44:50.645] [0m[0;34mAPP     :INFO :@ a = 100, d = 100, m = 250, Gate = 100
[2025-05-20 17:44:50.645] [0m[0;34mAPP     :INFO :No User to r or w | SystemStatus = 0
[2025-05-20 17:44:50.645] [0m
[2025-05-20 17:44:50.869] [0;32mTMLUWB  :RX < :RECV                :62000048 9EA70100 01000000 00FA0000 00010000 05000001 00000000 01070900 00720000 00640000 64000000 00000003 8D000000 00000000 00000000 0E000000 00010300 01030000 00000000
[2025-05-20 17:44:50.869] [0m[0;34mAPP     :INFO :@@@ updateKeepAlive( ): User[1] 709 Keep alive = 79
[2025-05-20 17:44:50.869] [0m[0;34mAPP     :INFO :gCapSessionHandle!!!.
[2025-05-20 17:44:50.869] [0m[0;34mAPP     :INFO :@@@ gNumberOfUserinDTPCM = 2, pRangingData->no_of_measurements = 1,i=0
[2025-05-20 17:44:50.869] [0m[0;34mAPP     :INFO :Measure_NLOS = 0, Classification_NLOS =   0
[2025-05-20 17:44:50.869] [0m[0;34mAPP     :INFO :Conten_Distance_MasterAnchor_to_709=114
[2025-05-20 17:44:50.869] [0m[0;34mAPP     :INFO :Current User ( 709 ) status is : SystemStatus = 0 , DiscoverStatus = 4 , TransactionState = 4 , AuthenticationState = 9
[2025-05-20 17:44:50.869] [0mKF_predict(): Predicted value = 0, Measurement = 0
[2025-05-20 17:44:50.870] [0;34mAPP     :INFO :@@@ User Speed is :( 709 ) , 2 ,(cm/s)
[2025-05-20 17:44:50.870] [0m[0;34mAPP     :INFO :@ b = 114, c = 50, x = -52, y = 50
[2025-05-20 17:44:50.870] [0m[0;34mAPP     :INFO :@ a = 100, d = 100, m = 250, Gate = 100
[2025-05-20 17:44:50.870] [0m[0;34mAPP     :INFO :No User to r or w | SystemStatus = 0
[2025-05-20 17:44:50.870] [0m
[2025-05-20 17:44:51.114] [0;32mTMLUWB  :RX < :RECV                :62000048 9FA70100 01000000 00FA0000 00010000 05000001 00000000 01070900 00700000 00640000 64000000 00000003 8E000000 00000000 00000000 0E000000 00010300 01030000 00000000
[2025-05-20 17:44:51.114] [0m[0;34mAPP     :INFO :@@@ updateKeepAlive( ): User[1] 709 Keep alive = 79
[2025-05-20 17:44:51.114] [0m[0;34mAPP     :INFO :gCapSessionHandle!!!.
[2025-05-20 17:44:51.114] [0m[0;34mAPP     :INFO :@@@ gNumberOfUserinDTPCM = 2, pRangingData->no_of_measurements = 1,i=0
[2025-05-20 17:44:51.114] [0m[0;34mAPP     :INFO :Measure_NLOS = 0, Classification_NLOS =   0
[2025-05-20 17:44:51.114] [0m[0;34mAPP     :INFO :Conten_Distance_MasterAnchor_to_709=112
[2025-05-20 17:44:51.114] [0m[0;34mAPP     :INFO :Current User ( 709 ) status is : SystemStatus = 0 , DiscoverStatus = 4 , TransactionState = 4 , AuthenticationState = 9
[2025-05-20 17:44:51.114] [0mKF_predict(): Predicted value = 0, Measurement = 0
[2025-05-20 17:44:51.114] [0;34mAPP     :INFO :@@@ User Speed is :( 709 ) , 1 ,(cm/s)
[2025-05-20 17:44:51.114] [0m[0;34mAPP     :INFO :@ b = 112, c = 50, x = -50, y = 50
[2025-05-20 17:44:51.116] [0m[0;34mAPP     :INFO :@ a = 100, d = 100, m = 250, Gate = 100
[2025-05-20 17:44:51.116] [0m[0;34mAPP     :INFO :No User to r or w | SystemStatus = 0
[2025-05-20 17:44:51.116] [0m
[2025-05-20 17:44:51.396] [0;32mTMLUWB  :RX < :RECV                :62000048 A0A70100 01000000 00FA0000 00010000 05000001 00000000 01070900 006F0000 00640000 64000000 00000003 8D000000 00000000 00000000 0E000000 00010300 01030000 00000000
[2025-05-20 17:44:51.397] [0m[0;34mAPP     :INFO :@@@ updateKeepAlive( ): User[1] 709 Keep alive = 79
[2025-05-20 17:44:51.397] [0m[0;34mAPP     :INFO :gCapSessionHandle!!!.
[2025-05-20 17:44:51.397] [0m[0;34mAPP     :INFO :@@@ gNumberOfUserinDTPCM = 2, pRangingData->no_of_measurements = 1,i=0
[2025-05-20 17:44:51.397] [0m[0;34mAPP     :INFO :Measure_NLOS = 0, Classification_NLOS =   0
[2025-05-20 17:44:51.397] [0m[0;34mAPP     :INFO :Conten_Distance_MasterAnchor_to_709=111
[2025-05-20 17:44:51.397] [0m[0;34mAPP     :INFO :Current User ( 709 ) status is : SystemStatus = 0 , DiscoverStatus = 4 , TransactionState = 4 , AuthenticationState = 9
[2025-05-20 17:44:51.397] [0mKF_predict(): Predicted value = 0, Measurement = 0
[2025-05-20 17:44:51.397] [0;34mAPP     :INFO :@@@ User Speed is :( 709 ) , 1 ,(cm/s)
[2025-05-20 17:44:51.397] [0m[0;34mAPP     :INFO :@ b = 111, c = 50, x = -49, y = 50
[2025-05-20 17:44:51.397] [0m[0;34mAPP     :INFO :@ a = 100, d = 100, m = 250, Gate = 100
[2025-05-20 17:44:51.398] [0m[0;34mAPP     :INFO :################################### into blue area...##################################################
[2025-05-20 17:44:51.398] [0m[0;34mAPP     :INFO :No User to r or w | SystemStatus = 0
[2025-05-20 17:44:51.398] [0m
[2025-05-20 17:44:51.637] [0;32mTMLUWB  :RX < :RECV                :62000048 A1A70100 01000000 00FA0000 00010000 05000001 00000000 01070900 00700000 00640000 64000000 00000003 8F000000 00000000 00000000 0E000000 00010300 01030000 00000000
[2025-05-20 17:44:51.637] [0m[0;34mAPP     :INFO :@@@ updateKeepAlive( ): User[1] 709 Keep alive = 79
[2025-05-20 17:44:51.637] [0m[0;34mAPP     :INFO :gCapSessionHandle!!!.
[2025-05-20 17:44:51.637] [0m[0;34mAPP     :INFO :@@@ gNumberOfUserinDTPCM = 2, pRangingData->no_of_measurements = 1,i=0
[2025-05-20 17:44:51.637] [0m[0;34mAPP     :INFO :Measure_NLOS = 0, Classification_NLOS =   0
[2025-05-20 17:44:51.637] [0m[0;34mAPP     :INFO :Conten_Distance_MasterAnchor_to_709=112
[2025-05-20 17:44:51.637] [0m[0;34mAPP     :INFO :Current User ( 709 ) status is : SystemStatus = 0 , DiscoverStatus = 4 , TransactionState = 4 , AuthenticationState = 9
[2025-05-20 17:44:51.637] [0mKF_predict(): Predicted value = 0, Measurement = 0
[2025-05-20 17:44:51.637] [0;34mAPP     :INFO :@@@ User Speed is :( 709 ) , 2 ,(cm/s)
[2025-05-20 17:44:51.637] [0m[0;34mAPP     :INFO :@ b = 112, c = 50, x = -50, y = 50
[2025-05-20 17:44:51.637] [0m[0;34mAPP     :INFO :@ a = 100, d = 100, m = 250, Gate = 100
[2025-05-20 17:44:51.637] [0m[0;34mAPP     :INFO :No User to r or w | SystemStatus = 0
[2025-05-20 17:44:51.637] [0m
[2025-05-20 17:44:51.862] [0;32mTMLUWB  :RX < :RECV                :62000048 A2A70100 01000000 00FA0000 00010000 05000001 00000000 01070900 00700000 00640000 64000000 00000003 8D000000 00000000 00000000 0E000000 00010300 01030000 00000000
[2025-05-20 17:44:51.862] [0m[0;34mAPP     :INFO :@@@ updateKeepAlive( ): User[1] 709 Keep alive = 79
[2025-05-20 17:44:51.862] [0m[0;34mAPP     :INFO :gCapSessionHandle!!!.
[2025-05-20 17:44:51.862] [0m[0;34mAPP     :INFO :@@@ gNumberOfUserinDTPCM = 2, pRangingData->no_of_measurements = 1,i=0
[2025-05-20 17:44:51.862] [0m[0;34mAPP     :INFO :Measure_NLOS = 0, Classification_NLOS =   0
[2025-05-20 17:44:51.863] [0m[0;34mAPP     :INFO :Conten_Distance_MasterAnchor_to_709=112
[2025-05-20 17:44:51.863] [0m[0;34mAPP     :INFO :Current User ( 709 ) status is : SystemStatus = 0 , DiscoverStatus = 4 , TransactionState = 4 , AuthenticationState = 9
[2025-05-20 17:44:51.863] [0mKF_predict(): Predicted value = 0, Measurement = 0
[2025-05-20 17:44:51.863] [0;34mAPP     :INFO :@@@ User Speed is :( 709 ) , 0 ,(cm/s)
[2025-05-20 17:44:51.863] [0m[0;34mAPP     :INFO :@ b = 112, c = 50, x = -50, y = 50
[2025-05-20 17:44:51.863] [0m[0;34mAPP     :INFO :@ a = 100, d = 100, m = 250, Gate = 100
[2025-05-20 17:44:51.863] [0m[0;34mAPP     :INFO :No User to r or w | SystemStatus = 0
[2025-05-20 17:44:51.863] [0m
[2025-05-20 17:44:52.111] [0;32mTMLUWB  :RX < :RECV                :62000048 A3A70100 01000000 00FA0000 00010000 05000001 00000000 01070900 006F0000 00640000 64000000 00000003 91000000 00000000 00000000 0E000000 00010300 01030000 00000000
[2025-05-20 17:44:52.111] [0m[0;34mAPP     :INFO :@@@ updateKeepAlive( ): User[1] 709 Keep alive = 79
[2025-05-20 17:44:52.111] [0m[0;34mAPP     :INFO :gCapSessionHandle!!!.
[2025-05-20 17:44:52.111] [0m[0;34mAPP     :INFO :@@@ gNumberOfUserinDTPCM = 2, pRangingData->no_of_measurements = 1,i=0
[2025-05-20 17:44:52.111] [0m[0;34mAPP     :INFO :Measure_NLOS = 0, Classification_NLOS =   0
[2025-05-20 17:44:52.111] [0m[0;34mAPP     :INFO :Conten_Distance_MasterAnchor_to_709=111
[2025-05-20 17:44:52.112] [0m[0;34mAPP     :INFO :Current User ( 709 ) status is : SystemStatus = 0 , DiscoverStatus = 4 , TransactionState = 4 , AuthenticationState = 9
[2025-05-20 17:44:52.112] [0mKF_predict(): Predicted value = 0, Measurement = 0
[2025-05-20 17:44:52.112] [0;34mAPP     :INFO :@@@ User Speed is :( 709 ) , 0 ,(cm/s)
[2025-05-20 17:44:52.112] [0m[0;34mAPP     :INFO :@ b = 111, c = 50, x = -49, y = 50
[2025-05-20 17:44:52.112] [0m[0;34mAPP     :INFO :@ a = 100, d = 100, m = 250, Gate = 100
[2025-05-20 17:44:52.112] [0m[0;34mAPP     :INFO :################################### into blue area...##################################################
[2025-05-20 17:44:52.113] [0m[0;34mAPP     :INFO :No User to r or w | SystemStatus = 0
[2025-05-20 17:44:52.113] [0m
