[2025-08-15 10:31:24.945] [0;32mTMLUWB  :RX < :RECV                :02001300 02000002 00AAAA00 00000000 00980002 000105
[2025-08-15 10:31:24.945] [0m[0;32mTMLUWB  :RX < :RECV                :62000023 B3050000 01000000 00FA0000 00010000 04000001 00000000 00080000 00000103 000103
[2025-08-15 10:31:24.945] [0m[0;34mAPP     :INFO :No User to r or w | SystemStatus = 0
[2025-08-15 10:31:24.945] [0m
[2025-08-15 10:31:25.196] [0;32mTMLUWB  :RX < :RECV                :02001300 02000002 00AAAA00 00000000 00990002 000105
[2025-08-15 10:31:25.196] [0m[0;32mTMLUWB  :RX < :RECV                :62000023 B4050000 01000000 00FA0000 00010000 04000001 00000000 00080000 00000103 000103
[2025-08-15 10:31:25.196] [0m[0;34mAPP     :INFO :No User to r or w | SystemStatus = 0
[2025-08-15 10:31:25.196] [0m
[2025-08-15 10:31:25.446] [0;32mTMLUWB  :RX < :RECV                :02001300 02000002 00AAAA00 00000000 009A0002 000105
[2025-08-15 10:31:25.446] [0m[0;32mTMLUWB  :RX < :RECV                :62000023 B5050000 01000000 00FA0000 00010000 04000001 00000000 00080000 00000103 000103
[2025-08-15 10:31:25.446] [0m[0;34mAPP     :INFO :No User to r or w | SystemStatus = 0
[2025-08-15 10:31:25.446] [0m
[2025-08-15 10:31:25.696] [0;32mTMLUWB  :RX < :RECV                :02001300 02000002 00AAAA00 00000000 009B0002 000105
[2025-08-15 10:31:25.696] [0m[0;32mTMLUWB  :RX < :RECV                :62000023 B6050000 01000000 00FA0000 00010000 04000001 00000000 00080000 00000103 000103
[2025-08-15 10:31:25.696] [0m[0;34mAPP     :INFO :No User to r or w | SystemStatus = 0
[2025-08-15 10:31:25.696] [0m
[2025-08-15 10:31:25.944] [0;32mTMLUWB  :RX < :RECV                :02001300 02000002 00AAAA00 00000000 009C0002 000105
[2025-08-15 10:31:25.944] [0m[0;32mTMLUWB  :RX < :RECV                :62000023 B7050000 01000000 00FA0000 00010000 04000001 00000000 00080000 00000103 000103
[2025-08-15 10:31:25.944] [0m[0;34mAPP     :INFO :No User to r or w | SystemStatus = 0
[2025-08-15 10:31:25.944] [0m
[2025-08-15 10:31:26.193] [0;32mTMLUWB  :RX < :RECV                :02001300 02000002 00AAAA00 00000000 009D0002 000105
[2025-08-15 10:31:26.194] [0m[0;32mTMLUWB  :RX < :RECV                :62000023 B8050000 01000000 00FA0000 00010000 04000001 00000000 00080000 00000103 000103
[2025-08-15 10:31:26.194] [0m[0;34mAPP     :INFO :No User to r or w | SystemStatus = 0
[2025-08-15 10:31:26.194] [0m
[2025-08-15 10:31:26.442] [0;32mTMLUWB  :RX < :RECV                :02001300 02000002 00AAAA00 00000000 009E0002 000105
[2025-08-15 10:31:26.442] [0m[0;32mTMLUWB  :RX < :RECV                :62000023 B9050000 01000000 00FA0000 00010000 04000001 00000000 00080000 00000103 000103
[2025-08-15 10:31:26.443] [0m[0;34mAPP     :INFO :No User to r or w | SystemStatus = 0
[2025-08-15 10:31:26.443] [0m
