[2025-04-22 16:14:46.760] | 0BBBB00 00000000 00A70006 000505CA 2F5200
[2025-04-22 16:14:46.769] | [0m[0;34mAPP     :INFO :data_size                             : 6
[2025-04-22 16:14:46.772] | [0m[0;32mTMLUWB  :RX < :RECV                :62050008 03000002 00000101
[2025-04-22 16:14:46.775] | [0m[0;32mTMLUWB  :RX < :RECV                :62040005 03000002 01
[2025-04-22 16:14:46.778] | [0m[0;34mAPP     :INFO :Send data to SE :   :04130000 A404000E 32504159 2E535953 2E444446 30310D00 00A40400 08A00000 06320101 05050000 B095001C 11008050 03020B01 00000001 04090001 00010F
[2025-04-22 16:14:46.780] | [0m[0;34mAPP     :INFO :common_start_quick_timer enter: timeout: 100 ms
[2025-04-22 16:14:46.784] | [0m
[2025-04-22 16:14:46.806] | [0;34mAPP     :INFO :Packet Size = 6
[2025-04-22 16:14:46.808] | [0m[0;34mAPP     :INFO :gMrmSessionHandle!!!
[2025-04-22 16:14:46.810] | [0m[0;34mAPP     :INFO :Conten_Distance_SlaveAnchor[BBBB]_to_CA2F=82
[2025-04-22 16:14:46.814] | [0m{"@POSITION": 1, "Master": 95, "Slave": 82, "Gate": 100, "nLos": 1, "idx": 0, "LiftDeep": 0, "RedAreaH": 0, "BlueAreaH": 250, "Speed":3, "User-X":-13, "User-Y":71, "User-Z":0,"Auth":9, "Trans":2}
[2025-04-22 16:14:46.947] | [0;32mTMLUWB  :RX < :RECV                :62000048 022A0000 01000000 00FA0000 00010000 05000001 00000000 01CA2F00 01610000 00640000 64000000 00000003 9D000000 00000000 00000000 0E000000 00010300 01030000 00000000
[2025-04-22 16:14:46.952] | [0m[0;34mAPP     :INFO :TWR[0].distance                                  : 97
[2025-04-22 16:14:46.955] | [0m[0;34mAPP     :INFO :@@@ updateKeepAlive( ): User[1] Keep alive for CA2F = 39
[2025-04-22 16:14:46.959] | [0m[0;34mAPP     :INFO :gCapSessionHandle!!!.
[2025-04-22 16:14:46.960] | [0m[0;34mAPP     :INFO :@@@ gNumberOfUserinDTPCM = 2, pRangingData->no_of_measurements = 1,i=0
[2025-04-22 16:14:46.963] | [0mKF_classify( ):  Predict_NLOS =   1.000, E_est =   0.03094, K =   0.08840,Measure_NLOS = 1, Classification_NLOS =   1
[2025-04-22 16:14:46.966] | [0;34mAPP     :INFO :@@@ nLos_bais = 35
[2025-04-22 16:14:46.968] | [0m[0;34mAPP     :INFO :Conten_Distance_MasterAnchor_to_CA2F=97
[2025-04-22 16:14:46.970] | [0m[0;34mAPP     :INFO :Current User ( ca2f ) status is : SystemStatus = 1 , DiscoverStatus = 4 , TransactionState = 2 , AuthenticationState = 9
[2025-04-22 16:14:46.974] | [0mKF_predict(): Predicted value = 0, Measurement = 0
[2025-04-22 16:14:46.976] | [0;34mAPP     :INFO :@@@ User Speed is :( ca2f ) , 2 ,(cm/s)
[2025-04-22 16:14:46.979] | [0m[0;34mAPP     :INFO :@@@ User nLos is 1 , the red area and blue area Radius will be expanded 35cm
[2025-04-22 16:14:46.981] | [0m[0;34mAPP     :INFO :@ b = 97, c = 82, x = -13, y = 73
[2025-04-22 16:14:46.983] | [0m[0;34mAPP     :INFO :@ a = 100, d = 135, m = 285, Gate = 100
[2025-04-22 16:14:46.985] | [0m[0;34mAPP     :INFO :################################### into blue area...##################################################
[2025-04-22 16:14:46.988] | [0m[0;34mAPP     :INFO :System already busy (SystemStatus =1) or not in triangle field , waiting transaction
[2025-04-22 16:14:46.992] | [0m[0;34mAPP     :INFO :No User to r or w | SystemStatus = 1
[2025-04-22 16:14:46.993] | [0m
[2025-04-22 16:14:46.995] | [0;32mTMLUWB  :RX < :RECV                :02001700 02000002 00BBBB00 00000000 00A80006 000505CA 2F5200
[2025-04-22 16:14:46.999] | [0m[0;34mAPP     :INFO :data_size                             : 6
[2025-04-22 16:14:47.001] | [0m[0;34mAPP     :INFO :Packet Size = 6
[2025-04-22 16:14:47.003] | [0m[0;34mAPP     :INFO :gMrmSessionHandle!!!
[2025-04-22 16:14:47.005] | [0m[0;34mAPP     :INFO :Conten_Distance_SlaveAnchor[BBBB]_to_CA2F=82
[2025-04-22 16:14:47.008] | [0m{"@POSITION": 1, "Master": 97, "Slave": 82, "Gate": 100, "nLos": 1, "idx": 0, "LiftDeep": 0, "RedAreaH": 0, "BlueAreaH": 250, "Speed":2, "User-X":-13, "User-Y":73, "User-Z":0,"Auth":9, "Trans":2}
[2025-04-22 16:14:47.200] | [0;32mTMLUWB  :RX < :RECV                :62000048 032A0000 01000000 00FA0000 00010000 05000001 00000000 01CA2F00 01600000 00640000 64000000 00000003 9E000000 00000000 00000000 0E000000 00010300 01030000 00000000
[2025-04-22 16:14:47.205] | [0m[0;34mAPP     :INFO :TWR[0].distance                                  : 96
[2025-04-22 16:14:47.206] | [0m[0;34mAPP     :INFO :@@@ updateKeepAlive( ): User[1] Keep alive for CA2F = 39
[2025-04-22 16:14:47.210] | [0m[0;34mAPP     :INFO :gCapSessionHandle!!!.
[2025-04-22 16:14:47.212] | [0m[0;34mAPP     :INFO :@@@ gNumberOfUserinDTPCM = 2, pRangingData->no_of_measurements = 1,i=0
[2025-04-22 16:14:47.215] | [0mKF_classify( ):  Predict_NLOS =   1.000, E_est =   0.03094, K =   0.08840,Measure_NLOS = 1, Classification_NLOS =   1
[2025-04-22 16:14:47.218] | [0;34mAPP     :INFO :@@@ nLos_bais = 35
[2025-04-22 16:14:47.221] | [0m[0;34mAPP     :INFO :Conten_Distance_MasterAnchor_to_CA2F=96
[2025-04-22 16:14:47.225] | [0m[0;34mAPP     :INFO :Current User ( ca2f ) status is : SystemStatus = 1 , DiscoverStatus = 4 , TransactionState = 2 , AuthenticationState = 9
[2025-04-22 16:14:47.227] | [0mKF_predict(): Predicted value = 0, Measurement = 0
[2025-04-22 16:14:47.231] | [0;34mAPP     :INFO :@@@ User Speed is :( ca2f ) , 1 ,(cm/s)
[2025-04-22 16:14:47.232] | [0m[0;34mAPP     :INFO :@@@ User nLos is 1 , the red area and blue area Radius will be expanded 35cm
[2025-04-22 16:14:47.234] | [0m[0;34mAPP     :INFO :@ b = 96, c = 82, x = -12, y = 73
[2025-04-22 16:14:47.239] | [0m[0;34mAPP     :INFO :@ a = 100, d = 135, m = 285, Gate = 100
[2025-04-22 16:14:47.241] | [0m[0;34mAPP     :INFO :################################### into blue area...##################################################
[2025-04-22 16:14:47.244] | [0m[0;34mAPP     :INFO :System already busy (SystemStatus =1) or not in triangle field , waiting transaction
[2025-04-22 16:14:47.246] | [0m[0;34mAPP     :INFO :No User to r or w | SystemStatus = 1
[2025-04-22 16:14:47.250] | [0m
[2025-04-22 16:14:47.252] | [0;32mTMLUWB  :RX < :RECV                :02001700 02000002 00BBBB00 00000000 00A90006 000505CA 2F5100
[2025-04-22 16:14:47.255] | [0m[0;34mAPP     :INFO :data_size                             : 6
[2025-04-22 16:14:47.260] | [0m[0;34mAPP     :INFO :Packet Size = 6
[2025-04-22 16:14:47.262] | [0m[0;34mAPP     :INFO :gMrmSessionHandle!!!
[2025-04-22 16:14:47.266] | [0m[0;34mAPP     :INFO :Conten_Distance_SlaveAnchor[BBBB]_to_CA2F=81
[2025-04-22 16:14:47.269] | [0m{"@POSITION": 1, "Master": 96, "Slave": 81, "Gate": 100, "nLos": 1, "idx": 0, "LiftDeep": 0, "RedAreaH": 0, "BlueAreaH": 250, "Speed":1, "User-X":-12, "User-Y":73, "User-Z":0,"Auth":9, "Trans":2}
[2025-04-22 16:14:47.275] | [0;31mAPP     :ERROR:@@@ Transfer failed! Restart transfer.
[2025-04-22 16:14:47.278] | [0m[0;34mAPP     :INFO :â”Œâ”€â”€â”€â”€â”€â”€â”€â”€â”€â”€â”€â”€â”€â”€â”€â”€â”€â”€â”€â”€â”€â”€â”€â”€â”€â”€â”€â”€â”€â”€â”€â”€â”€â”€â”€â”€â”€â”€â”€â”€â”€â”€â”€â”€â”€â”€â”€â”€â”€â”€â”€â”€â”€â”€â”€â”€â”€â”€â”€â”€â”€â”€â”
[2025-04-22 16:14:47.281] | [0m[0;34mAPP     :INFO :â”‚ @@@ Time of re-transfer callback:  = 45:01:010  â”‚ CA2F â”‚
[2025-04-22 16:14:47.283] | [0m[0;34mAPP     :INFO :â””â”€â”€â”€â”€â”€â”€â”€â”€â”€â”€â”€â”€â”€â”€â”€â”€â”€â”€â”€â”€â”€â”€â”€â”€â”€â”€â”€â”€â”€â”€â”€â”€â”€â”€â”€â”€â”€â”€â”€â”€â”€â”€â”€â”€â”€â”€â”€â”€â”€â”€â”€â”€â”€â”€â”€â”€â”€â”€â”€â”€â”€â”€â”˜
[2025-04-22 16:14:47.286] | [0m[0;34mAPP     :INFO :Previous Transaction State of CA2F was: 2
[2025-04-22 16:14:47.290] | [0m[0;34mAPP     :INFO :New Transaction State of CA2F is: 1
[2025-04-22 16:14:47.292] | [0m[0;34mAPP     :INFO :System Is set to Free after processing CA2F
[2025-04-22 16:14:47.482] | [0m[0;32mTMLUWB  :RX < :RECV                :62000048 042A0000 01000000 00FA0000 00010000 05000001 00000000 01CA2F00 015E0000 00640000 64000000 00000003 9D000000 00000000 00000000 0E000000 00010300 01030000 00000000
[2025-04-22 16:14:47.485] | [0m[0;34mAPP     :INFO :TWR[0].distance                                  : 94
[2025-04-22 16:14:47.490] | [0m[0;34mAPP     :INFO :@@@ updateKeepAlive( ): User[1] Keep alive for CA2F = 39
[2025-04-22 16:14:47.492] | [0m[0;34mAPP     :INFO :gCapSessionHandle!!!.
[2025-04-22 16:14:47.495] | [0m[0;34mAPP     :INFO :@@@ gNumberOfUserinDTPCM = 2, pRangingData->no_of_measurements = 1,i=0
[2025-04-22 16:14:47.496] | [0mKF_classify( ):  Predict_NLOS =   1.000, E_est =   0.03094, K =   0.08840,Measure_NLOS = 1, Classification_NLOS =   1
[2025-04-22 16:14:47.499] | [0;34mAPP     :INFO :@@@ nLos_bais = 35
[2025-04-22 16:14:47.501] | [0m[0;34mAPP     :INFO :Conten_Distance_MasterAnchor_to_CA2F=94
[2025-04-22 16:14:47.503] | [0m[0;34mAPP     :INFO :Current User ( ca2f ) status is : SystemStatus = 0 , DiscoverStatus = 4 , TransactionState = 1 , AuthenticationState = 9
[2025-04-22 16:14:47.506] | [0mKF_predict(): Predicted value = 0, Measurement = 0
[2025-04-22 16:14:47.508] | [0;34mAPP     :INFO :@@@ User Speed is :( ca2f ) , 2 ,(cm/s)
[2025-04-22 16:14:47.512] | [0m[0;34mAPP     :INFO :@@@ User nLos is 1 , the red area and blue area Radius will be expanded 35cm
[2025-04-22 16:14:47.514] | [0m[0;34mAPP     :INFO :@ b = 94, c = 81, x = -11, y = 71
[2025-04-22 16:14:47.515] | [0m[0;34mAPP     :INFO :@ a = 100, d = 135, m = 285, Gate = 100
[2025-04-22 16:14:47.519] | [0m[0;34mAPP     :INFO :################################### into blue area...##################################################
[2025-04-22 16:14:47.522] | [0m[0;34mAPP     :INFO :Card detected in read card area, select first one to read
[2025-04-22 16:14:47.525] | [0m[0;34mAPP     :INFO :â”Œâ”€â”€â”€â”€â”€â”€â”€â”€â”€â”€â”€â”€â”€â”€â”€â”€â”€â”€â”€â”€â”€â”€â”€â”€â”€â”€â”€â”€â”€â”€â”€â”€â”€â”€â”€â”€â”€â”€â”€â”€â”€â”€â”€â”€â”€â”€â”€â”€â”€â”€â”€â”€â”€â”€â”€â”€â”€â”€â”€â”€â”€â”€â”
[2025-04-22 16:14:47.528] | [0m[0;34mAPP     :INFO :â”‚ @@@ Time of Read Card Start:   = 45:01:215  â”‚ CA2F â”‚
[2025-04-22 16:14:47.533] | [0m[0;34mAPP     :INFO :â””â”€â”€â”€â”€â”€â”€â”€â”€â”€â”€â”€â”€â”€â”€â”€â”€â”€â”€â”€â”€â”€â”€â”€â”€â”€â”€â”€â”€â”€â”€â”€â”€â”€â”€â”€â”€â”€â”€â”€â”€â”€â”€â”€â”€â”€â”€â”€â”€â”€â”€â”€â”€â”€â”€â”€â”€â”€â”€â”€â”€â”€â”€â”˜
[2025-04-22 16:14:47.536] | [0m[0;34mAPP     :INFO :System Is set to SystemBusy to process CA2F
[2025-04-22 16:14:47.542] | [0m[0;34mAPP     :INFO :startTransaction( ): preMacAddress = CA2F EndUserDetected Mac = CA2F, areaCheck = 1
[2025-04-22 16:14:47.545] | [0m[0;34mAPP     :INFO :no user switching, no need to do AddUserInDTPML
[2025-04-22 16:14:47.548] | [0m[0;34mAPP     :INFO :enter startSecureSession uiDeviceIndex = CA2F
[2025-04-22 16:14:47.552] | [0m[0;33mAPP     :WARN :@@@ Same user, no need to apply RDS and return.
[2025-04-22 16:14:47.555] | [0m[0;34mAPP     :INFO :@@@ Simple consumption to Read Card
[2025-04-22 16:14:47.559] | [0m[0;34mAPP     :INFO :Previous Transaction State of CA2F was: 1
[2025-04-22 16:14:47.563] | [0m[0;34mAPP     :INFO :New Transaction State of CA2F is: 2
[2025-04-22 16:14:47.566] | [0m[0;34mTMLUWB  :TX > :SEND                :03004F00 03000002 CA2F0000 00000000 02003F00 04130000 A404000E 32504159 2E535953 2E444446 30310D00 00A40400 08A00000 06320101 05050000 B095001C 11008050 03020B01 00000001 04090001 00010F
[2025-04-22 16:14:47.570] | [0m[0;32mTMLUWB  :RX < :RECV                :62040005 03000002 00
[2025-04-22 16:14:47.575] | [0m[0;32mTMLUWB  :RX < :RECV                :02001700 02000002 00BBBB00 00000000 00AA0006 000505CA 2F5000
[2025-04-22 16:14:47.578] | [0m[0;34mAPP     :INFO :data_size                             : 6
[2025-04-22 16:14:47.580] | [0m[0;32mTMLUWB  :RX < :RECV                :62050008 03000002 00000101
[2025-04-22 16:14:47.582] | [0m[0;32mTMLUWB  :RX < :RECV                :62040005 03000002 01
[2025-04-22 16:14:47.586] | [0m[0;34mAPP     :INFO :Send data to SE :   :04130000 A404000E 32504159 2E535953 2E444446 30310D00 00A40400 08A00000 06320101 05050000 B095001C 11008050 03020B01 00000001 04090001 00010F
[2025-04-22 16:14:47.589] | [0m[0;34mAPP     :INFO :common_start_quick_timer enter: timeout: 100 ms
[2025-04-22 16:14:47.591] | [0m
[2025-04-22 16:14:47.595] | [0;34mAPP     :INFO :Packet Size = 6
[2025-04-22 16:14:47.599] | [0m[0;34mAPP     :INFO :gMrmSessionHandle!!!
[2025-04-22 16:14:47.603] | [0m[0;34mAPP     :INFO :Conten_Distance_SlaveAnchor[BBBB]_to_CA2F=80
[2025-04-22 16:14:47.605] | [0m{"@POSITION": 1, "Master": 94, "Slave": 80, "Gate": 100, "nLos": 1, "idx": 0, "LiftDeep": 0, "RedAreaH": 0, "BlueAreaH": 250, "Speed":2, "User-X":-11, "User-Y":71, "User-Z":0,"Auth":9, "Trans":2}
