[2025-04-25 10:27:43.573] | [0;32mTMLUWB  :RX < :RECV                :62000023 61100000 01000000 00FA0000 00010000 05000001 00000000 00080000 00000103 000103
[2025-04-25 10:27:43.579] | [0m[0;34mAPP     :INFO :No User to r or w | SystemStatus = 0
[2025-04-25 10:27:43.583] | [0m
[2025-04-25 10:27:43.588] | [0;32mTMLUWB  :RX < :RECV                :02001300 02000002 00BBBB00 00000000 005D0002 000105
[2025-04-25 10:27:43.823] | [0m[0;32mTMLUWB  :RX < :RECV                :62000023 62100000 01000000 00FA0000 00010000 05000001 00000000 00080000 00000103 000103
[2025-04-25 10:27:43.828] | [0m[0;34mAPP     :INFO :No User to r or w | SystemStatus = 0
[2025-04-25 10:27:43.832] | [0m
[2025-04-25 10:27:43.854] | [0;32mTMLUWB  :RX < :RECV                :02001300 02000002 00BBBB00 00000000 005E0002 000105
[2025-04-25 10:27:44.072] | [0m[0;32mTMLUWB  :RX < :RECV                :62000023 63100000 01000000 00FA0000 00010000 05000001 00000000 00080000 00000103 000103
[2025-04-25 10:27:44.078] | [0m[0;34mAPP     :INFO :No User to r or w | SystemStatus = 0
[2025-04-25 10:27:44.082] | [0m
[2025-04-25 10:27:44.086] | [0;32mTMLUWB  :RX < :RECV                :02001300 02000002 00BBBB00 00000000 005F0002 000105
[2025-04-25 10:27:44.323] | [0m[0;32mTMLUWB  :RX < :RECV                :62000023 64100000 01000000 00FA0000 00010000 05000001 00000000 00080000 00000103 000103
[2025-04-25 10:27:44.328] | [0m[0;34mAPP     :INFO :No User to r or w | SystemStatus = 0
[2025-04-25 10:27:44.332] | [0m
[2025-04-25 10:27:44.335] | [0;32mTMLUWB  :RX < :RECV                :02001300 02000002 00BBBB00 00000000 00600002 000105
[2025-04-25 10:27:44.569] | [0m[0;32mTMLUWB  :RX < :RECV                :62000023 65100000 01000000 00FA0000 00010000 05000001 00000000 00080000 00000103 000103
[2025-04-25 10:27:44.574] | [0m[0;34mAPP     :INFO :No User to r or w | SystemStatus = 0
[2025-04-25 10:27:44.580] | [0m
[2025-04-25 10:27:44.583] | [0;32mTMLUWB  :RX < :RECV                :02001300 02000002 00BBBB00 00000000 00610002 000105
[2025-04-25 10:27:44.820] | [0m[0;32mTMLUWB  :RX < :RECV                :62000023 66100000 01000000 00FA0000 00010000 05000001 00000000 00080000 00000103 000103
[2025-04-25 10:27:44.826] | [0m[0;34mAPP     :INFO :No User to r or w | SystemStatus = 0
[2025-04-25 10:27:44.830] | [0m
[2025-04-25 10:27:44.834] | [0;32mTMLUWB  :RX < :RECV                :02001300 02000002 00BBBB00 00000000 00620002 000105
[2025-04-25 10:27:45.068] | [0m[0;32mTMLUWB  :RX < :RECV                :62000023 67100000 01000000 00FA0000 00010000 05000001 00000000 00080000 00000103 000103
[2025-04-25 10:27:45.072] | [0m[0;34mAPP     :INFO :No User to r or w | SystemStatus = 0
[2025-04-25 10:27:45.077] | [0m
[2025-04-25 10:27:45.083] | [0;32mTMLUWB  :RX < :RECV                :02001300 02000002 00BBBB00 00000000 00630002 000105
[2025-04-25 10:27:45.330] | [0m[0;32mTMLUWB  :RX < :RECV                :62000023 68100000 01000000 00FA0000 00010000 05000001 00000000 00080000 00000103 000103
[2025-04-25 10:27:45.335] | [0m[0;34mAPP     :INFO :No User to r or w | SystemStatus = 0
[2025-04-25 10:27:45.339] | [0m
[2025-04-25 10:27:45.343] | [0;32mTMLUWB  :RX < :RECV                :02001300 02000002 00BBBB00 00000000 00640002 000105
