[2025-04-22 17:37:04.083] | 00FA0000 00010000 05000001 00000000 01CA2F00 01730000 00640000 64000000 00000003 9A000000 00000000 00000000 0E000000 00010300 01030000 00000000
[2025-04-22 17:37:04.088] | [0m[0;34mAPP     :INFO :TWR[0].distance                                  : 115
[2025-04-22 17:37:04.089] | [0m[0;34mAPP     :INFO :@@@ updateKeepAlive( ): User[1] Keep alive for CA2F = 39
[2025-04-22 17:37:04.092] | [0m[0;34mAPP     :INFO :gCapSessionHandle!!!.
[2025-04-22 17:37:04.094] | [0m[0;34mAPP     :INFO :@@@ gNumberOfUserinDTPCM = 2, pRangingData->no_of_measurements = 1,i=0
[2025-04-22 17:37:04.096] | [0mKF_classify( ):  Predict_NLOS =   0.584, E_est =   0.03094, K =   0.0mAPP     :INFO :@@@ nLos_bais = 35
[2025-04-22 17:37:04.122] | [0m[0;34mAPP     :INFO :Conten_Distance_MasterAnchor_to_CA2F=115
[2025-04-22 17:37:04.124] | [0m[0;34mAPP     :INFO :Current User ( ca2f ) status is : SystemStatus = 1 , DiscoverStatus = 4 , TransactionState = 2 , AuthenticationState = 9
[2025-04-22 17:37:04.127] | [0mKF_predict(): Predicted value = 0, Measurement = 0
[2025-04-22 17:37:04.129] | [0;34mAPP     :INFO :@@@ User Speed is :( ca2f ) , 2 ,(cm/s)
[2025-04-22 17:37:04.134] | [0m[0;34mAPP     :INFO :@@@ User nLos is 1 , the red area and blue area Radius will be expanded 35cm
[2025-04-22 17:37:04.137] | [0m[0;34mAPP     :INFO :@ b = 115, c = 70, x = -41, y = 70
[2025-04-22 17:37:04.142] | [0m[0;34mAPP     :INFO :@ a = 100, d = 135, m = 285, Gate = 100
[2025-04-22 17:37:04.145] | [0m[0;34mAPP     :INFO :################################### into blue area...##################################################
[2025-04-22 17:37:04.149] | [0m[0;34mAPP     :INFO :System already busy (SystemStatus =1) or not in triangle field , waiting transaction
[2025-04-22 17:37:04.152] | [0m[0;34mAPP     :INFO :No User to r or w | SystemStatus = 1
[2025-04-22 17:37:04.156] | [0m
[2025-04-22 17:37:04.163] | [0;32mTMLUWB  :RX < :RECV                :02001700 02000002 00BBBB00 00000000 00AC0006 000505CA 2F4400
[2025-04-22 17:37:04.167] | [0m[0;34mAPP     :INFO :data_size                             : 6
[2025-04-22 17:37:04.170] | [0m[0;34mAPP     :INFO :Packet Size = 6
[2025-04-22 17:37:04.174] | [0m[0;34mAPP     :INFO :gMrmSessionHandle!!!
[2025-04-22 17:37:04.178] | [0m[0;34mAPP     :INFO :Conten_Distance_SlaveAnchor[BBBB]_to_CA2F=68
[2025-04-22 17:37:04.181] | [0m{"@POSITION": 1, "Master": 115, "Slave": 68, "Gate": 100, "nLos": 1, "idx": 0, "LiftDeep": 0, "RedAreaH": 0, "BlueAreaH": 250, "Speed":2, "User-X":-41, "User-Y":70, "User-Z":0,"Auth":9, "Trans":2}
[2025-04-22 17:37:04.315] | [0;32mTMLUWB  :RX < :RECV                :62000048 28770000 01000000 00FA0000 00010000 05000001 00000000 01CA2F00 00700000 00640000 64000000 00000003 9D000000 00000000 00000000 0E000000 00010300 01030000 00000000
[2025-04-22 17:37:04.321] | [0m[0;34mAPP     :INFO :TWR[0].distance                                  : 112
[2025-04-22 17:37:04.324] | [0m[0;34mAPP     :INFO :@@@ updateKeepAlive( ): User[1] Keep alive for CA2F = 39
[2025-04-22 17:37:04.327] | [0m[0;34mAPP     :INFO :gCapSessionHandle!!!.
[2025-04-22 17:37:04.330] | [0m[0;34mAPP     :INFO :@@@ gNumberOfUserinDTPCM = 2, pRangingData->no_of_measurements = 1,i=0
[2025-04-22 17:37:04.332] | [0mKF_classify( ):  Predict_NLOS =   0.532, E_est =   0.03094, K =   0.08840,Measure_NLOS = 0, Classification_NLOS =   1
[2025-04-22 17:37:04.335] | [0;34mAPP     :INFO :@@@ nLos_bais = 35
[2025-04-22 17:37:04.337] | [0m[0;34mAPP     :INFO :Conten_Distance_MasterAnchor_to_CA2F=112
[2025-04-22 17:37:04.338] | [0m[0;34mAPP     :INFO :Current User ( ca2f ) status is : SystemStatus = 1 , DiscoverStatus = 4 , TransactionState = 2 , AuthenticationState = 9
[2025-04-22 17:37:04.340] | [0mKF_predict(): Predicted value = 0, Measurement = 0
[2025-04-22 17:37:04.344] | [0;34mAPP     :INFO :@@@ User Speed is :( ca2f ) , 5 ,(cm/s)
[2025-04-22 17:37:04.346] | [0m[0;34mAPP     :INFO :@@@ User nLos is 1 , the red area and blue area Radius will be expanded 35cm
[2025-04-22 17:37:04.350] | [0m[0;34mAPP     :INFO :@ b = 112, c = 68, x = -39, y = 67
[2025-04-22 17:37:04.352] | [0m[0;34mAPP     :INFO :@ a = 100, d = 135, m = 285, Gate = 100
[2025-04-22 17:37:04.353] | [0m[0;34mAPP     :INFO :################################### into blue area...##################################################
[2025-04-22 17:37:04.356] | [0m[0;34mAPP     :INFO :System already busy (SystemStatus =1) or not in triangle field , waiting transaction
[2025-04-22 17:37:04.359] | [0m[0;34mAPP     :INFO :No User to r or w | SystemStatus = 1
[2025-04-22 17:37:04.360] | [0m
[2025-04-22 17:37:04.362] | [0;32mTMLUWB  :RX < :RECV                :02001700 02000002 00BBBB00 00000000 00AD0006 000505CA 2F4300
[2025-04-22 17:37:04.366] | [0m[0;34mAPP     :INFO :data_size                             : 6
[2025-04-22 17:37:04.370] | [0m[0;34mAPP     :INFO :Packet Size = 6
[2025-04-22 17:37:04.374] | [0m[0;34mAPP     :INFO :gMrmSessionHandle!!!
[2025-04-22 17:37:04.379] | [0m[0;34mAPP     :INFO :Conten_Distance_SlaveAnchor[BBBB]_to_CA2F=67
[2025-04-22 17:37:04.383] | [0m{"@POSITION": 1, "Master": 112, "Slave": 67, "Gate": 100, "nLos": 1, "idx": 0, "LiftDeep": 0, "RedAreaH": 0, "BlueAreaH": 250, "Speed":5, "User-X":-39, "User-Y":67, "User-Z":0,"Auth":9, "Trans":2}
[2025-04-22 17:37:04.392] | [0;31mAPP     :ERROR:@@@ Transfer failed! Restart transfer.
[2025-04-22 17:37:04.397] | [0m[0;34mAPP     :INFO :â”Œâ”€â”€â”€â”€â”€â”€â”€â”€â”€â”€â”€â”€â”€â”€â”€â”€â”€â”€â”€â”€â”€â”€â”€â”€â”€â”€â”€â”€â”€â”€â”€â”€â”€â”€â”€â”€â”€â”€â”€â”€â”€â”€â”€â”€â”€â”€â”€â”€â”€â”€â”€â”€â”€â”€â”€â”€â”€â”€â”€â”€â”€â”€â”
[2025-04-22 17:37:04.400] | [0m[0;34mAPP     :INFO :â”‚ @@@ Time of re-transfer callback:  = 127:18:070  â”‚ CA2F â”‚
[2025-04-22 17:37:04.405] | [0m[0;34mAPP     :INFO :â””â”€â”€â”€â”€â”€â”€â”€â”€â”€â”€â”€â”€â”€â”€â”€â”€â”€â”€â”€â”€â”€â”€â”€â”€â”€â”€â”€â”€â”€â”€â”€â”€â”€â”€â”€â”€â”€â”€â”€â”€â”€â”€â”€â”€â”€â”€â”€â”€â”€â”€â”€â”€â”€â”€â”€â”€â”€â”€â”€â”€â”€â”€â”˜
[2025-04-22 17:37:04.412] | [0m[0;34mAPP     :INFO :Previous Transaction State of CA2F was: 2
[2025-04-22 17:37:04.416] | [0m[0;34mAPP     :INFO :New Transaction State of CA2F is: 1
[2025-04-22 17:37:04.420] | [0m[0;34mAPP     :INFO :System Is set to Free after processing CA2F
[2025-04-22 17:37:04.575] | [0m[0;32mTMLUWB  :RX < :RECV                :62000048 29770000 01000000 00FA0000 00010000 05000001 00000000 01CA2F00 00720000 00640000 64000000 00000003 9B000000 00000000 00000000 0E000000 00010300 01030000 00000000
[2025-04-22 17:37:04.580] | [0m[0;34mAPP     :INFO :TWR[0].distance                                  : 114
[2025-04-22 17:37:04.586] | [0m[0;34mAPP     :INFO :@@@ updateKeepAlive( ): User[1] Keep alive for CA2F = 39
[2025-04-22 17:37:04.590] | [0m[0;34mAPP     :INFO :gCapSessionHandle!!!.
[2025-04-22 17:37:04.593] | [0m[0;34mAPP     :INFO :@@@ gNumberOfUserinDTPCM = 2, pRangingData->no_of_measurements = 1,i=0
[2025-04-22 17:37:04.598] | [0mKF_classify( ):  Predict_NLOS =   0.485, E_est =   0.03094, K =   0.08840,Measure_NLOS = 0, Classification_NLOS =   0
[2025-04-22 17:37:04.601] | [0;34mAPP     :INFO :Conten_Distance_MasterAnchor_to_CA2F=114
[2025-04-22 17:37:04.604] | [0m[0;34mAPP     :INFO :Current User ( ca2f ) status is : SystemStatus = 0 , DiscoverStatus = 4 , TransactionState = 1 , AuthenticationState = 9
[2025-04-22 17:37:04.607] | [0mKF_predict(): Predicted value = 0, Measurement = 0
[2025-04-22 17:37:04.610] | [0;34mAPP     :INFO :@@@ User Speed is :( ca2f ) , 3 ,(cm/s)
[2025-04-22 17:37:04.613] | [0m[0;34mAPP     :INFO :@ b = 114, c = 67, x = -42, y = 67
[2025-04-22 17:37:04.617] | [0m[0;34mAPP     :INFO :@ a = 100, d = 100, m = 250, Gate = 100
[2025-04-22 17:37:04.620] | [0m[0;34mAPP     :INFO :################################### into blue area...##################################################
[2025-04-22 17:37:04.624] | [0m[0;34mAPP     :INFO :Card detected in read card area, select first one to read
[2025-04-22 17:37:04.626] | [0m[0;34mAPP     :INFO :â”Œâ”€â”€â”€â”€â”€â”€â”€â”€â”€â”€â”€â”€â”€â”€â”€â”€â”€â”€â”€â”€â”€â”€â”€â”€â”€â”€â”€â”€â”€â”€â”€â”€â”€â”€â”€â”€â”€â”€â”€â”€â”€â”€â”€â”€â”€â”€â”€â”€â”€â”€â”€â”€â”€â”€â”€â”€â”€â”€â”€â”€â”€â”€â”
[2025-04-22 17:37:04.629] | [0m[0;34mAPP     :INFO :â”‚ @@@ Time of Read Card Start:   = 127:18:275  â”‚ CA2F â”‚
[2025-04-22 17:37:04.631] | [0m[0;34mAPP     :INFO :â””â”€â”€â”€â”€â”€â”€â”€â”€â”€â”€â”€â”€â”€â”€â”€â”€â”€â”€â”€â”€â”€â”€â”€â”€â”€â”€â”€â”€â”€â”€â”€â”€â”€â”€â”€â”€â”€â”€â”€â”€â”€â”€â”€â”€â”€â”€â”€â”€â”€â”€â”€â”€â”€â”€â”€â”€â”€â”€â”€â”€â”€â”€â”˜
[2025-04-22 17:37:04.635] | [0m[0;34mAPP     :INFO :System Is set to SystemBusy to process CA2F
[2025-04-22 17:37:04.638] | [0m[0;34mAPP     :INFO :startTransaction( ): preMacAddress = CA2F EndUserDetected Mac = CA2F, areaCheck = 1
[2025-04-22 17:37:04.640] | [0m[0;34mAPP     :INFO :no user switching, no need to do AddUserInDTPML
[2025-04-22 17:37:04.643] | [0m[0;34mAPP     :INFO :enter startSecureSession uiDeviceIndex = CA2F
[2025-04-22 17:37:04.645] | [0m[0;33mAPP     :WARN :@@@ Same user, no need to apply RDS and return.
[2025-04-22 17:37:04.647] | [0m[0;34mAPP     :INFO :@@@ Simple consumption to Read Card
[2025-04-22 17:37:04.650] | [0m[0;34mAPP     :INFO :Previous Transaction State of CA2F was: 1
[2025-04-22 17:37:04.653] | [0m[0;34mAPP     :INFO :New Transaction State of CA2F is: 2
[2025-04-22 17:37:04.655] | [0m[0;34mTMLUWB  :TX > :SEND                :03004F00 03000002 CA2F0000 00000000 02003F00 04130000 A404000E 32504159 2E535953 2E444446 30310D00 00A40400 08A00000 06320101 05050000 B095001C 11008050 03020B01 00000001 04090001 00010F
[2025-04-22 17:37:04.659] | [0m[0;32mTMLUWB  :RX < :RECV                :62040005 03000002 00
[2025-04-22 17:37:04.661] | [0m[0;32mTMLUWB  :RX < :RECV                :02001700 02000002 00BBBB00 00000000 00AE0006 000505CA 2F4100
[2025-04-22 17:37:04.664] | [0m[0;34mAPP     :INFO :data_size                             : 6
[2025-04-22 17:37:04.667] | [0m[0;32mTMLUWB  :RX < :RECV                :62050008 03000002 00000101
[2025-04-22 17:37:04.670] | [0m[0;32mTMLUWB  :RX < :RECV                :62040005 03000002 01
[2025-04-22 17:37:04.672] | [0m[0;34mAPP     :INFO :Send data to SE :   :04130000 A404000E 32504159 2E535953 2E444446 30310D00 00A40400 08A00000 06320101 05050000 B095001C 11008050 03020B01 00000001 04090001 00010F
[2025-04-22 17:37:04.675] | [0m[0;34mAPP     :INFO :common_start_quick_timer enter: timeout: 100 ms
[2025-04-22 17:37:04.677] | [0m
[2025-04-22 17:37:04.680] | [0;34mAPP     :INFO :Packet Size = 6
[2025-04-22 17:37:04.682] | [0m[0;34mAPP     :INFO :gMrmSessionHandle!!!
[2025-04-22 17:37:04.685] | [0m[0;34mAPP     :INFO :Conten_Distance_SlaveAnchor[BBBB]_to_CA2F=65
[2025-04-22 17:37:04.687] | [0m{"@POSITION": 1, "Master": 114, "Slave": 65, "Gate": 100, "nLos": 0, "idx": 0, "LiftDeep": 0, "RedAreaH": 0, "BlueAreaH": 250, "Speed":3, "User-X":-42, "User-Y":67, "User-Z":0,"Auth":9, "Trans":2}
