[2025-04-25 10:27:48.137] | [0;32mTMLUWB  :RX < :RECV                :62000048 84100000 01000000 00FA0000 00010000 05000001 00000000 01CA2F00 00210000 00640000 64000000 00000003 84000000 00000000 00000000 0E000000 00010300 01030000 00000000
[2025-04-25 10:27:48.150] | [0m[0;34mAPP     :INFO :@@@ updateKeepAlive( ): User[1] Keep alive for CA2F = 239
[2025-04-25 10:27:48.156] | [0m[0;34mAPP     :INFO :gCapSessionHandle!!!.
[2025-04-25 10:27:48.160] | [0m[0;34mAPP     :INFO :@@@ gNumberOfUserinDTPCM = 2, pRangingData->no_of_measurements = 1,i=0
[2025-04-25 10:27:48.166] | [0mKF_classify( ):  Predict_NLOS =   0, E_est =   0.03094, K =   0.08840,Measure_NLOS = 0, Classification_NLOS =   0
[2025-04-25 10:27:48.189] | [0;34mAPP     :INFO :Conten_Distance_MasterAnchor_to_CA2F=33
[2025-04-25 10:27:48.195] | [0m[0;34mAPP     :INFO :Current User ( ca2f ) status is : SystemStatus = 0 , DiscoverStatus = 4 , TransactionState = 4 , AuthenticationState = 9
[2025-04-25 10:27:48.201] | [0m[0;34mAPP     :INFO :@@@ User Speed is :( ca2f ) , 8 ,(cm/s)
[2025-04-25 10:27:48.206] | [0m[0;34mAPP     :INFO :@ b = 33, c = 61, x = 23, y = 32
[2025-04-25 10:27:48.219] | [0m[0;34mAPP     :INFO :@ a = 55, d = 55, m = 250, Gate = 55
[2025-04-25 10:27:48.234] | [0m[0;34mAPP     :INFO :################################### into blue area...##################################################
[2025-04-25 10:27:48.240] | [0m[0;34mAPP     :INFO :No User to r or w | SystemStatus = 0
[2025-04-25 10:27:48.244] | [0m
[2025-04-25 10:27:48.249] | [0;32mTMLUWB  :RX < :RECV                :02001700 02000002 00DDDD00 00000000 00690006 000505CA 2F4100
[2025-04-25 10:27:48.255] | [0m[0;34mAPP     :INFO :gMrmSessionHandle!!!
[2025-04-25 10:27:48.259] | [0m[0;34mAPP     :INFO :Conten_Distance_SlaveAnchor[DDDD]_to_CA2F=65
[2025-04-25 10:27:48.264] | [0m{"@POSITION": 1, "Master": 33, "Slave": 65, "Gate": 55, "nLos": 0, "idx": 0, "LiftDeep": 0, "RedAreaH": 0, "BlueAreaH": 250, "Speed":8, "User-X":23, "User-Y":32, "User-Z":0,"Auth":9, "Trans":4}
[2025-04-25 10:27:48.362] | [0;32mTMLUWB  :RX < :RECV                :62000048 85100000 01000000 00FA0000 00010000 05000001 00000000 01CA2F00 001F0000 00640000 64000000 00000003 83000000 00000000 00000000 0E000000 00010300 01030000 00000000
[2025-04-25 10:27:48.370] | [0m[0;34mAPP     :INFO :@@@ updateKeepAlive( ): User[1] Keep alive for CA2F = 239
[2025-04-25 10:27:48.376] | [0m[0;34mAPP     :INFO :gCapSessionHandle!!!.
[2025-04-25 10:27:48.379] | [0m[0;34mAPP     :INFO :@@@ gNumberOfUserinDTPCM = 2, pRangingData->no_of_measurements = 1,i=0
[2025-04-25 10:27:48.384] | [0mKF_classify( ):  Predict_NLOS =   0, E_est =   0.03094, K =   0.08840,Measure_NLOS = 0, Classification_NLOS =   0
[2025-04-25 10:27:48.390] | [0;34mAPP     :INFO :Conten_Distance_MasterAnchor_to_CA2F=31
[2025-04-25 10:27:48.395] | [0m[0;34mAPP     :INFO :Current User ( ca2f ) status is : SystemStatus = 0 , DiscoverStatus = 4 , TransactionState = 4 , AuthenticationState = 9
[2025-04-25 10:27:48.399] | [0m[0;34mAPP     :INFO :@@@ User Speed is :( ca2f ) , 0 ,(cm/s)
[2025-04-25 10:27:48.404] | [0m[0;34mAPP     :INFO :@ b = 31, c = 65, x = 29, y = 30
[2025-04-25 10:27:48.408] | [0m[0;34mAPP     :INFO :@ a = 55, d = 55, m = 250, Gate = 55
[2025-04-25 10:27:48.413] | [0m[0;34mAPP     :INFO :No User to r or w | SystemStatus = 0
[2025-04-25 10:27:48.417] | [0m
[2025-04-25 10:27:48.421] | [0;32mTMLUWB  :RX < :RECV                :02001700 02000002 00DDDD00 00000000 006A0006 000505CA 2F3F00
[2025-04-25 10:27:48.425] | [0m[0;34mAPP     :INFO :gMrmSessionHandle!!!
[2025-04-25 10:27:48.429] | [0m[0;34mAPP     :INFO :Conten_Distance_SlaveAnchor[DDDD]_to_CA2F=63
[2025-04-25 10:27:48.434] | [0m{"@POSITION": 1, "Master": 31, "Slave": 63, "Gate": 55, "nLos": 0, "idx": 0, "LiftDeep": 0, "RedAreaH": 0, "BlueAreaH": 250, "Speed":0, "User-X":29, "User-Y":30, "User-Z":0,"Auth":9, "Trans":4}
[2025-04-25 10:27:48.622] | [0;32mTMLUWB  :RX < :RECV                :62000048 86100000 01000000 00FA0000 00010000 05000001 00000000 01CA2F00 00200000 00640000 64000000 00000003 83000000 00000000 00000000 0E000000 00010300 01030000 00000000
[2025-04-25 10:27:48.628] | [0m[0;34mAPP     :INFO :@@@ updateKeepAlive( ): User[1] Keep alive for CA2F = 239
[2025-04-25 10:27:48.634] | [0m[0;34mAPP     :INFO :gCapSessionHandle!!!.
[2025-04-25 10:27:48.638] | [0m[0;34mAPP     :INFO :@@@ gNumberOfUserinDTPCM = 2, pRangingData->no_of_measurements = 1,i=0
[2025-04-25 10:27:48.642] | [0mKF_classify( ):  Predict_NLOS =   0, E_est =   0.03094, K =   0.08840,Measure_NLOS = 0, Classification_NLOS =   0
[2025-04-25 10:27:48.646] | [0;34mAPP     :INFO :Conten_Distance_MasterAnchor_to_CA2F=32
[2025-04-25 10:27:48.654] | [0m[0;34mAPP     :INFO :Current User ( ca2f ) status is : SystemStatus = 0 , DiscoverStatus = 4 , TransactionState = 4 , AuthenticationState = 9
[2025-04-25 10:27:48.659] | [0m[0;34mAPP     :INFO :@@@ User Speed is :( ca2f ) , 5 ,(cm/s)
[2025-04-25 10:27:48.663] | [0m[0;34mAPP     :INFO :@ b = 32, c = 63, x = 26, y = 31
[2025-04-25 10:27:48.668] | [0m[0;34mAPP     :INFO :@ a = 55, d = 55, m = 250, Gate = 55
[2025-04-25 10:27:48.674] | [0m[0;34mAPP     :INFO :################################### into blue area...##################################################
[2025-04-25 10:27:48.678] | [0m[0;34mAPP     :INFO :No User to r or w | SystemStatus = 0
[2025-04-25 10:27:48.684] | [0m
[2025-04-25 10:27:48.690] | [0;32mTMLUWB  :RX < :RECV                :02001700 02000002 00DDDD00 00000000 006B0006 000505CA 2F4000
[2025-04-25 10:27:48.696] | [0m[0;34mAPP     :INFO :gMrmSessionHandle!!!
[2025-04-25 10:27:48.700] | [0m[0;34mAPP     :INFO :Conten_Distance_SlaveAnchor[DDDD]_to_CA2F=64
[2025-04-25 10:27:48.706] | [0m{"@POSITION": 1, "Master": 32, "Slave": 64, "Gate": 55, "nLos": 0, "idx": 0, "LiftDeep": 0, "RedAreaH": 0, "BlueAreaH": 250, "Speed":5, "User-X":26, "User-Y":31, "User-Z":0,"Auth":9, "Trans":4}
[2025-04-25 10:27:48.866] | [0;32mTMLUWB  :RX < :RECV                :62000048 87100000 01000000 00FA0000 00010000 05000001 00000000 01CA2F00 001C0000 00640000 64000000 00000003 82000000 00000000 00000000 0E000000 00010300 01030000 00000000
[2025-04-25 10:27:48.874] | [0m[0;34mAPP     :INFO :@@@ updateKeepAlive( ): User[1] Keep alive for CA2F = 239
[2025-04-25 10:27:48.879] | [0m[0;34mAPP     :INFO :gCapSessionHandle!!!.
[2025-04-25 10:27:48.884] | [0m[0;34mAPP     :INFO :@@@ gNumberOfUserinDTPCM = 2, pRangingData->no_of_measurements = 1,i=0
[2025-04-25 10:27:48.888] | [0mKF_classify( ):  Predict_NLOS =   0, E_est =   0.03094, K =   0.08840,Measure_NLOS = 0, Classification_NLOS =   0
[2025-04-25 10:27:48.892] | [0;34mAPP     :INFO :Conten_Distance_MasterAnchor_to_CA2F=28
[2025-04-25 10:27:48.897] | [0m[0;34mAPP     :INFO :Current User ( ca2f ) status is : SystemStatus = 0 , DiscoverStatus = 4 , TransactionState = 4 , AuthenticationState = 9
[2025-04-25 10:27:48.904] | [0m[0;34mAPP     :INFO :@@@ User Speed is :( ca2f ) , 8 ,(cm/s)
[2025-04-25 10:27:48.908] | [0m[0;34mAPP     :INFO :@ b = 28, c = 64, x = 30, y = 27
[2025-04-25 10:27:48.913] | [0m[0;34mAPP     :INFO :@ a = 55, d = 55, m = 250, Gate = 55
[2025-04-25 10:27:48.917] | [0m[0;34mAPP     :INFO :No User to r or w | SystemStatus = 0
[2025-04-25 10:27:48.922] | [0m
[2025-04-25 10:27:48.926] | [0;32mTMLUWB  :RX < :RECV                :02001700 02000002 00DDDD00 00000000 006C0006 000505CA 2F3F00
[2025-04-25 10:27:48.931] | [0m[0;34mAPP     :INFO :gMrmSessionHandle!!!
[2025-04-25 10:27:48.935] | [0m[0;34mAPP     :INFO :Conten_Distance_SlaveAnchor[DDDD]_to_CA2F=63
[2025-04-25 10:27:48.939] | [0m{"@POSITION": 1, "Master": 28, "Slave": 63, "Gate": 55, "nLos": 0, "idx": 0, "LiftDeep": 0, "RedAreaH": 0, "BlueAreaH": 250, "Speed":8, "User-X":30, "User-Y":27, "User-Z":0,"Auth":9, "Trans":4}
[2025-04-25 10:27:49.115] | [0;32mTMLUWB  :RX < :RECV                :62000048 88100000 01000000 00FA0000 00010000 05000001 00000000 01CA2F00 00200000 00640000 64000000 00000003 83000000 00000000 00000000 0E000000 00010300 01030000 00000000
[2025-04-25 10:27:49.121] | [0m[0;34mAPP     :INFO :@@@ updateKeepAlive( ): User[1] Keep alive for CA2F = 239
[2025-04-25 10:27:49.125] | [0m[0;34mAPP     :INFO :gCapSessionHandle!!!.
[2025-04-25 10:27:49.130] | [0m[0;34mAPP     :INFO :@@@ gNumberOfUserinDTPCM = 2, pRangingData->no_of_measurements = 1,i=0
[2025-04-25 10:27:49.136] | [0mKF_classify( ):  Predict_NLOS =   0, E_est =   0.03094, K =   0.08840,Measure_NLOS = 0, Classification_NLOS =   0
[2025-04-25 10:27:49.140] | [0;34mAPP     :INFO :Conten_Distance_MasterAnchor_to_CA2F=32
[2025-04-25 10:27:49.146] | [0m[0;34mAPP     :INFO :Current User ( ca2f ) status is : SystemStatus = 0 , DiscoverStatus = 4 , TransactionState = 4 , AuthenticationState = 9
[2025-04-25 10:27:49.152] | [0m[0;34mAPP     :INFO :@@@ User Speed is :( ca2f ) , 3 ,(cm/s)
[2025-04-25 10:27:49.157] | [0m[0;34mAPP     :INFO :@ b = 32, c = 63, x = 26, y = 31
[2025-04-25 10:27:49.161] | [0m[0;34mAPP     :INFO :@ a = 55, d = 55, m = 250, Gate = 55
[2025-04-25 10:27:49.166] | [0m[0;34mAPP     :INFO :################################### into blue area...##################################################
[2025-04-25 10:27:49.171] | [0m[0;34mAPP     :INFO :No User to r or w | SystemStatus = 0
[2025-04-25 10:27:49.176] | [0m
[2025-04-25 10:27:49.181] | [0;32mTMLUWB  :RX < :RECV                :02001700 02000002 00DDDD00 00000000 006D0006 000505CA 2F4000
[2025-04-25 10:27:49.187] | [0m[0;34mAPP     :INFO :gMrmSessionHandle!!!
[2025-04-25 10:27:49.192] | [0m[0;34mAPP     :INFO :Conten_Distance_SlaveAnchor[DDDD]_to_CA2F=64
[2025-04-25 10:27:49.198] | [0m{"@POSITION": 1, "Master": 32, "Slave": 64, "Gate": 55, "nLos": 0, "idx": 0, "LiftDeep": 0, "RedAreaH": 0, "BlueAreaH": 250, "Speed":3, "User-X":26, "User-Y":31, "User-Z":0,"Auth":9, "Trans":4}
[2025-04-25 10:27:49.367] | [0;32mTMLUWB  :RX < :RECV                :62000048 89100000 01000000 00FA0000 00010000 05000001 00000000 01CA2F00 001F0000 00640000 64000000 00000003 84000000 00000000 00000000 0E000000 00010300 01030000 00000000
[2025-04-25 10:27:49.372] | [0m[0;34mAPP     :INFO :@@@ updateKeepAlive( ): User[1] Keep alive for CA2F = 239
[2025-04-25 10:27:49.379] | [0m[0;34mAPP     :INFO :gCapSessionHandle!!!.
[2025-04-25 10:27:49.383] | [0m[0;34mAPP     :INFO :@@@ gNumberOfUserinDTPCM = 2, pRangingData->no_of_measurements = 1,i=0
[2025-04-25 10:27:49.388] | [0mKF_classify( ):  Predict_NLOS =   0, E_est =   0.03094, K =   0.08840,Measure_NLOS = 0, Classification_NLOS =   0
[2025-04-25 10:27:49.392] | [0;34mAPP     :INFO :Conten_Distance_MasterAnchor_to_CA2F=31
[2025-04-25 10:27:49.397] | [0m[0;34mAPP     :INFO :Current User ( ca2f ) status is : SystemStatus = 0 , DiscoverStatus = 4 , TransactionState = 4 , AuthenticationState = 9
[2025-04-25 10:27:49.402] | [0m[0;34mAPP     :INFO :@@@ User Speed is :( ca2f ) , 2 ,(cm/s)
[2025-04-25 10:27:49.407] | [0m[0;34mAPP     :INFO :@ b = 31, c = 64, x = 28, y = 30
[2025-04-25 10:27:49.412] | [0m[0;34mAPP     :INFO :@ a = 55, d = 55, m = 250, Gate = 55
[2025-04-25 10:27:49.417] | [0m[0;34mAPP     :INFO :No User to r or w | SystemStatus = 0
[2025-04-25 10:27:49.420] | [0m
[2025-04-25 10:27:49.424] | [0;32mTMLUWB  :RX < :RECV                :02001700 02000002 00DDDD00 00000000 006E0006 000505CA 2F3E00
[2025-04-25 10:27:49.428] | [0m[0;34mAPP     :INFO :gMrmSessionHandle!!!
[2025-04-25 10:27:49.432] | [0m[0;34mAPP     :INFO :Conten_Distance_SlaveAnchor[DDDD]_to_CA2F=62
[2025-04-25 10:27:49.436] | [0m{"@POSITION": 1, "Master": 31, "Slave": 62, "Gate": 55, "nLos": 0, "idx": 0, "LiftDeep": 0, "RedAreaH": 0, "BlueAreaH": 250, "Speed":2, "User-X":28, "User-Y":30, "User-Z":0,"Auth":9, "Trans":4}
[2025-04-25 10:27:49.622] | [0;32mTMLUWB  :RX < :RECV                :62000048 8A100000 01000000 00FA0000 00010000 05000001 00000000 01CA2F00 00200000 00640000 64000000 00000003 83000000 00000000 00000000 0E000000 00010300 01030000 00000000
[2025-04-25 10:27:49.629] | [0m[0;34mAPP     :INFO :@@@ updateKeepAlive( ): User[1] Keep alive for CA2F = 239
[2025-04-25 10:27:49.633] | [0m[0;34mAPP     :INFO :gCapSessionHandle!!!.
[2025-04-25 10:27:49.638] | [0m[0;34mAPP     :INFO :@@@ gNumberOfUserinDTPCM = 2, pRangingData->no_of_measurements = 1,i=0
[2025-04-25 10:27:49.643] | [0mKF_classify( ):  Predict_NLOS =   0, E_est =   0.03094, K =   0.08840,Measure_NLOS = 0, Classification_NLOS =   0
[2025-04-25 10:27:49.649] | [0;34mAPP     :INFO :Conten_Distance_MasterAnchor_to_CA2F=32
[2025-04-25 10:27:49.655] | [0m[0;34mAPP     :INFO :Current User ( ca2f ) status is : SystemStatus = 0 , DiscoverStatus = 4 , TransactionState = 4 , AuthenticationState = 9
[2025-04-25 10:27:49.661] | [0m[0;34mAPP     :INFO :@@@ User Speed is :( ca2f ) , 6 ,(cm/s)
[2025-04-25 10:27:49.665] | [0m[0;34mAPP     :INFO :@ b = 32, c = 62, x = 25, y = 31
[2025-04-25 10:27:49.686] | [0m[0;34mAPP     :INFO :@ a = 55, d = 55, m = 250, Gate = 55
[2025-04-25 10:27:49.691] | [0m[0;34mAPP     :INFO :################################### into blue area...##################################################
[2025-04-25 10:27:49.698] | [0m[0;34mAPP     :INFO :No User to r or w | SystemStatus = 0
[2025-04-25 10:27:49.705] | [0m
[2025-04-25 10:27:49.714] | [0;32mTMLUWB  :RX < :RECV                :02001700 02000002 00DDDD00 00000000 006F0006 000505CA 2F3F00
[2025-04-25 10:27:49.727] | [0m[0;34mAPP     :INFO :gMrmSessionHandle!!!
[2025-04-25 10:27:49.735] | [0m[0;34mAPP     :INFO :Conten_Distance_SlaveAnchor[DDDD]_to_CA2F=63
[2025-04-25 10:27:49.742] | [0m{"@POSITION": 1, "Master": 32, "Slave": 63, "Gate": 55, "nLos": 0, "idx": 0, "LiftDeep": 0, "RedAreaH": 0, "BlueAreaH": 250, "Speed":6, "User-X":25, "User-Y":31, "User-Z":0,"Auth":9, "Trans":4}
[2025-04-25 10:27:49.868] | [0;32mTMLUWB  :RX < :RECV                :62000048 8B100000 01000000 00FA0000 00010000 05000001 00000000 01CA2F00 00200000 00640000 64000000 00000003 80000000 00000000 00000000 0E000000 00010300 01030000 00000000
[2025-04-25 10:27:49.877] | [0m[0;34mAPP     :INFO :@@@ updateKeepAlive( ): User[1] Keep alive for CA2F = 239
[2025-04-25 10:27:49.882] | [0m[0;34mAPP     :INFO :gCapSessionHandle!!!.
[2025-04-25 10:27:49.887] | [0m[0;34mAPP     :INFO :@@@ gNumberOfUserinDTPCM = 2, pRangingData->no_of_measurements = 1,i=0
[2025-04-25 10:27:49.892] | [0mKF_classify( ):  Predict_NLOS =   0, E_est =   0.03094, K =   0.08840,Measure_NLOS = 0, Classification_NLOS =   0
[2025-04-25 10:27:49.898] | [0;34mAPP     :INFO :Conten_Distance_MasterAnchor_to_CA2F=32
[2025-04-25 10:27:49.903] | [0m[0;34mAPP     :INFO :Current User ( ca2f ) status is : SystemStatus = 0 , DiscoverStatus = 4 , TransactionState = 4 , AuthenticationState = 9
[2025-04-25 10:27:49.908] | [0m[0;34mAPP     :INFO :@@@ User Speed is :( ca2f ) , 0 ,(cm/s)
[2025-04-25 10:27:49.912] | [0m[0;34mAPP     :INFO :@ b = 32, c = 63, x = 26, y = 31
[2025-04-25 10:27:49.918] | [0m[0;34mAPP     :INFO :@ a = 55, d = 55, m = 250, Gate = 55
[2025-04-25 10:27:49.922] | [0m[0;34mAPP     :INFO :################################### into blue area...##################################################
[2025-04-25 10:27:49.926] | [0m[0;34mAPP     :INFO :No User to r or w | SystemStatus = 0
[2025-04-25 10:27:49.931] | [0m
[2025-04-25 10:27:49.935] | [0;32mTMLUWB  :RX < :RECV                :02001700 02000002 00DDDD00 00000000 00700006 000505CA 2F3C00
[2025-04-25 10:27:49.943] | [0m[0;34mAPP     :INFO :gMrmSessionHandle!!!
[2025-04-25 10:27:49.949] | [0m[0;34mAPP     :INFO :Conten_Distance_SlaveAnchor[DDDD]_to_CA2F=60
[2025-04-25 10:27:49.953] | [0m{"@POSITION": 1, "Master": 32, "Slave": 60, "Gate": 55, "nLos": 0, "idx": 0, "LiftDeep": 0, "RedAreaH": 0, "BlueAreaH": 250, "Speed":0, "User-X":26, "User-Y":31, "User-Z":0,"Auth":9, "Trans":4}
[2025-04-25 10:27:50.116] | [0;32mTMLUWB  :RX < :RECV                :62000048 8C100000 01000000 00FA0000 00010000 05000001 00000000 01CA2F00 001F0000 00640000 64000000 00000003 84000000 00000000 00000000 0E000000 00010300 01030000 00000000
[2025-04-25 10:27:50.122] | [0m[0;34mAPP     :INFO :@@@ updateKeepAlive( ): User[1] Keep alive for CA2F = 239
[2025-04-25 10:27:50.127] | [0m[0;34mAPP     :INFO :gCapSessionHandle!!!.
[2025-04-25 10:27:50.130] | [0m[0;34mAPP     :INFO :@@@ gNumberOfUserinDTPCM = 2, pRangingData->no_of_measurements = 1,i=0
[2025-04-25 10:27:50.136] | [0mKF_classify( ):  Predict_NLOS =   0, E_est =   0.03094, K =   0.08840,Measure_NLOS = 0, Classification_NLOS =   0
[2025-04-25 10:27:50.141] | [0;34mAPP     :INFO :Conten_Distance_MasterAnchor_to_CA2F=31
[2025-04-25 10:27:50.145] | [0m[0;34mAPP     :INFO :Current User ( ca2f ) status is : SystemStatus = 0 , DiscoverStatus = 4 , TransactionState = 4 , AuthenticationState = 9
[2025-04-25 10:27:50.152] | [0m[0;34mAPP     :INFO :@@@ User Speed is :( ca2f ) , 5 ,(cm/s)
[2025-04-25 10:27:50.156] | [0m[0;34mAPP     :INFO :@ b = 31, c = 60, x = 23, y = 30
[2025-04-25 10:27:50.159] | [0m[0;34mAPP     :INFO :@ a = 55, d = 55, m = 250, Gate = 55
[2025-04-25 10:27:50.165] | [0m[0;34mAPP     :INFO :################################### into blue area...##################################################
[2025-04-25 10:27:50.170] | [0m[0;34mAPP     :INFO :No User to r or w | SystemStatus = 0
[2025-04-25 10:27:50.174] | [0m
[2025-04-25 10:27:50.179] | [0;32mTMLUWB  :RX < :RECV                :02001700 02000002 00DDDD00 00000000 00710006 000505CA 2F3D00
[2025-04-25 10:27:50.183] | [0m[0;34mAPP     :INFO :gMrmSessionHandle!!!
[2025-04-25 10:27:50.187] | [0m[0;34mAPP     :INFO :Conten_Distance_SlaveAnchor[DDDD]_to_CA2F=61
[2025-04-25 10:27:50.191] | [0m{"@POSITION": 1, "Master": 31, "Slave": 61, "Gate": 55, "nLos": 0, "idx": 0, "LiftDeep": 0, "RedAreaH": 0, "BlueAreaH": 250, "Speed":5, "User-X":23, "User-Y":30, "User-Z":0,"Auth":9, "Trans":4}
[2025-04-25 10:27:50.367] | [0;32mTMLUWB  :RX < :RECV                :62000048 8D100000 01000000 00FA0000 00010000 05000001 00000000 01CA2F00 001F0000 00640000 64000000 00000003 84000000 00000000 00000000 0E000000 00010300 01030000 00000000
[2025-04-25 10:27:50.373] | [0m[0;34mAPP     :INFO :@@@ updateKeepAlive( ): User[1] Keep alive for CA2F = 239
[2025-04-25 10:27:50.377] | [0m[0;34mAPP     :INFO :gCapSessionHandle!!!.
[2025-04-25 10:27:50.381] | [0m[0;34mAPP     :INFO :@@@ gNumberOfUserinDTPCM = 2, pRangingData->no_of_measurements = 1,i=0
[2025-04-25 10:27:50.385] | [0mKF_classify( ):  Predict_NLOS =   0, E_est =   0.03094, K =   0.08840,Measure_NLOS = 0, Classification_NLOS =   0
[2025-04-25 10:27:50.389] | [0;34mAPP     :INFO :Conten_Distance_MasterAnchor_to_CA2F=31
[2025-04-25 10:27:50.394] | [0m[0;34mAPP     :INFO :Current User ( ca2f ) status is : SystemStatus = 0 , DiscoverStatus = 4 , TransactionState = 4 , AuthenticationState = 9
[2025-04-25 10:27:50.399] | [0m[0;34mAPP     :INFO :@@@ User Speed is :( ca2f ) , 1 ,(cm/s)
[2025-04-25 10:27:50.403] | [0m[0;34mAPP     :INFO :@ b = 31, c = 61, x = 25, y = 30
[2025-04-25 10:27:50.407] | [0m[0;34mAPP     :INFO :@ a = 55, d = 55, m = 250, Gate = 55
[2025-04-25 10:27:50.412] | [0m[0;34mAPP     :INFO :################################### into blue area...##################################################
[2025-04-25 10:27:50.416] | [0m[0;34mAPP     :INFO :No User to r or w | SystemStatus = 0
[2025-04-25 10:27:50.420] | [0m
[2025-04-25 10:27:50.423] | [0;32mTMLUWB  :RX < :RECV                :02001700 02000002 00DDDD00 00000000 00720006 000505CA 2F3C00
[2025-04-25 10:27:50.429] | [0m[0;34mAPP     :INFO :gMrmSessionHandle!!!
[2025-04-25 10:27:50.433] | [0m[0;34mAPP     :INFO :Conten_Distance_SlaveAnchor[DDDD]_to_CA2F=60
[2025-04-25 10:27:50.437] | [0m{"@POSITION": 1, "Master": 31, "Slave": 60, "Gate": 55, "nLos": 0, "idx": 0, "LiftDeep": 0, "RedAreaH": 0, "BlueAreaH": 250, "Speed":1, "User-X":25, "User-Y":30, "User-Z":0,"Auth":9, "Trans":4}
[2025-04-25 10:27:50.613] | [0;32mTMLUWB  :RX < :RECV                :62000048 8E100000 01000000 00FA0000 00010000 05000001 00000000 01CA2F00 001E0000 00640000 64000000 00000003 83000000 00000000 00000000 0E000000 00010300 01030000 00000000
[2025-04-25 10:27:50.619] | [0m[0;34mAPP     :INFO :@@@ updateKeepAlive( ): User[1] Keep alive for CA2F = 239
[2025-04-25 10:27:50.624] | [0m[0;34mAPP     :INFO :gCapSessionHandle!!!.
[2025-04-25 10:27:50.630] | [0m[0;34mAPP     :INFO :@@@ gNumberOfUserinDTPCM = 2, pRangingData->no_of_measurements = 1,i=0
[2025-04-25 10:27:50.636] | [0mKF_classify( ):  Predict_NLOS =   0, E_est =   0.03094, K =   0.08840,Measure_NLOS = 0, Classification_NLOS =   0
[2025-04-25 10:27:50.640] | [0;34mAPP     :INFO :Conten_Distance_MasterAnchor_to_CA2F=30
[2025-04-25 10:27:50.645] | [0m[0;34mAPP     :INFO :Current User ( ca2f ) status is : SystemStatus = 0 , DiscoverStatus = 4 , TransactionState = 4 , AuthenticationState = 9
[2025-04-25 10:27:50.650] | [0m[0;34mAPP     :INFO :@@@ User Speed is :( ca2f ) , 2 ,(cm/s)
[2025-04-25 10:27:50.656] | [0m[0;34mAPP     :INFO :@ b = 30, c = 60, x = 24, y = 29
[2025-04-25 10:27:50.660] | [0m[0;34mAPP     :INFO :@ a = 55, d = 55, m = 250, Gate = 55
[2025-04-25 10:27:50.666] | [0m[0;34mAPP     :INFO :################################### into blue area...##################################################
[2025-04-25 10:27:50.670] | [0m[0;34mAPP     :INFO :No User to r or w | SystemStatus = 0
[2025-04-25 10:27:50.674] | [0m
[2025-04-25 10:27:50.680] | [0;32mTMLUWB  :RX < :RECV                :02001700 02000002 00DDDD00 00000000 00730006 000505CA 2F3C00
[2025-04-25 10:27:50.684] | [0m[0;34mAPP     :INFO :gMrmSessionHandle!!!
[2025-04-25 10:27:50.688] | [0m[0;34mAPP     :INFO :Conten_Distance_SlaveAnchor[DDDD]_to_CA2F=60
[2025-04-25 10:27:50.693] | [0m{"@POSITION": 1, "Master": 30, "Slave": 60, "Gate": 55, "nLos": 0, "idx": 0, "LiftDeep": 0, "RedAreaH": 0, "BlueAreaH": 250, "Speed":2, "User-X":24, "User-Y":29, "User-Z":0,"Auth":9, "Trans":4}
[2025-04-25 10:27:50.871] | [0;32mTMLUWB  :RX < :RECV                :62000048 8F100000 01000000 00FA0000 00010000 05000001 00000000 01CA2F00 001E0000 00640000 64000000 00000003 82000000 00000000 00000000 0E000000 00010300 01030000 00000000
[2025-04-25 10:27:50.878] | [0m[0;34mAPP     :INFO :@@@ updateKeepAlive( ): User[1] Keep alive for CA2F = 239
[2025-04-25 10:27:50.883] | [0m[0;34mAPP     :INFO :gCapSessionHandle!!!.
[2025-04-25 10:27:50.888] | [0m[0;34mAPP     :INFO :@@@ gNumberOfUserinDTPCM = 2, pRangingData->no_of_measurements = 1,i=0
[2025-04-25 10:27:50.892] | [0mKF_classify( ):  Predict_NLOS =   0, E_est =   0.03094, K =   0.08840,Measure_NLOS = 0, Classification_NLOS =   0
[2025-04-25 10:27:50.898] | [0;34mAPP     :INFO :Conten_Distance_MasterAnchor_to_CA2F=30
[2025-04-25 10:27:50.902] | [0m[0;34mAPP     :INFO :Current User ( ca2f ) status is : SystemStatus = 0 , DiscoverStatus = 4 , TransactionState = 4 , AuthenticationState = 9
[2025-04-25 10:27:50.906] | [0m[0;34mAPP     :INFO :@@@ User Speed is :( ca2f ) , 1 ,(cm/s)
[2025-04-25 10:27:50.911] | [0m[0;34mAPP     :INFO :@ b = 30, c = 60, x = 24, y = 29
[2025-04-25 10:27:50.916] | [0m[0;34mAPP     :INFO :@ a = 55, d = 55, m = 250, Gate = 55
[2025-04-25 10:27:50.919] | [0m[0;34mAPP     :INFO :################################### into blue area...##################################################
[2025-04-25 10:27:50.923] | [0m[0;34mAPP     :INFO :No User to r or w | SystemStatus = 0
[2025-04-25 10:27:50.928] | [0m
[2025-04-25 10:27:50.932] | [0;32mTMLUWB  :RX < :RECV                :02001700 02000002 00DDDD00 00000000 00740006 000505CA 2F3C00
[2025-04-25 10:27:50.937] | [0m[0;34mAPP     :INFO :gMrmSessionHandle!!!
[2025-04-25 10:27:50.941] | [0m[0;34mAPP     :INFO :Conten_Distance_SlaveAnchor[DDDD]_to_CA2F=60
[2025-04-25 10:27:50.945] | [0m{"@POSITION": 1, "Master": 30, "Slave": 60, "Gate": 55, "nLos": 0, "idx": 0, "LiftDeep": 0, "RedAreaH": 0, "BlueAreaH": 250, "Speed":1, "User-X":24, "User-Y":29, "User-Z":0,"Auth":9, "Trans":4}
[2025-04-25 10:27:51.120] | [0;32mTMLUWB  :RX < :RECV                :62000048 90100000 01000000 00FA0000 00010000 05000001 00000000 01CA2F00 001E0000 00640000 64000000 00000003 84000000 00000000 00000000 0E000000 00010300 01030000 00000000
[2025-04-25 10:27:51.127] | [0m[0;34mAPP     :INFO :@@@ updateKeepAlive( ): User[1] Keep alive for CA2F = 239
[2025-04-25 10:27:51.131] | [0m[0;34mAPP     :INFO :gCapSessionHandle!!!.
[2025-04-25 10:27:51.135] | [0m[0;34mAPP     :INFO :@@@ gNumberOfUserinDTPCM = 2, pRangingData->no_of_measurements = 1,i=0
[2025-04-25 10:27:51.139] | [0mKF_classify( ):  Predict_NLOS =   0, E_est =   0.03094, K =   0.08840,Measure_NLOS = 0, Classification_NLOS =   0
[2025-04-25 10:27:51.145] | [0;34mAPP     :INFO :Conten_Distance_MasterAnchor_to_CA2F=30
[2025-04-25 10:27:51.150] | [0m[0;34mAPP     :INFO :Current User ( ca2f ) status is : SystemStatus = 0 , DiscoverStatus = 4 , TransactionState = 4 , AuthenticationState = 9
[2025-04-25 10:27:51.154] | [0m[0;34mAPP     :INFO :@@@ User Speed is :( ca2f ) , 1 ,(cm/s)
[2025-04-25 10:27:51.159] | [0m[0;34mAPP     :INFO :@ b = 30, c = 60, x = 24, y = 29
[2025-04-25 10:27:51.163] | [0m[0;34mAPP     :INFO :@ a = 55, d = 55, m = 250, Gate = 55
[2025-04-25 10:27:51.167] | [0m[0;34mAPP     :INFO :################################### into blue area...##################################################
[2025-04-25 10:27:51.173] | [0m[0;34mAPP     :INFO :No User to r or w | SystemStatus = 0
[2025-04-25 10:27:51.177] | [0m
[2025-04-25 10:27:51.182] | [0;32mTMLUWB  :RX < :RECV                :02001700 02000002 00DDDD00 00000000 00750006 000505CA 2F3D00
[2025-04-25 10:27:51.187] | [0m[0;34mAPP     :INFO :gMrmSessionHandle!!!
[2025-04-25 10:27:51.190] | [0m[0;34mAPP     :INFO :Conten_Distance_SlaveAnchor[DDDD]_to_CA2F=61
[2025-04-25 10:27:51.195] | [0m{"@POSITION": 1, "Master": 30, "Slave": 61, "Gate": 55, "nLos": 0, "idx": 0, "LiftDeep": 0, "RedAreaH": 0, "BlueAreaH": 250, "Speed":1, "User-X":24, "User-Y":29, "User-Z":0,"Auth":9, "Trans":4}
[2025-04-25 10:27:51.368] | [0;32mTMLUWB  :RX < :RECV                :62000048 91100000 01000000 00FA0000 00010000 05000001 00000000 01CA2F00 001E0000 00640000 64000000 00000003 82000000 00000000 00000000 0E000000 00010300 01030000 00000000
[2025-04-25 10:27:51.374] | [0m[0;34mAPP     :INFO :@@@ updateKeepAlive( ): User[1] Keep alive for CA2F = 239
[2025-04-25 10:27:51.379] | [0m[0;34mAPP     :INFO :gCapSessionHandle!!!.
[2025-04-25 10:27:51.383] | [0m[0;34mAPP     :INFO :@@@ gNumberOfUserinDTPCM = 2, pRangingData->no_of_measurements = 1,i=0
[2025-04-25 10:27:51.388] | [0mKF_classify( ):  Predict_NLOS =   0, E_est =   0.03094, K =   0.08840,Measure_NLOS = 0, Classification_NLOS =   0
[2025-04-25 10:27:51.394] | [0;34mAPP     :INFO :Conten_Distance_MasterAnchor_to_CA2F=30
[2025-04-25 10:27:51.398] | [0m[0;34mAPP     :INFO :Current User ( ca2f ) status is : SystemStatus = 0 , DiscoverStatus = 4 , TransactionState = 4 , AuthenticationState = 9
[2025-04-25 10:27:51.403] | [0m[0;34mAPP     :INFO :@@@ User Speed is :( ca2f ) , 1 ,(cm/s)
[2025-04-25 10:27:51.408] | [0m[0;34mAPP     :INFO :@ b = 30, c = 61, x = 25, y = 29
[2025-04-25 10:27:51.412] | [0m[0;34mAPP     :INFO :@ a = 55, d = 55, m = 250, Gate = 55
[2025-04-25 10:27:51.417] | [0m[0;34mAPP     :INFO :################################### into blue area...##################################################
[2025-04-25 10:27:51.421] | [0m[0;34mAPP     :INFO :No User to r or w | SystemStatus = 0
[2025-04-25 10:27:51.440] | [0m
[2025-04-25 10:27:51.444] | [0;32mTMLUWB  :RX < :RECV                :02001700 02000002 00DDDD00 00000000 00760006 000505CA 2F3E00
[2025-04-25 10:27:51.449] | [0m[0;34mAPP     :INFO :gMrmSessionHandle!!!
[2025-04-25 10:27:51.452] | [0m[0;34mAPP     :INFO :Conten_Distance_SlaveAnchor[DDDD]_to_CA2F=62
[2025-04-25 10:27:51.457] | [0m{"@POSITION": 1, "Master": 30, "Slave": 62, "Gate": 55, "nLos": 0, "idx": 0, "LiftDeep": 0, "RedAreaH": 0, "BlueAreaH": 250, "Speed":1, "User-X":25, "User-Y":29, "User-Z":0,"Auth":9, "Trans":4}
[2025-04-25 10:27:51.616] | [0;32mTMLUWB  :RX < :RECV                :62000048 92100000 01000000 00FA0000 00010000 05000001 00000000 01CA2F00 001E0000 00640000 64000000 00000003 84000000 00000000 00000000 0E000000 00010300 01030000 00000000
[2025-04-25 10:27:51.622] | [0m[0;34mAPP     :INFO :@@@ updateKeepAlive( ): User[1] Keep alive for CA2F = 239
[2025-04-25 10:27:51.627] | [0m[0;34mAPP     :INFO :gCapSessionHandle!!!.
[2025-04-25 10:27:51.630] | [0m[0;34mAPP     :INFO :@@@ gNumberOfUserinDTPCM = 2, pRangingData->no_of_measurements = 1,i=0
[2025-04-25 10:27:51.635] | [0mKF_classify( ):  Predict_NLOS =   0, E_est =   0.03094, K =   0.08840,Measure_NLOS = 0, Classification_NLOS =   0
[2025-04-25 10:27:51.639] | [0;34mAPP     :INFO :Conten_Distance_MasterAnchor_to_CA2F=30
[2025-04-25 10:27:51.644] | [0m[0;34mAPP     :INFO :Current User ( ca2f ) status is : SystemStatus = 0 , DiscoverStatus = 4 , TransactionState = 4 , AuthenticationState = 9
[2025-04-25 10:27:51.648] | [0m[0;34mAPP     :INFO :@@@ User Speed is :( ca2f ) , 2 ,(cm/s)
[2025-04-25 10:27:51.652] | [0m[0;34mAPP     :INFO :@ b = 30, c = 62, x = 26, y = 29
[2025-04-25 10:27:51.656] | [0m[0;34mAPP     :INFO :@ a = 55, d = 55, m = 250, Gate = 55
[2025-04-25 10:27:51.661] | [0m[0;34mAPP     :INFO :################################### into blue area...##################################################
[2025-04-25 10:27:51.666] | [0m[0;34mAPP     :INFO :No User to r or w | SystemStatus = 0
[2025-04-25 10:27:51.670] | [0m
[2025-04-25 10:27:51.673] | [0;32mTMLUWB  :RX < :RECV                :02001700 02000002 00DDDD00 00000000 00770006 000505CA 2F3E00
[2025-04-25 10:27:51.677] | [0m[0;34mAPP     :INFO :gMrmSessionHandle!!!
[2025-04-25 10:27:51.681] | [0m[0;34mAPP     :INFO :Conten_Distance_SlaveAnchor[DDDD]_to_CA2F=62
[2025-04-25 10:27:51.686] | [0m{"@POSITION": 1, "Master": 30, "Slave": 62, "Gate": 55, "nLos": 0, "idx": 0, "LiftDeep": 0, "RedAreaH": 0, "BlueAreaH": 250, "Speed":2, "User-X":26, "User-Y":29, "User-Z":0,"Auth":9, "Trans":4}
[2025-04-25 10:27:51.866] | [0;32mTMLUWB  :RX < :RECV                :62000048 93100000 01000000 00FA0000 00010000 05000001 00000000 01CA2F00 001E0000 00640000 64000000 00000003 83000000 00000000 00000000 0E000000 00010300 01030000 00000000
[2025-04-25 10:27:51.872] | [0m[0;34mAPP     :INFO :@@@ updateKeepAlive( ): User[1] Keep alive for CA2F = 239
[2025-04-25 10:27:51.878] | [0m[0;34mAPP     :INFO :gCapSessionHandle!!!.
[2025-04-25 10:27:51.883] | [0m[0;34mAPP     :INFO :@@@ gNumberOfUserinDTPCM = 2, pRangingData->no_of_measurements = 1,i=0
[2025-04-25 10:27:51.887] | [0mKF_classify( ):  Predict_NLOS =   0, E_est =   0.03094, K =   0.08840,Measure_NLOS = 0, Classification_NLOS =   0
[2025-04-25 10:27:51.892] | [0;34mAPP     :INFO :Conten_Distance_MasterAnchor_to_CA2F=30
[2025-04-25 10:27:51.897] | [0m[0;34mAPP     :INFO :Current User ( ca2f ) status is : SystemStatus = 0 , DiscoverStatus = 4 , TransactionState = 4 , AuthenticationState = 9
[2025-04-25 10:27:51.902] | [0m[0;34mAPP     :INFO :@@@ User Speed is :( ca2f ) , 2 ,(cm/s)
[2025-04-25 10:27:51.907] | [0m[0;34mAPP     :INFO :@ b = 30, c = 62, x = 26, y = 29
[2025-04-25 10:27:51.911] | [0m[0;34mAPP     :INFO :@ a = 55, d = 55, m = 250, Gate = 55
[2025-04-25 10:27:51.916] | [0m[0;34mAPP     :INFO :################################### into blue area...##################################################
[2025-04-25 10:27:51.920] | [0m[0;34mAPP     :INFO :No User to r or w | SystemStatus = 0
[2025-04-25 10:27:51.925] | [0m
[2025-04-25 10:27:51.929] | [0;32mTMLUWB  :RX < :RECV                :02001700 02000002 00DDDD00 00000000 00780006 000505CA 2F3E00
[2025-04-25 10:27:51.934] | [0m[0;34mAPP     :INFO :gMrmSessionHandle!!!
[2025-04-25 10:27:51.937] | [0m[0;34mAPP     :INFO :Conten_Distance_SlaveAnchor[DDDD]_to_CA2F=62
[2025-04-25 10:27:51.941] | [0m{"@POSITION": 1, "Master": 30, "Slave": 62, "Gate": 55, "nLos": 0, "idx": 0, "LiftDeep": 0, "RedAreaH": 0, "BlueAreaH": 250, "Speed":2, "User-X":26, "User-Y":29, "User-Z":0,"Auth":9, "Trans":4}
[2025-04-25 10:27:52.113] | [0;32mTMLUWB  :RX < :RECV                :62000048 94100000 01000000 00FA0000 00010000 05000001 00000000 01CA2F00 001E0000 00640000 64000000 00000003 83000000 00000000 00000000 0E000000 00010300 01030000 00000000
[2025-04-25 10:27:52.120] | [0m[0;34mAPP     :INFO :@@@ updateKeepAlive( ): User[1] Keep alive for CA2F = 239
[2025-04-25 10:27:52.126] | [0m[0;34mAPP     :INFO :gCapSessionHandle!!!.
[2025-04-25 10:27:52.130] | [0m[0;34mAPP     :INFO :@@@ gNumberOfUserinDTPCM = 2, pRangingData->no_of_measurements = 1,i=0
[2025-04-25 10:27:52.134] | [0mKF_classify( ):  Predict_NLOS =   0, E_est =   0.03094, K =   0.08840,Measure_NLOS = 0, Classification_NLOS =   0
[2025-04-25 10:27:52.139] | [0;34mAPP     :INFO :Conten_Distance_MasterAnchor_to_CA2F=30
[2025-04-25 10:27:52.143] | [0m[0;34mAPP     :INFO :Current User ( ca2f ) status is : SystemStatus = 0 , DiscoverStatus = 4 , TransactionState = 4 , AuthenticationState = 9
[2025-04-25 10:27:52.149] | [0m[0;34mAPP     :INFO :@@@ User Speed is :( ca2f ) , 1 ,(cm/s)
[2025-04-25 10:27:52.155] | [0m[0;34mAPP     :INFO :@ b = 30, c = 62, x = 26, y = 29
[2025-04-25 10:27:52.159] | [0m[0;34mAPP     :INFO :@ a = 55, d = 55, m = 250, Gate = 55
[2025-04-25 10:27:52.163] | [0m[0;34mAPP     :INFO :################################### into blue area...##################################################
[2025-04-25 10:27:52.167] | [0m[0;34mAPP     :INFO :No User to r or w | SystemStatus = 0
[2025-04-25 10:27:52.172] | [0m
[2025-04-25 10:27:52.175] | [0;32mTMLUWB  :RX < :RECV                :02001700 02000002 00DDDD00 00000000 00790006 000505CA 2F3D00
[2025-04-25 10:27:52.179] | [0m[0;34mAPP     :INFO :gMrmSessionHandle!!!
[2025-04-25 10:27:52.184] | [0m[0;34mAPP     :INFO :Conten_Distance_SlaveAnchor[DDDD]_to_CA2F=61
[2025-04-25 10:27:52.189] | [0m{"@POSITION": 1, "Master": 30, "Slave": 61, "Gate": 55, "nLos": 0, "idx": 0, "LiftDeep": 0, "RedAreaH": 0, "BlueAreaH": 250, "Speed":1, "User-X":26, "User-Y":29, "User-Z":0,"Auth":9, "Trans":4}
[2025-04-25 10:27:52.365] | [0;32mTMLUWB  :RX < :RECV                :62000048 95100000 01000000 00FA0000 00010000 05000001 00000000 01CA2F00 001B0000 00640000 64000000 00000003 83000000 00000000 00000000 0E000000 00010300 01030000 00000000
[2025-04-25 10:27:52.371] | [0m[0;34mAPP     :INFO :@@@ updateKeepAlive( ): User[1] Keep alive for CA2F = 239
[2025-04-25 10:27:52.377] | [0m[0;34mAPP     :INFO :gCapSessionHandle!!!.
[2025-04-25 10:27:52.383] | [0m[0;34mAPP     :INFO :@@@ gNumberOfUserinDTPCM = 2, pRangingData->no_of_measurements = 1,i=0
[2025-04-25 10:27:52.386] | [0mKF_classify( ):  Predict_NLOS =   0, E_est =   0.03094, K =   0.08840,Measure_NLOS = 0, Classification_NLOS =   0
[2025-04-25 10:27:52.391] | [0;34mAPP     :INFO :Conten_Distance_MasterAnchor_to_CA2F=27
[2025-04-25 10:27:52.397] | [0m[0;34mAPP     :INFO :Current User ( ca2f ) status is : SystemStatus = 0 , DiscoverStatus = 4 , TransactionState = 4 , AuthenticationState = 9
[2025-04-25 10:27:52.402] | [0m[0;34mAPP     :INFO :@@@ User Speed is :( ca2f ) , 2 ,(cm/s)
[2025-04-25 10:27:52.407] | [0m[0;34mAPP     :INFO :@ b = 27, c = 61, x = 27, y = 27
[2025-04-25 10:27:52.412] | [0m[0;34mAPP     :INFO :@ a = 55, d = 55, m = 250, Gate = 55
[2025-04-25 10:27:52.417] | [0m[0;34mAPP     :INFO :No User to r or w | SystemStatus = 0
[2025-04-25 10:27:52.420] | [0m
[2025-04-25 10:27:52.425] | [0;32mTMLUWB  :RX < :RECV                :02001700 02000002 00DDDD00 00000000 007A0006 000505CA 2F4000
[2025-04-25 10:27:52.430] | [0m[0;34mAPP     :INFO :gMrmSessionHandle!!!
[2025-04-25 10:27:52.434] | [0m[0;34mAPP     :INFO :Conten_Distance_SlaveAnchor[DDDD]_to_CA2F=64
[2025-04-25 10:27:52.437] | [0m{"@POSITION": 1, "Master": 27, "Slave": 64, "Gate": 55, "nLos": 0, "idx": 0, "LiftDeep": 0, "RedAreaH": 0, "BlueAreaH": 250, "Speed":2, "User-X":27, "User-Y":27, "User-Z":0,"Auth":9, "Trans":4}
[2025-04-25 10:27:52.618] | [0;32mTMLUWB  :RX < :RECV                :62000048 96100000 01000000 00FA0000 00010000 05000001 00000000 01CA2F00 001D0000 00640000 64000000 00000003 83000000 00000000 00000000 0E000000 00010300 01030000 00000000
[2025-04-25 10:27:52.625] | [0m[0;34mAPP     :INFO :@@@ updateKeepAlive( ): User[1] Keep alive for CA2F = 239
[2025-04-25 10:27:52.630] | [0m[0;34mAPP     :INFO :gCapSessionHandle!!!.
[2025-04-25 10:27:52.633] | [0m[0;34mAPP     :INFO :@@@ gNumberOfUserinDTPCM = 2, pRangingData->no_of_measurements = 1,i=0
[2025-04-25 10:27:52.638] | [0mKF_classify( ):  Predict_NLOS =   0, E_est =   0.03094, K =   0.08840,Measure_NLOS = 0, Classification_NLOS =   0
[2025-04-25 10:27:52.642] | [0;34mAPP     :INFO :Conten_Distance_MasterAnchor_to_CA2F=29
[2025-04-25 10:27:52.647] | [0m[0;34mAPP     :INFO :Current User ( ca2f ) status is : SystemStatus = 0 , DiscoverStatus = 4 , TransactionState = 4 , AuthenticationState = 9
[2025-04-25 10:27:52.653] | [0m[0;34mAPP     :INFO :@@@ User Speed is :( ca2f ) , 3 ,(cm/s)
[2025-04-25 10:27:52.657] | [0m[0;34mAPP     :INFO :@ b = 29, c = 64, x = 29, y = 28
[2025-04-25 10:27:52.663] | [0m[0;34mAPP     :INFO :@ a = 55, d = 55, m = 250, Gate = 55
[2025-04-25 10:27:52.668] | [0m[0;34mAPP     :INFO :No User to r or w | SystemStatus = 0
[2025-04-25 10:27:52.672] | [0m
[2025-04-25 10:27:52.675] | [0;32mTMLUWB  :RX < :RECV                :02001700 02000002 00DDDD00 00000000 007B0006 000505CA 2F4200
[2025-04-25 10:27:52.680] | [0m[0;34mAPP     :INFO :gMrmSessionHandle!!!
[2025-04-25 10:27:52.684] | [0m[0;34mAPP     :INFO :Conten_Distance_SlaveAnchor[DDDD]_to_CA2F=66
[2025-04-25 10:27:52.687] | [0m{"@POSITION": 1, "Master": 29, "Slave": 66, "Gate": 55, "nLos": 0, "idx": 0, "LiftDeep": 0, "RedAreaH": 0, "BlueAreaH": 250, "Speed":3, "User-X":29, "User-Y":28, "User-Z":0,"Auth":9, "Trans":4}
[2025-04-25 10:27:52.868] | [0;32mTMLUWB  :RX < :RECV                :62000048 97100000 01000000 00FA0000 00010000 05000001 00000000 01CA2F00 001D0000 00640000 64000000 00000003 83000000 00000000 00000000 0E000000 00010300 01030000 00000000
[2025-04-25 10:27:52.874] | [0m[0;34mAPP     :INFO :@@@ updateKeepAlive( ): User[1] Keep alive for CA2F = 239
[2025-04-25 10:27:52.879] | [0m[0;34mAPP     :INFO :gCapSessionHandle!!!.
[2025-04-25 10:27:52.884] | [0m[0;34mAPP     :INFO :@@@ gNumberOfUserinDTPCM = 2, pRangingData->no_of_measurements = 1,i=0
[2025-04-25 10:27:52.889] | [0mKF_classify( ):  Predict_NLOS =   0, E_est =   0.03094, K =   0.08840,Measure_NLOS = 0, Classification_NLOS =   0
[2025-04-25 10:27:52.895] | [0;34mAPP     :INFO :Conten_Distance_MasterAnchor_to_CA2F=29
[2025-04-25 10:27:52.900] | [0m[0;34mAPP     :INFO :Current User ( ca2f ) status is : SystemStatus = 0 , DiscoverStatus = 4 , TransactionState = 4 , AuthenticationState = 9
[2025-04-25 10:27:52.906] | [0m[0;34mAPP     :INFO :@@@ User Speed is :( ca2f ) , 5 ,(cm/s)
[2025-04-25 10:27:52.911] | [0m[0;34mAPP     :INFO :@ b = 29, c = 66, x = 31, y = 28
[2025-04-25 10:27:52.916] | [0m[0;34mAPP     :INFO :@ a = 55, d = 55, m = 250, Gate = 55
[2025-04-25 10:27:52.922] | [0m[0;34mAPP     :INFO :No User to r or w | SystemStatus = 0
[2025-04-25 10:27:52.926] | [0m
[2025-04-25 10:27:52.931] | [0;32mTMLUWB  :RX < :RECV                :02001700 02000002 00DDDD00 00000000 007C0006 000505CA 2F4100
[2025-04-25 10:27:52.935] | [0m[0;34mAPP     :INFO :gMrmSessionHandle!!!
[2025-04-25 10:27:52.940] | [0m[0;34mAPP     :INFO :Conten_Distance_SlaveAnchor[DDDD]_to_CA2F=65
[2025-04-25 10:27:52.944] | [0m{"@POSITION": 1, "Master": 29, "Slave": 65, "Gate": 55, "nLos": 0, "idx": 0, "LiftDeep": 0, "RedAreaH": 0, "BlueAreaH": 250, "Speed":5, "User-X":31, "User-Y":28, "User-Z":0,"Auth":9, "Trans":4}
[2025-04-25 10:27:53.118] | [0;32mTMLUWB  :RX < :RECV                :62000048 98100000 01000000 00FA0000 00010000 05000001 00000000 01CA2F00 001D0000 00640000 64000000 00000003 84000000 00000000 00000000 0E000000 00010300 01030000 00000000
[2025-04-25 10:27:53.125] | [0m[0;34mAPP     :INFO :@@@ updateKeepAlive( ): User[1] Keep alive for CA2F = 239
[2025-04-25 10:27:53.130] | [0m[0;34mAPP     :INFO :gCapSessionHandle!!!.
[2025-04-25 10:27:53.135] | [0m[0;34mAPP     :INFO :@@@ gNumberOfUserinDTPCM = 2, pRangingData->no_of_measurements = 1,i=0
[2025-04-25 10:27:53.140] | [0mKF_classify( ):  Predict_NLOS =   0, E_est =   0.03094, K =   0.08840,Measure_NLOS = 0, Classification_NLOS =   0
[2025-04-25 10:27:53.145] | [0;34mAPP     :INFO :Conten_Distance_MasterAnchor_to_CA2F=29
[2025-04-25 10:27:53.149] | [0m[0;34mAPP     :INFO :Current User ( ca2f ) status is : SystemStatus = 0 , DiscoverStatus = 4 , TransactionState = 4 , AuthenticationState = 9
[2025-04-25 10:27:53.154] | [0m[0;34mAPP     :INFO :@@@ User Speed is :( ca2f ) , 3 ,(cm/s)
[2025-04-25 10:27:53.159] | [0m[0;34mAPP     :INFO :@ b = 29, c = 65, x = 30, y = 28
[2025-04-25 10:27:53.163] | [0m[0;34mAPP     :INFO :@ a = 55, d = 55, m = 250, Gate = 55
[2025-04-25 10:27:53.169] | [0m[0;34mAPP     :INFO :No User to r or w | SystemStatus = 0
[2025-04-25 10:27:53.174] | [0m
[2025-04-25 10:27:53.178] | [0;32mTMLUWB  :RX < :RECV                :02001700 02000002 00DDDD00 00000000 007D0006 000505CA 2F4200
[2025-04-25 10:27:53.182] | [0m[0;34mAPP     :INFO :gMrmSessionHandle!!!
[2025-04-25 10:27:53.187] | [0m[0;34mAPP     :INFO :Conten_Distance_SlaveAnchor[DDDD]_to_CA2F=66
[2025-04-25 10:27:53.192] | [0m{"@POSITION": 1, "Master": 29, "Slave": 66, "Gate": 55, "nLos": 0, "idx": 0, "LiftDeep": 0, "RedAreaH": 0, "BlueAreaH": 250, "Speed":3, "User-X":30, "User-Y":28, "User-Z":0,"Auth":9, "Trans":4}
[2025-04-25 10:27:53.367] | [0;32mTMLUWB  :RX < :RECV                :62000048 99100000 01000000 00FA0000 00010000 05000001 00000000 01CA2F00 001E0000 00640000 64000000 00000003 87000000 00000000 00000000 0E000000 00010300 01030000 00000000
[2025-04-25 10:27:53.374] | [0m[0;34mAPP     :INFO :@@@ updateKeepAlive( ): User[1] Keep alive for CA2F = 239
[2025-04-25 10:27:53.378] | [0m[0;34mAPP     :INFO :gCapSessionHandle!!!.
[2025-04-25 10:27:53.382] | [0m[0;34mAPP     :INFO :@@@ gNumberOfUserinDTPCM = 2, pRangingData->no_of_measurements = 1,i=0
[2025-04-25 10:27:53.387] | [0mKF_classify( ):  Predict_NLOS =   0, E_est =   0.03094, K =   0.08840,Measure_NLOS = 0, Classification_NLOS =   0
[2025-04-25 10:27:53.392] | [0;34mAPP     :INFO :Conten_Distance_MasterAnchor_to_CA2F=30
[2025-04-25 10:27:53.397] | [0m[0;34mAPP     :INFO :Current User ( ca2f ) status is : SystemStatus = 0 , DiscoverStatus = 4 , TransactionState = 4 , AuthenticationState = 9
[2025-04-25 10:27:53.403] | [0m[0;34mAPP     :INFO :@@@ User Speed is :( ca2f ) , 2 ,(cm/s)
[2025-04-25 10:27:53.407] | [0m[0;34mAPP     :INFO :@ b = 30, c = 66, x = 31, y = 29
[2025-04-25 10:27:53.411] | [0m[0;34mAPP     :INFO :@ a = 55, d = 55, m = 250, Gate = 55
[2025-04-25 10:27:53.417] | [0m[0;34mAPP     :INFO :No User to r or w | SystemStatus = 0
[2025-04-25 10:27:53.421] | [0m
[2025-04-25 10:27:53.425] | [0;32mTMLUWB  :RX < :RECV                :02001700 02000002 00DDDD00 00000000 007E0006 000505CA 2F3F00
[2025-04-25 10:27:53.429] | [0m[0;34mAPP     :INFO :gMrmSessionHandle!!!
[2025-04-25 10:27:53.433] | [0m[0;34mAPP     :INFO :Conten_Distance_SlaveAnchor[DDDD]_to_CA2F=63
[2025-04-25 10:27:53.437] | [0m{"@POSITION": 1, "Master": 30, "Slave": 63, "Gate": 55, "nLos": 0, "idx": 0, "LiftDeep": 0, "RedAreaH": 0, "BlueAreaH": 250, "Speed":2, "User-X":31, "User-Y":29, "User-Z":0,"Auth":9, "Trans":4}
[2025-04-25 10:27:53.617] | [0;32mTMLUWB  :RX < :RECV                :62000048 9A100000 01000000 00FA0000 00010000 05000001 00000000 01CA2F00 001D0000 00640000 64000000 00000003 86000000 00000000 00000000 0E000000 00010300 01030000 00000000
[2025-04-25 10:27:53.623] | [0m[0;34mAPP     :INFO :@@@ updateKeepAlive( ): User[1] Keep alive for CA2F = 239
[2025-04-25 10:27:53.629] | [0m[0;34mAPP     :INFO :gCapSessionHandle!!!.
[2025-04-25 10:27:53.633] | [0m[0;34mAPP     :INFO :@@@ gNumberOfUserinDTPCM = 2, pRangingData->no_of_measurements = 1,i=0
[2025-04-25 10:27:53.639] | [0mKF_classify( ):  Predict_NLOS =   0, E_est =   0.03094, K =   0.08840,Measure_NLOS = 0, Classification_NLOS =   0
[2025-04-25 10:27:53.645] | [0;34mAPP     :INFO :Conten_Distance_MasterAnchor_to_CA2F=29
[2025-04-25 10:27:53.649] | [0m[0;34mAPP     :INFO :Current User ( ca2f ) status is : SystemStatus = 0 , DiscoverStatus = 4 , TransactionState = 4 , AuthenticationState = 9
[2025-04-25 10:27:53.655] | [0m[0;34mAPP     :INFO :@@@ User Speed is :( ca2f ) , 3 ,(cm/s)
[2025-04-25 10:27:53.659] | [0m[0;34mAPP     :INFO :@ b = 29, c = 63, x = 28, y = 28
[2025-04-25 10:27:53.663] | [0m[0;34mAPP     :INFO :@ a = 55, d = 55, m = 250, Gate = 55
[2025-04-25 10:27:53.668] | [0m[0;34mAPP     :INFO :No User to r or w | SystemStatus = 0
[2025-04-25 10:27:53.672] | [0m
[2025-04-25 10:27:53.680] | [0;32mTMLUWB  :RX < :RECV                :02001700 02000002 00DDDD00 00000000 007F0006 000505CA 2F3D00
[2025-04-25 10:27:53.685] | [0m[0;34mAPP     :INFO :gMrmSessionHandle!!!
[2025-04-25 10:27:53.690] | [0m[0;34mAPP     :INFO :Conten_Distance_SlaveAnchor[DDDD]_to_CA2F=61
[2025-04-25 10:27:53.694] | [0m{"@POSITION": 1, "Master": 29, "Slave": 61, "Gate": 55, "nLos": 0, "idx": 0, "LiftDeep": 0, "RedAreaH": 0, "BlueAreaH": 250, "Speed":3, "User-X":28, "User-Y":28, "User-Z":0,"Auth":9, "Trans":4}
